cellbender:remove-background: Command:
cellbender remove-background --cuda --input /tmp/cellbender_44651551_210/raw_feature_bc_matrix.h5 --fpr 0 --output /om/scratch/Mon/mabdel03/Tsai_Data/Cellbender_Outputs/22396591/processed_feature_bc_matrix.h5
cellbender:remove-background: CellBender 0.3.0
cellbender:remove-background: (Workflow hash 08ed0c0cef)
cellbender:remove-background: 2026-01-31 23:53:40
cellbender:remove-background: Running remove-background
cellbender:remove-background: Loading data from /tmp/cellbender_44651551_210/raw_feature_bc_matrix.h5
cellbender:remove-background: CellRanger v3 format
cellbender:remove-background: Features in dataset: 36601 Gene Expression
cellbender:remove-background: Trimming features for inference.
cellbender:remove-background: 31193 features have nonzero counts.
cellbender:remove-background: Prior on counts for cells is 9349
cellbender:remove-background: Prior on counts for empty droplets is 98
cellbender:remove-background: Excluding 10277 features that are estimated to have <= 0.1 background counts in cells.
cellbender:remove-background: Including 20916 features in the analysis.
cellbender:remove-background: Trimming barcodes for inference.
cellbender:remove-background: Excluding barcodes with counts below 49
cellbender:remove-background: Using 2732 probable cell barcodes, plus an additional 9452 barcodes, and 56431 empty droplets.
cellbender:remove-background: Largest surely-empty droplet has 126 UMI counts.
cellbender:remove-background: Attempting to unpack tarball "ckpt.tar.gz" to /tmp/tmpcktwhw0i
cellbender:remove-background: No saved checkpoint.
cellbender:remove-background: No checkpoint loaded.
cellbender:remove-background: Running inference...
cellbender:remove-background: [epoch 001]  average training loss: 9867.0412
cellbender:remove-background: [epoch 002]  average training loss: 8399.9199  (6.5 seconds per epoch)
cellbender:remove-background: Will checkpoint every 65 epochs
cellbender:remove-background: [epoch 003]  average training loss: 6928.0200
cellbender:remove-background: [epoch 004]  average training loss: 6188.7926
cellbender:remove-background: [epoch 005]  average training loss: 5778.4018
cellbender:remove-background: [epoch 005] average test loss: 5993.6583
cellbender:remove-background: [epoch 006]  average training loss: 5383.9381
cellbender:remove-background: [epoch 007]  average training loss: 5215.4139
cellbender:remove-background: [epoch 008]  average training loss: 5252.2687
cellbender:remove-background: [epoch 009]  average training loss: 5218.0031
cellbender:remove-background: [epoch 010]  average training loss: 5164.9166
cellbender:remove-background: [epoch 010] average test loss: 5044.2764
cellbender:remove-background: [epoch 011]  average training loss: 5179.7575
cellbender:remove-background: [epoch 012]  average training loss: 5132.3381
cellbender:remove-background: [epoch 013]  average training loss: 5100.6737
cellbender:remove-background: [epoch 014]  average training loss: 5099.7091
cellbender:remove-background: [epoch 015]  average training loss: 5015.2664
cellbender:remove-background: [epoch 015] average test loss: 5253.9792
cellbender:remove-background: [epoch 016]  average training loss: 4908.7388
cellbender:remove-background: [epoch 017]  average training loss: 4887.7209
cellbender:remove-background: [epoch 018]  average training loss: 4872.0245
cellbender:remove-background: [epoch 019]  average training loss: 4847.1330
cellbender:remove-background: [epoch 020]  average training loss: 4852.1348
cellbender:remove-background: [epoch 020] average test loss: 4782.0705
cellbender:remove-background: [epoch 021]  average training loss: 4835.1070
cellbender:remove-background: [epoch 022]  average training loss: 4832.6253
cellbender:remove-background: [epoch 023]  average training loss: 4825.5847
cellbender:remove-background: [epoch 024]  average training loss: 4796.4953
cellbender:remove-background: [epoch 025]  average training loss: 4803.7051
cellbender:remove-background: [epoch 025] average test loss: 4719.2113
cellbender:remove-background: [epoch 026]  average training loss: 4776.2549
cellbender:remove-background: [epoch 027]  average training loss: 4777.0460
cellbender:remove-background: [epoch 028]  average training loss: 4754.0136
cellbender:remove-background: [epoch 029]  average training loss: 4746.4630
cellbender:remove-background: [epoch 030]  average training loss: 4718.6967
cellbender:remove-background: [epoch 030] average test loss: 4602.1415
cellbender:remove-background: [epoch 031]  average training loss: 4703.1255
cellbender:remove-background: [epoch 032]  average training loss: 4688.5774
cellbender:remove-background: [epoch 033]  average training loss: 4679.0894
cellbender:remove-background: [epoch 034]  average training loss: 4658.1759
cellbender:remove-background: [epoch 035]  average training loss: 4650.5593
cellbender:remove-background: [epoch 035] average test loss: 4539.9890
cellbender:remove-background: [epoch 036]  average training loss: 4644.5112
cellbender:remove-background: [epoch 037]  average training loss: 4641.2946
cellbender:remove-background: [epoch 038]  average training loss: 4632.6171
cellbender:remove-background: [epoch 039]  average training loss: 4628.3601
cellbender:remove-background: [epoch 040]  average training loss: 4624.2300
cellbender:remove-background: [epoch 040] average test loss: 4519.4840
cellbender:remove-background: [epoch 041]  average training loss: 4621.2713
cellbender:remove-background: [epoch 042]  average training loss: 4618.3540
cellbender:remove-background: [epoch 043]  average training loss: 4616.3704
cellbender:remove-background: [epoch 044]  average training loss: 4608.4381
cellbender:remove-background: [epoch 045]  average training loss: 4602.3411
cellbender:remove-background: [epoch 045] average test loss: 4508.3502
cellbender:remove-background: [epoch 046]  average training loss: 4602.0957
cellbender:remove-background: [epoch 047]  average training loss: 4593.8156
cellbender:remove-background: [epoch 048]  average training loss: 4592.3605
cellbender:remove-background: [epoch 049]  average training loss: 4588.1323
cellbender:remove-background: [epoch 050]  average training loss: 4583.2196
cellbender:remove-background: [epoch 050] average test loss: 4488.4182
cellbender:remove-background: [epoch 051]  average training loss: 4581.2429
cellbender:remove-background: [epoch 052]  average training loss: 4578.7975
cellbender:remove-background: [epoch 053]  average training loss: 4573.5787
cellbender:remove-background: [epoch 054]  average training loss: 4570.9747
cellbender:remove-background: [epoch 055]  average training loss: 4566.6363
cellbender:remove-background: [epoch 055] average test loss: 4464.3841
cellbender:remove-background: [epoch 056]  average training loss: 4564.1734
cellbender:remove-background: [epoch 057]  average training loss: 4560.8213
cellbender:remove-background: [epoch 058]  average training loss: 4555.4185
cellbender:remove-background: [epoch 059]  average training loss: 4555.5230
cellbender:remove-background: [epoch 060]  average training loss: 4552.2547
cellbender:remove-background: [epoch 060] average test loss: 4458.1453
cellbender:remove-background: [epoch 061]  average training loss: 4552.4250
cellbender:remove-background: [epoch 062]  average training loss: 4550.5640
cellbender:remove-background: [epoch 063]  average training loss: 4548.0217
cellbender:remove-background: [epoch 064]  average training loss: 4549.3053
cellbender:remove-background: [epoch 065]  average training loss: 4547.9688
cellbender:remove-background: [epoch 065] average test loss: 4462.5557
cellbender:remove-background: Saving a checkpoint...
cellbender:remove-background: Saved checkpoint as /weka/scratch/scratch/Mon/mabdel03/Tsai_Data/Cellbender_Outputs/22396591/ckpt.tar.gz
cellbender:remove-background: [epoch 066]  average training loss: 4547.0031
cellbender:remove-background: [epoch 067]  average training loss: 4543.6509
cellbender:remove-background: [epoch 068]  average training loss: 4544.5953
cellbender:remove-background: [epoch 069]  average training loss: 4546.1347
cellbender:remove-background: [epoch 070]  average training loss: 4543.8160
cellbender:remove-background: [epoch 070] average test loss: 4446.3240
cellbender:remove-background: [epoch 071]  average training loss: 4539.9123
cellbender:remove-background: [epoch 072]  average training loss: 4542.1540
cellbender:remove-background: [epoch 073]  average training loss: 4540.0812
cellbender:remove-background: [epoch 074]  average training loss: 4536.6576
cellbender:remove-background: [epoch 075]  average training loss: 4537.4053
cellbender:remove-background: [epoch 075] average test loss: 4449.1598
cellbender:remove-background: [epoch 076]  average training loss: 4538.4881
cellbender:remove-background: [epoch 077]  average training loss: 4536.9943
cellbender:remove-background: [epoch 078]  average training loss: 4536.7131
cellbender:remove-background: [epoch 079]  average training loss: 4534.7349
cellbender:remove-background: [epoch 080]  average training loss: 4537.2592
cellbender:remove-background: [epoch 080] average test loss: 4442.4531
cellbender:remove-background: [epoch 081]  average training loss: 4531.7753
cellbender:remove-background: [epoch 082]  average training loss: 4531.1873
cellbender:remove-background: [epoch 083]  average training loss: 4528.8499
cellbender:remove-background: [epoch 084]  average training loss: 4529.6023
cellbender:remove-background: [epoch 085]  average training loss: 4526.9783
cellbender:remove-background: [epoch 085] average test loss: 4438.8257
cellbender:remove-background: [epoch 086]  average training loss: 4527.5414
cellbender:remove-background: [epoch 087]  average training loss: 4525.7387
cellbender:remove-background: [epoch 088]  average training loss: 4527.9473
cellbender:remove-background: [epoch 089]  average training loss: 4523.5464
cellbender:remove-background: [epoch 090]  average training loss: 4522.7689
cellbender:remove-background: [epoch 090] average test loss: 4439.5821
cellbender:remove-background: [epoch 091]  average training loss: 4519.8169
cellbender:remove-background: [epoch 092]  average training loss: 4523.3389
cellbender:remove-background: [epoch 093]  average training loss: 4521.1827
cellbender:remove-background: [epoch 094]  average training loss: 4516.6011
cellbender:remove-background: [epoch 095]  average training loss: 4516.5791
cellbender:remove-background: [epoch 095] average test loss: 4433.4288
cellbender:remove-background: [epoch 096]  average training loss: 4515.3690
cellbender:remove-background: [epoch 097]  average training loss: 4513.9150
cellbender:remove-background: [epoch 098]  average training loss: 4515.8520
cellbender:remove-background: [epoch 099]  average training loss: 4514.3361
cellbender:remove-background: [epoch 100]  average training loss: 4510.5057
cellbender:remove-background: [epoch 100] average test loss: 4420.5131
cellbender:remove-background: [epoch 101]  average training loss: 4507.6912
cellbender:remove-background: [epoch 102]  average training loss: 4509.7620
cellbender:remove-background: [epoch 103]  average training loss: 4508.4236
cellbender:remove-background: [epoch 104]  average training loss: 4505.7470
cellbender:remove-background: [epoch 105]  average training loss: 4506.7171
cellbender:remove-background: [epoch 105] average test loss: 4432.0921
cellbender:remove-background: [epoch 106]  average training loss: 4507.3853
cellbender:remove-background: [epoch 107]  average training loss: 4504.8023
cellbender:remove-background: [epoch 108]  average training loss: 4502.0458
cellbender:remove-background: [epoch 109]  average training loss: 4504.8449
cellbender:remove-background: [epoch 110]  average training loss: 4503.6557
cellbender:remove-background: [epoch 110] average test loss: 4427.2041
cellbender:remove-background: [epoch 111]  average training loss: 4502.8719
cellbender:remove-background: [epoch 112]  average training loss: 4501.1396
cellbender:remove-background: [epoch 113]  average training loss: 4499.4568
cellbender:remove-background: [epoch 114]  average training loss: 4500.4715
cellbender:remove-background: [epoch 115]  average training loss: 4501.6937
cellbender:remove-background: [epoch 115] average test loss: 4426.3477
cellbender:remove-background: [epoch 116]  average training loss: 4496.6058
cellbender:remove-background: [epoch 117]  average training loss: 4498.7800
cellbender:remove-background: [epoch 118]  average training loss: 4498.7243
cellbender:remove-background: [epoch 119]  average training loss: 4497.3561
cellbender:remove-background: [epoch 120]  average training loss: 4497.0964
cellbender:remove-background: [epoch 120] average test loss: 4421.0955
cellbender:remove-background: [epoch 121]  average training loss: 4496.1223
cellbender:remove-background: [epoch 122]  average training loss: 4496.7488
cellbender:remove-background: [epoch 123]  average training loss: 4493.2355
cellbender:remove-background: [epoch 124]  average training loss: 4494.0114
cellbender:remove-background: [epoch 125]  average training loss: 4493.9706
cellbender:remove-background: [epoch 125] average test loss: 4429.3443
cellbender:remove-background: [epoch 126]  average training loss: 4493.3005
cellbender:remove-background: [epoch 127]  average training loss: 4491.4654
cellbender:remove-background: [epoch 128]  average training loss: 4490.5169
cellbender:remove-background: [epoch 129]  average training loss: 4491.2505
cellbender:remove-background: [epoch 130]  average training loss: 4492.4615
cellbender:remove-background: [epoch 130] average test loss: 4422.5218
cellbender:remove-background: Saving a checkpoint...
cellbender:remove-background: Saved checkpoint as /weka/scratch/scratch/Mon/mabdel03/Tsai_Data/Cellbender_Outputs/22396591/ckpt.tar.gz
cellbender:remove-background: [epoch 131]  average training loss: 4491.0697
cellbender:remove-background: [epoch 132]  average training loss: 4490.5377
cellbender:remove-background: [epoch 133]  average training loss: 4492.9997
cellbender:remove-background: [epoch 134]  average training loss: 4490.1052
cellbender:remove-background: [epoch 135]  average training loss: 4487.5672
cellbender:remove-background: [epoch 135] average test loss: 4421.4794
cellbender:remove-background: [epoch 136]  average training loss: 4490.9911
cellbender:remove-background: [epoch 137]  average training loss: 4489.6617
cellbender:remove-background: [epoch 138]  average training loss: 4488.7018
cellbender:remove-background: [epoch 139]  average training loss: 4490.1095
cellbender:remove-background: [epoch 140]  average training loss: 4489.7686
cellbender:remove-background: [epoch 140] average test loss: 4419.1822
cellbender:remove-background: [epoch 141]  average training loss: 4489.3975
cellbender:remove-background: [epoch 142]  average training loss: 4487.6952
cellbender:remove-background: [epoch 143]  average training loss: 4488.2479
cellbender:remove-background: [epoch 144]  average training loss: 4488.5140
cellbender:remove-background: [epoch 145]  average training loss: 4488.7327
cellbender:remove-background: [epoch 145] average test loss: 4418.7616
cellbender:remove-background: [epoch 146]  average training loss: 4487.4627
cellbender:remove-background: [epoch 147]  average training loss: 4488.0240
cellbender:remove-background: [epoch 148]  average training loss: 4488.1641
cellbender:remove-background: [epoch 149]  average training loss: 4488.1031
cellbender:remove-background: [epoch 150]  average training loss: 4487.7885
cellbender:remove-background: [epoch 150] average test loss: 4413.6563
cellbender:remove-background: Saving a checkpoint...
cellbender:remove-background: Saved checkpoint as /weka/scratch/scratch/Mon/mabdel03/Tsai_Data/Cellbender_Outputs/22396591/ckpt.tar.gz
cellbender:remove-background: 2026-02-01 00:14:39
cellbender:remove-background: Inference procedure complete.
cellbender:remove-background: Attempting to unpack tarball "ckpt.tar.gz" to /tmp/tmpu4ieng7n
cellbender:remove-background: Successfully unpacked tarball to /tmp/tmpu4ieng7n
/tmp/tmpu4ieng7n/08ed0c0cef_random.pyro
/tmp/tmpu4ieng7n/08ed0c0cef_random.cuda
/tmp/tmpu4ieng7n/08ed0c0cef_model.torch
/tmp/tmpu4ieng7n/08ed0c0cef_optim.torch
/tmp/tmpu4ieng7n/08ed0c0cef_optim.pyro
/tmp/tmpu4ieng7n/08ed0c0cef_params.pyro
/tmp/tmpu4ieng7n/08ed0c0cef_train.loaderstate
/tmp/tmpu4ieng7n/08ed0c0cef_test.loaderstate
/tmp/tmpu4ieng7n/08ed0c0cef_args.npy
cellbender:remove-background: Posterior not currently included in checkpoint.
cellbender:remove-background: Computing posterior noise count probabilities in mini-batches.
cellbender:remove-background: Working on chunk (1/45)
cellbender:remove-background:     [0.04 mins per chunk]
cellbender:remove-background: Working on chunk (2/45)
cellbender:remove-background: Working on chunk (3/45)
cellbender:remove-background: Working on chunk (4/45)
cellbender:remove-background: Working on chunk (5/45)
cellbender:remove-background: Working on chunk (6/45)
cellbender:remove-background: Working on chunk (7/45)
cellbender:remove-background: Working on chunk (8/45)
cellbender:remove-background: Working on chunk (9/45)
cellbender:remove-background: Working on chunk (10/45)
cellbender:remove-background: Working on chunk (11/45)
cellbender:remove-background: Working on chunk (12/45)
cellbender:remove-background: Working on chunk (13/45)
cellbender:remove-background: Working on chunk (14/45)
cellbender:remove-background: Working on chunk (15/45)
cellbender:remove-background: Working on chunk (16/45)
cellbender:remove-background: Working on chunk (17/45)
cellbender:remove-background: Working on chunk (18/45)
cellbender:remove-background: Working on chunk (19/45)
cellbender:remove-background: Working on chunk (20/45)
cellbender:remove-background: Working on chunk (21/45)
cellbender:remove-background: Working on chunk (22/45)
cellbender:remove-background: Working on chunk (23/45)
cellbender:remove-background: Working on chunk (24/45)
cellbender:remove-background: Working on chunk (25/45)
cellbender:remove-background: Working on chunk (26/45)
cellbender:remove-background: Working on chunk (27/45)
cellbender:remove-background: Working on chunk (28/45)
cellbender:remove-background: Working on chunk (29/45)
cellbender:remove-background: Working on chunk (30/45)
cellbender:remove-background: Working on chunk (31/45)
cellbender:remove-background: Working on chunk (32/45)
cellbender:remove-background: Working on chunk (33/45)
cellbender:remove-background: Working on chunk (34/45)
cellbender:remove-background: Working on chunk (35/45)
cellbender:remove-background: Working on chunk (36/45)
cellbender:remove-background: Working on chunk (37/45)
cellbender:remove-background: Working on chunk (38/45)
cellbender:remove-background: Working on chunk (39/45)
cellbender:remove-background: Working on chunk (40/45)
cellbender:remove-background: Working on chunk (41/45)
cellbender:remove-background: Working on chunk (42/45)
cellbender:remove-background: Working on chunk (43/45)
cellbender:remove-background: Working on chunk (44/45)
cellbender:remove-background: Working on chunk (45/45)
cellbender:remove-background: Writing full posterior to /om/scratch/Mon/mabdel03/Tsai_Data/Cellbender_Outputs/22396591/processed_feature_bc_matrix_posterior.h5
Traceback (most recent call last):
  File "/om2/user/mabdel03/conda_envs/Cellbender_env/bin/cellbender", line 8, in <module>
    sys.exit(main())
  File "/om2/user/mabdel03/conda_envs/Cellbender_env/lib/python3.7/site-packages/cellbender/base_cli.py", line 118, in main
    cli_dict[args.tool].run(args)
  File "/om2/user/mabdel03/conda_envs/Cellbender_env/lib/python3.7/site-packages/cellbender/remove_background/cli.py", line 185, in run
    return main(args)
  File "/om2/user/mabdel03/conda_envs/Cellbender_env/lib/python3.7/site-packages/cellbender/remove_background/cli.py", line 230, in main
    posterior = run_remove_background(args)
  File "/om2/user/mabdel03/conda_envs/Cellbender_env/lib/python3.7/site-packages/cellbender/remove_background/run.py", line 107, in run_remove_background
    args=args,
  File "/om2/user/mabdel03/conda_envs/Cellbender_env/lib/python3.7/site-packages/cellbender/remove_background/posterior.py", line 130, in load_or_compute_posterior_and_save
    saved = posterior.save(file=posterior_file)
  File "/om2/user/mabdel03/conda_envs/Cellbender_env/lib/python3.7/site-packages/cellbender/remove_background/posterior.py", line 234, in save
    return write_posterior_coo_to_h5(output_file=file, **d)
  File "/om2/user/mabdel03/conda_envs/Cellbender_env/lib/python3.7/site-packages/cellbender/remove_background/data/io.py", line 275, in write_posterior_coo_to_h5
    title="CellBender remove-background posterior noise count probabilities"
  File "/om2/user/mabdel03/conda_envs/Cellbender_env/lib/python3.7/site-packages/tables/file.py", line 300, in open_file
    return File(filename, mode, title, root_uep, filters, **kwargs)
  File "/om2/user/mabdel03/conda_envs/Cellbender_env/lib/python3.7/site-packages/tables/file.py", line 750, in __init__
    self._g_new(filename, mode, **params)
  File "tables/hdf5extension.pyx", line 486, in tables.hdf5extension.File._g_new
tables.exceptions.HDF5ExtError: HDF5 error back trace

  File "H5F.c", line 532, in H5Fcreate
    unable to create file
  File "H5VLcallback.c", line 3282, in H5VL_file_create
    file create failed
  File "H5VLcallback.c", line 3248, in H5VL__file_create
    file create failed
  File "H5VLnative_file.c", line 63, in H5VL__native_file_create
    unable to create file
  File "H5Fint.c", line 1898, in H5F_open
    unable to lock the file
  File "H5FD.c", line 1625, in H5FD_lock
    driver lock request failed
  File "H5FDsec2.c", line 1002, in H5FD__sec2_lock
    unable to lock file, errno = 5, error message = 'Input/output error'

End of HDF5 error back trace

Unable to open/create file '/om/scratch/Mon/mabdel03/Tsai_Data/Cellbender_Outputs/22396591/processed_feature_bc_matrix_posterior.h5'
