cellbender:remove-background: Command:
cellbender remove-background --cuda --input /om/scratch/Mon/mabdel03/Tsai_Data/Cellranger_Outputs/36492755/outs/raw_feature_bc_matrix.h5 --fpr 0 --output /om/scratch/Mon/mabdel03/Tsai_Data/Cellbender_Outputs/36492755/processed_feature_bc_matrix.h5
cellbender:remove-background: CellBender 0.3.0
cellbender:remove-background: (Workflow hash 48b887e8ec)
cellbender:remove-background: 2026-02-01 19:40:35
cellbender:remove-background: Running remove-background
cellbender:remove-background: Loading data from /om/scratch/Mon/mabdel03/Tsai_Data/Cellranger_Outputs/36492755/outs/raw_feature_bc_matrix.h5
cellbender:remove-background: CellRanger v3 format
cellbender:remove-background: Features in dataset: 36601 Gene Expression
cellbender:remove-background: Trimming features for inference.
cellbender:remove-background: 31696 features have nonzero counts.
cellbender:remove-background: Prior on counts for cells is 7173
cellbender:remove-background: Prior on counts for empty droplets is 179
cellbender:remove-background: Excluding 9499 features that are estimated to have <= 0.1 background counts in cells.
cellbender:remove-background: Including 22197 features in the analysis.
cellbender:remove-background: Trimming barcodes for inference.
cellbender:remove-background: Excluding barcodes with counts below 89
cellbender:remove-background: Using 2453 probable cell barcodes, plus an additional 8161 barcodes, and 63464 empty droplets.
cellbender:remove-background: Largest surely-empty droplet has 219 UMI counts.
cellbender:remove-background: Attempting to unpack tarball "ckpt.tar.gz" to /tmp/tmpf8jm4hre
cellbender:remove-background: No saved checkpoint.
cellbender:remove-background: No checkpoint loaded.
cellbender:remove-background: Running inference...
cellbender:remove-background: [epoch 001]  average training loss: 11091.5146
cellbender:remove-background: [epoch 002]  average training loss: 9581.7705  (5.8 seconds per epoch)
cellbender:remove-background: Will checkpoint every 72 epochs
cellbender:remove-background: [epoch 003]  average training loss: 8386.3029
cellbender:remove-background: [epoch 004]  average training loss: 7551.3938
cellbender:remove-background: [epoch 005]  average training loss: 6918.2701
cellbender:remove-background: [epoch 005] average test loss: 7486.4245
cellbender:remove-background: [epoch 006]  average training loss: 6684.2039
cellbender:remove-background: [epoch 007]  average training loss: 6404.6239
cellbender:remove-background: [epoch 008]  average training loss: 6272.7568
cellbender:remove-background: [epoch 009]  average training loss: 6359.0413
cellbender:remove-background: [epoch 010]  average training loss: 6365.6561
cellbender:remove-background: [epoch 010] average test loss: 6192.0128
cellbender:remove-background: [epoch 011]  average training loss: 6299.4437
cellbender:remove-background: [epoch 012]  average training loss: 6221.0354
cellbender:remove-background: [epoch 013]  average training loss: 6272.2947
cellbender:remove-background: [epoch 014]  average training loss: 6244.3126
cellbender:remove-background: [epoch 015]  average training loss: 6103.5051
cellbender:remove-background: [epoch 015] average test loss: 6354.3851
cellbender:remove-background: [epoch 016]  average training loss: 5781.1707
cellbender:remove-background: [epoch 017]  average training loss: 5655.8446
cellbender:remove-background: [epoch 018]  average training loss: 5660.9084
cellbender:remove-background: [epoch 019]  average training loss: 5628.2292
cellbender:remove-background: [epoch 020]  average training loss: 5631.9586
cellbender:remove-background: [epoch 020] average test loss: 5612.0017
cellbender:remove-background: [epoch 021]  average training loss: 5590.0328
cellbender:remove-background: [epoch 022]  average training loss: 5575.4892
cellbender:remove-background: [epoch 023]  average training loss: 5594.8677
cellbender:remove-background: [epoch 024]  average training loss: 5557.8331
cellbender:remove-background: [epoch 025]  average training loss: 5563.8893
cellbender:remove-background: [epoch 025] average test loss: 5498.6915
cellbender:remove-background: [epoch 026]  average training loss: 5562.0246
cellbender:remove-background: [epoch 027]  average training loss: 5534.5140
cellbender:remove-background: [epoch 028]  average training loss: 5521.2375
cellbender:remove-background: [epoch 029]  average training loss: 5523.6052
cellbender:remove-background: [epoch 030]  average training loss: 5495.9131
cellbender:remove-background: [epoch 030] average test loss: 5450.0866
cellbender:remove-background: [epoch 031]  average training loss: 5493.5139
cellbender:remove-background: [epoch 032]  average training loss: 5457.2753
cellbender:remove-background: [epoch 033]  average training loss: 5445.9214
cellbender:remove-background: [epoch 034]  average training loss: 5425.2971
cellbender:remove-background: [epoch 035]  average training loss: 5426.9335
cellbender:remove-background: [epoch 035] average test loss: 5349.4955
cellbender:remove-background: [epoch 036]  average training loss: 5402.1895
cellbender:remove-background: [epoch 037]  average training loss: 5400.9193
cellbender:remove-background: [epoch 038]  average training loss: 5399.8537
cellbender:remove-background: [epoch 039]  average training loss: 5387.8582
cellbender:remove-background: [epoch 040]  average training loss: 5382.9278
cellbender:remove-background: [epoch 040] average test loss: 5363.3945
cellbender:remove-background: [epoch 041]  average training loss: 5380.6762
cellbender:remove-background: [epoch 042]  average training loss: 5378.4998
cellbender:remove-background: [epoch 043]  average training loss: 5375.1418
cellbender:remove-background: [epoch 044]  average training loss: 5376.1760
cellbender:remove-background: [epoch 045]  average training loss: 5366.8205
cellbender:remove-background: [epoch 045] average test loss: 5323.6943
cellbender:remove-background: [epoch 046]  average training loss: 5365.0595
cellbender:remove-background: [epoch 047]  average training loss: 5361.7064
cellbender:remove-background: [epoch 048]  average training loss: 5350.5306
cellbender:remove-background: [epoch 049]  average training loss: 5348.9498
cellbender:remove-background: [epoch 050]  average training loss: 5342.7330
cellbender:remove-background: [epoch 050] average test loss: 5303.9709
cellbender:remove-background: [epoch 051]  average training loss: 5340.5576
cellbender:remove-background: [epoch 052]  average training loss: 5342.5648
cellbender:remove-background: [epoch 053]  average training loss: 5337.4852
cellbender:remove-background: [epoch 054]  average training loss: 5339.5122
cellbender:remove-background: [epoch 055]  average training loss: 5338.0672
cellbender:remove-background: [epoch 055] average test loss: 5301.3823
cellbender:remove-background: [epoch 056]  average training loss: 5337.2259
cellbender:remove-background: [epoch 057]  average training loss: 5337.9023
cellbender:remove-background: [epoch 058]  average training loss: 5336.3862
cellbender:remove-background: [epoch 059]  average training loss: 5333.5008
cellbender:remove-background: [epoch 060]  average training loss: 5327.9200
cellbender:remove-background: [epoch 060] average test loss: 5277.3949
cellbender:remove-background: [epoch 061]  average training loss: 5334.6797
cellbender:remove-background: [epoch 062]  average training loss: 5329.5872
cellbender:remove-background: [epoch 063]  average training loss: 5326.7701
cellbender:remove-background: [epoch 064]  average training loss: 5327.0223
cellbender:remove-background: [epoch 065]  average training loss: 5328.7124
cellbender:remove-background: [epoch 065] average test loss: 5300.9242
cellbender:remove-background: [epoch 066]  average training loss: 5326.2733
cellbender:remove-background: [epoch 067]  average training loss: 5321.8660
cellbender:remove-background: [epoch 068]  average training loss: 5323.1209
cellbender:remove-background: [epoch 069]  average training loss: 5322.6690
cellbender:remove-background: [epoch 070]  average training loss: 5318.8773
cellbender:remove-background: [epoch 070] average test loss: 5307.7280
cellbender:remove-background: [epoch 071]  average training loss: 5321.8215
cellbender:remove-background: [epoch 072]  average training loss: 5321.1248
cellbender:remove-background: Saving a checkpoint...
cellbender:remove-background: Saved checkpoint as /weka/scratch/scratch/Mon/mabdel03/Tsai_Data/Cellbender_Outputs/36492755/ckpt.tar.gz
cellbender:remove-background: [epoch 073]  average training loss: 5313.8317
cellbender:remove-background: [epoch 074]  average training loss: 5323.1050
cellbender:remove-background: [epoch 075]  average training loss: 5314.0637
cellbender:remove-background: [epoch 075] average test loss: 5302.4680
cellbender:remove-background: [epoch 076]  average training loss: 5313.1060
cellbender:remove-background: [epoch 077]  average training loss: 5308.8874
cellbender:remove-background: [epoch 078]  average training loss: 5311.1010
cellbender:remove-background: [epoch 079]  average training loss: 5305.8224
cellbender:remove-background: [epoch 080]  average training loss: 5313.9525
cellbender:remove-background: [epoch 080] average test loss: 5270.1590
cellbender:remove-background: [epoch 081]  average training loss: 5305.5544
cellbender:remove-background: [epoch 082]  average training loss: 5304.0805
cellbender:remove-background: [epoch 083]  average training loss: 5308.1008
cellbender:remove-background: [epoch 084]  average training loss: 5307.4423
cellbender:remove-background: [epoch 085]  average training loss: 5302.8722
cellbender:remove-background: [epoch 085] average test loss: 5323.0387
cellbender:remove-background: [epoch 086]  average training loss: 5311.1066
cellbender:remove-background: [epoch 087]  average training loss: 5305.9939
cellbender:remove-background: [epoch 088]  average training loss: 5301.1898
cellbender:remove-background: [epoch 089]  average training loss: 5300.4916
cellbender:remove-background: [epoch 090]  average training loss: 5310.2591
cellbender:remove-background: [epoch 090] average test loss: 5326.0206
cellbender:remove-background: [epoch 091]  average training loss: 5314.3440
cellbender:remove-background: [epoch 092]  average training loss: 5305.2859
cellbender:remove-background: [epoch 093]  average training loss: 5303.7036
cellbender:remove-background: [epoch 094]  average training loss: 5300.8801
cellbender:remove-background: [epoch 095]  average training loss: 5304.7849
cellbender:remove-background: [epoch 095] average test loss: 5333.5010
cellbender:remove-background: [epoch 096]  average training loss: 5308.1645
cellbender:remove-background: [epoch 097]  average training loss: 5302.1318
cellbender:remove-background: [epoch 098]  average training loss: 5306.4781
cellbender:remove-background: [epoch 099]  average training loss: 5311.4455
cellbender:remove-background: [epoch 100]  average training loss: 5302.1295
cellbender:remove-background: [epoch 100] average test loss: 5307.1540
cellbender:remove-background: [epoch 101]  average training loss: 5298.3150
cellbender:remove-background: [epoch 102]  average training loss: 5302.2126
cellbender:remove-background: [epoch 103]  average training loss: 5307.5075
cellbender:remove-background: [epoch 104]  average training loss: 5295.4427
cellbender:remove-background: [epoch 105]  average training loss: 5297.8236
cellbender:remove-background: [epoch 105] average test loss: 5363.1453
cellbender:remove-background: [epoch 106]  average training loss: 5297.8101
cellbender:remove-background: [epoch 107]  average training loss: 5299.0392
cellbender:remove-background: [epoch 108]  average training loss: 5293.3886
cellbender:remove-background: [epoch 109]  average training loss: 5298.4312
cellbender:remove-background: [epoch 110]  average training loss: 5293.2399
cellbender:remove-background: [epoch 110] average test loss: 5327.8860
cellbender:remove-background: [epoch 111]  average training loss: 5296.5261
cellbender:remove-background: [epoch 112]  average training loss: 5296.5103
cellbender:remove-background: [epoch 113]  average training loss: 5292.8266
cellbender:remove-background: [epoch 114]  average training loss: 5297.8958
cellbender:remove-background: [epoch 115]  average training loss: 5294.1331
cellbender:remove-background: [epoch 115] average test loss: 5334.8656
cellbender:remove-background: [epoch 116]  average training loss: 5300.5244
cellbender:remove-background: [epoch 117]  average training loss: 5301.5149
cellbender:remove-background: [epoch 118]  average training loss: 5287.8056
cellbender:remove-background: [epoch 119]  average training loss: 5296.0173
cellbender:remove-background: [epoch 120]  average training loss: 5280.4427
cellbender:remove-background: [epoch 120] average test loss: 5357.1462
cellbender:remove-background: [epoch 121]  average training loss: 5307.7554
cellbender:remove-background: [epoch 122]  average training loss: 5288.2911
cellbender:remove-background: [epoch 123]  average training loss: 5291.5292
cellbender:remove-background: [epoch 124]  average training loss: 5288.0130
cellbender:remove-background: [epoch 125]  average training loss: 5284.4589
cellbender:remove-background: [epoch 125] average test loss: 5349.6043
cellbender:remove-background: [epoch 126]  average training loss: 5294.1187
cellbender:remove-background: [epoch 127]  average training loss: 5281.4978
cellbender:remove-background: [epoch 128]  average training loss: 5289.0583
cellbender:remove-background: [epoch 129]  average training loss: 5279.2856
cellbender:remove-background: [epoch 130]  average training loss: 5282.7745
cellbender:remove-background: [epoch 130] average test loss: 5321.7838
cellbender:remove-background: [epoch 131]  average training loss: 5283.2675
cellbender:remove-background: [epoch 132]  average training loss: 5282.8863
cellbender:remove-background: [epoch 133]  average training loss: 5281.3631
cellbender:remove-background: [epoch 134]  average training loss: 5280.0579
cellbender:remove-background: [epoch 135]  average training loss: 5289.5233
cellbender:remove-background: [epoch 135] average test loss: 5294.5653
cellbender:remove-background: [epoch 136]  average training loss: 5285.5065
cellbender:remove-background: [epoch 137]  average training loss: 5278.0769
cellbender:remove-background: [epoch 138]  average training loss: 5287.3538
cellbender:remove-background: [epoch 139]  average training loss: 5285.6715
cellbender:remove-background: [epoch 140]  average training loss: 5281.5198
cellbender:remove-background: [epoch 140] average test loss: 5327.3782
cellbender:remove-background: [epoch 141]  average training loss: 5284.9760
cellbender:remove-background: [epoch 142]  average training loss: 5286.8220
cellbender:remove-background: [epoch 143]  average training loss: 5292.1416
cellbender:remove-background: [epoch 144]  average training loss: 5287.6814
cellbender:remove-background: Saving a checkpoint...
cellbender:remove-background: Saved checkpoint as /weka/scratch/scratch/Mon/mabdel03/Tsai_Data/Cellbender_Outputs/36492755/ckpt.tar.gz
cellbender:remove-background: [epoch 145]  average training loss: 5287.9167
cellbender:remove-background: [epoch 145] average test loss: 5324.1809
cellbender:remove-background: [epoch 146]  average training loss: 5290.4054
cellbender:remove-background: [epoch 147]  average training loss: 5283.3274
cellbender:remove-background: [epoch 148]  average training loss: 5275.9856
cellbender:remove-background: [epoch 149]  average training loss: 5283.7045
cellbender:remove-background: [epoch 150]  average training loss: 5286.7747
cellbender:remove-background: [epoch 150] average test loss: 5303.8819
cellbender:remove-background: Saving a checkpoint...
cellbender:remove-background: Saved checkpoint as /weka/scratch/scratch/Mon/mabdel03/Tsai_Data/Cellbender_Outputs/36492755/ckpt.tar.gz
cellbender:remove-background: 2026-02-01 19:59:02
cellbender:remove-background: Inference procedure complete.
cellbender:remove-background: Attempting to unpack tarball "ckpt.tar.gz" to /tmp/tmpdpb5v7fm
cellbender:remove-background: Successfully unpacked tarball to /tmp/tmpdpb5v7fm
/tmp/tmpdpb5v7fm/48b887e8ec_random.pyro
/tmp/tmpdpb5v7fm/48b887e8ec_random.cuda
/tmp/tmpdpb5v7fm/48b887e8ec_model.torch
/tmp/tmpdpb5v7fm/48b887e8ec_optim.torch
/tmp/tmpdpb5v7fm/48b887e8ec_optim.pyro
/tmp/tmpdpb5v7fm/48b887e8ec_params.pyro
/tmp/tmpdpb5v7fm/48b887e8ec_train.loaderstate
/tmp/tmpdpb5v7fm/48b887e8ec_test.loaderstate
/tmp/tmpdpb5v7fm/48b887e8ec_args.npy
cellbender:remove-background: Posterior not currently included in checkpoint.
cellbender:remove-background: Computing posterior noise count probabilities in mini-batches.
cellbender:remove-background: Working on chunk (1/45)
cellbender:remove-background:     [0.05 mins per chunk]
cellbender:remove-background: Working on chunk (2/45)
cellbender:remove-background: Working on chunk (3/45)
cellbender:remove-background: Working on chunk (4/45)
cellbender:remove-background: Working on chunk (5/45)
cellbender:remove-background: Working on chunk (6/45)
cellbender:remove-background: Working on chunk (7/45)
cellbender:remove-background: Working on chunk (8/45)
cellbender:remove-background: Working on chunk (9/45)
cellbender:remove-background: Working on chunk (10/45)
cellbender:remove-background: Working on chunk (11/45)
cellbender:remove-background: Working on chunk (12/45)
cellbender:remove-background: Working on chunk (13/45)
cellbender:remove-background: Working on chunk (14/45)
cellbender:remove-background: Working on chunk (15/45)
cellbender:remove-background: Working on chunk (16/45)
cellbender:remove-background: Working on chunk (17/45)
cellbender:remove-background: Working on chunk (18/45)
cellbender:remove-background: Working on chunk (19/45)
cellbender:remove-background: Working on chunk (20/45)
cellbender:remove-background: Working on chunk (21/45)
cellbender:remove-background: Working on chunk (22/45)
cellbender:remove-background: Working on chunk (23/45)
cellbender:remove-background: Working on chunk (24/45)
cellbender:remove-background: Working on chunk (25/45)
cellbender:remove-background: Working on chunk (26/45)
cellbender:remove-background: Working on chunk (27/45)
cellbender:remove-background: Working on chunk (28/45)
cellbender:remove-background: Working on chunk (29/45)
cellbender:remove-background: Working on chunk (30/45)
cellbender:remove-background: Working on chunk (31/45)
cellbender:remove-background: Working on chunk (32/45)
cellbender:remove-background: Working on chunk (33/45)
cellbender:remove-background: Working on chunk (34/45)
cellbender:remove-background: Working on chunk (35/45)
cellbender:remove-background: Working on chunk (36/45)
cellbender:remove-background: Working on chunk (37/45)
cellbender:remove-background: Working on chunk (38/45)
cellbender:remove-background: Working on chunk (39/45)
cellbender:remove-background: Working on chunk (40/45)
cellbender:remove-background: Working on chunk (41/45)
cellbender:remove-background: Working on chunk (42/45)
cellbender:remove-background: Working on chunk (43/45)
cellbender:remove-background: Working on chunk (44/45)
cellbender:remove-background: Working on chunk (45/45)
cellbender:remove-background: Writing full posterior to /om/scratch/Mon/mabdel03/Tsai_Data/Cellbender_Outputs/36492755/processed_feature_bc_matrix_posterior.h5
cellbender:remove-background: Succeeded in writing posterior to file /om/scratch/Mon/mabdel03/Tsai_Data/Cellbender_Outputs/36492755/processed_feature_bc_matrix_posterior.h5
cellbender:remove-background: Added posterior object to checkpoint file.
cellbender:remove-background: 2026-02-01 20:04:13

cellbender:remove-background: Saved summary plots as /om/scratch/Mon/mabdel03/Tsai_Data/Cellbender_Outputs/36492755/processed_feature_bc_matrix.pdf
cellbender:remove-background: Saved cell barcodes in /om/scratch/Mon/mabdel03/Tsai_Data/Cellbender_Outputs/36492755/processed_feature_bc_matrix_cell_barcodes.csv
cellbender:remove-background: Computing target noise counts per gene for MCKP estimator
cellbender:remove-background: Using MCKP noise targets computed for FPR 0.0
cellbender:remove-background: Computing denoised counts using mckp estimator
cellbender:remove-background: Working on chunk (1/7)
cellbender:remove-background:     [2.50 mins per chunk]
cellbender:remove-background: Working on chunk (2/7)
cellbender:remove-background: Working on chunk (3/7)
cellbender:remove-background: Working on chunk (4/7)
cellbender:remove-background: Working on chunk (5/7)
cellbender:remove-background: Working on chunk (6/7)
cellbender:remove-background: Working on chunk (7/7)
cellbender:remove-background: 2026-02-01 20:22:34 Total MCKP estimation time = 1057.22 sec
cellbender:remove-background: Succeeded in writing CellRanger format output to file /om/scratch/Mon/mabdel03/Tsai_Data/Cellbender_Outputs/36492755/processed_feature_bc_matrix.h5
cellbender:remove-background: Succeeded in writing CellRanger format output to file /om/scratch/Mon/mabdel03/Tsai_Data/Cellbender_Outputs/36492755/processed_feature_bc_matrix_filtered.h5
cellbender:remove-background: Saved output metrics as /om/scratch/Mon/mabdel03/Tsai_Data/Cellbender_Outputs/36492755/processed_feature_bc_matrix_metrics.csv
[NbConvertApp] Converting notebook tmp.report.ipynb to notebook
[NbConvertApp] Writing 488620 bytes to tmp.report.nbconvert.ipynb
[NbConvertApp] Converting notebook tmp.report.nbconvert.ipynb to html
[NbConvertApp] Writing 1063307 bytes to tmp.report.nbconvert.html
cellbender:remove-background: Succeeded in writing report to /om/scratch/Mon/mabdel03/Tsai_Data/Cellbender_Outputs/36492755/processed_feature_bc_matrix_report.html
cellbender:remove-background: Completed remove-background.
cellbender:remove-background: 2026-02-01 20:23:34

