cellbender:remove-background: Command:
cellbender remove-background --cuda --input /tmp/cellbender_44652094_378/raw_feature_bc_matrix.h5 --fpr 0 --output /om/scratch/Mon/mabdel03/Tsai_Data/Cellbender_Outputs/83984043/processed_feature_bc_matrix.h5
cellbender:remove-background: CellBender 0.3.0
cellbender:remove-background: (Workflow hash 4cfb8942ed)
cellbender:remove-background: 2026-02-01 02:11:33
cellbender:remove-background: Running remove-background
cellbender:remove-background: Loading data from /tmp/cellbender_44652094_378/raw_feature_bc_matrix.h5
cellbender:remove-background: CellRanger v3 format
cellbender:remove-background: Features in dataset: 36601 Gene Expression
cellbender:remove-background: Trimming features for inference.
cellbender:remove-background: 27768 features have nonzero counts.
cellbender:remove-background: Prior on counts for cells is 1245
cellbender:remove-background: Prior on counts for empty droplets is 19
cellbender:remove-background: Excluding 9655 features that are estimated to have <= 0.1 background counts in cells.
cellbender:remove-background: Including 18113 features in the analysis.
cellbender:remove-background: Trimming barcodes for inference.
cellbender:remove-background: Excluding barcodes with counts below 9
cellbender:remove-background: Using 2735 probable cell barcodes, plus an additional 13313 barcodes, and 59650 empty droplets.
cellbender:remove-background: Largest surely-empty droplet has 24 UMI counts.
cellbender:remove-background: Attempting to unpack tarball "ckpt.tar.gz" to /tmp/tmpp4gq5y5n
cellbender:remove-background: No saved checkpoint.
cellbender:remove-background: No checkpoint loaded.
cellbender:remove-background: Running inference...
cellbender:remove-background: [epoch 001]  average training loss: 2000.8411
cellbender:remove-background: [epoch 002]  average training loss: 1771.1929  (4.7 seconds per epoch)
cellbender:remove-background: Will checkpoint every 89 epochs
cellbender:remove-background: [epoch 003]  average training loss: 1579.5327
cellbender:remove-background: [epoch 004]  average training loss: 1473.8278
cellbender:remove-background: [epoch 005]  average training loss: 1382.2688
cellbender:remove-background: [epoch 005] average test loss: 1356.4206
cellbender:remove-background: [epoch 006]  average training loss: 1356.3962
cellbender:remove-background: [epoch 007]  average training loss: 1347.2299
cellbender:remove-background: [epoch 008]  average training loss: 1338.2299
cellbender:remove-background: [epoch 009]  average training loss: 1338.6096
cellbender:remove-background: [epoch 010]  average training loss: 1327.9750
cellbender:remove-background: [epoch 010] average test loss: 1322.8510
cellbender:remove-background: [epoch 011]  average training loss: 1327.2670
cellbender:remove-background: [epoch 012]  average training loss: 1322.8114
cellbender:remove-background: [epoch 013]  average training loss: 1319.4567
cellbender:remove-background: [epoch 014]  average training loss: 1306.5340
cellbender:remove-background: [epoch 015]  average training loss: 1274.4582
cellbender:remove-background: [epoch 015] average test loss: 1242.7948
cellbender:remove-background: [epoch 016]  average training loss: 1255.6871
cellbender:remove-background: [epoch 017]  average training loss: 1254.8926
cellbender:remove-background: [epoch 018]  average training loss: 1247.8998
cellbender:remove-background: [epoch 019]  average training loss: 1244.4844
cellbender:remove-background: [epoch 020]  average training loss: 1242.2623
cellbender:remove-background: [epoch 020] average test loss: 1218.2900
cellbender:remove-background: [epoch 021]  average training loss: 1240.8014
cellbender:remove-background: [epoch 022]  average training loss: 1235.9904
cellbender:remove-background: [epoch 023]  average training loss: 1231.5620
cellbender:remove-background: [epoch 024]  average training loss: 1229.8413
cellbender:remove-background: [epoch 025]  average training loss: 1226.1663
cellbender:remove-background: [epoch 025] average test loss: 1212.5233
cellbender:remove-background: [epoch 026]  average training loss: 1222.7844
cellbender:remove-background: [epoch 027]  average training loss: 1217.8332
cellbender:remove-background: [epoch 028]  average training loss: 1214.8842
cellbender:remove-background: [epoch 029]  average training loss: 1210.9051
cellbender:remove-background: [epoch 030]  average training loss: 1209.9837
cellbender:remove-background: [epoch 030] average test loss: 1211.2744
cellbender:remove-background: [epoch 031]  average training loss: 1209.3900
cellbender:remove-background: [epoch 032]  average training loss: 1204.1953
cellbender:remove-background: [epoch 033]  average training loss: 1201.9586
cellbender:remove-background: [epoch 034]  average training loss: 1201.0130
cellbender:remove-background: [epoch 035]  average training loss: 1199.4029
cellbender:remove-background: [epoch 035] average test loss: 1192.4858
cellbender:remove-background: [epoch 036]  average training loss: 1197.7564
cellbender:remove-background: [epoch 037]  average training loss: 1198.0033
cellbender:remove-background: [epoch 038]  average training loss: 1196.3216
cellbender:remove-background: [epoch 039]  average training loss: 1195.7985
cellbender:remove-background: [epoch 040]  average training loss: 1195.0995
cellbender:remove-background: [epoch 040] average test loss: 1190.2052
cellbender:remove-background: [epoch 041]  average training loss: 1190.4662
cellbender:remove-background: [epoch 042]  average training loss: 1188.2523
cellbender:remove-background: [epoch 043]  average training loss: 1190.2686
cellbender:remove-background: [epoch 044]  average training loss: 1191.9901
cellbender:remove-background: [epoch 045]  average training loss: 1195.7604
cellbender:remove-background: [epoch 045] average test loss: 1174.4871
cellbender:remove-background: [epoch 046]  average training loss: 1189.4244
cellbender:remove-background: [epoch 047]  average training loss: 1196.5661
cellbender:remove-background: [epoch 048]  average training loss: 1190.9087
cellbender:remove-background: [epoch 049]  average training loss: 1191.6729
cellbender:remove-background: [epoch 050]  average training loss: 1187.0387
cellbender:remove-background: [epoch 050] average test loss: 1182.6823
cellbender:remove-background: [epoch 051]  average training loss: 1191.6990
cellbender:remove-background: [epoch 052]  average training loss: 1193.0870
cellbender:remove-background: [epoch 053]  average training loss: 1185.3718
cellbender:remove-background: [epoch 054]  average training loss: 1191.3268
cellbender:remove-background: [epoch 055]  average training loss: 1184.6286
cellbender:remove-background: [epoch 055] average test loss: 1187.9990
cellbender:remove-background: [epoch 056]  average training loss: 1186.8144
cellbender:remove-background: [epoch 057]  average training loss: 1185.5269
cellbender:remove-background: [epoch 058]  average training loss: 1184.1188
cellbender:remove-background: [epoch 059]  average training loss: 1181.7960
cellbender:remove-background: [epoch 060]  average training loss: 1182.6690
cellbender:remove-background: [epoch 060] average test loss: 1188.1617
cellbender:remove-background: [epoch 061]  average training loss: 1195.6737
cellbender:remove-background: [epoch 062]  average training loss: 1189.9570
cellbender:remove-background: [epoch 063]  average training loss: 1186.7884
cellbender:remove-background: [epoch 064]  average training loss: 1188.2998
cellbender:remove-background: [epoch 065]  average training loss: 1184.5775
cellbender:remove-background: [epoch 065] average test loss: 1188.0333
cellbender:remove-background: [epoch 066]  average training loss: 1185.7873
cellbender:remove-background: [epoch 067]  average training loss: 1182.0347
cellbender:remove-background: [epoch 068]  average training loss: 1181.1605
cellbender:remove-background: [epoch 069]  average training loss: 1183.4047
cellbender:remove-background: [epoch 070]  average training loss: 1184.8596
cellbender:remove-background: [epoch 070] average test loss: 1188.2861
cellbender:remove-background: [epoch 071]  average training loss: 1184.8135
cellbender:remove-background: [epoch 072]  average training loss: 1185.0986
cellbender:remove-background: [epoch 073]  average training loss: 1189.7942
cellbender:remove-background: [epoch 074]  average training loss: 1182.4789
cellbender:remove-background: [epoch 075]  average training loss: 1180.6114
cellbender:remove-background: [epoch 075] average test loss: 1199.8804
cellbender:remove-background: [epoch 076]  average training loss: 1181.5141
cellbender:remove-background: [epoch 077]  average training loss: 1186.5274
cellbender:remove-background: [epoch 078]  average training loss: 1184.1548
cellbender:remove-background: [epoch 079]  average training loss: 1181.9714
cellbender:remove-background: [epoch 080]  average training loss: 1180.6678
cellbender:remove-background: [epoch 080] average test loss: 1204.8868
cellbender:remove-background: [epoch 081]  average training loss: 1180.6484
cellbender:remove-background: [epoch 082]  average training loss: 1186.2604
cellbender:remove-background: [epoch 083]  average training loss: 1180.5657
cellbender:remove-background: [epoch 084]  average training loss: 1178.8559
cellbender:remove-background: [epoch 085]  average training loss: 1180.6805
cellbender:remove-background: [epoch 085] average test loss: 1189.7042
cellbender:remove-background: [epoch 086]  average training loss: 1178.7273
cellbender:remove-background: [epoch 087]  average training loss: 1178.8619
cellbender:remove-background: [epoch 088]  average training loss: 1177.8991
cellbender:remove-background: [epoch 089]  average training loss: 1181.8898
cellbender:remove-background: Saving a checkpoint...
cellbender:remove-background: Saved checkpoint as /weka/scratch/scratch/Mon/mabdel03/Tsai_Data/Cellbender_Outputs/83984043/ckpt.tar.gz
cellbender:remove-background: [epoch 090]  average training loss: 1184.6594
cellbender:remove-background: [epoch 090] average test loss: 1191.5417
cellbender:remove-background: [epoch 091]  average training loss: 1178.1145
cellbender:remove-background: [epoch 092]  average training loss: 1181.3003
cellbender:remove-background: [epoch 093]  average training loss: 1179.8046
cellbender:remove-background: [epoch 094]  average training loss: 1178.4237
cellbender:remove-background: [epoch 095]  average training loss: 1180.2024
cellbender:remove-background: [epoch 095] average test loss: 1195.1353
cellbender:remove-background: [epoch 096]  average training loss: 1179.4733
cellbender:remove-background: [epoch 097]  average training loss: 1180.1103
cellbender:remove-background: [epoch 098]  average training loss: 1182.0563
cellbender:remove-background: [epoch 099]  average training loss: 1181.8393
cellbender:remove-background: [epoch 100]  average training loss: 1181.7878
cellbender:remove-background: [epoch 100] average test loss: 1195.0014
cellbender:remove-background: [epoch 101]  average training loss: 1183.0685
cellbender:remove-background: [epoch 102]  average training loss: 1181.5901
cellbender:remove-background: [epoch 103]  average training loss: 1180.3158
cellbender:remove-background: [epoch 104]  average training loss: 1178.9246
cellbender:remove-background: [epoch 105]  average training loss: 1182.2637
cellbender:remove-background: [epoch 105] average test loss: 1191.7129
cellbender:remove-background: [epoch 106]  average training loss: 1179.8095
cellbender:remove-background: [epoch 107]  average training loss: 1181.5361
cellbender:remove-background: [epoch 108]  average training loss: 1181.9507
cellbender:remove-background: [epoch 109]  average training loss: 1180.2167
cellbender:remove-background: [epoch 110]  average training loss: 1181.6367
cellbender:remove-background: [epoch 110] average test loss: 1193.6617
cellbender:remove-background: [epoch 111]  average training loss: 1180.7969
cellbender:remove-background: [epoch 112]  average training loss: 1179.4710
cellbender:remove-background: [epoch 113]  average training loss: 1180.5521
cellbender:remove-background: [epoch 114]  average training loss: 1177.9880
cellbender:remove-background: [epoch 115]  average training loss: 1182.5914
cellbender:remove-background: [epoch 115] average test loss: 1207.9120
cellbender:remove-background: [epoch 116]  average training loss: 1181.4363
cellbender:remove-background: [epoch 117]  average training loss: 1179.4614
cellbender:remove-background: [epoch 118]  average training loss: 1180.2437
cellbender:remove-background: [epoch 119]  average training loss: 1178.7071
cellbender:remove-background: [epoch 120]  average training loss: 1179.4450
cellbender:remove-background: [epoch 120] average test loss: 1196.2008
cellbender:remove-background: [epoch 121]  average training loss: 1177.4497
cellbender:remove-background: [epoch 122]  average training loss: 1177.4693
cellbender:remove-background: [epoch 123]  average training loss: 1177.5065
cellbender:remove-background: [epoch 124]  average training loss: 1179.6419
cellbender:remove-background: [epoch 125]  average training loss: 1178.6889
cellbender:remove-background: [epoch 125] average test loss: 1194.5609
cellbender:remove-background: [epoch 126]  average training loss: 1178.8384
cellbender:remove-background: [epoch 127]  average training loss: 1178.2039
cellbender:remove-background: [epoch 128]  average training loss: 1178.4413
cellbender:remove-background: [epoch 129]  average training loss: 1179.7266
cellbender:remove-background: [epoch 130]  average training loss: 1179.9224
cellbender:remove-background: [epoch 130] average test loss: 1194.2304
cellbender:remove-background: [epoch 131]  average training loss: 1177.7036
cellbender:remove-background: [epoch 132]  average training loss: 1178.8163
cellbender:remove-background: [epoch 133]  average training loss: 1176.0001
cellbender:remove-background: [epoch 134]  average training loss: 1178.0210
cellbender:remove-background: [epoch 135]  average training loss: 1178.9855
cellbender:remove-background: [epoch 135] average test loss: 1202.5599
cellbender:remove-background: [epoch 136]  average training loss: 1177.2970
cellbender:remove-background: [epoch 137]  average training loss: 1176.4444
cellbender:remove-background: [epoch 138]  average training loss: 1176.0012
cellbender:remove-background: [epoch 139]  average training loss: 1177.8608
cellbender:remove-background: [epoch 140]  average training loss: 1176.2769
cellbender:remove-background: [epoch 140] average test loss: 1198.7387
cellbender:remove-background: [epoch 141]  average training loss: 1179.2970
cellbender:remove-background: [epoch 142]  average training loss: 1175.6513
cellbender:remove-background: [epoch 143]  average training loss: 1174.8238
cellbender:remove-background: [epoch 144]  average training loss: 1175.7974
cellbender:remove-background: [epoch 145]  average training loss: 1175.5122
cellbender:remove-background: [epoch 145] average test loss: 1199.6993
cellbender:remove-background: [epoch 146]  average training loss: 1174.6806
cellbender:remove-background: [epoch 147]  average training loss: 1178.2530
cellbender:remove-background: [epoch 148]  average training loss: 1176.5085
cellbender:remove-background: [epoch 149]  average training loss: 1178.2034
cellbender:remove-background: [epoch 150]  average training loss: 1175.3795
cellbender:remove-background: [epoch 150] average test loss: 1193.5354
cellbender:remove-background: Saving a checkpoint...
cellbender:remove-background: Saved checkpoint as /weka/scratch/scratch/Mon/mabdel03/Tsai_Data/Cellbender_Outputs/83984043/ckpt.tar.gz
cellbender:remove-background: 2026-02-01 02:25:16
cellbender:remove-background: Inference procedure complete.
cellbender:remove-background: Attempting to unpack tarball "ckpt.tar.gz" to /tmp/tmpmc4pjd0n
cellbender:remove-background: Successfully unpacked tarball to /tmp/tmpmc4pjd0n
/tmp/tmpmc4pjd0n/4cfb8942ed_random.pyro
/tmp/tmpmc4pjd0n/4cfb8942ed_random.cuda
/tmp/tmpmc4pjd0n/4cfb8942ed_model.torch
/tmp/tmpmc4pjd0n/4cfb8942ed_optim.torch
/tmp/tmpmc4pjd0n/4cfb8942ed_optim.pyro
/tmp/tmpmc4pjd0n/4cfb8942ed_params.pyro
/tmp/tmpmc4pjd0n/4cfb8942ed_train.loaderstate
/tmp/tmpmc4pjd0n/4cfb8942ed_test.loaderstate
/tmp/tmpmc4pjd0n/4cfb8942ed_args.npy
cellbender:remove-background: Posterior not currently included in checkpoint.
cellbender:remove-background: Computing posterior noise count probabilities in mini-batches.
cellbender:remove-background: Working on chunk (1/48)
cellbender:remove-background:     [0.03 mins per chunk]
cellbender:remove-background: Working on chunk (2/48)
cellbender:remove-background: Working on chunk (3/48)
cellbender:remove-background: Working on chunk (4/48)
cellbender:remove-background: Working on chunk (5/48)
cellbender:remove-background: Working on chunk (6/48)
cellbender:remove-background: Working on chunk (7/48)
cellbender:remove-background: Working on chunk (8/48)
cellbender:remove-background: Working on chunk (9/48)
cellbender:remove-background: Working on chunk (10/48)
cellbender:remove-background: Working on chunk (11/48)
cellbender:remove-background: Working on chunk (12/48)
cellbender:remove-background: Working on chunk (13/48)
cellbender:remove-background: Working on chunk (14/48)
cellbender:remove-background: Working on chunk (15/48)
cellbender:remove-background: Working on chunk (16/48)
cellbender:remove-background: Working on chunk (17/48)
cellbender:remove-background: Working on chunk (18/48)
cellbender:remove-background: Working on chunk (19/48)
cellbender:remove-background: Working on chunk (20/48)
cellbender:remove-background: Working on chunk (21/48)
cellbender:remove-background: Working on chunk (22/48)
cellbender:remove-background: Working on chunk (23/48)
cellbender:remove-background: Working on chunk (24/48)
cellbender:remove-background: Working on chunk (25/48)
cellbender:remove-background: Working on chunk (26/48)
cellbender:remove-background: Working on chunk (27/48)
cellbender:remove-background: Working on chunk (28/48)
cellbender:remove-background: Working on chunk (29/48)
cellbender:remove-background: Working on chunk (30/48)
cellbender:remove-background: Working on chunk (31/48)
cellbender:remove-background: Working on chunk (32/48)
cellbender:remove-background: Working on chunk (33/48)
cellbender:remove-background: Working on chunk (34/48)
cellbender:remove-background: Working on chunk (35/48)
cellbender:remove-background: Working on chunk (36/48)
cellbender:remove-background: Working on chunk (37/48)
cellbender:remove-background: Working on chunk (38/48)
cellbender:remove-background: Working on chunk (39/48)
cellbender:remove-background: Working on chunk (40/48)
cellbender:remove-background: Working on chunk (41/48)
cellbender:remove-background: Working on chunk (42/48)
cellbender:remove-background: Working on chunk (43/48)
cellbender:remove-background: Working on chunk (44/48)
cellbender:remove-background: Working on chunk (45/48)
cellbender:remove-background: Working on chunk (46/48)
cellbender:remove-background: Working on chunk (47/48)
cellbender:remove-background: Working on chunk (48/48)
cellbender:remove-background: Writing full posterior to /om/scratch/Mon/mabdel03/Tsai_Data/Cellbender_Outputs/83984043/processed_feature_bc_matrix_posterior.h5
cellbender:remove-background: Succeeded in writing posterior to file /om/scratch/Mon/mabdel03/Tsai_Data/Cellbender_Outputs/83984043/processed_feature_bc_matrix_posterior.h5
cellbender:remove-background: Added posterior object to checkpoint file.
cellbender:remove-background: 2026-02-01 02:27:58

cellbender:remove-background: Saved summary plots as /om/scratch/Mon/mabdel03/Tsai_Data/Cellbender_Outputs/83984043/processed_feature_bc_matrix.pdf
cellbender:remove-background: Saved cell barcodes in /om/scratch/Mon/mabdel03/Tsai_Data/Cellbender_Outputs/83984043/processed_feature_bc_matrix_cell_barcodes.csv
cellbender:remove-background: Computing target noise counts per gene for MCKP estimator
cellbender:remove-background: Using MCKP noise targets computed for FPR 0.0
cellbender:remove-background: Computing denoised counts using mckp estimator
cellbender:remove-background: Working on chunk (1/7)
cellbender:remove-background:     [0.43 mins per chunk]
cellbender:remove-background: Working on chunk (2/7)
cellbender:remove-background: Working on chunk (3/7)
cellbender:remove-background: Working on chunk (4/7)
cellbender:remove-background: Working on chunk (5/7)
cellbender:remove-background: Working on chunk (6/7)
cellbender:remove-background: Working on chunk (7/7)
cellbender:remove-background: 2026-02-01 02:31:08 Total MCKP estimation time = 181.23 sec
cellbender:remove-background: Succeeded in writing CellRanger format output to file /om/scratch/Mon/mabdel03/Tsai_Data/Cellbender_Outputs/83984043/processed_feature_bc_matrix.h5
cellbender:remove-background: Succeeded in writing CellRanger format output to file /om/scratch/Mon/mabdel03/Tsai_Data/Cellbender_Outputs/83984043/processed_feature_bc_matrix_filtered.h5
cellbender:remove-background: Saved output metrics as /om/scratch/Mon/mabdel03/Tsai_Data/Cellbender_Outputs/83984043/processed_feature_bc_matrix_metrics.csv
[NbConvertApp] Converting notebook tmp.report.ipynb to notebook
[NbConvertApp] Writing 571034 bytes to tmp.report.nbconvert.ipynb
[NbConvertApp] Converting notebook tmp.report.nbconvert.ipynb to html
[NbConvertApp] Writing 1145757 bytes to tmp.report.nbconvert.html
cellbender:remove-background: Succeeded in writing report to /om/scratch/Mon/mabdel03/Tsai_Data/Cellbender_Outputs/83984043/processed_feature_bc_matrix_report.html
cellbender:remove-background: Completed remove-background.
cellbender:remove-background: 2026-02-01 02:31:28

