cellbender:remove-background: Command:
cellbender remove-background --cuda --input /tmp/cellbender_44650928_140/raw_feature_bc_matrix.h5 --fpr 0 --output /om/scratch/Mon/mabdel03/Tsai_Data/Cellbender_Outputs/20399274/processed_feature_bc_matrix.h5
cellbender:remove-background: CellBender 0.3.0
cellbender:remove-background: (Workflow hash f404048673)
cellbender:remove-background: 2026-01-31 21:44:27
cellbender:remove-background: Running remove-background
cellbender:remove-background: Loading data from /tmp/cellbender_44650928_140/raw_feature_bc_matrix.h5
cellbender:remove-background: CellRanger v3 format
cellbender:remove-background: Features in dataset: 36601 Gene Expression
cellbender:remove-background: Trimming features for inference.
cellbender:remove-background: 28529 features have nonzero counts.
cellbender:remove-background: Prior on counts for cells is 2546
cellbender:remove-background: Prior on counts for empty droplets is 80
cellbender:remove-background: Excluding 6864 features that are estimated to have <= 0.1 background counts in cells.
cellbender:remove-background: Including 21665 features in the analysis.
cellbender:remove-background: Trimming barcodes for inference.
cellbender:remove-background: Excluding barcodes with counts below 40
cellbender:remove-background: Using 1767 probable cell barcodes, plus an additional 10534 barcodes, and 56575 empty droplets.
cellbender:remove-background: Largest surely-empty droplet has 89 UMI counts.
cellbender:remove-background: Attempting to unpack tarball "ckpt.tar.gz" to /tmp/tmp2coowet5
cellbender:remove-background: No saved checkpoint.
cellbender:remove-background: No checkpoint loaded.
cellbender:remove-background: Running inference...
cellbender:remove-background: [epoch 001]  average training loss: 2678.8322
cellbender:remove-background: [epoch 002]  average training loss: 2454.9742  (4.1 seconds per epoch)
cellbender:remove-background: Will checkpoint every 104 epochs
cellbender:remove-background: [epoch 003]  average training loss: 2271.0649
cellbender:remove-background: [epoch 004]  average training loss: 2145.1050
cellbender:remove-background: [epoch 005]  average training loss: 2063.8177
cellbender:remove-background: [epoch 005] average test loss: 2104.5179
cellbender:remove-background: [epoch 006]  average training loss: 1989.0760
cellbender:remove-background: [epoch 007]  average training loss: 1944.2239
cellbender:remove-background: [epoch 008]  average training loss: 1927.6353
cellbender:remove-background: [epoch 009]  average training loss: 1911.2988
cellbender:remove-background: [epoch 010]  average training loss: 1904.3715
cellbender:remove-background: [epoch 010] average test loss: 1889.6855
cellbender:remove-background: [epoch 011]  average training loss: 1902.3897
cellbender:remove-background: [epoch 012]  average training loss: 1900.3094
cellbender:remove-background: [epoch 013]  average training loss: 1896.2859
cellbender:remove-background: [epoch 014]  average training loss: 1895.0555
cellbender:remove-background: [epoch 015]  average training loss: 1893.9655
cellbender:remove-background: [epoch 015] average test loss: 1873.5258
cellbender:remove-background: [epoch 016]  average training loss: 1891.8276
cellbender:remove-background: [epoch 017]  average training loss: 1893.8965
cellbender:remove-background: [epoch 018]  average training loss: 1888.4609
cellbender:remove-background: [epoch 019]  average training loss: 1889.2119
cellbender:remove-background: [epoch 020]  average training loss: 1890.3629
cellbender:remove-background: [epoch 020] average test loss: 1871.7123
cellbender:remove-background: [epoch 021]  average training loss: 1889.0745
cellbender:remove-background: [epoch 022]  average training loss: 1890.8085
cellbender:remove-background: [epoch 023]  average training loss: 1887.3700
cellbender:remove-background: [epoch 024]  average training loss: 1886.7045
cellbender:remove-background: [epoch 025]  average training loss: 1888.0758
cellbender:remove-background: [epoch 025] average test loss: 1872.4134
cellbender:remove-background: [epoch 026]  average training loss: 1887.5924
cellbender:remove-background: [epoch 027]  average training loss: 1887.3022
cellbender:remove-background: [epoch 028]  average training loss: 1885.4109
cellbender:remove-background: [epoch 029]  average training loss: 1883.1525
cellbender:remove-background: [epoch 030]  average training loss: 1876.5694
cellbender:remove-background: [epoch 030] average test loss: 1850.5852
cellbender:remove-background: [epoch 031]  average training loss: 1868.0727
cellbender:remove-background: [epoch 032]  average training loss: 1867.1136
cellbender:remove-background: [epoch 033]  average training loss: 1868.1423
cellbender:remove-background: [epoch 034]  average training loss: 1870.3022
cellbender:remove-background: [epoch 035]  average training loss: 1868.0655
cellbender:remove-background: [epoch 035] average test loss: 1845.1181
cellbender:remove-background: [epoch 036]  average training loss: 1867.0469
cellbender:remove-background: [epoch 037]  average training loss: 1867.9654
cellbender:remove-background: [epoch 038]  average training loss: 1867.9142
cellbender:remove-background: [epoch 039]  average training loss: 1866.2366
cellbender:remove-background: [epoch 040]  average training loss: 1866.4376
cellbender:remove-background: [epoch 040] average test loss: 1841.5226
cellbender:remove-background: [epoch 041]  average training loss: 1867.3444
cellbender:remove-background: [epoch 042]  average training loss: 1869.3156
cellbender:remove-background: [epoch 043]  average training loss: 1865.6957
cellbender:remove-background: [epoch 044]  average training loss: 1867.5801
cellbender:remove-background: [epoch 045]  average training loss: 1866.2910
cellbender:remove-background: [epoch 045] average test loss: 1863.5236
cellbender:remove-background: [epoch 046]  average training loss: 1867.4640
cellbender:remove-background: [epoch 047]  average training loss: 1869.4488
cellbender:remove-background: [epoch 048]  average training loss: 1866.6866
cellbender:remove-background: [epoch 049]  average training loss: 1870.8389
cellbender:remove-background: [epoch 050]  average training loss: 1873.0029
cellbender:remove-background: [epoch 050] average test loss: 1856.1257
cellbender:remove-background: [epoch 051]  average training loss: 1875.3790
cellbender:remove-background: [epoch 052]  average training loss: 1877.7777
cellbender:remove-background: [epoch 053]  average training loss: 1886.8593
cellbender:remove-background: [epoch 054]  average training loss: 1878.0220
cellbender:remove-background: [epoch 055]  average training loss: 1889.2172
cellbender:remove-background: [epoch 055] average test loss: 1893.9015
cellbender:remove-background: [epoch 056]  average training loss: 1886.4039
cellbender:remove-background: [epoch 057]  average training loss: 1881.4355
cellbender:remove-background: [epoch 058]  average training loss: 1884.8022
cellbender:remove-background: [epoch 059]  average training loss: 1884.2862
cellbender:remove-background: [epoch 060]  average training loss: 1880.0042
cellbender:remove-background: [epoch 060] average test loss: 1886.3534
cellbender:remove-background: [epoch 061]  average training loss: 1882.7215
cellbender:remove-background: [epoch 062]  average training loss: 1883.8905
cellbender:remove-background: [epoch 063]  average training loss: 1875.5503
cellbender:remove-background: [epoch 064]  average training loss: 1884.2607
cellbender:remove-background: [epoch 065]  average training loss: 1873.9026
cellbender:remove-background: [epoch 065] average test loss: 1869.4137
cellbender:remove-background: [epoch 066]  average training loss: 1877.7537
cellbender:remove-background: [epoch 067]  average training loss: 1875.9244
cellbender:remove-background: [epoch 068]  average training loss: 1879.8261
cellbender:remove-background: [epoch 069]  average training loss: 1870.2934
cellbender:remove-background: [epoch 070]  average training loss: 1874.5753
cellbender:remove-background: [epoch 070] average test loss: 1877.8164
cellbender:remove-background: [epoch 071]  average training loss: 1875.8749
cellbender:remove-background: [epoch 072]  average training loss: 1872.9502
cellbender:remove-background: [epoch 073]  average training loss: 1875.2496
cellbender:remove-background: [epoch 074]  average training loss: 1868.9072
cellbender:remove-background: [epoch 075]  average training loss: 1883.2228
cellbender:remove-background: [epoch 075] average test loss: 1864.7313
cellbender:remove-background: [epoch 076]  average training loss: 1873.0567
cellbender:remove-background: [epoch 077]  average training loss: 1869.7734
cellbender:remove-background: [epoch 078]  average training loss: 1872.4136
cellbender:remove-background: [epoch 079]  average training loss: 1873.0514
cellbender:remove-background: [epoch 080]  average training loss: 1874.4945
cellbender:remove-background: [epoch 080] average test loss: 1845.1212
cellbender:remove-background: [epoch 081]  average training loss: 1867.0638
cellbender:remove-background: [epoch 082]  average training loss: 1870.0994
cellbender:remove-background: [epoch 083]  average training loss: 1867.8900
cellbender:remove-background: [epoch 084]  average training loss: 1867.2417
cellbender:remove-background: [epoch 085]  average training loss: 1866.1090
cellbender:remove-background: [epoch 085] average test loss: 1846.9606
cellbender:remove-background: [epoch 086]  average training loss: 1869.0821
cellbender:remove-background: [epoch 087]  average training loss: 1869.9101
cellbender:remove-background: [epoch 088]  average training loss: 1862.9203
cellbender:remove-background: [epoch 089]  average training loss: 1870.4879
cellbender:remove-background: [epoch 090]  average training loss: 1868.8029
cellbender:remove-background: [epoch 090] average test loss: 1873.7627
cellbender:remove-background: [epoch 091]  average training loss: 1878.8863
cellbender:remove-background: [epoch 092]  average training loss: 1871.5201
cellbender:remove-background: [epoch 093]  average training loss: 1874.7028
cellbender:remove-background: [epoch 094]  average training loss: 1871.2433
cellbender:remove-background: [epoch 095]  average training loss: 1879.6588
cellbender:remove-background: [epoch 095] average test loss: 1879.2692
cellbender:remove-background: [epoch 096]  average training loss: 1868.3210
cellbender:remove-background: [epoch 097]  average training loss: 1872.9554
cellbender:remove-background: [epoch 098]  average training loss: 1880.2296
cellbender:remove-background: [epoch 099]  average training loss: 1872.0615
cellbender:remove-background: [epoch 100]  average training loss: 1866.6174
cellbender:remove-background: [epoch 100] average test loss: 1847.3268
cellbender:remove-background: [epoch 101]  average training loss: 1860.9257
cellbender:remove-background: [epoch 102]  average training loss: 1866.0923
cellbender:remove-background: [epoch 103]  average training loss: 1875.3406
cellbender:remove-background: [epoch 104]  average training loss: 1870.3181
cellbender:remove-background: Saving a checkpoint...
cellbender:remove-background: Saved checkpoint as /weka/scratch/scratch/Mon/mabdel03/Tsai_Data/Cellbender_Outputs/20399274/ckpt.tar.gz
cellbender:remove-background: [epoch 105]  average training loss: 1868.6625
cellbender:remove-background: [epoch 105] average test loss: 1871.1203
cellbender:remove-background: [epoch 106]  average training loss: 1871.5632
cellbender:remove-background: [epoch 107]  average training loss: 1872.6671
cellbender:remove-background: [epoch 108]  average training loss: 1869.7483
cellbender:remove-background: [epoch 109]  average training loss: 1872.8864
cellbender:remove-background: [epoch 110]  average training loss: 1864.5492
cellbender:remove-background: [epoch 110] average test loss: 1860.3033
cellbender:remove-background: [epoch 111]  average training loss: 1874.8993
cellbender:remove-background: [epoch 112]  average training loss: 1877.2814
cellbender:remove-background: [epoch 113]  average training loss: 1864.7238
cellbender:remove-background: [epoch 114]  average training loss: 1871.5155
cellbender:remove-background: [epoch 115]  average training loss: 1868.3360
cellbender:remove-background: [epoch 115] average test loss: 1885.5089
cellbender:remove-background: [epoch 116]  average training loss: 1868.6940
cellbender:remove-background: [epoch 117]  average training loss: 1869.6262
cellbender:remove-background: [epoch 118]  average training loss: 1871.7596
cellbender:remove-background: [epoch 119]  average training loss: 1873.7737
cellbender:remove-background: [epoch 120]  average training loss: 1867.7053
cellbender:remove-background: [epoch 120] average test loss: 1893.9734
cellbender:remove-background: [epoch 121]  average training loss: 1866.6493
cellbender:remove-background: [epoch 122]  average training loss: 1870.3667
cellbender:remove-background: [epoch 123]  average training loss: 1869.8565
cellbender:remove-background: [epoch 124]  average training loss: 1870.0420
cellbender:remove-background: [epoch 125]  average training loss: 1866.2696
cellbender:remove-background: [epoch 125] average test loss: 1872.3560
cellbender:remove-background: [epoch 126]  average training loss: 1868.5428
cellbender:remove-background: [epoch 127]  average training loss: 1873.2943
cellbender:remove-background: [epoch 128]  average training loss: 1870.9416
cellbender:remove-background: [epoch 129]  average training loss: 1862.3312
cellbender:remove-background: [epoch 130]  average training loss: 1865.9682
cellbender:remove-background: [epoch 130] average test loss: 1870.5215
cellbender:remove-background: [epoch 131]  average training loss: 1861.1338
cellbender:remove-background: [epoch 132]  average training loss: 1873.4484
cellbender:remove-background: [epoch 133]  average training loss: 1863.0387
cellbender:remove-background: [epoch 134]  average training loss: 1861.8573
cellbender:remove-background: [epoch 135]  average training loss: 1866.0506
cellbender:remove-background: [epoch 135] average test loss: 1874.8673
cellbender:remove-background: [epoch 136]  average training loss: 1870.5329
cellbender:remove-background: [epoch 137]  average training loss: 1867.6093
cellbender:remove-background: [epoch 138]  average training loss: 1864.4812
cellbender:remove-background: [epoch 139]  average training loss: 1868.4115
cellbender:remove-background: [epoch 140]  average training loss: 1865.0019
cellbender:remove-background: [epoch 140] average test loss: 1891.2648
cellbender:remove-background: [epoch 141]  average training loss: 1863.4337
cellbender:remove-background: [epoch 142]  average training loss: 1863.2758
cellbender:remove-background: [epoch 143]  average training loss: 1861.0607
cellbender:remove-background: [epoch 144]  average training loss: 1861.8999
cellbender:remove-background: [epoch 145]  average training loss: 1863.5719
cellbender:remove-background: [epoch 145] average test loss: 1870.4082
cellbender:remove-background: [epoch 146]  average training loss: 1862.9148
cellbender:remove-background: [epoch 147]  average training loss: 1865.9841
cellbender:remove-background: [epoch 148]  average training loss: 1864.9199
cellbender:remove-background: [epoch 149]  average training loss: 1864.9631
cellbender:remove-background: [epoch 150]  average training loss: 1867.9141
cellbender:remove-background: [epoch 150] average test loss: 1866.7672
cellbender:remove-background: Saving a checkpoint...
cellbender:remove-background: Saved checkpoint as /weka/scratch/scratch/Mon/mabdel03/Tsai_Data/Cellbender_Outputs/20399274/ckpt.tar.gz
cellbender:remove-background: 2026-01-31 21:56:56
cellbender:remove-background: Inference procedure complete.
cellbender:remove-background: Attempting to unpack tarball "ckpt.tar.gz" to /tmp/tmp7aaajgkm
cellbender:remove-background: Successfully unpacked tarball to /tmp/tmp7aaajgkm
/tmp/tmp7aaajgkm/f404048673_random.pyro
/tmp/tmp7aaajgkm/f404048673_random.cuda
/tmp/tmp7aaajgkm/f404048673_model.torch
/tmp/tmp7aaajgkm/f404048673_optim.torch
/tmp/tmp7aaajgkm/f404048673_optim.pyro
/tmp/tmp7aaajgkm/f404048673_params.pyro
/tmp/tmp7aaajgkm/f404048673_train.loaderstate
/tmp/tmp7aaajgkm/f404048673_test.loaderstate
/tmp/tmp7aaajgkm/f404048673_args.npy
cellbender:remove-background: Posterior not currently included in checkpoint.
cellbender:remove-background: Computing posterior noise count probabilities in mini-batches.
cellbender:remove-background: Working on chunk (1/36)
cellbender:remove-background:     [0.04 mins per chunk]
cellbender:remove-background: Working on chunk (2/36)
cellbender:remove-background: Working on chunk (3/36)
cellbender:remove-background: Working on chunk (4/36)
cellbender:remove-background: Working on chunk (5/36)
cellbender:remove-background: Working on chunk (6/36)
cellbender:remove-background: Working on chunk (7/36)
cellbender:remove-background: Working on chunk (8/36)
cellbender:remove-background: Working on chunk (9/36)
cellbender:remove-background: Working on chunk (10/36)
cellbender:remove-background: Working on chunk (11/36)
cellbender:remove-background: Working on chunk (12/36)
cellbender:remove-background: Working on chunk (13/36)
cellbender:remove-background: Working on chunk (14/36)
cellbender:remove-background: Working on chunk (15/36)
cellbender:remove-background: Working on chunk (16/36)
cellbender:remove-background: Working on chunk (17/36)
cellbender:remove-background: Working on chunk (18/36)
cellbender:remove-background: Working on chunk (19/36)
cellbender:remove-background: Working on chunk (20/36)
cellbender:remove-background: Working on chunk (21/36)
cellbender:remove-background: Working on chunk (22/36)
cellbender:remove-background: Working on chunk (23/36)
cellbender:remove-background: Working on chunk (24/36)
cellbender:remove-background: Working on chunk (25/36)
cellbender:remove-background: Working on chunk (26/36)
cellbender:remove-background: Working on chunk (27/36)
cellbender:remove-background: Working on chunk (28/36)
cellbender:remove-background: Working on chunk (29/36)
cellbender:remove-background: Working on chunk (30/36)
cellbender:remove-background: Working on chunk (31/36)
cellbender:remove-background: Working on chunk (32/36)
cellbender:remove-background: Working on chunk (33/36)
cellbender:remove-background: Working on chunk (34/36)
cellbender:remove-background: Working on chunk (35/36)
cellbender:remove-background: Working on chunk (36/36)
cellbender:remove-background: Writing full posterior to /om/scratch/Mon/mabdel03/Tsai_Data/Cellbender_Outputs/20399274/processed_feature_bc_matrix_posterior.h5
cellbender:remove-background: Succeeded in writing posterior to file /om/scratch/Mon/mabdel03/Tsai_Data/Cellbender_Outputs/20399274/processed_feature_bc_matrix_posterior.h5
cellbender:remove-background: Added posterior object to checkpoint file.
cellbender:remove-background: 2026-01-31 21:59:49

cellbender:remove-background: Saved summary plots as /om/scratch/Mon/mabdel03/Tsai_Data/Cellbender_Outputs/20399274/processed_feature_bc_matrix.pdf
cellbender:remove-background: Saved cell barcodes in /om/scratch/Mon/mabdel03/Tsai_Data/Cellbender_Outputs/20399274/processed_feature_bc_matrix_cell_barcodes.csv
cellbender:remove-background: Computing target noise counts per gene for MCKP estimator
cellbender:remove-background: Using MCKP noise targets computed for FPR 0.0
cellbender:remove-background: Computing denoised counts using mckp estimator
cellbender:remove-background: Working on chunk (1/7)
cellbender:remove-background:     [0.53 mins per chunk]
cellbender:remove-background: Working on chunk (2/7)
cellbender:remove-background: Working on chunk (3/7)
cellbender:remove-background: Working on chunk (4/7)
cellbender:remove-background: Working on chunk (5/7)
cellbender:remove-background: Working on chunk (6/7)
cellbender:remove-background: Working on chunk (7/7)
cellbender:remove-background: 2026-01-31 22:03:43 Total MCKP estimation time = 222.20 sec
cellbender:remove-background: Succeeded in writing CellRanger format output to file /om/scratch/Mon/mabdel03/Tsai_Data/Cellbender_Outputs/20399274/processed_feature_bc_matrix.h5
cellbender:remove-background: Succeeded in writing CellRanger format output to file /om/scratch/Mon/mabdel03/Tsai_Data/Cellbender_Outputs/20399274/processed_feature_bc_matrix_filtered.h5
cellbender:remove-background: Saved output metrics as /om/scratch/Mon/mabdel03/Tsai_Data/Cellbender_Outputs/20399274/processed_feature_bc_matrix_metrics.csv
[NbConvertApp] Converting notebook tmp.report.ipynb to notebook
[NbConvertApp] Writing 539268 bytes to tmp.report.nbconvert.ipynb
[NbConvertApp] Converting notebook tmp.report.nbconvert.ipynb to html
[NbConvertApp] Writing 1113991 bytes to tmp.report.nbconvert.html
cellbender:remove-background: Succeeded in writing report to /om/scratch/Mon/mabdel03/Tsai_Data/Cellbender_Outputs/20399274/processed_feature_bc_matrix_report.html
cellbender:remove-background: Completed remove-background.
cellbender:remove-background: 2026-01-31 22:04:05

