cellbender:remove-background: Command:
cellbender remove-background --cuda --input /tmp/cellbender_44651704_254/raw_feature_bc_matrix.h5 --fpr 0 --output /om/scratch/Mon/mabdel03/Tsai_Data/Cellbender_Outputs/50100932/processed_feature_bc_matrix.h5
cellbender:remove-background: CellBender 0.3.0
cellbender:remove-background: (Workflow hash e06111cf85)
cellbender:remove-background: 2026-02-01 00:29:39
cellbender:remove-background: Running remove-background
cellbender:remove-background: Loading data from /tmp/cellbender_44651704_254/raw_feature_bc_matrix.h5
cellbender:remove-background: CellRanger v3 format
cellbender:remove-background: Features in dataset: 36601 Gene Expression
cellbender:remove-background: Trimming features for inference.
cellbender:remove-background: 31502 features have nonzero counts.
cellbender:remove-background: Prior on counts for cells is 10371
cellbender:remove-background: Prior on counts for empty droplets is 89
cellbender:remove-background: Excluding 9867 features that are estimated to have <= 0.1 background counts in cells.
cellbender:remove-background: Including 21635 features in the analysis.
cellbender:remove-background: Trimming barcodes for inference.
cellbender:remove-background: Excluding barcodes with counts below 44
cellbender:remove-background: Using 2700 probable cell barcodes, plus an additional 13243 barcodes, and 67964 empty droplets.
cellbender:remove-background: Largest surely-empty droplet has 108 UMI counts.
cellbender:remove-background: Attempting to unpack tarball "ckpt.tar.gz" to /tmp/tmpmrgs1b05
cellbender:remove-background: No saved checkpoint.
cellbender:remove-background: No checkpoint loaded.
cellbender:remove-background: Running inference...
cellbender:remove-background: [epoch 001]  average training loss: 9924.2602
cellbender:remove-background: [epoch 002]  average training loss: 7496.6944  (5.3 seconds per epoch)
cellbender:remove-background: Will checkpoint every 80 epochs
cellbender:remove-background: [epoch 003]  average training loss: 5791.5838
cellbender:remove-background: [epoch 004]  average training loss: 5241.7093
cellbender:remove-background: [epoch 005]  average training loss: 4785.5131
cellbender:remove-background: [epoch 005] average test loss: 4666.9989
cellbender:remove-background: [epoch 006]  average training loss: 4670.7104
cellbender:remove-background: [epoch 007]  average training loss: 4615.4263
cellbender:remove-background: [epoch 008]  average training loss: 4561.6804
cellbender:remove-background: [epoch 009]  average training loss: 4579.4117
cellbender:remove-background: [epoch 010]  average training loss: 4512.1189
cellbender:remove-background: [epoch 010] average test loss: 4468.1465
cellbender:remove-background: [epoch 011]  average training loss: 4499.4461
cellbender:remove-background: [epoch 012]  average training loss: 4450.0961
cellbender:remove-background: [epoch 013]  average training loss: 4321.2283
cellbender:remove-background: [epoch 014]  average training loss: 4269.8655
cellbender:remove-background: [epoch 015]  average training loss: 4251.0048
cellbender:remove-background: [epoch 015] average test loss: 4168.6658
cellbender:remove-background: [epoch 016]  average training loss: 4234.4787
cellbender:remove-background: [epoch 017]  average training loss: 4246.3215
cellbender:remove-background: [epoch 018]  average training loss: 4213.2871
cellbender:remove-background: [epoch 019]  average training loss: 4205.6528
cellbender:remove-background: [epoch 020]  average training loss: 4191.0899
cellbender:remove-background: [epoch 020] average test loss: 4104.3263
cellbender:remove-background: [epoch 021]  average training loss: 4209.0696
cellbender:remove-background: [epoch 022]  average training loss: 4194.3300
cellbender:remove-background: [epoch 023]  average training loss: 4173.0074
cellbender:remove-background: [epoch 024]  average training loss: 4170.2946
cellbender:remove-background: [epoch 025]  average training loss: 4155.6487
cellbender:remove-background: [epoch 025] average test loss: 4059.6310
cellbender:remove-background: [epoch 026]  average training loss: 4134.2256
cellbender:remove-background: [epoch 027]  average training loss: 4110.6877
cellbender:remove-background: [epoch 028]  average training loss: 4081.0981
cellbender:remove-background: [epoch 029]  average training loss: 4062.8891
cellbender:remove-background: [epoch 030]  average training loss: 4052.2472
cellbender:remove-background: [epoch 030] average test loss: 3971.3922
cellbender:remove-background: [epoch 031]  average training loss: 4050.1578
cellbender:remove-background: [epoch 032]  average training loss: 4037.5721
cellbender:remove-background: [epoch 033]  average training loss: 4032.4488
cellbender:remove-background: [epoch 034]  average training loss: 4027.1412
cellbender:remove-background: [epoch 035]  average training loss: 4021.8145
cellbender:remove-background: [epoch 035] average test loss: 3946.9970
cellbender:remove-background: [epoch 036]  average training loss: 4015.0380
cellbender:remove-background: [epoch 037]  average training loss: 4009.6504
cellbender:remove-background: [epoch 038]  average training loss: 4004.5604
cellbender:remove-background: [epoch 039]  average training loss: 4003.4136
cellbender:remove-background: [epoch 040]  average training loss: 3995.8069
cellbender:remove-background: [epoch 040] average test loss: 3915.2148
cellbender:remove-background: [epoch 041]  average training loss: 3991.1537
cellbender:remove-background: [epoch 042]  average training loss: 3992.6325
cellbender:remove-background: [epoch 043]  average training loss: 3986.5765
cellbender:remove-background: [epoch 044]  average training loss: 3985.8497
cellbender:remove-background: [epoch 045]  average training loss: 3983.9588
cellbender:remove-background: [epoch 045] average test loss: 3921.9640
cellbender:remove-background: [epoch 046]  average training loss: 3978.3134
cellbender:remove-background: [epoch 047]  average training loss: 3975.3032
cellbender:remove-background: [epoch 048]  average training loss: 3976.1563
cellbender:remove-background: [epoch 049]  average training loss: 3973.6612
cellbender:remove-background: [epoch 050]  average training loss: 3966.4092
cellbender:remove-background: [epoch 050] average test loss: 3895.2383
cellbender:remove-background: [epoch 051]  average training loss: 3967.0988
cellbender:remove-background: [epoch 052]  average training loss: 3964.9100
cellbender:remove-background: [epoch 053]  average training loss: 3963.3456
cellbender:remove-background: [epoch 054]  average training loss: 3960.3094
cellbender:remove-background: [epoch 055]  average training loss: 3959.4674
cellbender:remove-background: [epoch 055] average test loss: 3886.1638
cellbender:remove-background: [epoch 056]  average training loss: 3963.3418
cellbender:remove-background: [epoch 057]  average training loss: 3961.6377
cellbender:remove-background: [epoch 058]  average training loss: 3956.5117
cellbender:remove-background: [epoch 059]  average training loss: 3955.4167
cellbender:remove-background: [epoch 060]  average training loss: 3957.6534
cellbender:remove-background: [epoch 060] average test loss: 3898.0252
cellbender:remove-background: [epoch 061]  average training loss: 3955.1486
cellbender:remove-background: [epoch 062]  average training loss: 3958.7044
cellbender:remove-background: [epoch 063]  average training loss: 3955.0882
cellbender:remove-background: [epoch 064]  average training loss: 3952.1782
cellbender:remove-background: [epoch 065]  average training loss: 3954.5793
cellbender:remove-background: [epoch 065] average test loss: 3882.6906
cellbender:remove-background: [epoch 066]  average training loss: 3951.6081
cellbender:remove-background: [epoch 067]  average training loss: 3947.3065
cellbender:remove-background: [epoch 068]  average training loss: 3943.7091
cellbender:remove-background: [epoch 069]  average training loss: 3947.6455
cellbender:remove-background: [epoch 070]  average training loss: 3944.1076
cellbender:remove-background: [epoch 070] average test loss: 3866.6783
cellbender:remove-background: [epoch 071]  average training loss: 3944.0917
cellbender:remove-background: [epoch 072]  average training loss: 3939.3754
cellbender:remove-background: [epoch 073]  average training loss: 3944.6488
cellbender:remove-background: [epoch 074]  average training loss: 3937.7573
cellbender:remove-background: [epoch 075]  average training loss: 3941.4004
cellbender:remove-background: [epoch 075] average test loss: 3857.9880
cellbender:remove-background: [epoch 076]  average training loss: 3935.0746
cellbender:remove-background: [epoch 077]  average training loss: 3933.9035
cellbender:remove-background: [epoch 078]  average training loss: 3929.6888
cellbender:remove-background: [epoch 079]  average training loss: 3937.8681
cellbender:remove-background: [epoch 080]  average training loss: 3936.7671
cellbender:remove-background: [epoch 080] average test loss: 3884.1458
cellbender:remove-background: Saving a checkpoint...
cellbender:remove-background: Saved checkpoint as /weka/scratch/scratch/Mon/mabdel03/Tsai_Data/Cellbender_Outputs/50100932/ckpt.tar.gz
cellbender:remove-background: [epoch 081]  average training loss: 3929.6697
cellbender:remove-background: [epoch 082]  average training loss: 3931.7399
cellbender:remove-background: [epoch 083]  average training loss: 3938.9571
cellbender:remove-background: [epoch 084]  average training loss: 3926.4835
cellbender:remove-background: [epoch 085]  average training loss: 3927.3527
cellbender:remove-background: [epoch 085] average test loss: 3867.7676
cellbender:remove-background: [epoch 086]  average training loss: 3924.3748
cellbender:remove-background: [epoch 087]  average training loss: 3926.6711
cellbender:remove-background: [epoch 088]  average training loss: 3925.7172
cellbender:remove-background: [epoch 089]  average training loss: 3924.9772
cellbender:remove-background: [epoch 090]  average training loss: 3920.6079
cellbender:remove-background: [epoch 090] average test loss: 3855.6811
cellbender:remove-background: [epoch 091]  average training loss: 3919.0650
cellbender:remove-background: [epoch 092]  average training loss: 3921.8849
cellbender:remove-background: [epoch 093]  average training loss: 3918.5997
cellbender:remove-background: [epoch 094]  average training loss: 3914.8814
cellbender:remove-background: [epoch 095]  average training loss: 3914.8778
cellbender:remove-background: [epoch 095] average test loss: 3847.9619
cellbender:remove-background: [epoch 096]  average training loss: 3913.1513
cellbender:remove-background: [epoch 097]  average training loss: 3914.8675
cellbender:remove-background: [epoch 098]  average training loss: 3911.8114
cellbender:remove-background: [epoch 099]  average training loss: 3913.1971
cellbender:remove-background: [epoch 100]  average training loss: 3913.3520
cellbender:remove-background: [epoch 100] average test loss: 3863.7673
cellbender:remove-background: [epoch 101]  average training loss: 3910.5658
cellbender:remove-background: [epoch 102]  average training loss: 3910.5724
cellbender:remove-background: [epoch 103]  average training loss: 3910.1076
cellbender:remove-background: [epoch 104]  average training loss: 3907.2247
cellbender:remove-background: [epoch 105]  average training loss: 3908.1465
cellbender:remove-background: [epoch 105] average test loss: 3861.6382
cellbender:remove-background: [epoch 106]  average training loss: 3907.6154
cellbender:remove-background: [epoch 107]  average training loss: 3906.9726
cellbender:remove-background: [epoch 108]  average training loss: 3904.1596
cellbender:remove-background: [epoch 109]  average training loss: 3905.6564
cellbender:remove-background: [epoch 110]  average training loss: 3905.5021
cellbender:remove-background: [epoch 110] average test loss: 3852.3086
cellbender:remove-background: [epoch 111]  average training loss: 3903.5541
cellbender:remove-background: [epoch 112]  average training loss: 3905.2282
cellbender:remove-background: [epoch 113]  average training loss: 3902.1303
cellbender:remove-background: [epoch 114]  average training loss: 3902.2815
cellbender:remove-background: [epoch 115]  average training loss: 3900.5409
cellbender:remove-background: [epoch 115] average test loss: 3867.8888
cellbender:remove-background: [epoch 116]  average training loss: 3902.1257
cellbender:remove-background: [epoch 117]  average training loss: 3900.1988
cellbender:remove-background: [epoch 118]  average training loss: 3899.1043
cellbender:remove-background: [epoch 119]  average training loss: 3901.9100
cellbender:remove-background: [epoch 120]  average training loss: 3898.7446
cellbender:remove-background: [epoch 120] average test loss: 3855.2992
cellbender:remove-background: [epoch 121]  average training loss: 3895.4772
cellbender:remove-background: [epoch 122]  average training loss: 3897.3584
cellbender:remove-background: [epoch 123]  average training loss: 3897.9975
cellbender:remove-background: [epoch 124]  average training loss: 3893.7129
cellbender:remove-background: [epoch 125]  average training loss: 3896.8300
cellbender:remove-background: [epoch 125] average test loss: 3872.6688
cellbender:remove-background: [epoch 126]  average training loss: 3895.2212
cellbender:remove-background: [epoch 127]  average training loss: 3896.4743
cellbender:remove-background: [epoch 128]  average training loss: 3897.2794
cellbender:remove-background: [epoch 129]  average training loss: 3893.5019
cellbender:remove-background: [epoch 130]  average training loss: 3894.0911
cellbender:remove-background: [epoch 130] average test loss: 3855.2399
cellbender:remove-background: [epoch 131]  average training loss: 3890.9994
cellbender:remove-background: [epoch 132]  average training loss: 3895.2328
cellbender:remove-background: [epoch 133]  average training loss: 3895.4527
cellbender:remove-background: [epoch 134]  average training loss: 3892.0095
cellbender:remove-background: [epoch 135]  average training loss: 3893.6616
cellbender:remove-background: [epoch 135] average test loss: 3860.5866
cellbender:remove-background: [epoch 136]  average training loss: 3892.9592
cellbender:remove-background: [epoch 137]  average training loss: 3893.8705
cellbender:remove-background: [epoch 138]  average training loss: 3895.0436
cellbender:remove-background: [epoch 139]  average training loss: 3894.4700
cellbender:remove-background: [epoch 140]  average training loss: 3888.7138
cellbender:remove-background: [epoch 140] average test loss: 3861.8639
cellbender:remove-background: [epoch 141]  average training loss: 3888.9836
cellbender:remove-background: [epoch 142]  average training loss: 3892.7063
cellbender:remove-background: [epoch 143]  average training loss: 3892.8356
cellbender:remove-background: [epoch 144]  average training loss: 3892.5364
cellbender:remove-background: [epoch 145]  average training loss: 3891.9935
cellbender:remove-background: [epoch 145] average test loss: 3854.9234
cellbender:remove-background: [epoch 146]  average training loss: 3891.6409
cellbender:remove-background: [epoch 147]  average training loss: 3892.7996
cellbender:remove-background: [epoch 148]  average training loss: 3891.0512
cellbender:remove-background: [epoch 149]  average training loss: 3892.2948
cellbender:remove-background: [epoch 150]  average training loss: 3890.8648
cellbender:remove-background: [epoch 150] average test loss: 3863.0103
cellbender:remove-background: Saving a checkpoint...
cellbender:remove-background: Saved checkpoint as /weka/scratch/scratch/Mon/mabdel03/Tsai_Data/Cellbender_Outputs/50100932/ckpt.tar.gz
cellbender:remove-background: 2026-02-01 00:45:13
cellbender:remove-background: Inference procedure complete.
cellbender:remove-background: Attempting to unpack tarball "ckpt.tar.gz" to /tmp/tmpinb4wpqg
cellbender:remove-background: Successfully unpacked tarball to /tmp/tmpinb4wpqg
/tmp/tmpinb4wpqg/e06111cf85_random.pyro
/tmp/tmpinb4wpqg/e06111cf85_random.cuda
/tmp/tmpinb4wpqg/e06111cf85_model.torch
/tmp/tmpinb4wpqg/e06111cf85_optim.torch
/tmp/tmpinb4wpqg/e06111cf85_optim.pyro
/tmp/tmpinb4wpqg/e06111cf85_params.pyro
/tmp/tmpinb4wpqg/e06111cf85_train.loaderstate
/tmp/tmpinb4wpqg/e06111cf85_test.loaderstate
/tmp/tmpinb4wpqg/e06111cf85_args.npy
cellbender:remove-background: Posterior not currently included in checkpoint.
cellbender:remove-background: Computing posterior noise count probabilities in mini-batches.
cellbender:remove-background: Working on chunk (1/47)
cellbender:remove-background:     [0.04 mins per chunk]
cellbender:remove-background: Working on chunk (2/47)
cellbender:remove-background: Working on chunk (3/47)
cellbender:remove-background: Working on chunk (4/47)
cellbender:remove-background: Working on chunk (5/47)
cellbender:remove-background: Working on chunk (6/47)
cellbender:remove-background: Working on chunk (7/47)
cellbender:remove-background: Working on chunk (8/47)
cellbender:remove-background: Working on chunk (9/47)
cellbender:remove-background: Working on chunk (10/47)
cellbender:remove-background: Working on chunk (11/47)
cellbender:remove-background: Working on chunk (12/47)
cellbender:remove-background: Working on chunk (13/47)
cellbender:remove-background: Working on chunk (14/47)
cellbender:remove-background: Working on chunk (15/47)
cellbender:remove-background: Working on chunk (16/47)
cellbender:remove-background: Working on chunk (17/47)
cellbender:remove-background: Working on chunk (18/47)
cellbender:remove-background: Working on chunk (19/47)
cellbender:remove-background: Working on chunk (20/47)
cellbender:remove-background: Working on chunk (21/47)
cellbender:remove-background: Working on chunk (22/47)
cellbender:remove-background: Working on chunk (23/47)
cellbender:remove-background: Working on chunk (24/47)
cellbender:remove-background: Working on chunk (25/47)
cellbender:remove-background: Working on chunk (26/47)
cellbender:remove-background: Working on chunk (27/47)
cellbender:remove-background: Working on chunk (28/47)
cellbender:remove-background: Working on chunk (29/47)
cellbender:remove-background: Working on chunk (30/47)
cellbender:remove-background: Working on chunk (31/47)
cellbender:remove-background: Working on chunk (32/47)
cellbender:remove-background: Working on chunk (33/47)
cellbender:remove-background: Working on chunk (34/47)
cellbender:remove-background: Working on chunk (35/47)
cellbender:remove-background: Working on chunk (36/47)
cellbender:remove-background: Working on chunk (37/47)
cellbender:remove-background: Working on chunk (38/47)
cellbender:remove-background: Working on chunk (39/47)
cellbender:remove-background: Working on chunk (40/47)
cellbender:remove-background: Working on chunk (41/47)
cellbender:remove-background: Working on chunk (42/47)
cellbender:remove-background: Working on chunk (43/47)
cellbender:remove-background: Working on chunk (44/47)
cellbender:remove-background: Working on chunk (45/47)
cellbender:remove-background: Working on chunk (46/47)
cellbender:remove-background: Working on chunk (47/47)
cellbender:remove-background: Writing full posterior to /om/scratch/Mon/mabdel03/Tsai_Data/Cellbender_Outputs/50100932/processed_feature_bc_matrix_posterior.h5
cellbender:remove-background: Succeeded in writing posterior to file /om/scratch/Mon/mabdel03/Tsai_Data/Cellbender_Outputs/50100932/processed_feature_bc_matrix_posterior.h5
cellbender:remove-background: Added posterior object to checkpoint file.
cellbender:remove-background: 2026-02-01 00:49:31

cellbender:remove-background: Saved summary plots as /om/scratch/Mon/mabdel03/Tsai_Data/Cellbender_Outputs/50100932/processed_feature_bc_matrix.pdf
cellbender:remove-background: Saved cell barcodes in /om/scratch/Mon/mabdel03/Tsai_Data/Cellbender_Outputs/50100932/processed_feature_bc_matrix_cell_barcodes.csv
cellbender:remove-background: Computing target noise counts per gene for MCKP estimator
cellbender:remove-background: Using MCKP noise targets computed for FPR 0.0
cellbender:remove-background: Computing denoised counts using mckp estimator
cellbender:remove-background: Working on chunk (1/7)
cellbender:remove-background:     [1.86 mins per chunk]
cellbender:remove-background: Working on chunk (2/7)
cellbender:remove-background: Working on chunk (3/7)
cellbender:remove-background: Working on chunk (4/7)
cellbender:remove-background: Working on chunk (5/7)
cellbender:remove-background: Working on chunk (6/7)
cellbender:remove-background: Working on chunk (7/7)
cellbender:remove-background: 2026-02-01 01:03:23 Total MCKP estimation time = 794.90 sec
cellbender:remove-background: Succeeded in writing CellRanger format output to file /om/scratch/Mon/mabdel03/Tsai_Data/Cellbender_Outputs/50100932/processed_feature_bc_matrix.h5
cellbender:remove-background: Succeeded in writing CellRanger format output to file /om/scratch/Mon/mabdel03/Tsai_Data/Cellbender_Outputs/50100932/processed_feature_bc_matrix_filtered.h5
cellbender:remove-background: Saved output metrics as /om/scratch/Mon/mabdel03/Tsai_Data/Cellbender_Outputs/50100932/processed_feature_bc_matrix_metrics.csv
[NbConvertApp] Converting notebook tmp.report.ipynb to notebook
[NbConvertApp] Writing 515615 bytes to tmp.report.nbconvert.ipynb
[NbConvertApp] Converting notebook tmp.report.nbconvert.ipynb to html
[NbConvertApp] Writing 1090302 bytes to tmp.report.nbconvert.html
cellbender:remove-background: Succeeded in writing report to /om/scratch/Mon/mabdel03/Tsai_Data/Cellbender_Outputs/50100932/processed_feature_bc_matrix_report.html
cellbender:remove-background: Completed remove-background.
cellbender:remove-background: 2026-02-01 01:04:05

