cellbender:remove-background: Command:
cellbender remove-background --cuda --input /om/scratch/Mon/mabdel03/Tsai_Data/Cellranger_Outputs/81086436/outs/raw_feature_bc_matrix.h5 --fpr 0 --output /om/scratch/Mon/mabdel03/Tsai_Data/Cellbender_Outputs/81086436/processed_feature_bc_matrix.h5
cellbender:remove-background: CellBender 0.3.0
cellbender:remove-background: (Workflow hash d1621be854)
cellbender:remove-background: 2026-03-08 18:04:01
cellbender:remove-background: Running remove-background
cellbender:remove-background: Loading data from /om/scratch/Mon/mabdel03/Tsai_Data/Cellranger_Outputs/81086436/outs/raw_feature_bc_matrix.h5
cellbender:remove-background: CellRanger v3 format
cellbender:remove-background: Features in dataset: 36601 Gene Expression
cellbender:remove-background: Trimming features for inference.
cellbender:remove-background: 31624 features have nonzero counts.
cellbender:remove-background: Prior on counts for cells is 6314
cellbender:remove-background: Prior on counts for empty droplets is 162
cellbender:remove-background: Excluding 10330 features that are estimated to have <= 0.1 background counts in cells.
cellbender:remove-background: Including 21294 features in the analysis.
cellbender:remove-background: Trimming barcodes for inference.
cellbender:remove-background: Excluding barcodes with counts below 81
cellbender:remove-background: Using 3400 probable cell barcodes, plus an additional 11708 barcodes, and 61711 empty droplets.
cellbender:remove-background: Largest surely-empty droplet has 208 UMI counts.
cellbender:remove-background: Attempting to unpack tarball "ckpt.tar.gz" to /tmp/tmpje_to3xp
cellbender:remove-background: No saved checkpoint.
cellbender:remove-background: No checkpoint loaded.
cellbender:remove-background: Running inference...
cellbender:remove-background: [epoch 001]  average training loss: 9171.9707
cellbender:remove-background: [epoch 002]  average training loss: 7768.7255  (4.3 seconds per epoch)
cellbender:remove-background: Will checkpoint every 99 epochs
cellbender:remove-background: [epoch 003]  average training loss: 6729.5741
cellbender:remove-background: [epoch 004]  average training loss: 6228.3940
cellbender:remove-background: [epoch 005]  average training loss: 5827.0637
cellbender:remove-background: [epoch 005] average test loss: 5589.9707
cellbender:remove-background: [epoch 006]  average training loss: 5656.4966
cellbender:remove-background: [epoch 007]  average training loss: 5639.4007
cellbender:remove-background: [epoch 008]  average training loss: 5557.9502
cellbender:remove-background: [epoch 009]  average training loss: 5533.9488
cellbender:remove-background: [epoch 010]  average training loss: 5500.6388
cellbender:remove-background: [epoch 010] average test loss: 5345.9854
cellbender:remove-background: [epoch 011]  average training loss: 5479.4375
cellbender:remove-background: [epoch 012]  average training loss: 5350.6472
cellbender:remove-background: [epoch 013]  average training loss: 5199.2289
cellbender:remove-background: [epoch 014]  average training loss: 5176.0823
cellbender:remove-background: [epoch 015]  average training loss: 5142.2910
cellbender:remove-background: [epoch 015] average test loss: 5080.9123
cellbender:remove-background: [epoch 016]  average training loss: 5136.4819
cellbender:remove-background: [epoch 017]  average training loss: 5110.6824
cellbender:remove-background: [epoch 018]  average training loss: 5115.9200
cellbender:remove-background: [epoch 019]  average training loss: 5081.2563
cellbender:remove-background: [epoch 020]  average training loss: 5068.7425
cellbender:remove-background: [epoch 020] average test loss: 4976.1707
cellbender:remove-background: [epoch 021]  average training loss: 5059.9605
cellbender:remove-background: [epoch 022]  average training loss: 5062.0964
cellbender:remove-background: [epoch 023]  average training loss: 5037.2987
cellbender:remove-background: [epoch 024]  average training loss: 5007.5487
cellbender:remove-background: [epoch 025]  average training loss: 4979.5366
cellbender:remove-background: [epoch 025] average test loss: 4822.6517
cellbender:remove-background: [epoch 026]  average training loss: 4956.5448
cellbender:remove-background: [epoch 027]  average training loss: 4947.5625
cellbender:remove-background: [epoch 028]  average training loss: 4933.3052
cellbender:remove-background: [epoch 029]  average training loss: 4931.0038
cellbender:remove-background: [epoch 030]  average training loss: 4921.2944
cellbender:remove-background: [epoch 030] average test loss: 4820.6439
cellbender:remove-background: [epoch 031]  average training loss: 4920.7575
cellbender:remove-background: [epoch 032]  average training loss: 4915.7563
cellbender:remove-background: [epoch 033]  average training loss: 4914.4051
cellbender:remove-background: [epoch 034]  average training loss: 4906.8577
cellbender:remove-background: [epoch 035]  average training loss: 4905.9759
cellbender:remove-background: [epoch 035] average test loss: 4773.7813
cellbender:remove-background: [epoch 036]  average training loss: 4900.5791
cellbender:remove-background: [epoch 037]  average training loss: 4898.8389
cellbender:remove-background: [epoch 038]  average training loss: 4893.9972
cellbender:remove-background: [epoch 039]  average training loss: 4894.8197
cellbender:remove-background: [epoch 040]  average training loss: 4888.3268
cellbender:remove-background: [epoch 040] average test loss: 4761.2407
cellbender:remove-background: [epoch 041]  average training loss: 4884.7973
cellbender:remove-background: [epoch 042]  average training loss: 4880.8615
cellbender:remove-background: [epoch 043]  average training loss: 4879.2010
cellbender:remove-background: [epoch 044]  average training loss: 4877.9057
cellbender:remove-background: [epoch 045]  average training loss: 4871.2315
cellbender:remove-background: [epoch 045] average test loss: 4746.1365
cellbender:remove-background: [epoch 046]  average training loss: 4873.2618
cellbender:remove-background: [epoch 047]  average training loss: 4872.7600
cellbender:remove-background: [epoch 048]  average training loss: 4868.1933
cellbender:remove-background: [epoch 049]  average training loss: 4860.2616
cellbender:remove-background: [epoch 050]  average training loss: 4860.7230
cellbender:remove-background: [epoch 050] average test loss: 4754.5890
cellbender:remove-background: [epoch 051]  average training loss: 4857.9351
cellbender:remove-background: [epoch 052]  average training loss: 4852.7531
cellbender:remove-background: [epoch 053]  average training loss: 4854.0533
cellbender:remove-background: [epoch 054]  average training loss: 4850.8735
cellbender:remove-background: [epoch 055]  average training loss: 4852.2926
cellbender:remove-background: [epoch 055] average test loss: 4731.1741
cellbender:remove-background: [epoch 056]  average training loss: 4848.9703
cellbender:remove-background: [epoch 057]  average training loss: 4844.5824
cellbender:remove-background: [epoch 058]  average training loss: 4848.9777
cellbender:remove-background: [epoch 059]  average training loss: 4845.9374
cellbender:remove-background: [epoch 060]  average training loss: 4844.4923
cellbender:remove-background: [epoch 060] average test loss: 4779.3706
cellbender:remove-background: [epoch 061]  average training loss: 4844.5805
cellbender:remove-background: [epoch 062]  average training loss: 4843.0452
cellbender:remove-background: [epoch 063]  average training loss: 4848.9952
cellbender:remove-background: [epoch 064]  average training loss: 4844.6341
cellbender:remove-background: [epoch 065]  average training loss: 4850.1541
cellbender:remove-background: [epoch 065] average test loss: 4746.2636
cellbender:remove-background: [epoch 066]  average training loss: 4843.5359
cellbender:remove-background: [epoch 067]  average training loss: 4842.5226
cellbender:remove-background: [epoch 068]  average training loss: 4842.8145
cellbender:remove-background: [epoch 069]  average training loss: 4847.0979
cellbender:remove-background: [epoch 070]  average training loss: 4847.7893
cellbender:remove-background: [epoch 070] average test loss: 4716.6779
cellbender:remove-background: [epoch 071]  average training loss: 4838.9343
cellbender:remove-background: [epoch 072]  average training loss: 4839.3598
cellbender:remove-background: [epoch 073]  average training loss: 4842.3795
cellbender:remove-background: [epoch 074]  average training loss: 4846.4107
cellbender:remove-background: [epoch 075]  average training loss: 4848.8565
cellbender:remove-background: [epoch 075] average test loss: 4795.6008
cellbender:remove-background: [epoch 076]  average training loss: 4853.3949
cellbender:remove-background: [epoch 077]  average training loss: 4845.9773
cellbender:remove-background: [epoch 078]  average training loss: 4846.9486
cellbender:remove-background: [epoch 079]  average training loss: 4846.1514
cellbender:remove-background: [epoch 080]  average training loss: 4853.7330
cellbender:remove-background: [epoch 080] average test loss: 4768.3366
cellbender:remove-background: [epoch 081]  average training loss: 4850.7285
cellbender:remove-background: [epoch 082]  average training loss: 4856.4635
cellbender:remove-background: [epoch 083]  average training loss: 4867.8379
cellbender:remove-background: [epoch 084]  average training loss: 4847.1586
cellbender:remove-background: [epoch 085]  average training loss: 4842.6909
cellbender:remove-background: [epoch 085] average test loss: 4785.1727
cellbender:remove-background: [epoch 086]  average training loss: 4850.2559
cellbender:remove-background: [epoch 087]  average training loss: 4851.2263
cellbender:remove-background: [epoch 088]  average training loss: 4844.5163
cellbender:remove-background: [epoch 089]  average training loss: 4853.2530
cellbender:remove-background: [epoch 090]  average training loss: 4838.7364
cellbender:remove-background: [epoch 090] average test loss: 4769.7662
cellbender:remove-background: [epoch 091]  average training loss: 4855.5003
cellbender:remove-background: [epoch 092]  average training loss: 4857.6840
cellbender:remove-background: [epoch 093]  average training loss: 4867.9017
cellbender:remove-background: [epoch 094]  average training loss: 4853.1183
cellbender:remove-background: [epoch 095]  average training loss: 4839.5337
cellbender:remove-background: [epoch 095] average test loss: 4806.2322
cellbender:remove-background: [epoch 096]  average training loss: 4849.7852
cellbender:remove-background: [epoch 097]  average training loss: 4844.1353
cellbender:remove-background: [epoch 098]  average training loss: 4845.2482
cellbender:remove-background: [epoch 099]  average training loss: 4848.3612
cellbender:remove-background: Saving a checkpoint...
cellbender:remove-background: Saved checkpoint as /weka/scratch/scratch/Mon/mabdel03/Tsai_Data/Cellbender_Outputs/81086436/ckpt.tar.gz
cellbender:remove-background: [epoch 100]  average training loss: 4842.0411
cellbender:remove-background: [epoch 100] average test loss: 4755.6539
cellbender:remove-background: [epoch 101]  average training loss: 4847.5079
cellbender:remove-background: [epoch 102]  average training loss: 4846.3730
cellbender:remove-background: [epoch 103]  average training loss: 4830.8680
cellbender:remove-background: [epoch 104]  average training loss: 4825.8833
cellbender:remove-background: [epoch 105]  average training loss: 4847.7683
cellbender:remove-background: [epoch 105] average test loss: 4768.6089
cellbender:remove-background: [epoch 106]  average training loss: 4834.9884
cellbender:remove-background: [epoch 107]  average training loss: 4829.1720
cellbender:remove-background: [epoch 108]  average training loss: 4826.0897
cellbender:remove-background: [epoch 109]  average training loss: 4826.6354
cellbender:remove-background: [epoch 110]  average training loss: 4834.3906
cellbender:remove-background: [epoch 110] average test loss: 4747.1980
cellbender:remove-background: [epoch 111]  average training loss: 4826.2108
cellbender:remove-background: [epoch 112]  average training loss: 4841.7898
cellbender:remove-background: [epoch 113]  average training loss: 4826.5835
cellbender:remove-background: [epoch 114]  average training loss: 4838.3578
cellbender:remove-background: [epoch 115]  average training loss: 4848.0852
cellbender:remove-background: [epoch 115] average test loss: 4844.4896
cellbender:remove-background: [epoch 116]  average training loss: 4829.4625
cellbender:remove-background: [epoch 117]  average training loss: 4829.9404
cellbender:remove-background: [epoch 118]  average training loss: 4827.4495
cellbender:remove-background: [epoch 119]  average training loss: 4834.2999
cellbender:remove-background: [epoch 120]  average training loss: 4820.6243
cellbender:remove-background: [epoch 120] average test loss: 4772.1998
cellbender:remove-background: [epoch 121]  average training loss: 4824.2053
cellbender:remove-background: [epoch 122]  average training loss: 4816.7718
cellbender:remove-background: [epoch 123]  average training loss: 4827.2014
cellbender:remove-background: [epoch 124]  average training loss: 4818.3821
cellbender:remove-background: [epoch 125]  average training loss: 4826.5727
cellbender:remove-background: [epoch 125] average test loss: 4774.5715
cellbender:remove-background: [epoch 126]  average training loss: 4839.1224
cellbender:remove-background: [epoch 127]  average training loss: 4823.9155
cellbender:remove-background: [epoch 128]  average training loss: 4811.0161
cellbender:remove-background: [epoch 129]  average training loss: 4821.7799
cellbender:remove-background: [epoch 130]  average training loss: 4826.3323
cellbender:remove-background: [epoch 130] average test loss: 4741.3991
cellbender:remove-background: [epoch 131]  average training loss: 4798.4847
cellbender:remove-background: [epoch 132]  average training loss: 4819.4392
cellbender:remove-background: [epoch 133]  average training loss: 4816.8640
cellbender:remove-background: [epoch 134]  average training loss: 4816.3010
cellbender:remove-background: [epoch 135]  average training loss: 4809.1645
cellbender:remove-background: [epoch 135] average test loss: 4744.9382
cellbender:remove-background: [epoch 136]  average training loss: 4820.4847
cellbender:remove-background: [epoch 137]  average training loss: 4814.1411
cellbender:remove-background: [epoch 138]  average training loss: 4805.4699
cellbender:remove-background: [epoch 139]  average training loss: 4810.2245
cellbender:remove-background: [epoch 140]  average training loss: 4809.1577
cellbender:remove-background: [epoch 140] average test loss: 4772.8411
cellbender:remove-background: [epoch 141]  average training loss: 4810.0731
cellbender:remove-background: [epoch 142]  average training loss: 4811.0769
cellbender:remove-background: [epoch 143]  average training loss: 4808.9681
cellbender:remove-background: [epoch 144]  average training loss: 4827.8740
cellbender:remove-background: [epoch 145]  average training loss: 4811.0905
cellbender:remove-background: [epoch 145] average test loss: 4749.6012
cellbender:remove-background: [epoch 146]  average training loss: 4807.9245
cellbender:remove-background: [epoch 147]  average training loss: 4814.7855
cellbender:remove-background: [epoch 148]  average training loss: 4818.5085
cellbender:remove-background: [epoch 149]  average training loss: 4808.9323
cellbender:remove-background: [epoch 150]  average training loss: 4809.5942
cellbender:remove-background: [epoch 150] average test loss: 4755.7714
cellbender:remove-background: Saving a checkpoint...
cellbender:remove-background: Saved checkpoint as /weka/scratch/scratch/Mon/mabdel03/Tsai_Data/Cellbender_Outputs/81086436/ckpt.tar.gz
cellbender:remove-background: 2026-03-08 18:17:04
cellbender:remove-background: Inference procedure complete.
cellbender:remove-background: Attempting to unpack tarball "ckpt.tar.gz" to /tmp/tmp85hn3i4i
cellbender:remove-background: Successfully unpacked tarball to /tmp/tmp85hn3i4i
/tmp/tmp85hn3i4i/d1621be854_random.pyro
/tmp/tmp85hn3i4i/d1621be854_random.cuda
/tmp/tmp85hn3i4i/d1621be854_model.torch
/tmp/tmp85hn3i4i/d1621be854_optim.torch
/tmp/tmp85hn3i4i/d1621be854_optim.pyro
/tmp/tmp85hn3i4i/d1621be854_params.pyro
/tmp/tmp85hn3i4i/d1621be854_train.loaderstate
/tmp/tmp85hn3i4i/d1621be854_test.loaderstate
/tmp/tmp85hn3i4i/d1621be854_args.npy
cellbender:remove-background: Posterior not currently included in checkpoint.
cellbender:remove-background: Computing posterior noise count probabilities in mini-batches.
cellbender:remove-background: Working on chunk (1/63)
cellbender:remove-background:     [0.04 mins per chunk]
cellbender:remove-background: Working on chunk (2/63)
cellbender:remove-background: Working on chunk (3/63)
cellbender:remove-background: Working on chunk (4/63)
cellbender:remove-background: Working on chunk (5/63)
cellbender:remove-background: Working on chunk (6/63)
cellbender:remove-background: Working on chunk (7/63)
cellbender:remove-background: Working on chunk (8/63)
cellbender:remove-background: Working on chunk (9/63)
cellbender:remove-background: Working on chunk (10/63)
cellbender:remove-background: Working on chunk (11/63)
cellbender:remove-background: Working on chunk (12/63)
cellbender:remove-background: Working on chunk (13/63)
cellbender:remove-background: Working on chunk (14/63)
cellbender:remove-background: Working on chunk (15/63)
cellbender:remove-background: Working on chunk (16/63)
cellbender:remove-background: Working on chunk (17/63)
cellbender:remove-background: Working on chunk (18/63)
cellbender:remove-background: Working on chunk (19/63)
cellbender:remove-background: Working on chunk (20/63)
cellbender:remove-background: Working on chunk (21/63)
cellbender:remove-background: Working on chunk (22/63)
cellbender:remove-background: Working on chunk (23/63)
cellbender:remove-background: Working on chunk (24/63)
cellbender:remove-background: Working on chunk (25/63)
cellbender:remove-background: Working on chunk (26/63)
cellbender:remove-background: Working on chunk (27/63)
cellbender:remove-background: Working on chunk (28/63)
cellbender:remove-background: Working on chunk (29/63)
cellbender:remove-background: Working on chunk (30/63)
cellbender:remove-background: Working on chunk (31/63)
cellbender:remove-background: Working on chunk (32/63)
cellbender:remove-background: Working on chunk (33/63)
cellbender:remove-background: Working on chunk (34/63)
cellbender:remove-background: Working on chunk (35/63)
cellbender:remove-background: Working on chunk (36/63)
cellbender:remove-background: Working on chunk (37/63)
cellbender:remove-background: Working on chunk (38/63)
cellbender:remove-background: Working on chunk (39/63)
cellbender:remove-background: Working on chunk (40/63)
cellbender:remove-background: Working on chunk (41/63)
cellbender:remove-background: Working on chunk (42/63)
cellbender:remove-background: Working on chunk (43/63)
cellbender:remove-background: Working on chunk (44/63)
cellbender:remove-background: Working on chunk (45/63)
cellbender:remove-background: Working on chunk (46/63)
cellbender:remove-background: Working on chunk (47/63)
cellbender:remove-background: Working on chunk (48/63)
cellbender:remove-background: Working on chunk (49/63)
cellbender:remove-background: Working on chunk (50/63)
cellbender:remove-background: Working on chunk (51/63)
cellbender:remove-background: Working on chunk (52/63)
cellbender:remove-background: Working on chunk (53/63)
cellbender:remove-background: Working on chunk (54/63)
cellbender:remove-background: Working on chunk (55/63)
cellbender:remove-background: Working on chunk (56/63)
cellbender:remove-background: Working on chunk (57/63)
cellbender:remove-background: Working on chunk (58/63)
cellbender:remove-background: Working on chunk (59/63)
cellbender:remove-background: Working on chunk (60/63)
cellbender:remove-background: Working on chunk (61/63)
cellbender:remove-background: Working on chunk (62/63)
cellbender:remove-background: Working on chunk (63/63)
cellbender:remove-background: Writing full posterior to /om/scratch/Mon/mabdel03/Tsai_Data/Cellbender_Outputs/81086436/processed_feature_bc_matrix_posterior.h5
cellbender:remove-background: Succeeded in writing posterior to file /om/scratch/Mon/mabdel03/Tsai_Data/Cellbender_Outputs/81086436/processed_feature_bc_matrix_posterior.h5
cellbender:remove-background: Added posterior object to checkpoint file.
cellbender:remove-background: 2026-03-08 18:21:56

cellbender:remove-background: Saved summary plots as /om/scratch/Mon/mabdel03/Tsai_Data/Cellbender_Outputs/81086436/processed_feature_bc_matrix.pdf
cellbender:remove-background: Saved cell barcodes in /om/scratch/Mon/mabdel03/Tsai_Data/Cellbender_Outputs/81086436/processed_feature_bc_matrix_cell_barcodes.csv
cellbender:remove-background: Computing target noise counts per gene for MCKP estimator
cellbender:remove-background: Using MCKP noise targets computed for FPR 0.0
cellbender:remove-background: Computing denoised counts using mckp estimator
cellbender:remove-background: Working on chunk (1/7)
cellbender:remove-background:     [2.32 mins per chunk]
cellbender:remove-background: Working on chunk (2/7)
cellbender:remove-background: Working on chunk (3/7)
cellbender:remove-background: Working on chunk (4/7)
cellbender:remove-background: Working on chunk (5/7)
cellbender:remove-background: Working on chunk (6/7)
cellbender:remove-background: Working on chunk (7/7)
cellbender:remove-background: 2026-03-08 18:38:54 Total MCKP estimation time = 972.22 sec
cellbender:remove-background: Succeeded in writing CellRanger format output to file /om/scratch/Mon/mabdel03/Tsai_Data/Cellbender_Outputs/81086436/processed_feature_bc_matrix.h5
cellbender:remove-background: Succeeded in writing CellRanger format output to file /om/scratch/Mon/mabdel03/Tsai_Data/Cellbender_Outputs/81086436/processed_feature_bc_matrix_filtered.h5
cellbender:remove-background: Saved output metrics as /om/scratch/Mon/mabdel03/Tsai_Data/Cellbender_Outputs/81086436/processed_feature_bc_matrix_metrics.csv
[NbConvertApp] Converting notebook tmp.report.ipynb to notebook
[NbConvertApp] Writing 534429 bytes to tmp.report.nbconvert.ipynb
[NbConvertApp] Converting notebook tmp.report.nbconvert.ipynb to html
[NbConvertApp] Writing 1109116 bytes to tmp.report.nbconvert.html
cellbender:remove-background: Succeeded in writing report to /om/scratch/Mon/mabdel03/Tsai_Data/Cellbender_Outputs/81086436/processed_feature_bc_matrix_report.html
cellbender:remove-background: Completed remove-background.
cellbender:remove-background: 2026-03-08 18:39:39

