cellbender:remove-background: Command:
cellbender remove-background --cuda --input /tmp/cellbender_44647988_31/raw_feature_bc_matrix.h5 --fpr 0 --output /om/scratch/Mon/mabdel03/Tsai_Data/Cellbender_Outputs/10485914/processed_feature_bc_matrix.h5
cellbender:remove-background: CellBender 0.3.0
cellbender:remove-background: (Workflow hash 7f7e19590d)
cellbender:remove-background: 2026-01-31 16:26:14
cellbender:remove-background: Running remove-background
cellbender:remove-background: Loading data from /tmp/cellbender_44647988_31/raw_feature_bc_matrix.h5
cellbender:remove-background: CellRanger v3 format
cellbender:remove-background: Features in dataset: 36601 Gene Expression
cellbender:remove-background: Trimming features for inference.
cellbender:remove-background: 29594 features have nonzero counts.
cellbender:remove-background: Prior on counts for cells is 2678
cellbender:remove-background: Prior on counts for empty droplets is 48
cellbender:remove-background: Excluding 6516 features that are estimated to have <= 0.1 background counts in cells.
cellbender:remove-background: Including 23078 features in the analysis.
cellbender:remove-background: Trimming barcodes for inference.
cellbender:remove-background: Excluding barcodes with counts below 24
cellbender:remove-background: Using 1498 probable cell barcodes, plus an additional 11474 barcodes, and 64148 empty droplets.
cellbender:remove-background: Largest surely-empty droplet has 59 UMI counts.
cellbender:remove-background: Attempting to unpack tarball "ckpt.tar.gz" to /tmp/tmpk8g_wvyh
cellbender:remove-background: No saved checkpoint.
cellbender:remove-background: No checkpoint loaded.
cellbender:remove-background: Running inference...
cellbender:remove-background: [epoch 001]  average training loss: 3358.7238
cellbender:remove-background: [epoch 002]  average training loss: 2997.6360  (4.3 seconds per epoch)
cellbender:remove-background: Will checkpoint every 99 epochs
cellbender:remove-background: [epoch 003]  average training loss: 2646.7644
cellbender:remove-background: [epoch 004]  average training loss: 2431.3097
cellbender:remove-background: [epoch 005]  average training loss: 2301.9508
cellbender:remove-background: [epoch 005] average test loss: 2481.8194
cellbender:remove-background: [epoch 006]  average training loss: 2177.2900
cellbender:remove-background: [epoch 007]  average training loss: 2138.2482
cellbender:remove-background: [epoch 008]  average training loss: 2135.9568
cellbender:remove-background: [epoch 009]  average training loss: 2114.0503
cellbender:remove-background: [epoch 010]  average training loss: 2101.0814
cellbender:remove-background: [epoch 010] average test loss: 2251.8918
cellbender:remove-background: [epoch 011]  average training loss: 2109.7541
cellbender:remove-background: [epoch 012]  average training loss: 2076.0629
cellbender:remove-background: [epoch 013]  average training loss: 2086.8857
cellbender:remove-background: [epoch 014]  average training loss: 2069.9360
cellbender:remove-background: [epoch 015]  average training loss: 2051.0562
cellbender:remove-background: [epoch 015] average test loss: 2144.8609
cellbender:remove-background: [epoch 016]  average training loss: 1997.1089
cellbender:remove-background: [epoch 017]  average training loss: 1972.0220
cellbender:remove-background: [epoch 018]  average training loss: 1962.3064
cellbender:remove-background: [epoch 019]  average training loss: 1968.4036
cellbender:remove-background: [epoch 020]  average training loss: 1953.2074
cellbender:remove-background: [epoch 020] average test loss: 1992.3516
cellbender:remove-background: [epoch 021]  average training loss: 1952.1973
cellbender:remove-background: [epoch 022]  average training loss: 1928.4881
cellbender:remove-background: [epoch 023]  average training loss: 1907.3363
cellbender:remove-background: [epoch 024]  average training loss: 1904.2235
cellbender:remove-background: [epoch 025]  average training loss: 1899.5793
cellbender:remove-background: [epoch 025] average test loss: 1958.5735
cellbender:remove-background: [epoch 026]  average training loss: 1895.0905
cellbender:remove-background: [epoch 027]  average training loss: 1895.1281
cellbender:remove-background: [epoch 028]  average training loss: 1891.7262
cellbender:remove-background: [epoch 029]  average training loss: 1892.6712
cellbender:remove-background: [epoch 030]  average training loss: 1889.6928
cellbender:remove-background: [epoch 030] average test loss: 1950.9080
cellbender:remove-background: [epoch 031]  average training loss: 1891.1415
cellbender:remove-background: [epoch 032]  average training loss: 1888.8467
cellbender:remove-background: [epoch 033]  average training loss: 1892.5898
cellbender:remove-background: [epoch 034]  average training loss: 1895.2371
cellbender:remove-background: [epoch 035]  average training loss: 1889.3534
cellbender:remove-background: [epoch 035] average test loss: 1953.5118
cellbender:remove-background: [epoch 036]  average training loss: 1889.3298
cellbender:remove-background: [epoch 037]  average training loss: 1891.4591
cellbender:remove-background: [epoch 038]  average training loss: 1890.9336
cellbender:remove-background: [epoch 039]  average training loss: 1888.6808
cellbender:remove-background: [epoch 040]  average training loss: 1882.9768
cellbender:remove-background: [epoch 040] average test loss: 1940.5977
cellbender:remove-background: [epoch 041]  average training loss: 1890.5062
cellbender:remove-background: [epoch 042]  average training loss: 1887.0112
cellbender:remove-background: [epoch 043]  average training loss: 1890.8244
cellbender:remove-background: [epoch 044]  average training loss: 1890.3133
cellbender:remove-background: [epoch 045]  average training loss: 1895.5761
cellbender:remove-background: [epoch 045] average test loss: 1969.8108
cellbender:remove-background: [epoch 046]  average training loss: 1898.7907
cellbender:remove-background: [epoch 047]  average training loss: 1902.8187
cellbender:remove-background: [epoch 048]  average training loss: 1900.0917
cellbender:remove-background: [epoch 049]  average training loss: 1897.4864
cellbender:remove-background: [epoch 050]  average training loss: 1902.6244
cellbender:remove-background: [epoch 050] average test loss: 1959.3350
cellbender:remove-background: [epoch 051]  average training loss: 1900.4835
cellbender:remove-background: [epoch 052]  average training loss: 1909.8786
cellbender:remove-background: [epoch 053]  average training loss: 1906.4091
cellbender:remove-background: [epoch 054]  average training loss: 1911.4290
cellbender:remove-background: [epoch 055]  average training loss: 1918.0275
cellbender:remove-background: [epoch 055] average test loss: 2007.7662
cellbender:remove-background: [epoch 056]  average training loss: 1915.9319
cellbender:remove-background: [epoch 057]  average training loss: 1920.4592
cellbender:remove-background: [epoch 058]  average training loss: 1921.9811
cellbender:remove-background: [epoch 059]  average training loss: 1941.8844
cellbender:remove-background: [epoch 060]  average training loss: 1925.7222
cellbender:remove-background: [epoch 060] average test loss: 1980.2090
cellbender:remove-background: [epoch 061]  average training loss: 1920.4036
cellbender:remove-background: [epoch 062]  average training loss: 1948.6380
cellbender:remove-background: [epoch 063]  average training loss: 1931.4243
cellbender:remove-background: [epoch 064]  average training loss: 1949.4267
cellbender:remove-background: [epoch 065]  average training loss: 1945.4375
cellbender:remove-background: [epoch 065] average test loss: 2075.1433
cellbender:remove-background: [epoch 066]  average training loss: 1920.4886
cellbender:remove-background: [epoch 067]  average training loss: 1920.9470
cellbender:remove-background: [epoch 068]  average training loss: 1926.8394
cellbender:remove-background: [epoch 069]  average training loss: 1937.9129
cellbender:remove-background: [epoch 070]  average training loss: 1937.0029
cellbender:remove-background: [epoch 070] average test loss: 2031.9205
cellbender:remove-background: [epoch 071]  average training loss: 1929.5721
cellbender:remove-background: [epoch 072]  average training loss: 1922.7381
cellbender:remove-background: [epoch 073]  average training loss: 1937.2497
cellbender:remove-background: [epoch 074]  average training loss: 1932.8047
cellbender:remove-background: [epoch 075]  average training loss: 1929.1872
cellbender:remove-background: [epoch 075] average test loss: 1988.8747
cellbender:remove-background: [epoch 076]  average training loss: 1935.2129
cellbender:remove-background: [epoch 077]  average training loss: 1918.0137
cellbender:remove-background: [epoch 078]  average training loss: 1924.7995
cellbender:remove-background: [epoch 079]  average training loss: 1937.6514
cellbender:remove-background: [epoch 080]  average training loss: 1935.4233
cellbender:remove-background: [epoch 080] average test loss: 1976.6251
cellbender:remove-background: [epoch 081]  average training loss: 1947.8499
cellbender:remove-background: [epoch 082]  average training loss: 1915.1649
cellbender:remove-background: [epoch 083]  average training loss: 1914.5924
cellbender:remove-background: [epoch 084]  average training loss: 1921.8341
cellbender:remove-background: [epoch 085]  average training loss: 1911.5470
cellbender:remove-background: [epoch 085] average test loss: 1987.2264
cellbender:remove-background: [epoch 086]  average training loss: 1920.4764
cellbender:remove-background: [epoch 087]  average training loss: 1913.1977
cellbender:remove-background: [epoch 088]  average training loss: 1913.6681
cellbender:remove-background: [epoch 089]  average training loss: 1913.6754
cellbender:remove-background: [epoch 090]  average training loss: 1916.7061
cellbender:remove-background: [epoch 090] average test loss: 1984.3788
cellbender:remove-background: [epoch 091]  average training loss: 1912.5429
cellbender:remove-background: [epoch 092]  average training loss: 1919.5244
cellbender:remove-background: [epoch 093]  average training loss: 1911.0978
cellbender:remove-background: [epoch 094]  average training loss: 1908.3949
cellbender:remove-background: [epoch 095]  average training loss: 1918.3607
cellbender:remove-background: [epoch 095] average test loss: 2018.2351
cellbender:remove-background: [epoch 096]  average training loss: 1918.0233
cellbender:remove-background: [epoch 097]  average training loss: 1913.6920
cellbender:remove-background: [epoch 098]  average training loss: 1917.0798
cellbender:remove-background: [epoch 099]  average training loss: 1910.2909
cellbender:remove-background: Saving a checkpoint...
cellbender:remove-background: Saved checkpoint as /weka/scratch/scratch/Mon/mabdel03/Tsai_Data/Cellbender_Outputs/10485914/ckpt.tar.gz
cellbender:remove-background: [epoch 100]  average training loss: 1898.7630
cellbender:remove-background: [epoch 100] average test loss: 1982.2476
cellbender:remove-background: [epoch 101]  average training loss: 1916.3493
cellbender:remove-background: [epoch 102]  average training loss: 1918.4243
cellbender:remove-background: [epoch 103]  average training loss: 1908.0375
cellbender:remove-background: [epoch 104]  average training loss: 1915.4497
cellbender:remove-background: [epoch 105]  average training loss: 1926.9316
cellbender:remove-background: [epoch 105] average test loss: 1978.3484
cellbender:remove-background: [epoch 106]  average training loss: 1913.0156
cellbender:remove-background: [epoch 107]  average training loss: 1905.1732
cellbender:remove-background: [epoch 108]  average training loss: 1912.2713
cellbender:remove-background: [epoch 109]  average training loss: 1905.2174
cellbender:remove-background: [epoch 110]  average training loss: 1917.0832
cellbender:remove-background: [epoch 110] average test loss: 1998.1938
cellbender:remove-background: [epoch 111]  average training loss: 1918.0019
cellbender:remove-background: [epoch 112]  average training loss: 1905.1044
cellbender:remove-background: [epoch 113]  average training loss: 1921.2383
cellbender:remove-background: [epoch 114]  average training loss: 1909.7416
cellbender:remove-background: [epoch 115]  average training loss: 1910.5034
cellbender:remove-background: [epoch 115] average test loss: 2041.0601
cellbender:remove-background: [epoch 116]  average training loss: 1910.2727
cellbender:remove-background: [epoch 117]  average training loss: 1914.3607
cellbender:remove-background: [epoch 118]  average training loss: 1899.0857
cellbender:remove-background: [epoch 119]  average training loss: 1909.9955
cellbender:remove-background: [epoch 120]  average training loss: 1908.8245
cellbender:remove-background: [epoch 120] average test loss: 2024.5176
cellbender:remove-background: [epoch 121]  average training loss: 1910.2279
cellbender:remove-background: [epoch 122]  average training loss: 1908.1767
cellbender:remove-background: [epoch 123]  average training loss: 1903.5923
cellbender:remove-background: [epoch 124]  average training loss: 1907.9109
cellbender:remove-background: [epoch 125]  average training loss: 1913.1948
cellbender:remove-background: [epoch 125] average test loss: 2018.0227
cellbender:remove-background: [epoch 126]  average training loss: 1906.2291
cellbender:remove-background: [epoch 127]  average training loss: 1909.6734
cellbender:remove-background: [epoch 128]  average training loss: 1908.7215
cellbender:remove-background: [epoch 129]  average training loss: 1900.8030
cellbender:remove-background: [epoch 130]  average training loss: 1914.7019
cellbender:remove-background: [epoch 130] average test loss: 2017.7761
cellbender:remove-background: [epoch 131]  average training loss: 1911.5653
cellbender:remove-background: [epoch 132]  average training loss: 1905.6319
cellbender:remove-background: [epoch 133]  average training loss: 1899.6208
cellbender:remove-background: [epoch 134]  average training loss: 1909.2593
cellbender:remove-background: [epoch 135]  average training loss: 1902.5717
cellbender:remove-background: [epoch 135] average test loss: 2009.5629
cellbender:remove-background: [epoch 136]  average training loss: 1902.8334
cellbender:remove-background: [epoch 137]  average training loss: 1908.0445
cellbender:remove-background: [epoch 138]  average training loss: 1908.2619
cellbender:remove-background: [epoch 139]  average training loss: 1914.3751
cellbender:remove-background: [epoch 140]  average training loss: 1912.1667
cellbender:remove-background: [epoch 140] average test loss: 1999.0754
cellbender:remove-background: [epoch 141]  average training loss: 1906.8135
cellbender:remove-background: [epoch 142]  average training loss: 1905.1504
cellbender:remove-background: [epoch 143]  average training loss: 1907.1385
cellbender:remove-background: [epoch 144]  average training loss: 1915.5434
cellbender:remove-background: [epoch 145]  average training loss: 1905.5195
cellbender:remove-background: [epoch 145] average test loss: 2003.5514
cellbender:remove-background: [epoch 146]  average training loss: 1904.8134
cellbender:remove-background: [epoch 147]  average training loss: 1909.1649
cellbender:remove-background: [epoch 148]  average training loss: 1910.3565
cellbender:remove-background: [epoch 149]  average training loss: 1906.2157
cellbender:remove-background: [epoch 150]  average training loss: 1905.4510
cellbender:remove-background: [epoch 150] average test loss: 2017.0276
cellbender:remove-background: Saving a checkpoint...
cellbender:remove-background: Saved checkpoint as /weka/scratch/scratch/Mon/mabdel03/Tsai_Data/Cellbender_Outputs/10485914/ckpt.tar.gz
cellbender:remove-background: 2026-01-31 16:39:32
cellbender:remove-background: Inference procedure complete.
cellbender:remove-background: Attempting to unpack tarball "ckpt.tar.gz" to /tmp/tmpi49l2vnq
cellbender:remove-background: Successfully unpacked tarball to /tmp/tmpi49l2vnq
/tmp/tmpi49l2vnq/7f7e19590d_random.pyro
/tmp/tmpi49l2vnq/7f7e19590d_random.cuda
/tmp/tmpi49l2vnq/7f7e19590d_model.torch
/tmp/tmpi49l2vnq/7f7e19590d_optim.torch
/tmp/tmpi49l2vnq/7f7e19590d_optim.pyro
/tmp/tmpi49l2vnq/7f7e19590d_params.pyro
/tmp/tmpi49l2vnq/7f7e19590d_train.loaderstate
/tmp/tmpi49l2vnq/7f7e19590d_test.loaderstate
/tmp/tmpi49l2vnq/7f7e19590d_args.npy
cellbender:remove-background: Posterior not currently included in checkpoint.
cellbender:remove-background: Computing posterior noise count probabilities in mini-batches.
cellbender:remove-background: Working on chunk (1/44)
cellbender:remove-background:     [0.04 mins per chunk]
cellbender:remove-background: Working on chunk (2/44)
cellbender:remove-background: Working on chunk (3/44)
cellbender:remove-background: Working on chunk (4/44)
cellbender:remove-background: Working on chunk (5/44)
cellbender:remove-background: Working on chunk (6/44)
cellbender:remove-background: Working on chunk (7/44)
cellbender:remove-background: Working on chunk (8/44)
cellbender:remove-background: Working on chunk (9/44)
cellbender:remove-background: Working on chunk (10/44)
cellbender:remove-background: Working on chunk (11/44)
cellbender:remove-background: Working on chunk (12/44)
cellbender:remove-background: Working on chunk (13/44)
cellbender:remove-background: Working on chunk (14/44)
cellbender:remove-background: Working on chunk (15/44)
cellbender:remove-background: Working on chunk (16/44)
cellbender:remove-background: Working on chunk (17/44)
cellbender:remove-background: Working on chunk (18/44)
cellbender:remove-background: Working on chunk (19/44)
cellbender:remove-background: Working on chunk (20/44)
cellbender:remove-background: Working on chunk (21/44)
cellbender:remove-background: Working on chunk (22/44)
cellbender:remove-background: Working on chunk (23/44)
cellbender:remove-background: Working on chunk (24/44)
cellbender:remove-background: Working on chunk (25/44)
cellbender:remove-background: Working on chunk (26/44)
cellbender:remove-background: Working on chunk (27/44)
cellbender:remove-background: Working on chunk (28/44)
cellbender:remove-background: Working on chunk (29/44)
cellbender:remove-background: Working on chunk (30/44)
cellbender:remove-background: Working on chunk (31/44)
cellbender:remove-background: Working on chunk (32/44)
cellbender:remove-background: Working on chunk (33/44)
cellbender:remove-background: Working on chunk (34/44)
cellbender:remove-background: Working on chunk (35/44)
cellbender:remove-background: Working on chunk (36/44)
cellbender:remove-background: Working on chunk (37/44)
cellbender:remove-background: Working on chunk (38/44)
cellbender:remove-background: Working on chunk (39/44)
cellbender:remove-background: Working on chunk (40/44)
cellbender:remove-background: Working on chunk (41/44)
cellbender:remove-background: Working on chunk (42/44)
cellbender:remove-background: Working on chunk (43/44)
cellbender:remove-background: Working on chunk (44/44)
cellbender:remove-background: Writing full posterior to /om/scratch/Mon/mabdel03/Tsai_Data/Cellbender_Outputs/10485914/processed_feature_bc_matrix_posterior.h5
cellbender:remove-background: Succeeded in writing posterior to file /om/scratch/Mon/mabdel03/Tsai_Data/Cellbender_Outputs/10485914/processed_feature_bc_matrix_posterior.h5
cellbender:remove-background: Added posterior object to checkpoint file.
cellbender:remove-background: 2026-01-31 16:42:49

cellbender:remove-background: Saved summary plots as /om/scratch/Mon/mabdel03/Tsai_Data/Cellbender_Outputs/10485914/processed_feature_bc_matrix.pdf
cellbender:remove-background: Saved cell barcodes in /om/scratch/Mon/mabdel03/Tsai_Data/Cellbender_Outputs/10485914/processed_feature_bc_matrix_cell_barcodes.csv
cellbender:remove-background: Computing target noise counts per gene for MCKP estimator
cellbender:remove-background: Using MCKP noise targets computed for FPR 0.0
cellbender:remove-background: Computing denoised counts using mckp estimator
cellbender:remove-background: Working on chunk (1/7)
cellbender:remove-background:     [0.54 mins per chunk]
cellbender:remove-background: Working on chunk (2/7)
cellbender:remove-background: Working on chunk (3/7)
cellbender:remove-background: Working on chunk (4/7)
cellbender:remove-background: Working on chunk (5/7)
cellbender:remove-background: Working on chunk (6/7)
cellbender:remove-background: Working on chunk (7/7)
cellbender:remove-background: 2026-01-31 16:46:51 Total MCKP estimation time = 229.87 sec
cellbender:remove-background: Succeeded in writing CellRanger format output to file /om/scratch/Mon/mabdel03/Tsai_Data/Cellbender_Outputs/10485914/processed_feature_bc_matrix.h5
cellbender:remove-background: Succeeded in writing CellRanger format output to file /om/scratch/Mon/mabdel03/Tsai_Data/Cellbender_Outputs/10485914/processed_feature_bc_matrix_filtered.h5
cellbender:remove-background: Saved output metrics as /om/scratch/Mon/mabdel03/Tsai_Data/Cellbender_Outputs/10485914/processed_feature_bc_matrix_metrics.csv
[NbConvertApp] Converting notebook tmp.report.ipynb to notebook
[NbConvertApp] Writing 532255 bytes to tmp.report.nbconvert.ipynb
[NbConvertApp] Converting notebook tmp.report.nbconvert.ipynb to html
[NbConvertApp] Writing 1107039 bytes to tmp.report.nbconvert.html
cellbender:remove-background: Succeeded in writing report to /om/scratch/Mon/mabdel03/Tsai_Data/Cellbender_Outputs/10485914/processed_feature_bc_matrix_report.html
cellbender:remove-background: Completed remove-background.
cellbender:remove-background: 2026-01-31 16:47:17

