cellbender:remove-background: Command:
cellbender remove-background --cuda --input /tmp/cellbender_44651491_195/raw_feature_bc_matrix.h5 --fpr 0 --output /om/scratch/Mon/mabdel03/Tsai_Data/Cellbender_Outputs/21172121/processed_feature_bc_matrix.h5
cellbender:remove-background: CellBender 0.3.0
cellbender:remove-background: (Workflow hash dd4349fa25)
cellbender:remove-background: 2026-01-31 23:40:36
cellbender:remove-background: Running remove-background
cellbender:remove-background: Loading data from /tmp/cellbender_44651491_195/raw_feature_bc_matrix.h5
cellbender:remove-background: CellRanger v3 format
cellbender:remove-background: Features in dataset: 36601 Gene Expression
cellbender:remove-background: Trimming features for inference.
cellbender:remove-background: 25006 features have nonzero counts.
cellbender:remove-background: Prior on counts for cells is 2781
cellbender:remove-background: Prior on counts for empty droplets is 120
cellbender:remove-background: Excluding 3039 features that are estimated to have <= 0.1 background counts in cells.
cellbender:remove-background: Including 21967 features in the analysis.
cellbender:remove-background: Trimming barcodes for inference.
cellbender:remove-background: Excluding barcodes with counts below 60
cellbender:remove-background: Using 485 probable cell barcodes, plus an additional 2057 barcodes, and 18768 empty droplets.
cellbender:remove-background: Largest surely-empty droplet has 170 UMI counts.
cellbender:remove-background: Attempting to unpack tarball "ckpt.tar.gz" to /tmp/tmpp172xaea
cellbender:remove-background: No saved checkpoint.
cellbender:remove-background: No checkpoint loaded.
cellbender:remove-background: Running inference...
cellbender:remove-background: [epoch 001]  average training loss: 4327.2847
cellbender:remove-background: [epoch 002]  average training loss: 4146.3874  (0.9 seconds per epoch)
cellbender:remove-background: Will not checkpoint due to projected run completion in under 7.0 min
cellbender:remove-background: [epoch 003]  average training loss: 4127.8497
cellbender:remove-background: [epoch 004]  average training loss: 3975.4709
cellbender:remove-background: [epoch 005]  average training loss: 3858.5784
cellbender:remove-background: [epoch 005] average test loss: 4448.3727
cellbender:remove-background: [epoch 006]  average training loss: 3741.7038
cellbender:remove-background: [epoch 007]  average training loss: 3649.7844
cellbender:remove-background: [epoch 008]  average training loss: 3521.0796
cellbender:remove-background: [epoch 009]  average training loss: 3367.0571
cellbender:remove-background: [epoch 010]  average training loss: 3170.5612
cellbender:remove-background: [epoch 010] average test loss: 4089.5384
cellbender:remove-background: [epoch 011]  average training loss: 2994.1322
cellbender:remove-background: [epoch 012]  average training loss: 2855.9156
cellbender:remove-background: [epoch 013]  average training loss: 2755.6339
cellbender:remove-background: [epoch 014]  average training loss: 2690.7392
cellbender:remove-background: [epoch 015]  average training loss: 2620.2901
cellbender:remove-background: [epoch 015] average test loss: 3191.1616
cellbender:remove-background: [epoch 016]  average training loss: 2565.0448
cellbender:remove-background: [epoch 017]  average training loss: 2533.4251
cellbender:remove-background: [epoch 018]  average training loss: 2548.0503
cellbender:remove-background: [epoch 019]  average training loss: 2528.6718
cellbender:remove-background: [epoch 020]  average training loss: 2554.3844
cellbender:remove-background: [epoch 020] average test loss: 2816.1987
cellbender:remove-background: [epoch 021]  average training loss: 2526.1947
cellbender:remove-background: [epoch 022]  average training loss: 2511.4597
cellbender:remove-background: [epoch 023]  average training loss: 2526.2631
cellbender:remove-background: [epoch 024]  average training loss: 2517.1146
cellbender:remove-background: [epoch 025]  average training loss: 2532.4253
cellbender:remove-background: [epoch 025] average test loss: 2757.1835
cellbender:remove-background: [epoch 026]  average training loss: 2500.3625
cellbender:remove-background: [epoch 027]  average training loss: 2483.6703
cellbender:remove-background: [epoch 028]  average training loss: 2465.3817
cellbender:remove-background: [epoch 029]  average training loss: 2466.6664
cellbender:remove-background: [epoch 030]  average training loss: 2450.1131
cellbender:remove-background: [epoch 030] average test loss: 2684.7780
cellbender:remove-background: [epoch 031]  average training loss: 2447.6840
cellbender:remove-background: [epoch 032]  average training loss: 2441.8330
cellbender:remove-background: [epoch 033]  average training loss: 2454.6462
cellbender:remove-background: [epoch 034]  average training loss: 2451.8645
cellbender:remove-background: [epoch 035]  average training loss: 2442.9607
cellbender:remove-background: [epoch 035] average test loss: 2672.5126
cellbender:remove-background: [epoch 036]  average training loss: 2432.7973
cellbender:remove-background: [epoch 037]  average training loss: 2439.2468
cellbender:remove-background: [epoch 038]  average training loss: 2431.4456
cellbender:remove-background: [epoch 039]  average training loss: 2439.7003
cellbender:remove-background: [epoch 040]  average training loss: 2433.1480
cellbender:remove-background: [epoch 040] average test loss: 2670.7079
cellbender:remove-background: [epoch 041]  average training loss: 2425.5118
cellbender:remove-background: [epoch 042]  average training loss: 2430.8303
cellbender:remove-background: [epoch 043]  average training loss: 2427.7872
cellbender:remove-background: [epoch 044]  average training loss: 2425.2274
cellbender:remove-background: [epoch 045]  average training loss: 2428.0517
cellbender:remove-background: [epoch 045] average test loss: 2649.8615
cellbender:remove-background: [epoch 046]  average training loss: 2413.7285
cellbender:remove-background: [epoch 047]  average training loss: 2429.1638
cellbender:remove-background: [epoch 048]  average training loss: 2427.2657
cellbender:remove-background: [epoch 049]  average training loss: 2424.7232
cellbender:remove-background: [epoch 050]  average training loss: 2424.8874
cellbender:remove-background: [epoch 050] average test loss: 2659.5974
cellbender:remove-background: [epoch 051]  average training loss: 2424.7735
cellbender:remove-background: [epoch 052]  average training loss: 2425.2464
cellbender:remove-background: [epoch 053]  average training loss: 2431.0418
cellbender:remove-background: [epoch 054]  average training loss: 2426.9167
cellbender:remove-background: [epoch 055]  average training loss: 2417.7076
cellbender:remove-background: [epoch 055] average test loss: 2654.9051
cellbender:remove-background: [epoch 056]  average training loss: 2412.1969
cellbender:remove-background: [epoch 057]  average training loss: 2412.0982
cellbender:remove-background: [epoch 058]  average training loss: 2410.5899
cellbender:remove-background: [epoch 059]  average training loss: 2414.0753
cellbender:remove-background: [epoch 060]  average training loss: 2410.1807
cellbender:remove-background: [epoch 060] average test loss: 2651.6284
cellbender:remove-background: [epoch 061]  average training loss: 2411.0397
cellbender:remove-background: [epoch 062]  average training loss: 2415.6560
cellbender:remove-background: [epoch 063]  average training loss: 2409.2736
cellbender:remove-background: [epoch 064]  average training loss: 2413.7840
cellbender:remove-background: [epoch 065]  average training loss: 2409.1652
cellbender:remove-background: [epoch 065] average test loss: 2645.2084
cellbender:remove-background: [epoch 066]  average training loss: 2405.9615
cellbender:remove-background: [epoch 067]  average training loss: 2404.7650
cellbender:remove-background: [epoch 068]  average training loss: 2403.4508
cellbender:remove-background: [epoch 069]  average training loss: 2402.9670
cellbender:remove-background: [epoch 070]  average training loss: 2401.5108
cellbender:remove-background: [epoch 070] average test loss: 2639.7297
cellbender:remove-background: [epoch 071]  average training loss: 2404.9173
cellbender:remove-background: [epoch 072]  average training loss: 2396.2955
cellbender:remove-background: [epoch 073]  average training loss: 2405.8572
cellbender:remove-background: [epoch 074]  average training loss: 2401.0398
cellbender:remove-background: [epoch 075]  average training loss: 2403.4672
cellbender:remove-background: [epoch 075] average test loss: 2629.2991
cellbender:remove-background: [epoch 076]  average training loss: 2394.8562
cellbender:remove-background: [epoch 077]  average training loss: 2403.8835
cellbender:remove-background: [epoch 078]  average training loss: 2398.2578
cellbender:remove-background: [epoch 079]  average training loss: 2400.7657
cellbender:remove-background: [epoch 080]  average training loss: 2393.1406
cellbender:remove-background: [epoch 080] average test loss: 2631.1288
cellbender:remove-background: [epoch 081]  average training loss: 2395.5933
cellbender:remove-background: [epoch 082]  average training loss: 2392.9953
cellbender:remove-background: [epoch 083]  average training loss: 2403.8012
cellbender:remove-background: [epoch 084]  average training loss: 2390.2991
cellbender:remove-background: [epoch 085]  average training loss: 2397.2069
cellbender:remove-background: [epoch 085] average test loss: 2640.5948
cellbender:remove-background: [epoch 086]  average training loss: 2393.0725
cellbender:remove-background: [epoch 087]  average training loss: 2396.3301
cellbender:remove-background: [epoch 088]  average training loss: 2393.7279
cellbender:remove-background: [epoch 089]  average training loss: 2393.9759
cellbender:remove-background: [epoch 090]  average training loss: 2393.3021
cellbender:remove-background: [epoch 090] average test loss: 2638.4182
cellbender:remove-background: [epoch 091]  average training loss: 2397.5619
cellbender:remove-background: [epoch 092]  average training loss: 2393.0638
cellbender:remove-background: [epoch 093]  average training loss: 2396.3839
cellbender:remove-background: [epoch 094]  average training loss: 2388.2408
cellbender:remove-background: [epoch 095]  average training loss: 2393.8054
cellbender:remove-background: [epoch 095] average test loss: 2625.9141
cellbender:remove-background: [epoch 096]  average training loss: 2401.0774
cellbender:remove-background: [epoch 097]  average training loss: 2392.2496
cellbender:remove-background: [epoch 098]  average training loss: 2389.2598
cellbender:remove-background: [epoch 099]  average training loss: 2395.7667
cellbender:remove-background: [epoch 100]  average training loss: 2383.6145
cellbender:remove-background: [epoch 100] average test loss: 2618.8155
cellbender:remove-background: [epoch 101]  average training loss: 2387.8055
cellbender:remove-background: [epoch 102]  average training loss: 2390.5536
cellbender:remove-background: [epoch 103]  average training loss: 2386.9192
cellbender:remove-background: [epoch 104]  average training loss: 2384.9652
cellbender:remove-background: [epoch 105]  average training loss: 2388.0361
cellbender:remove-background: [epoch 105] average test loss: 2619.4427
cellbender:remove-background: [epoch 106]  average training loss: 2381.2146
cellbender:remove-background: [epoch 107]  average training loss: 2387.4759
cellbender:remove-background: [epoch 108]  average training loss: 2383.8558
cellbender:remove-background: [epoch 109]  average training loss: 2383.9460
cellbender:remove-background: [epoch 110]  average training loss: 2385.1485
cellbender:remove-background: [epoch 110] average test loss: 2619.0754
cellbender:remove-background: [epoch 111]  average training loss: 2383.8533
cellbender:remove-background: [epoch 112]  average training loss: 2384.4297
cellbender:remove-background: [epoch 113]  average training loss: 2381.5698
cellbender:remove-background: [epoch 114]  average training loss: 2382.8341
cellbender:remove-background: [epoch 115]  average training loss: 2380.0536
cellbender:remove-background: [epoch 115] average test loss: 2617.2183
cellbender:remove-background: [epoch 116]  average training loss: 2381.8681
cellbender:remove-background: [epoch 117]  average training loss: 2384.2255
cellbender:remove-background: [epoch 118]  average training loss: 2380.7054
cellbender:remove-background: [epoch 119]  average training loss: 2380.0506
cellbender:remove-background: [epoch 120]  average training loss: 2374.1725
cellbender:remove-background: [epoch 120] average test loss: 2617.4404
cellbender:remove-background: [epoch 121]  average training loss: 2379.3582
cellbender:remove-background: [epoch 122]  average training loss: 2379.6729
cellbender:remove-background: [epoch 123]  average training loss: 2375.5125
cellbender:remove-background: [epoch 124]  average training loss: 2378.0372
cellbender:remove-background: [epoch 125]  average training loss: 2378.6021
cellbender:remove-background: [epoch 125] average test loss: 2614.6405
cellbender:remove-background: [epoch 126]  average training loss: 2381.9939
cellbender:remove-background: [epoch 127]  average training loss: 2379.4589
cellbender:remove-background: [epoch 128]  average training loss: 2377.8870
cellbender:remove-background: [epoch 129]  average training loss: 2375.3208
cellbender:remove-background: [epoch 130]  average training loss: 2377.3612
cellbender:remove-background: [epoch 130] average test loss: 2615.4598
cellbender:remove-background: [epoch 131]  average training loss: 2374.4475
cellbender:remove-background: [epoch 132]  average training loss: 2377.0022
cellbender:remove-background: [epoch 133]  average training loss: 2379.2608
cellbender:remove-background: [epoch 134]  average training loss: 2376.6247
cellbender:remove-background: [epoch 135]  average training loss: 2375.6528
cellbender:remove-background: [epoch 135] average test loss: 2611.1499
cellbender:remove-background: [epoch 136]  average training loss: 2380.6942
cellbender:remove-background: [epoch 137]  average training loss: 2375.9755
cellbender:remove-background: [epoch 138]  average training loss: 2374.3904
cellbender:remove-background: [epoch 139]  average training loss: 2375.5154
cellbender:remove-background: [epoch 140]  average training loss: 2373.6119
cellbender:remove-background: [epoch 140] average test loss: 2619.8228
cellbender:remove-background: [epoch 141]  average training loss: 2376.5474
cellbender:remove-background: [epoch 142]  average training loss: 2375.5625
cellbender:remove-background: [epoch 143]  average training loss: 2375.7847
cellbender:remove-background: [epoch 144]  average training loss: 2374.4742
cellbender:remove-background: [epoch 145]  average training loss: 2373.3947
cellbender:remove-background: [epoch 145] average test loss: 2623.9188
cellbender:remove-background: [epoch 146]  average training loss: 2376.5088
cellbender:remove-background: [epoch 147]  average training loss: 2379.4975
cellbender:remove-background: [epoch 148]  average training loss: 2377.0875
cellbender:remove-background: [epoch 149]  average training loss: 2375.2908
cellbender:remove-background: [epoch 150]  average training loss: 2374.2674
cellbender:remove-background: [epoch 150] average test loss: 2620.2711
cellbender:remove-background: Saving a checkpoint...
cellbender:remove-background: Saved checkpoint as /weka/scratch/scratch/Mon/mabdel03/Tsai_Data/Cellbender_Outputs/21172121/ckpt.tar.gz
cellbender:remove-background: 2026-01-31 23:43:58
cellbender:remove-background: Inference procedure complete.
cellbender:remove-background: Attempting to unpack tarball "ckpt.tar.gz" to /tmp/tmpmxhqbqem
cellbender:remove-background: Successfully unpacked tarball to /tmp/tmpmxhqbqem
/tmp/tmpmxhqbqem/dd4349fa25_random.pyro
/tmp/tmpmxhqbqem/dd4349fa25_random.cuda
/tmp/tmpmxhqbqem/dd4349fa25_model.torch
/tmp/tmpmxhqbqem/dd4349fa25_optim.torch
/tmp/tmpmxhqbqem/dd4349fa25_optim.pyro
/tmp/tmpmxhqbqem/dd4349fa25_params.pyro
/tmp/tmpmxhqbqem/dd4349fa25_train.loaderstate
/tmp/tmpmxhqbqem/dd4349fa25_test.loaderstate
/tmp/tmpmxhqbqem/dd4349fa25_args.npy
cellbender:remove-background: Posterior not currently included in checkpoint.
cellbender:remove-background: Computing posterior noise count probabilities in mini-batches.
cellbender:remove-background: Working on chunk (1/8)
cellbender:remove-background:     [0.04 mins per chunk]
cellbender:remove-background: Working on chunk (2/8)
cellbender:remove-background: Working on chunk (3/8)
cellbender:remove-background: Working on chunk (4/8)
cellbender:remove-background: Working on chunk (5/8)
cellbender:remove-background: Working on chunk (6/8)
cellbender:remove-background: Working on chunk (7/8)
cellbender:remove-background: Working on chunk (8/8)
cellbender:remove-background: Writing full posterior to /om/scratch/Mon/mabdel03/Tsai_Data/Cellbender_Outputs/21172121/processed_feature_bc_matrix_posterior.h5
cellbender:remove-background: Succeeded in writing posterior to file /om/scratch/Mon/mabdel03/Tsai_Data/Cellbender_Outputs/21172121/processed_feature_bc_matrix_posterior.h5
cellbender:remove-background: Added posterior object to checkpoint file.
cellbender:remove-background: 2026-01-31 23:45:35

cellbender:remove-background: Saved summary plots as /om/scratch/Mon/mabdel03/Tsai_Data/Cellbender_Outputs/21172121/processed_feature_bc_matrix.pdf
cellbender:remove-background: Saved cell barcodes in /om/scratch/Mon/mabdel03/Tsai_Data/Cellbender_Outputs/21172121/processed_feature_bc_matrix_cell_barcodes.csv
cellbender:remove-background: Computing target noise counts per gene for MCKP estimator
cellbender:remove-background: Using MCKP noise targets computed for FPR 0.0
cellbender:remove-background: Computing denoised counts using mckp estimator
cellbender:remove-background: Working on chunk (1/7)
cellbender:remove-background:     [0.16 mins per chunk]
cellbender:remove-background: Working on chunk (2/7)
cellbender:remove-background: Working on chunk (3/7)
cellbender:remove-background: Working on chunk (4/7)
cellbender:remove-background: Working on chunk (5/7)
cellbender:remove-background: Working on chunk (6/7)
cellbender:remove-background: Working on chunk (7/7)
cellbender:remove-background: 2026-01-31 23:46:42 Total MCKP estimation time = 63.55 sec
cellbender:remove-background: Succeeded in writing CellRanger format output to file /om/scratch/Mon/mabdel03/Tsai_Data/Cellbender_Outputs/21172121/processed_feature_bc_matrix.h5
cellbender:remove-background: Succeeded in writing CellRanger format output to file /om/scratch/Mon/mabdel03/Tsai_Data/Cellbender_Outputs/21172121/processed_feature_bc_matrix_filtered.h5
cellbender:remove-background: Saved output metrics as /om/scratch/Mon/mabdel03/Tsai_Data/Cellbender_Outputs/21172121/processed_feature_bc_matrix_metrics.csv
[NbConvertApp] Converting notebook tmp.report.ipynb to notebook
[NbConvertApp] Writing 400528 bytes to tmp.report.nbconvert.ipynb
[NbConvertApp] Converting notebook tmp.report.nbconvert.ipynb to html
[NbConvertApp] Writing 975215 bytes to tmp.report.nbconvert.html
cellbender:remove-background: Succeeded in writing report to /om/scratch/Mon/mabdel03/Tsai_Data/Cellbender_Outputs/21172121/processed_feature_bc_matrix_report.html
cellbender:remove-background: Completed remove-background.
cellbender:remove-background: 2026-01-31 23:46:57

