cellbender:remove-background: Command:
cellbender remove-background --cuda --input /om/scratch/Mon/mabdel03/Tsai_Data/Cellranger_Outputs/32705437/outs/raw_feature_bc_matrix.h5 --fpr 0 --output /om/scratch/Mon/mabdel03/Tsai_Data/Cellbender_Outputs/32705437/processed_feature_bc_matrix.h5
cellbender:remove-background: CellBender 0.3.0
cellbender:remove-background: (Workflow hash 40d15e367a)
cellbender:remove-background: 2026-02-01 19:10:57
cellbender:remove-background: Running remove-background
cellbender:remove-background: Loading data from /om/scratch/Mon/mabdel03/Tsai_Data/Cellranger_Outputs/32705437/outs/raw_feature_bc_matrix.h5
cellbender:remove-background: CellRanger v3 format
cellbender:remove-background: Features in dataset: 36601 Gene Expression
cellbender:remove-background: Trimming features for inference.
cellbender:remove-background: 30307 features have nonzero counts.
cellbender:remove-background: Prior on counts for cells is 6489
cellbender:remove-background: Prior on counts for empty droplets is 72
cellbender:remove-background: Excluding 9035 features that are estimated to have <= 0.1 background counts in cells.
cellbender:remove-background: Including 21272 features in the analysis.
cellbender:remove-background: Trimming barcodes for inference.
cellbender:remove-background: Excluding barcodes with counts below 36
cellbender:remove-background: Using 1445 probable cell barcodes, plus an additional 11663 barcodes, and 77813 empty droplets.
cellbender:remove-background: Largest surely-empty droplet has 93 UMI counts.
cellbender:remove-background: Attempting to unpack tarball "ckpt.tar.gz" to /tmp/tmp_5ljyzj0
cellbender:remove-background: Successfully unpacked tarball to /tmp/tmp_5ljyzj0
/tmp/tmp_5ljyzj0/bc245de48d_random.pyro
/tmp/tmp_5ljyzj0/bc245de48d_random.cuda
/tmp/tmp_5ljyzj0/bc245de48d_model.torch
/tmp/tmp_5ljyzj0/bc245de48d_optim.torch
/tmp/tmp_5ljyzj0/bc245de48d_optim.pyro
/tmp/tmp_5ljyzj0/bc245de48d_params.pyro
/tmp/tmp_5ljyzj0/bc245de48d_train.loaderstate
/tmp/tmp_5ljyzj0/bc245de48d_test.loaderstate
/tmp/tmp_5ljyzj0/bc245de48d_args.npy
cellbender:remove-background: Workflow hash does not match that of checkpoint.
cellbender:remove-background: No checkpoint loaded.
cellbender:remove-background: Running inference...
cellbender:remove-background: [epoch 001]  average training loss: 4546.9584
cellbender:remove-background: [epoch 002]  average training loss: 3957.2523  (4.6 seconds per epoch)
cellbender:remove-background: Will checkpoint every 93 epochs
cellbender:remove-background: [epoch 003]  average training loss: 3403.7101
cellbender:remove-background: [epoch 004]  average training loss: 3082.8861
cellbender:remove-background: [epoch 005]  average training loss: 2902.8180
cellbender:remove-background: [epoch 005] average test loss: 3015.0642
cellbender:remove-background: [epoch 006]  average training loss: 2700.7662
cellbender:remove-background: [epoch 007]  average training loss: 2647.1054
cellbender:remove-background: [epoch 008]  average training loss: 2656.8016
cellbender:remove-background: [epoch 009]  average training loss: 2629.1651
cellbender:remove-background: [epoch 010]  average training loss: 2601.6476
cellbender:remove-background: [epoch 010] average test loss: 2683.6764
cellbender:remove-background: [epoch 011]  average training loss: 2624.1426
cellbender:remove-background: [epoch 012]  average training loss: 2572.0444
cellbender:remove-background: [epoch 013]  average training loss: 2588.9026
cellbender:remove-background: [epoch 014]  average training loss: 2539.9312
cellbender:remove-background: [epoch 015]  average training loss: 2438.0262
cellbender:remove-background: [epoch 015] average test loss: 2465.2255
cellbender:remove-background: [epoch 016]  average training loss: 2417.6729
cellbender:remove-background: [epoch 017]  average training loss: 2391.7936
cellbender:remove-background: [epoch 018]  average training loss: 2376.1719
cellbender:remove-background: [epoch 019]  average training loss: 2375.5913
cellbender:remove-background: [epoch 020]  average training loss: 2356.2535
cellbender:remove-background: [epoch 020] average test loss: 2368.6319
cellbender:remove-background: [epoch 021]  average training loss: 2349.6994
cellbender:remove-background: [epoch 022]  average training loss: 2330.8315
cellbender:remove-background: [epoch 023]  average training loss: 2324.7532
cellbender:remove-background: [epoch 024]  average training loss: 2324.4683
cellbender:remove-background: [epoch 025]  average training loss: 2316.2885
cellbender:remove-background: [epoch 025] average test loss: 2319.6925
cellbender:remove-background: [epoch 026]  average training loss: 2310.0270
cellbender:remove-background: [epoch 027]  average training loss: 2307.5320
cellbender:remove-background: [epoch 028]  average training loss: 2296.6707
cellbender:remove-background: [epoch 029]  average training loss: 2294.5336
cellbender:remove-background: [epoch 030]  average training loss: 2286.6909
cellbender:remove-background: [epoch 030] average test loss: 2281.6807
cellbender:remove-background: [epoch 031]  average training loss: 2285.2546
cellbender:remove-background: [epoch 032]  average training loss: 2277.6674
cellbender:remove-background: [epoch 033]  average training loss: 2277.4834
cellbender:remove-background: [epoch 034]  average training loss: 2277.5102
cellbender:remove-background: [epoch 035]  average training loss: 2270.5899
cellbender:remove-background: [epoch 035] average test loss: 2270.0561
cellbender:remove-background: [epoch 036]  average training loss: 2272.5396
cellbender:remove-background: [epoch 037]  average training loss: 2267.5741
cellbender:remove-background: [epoch 038]  average training loss: 2268.2532
cellbender:remove-background: [epoch 039]  average training loss: 2269.3690
cellbender:remove-background: [epoch 040]  average training loss: 2270.1246
cellbender:remove-background: [epoch 040] average test loss: 2284.6265
cellbender:remove-background: [epoch 041]  average training loss: 2273.7026
cellbender:remove-background: [epoch 042]  average training loss: 2272.7471
cellbender:remove-background: [epoch 043]  average training loss: 2269.3788
cellbender:remove-background: [epoch 044]  average training loss: 2270.3748
cellbender:remove-background: [epoch 045]  average training loss: 2288.4282
cellbender:remove-background: [epoch 045] average test loss: 2265.4156
cellbender:remove-background: [epoch 046]  average training loss: 2294.9508
cellbender:remove-background: [epoch 047]  average training loss: 2275.7811
cellbender:remove-background: [epoch 048]  average training loss: 2278.5841
cellbender:remove-background: [epoch 049]  average training loss: 2272.7102
cellbender:remove-background: [epoch 050]  average training loss: 2273.5151
cellbender:remove-background: [epoch 050] average test loss: 2293.6132
cellbender:remove-background: [epoch 051]  average training loss: 2269.9492
cellbender:remove-background: [epoch 052]  average training loss: 2283.2127
cellbender:remove-background: [epoch 053]  average training loss: 2275.4507
cellbender:remove-background: [epoch 054]  average training loss: 2282.2958
cellbender:remove-background: [epoch 055]  average training loss: 2280.0944
cellbender:remove-background: [epoch 055] average test loss: 2309.9884
cellbender:remove-background: [epoch 056]  average training loss: 2299.2699
cellbender:remove-background: [epoch 057]  average training loss: 2282.9482
cellbender:remove-background: [epoch 058]  average training loss: 2280.9603
cellbender:remove-background: [epoch 059]  average training loss: 2277.1728
cellbender:remove-background: [epoch 060]  average training loss: 2275.9924
cellbender:remove-background: [epoch 060] average test loss: 2272.5551
cellbender:remove-background: [epoch 061]  average training loss: 2276.4746
cellbender:remove-background: [epoch 062]  average training loss: 2264.8610
cellbender:remove-background: [epoch 063]  average training loss: 2283.5322
cellbender:remove-background: [epoch 064]  average training loss: 2276.2619
cellbender:remove-background: [epoch 065]  average training loss: 2291.8431
cellbender:remove-background: [epoch 065] average test loss: 2262.9143
cellbender:remove-background: [epoch 066]  average training loss: 2282.0909
cellbender:remove-background: [epoch 067]  average training loss: 2279.4467
cellbender:remove-background: [epoch 068]  average training loss: 2295.6501
cellbender:remove-background: [epoch 069]  average training loss: 2279.1936
cellbender:remove-background: [epoch 070]  average training loss: 2273.9031
cellbender:remove-background: [epoch 070] average test loss: 2323.6853
cellbender:remove-background: [epoch 071]  average training loss: 2279.9811
cellbender:remove-background: [epoch 072]  average training loss: 2301.4137
cellbender:remove-background: [epoch 073]  average training loss: 2280.4769
cellbender:remove-background: [epoch 074]  average training loss: 2274.5272
cellbender:remove-background: [epoch 075]  average training loss: 2303.2488
cellbender:remove-background: [epoch 075] average test loss: 2271.3560
cellbender:remove-background: [epoch 076]  average training loss: 2269.9758
cellbender:remove-background: [epoch 077]  average training loss: 2285.9175
cellbender:remove-background: [epoch 078]  average training loss: 2272.9939
cellbender:remove-background: [epoch 079]  average training loss: 2270.7326
cellbender:remove-background: [epoch 080]  average training loss: 2285.0982
cellbender:remove-background: [epoch 080] average test loss: 2293.1694
cellbender:remove-background: [epoch 081]  average training loss: 2278.5596
cellbender:remove-background: [epoch 082]  average training loss: 2284.2416
cellbender:remove-background: [epoch 083]  average training loss: 2304.7977
cellbender:remove-background: [epoch 084]  average training loss: 2271.5688
cellbender:remove-background: [epoch 085]  average training loss: 2268.9153
cellbender:remove-background: [epoch 085] average test loss: 2320.2386
cellbender:remove-background: [epoch 086]  average training loss: 2301.5628
cellbender:remove-background: [epoch 087]  average training loss: 2289.0626
cellbender:remove-background: [epoch 088]  average training loss: 2278.4732
cellbender:remove-background: [epoch 089]  average training loss: 2265.2277
cellbender:remove-background: [epoch 090]  average training loss: 2283.9143
cellbender:remove-background: [epoch 090] average test loss: 2327.4711
cellbender:remove-background: [epoch 091]  average training loss: 2283.9621
cellbender:remove-background: [epoch 092]  average training loss: 2289.3435
cellbender:remove-background: [epoch 093]  average training loss: 2275.9851
cellbender:remove-background: Saving a checkpoint...
cellbender:remove-background: Saved checkpoint as /weka/scratch/scratch/Mon/mabdel03/Tsai_Data/Cellbender_Outputs/32705437/ckpt.tar.gz
cellbender:remove-background: [epoch 094]  average training loss: 2288.3110
cellbender:remove-background: [epoch 095]  average training loss: 2278.5625
cellbender:remove-background: [epoch 095] average test loss: 2272.2928
cellbender:remove-background: [epoch 096]  average training loss: 2266.2386
cellbender:remove-background: [epoch 097]  average training loss: 2280.0750
cellbender:remove-background: [epoch 098]  average training loss: 2268.1269
cellbender:remove-background: [epoch 099]  average training loss: 2276.2851
cellbender:remove-background: [epoch 100]  average training loss: 2283.2364
cellbender:remove-background: [epoch 100] average test loss: 2292.8722
cellbender:remove-background: [epoch 101]  average training loss: 2268.5761
cellbender:remove-background: [epoch 102]  average training loss: 2276.8852
cellbender:remove-background: [epoch 103]  average training loss: 2275.6712
cellbender:remove-background: [epoch 104]  average training loss: 2280.6697
cellbender:remove-background: [epoch 105]  average training loss: 2270.6596
cellbender:remove-background: [epoch 105] average test loss: 2289.4582
cellbender:remove-background: [epoch 106]  average training loss: 2279.0391
cellbender:remove-background: [epoch 107]  average training loss: 2268.0280
cellbender:remove-background: [epoch 108]  average training loss: 2280.5188
cellbender:remove-background: [epoch 109]  average training loss: 2259.6348
cellbender:remove-background: [epoch 110]  average training loss: 2293.0557
cellbender:remove-background: [epoch 110] average test loss: 2311.4620
cellbender:remove-background: [epoch 111]  average training loss: 2296.4564
cellbender:remove-background: [epoch 112]  average training loss: 2269.0110
cellbender:remove-background: [epoch 113]  average training loss: 2273.7721
cellbender:remove-background: [epoch 114]  average training loss: 2263.3897
cellbender:remove-background: [epoch 115]  average training loss: 2288.2963
cellbender:remove-background: [epoch 115] average test loss: 2315.9234
cellbender:remove-background: [epoch 116]  average training loss: 2255.4170
cellbender:remove-background: [epoch 117]  average training loss: 2282.4377
cellbender:remove-background: [epoch 118]  average training loss: 2263.6797
cellbender:remove-background: [epoch 119]  average training loss: 2275.4493
cellbender:remove-background: [epoch 120]  average training loss: 2260.9202
cellbender:remove-background: [epoch 120] average test loss: 2285.0373
cellbender:remove-background: [epoch 121]  average training loss: 2255.8885
cellbender:remove-background: [epoch 122]  average training loss: 2272.4959
cellbender:remove-background: [epoch 123]  average training loss: 2267.6361
cellbender:remove-background: [epoch 124]  average training loss: 2275.4115
cellbender:remove-background: [epoch 125]  average training loss: 2274.0309
cellbender:remove-background: [epoch 125] average test loss: 2300.0005
cellbender:remove-background: [epoch 126]  average training loss: 2271.8633
cellbender:remove-background: [epoch 127]  average training loss: 2268.3384
cellbender:remove-background: [epoch 128]  average training loss: 2269.4018
cellbender:remove-background: [epoch 129]  average training loss: 2266.5494
cellbender:remove-background: [epoch 130]  average training loss: 2265.1353
cellbender:remove-background: [epoch 130] average test loss: 2316.6428
cellbender:remove-background: [epoch 131]  average training loss: 2256.8421
cellbender:remove-background: [epoch 132]  average training loss: 2254.5862
cellbender:remove-background: [epoch 133]  average training loss: 2266.5885
cellbender:remove-background: [epoch 134]  average training loss: 2267.1673
cellbender:remove-background: [epoch 135]  average training loss: 2285.9785
cellbender:remove-background: [epoch 135] average test loss: 2318.1228
cellbender:remove-background: [epoch 136]  average training loss: 2271.3962
cellbender:remove-background: [epoch 137]  average training loss: 2258.8022
cellbender:remove-background: [epoch 138]  average training loss: 2264.9709
cellbender:remove-background: [epoch 139]  average training loss: 2278.3464
cellbender:remove-background: [epoch 140]  average training loss: 2276.3402
cellbender:remove-background: [epoch 140] average test loss: 2327.6966
cellbender:remove-background: [epoch 141]  average training loss: 2273.9493
cellbender:remove-background: [epoch 142]  average training loss: 2274.6414
cellbender:remove-background: [epoch 143]  average training loss: 2264.2848
cellbender:remove-background: [epoch 144]  average training loss: 2266.3882
cellbender:remove-background: [epoch 145]  average training loss: 2283.9245
cellbender:remove-background: [epoch 145] average test loss: 2291.1093
cellbender:remove-background: [epoch 146]  average training loss: 2261.0562
cellbender:remove-background: [epoch 147]  average training loss: 2276.3802
cellbender:remove-background: [epoch 148]  average training loss: 2274.1061
cellbender:remove-background: [epoch 149]  average training loss: 2280.5161
cellbender:remove-background: [epoch 150]  average training loss: 2268.6949
cellbender:remove-background: [epoch 150] average test loss: 2297.6631
cellbender:remove-background: Saving a checkpoint...
cellbender:remove-background: Saved checkpoint as /weka/scratch/scratch/Mon/mabdel03/Tsai_Data/Cellbender_Outputs/32705437/ckpt.tar.gz
cellbender:remove-background: 2026-02-01 19:25:13
cellbender:remove-background: Inference procedure complete.
cellbender:remove-background: Attempting to unpack tarball "ckpt.tar.gz" to /tmp/tmpfr624xxw
cellbender:remove-background: Successfully unpacked tarball to /tmp/tmpfr624xxw
/tmp/tmpfr624xxw/40d15e367a_random.pyro
/tmp/tmpfr624xxw/40d15e367a_random.cuda
/tmp/tmpfr624xxw/40d15e367a_model.torch
/tmp/tmpfr624xxw/40d15e367a_optim.torch
/tmp/tmpfr624xxw/40d15e367a_optim.pyro
/tmp/tmpfr624xxw/40d15e367a_params.pyro
/tmp/tmpfr624xxw/40d15e367a_train.loaderstate
/tmp/tmpfr624xxw/40d15e367a_test.loaderstate
/tmp/tmpfr624xxw/40d15e367a_args.npy
cellbender:remove-background: Posterior not currently included in checkpoint.
cellbender:remove-background: Computing posterior noise count probabilities in mini-batches.
cellbender:remove-background: Working on chunk (1/27)
cellbender:remove-background:     [0.04 mins per chunk]
cellbender:remove-background: Working on chunk (2/27)
cellbender:remove-background: Working on chunk (3/27)
cellbender:remove-background: Working on chunk (4/27)
cellbender:remove-background: Working on chunk (5/27)
cellbender:remove-background: Working on chunk (6/27)
cellbender:remove-background: Working on chunk (7/27)
cellbender:remove-background: Working on chunk (8/27)
cellbender:remove-background: Working on chunk (9/27)
cellbender:remove-background: Working on chunk (10/27)
cellbender:remove-background: Working on chunk (11/27)
cellbender:remove-background: Working on chunk (12/27)
cellbender:remove-background: Working on chunk (13/27)
cellbender:remove-background: Working on chunk (14/27)
cellbender:remove-background: Working on chunk (15/27)
cellbender:remove-background: Working on chunk (16/27)
cellbender:remove-background: Working on chunk (17/27)
cellbender:remove-background: Working on chunk (18/27)
cellbender:remove-background: Working on chunk (19/27)
cellbender:remove-background: Working on chunk (20/27)
cellbender:remove-background: Working on chunk (21/27)
cellbender:remove-background: Working on chunk (22/27)
cellbender:remove-background: Working on chunk (23/27)
cellbender:remove-background: Working on chunk (24/27)
cellbender:remove-background: Working on chunk (25/27)
cellbender:remove-background: Working on chunk (26/27)
cellbender:remove-background: Working on chunk (27/27)
cellbender:remove-background: Writing full posterior to /om/scratch/Mon/mabdel03/Tsai_Data/Cellbender_Outputs/32705437/processed_feature_bc_matrix_posterior.h5
cellbender:remove-background: Succeeded in writing posterior to file /om/scratch/Mon/mabdel03/Tsai_Data/Cellbender_Outputs/32705437/processed_feature_bc_matrix_posterior.h5
cellbender:remove-background: Added posterior object to checkpoint file.
cellbender:remove-background: 2026-02-01 19:28:11

cellbender:remove-background: Saved summary plots as /om/scratch/Mon/mabdel03/Tsai_Data/Cellbender_Outputs/32705437/processed_feature_bc_matrix.pdf
cellbender:remove-background: Saved cell barcodes in /om/scratch/Mon/mabdel03/Tsai_Data/Cellbender_Outputs/32705437/processed_feature_bc_matrix_cell_barcodes.csv
cellbender:remove-background: Computing target noise counts per gene for MCKP estimator
cellbender:remove-background: Using MCKP noise targets computed for FPR 0.0
cellbender:remove-background: Computing denoised counts using mckp estimator
cellbender:remove-background: Working on chunk (1/7)
cellbender:remove-background:     [0.81 mins per chunk]
cellbender:remove-background: Working on chunk (2/7)
cellbender:remove-background: Working on chunk (3/7)
cellbender:remove-background: Working on chunk (4/7)
cellbender:remove-background: Working on chunk (5/7)
cellbender:remove-background: Working on chunk (6/7)
cellbender:remove-background: Working on chunk (7/7)
cellbender:remove-background: 2026-02-01 19:34:07 Total MCKP estimation time = 339.80 sec
cellbender:remove-background: Succeeded in writing CellRanger format output to file /om/scratch/Mon/mabdel03/Tsai_Data/Cellbender_Outputs/32705437/processed_feature_bc_matrix.h5
cellbender:remove-background: Succeeded in writing CellRanger format output to file /om/scratch/Mon/mabdel03/Tsai_Data/Cellbender_Outputs/32705437/processed_feature_bc_matrix_filtered.h5
cellbender:remove-background: Saved output metrics as /om/scratch/Mon/mabdel03/Tsai_Data/Cellbender_Outputs/32705437/processed_feature_bc_matrix_metrics.csv
[NbConvertApp] Converting notebook tmp.report.ipynb to notebook
[NbConvertApp] Writing 487771 bytes to tmp.report.nbconvert.ipynb
[NbConvertApp] Converting notebook tmp.report.nbconvert.ipynb to html
[NbConvertApp] Writing 1062458 bytes to tmp.report.nbconvert.html
cellbender:remove-background: Succeeded in writing report to /om/scratch/Mon/mabdel03/Tsai_Data/Cellbender_Outputs/32705437/processed_feature_bc_matrix_report.html
cellbender:remove-background: Completed remove-background.
cellbender:remove-background: 2026-02-01 19:34:39

