cellbender:remove-background: Command:
cellbender remove-background --cuda --input /tmp/cellbender_44656387_3/raw_feature_bc_matrix.h5 --fpr 0 --output /tmp/cellbender_44656387_3/processed_feature_bc_matrix.h5
cellbender:remove-background: CellBender 0.3.0
cellbender:remove-background: (Workflow hash bd63ddb376)
cellbender:remove-background: 2026-02-01 13:15:10
cellbender:remove-background: Running remove-background
cellbender:remove-background: Loading data from /tmp/cellbender_44656387_3/raw_feature_bc_matrix.h5
cellbender:remove-background: CellRanger v3 format
cellbender:remove-background: Features in dataset: 36601 Gene Expression
cellbender:remove-background: Trimming features for inference.
cellbender:remove-background: 29578 features have nonzero counts.
cellbender:remove-background: Prior on counts for cells is 3872
cellbender:remove-background: Prior on counts for empty droplets is 66
cellbender:remove-background: Excluding 7828 features that are estimated to have <= 0.1 background counts in cells.
cellbender:remove-background: Including 21750 features in the analysis.
cellbender:remove-background: Trimming barcodes for inference.
cellbender:remove-background: Excluding barcodes with counts below 33
cellbender:remove-background: Using 2703 probable cell barcodes, plus an additional 11620 barcodes, and 67114 empty droplets.
cellbender:remove-background: Largest surely-empty droplet has 80 UMI counts.
cellbender:remove-background: Attempting to unpack tarball "ckpt.tar.gz" to /tmp/tmpxrseks4a
cellbender:remove-background: No saved checkpoint.
cellbender:remove-background: No checkpoint loaded.
cellbender:remove-background: Running inference...
cellbender:remove-background: [epoch 001]  average training loss: 4923.7919
cellbender:remove-background: [epoch 002]  average training loss: 4345.4535  (6.1 seconds per epoch)
cellbender:remove-background: Will checkpoint every 70 epochs
cellbender:remove-background: [epoch 003]  average training loss: 3833.9228
cellbender:remove-background: [epoch 004]  average training loss: 3486.3107
cellbender:remove-background: [epoch 005]  average training loss: 3205.0218
cellbender:remove-background: [epoch 005] average test loss: 3142.9459
cellbender:remove-background: [epoch 006]  average training loss: 2991.3083
cellbender:remove-background: [epoch 007]  average training loss: 2952.1892
cellbender:remove-background: [epoch 008]  average training loss: 2899.1559
cellbender:remove-background: [epoch 009]  average training loss: 2876.1431
cellbender:remove-background: [epoch 010]  average training loss: 2887.7122
cellbender:remove-background: [epoch 010] average test loss: 2815.9759
cellbender:remove-background: [epoch 011]  average training loss: 2851.5469
cellbender:remove-background: [epoch 012]  average training loss: 2854.7833
cellbender:remove-background: [epoch 013]  average training loss: 2834.6534
cellbender:remove-background: [epoch 014]  average training loss: 2807.4893
cellbender:remove-background: [epoch 015]  average training loss: 2749.1241
cellbender:remove-background: [epoch 015] average test loss: 2691.3507
cellbender:remove-background: [epoch 016]  average training loss: 2705.3529
cellbender:remove-background: [epoch 017]  average training loss: 2698.6379
cellbender:remove-background: [epoch 018]  average training loss: 2688.8009
cellbender:remove-background: [epoch 019]  average training loss: 2692.5755
cellbender:remove-background: [epoch 020]  average training loss: 2685.0280
cellbender:remove-background: [epoch 020] average test loss: 2662.1775
cellbender:remove-background: [epoch 021]  average training loss: 2681.9219
cellbender:remove-background: [epoch 022]  average training loss: 2675.8065
cellbender:remove-background: [epoch 023]  average training loss: 2674.8278
cellbender:remove-background: [epoch 024]  average training loss: 2674.3103
cellbender:remove-background: [epoch 025]  average training loss: 2669.2505
cellbender:remove-background: [epoch 025] average test loss: 2626.3690
cellbender:remove-background: [epoch 026]  average training loss: 2663.5488
cellbender:remove-background: [epoch 027]  average training loss: 2658.4217
cellbender:remove-background: [epoch 028]  average training loss: 2657.5569
cellbender:remove-background: [epoch 029]  average training loss: 2658.0120
cellbender:remove-background: [epoch 030]  average training loss: 2651.9270
cellbender:remove-background: [epoch 030] average test loss: 2635.1073
cellbender:remove-background: [epoch 031]  average training loss: 2650.8882
cellbender:remove-background: [epoch 032]  average training loss: 2651.0302
cellbender:remove-background: [epoch 033]  average training loss: 2642.7937
cellbender:remove-background: [epoch 034]  average training loss: 2638.4091
cellbender:remove-background: [epoch 035]  average training loss: 2627.7751
cellbender:remove-background: [epoch 035] average test loss: 2600.5689
cellbender:remove-background: [epoch 036]  average training loss: 2617.1813
cellbender:remove-background: [epoch 037]  average training loss: 2615.8574
cellbender:remove-background: [epoch 038]  average training loss: 2611.6654
cellbender:remove-background: [epoch 039]  average training loss: 2608.8396
cellbender:remove-background: [epoch 040]  average training loss: 2606.8628
cellbender:remove-background: [epoch 040] average test loss: 2642.4601
cellbender:remove-background: [epoch 041]  average training loss: 2607.5968
cellbender:remove-background: [epoch 042]  average training loss: 2606.5769
cellbender:remove-background: [epoch 043]  average training loss: 2606.1830
cellbender:remove-background: [epoch 044]  average training loss: 2604.1379
cellbender:remove-background: [epoch 045]  average training loss: 2608.5504
cellbender:remove-background: [epoch 045] average test loss: 2611.8749
slurmstepd: error: *** JOB 44656387 ON dgx001 CANCELLED AT 2026-02-01T13:19:48 ***
