cellbender:remove-background: Command:
cellbender remove-background --cuda --input /om/scratch/Mon/mabdel03/Tsai_Data/Cellranger_Outputs/33411712/outs/raw_feature_bc_matrix.h5 --fpr 0 --output /om/scratch/Mon/mabdel03/Tsai_Data/Cellbender_Outputs/33411712/processed_feature_bc_matrix.h5
cellbender:remove-background: CellBender 0.3.0
cellbender:remove-background: (Workflow hash cd167efa1d)
cellbender:remove-background: 2026-02-01 19:15:10
cellbender:remove-background: Running remove-background
cellbender:remove-background: Loading data from /om/scratch/Mon/mabdel03/Tsai_Data/Cellranger_Outputs/33411712/outs/raw_feature_bc_matrix.h5
cellbender:remove-background: CellRanger v3 format
cellbender:remove-background: Features in dataset: 36601 Gene Expression
cellbender:remove-background: Trimming features for inference.
cellbender:remove-background: 30318 features have nonzero counts.
cellbender:remove-background: Prior on counts for cells is 3942
cellbender:remove-background: Prior on counts for empty droplets is 36
cellbender:remove-background: Excluding 8689 features that are estimated to have <= 0.1 background counts in cells.
cellbender:remove-background: Including 21629 features in the analysis.
cellbender:remove-background: Trimming barcodes for inference.
cellbender:remove-background: Excluding barcodes with counts below 18
cellbender:remove-background: Using 1330 probable cell barcodes, plus an additional 18689 barcodes, and 104602 empty droplets.
cellbender:remove-background: Largest surely-empty droplet has 48 UMI counts.
cellbender:remove-background: Attempting to unpack tarball "ckpt.tar.gz" to /tmp/tmpbvgnj4gi
cellbender:remove-background: No saved checkpoint.
cellbender:remove-background: No checkpoint loaded.
cellbender:remove-background: Running inference...
cellbender:remove-background: [epoch 001]  average training loss: 2069.3465
cellbender:remove-background: [epoch 002]  average training loss: 1782.6544  (6.9 seconds per epoch)
cellbender:remove-background: Will checkpoint every 62 epochs
cellbender:remove-background: [epoch 003]  average training loss: 1627.0962
cellbender:remove-background: [epoch 004]  average training loss: 1527.9456
cellbender:remove-background: [epoch 005]  average training loss: 1502.6414
cellbender:remove-background: [epoch 005] average test loss: 1554.3114
cellbender:remove-background: [epoch 006]  average training loss: 1490.3756
cellbender:remove-background: [epoch 007]  average training loss: 1479.0329
cellbender:remove-background: [epoch 008]  average training loss: 1470.1132
cellbender:remove-background: [epoch 009]  average training loss: 1468.0361
cellbender:remove-background: [epoch 010]  average training loss: 1462.5718
cellbender:remove-background: [epoch 010] average test loss: 1477.8749
cellbender:remove-background: [epoch 011]  average training loss: 1457.8889
cellbender:remove-background: [epoch 012]  average training loss: 1457.9257
cellbender:remove-background: [epoch 013]  average training loss: 1449.6981
cellbender:remove-background: [epoch 014]  average training loss: 1408.7759
cellbender:remove-background: [epoch 015]  average training loss: 1378.8549
cellbender:remove-background: [epoch 015] average test loss: 1388.0536
cellbender:remove-background: [epoch 016]  average training loss: 1367.2195
cellbender:remove-background: [epoch 017]  average training loss: 1353.5517
cellbender:remove-background: [epoch 018]  average training loss: 1344.0706
cellbender:remove-background: [epoch 019]  average training loss: 1342.7134
cellbender:remove-background: [epoch 020]  average training loss: 1343.2902
cellbender:remove-background: [epoch 020] average test loss: 1363.9992
cellbender:remove-background: [epoch 021]  average training loss: 1340.9939
cellbender:remove-background: [epoch 022]  average training loss: 1343.9989
cellbender:remove-background: [epoch 023]  average training loss: 1343.6150
cellbender:remove-background: [epoch 024]  average training loss: 1343.5580
cellbender:remove-background: [epoch 025]  average training loss: 1343.0419
cellbender:remove-background: [epoch 025] average test loss: 1357.8346
cellbender:remove-background: [epoch 026]  average training loss: 1340.3891
cellbender:remove-background: [epoch 027]  average training loss: 1338.8300
cellbender:remove-background: [epoch 028]  average training loss: 1336.7934
cellbender:remove-background: [epoch 029]  average training loss: 1337.7637
cellbender:remove-background: [epoch 030]  average training loss: 1339.2096
cellbender:remove-background: [epoch 030] average test loss: 1358.7067
cellbender:remove-background: [epoch 031]  average training loss: 1336.0040
cellbender:remove-background: [epoch 032]  average training loss: 1341.0691
cellbender:remove-background: [epoch 033]  average training loss: 1338.0242
cellbender:remove-background: [epoch 034]  average training loss: 1345.9885
cellbender:remove-background: [epoch 035]  average training loss: 1345.6407
cellbender:remove-background: [epoch 035] average test loss: 1370.7960
cellbender:remove-background: [epoch 036]  average training loss: 1349.7852
cellbender:remove-background: [epoch 037]  average training loss: 1357.1692
cellbender:remove-background: [epoch 038]  average training loss: 1360.6534
cellbender:remove-background: [epoch 039]  average training loss: 1375.7062
cellbender:remove-background: [epoch 040]  average training loss: 1373.1032
cellbender:remove-background: [epoch 040] average test loss: 1407.2753
cellbender:remove-background: [epoch 041]  average training loss: 1385.2245
cellbender:remove-background: [epoch 042]  average training loss: 1379.6009
cellbender:remove-background: [epoch 043]  average training loss: 1408.9038
cellbender:remove-background: [epoch 044]  average training loss: 1408.2807
cellbender:remove-background: [epoch 045]  average training loss: 1422.8295
cellbender:remove-background: [epoch 045] average test loss: 1413.6188
cellbender:remove-background: [epoch 046]  average training loss: 1407.7460
cellbender:remove-background: [epoch 047]  average training loss: 1427.4797
cellbender:remove-background: [epoch 048]  average training loss: 1430.2422
cellbender:remove-background: [epoch 049]  average training loss: 1427.5516
cellbender:remove-background: [epoch 050]  average training loss: 1433.5936
cellbender:remove-background: [epoch 050] average test loss: 1531.5948
cellbender:remove-background: [epoch 051]  average training loss: 1420.5520
cellbender:remove-background: [epoch 052]  average training loss: 1456.2784
cellbender:remove-background: [epoch 053]  average training loss: 1447.6504
cellbender:remove-background: [epoch 054]  average training loss: 1459.0864
cellbender:remove-background: [epoch 055]  average training loss: 1484.6626
cellbender:remove-background: [epoch 055] average test loss: 1462.1667
cellbender:remove-background: [epoch 056]  average training loss: 1455.6694
cellbender:remove-background: [epoch 057]  average training loss: 1463.0491
cellbender:remove-background: [epoch 058]  average training loss: 1436.3899
cellbender:remove-background: [epoch 059]  average training loss: 1441.1723
cellbender:remove-background: [epoch 060]  average training loss: 1443.0994
cellbender:remove-background: [epoch 060] average test loss: 1448.7283
cellbender:remove-background: [epoch 061]  average training loss: 1453.2105
cellbender:remove-background: [epoch 062]  average training loss: 1427.8635
cellbender:remove-background: Saving a checkpoint...
cellbender:remove-background: Saved checkpoint as /weka/scratch/scratch/Mon/mabdel03/Tsai_Data/Cellbender_Outputs/33411712/ckpt.tar.gz
cellbender:remove-background: [epoch 063]  average training loss: 1458.8004
cellbender:remove-background: [epoch 064]  average training loss: 1431.4161
cellbender:remove-background: [epoch 065]  average training loss: 1468.5547
cellbender:remove-background: [epoch 065] average test loss: 1525.3300
cellbender:remove-background: [epoch 066]  average training loss: 1434.5090
cellbender:remove-background: [epoch 067]  average training loss: 1457.1107
cellbender:remove-background: [epoch 068]  average training loss: 1477.8645
cellbender:remove-background: [epoch 069]  average training loss: 1468.9002
cellbender:remove-background: [epoch 070]  average training loss: 1453.1554
cellbender:remove-background: [epoch 070] average test loss: 1449.9122
cellbender:remove-background: [epoch 071]  average training loss: 1474.0023
cellbender:remove-background: [epoch 072]  average training loss: 1453.7313
cellbender:remove-background: [epoch 073]  average training loss: 1453.6583
cellbender:remove-background: [epoch 074]  average training loss: 1463.8727
cellbender:remove-background: [epoch 075]  average training loss: 1464.4637
cellbender:remove-background: [epoch 075] average test loss: 1544.3999
cellbender:remove-background: [epoch 076]  average training loss: 1484.3016
cellbender:remove-background: [epoch 077]  average training loss: 1479.6163
cellbender:remove-background: [epoch 078]  average training loss: 1503.5958
cellbender:remove-background: [epoch 079]  average training loss: 1482.7570
cellbender:remove-background: [epoch 080]  average training loss: 1475.6968
cellbender:remove-background: [epoch 080] average test loss: 1578.7660
cellbender:remove-background: [epoch 081]  average training loss: 1503.7902
cellbender:remove-background: [epoch 082]  average training loss: 1473.9278
cellbender:remove-background: [epoch 083]  average training loss: 1518.7344
cellbender:remove-background: [epoch 084]  average training loss: 1485.9734
cellbender:remove-background: [epoch 085]  average training loss: 1502.9297
cellbender:remove-background: [epoch 085] average test loss: 1512.2575
cellbender:remove-background: [epoch 086]  average training loss: 1524.2889
cellbender:remove-background: [epoch 087]  average training loss: 1517.5193
cellbender:remove-background: [epoch 088]  average training loss: 1548.5167
cellbender:remove-background: [epoch 089]  average training loss: 1495.7669
cellbender:remove-background: [epoch 090]  average training loss: 1525.5318
cellbender:remove-background: [epoch 090] average test loss: 1569.0374
cellbender:remove-background: [epoch 091]  average training loss: 1550.9087
cellbender:remove-background: [epoch 092]  average training loss: 1522.0441
cellbender:remove-background: [epoch 093]  average training loss: 1514.9516
cellbender:remove-background: [epoch 094]  average training loss: 1534.4328
cellbender:remove-background: [epoch 095]  average training loss: 1512.3074
cellbender:remove-background: [epoch 095] average test loss: 1559.5427
cellbender:remove-background: [epoch 096]  average training loss: 1545.5496
cellbender:remove-background: [epoch 097]  average training loss: 1526.0962
cellbender:remove-background: [epoch 098]  average training loss: 1523.5549
cellbender:remove-background: [epoch 099]  average training loss: 1517.5874
cellbender:remove-background: [epoch 100]  average training loss: 1526.1996
cellbender:remove-background: [epoch 100] average test loss: 1650.2206
cellbender:remove-background: [epoch 101]  average training loss: 1519.5968
cellbender:remove-background: [epoch 102]  average training loss: 1508.6852
cellbender:remove-background: [epoch 103]  average training loss: 1535.2928
cellbender:remove-background: [epoch 104]  average training loss: 1499.3996
cellbender:remove-background: [epoch 105]  average training loss: 1504.0147
cellbender:remove-background: [epoch 105] average test loss: 1570.0568
cellbender:remove-background: [epoch 106]  average training loss: 1512.8919
cellbender:remove-background: [epoch 107]  average training loss: 1513.9034
cellbender:remove-background: [epoch 108]  average training loss: 1495.2334
cellbender:remove-background: [epoch 109]  average training loss: 1509.3617
cellbender:remove-background: [epoch 110]  average training loss: 1520.2358
cellbender:remove-background: [epoch 110] average test loss: 1567.8686
cellbender:remove-background: [epoch 111]  average training loss: 1517.4483
cellbender:remove-background: [epoch 112]  average training loss: 1508.4405
cellbender:remove-background: [epoch 113]  average training loss: 1505.1241
cellbender:remove-background: [epoch 114]  average training loss: 1502.1390
cellbender:remove-background: [epoch 115]  average training loss: 1483.5086
cellbender:remove-background: [epoch 115] average test loss: 1498.0182
cellbender:remove-background: [epoch 116]  average training loss: 1492.5610
cellbender:remove-background: [epoch 117]  average training loss: 1505.1220
cellbender:remove-background: [epoch 118]  average training loss: 1495.5160
cellbender:remove-background: [epoch 119]  average training loss: 1503.2787
cellbender:remove-background: [epoch 120]  average training loss: 1486.5687
cellbender:remove-background: [epoch 120] average test loss: 1594.8783
cellbender:remove-background: [epoch 121]  average training loss: 1511.3752
cellbender:remove-background: [epoch 122]  average training loss: 1512.9490
cellbender:remove-background: [epoch 123]  average training loss: 1519.8855
cellbender:remove-background: [epoch 124]  average training loss: 1527.8420
cellbender:remove-background: Saving a checkpoint...
cellbender:remove-background: Saved checkpoint as /weka/scratch/scratch/Mon/mabdel03/Tsai_Data/Cellbender_Outputs/33411712/ckpt.tar.gz
cellbender:remove-background: [epoch 125]  average training loss: 1521.7650
cellbender:remove-background: [epoch 125] average test loss: 1559.2728
cellbender:remove-background: [epoch 126]  average training loss: 1536.4869
cellbender:remove-background: [epoch 127]  average training loss: 1503.6150
cellbender:remove-background: [epoch 128]  average training loss: 1519.4131
cellbender:remove-background: [epoch 129]  average training loss: 1519.4045
cellbender:remove-background: [epoch 130]  average training loss: 1496.3110
cellbender:remove-background: [epoch 130] average test loss: 1638.1108
cellbender:remove-background: [epoch 131]  average training loss: 1506.9109
cellbender:remove-background: [epoch 132]  average training loss: 1510.8234
cellbender:remove-background: [epoch 133]  average training loss: 1523.2862
cellbender:remove-background: [epoch 134]  average training loss: 1495.0542
cellbender:remove-background: [epoch 135]  average training loss: 1525.5103
cellbender:remove-background: [epoch 135] average test loss: 1533.7777
cellbender:remove-background: [epoch 136]  average training loss: 1536.4806
cellbender:remove-background: [epoch 137]  average training loss: 1519.9319
cellbender:remove-background: [epoch 138]  average training loss: 1505.6206
cellbender:remove-background: [epoch 139]  average training loss: 1527.6735
cellbender:remove-background: [epoch 140]  average training loss: 1528.4180
cellbender:remove-background: [epoch 140] average test loss: 1582.2845
cellbender:remove-background: [epoch 141]  average training loss: 1543.1792
cellbender:remove-background: [epoch 142]  average training loss: 1514.8127
cellbender:remove-background: [epoch 143]  average training loss: 1506.8064
cellbender:remove-background: [epoch 144]  average training loss: 1519.2060
cellbender:remove-background: [epoch 145]  average training loss: 1530.5390
cellbender:remove-background: [epoch 145] average test loss: 1603.6688
cellbender:remove-background: [epoch 146]  average training loss: 1513.0876
cellbender:remove-background: [epoch 147]  average training loss: 1527.6655
cellbender:remove-background: [epoch 148]  average training loss: 1498.0978
cellbender:remove-background: [epoch 149]  average training loss: 1509.0579
cellbender:remove-background: [epoch 150]  average training loss: 1489.3105
cellbender:remove-background: [epoch 150] average test loss: 1532.5714
cellbender:remove-background: Saving a checkpoint...
cellbender:remove-background: Saved checkpoint as /weka/scratch/scratch/Mon/mabdel03/Tsai_Data/Cellbender_Outputs/33411712/ckpt.tar.gz
cellbender:remove-background: 2026-02-01 19:36:06
cellbender:remove-background: Inference procedure complete.
cellbender:remove-background: Attempting to unpack tarball "ckpt.tar.gz" to /tmp/tmpfbmuj24m
cellbender:remove-background: Successfully unpacked tarball to /tmp/tmpfbmuj24m
/tmp/tmpfbmuj24m/cd167efa1d_random.pyro
/tmp/tmpfbmuj24m/cd167efa1d_random.cuda
/tmp/tmpfbmuj24m/cd167efa1d_model.torch
/tmp/tmpfbmuj24m/cd167efa1d_optim.torch
/tmp/tmpfbmuj24m/cd167efa1d_optim.pyro
/tmp/tmpfbmuj24m/cd167efa1d_params.pyro
/tmp/tmpfbmuj24m/cd167efa1d_train.loaderstate
/tmp/tmpfbmuj24m/cd167efa1d_test.loaderstate
/tmp/tmpfbmuj24m/cd167efa1d_args.npy
cellbender:remove-background: Posterior not currently included in checkpoint.
cellbender:remove-background: Computing posterior noise count probabilities in mini-batches.
cellbender:remove-background: Working on chunk (1/55)
cellbender:remove-background:     [0.04 mins per chunk]
cellbender:remove-background: Working on chunk (2/55)
cellbender:remove-background: Working on chunk (3/55)
cellbender:remove-background: Working on chunk (4/55)
cellbender:remove-background: Working on chunk (5/55)
cellbender:remove-background: Working on chunk (6/55)
cellbender:remove-background: Working on chunk (7/55)
cellbender:remove-background: Working on chunk (8/55)
cellbender:remove-background: Working on chunk (9/55)
cellbender:remove-background: Working on chunk (10/55)
cellbender:remove-background: Working on chunk (11/55)
cellbender:remove-background: Working on chunk (12/55)
cellbender:remove-background: Working on chunk (13/55)
cellbender:remove-background: Working on chunk (14/55)
cellbender:remove-background: Working on chunk (15/55)
cellbender:remove-background: Working on chunk (16/55)
cellbender:remove-background: Working on chunk (17/55)
cellbender:remove-background: Working on chunk (18/55)
cellbender:remove-background: Working on chunk (19/55)
cellbender:remove-background: Working on chunk (20/55)
cellbender:remove-background: Working on chunk (21/55)
cellbender:remove-background: Working on chunk (22/55)
cellbender:remove-background: Working on chunk (23/55)
cellbender:remove-background: Working on chunk (24/55)
cellbender:remove-background: Working on chunk (25/55)
cellbender:remove-background: Working on chunk (26/55)
cellbender:remove-background: Working on chunk (27/55)
cellbender:remove-background: Working on chunk (28/55)
cellbender:remove-background: Working on chunk (29/55)
cellbender:remove-background: Working on chunk (30/55)
cellbender:remove-background: Working on chunk (31/55)
cellbender:remove-background: Working on chunk (32/55)
cellbender:remove-background: Working on chunk (33/55)
cellbender:remove-background: Working on chunk (34/55)
cellbender:remove-background: Working on chunk (35/55)
cellbender:remove-background: Working on chunk (36/55)
cellbender:remove-background: Working on chunk (37/55)
cellbender:remove-background: Working on chunk (38/55)
cellbender:remove-background: Working on chunk (39/55)
cellbender:remove-background: Working on chunk (40/55)
cellbender:remove-background: Working on chunk (41/55)
cellbender:remove-background: Working on chunk (42/55)
cellbender:remove-background: Working on chunk (43/55)
cellbender:remove-background: Working on chunk (44/55)
cellbender:remove-background: Working on chunk (45/55)
cellbender:remove-background: Working on chunk (46/55)
cellbender:remove-background: Working on chunk (47/55)
cellbender:remove-background: Working on chunk (48/55)
cellbender:remove-background: Working on chunk (49/55)
cellbender:remove-background: Working on chunk (50/55)
cellbender:remove-background: Working on chunk (51/55)
cellbender:remove-background: Working on chunk (52/55)
cellbender:remove-background: Working on chunk (53/55)
cellbender:remove-background: Working on chunk (54/55)
cellbender:remove-background: Working on chunk (55/55)
cellbender:remove-background: Writing full posterior to /om/scratch/Mon/mabdel03/Tsai_Data/Cellbender_Outputs/33411712/processed_feature_bc_matrix_posterior.h5
cellbender:remove-background: Succeeded in writing posterior to file /om/scratch/Mon/mabdel03/Tsai_Data/Cellbender_Outputs/33411712/processed_feature_bc_matrix_posterior.h5
cellbender:remove-background: Added posterior object to checkpoint file.
cellbender:remove-background: 2026-02-01 19:39:46

cellbender:remove-background: Saved summary plots as /om/scratch/Mon/mabdel03/Tsai_Data/Cellbender_Outputs/33411712/processed_feature_bc_matrix.pdf
cellbender:remove-background: Saved cell barcodes in /om/scratch/Mon/mabdel03/Tsai_Data/Cellbender_Outputs/33411712/processed_feature_bc_matrix_cell_barcodes.csv
cellbender:remove-background: Computing target noise counts per gene for MCKP estimator
cellbender:remove-background: Using MCKP noise targets computed for FPR 0.0
cellbender:remove-background: Computing denoised counts using mckp estimator
cellbender:remove-background: Working on chunk (1/7)
cellbender:remove-background:     [0.60 mins per chunk]
cellbender:remove-background: Working on chunk (2/7)
cellbender:remove-background: Working on chunk (3/7)
cellbender:remove-background: Working on chunk (4/7)
cellbender:remove-background: Working on chunk (5/7)
cellbender:remove-background: Working on chunk (6/7)
cellbender:remove-background: Working on chunk (7/7)
cellbender:remove-background: 2026-02-01 19:44:10 Total MCKP estimation time = 251.94 sec
cellbender:remove-background: Succeeded in writing CellRanger format output to file /om/scratch/Mon/mabdel03/Tsai_Data/Cellbender_Outputs/33411712/processed_feature_bc_matrix.h5
cellbender:remove-background: Succeeded in writing CellRanger format output to file /om/scratch/Mon/mabdel03/Tsai_Data/Cellbender_Outputs/33411712/processed_feature_bc_matrix_filtered.h5
cellbender:remove-background: Saved output metrics as /om/scratch/Mon/mabdel03/Tsai_Data/Cellbender_Outputs/33411712/processed_feature_bc_matrix_metrics.csv
[NbConvertApp] Converting notebook tmp.report.ipynb to notebook
[NbConvertApp] Writing 597967 bytes to tmp.report.nbconvert.ipynb
[NbConvertApp] Converting notebook tmp.report.nbconvert.ipynb to html
[NbConvertApp] Writing 1172812 bytes to tmp.report.nbconvert.html
cellbender:remove-background: Succeeded in writing report to /om/scratch/Mon/mabdel03/Tsai_Data/Cellbender_Outputs/33411712/processed_feature_bc_matrix_report.html
cellbender:remove-background: Completed remove-background.
cellbender:remove-background: 2026-02-01 19:44:38

