cellbender:remove-background: Command:
cellbender remove-background --cuda --input /om/scratch/Mon/mabdel03/Tsai_Data/Cellranger_Outputs/21362537/outs/raw_feature_bc_matrix.h5 --fpr 0 --output /om/scratch/Mon/mabdel03/Tsai_Data/Cellbender_Outputs/21362537/processed_feature_bc_matrix.h5
cellbender:remove-background: CellBender 0.3.0
cellbender:remove-background: (Workflow hash 2a57b30aab)
cellbender:remove-background: 2026-03-08 17:37:38
cellbender:remove-background: Running remove-background
cellbender:remove-background: Loading data from /om/scratch/Mon/mabdel03/Tsai_Data/Cellranger_Outputs/21362537/outs/raw_feature_bc_matrix.h5
cellbender:remove-background: CellRanger v3 format
cellbender:remove-background: Features in dataset: 36601 Gene Expression
cellbender:remove-background: Trimming features for inference.
cellbender:remove-background: 30949 features have nonzero counts.
cellbender:remove-background: Prior on counts for cells is 5348
cellbender:remove-background: Prior on counts for empty droplets is 108
cellbender:remove-background: Excluding 8765 features that are estimated to have <= 0.1 background counts in cells.
cellbender:remove-background: Including 22184 features in the analysis.
cellbender:remove-background: Trimming barcodes for inference.
cellbender:remove-background: Excluding barcodes with counts below 54
cellbender:remove-background: Using 2348 probable cell barcodes, plus an additional 9044 barcodes, and 65521 empty droplets.
cellbender:remove-background: Largest surely-empty droplet has 126 UMI counts.
cellbender:remove-background: Attempting to unpack tarball "ckpt.tar.gz" to /tmp/tmp4klrounq
cellbender:remove-background: No saved checkpoint.
cellbender:remove-background: No checkpoint loaded.
cellbender:remove-background: Running inference...
cellbender:remove-background: [epoch 001]  average training loss: 8410.7483
cellbender:remove-background: [epoch 002]  average training loss: 7032.6898  (3.3 seconds per epoch)
cellbender:remove-background: Will checkpoint every 129 epochs
cellbender:remove-background: [epoch 003]  average training loss: 5895.4408
cellbender:remove-background: [epoch 004]  average training loss: 5329.6271
cellbender:remove-background: [epoch 005]  average training loss: 4987.3767
cellbender:remove-background: [epoch 005] average test loss: 5157.1977
cellbender:remove-background: [epoch 006]  average training loss: 4683.9391
cellbender:remove-background: [epoch 007]  average training loss: 4515.9430
cellbender:remove-background: [epoch 008]  average training loss: 4515.5699
cellbender:remove-background: [epoch 009]  average training loss: 4524.8962
cellbender:remove-background: [epoch 010]  average training loss: 4492.2806
cellbender:remove-background: [epoch 010] average test loss: 4536.1613
cellbender:remove-background: [epoch 011]  average training loss: 4425.2335
cellbender:remove-background: [epoch 012]  average training loss: 4473.0963
cellbender:remove-background: [epoch 013]  average training loss: 4428.4231
cellbender:remove-background: [epoch 014]  average training loss: 4360.8723
cellbender:remove-background: [epoch 015]  average training loss: 4093.1803
cellbender:remove-background: [epoch 015] average test loss: 4563.5541
cellbender:remove-background: [epoch 016]  average training loss: 3995.8567
cellbender:remove-background: [epoch 017]  average training loss: 3984.8372
cellbender:remove-background: [epoch 018]  average training loss: 3977.5561
cellbender:remove-background: [epoch 019]  average training loss: 3968.9785
cellbender:remove-background: [epoch 020]  average training loss: 3963.1527
cellbender:remove-background: [epoch 020] average test loss: 4063.5107
cellbender:remove-background: [epoch 021]  average training loss: 3952.1669
cellbender:remove-background: [epoch 022]  average training loss: 3933.8452
cellbender:remove-background: [epoch 023]  average training loss: 3932.1502
cellbender:remove-background: [epoch 024]  average training loss: 3931.0278
cellbender:remove-background: [epoch 025]  average training loss: 3908.2931
cellbender:remove-background: [epoch 025] average test loss: 3949.5414
cellbender:remove-background: [epoch 026]  average training loss: 3902.8633
cellbender:remove-background: [epoch 027]  average training loss: 3887.1196
cellbender:remove-background: [epoch 028]  average training loss: 3860.0509
cellbender:remove-background: [epoch 029]  average training loss: 3862.7283
cellbender:remove-background: [epoch 030]  average training loss: 3852.9980
cellbender:remove-background: [epoch 030] average test loss: 3868.4543
cellbender:remove-background: [epoch 031]  average training loss: 3843.1223
cellbender:remove-background: [epoch 032]  average training loss: 3838.2434
cellbender:remove-background: [epoch 033]  average training loss: 3830.7017
cellbender:remove-background: [epoch 034]  average training loss: 3828.2610
cellbender:remove-background: [epoch 035]  average training loss: 3824.9031
cellbender:remove-background: [epoch 035] average test loss: 3861.9863
cellbender:remove-background: [epoch 036]  average training loss: 3816.0779
cellbender:remove-background: [epoch 037]  average training loss: 3815.6780
cellbender:remove-background: [epoch 038]  average training loss: 3812.6303
cellbender:remove-background: [epoch 039]  average training loss: 3807.4879
cellbender:remove-background: [epoch 040]  average training loss: 3805.7016
cellbender:remove-background: [epoch 040] average test loss: 3838.9560
cellbender:remove-background: [epoch 041]  average training loss: 3803.2073
cellbender:remove-background: [epoch 042]  average training loss: 3801.5934
cellbender:remove-background: [epoch 043]  average training loss: 3801.7468
cellbender:remove-background: [epoch 044]  average training loss: 3795.7532
cellbender:remove-background: [epoch 045]  average training loss: 3794.4817
cellbender:remove-background: [epoch 045] average test loss: 3838.1451
cellbender:remove-background: [epoch 046]  average training loss: 3791.3965
cellbender:remove-background: [epoch 047]  average training loss: 3795.3265
cellbender:remove-background: [epoch 048]  average training loss: 3791.5974
cellbender:remove-background: [epoch 049]  average training loss: 3791.2314
cellbender:remove-background: [epoch 050]  average training loss: 3789.4736
cellbender:remove-background: [epoch 050] average test loss: 3836.5140
cellbender:remove-background: [epoch 051]  average training loss: 3789.3980
cellbender:remove-background: [epoch 052]  average training loss: 3788.6966
cellbender:remove-background: [epoch 053]  average training loss: 3790.2327
cellbender:remove-background: [epoch 054]  average training loss: 3783.6281
cellbender:remove-background: [epoch 055]  average training loss: 3789.2023
cellbender:remove-background: [epoch 055] average test loss: 3822.2426
cellbender:remove-background: [epoch 056]  average training loss: 3784.3675
cellbender:remove-background: [epoch 057]  average training loss: 3785.7362
cellbender:remove-background: [epoch 058]  average training loss: 3786.6848
cellbender:remove-background: [epoch 059]  average training loss: 3784.1491
cellbender:remove-background: [epoch 060]  average training loss: 3785.3592
cellbender:remove-background: [epoch 060] average test loss: 3857.3433
cellbender:remove-background: [epoch 061]  average training loss: 3782.6677
cellbender:remove-background: [epoch 062]  average training loss: 3783.0267
cellbender:remove-background: [epoch 063]  average training loss: 3779.5252
cellbender:remove-background: [epoch 064]  average training loss: 3781.3005
cellbender:remove-background: [epoch 065]  average training loss: 3778.9794
cellbender:remove-background: [epoch 065] average test loss: 3835.4334
cellbender:remove-background: [epoch 066]  average training loss: 3782.2371
cellbender:remove-background: [epoch 067]  average training loss: 3777.8160
cellbender:remove-background: [epoch 068]  average training loss: 3780.1632
cellbender:remove-background: [epoch 069]  average training loss: 3779.1953
cellbender:remove-background: [epoch 070]  average training loss: 3773.9418
cellbender:remove-background: [epoch 070] average test loss: 3815.9020
cellbender:remove-background: [epoch 071]  average training loss: 3773.7579
cellbender:remove-background: [epoch 072]  average training loss: 3776.3296
cellbender:remove-background: [epoch 073]  average training loss: 3772.6238
cellbender:remove-background: [epoch 074]  average training loss: 3772.4213
cellbender:remove-background: [epoch 075]  average training loss: 3770.9812
cellbender:remove-background: [epoch 075] average test loss: 3852.6460
cellbender:remove-background: [epoch 076]  average training loss: 3774.9277
cellbender:remove-background: [epoch 077]  average training loss: 3776.9627
cellbender:remove-background: [epoch 078]  average training loss: 3774.2343
cellbender:remove-background: [epoch 079]  average training loss: 3770.0441
cellbender:remove-background: [epoch 080]  average training loss: 3774.2216
cellbender:remove-background: [epoch 080] average test loss: 3818.5738
cellbender:remove-background: [epoch 081]  average training loss: 3768.0381
cellbender:remove-background: [epoch 082]  average training loss: 3771.1865
cellbender:remove-background: [epoch 083]  average training loss: 3771.3286
cellbender:remove-background: [epoch 084]  average training loss: 3767.4558
cellbender:remove-background: [epoch 085]  average training loss: 3770.4449
cellbender:remove-background: [epoch 085] average test loss: 3833.3170
cellbender:remove-background: [epoch 086]  average training loss: 3765.5090
cellbender:remove-background: [epoch 087]  average training loss: 3769.1495
cellbender:remove-background: [epoch 088]  average training loss: 3766.5369
cellbender:remove-background: [epoch 089]  average training loss: 3765.8167
cellbender:remove-background: [epoch 090]  average training loss: 3765.5516
cellbender:remove-background: [epoch 090] average test loss: 3859.6603
cellbender:remove-background: [epoch 091]  average training loss: 3768.0740
cellbender:remove-background: [epoch 092]  average training loss: 3763.8178
cellbender:remove-background: [epoch 093]  average training loss: 3767.2743
cellbender:remove-background: [epoch 094]  average training loss: 3768.7581
cellbender:remove-background: [epoch 095]  average training loss: 3764.5081
cellbender:remove-background: [epoch 095] average test loss: 3830.6457
cellbender:remove-background: [epoch 096]  average training loss: 3763.0369
cellbender:remove-background: [epoch 097]  average training loss: 3763.6251
cellbender:remove-background: [epoch 098]  average training loss: 3762.3647
cellbender:remove-background: [epoch 099]  average training loss: 3765.3891
cellbender:remove-background: [epoch 100]  average training loss: 3759.9207
cellbender:remove-background: [epoch 100] average test loss: 3833.3452
cellbender:remove-background: [epoch 101]  average training loss: 3763.3907
cellbender:remove-background: [epoch 102]  average training loss: 3764.0360
cellbender:remove-background: [epoch 103]  average training loss: 3762.4596
cellbender:remove-background: [epoch 104]  average training loss: 3763.9562
cellbender:remove-background: [epoch 105]  average training loss: 3760.2342
cellbender:remove-background: [epoch 105] average test loss: 3822.6848
cellbender:remove-background: [epoch 106]  average training loss: 3761.2715
cellbender:remove-background: [epoch 107]  average training loss: 3761.5076
cellbender:remove-background: [epoch 108]  average training loss: 3758.4751
cellbender:remove-background: [epoch 109]  average training loss: 3754.2984
cellbender:remove-background: [epoch 110]  average training loss: 3759.1118
cellbender:remove-background: [epoch 110] average test loss: 3831.1778
cellbender:remove-background: [epoch 111]  average training loss: 3759.7023
cellbender:remove-background: [epoch 112]  average training loss: 3764.8863
cellbender:remove-background: [epoch 113]  average training loss: 3755.1545
cellbender:remove-background: [epoch 114]  average training loss: 3755.2628
cellbender:remove-background: [epoch 115]  average training loss: 3756.2756
cellbender:remove-background: [epoch 115] average test loss: 3823.2365
cellbender:remove-background: [epoch 116]  average training loss: 3759.7269
cellbender:remove-background: [epoch 117]  average training loss: 3751.5050
cellbender:remove-background: [epoch 118]  average training loss: 3756.2463
cellbender:remove-background: [epoch 119]  average training loss: 3752.7290
cellbender:remove-background: [epoch 120]  average training loss: 3756.3383
cellbender:remove-background: [epoch 120] average test loss: 3825.3570
cellbender:remove-background: [epoch 121]  average training loss: 3753.0663
cellbender:remove-background: [epoch 122]  average training loss: 3752.7914
cellbender:remove-background: [epoch 123]  average training loss: 3749.8855
cellbender:remove-background: [epoch 124]  average training loss: 3754.3072
cellbender:remove-background: [epoch 125]  average training loss: 3750.9309
cellbender:remove-background: [epoch 125] average test loss: 3828.4216
cellbender:remove-background: [epoch 126]  average training loss: 3756.9274
cellbender:remove-background: [epoch 127]  average training loss: 3749.3970
cellbender:remove-background: [epoch 128]  average training loss: 3751.4067
cellbender:remove-background: [epoch 129]  average training loss: 3748.3423
cellbender:remove-background: Saving a checkpoint...
cellbender:remove-background: Saved checkpoint as /weka/scratch/scratch/Mon/mabdel03/Tsai_Data/Cellbender_Outputs/21362537/ckpt.tar.gz
cellbender:remove-background: [epoch 130]  average training loss: 3754.2103
cellbender:remove-background: [epoch 130] average test loss: 3825.8154
cellbender:remove-background: [epoch 131]  average training loss: 3751.2312
cellbender:remove-background: [epoch 132]  average training loss: 3751.8289
cellbender:remove-background: [epoch 133]  average training loss: 3753.3046
cellbender:remove-background: [epoch 134]  average training loss: 3748.5078
cellbender:remove-background: [epoch 135]  average training loss: 3750.2845
cellbender:remove-background: [epoch 135] average test loss: 3813.6424
cellbender:remove-background: [epoch 136]  average training loss: 3750.8470
cellbender:remove-background: [epoch 137]  average training loss: 3752.0798
cellbender:remove-background: [epoch 138]  average training loss: 3749.3312
cellbender:remove-background: [epoch 139]  average training loss: 3750.3333
cellbender:remove-background: [epoch 140]  average training loss: 3748.2910
cellbender:remove-background: [epoch 140] average test loss: 3822.3626
cellbender:remove-background: [epoch 141]  average training loss: 3750.0542
cellbender:remove-background: [epoch 142]  average training loss: 3748.1572
cellbender:remove-background: [epoch 143]  average training loss: 3749.8727
cellbender:remove-background: [epoch 144]  average training loss: 3751.9823
cellbender:remove-background: [epoch 145]  average training loss: 3750.0589
cellbender:remove-background: [epoch 145] average test loss: 3817.3856
cellbender:remove-background: [epoch 146]  average training loss: 3748.0874
cellbender:remove-background: [epoch 147]  average training loss: 3749.8179
cellbender:remove-background: [epoch 148]  average training loss: 3747.7038
cellbender:remove-background: [epoch 149]  average training loss: 3748.9866
cellbender:remove-background: [epoch 150]  average training loss: 3748.0534
cellbender:remove-background: [epoch 150] average test loss: 3820.9142
cellbender:remove-background: Saving a checkpoint...
cellbender:remove-background: Saved checkpoint as /weka/scratch/scratch/Mon/mabdel03/Tsai_Data/Cellbender_Outputs/21362537/ckpt.tar.gz
cellbender:remove-background: 2026-03-08 17:48:10
cellbender:remove-background: Inference procedure complete.
cellbender:remove-background: Attempting to unpack tarball "ckpt.tar.gz" to /tmp/tmp__r7nmik
cellbender:remove-background: Successfully unpacked tarball to /tmp/tmp__r7nmik
/tmp/tmp__r7nmik/2a57b30aab_random.pyro
/tmp/tmp__r7nmik/2a57b30aab_random.cuda
/tmp/tmp__r7nmik/2a57b30aab_model.torch
/tmp/tmp__r7nmik/2a57b30aab_optim.torch
/tmp/tmp__r7nmik/2a57b30aab_optim.pyro
/tmp/tmp__r7nmik/2a57b30aab_params.pyro
/tmp/tmp__r7nmik/2a57b30aab_train.loaderstate
/tmp/tmp__r7nmik/2a57b30aab_test.loaderstate
/tmp/tmp__r7nmik/2a57b30aab_args.npy
cellbender:remove-background: Posterior not currently included in checkpoint.
cellbender:remove-background: Computing posterior noise count probabilities in mini-batches.
cellbender:remove-background: Working on chunk (1/40)
cellbender:remove-background:     [0.04 mins per chunk]
cellbender:remove-background: Working on chunk (2/40)
cellbender:remove-background: Working on chunk (3/40)
cellbender:remove-background: Working on chunk (4/40)
cellbender:remove-background: Working on chunk (5/40)
cellbender:remove-background: Working on chunk (6/40)
cellbender:remove-background: Working on chunk (7/40)
cellbender:remove-background: Working on chunk (8/40)
cellbender:remove-background: Working on chunk (9/40)
cellbender:remove-background: Working on chunk (10/40)
cellbender:remove-background: Working on chunk (11/40)
cellbender:remove-background: Working on chunk (12/40)
cellbender:remove-background: Working on chunk (13/40)
cellbender:remove-background: Working on chunk (14/40)
cellbender:remove-background: Working on chunk (15/40)
cellbender:remove-background: Working on chunk (16/40)
cellbender:remove-background: Working on chunk (17/40)
cellbender:remove-background: Working on chunk (18/40)
cellbender:remove-background: Working on chunk (19/40)
cellbender:remove-background: Working on chunk (20/40)
cellbender:remove-background: Working on chunk (21/40)
cellbender:remove-background: Working on chunk (22/40)
cellbender:remove-background: Working on chunk (23/40)
cellbender:remove-background: Working on chunk (24/40)
cellbender:remove-background: Working on chunk (25/40)
cellbender:remove-background: Working on chunk (26/40)
cellbender:remove-background: Working on chunk (27/40)
cellbender:remove-background: Working on chunk (28/40)
cellbender:remove-background: Working on chunk (29/40)
cellbender:remove-background: Working on chunk (30/40)
cellbender:remove-background: Working on chunk (31/40)
cellbender:remove-background: Working on chunk (32/40)
cellbender:remove-background: Working on chunk (33/40)
cellbender:remove-background: Working on chunk (34/40)
cellbender:remove-background: Working on chunk (35/40)
cellbender:remove-background: Working on chunk (36/40)
cellbender:remove-background: Working on chunk (37/40)
cellbender:remove-background: Working on chunk (38/40)
cellbender:remove-background: Working on chunk (39/40)
cellbender:remove-background: Working on chunk (40/40)
cellbender:remove-background: Writing full posterior to /om/scratch/Mon/mabdel03/Tsai_Data/Cellbender_Outputs/21362537/processed_feature_bc_matrix_posterior.h5
cellbender:remove-background: Succeeded in writing posterior to file /om/scratch/Mon/mabdel03/Tsai_Data/Cellbender_Outputs/21362537/processed_feature_bc_matrix_posterior.h5
cellbender:remove-background: Added posterior object to checkpoint file.
cellbender:remove-background: 2026-03-08 17:51:36

cellbender:remove-background: Saved summary plots as /om/scratch/Mon/mabdel03/Tsai_Data/Cellbender_Outputs/21362537/processed_feature_bc_matrix.pdf
cellbender:remove-background: Saved cell barcodes in /om/scratch/Mon/mabdel03/Tsai_Data/Cellbender_Outputs/21362537/processed_feature_bc_matrix_cell_barcodes.csv
cellbender:remove-background: Computing target noise counts per gene for MCKP estimator
cellbender:remove-background: Using MCKP noise targets computed for FPR 0.0
cellbender:remove-background: Computing denoised counts using mckp estimator
cellbender:remove-background: Working on chunk (1/7)
cellbender:remove-background:     [1.17 mins per chunk]
cellbender:remove-background: Working on chunk (2/7)
cellbender:remove-background: Working on chunk (3/7)
cellbender:remove-background: Working on chunk (4/7)
cellbender:remove-background: Working on chunk (5/7)
cellbender:remove-background: Working on chunk (6/7)
cellbender:remove-background: Working on chunk (7/7)
cellbender:remove-background: 2026-03-08 18:00:02 Total MCKP estimation time = 480.46 sec
cellbender:remove-background: Succeeded in writing CellRanger format output to file /om/scratch/Mon/mabdel03/Tsai_Data/Cellbender_Outputs/21362537/processed_feature_bc_matrix.h5
cellbender:remove-background: Succeeded in writing CellRanger format output to file /om/scratch/Mon/mabdel03/Tsai_Data/Cellbender_Outputs/21362537/processed_feature_bc_matrix_filtered.h5
cellbender:remove-background: Saved output metrics as /om/scratch/Mon/mabdel03/Tsai_Data/Cellbender_Outputs/21362537/processed_feature_bc_matrix_metrics.csv
[NbConvertApp] Converting notebook tmp.report.ipynb to notebook
[NbConvertApp] Writing 482602 bytes to tmp.report.nbconvert.ipynb
[NbConvertApp] Converting notebook tmp.report.nbconvert.ipynb to html
[NbConvertApp] Writing 1057289 bytes to tmp.report.nbconvert.html
cellbender:remove-background: Succeeded in writing report to /om/scratch/Mon/mabdel03/Tsai_Data/Cellbender_Outputs/21362537/processed_feature_bc_matrix_report.html
cellbender:remove-background: Completed remove-background.
cellbender:remove-background: 2026-03-08 18:00:35

