cellbender:remove-background: Command:
cellbender remove-background --cuda --input /om/scratch/Mon/mabdel03/Tsai_Data/Cellranger_Outputs/21272396/outs/raw_feature_bc_matrix.h5 --fpr 0 --output /om/scratch/Mon/mabdel03/Tsai_Data/Cellbender_Outputs/21272396/processed_feature_bc_matrix.h5
cellbender:remove-background: CellBender 0.3.0
cellbender:remove-background: (Workflow hash cf81edd202)
cellbender:remove-background: 2026-02-01 17:52:22
cellbender:remove-background: Running remove-background
cellbender:remove-background: Loading data from /om/scratch/Mon/mabdel03/Tsai_Data/Cellranger_Outputs/21272396/outs/raw_feature_bc_matrix.h5
cellbender:remove-background: CellRanger v3 format
cellbender:remove-background: Features in dataset: 36601 Gene Expression
cellbender:remove-background: Trimming features for inference.
cellbender:remove-background: 28325 features have nonzero counts.
cellbender:remove-background: Prior on counts for cells is 4500
cellbender:remove-background: Prior on counts for empty droplets is 40
cellbender:remove-background: Excluding 8851 features that are estimated to have <= 0.1 background counts in cells.
cellbender:remove-background: Including 19474 features in the analysis.
cellbender:remove-background: Trimming barcodes for inference.
cellbender:remove-background: Excluding barcodes with counts below 20
cellbender:remove-background: Using 1370 probable cell barcodes, plus an additional 9927 barcodes, and 63409 empty droplets.
cellbender:remove-background: Largest surely-empty droplet has 48 UMI counts.
cellbender:remove-background: Attempting to unpack tarball "ckpt.tar.gz" to /tmp/tmpyv513eal
cellbender:remove-background: No saved checkpoint.
cellbender:remove-background: No checkpoint loaded.
cellbender:remove-background: Running inference...
cellbender:remove-background: [epoch 001]  average training loss: 3510.9109
cellbender:remove-background: [epoch 002]  average training loss: 3172.7988  (5.0 seconds per epoch)
cellbender:remove-background: Will checkpoint every 85 epochs
cellbender:remove-background: [epoch 003]  average training loss: 2856.3340
cellbender:remove-background: [epoch 004]  average training loss: 2628.3008
cellbender:remove-background: [epoch 005]  average training loss: 2413.2787
cellbender:remove-background: [epoch 005] average test loss: 2566.3721
cellbender:remove-background: [epoch 006]  average training loss: 2201.8813
cellbender:remove-background: [epoch 007]  average training loss: 2029.2181
cellbender:remove-background: [epoch 008]  average training loss: 1920.9470
cellbender:remove-background: [epoch 009]  average training loss: 1878.3300
cellbender:remove-background: [epoch 010]  average training loss: 1858.0568
cellbender:remove-background: [epoch 010] average test loss: 1905.6620
cellbender:remove-background: [epoch 011]  average training loss: 1855.7903
cellbender:remove-background: [epoch 012]  average training loss: 1854.6383
cellbender:remove-background: [epoch 013]  average training loss: 1850.0206
cellbender:remove-background: [epoch 014]  average training loss: 1844.2489
cellbender:remove-background: [epoch 015]  average training loss: 1844.3950
cellbender:remove-background: [epoch 015] average test loss: 1846.6467
cellbender:remove-background: [epoch 016]  average training loss: 1840.1595
cellbender:remove-background: [epoch 017]  average training loss: 1839.3715
cellbender:remove-background: [epoch 018]  average training loss: 1837.0743
cellbender:remove-background: [epoch 019]  average training loss: 1829.8039
cellbender:remove-background: [epoch 020]  average training loss: 1811.6231
cellbender:remove-background: [epoch 020] average test loss: 1807.2672
cellbender:remove-background: [epoch 021]  average training loss: 1806.9254
cellbender:remove-background: [epoch 022]  average training loss: 1800.9928
cellbender:remove-background: [epoch 023]  average training loss: 1798.7256
cellbender:remove-background: [epoch 024]  average training loss: 1797.6856
cellbender:remove-background: [epoch 025]  average training loss: 1793.2068
cellbender:remove-background: [epoch 025] average test loss: 1788.3238
cellbender:remove-background: [epoch 026]  average training loss: 1790.0692
cellbender:remove-background: [epoch 027]  average training loss: 1789.7377
cellbender:remove-background: [epoch 028]  average training loss: 1786.9938
cellbender:remove-background: [epoch 029]  average training loss: 1789.3815
cellbender:remove-background: [epoch 030]  average training loss: 1788.3018
cellbender:remove-background: [epoch 030] average test loss: 1788.8727
cellbender:remove-background: [epoch 031]  average training loss: 1784.6944
cellbender:remove-background: [epoch 032]  average training loss: 1786.5990
cellbender:remove-background: [epoch 033]  average training loss: 1787.5734
cellbender:remove-background: [epoch 034]  average training loss: 1786.0556
cellbender:remove-background: [epoch 035]  average training loss: 1783.7833
cellbender:remove-background: [epoch 035] average test loss: 1790.4124
cellbender:remove-background: [epoch 036]  average training loss: 1787.2404
cellbender:remove-background: [epoch 037]  average training loss: 1778.8570
cellbender:remove-background: [epoch 038]  average training loss: 1784.8519
cellbender:remove-background: [epoch 039]  average training loss: 1780.7065
cellbender:remove-background: [epoch 040]  average training loss: 1777.7037
cellbender:remove-background: [epoch 040] average test loss: 1794.2624
cellbender:remove-background: [epoch 041]  average training loss: 1777.2593
cellbender:remove-background: [epoch 042]  average training loss: 1791.8048
cellbender:remove-background: [epoch 043]  average training loss: 1770.9213
cellbender:remove-background: [epoch 044]  average training loss: 1768.8008
cellbender:remove-background: [epoch 045]  average training loss: 1765.6063
cellbender:remove-background: [epoch 045] average test loss: 1785.9029
cellbender:remove-background: [epoch 046]  average training loss: 1773.8995
cellbender:remove-background: [epoch 047]  average training loss: 1767.1089
cellbender:remove-background: [epoch 048]  average training loss: 1763.2873
cellbender:remove-background: [epoch 049]  average training loss: 1759.0967
cellbender:remove-background: [epoch 050]  average training loss: 1770.7938
cellbender:remove-background: [epoch 050] average test loss: 1777.7772
cellbender:remove-background: [epoch 051]  average training loss: 1785.2430
cellbender:remove-background: [epoch 052]  average training loss: 1764.8019
cellbender:remove-background: [epoch 053]  average training loss: 1777.9593
cellbender:remove-background: [epoch 054]  average training loss: 1782.4239
cellbender:remove-background: [epoch 055]  average training loss: 1761.7463
cellbender:remove-background: [epoch 055] average test loss: 1763.4215
cellbender:remove-background: [epoch 056]  average training loss: 1777.0979
cellbender:remove-background: [epoch 057]  average training loss: 1770.3671
cellbender:remove-background: [epoch 058]  average training loss: 1754.7703
cellbender:remove-background: [epoch 059]  average training loss: 1768.2485
cellbender:remove-background: [epoch 060]  average training loss: 1772.9523
cellbender:remove-background: [epoch 060] average test loss: 1768.2099
cellbender:remove-background: [epoch 061]  average training loss: 1763.9415
cellbender:remove-background: [epoch 062]  average training loss: 1808.0426
cellbender:remove-background: [epoch 063]  average training loss: 1766.8082
cellbender:remove-background: [epoch 064]  average training loss: 1781.6153
cellbender:remove-background: [epoch 065]  average training loss: 1761.8724
cellbender:remove-background: [epoch 065] average test loss: 1778.7255
cellbender:remove-background: [epoch 066]  average training loss: 1762.2040
cellbender:remove-background: [epoch 067]  average training loss: 1768.4017
cellbender:remove-background: [epoch 068]  average training loss: 1770.2526
cellbender:remove-background: [epoch 069]  average training loss: 1760.3658
cellbender:remove-background: [epoch 070]  average training loss: 1764.5597
cellbender:remove-background: [epoch 070] average test loss: 1773.6014
cellbender:remove-background: [epoch 071]  average training loss: 1772.5057
cellbender:remove-background: [epoch 072]  average training loss: 1770.0089
cellbender:remove-background: [epoch 073]  average training loss: 1771.1464
cellbender:remove-background: [epoch 074]  average training loss: 1765.9925
cellbender:remove-background: [epoch 075]  average training loss: 1771.7774
cellbender:remove-background: [epoch 075] average test loss: 1791.5151
cellbender:remove-background: [epoch 076]  average training loss: 1778.9885
cellbender:remove-background: [epoch 077]  average training loss: 1777.3987
cellbender:remove-background: [epoch 078]  average training loss: 1778.4736
cellbender:remove-background: [epoch 079]  average training loss: 1766.2734
cellbender:remove-background: [epoch 080]  average training loss: 1767.5536
cellbender:remove-background: [epoch 080] average test loss: 1902.9095
cellbender:remove-background: [epoch 081]  average training loss: 1775.7821
cellbender:remove-background: [epoch 082]  average training loss: 1793.3019
cellbender:remove-background: [epoch 083]  average training loss: 1796.7353
cellbender:remove-background: [epoch 084]  average training loss: 1783.5470
cellbender:remove-background: [epoch 085]  average training loss: 1781.8527
cellbender:remove-background: [epoch 085] average test loss: 1798.5326
cellbender:remove-background: Saving a checkpoint...
cellbender:remove-background: Saved checkpoint as /weka/scratch/scratch/Mon/mabdel03/Tsai_Data/Cellbender_Outputs/21272396/ckpt.tar.gz
cellbender:remove-background: [epoch 086]  average training loss: 1775.8826
cellbender:remove-background: [epoch 087]  average training loss: 1768.1135
cellbender:remove-background: [epoch 088]  average training loss: 1767.4842
cellbender:remove-background: [epoch 089]  average training loss: 1775.3670
cellbender:remove-background: [epoch 090]  average training loss: 1769.4974
cellbender:remove-background: [epoch 090] average test loss: 1804.4869
cellbender:remove-background: [epoch 091]  average training loss: 1780.7759
cellbender:remove-background: [epoch 092]  average training loss: 1780.1033
cellbender:remove-background: [epoch 093]  average training loss: 1774.9083
cellbender:remove-background: [epoch 094]  average training loss: 1782.5378
cellbender:remove-background: [epoch 095]  average training loss: 1766.5704
cellbender:remove-background: [epoch 095] average test loss: 1817.5322
cellbender:remove-background: [epoch 096]  average training loss: 1779.7992
cellbender:remove-background: [epoch 097]  average training loss: 1784.3508
cellbender:remove-background: [epoch 098]  average training loss: 1768.7778
cellbender:remove-background: [epoch 099]  average training loss: 1763.9118
cellbender:remove-background: [epoch 100]  average training loss: 1768.9443
cellbender:remove-background: [epoch 100] average test loss: 1799.3236
cellbender:remove-background: [epoch 101]  average training loss: 1774.5450
cellbender:remove-background: [epoch 102]  average training loss: 1781.0814
cellbender:remove-background: [epoch 103]  average training loss: 1775.9149
cellbender:remove-background: [epoch 104]  average training loss: 1773.9534
cellbender:remove-background: [epoch 105]  average training loss: 1778.8734
cellbender:remove-background: [epoch 105] average test loss: 1797.7218
cellbender:remove-background: [epoch 106]  average training loss: 1769.3039
cellbender:remove-background: [epoch 107]  average training loss: 1775.4275
cellbender:remove-background: [epoch 108]  average training loss: 1764.6012
cellbender:remove-background: [epoch 109]  average training loss: 1763.4379
cellbender:remove-background: [epoch 110]  average training loss: 1767.9250
cellbender:remove-background: [epoch 110] average test loss: 1819.1989
cellbender:remove-background: [epoch 111]  average training loss: 1784.0997
cellbender:remove-background: [epoch 112]  average training loss: 1787.3041
cellbender:remove-background: [epoch 113]  average training loss: 1762.8272
cellbender:remove-background: [epoch 114]  average training loss: 1766.3908
cellbender:remove-background: [epoch 115]  average training loss: 1772.7614
cellbender:remove-background: [epoch 115] average test loss: 1812.2321
cellbender:remove-background: [epoch 116]  average training loss: 1770.4752
cellbender:remove-background: [epoch 117]  average training loss: 1775.8408
cellbender:remove-background: [epoch 118]  average training loss: 1769.5908
cellbender:remove-background: [epoch 119]  average training loss: 1765.6084
cellbender:remove-background: [epoch 120]  average training loss: 1770.4548
cellbender:remove-background: [epoch 120] average test loss: 1799.5349
cellbender:remove-background: [epoch 121]  average training loss: 1764.2008
cellbender:remove-background: [epoch 122]  average training loss: 1764.7329
cellbender:remove-background: [epoch 123]  average training loss: 1768.8001
cellbender:remove-background: [epoch 124]  average training loss: 1766.5013
cellbender:remove-background: [epoch 125]  average training loss: 1768.3490
cellbender:remove-background: [epoch 125] average test loss: 1816.2147
cellbender:remove-background: [epoch 126]  average training loss: 1768.1654
cellbender:remove-background: [epoch 127]  average training loss: 1765.2402
cellbender:remove-background: [epoch 128]  average training loss: 1777.9391
cellbender:remove-background: [epoch 129]  average training loss: 1771.7148
cellbender:remove-background: [epoch 130]  average training loss: 1780.2585
cellbender:remove-background: [epoch 130] average test loss: 1822.8727
cellbender:remove-background: [epoch 131]  average training loss: 1784.6523
cellbender:remove-background: [epoch 132]  average training loss: 1775.2208
cellbender:remove-background: [epoch 133]  average training loss: 1769.8826
cellbender:remove-background: [epoch 134]  average training loss: 1769.4639
cellbender:remove-background: [epoch 135]  average training loss: 1771.4533
cellbender:remove-background: [epoch 135] average test loss: 1829.9690
cellbender:remove-background: [epoch 136]  average training loss: 1769.9662
cellbender:remove-background: [epoch 137]  average training loss: 1767.2157
cellbender:remove-background: [epoch 138]  average training loss: 1769.4768
cellbender:remove-background: [epoch 139]  average training loss: 1767.7717
cellbender:remove-background: [epoch 140]  average training loss: 1767.5059
cellbender:remove-background: [epoch 140] average test loss: 1811.5877
cellbender:remove-background: [epoch 141]  average training loss: 1766.2478
cellbender:remove-background: [epoch 142]  average training loss: 1769.6889
cellbender:remove-background: [epoch 143]  average training loss: 1765.1964
cellbender:remove-background: [epoch 144]  average training loss: 1768.5165
cellbender:remove-background: [epoch 145]  average training loss: 1772.4611
cellbender:remove-background: [epoch 145] average test loss: 1805.6458
cellbender:remove-background: [epoch 146]  average training loss: 1767.0331
cellbender:remove-background: [epoch 147]  average training loss: 1766.0727
cellbender:remove-background: [epoch 148]  average training loss: 1765.1750
cellbender:remove-background: [epoch 149]  average training loss: 1771.2815
cellbender:remove-background: [epoch 150]  average training loss: 1765.8121
cellbender:remove-background: [epoch 150] average test loss: 1802.1597
cellbender:remove-background: Saving a checkpoint...
cellbender:remove-background: Saved checkpoint as /weka/scratch/scratch/Mon/mabdel03/Tsai_Data/Cellbender_Outputs/21272396/ckpt.tar.gz
cellbender:remove-background: 2026-02-01 18:06:55
cellbender:remove-background: Inference procedure complete.
cellbender:remove-background: Attempting to unpack tarball "ckpt.tar.gz" to /tmp/tmp9yq886_z
cellbender:remove-background: Successfully unpacked tarball to /tmp/tmp9yq886_z
/tmp/tmp9yq886_z/cf81edd202_random.pyro
/tmp/tmp9yq886_z/cf81edd202_random.cuda
/tmp/tmp9yq886_z/cf81edd202_model.torch
/tmp/tmp9yq886_z/cf81edd202_optim.torch
/tmp/tmp9yq886_z/cf81edd202_optim.pyro
/tmp/tmp9yq886_z/cf81edd202_params.pyro
/tmp/tmp9yq886_z/cf81edd202_train.loaderstate
/tmp/tmp9yq886_z/cf81edd202_test.loaderstate
/tmp/tmp9yq886_z/cf81edd202_args.npy
cellbender:remove-background: Posterior not currently included in checkpoint.
cellbender:remove-background: Computing posterior noise count probabilities in mini-batches.
cellbender:remove-background: Working on chunk (1/23)
cellbender:remove-background:     [0.03 mins per chunk]
cellbender:remove-background: Working on chunk (2/23)
cellbender:remove-background: Working on chunk (3/23)
cellbender:remove-background: Working on chunk (4/23)
cellbender:remove-background: Working on chunk (5/23)
cellbender:remove-background: Working on chunk (6/23)
cellbender:remove-background: Working on chunk (7/23)
cellbender:remove-background: Working on chunk (8/23)
cellbender:remove-background: Working on chunk (9/23)
cellbender:remove-background: Working on chunk (10/23)
cellbender:remove-background: Working on chunk (11/23)
cellbender:remove-background: Working on chunk (12/23)
cellbender:remove-background: Working on chunk (13/23)
cellbender:remove-background: Working on chunk (14/23)
cellbender:remove-background: Working on chunk (15/23)
cellbender:remove-background: Working on chunk (16/23)
cellbender:remove-background: Working on chunk (17/23)
cellbender:remove-background: Working on chunk (18/23)
cellbender:remove-background: Working on chunk (19/23)
cellbender:remove-background: Working on chunk (20/23)
cellbender:remove-background: Working on chunk (21/23)
cellbender:remove-background: Working on chunk (22/23)
cellbender:remove-background: Working on chunk (23/23)
cellbender:remove-background: Writing full posterior to /om/scratch/Mon/mabdel03/Tsai_Data/Cellbender_Outputs/21272396/processed_feature_bc_matrix_posterior.h5
cellbender:remove-background: Succeeded in writing posterior to file /om/scratch/Mon/mabdel03/Tsai_Data/Cellbender_Outputs/21272396/processed_feature_bc_matrix_posterior.h5
cellbender:remove-background: Added posterior object to checkpoint file.
cellbender:remove-background: 2026-02-01 18:09:27

cellbender:remove-background: Saved summary plots as /om/scratch/Mon/mabdel03/Tsai_Data/Cellbender_Outputs/21272396/processed_feature_bc_matrix.pdf
cellbender:remove-background: Saved cell barcodes in /om/scratch/Mon/mabdel03/Tsai_Data/Cellbender_Outputs/21272396/processed_feature_bc_matrix_cell_barcodes.csv
cellbender:remove-background: Computing target noise counts per gene for MCKP estimator
cellbender:remove-background: Using MCKP noise targets computed for FPR 0.0
cellbender:remove-background: Computing denoised counts using mckp estimator
cellbender:remove-background: Working on chunk (1/7)
cellbender:remove-background:     [0.63 mins per chunk]
cellbender:remove-background: Working on chunk (2/7)
cellbender:remove-background: Working on chunk (3/7)
cellbender:remove-background: Working on chunk (4/7)
cellbender:remove-background: Working on chunk (5/7)
cellbender:remove-background: Working on chunk (6/7)
cellbender:remove-background: Working on chunk (7/7)
cellbender:remove-background: 2026-02-01 18:14:10 Total MCKP estimation time = 269.46 sec
cellbender:remove-background: Succeeded in writing CellRanger format output to file /om/scratch/Mon/mabdel03/Tsai_Data/Cellbender_Outputs/21272396/processed_feature_bc_matrix.h5
cellbender:remove-background: Succeeded in writing CellRanger format output to file /om/scratch/Mon/mabdel03/Tsai_Data/Cellbender_Outputs/21272396/processed_feature_bc_matrix_filtered.h5
cellbender:remove-background: Saved output metrics as /om/scratch/Mon/mabdel03/Tsai_Data/Cellbender_Outputs/21272396/processed_feature_bc_matrix_metrics.csv
[NbConvertApp] Converting notebook tmp.report.ipynb to notebook
[NbConvertApp] Writing 463353 bytes to tmp.report.nbconvert.ipynb
[NbConvertApp] Converting notebook tmp.report.nbconvert.ipynb to html
[NbConvertApp] Writing 1038040 bytes to tmp.report.nbconvert.html
cellbender:remove-background: Succeeded in writing report to /om/scratch/Mon/mabdel03/Tsai_Data/Cellbender_Outputs/21272396/processed_feature_bc_matrix_report.html
cellbender:remove-background: Completed remove-background.
cellbender:remove-background: 2026-02-01 18:14:38

