cellbender:remove-background: Command:
cellbender remove-background --cuda --input /om/scratch/Mon/mabdel03/Tsai_Data/Cellranger_Outputs/50106442/outs/raw_feature_bc_matrix.h5 --fpr 0 --output /om/scratch/Mon/mabdel03/Tsai_Data/Cellbender_Outputs/50106442/processed_feature_bc_matrix.h5
cellbender:remove-background: CellBender 0.3.0
cellbender:remove-background: (Workflow hash 6fc2099f8b)
cellbender:remove-background: 2026-02-01 22:00:45
cellbender:remove-background: Running remove-background
cellbender:remove-background: Loading data from /om/scratch/Mon/mabdel03/Tsai_Data/Cellranger_Outputs/50106442/outs/raw_feature_bc_matrix.h5
cellbender:remove-background: CellRanger v3 format
cellbender:remove-background: Features in dataset: 36601 Gene Expression
cellbender:remove-background: Trimming features for inference.
cellbender:remove-background: 32139 features have nonzero counts.
cellbender:remove-background: Prior on counts for cells is 8935
cellbender:remove-background: Prior on counts for empty droplets is 132
cellbender:remove-background: Excluding 9853 features that are estimated to have <= 0.1 background counts in cells.
cellbender:remove-background: Including 22286 features in the analysis.
cellbender:remove-background: Trimming barcodes for inference.
cellbender:remove-background: Excluding barcodes with counts below 66
cellbender:remove-background: Using 2947 probable cell barcodes, plus an additional 9894 barcodes, and 58058 empty droplets.
cellbender:remove-background: Largest surely-empty droplet has 162 UMI counts.
cellbender:remove-background: Attempting to unpack tarball "ckpt.tar.gz" to /tmp/tmp4df4l0up
cellbender:remove-background: No saved checkpoint.
cellbender:remove-background: No checkpoint loaded.
cellbender:remove-background: Running inference...
cellbender:remove-background: [epoch 001]  average training loss: 10444.6165
cellbender:remove-background: [epoch 002]  average training loss: 8935.7608  (4.5 seconds per epoch)
cellbender:remove-background: Will checkpoint every 93 epochs
cellbender:remove-background: [epoch 003]  average training loss: 7405.1643
cellbender:remove-background: [epoch 004]  average training loss: 6659.1526
cellbender:remove-background: [epoch 005]  average training loss: 6275.7789
cellbender:remove-background: [epoch 005] average test loss: 6112.9906
cellbender:remove-background: [epoch 006]  average training loss: 5913.8025
cellbender:remove-background: [epoch 007]  average training loss: 5810.5157
cellbender:remove-background: [epoch 008]  average training loss: 5845.9143
cellbender:remove-background: [epoch 009]  average training loss: 5777.3534
cellbender:remove-background: [epoch 010]  average training loss: 5724.5853
cellbender:remove-background: [epoch 010] average test loss: 5591.9522
cellbender:remove-background: [epoch 011]  average training loss: 5768.7483
cellbender:remove-background: [epoch 012]  average training loss: 5672.7433
cellbender:remove-background: [epoch 013]  average training loss: 5678.5500
cellbender:remove-background: [epoch 014]  average training loss: 5525.8521
cellbender:remove-background: [epoch 015]  average training loss: 5417.8387
cellbender:remove-background: [epoch 015] average test loss: 5320.4911
cellbender:remove-background: [epoch 016]  average training loss: 5384.2626
cellbender:remove-background: [epoch 017]  average training loss: 5380.7130
cellbender:remove-background: [epoch 018]  average training loss: 5358.9716
cellbender:remove-background: [epoch 019]  average training loss: 5336.6892
cellbender:remove-background: [epoch 020]  average training loss: 5320.8175
cellbender:remove-background: [epoch 020] average test loss: 5211.8247
cellbender:remove-background: [epoch 021]  average training loss: 5323.2084
cellbender:remove-background: [epoch 022]  average training loss: 5291.0061
cellbender:remove-background: [epoch 023]  average training loss: 5276.0534
cellbender:remove-background: [epoch 024]  average training loss: 5263.6336
cellbender:remove-background: [epoch 025]  average training loss: 5232.7051
cellbender:remove-background: [epoch 025] average test loss: 5087.5227
cellbender:remove-background: [epoch 026]  average training loss: 5238.1846
cellbender:remove-background: [epoch 027]  average training loss: 5202.3349
cellbender:remove-background: [epoch 028]  average training loss: 5171.3514
cellbender:remove-background: [epoch 029]  average training loss: 5157.2465
cellbender:remove-background: [epoch 030]  average training loss: 5132.6940
cellbender:remove-background: [epoch 030] average test loss: 4986.9768
cellbender:remove-background: [epoch 031]  average training loss: 5130.2791
cellbender:remove-background: [epoch 032]  average training loss: 5120.9185
cellbender:remove-background: [epoch 033]  average training loss: 5109.1874
cellbender:remove-background: [epoch 034]  average training loss: 5106.6356
cellbender:remove-background: [epoch 035]  average training loss: 5100.2393
cellbender:remove-background: [epoch 035] average test loss: 4966.0517
cellbender:remove-background: [epoch 036]  average training loss: 5095.0667
cellbender:remove-background: [epoch 037]  average training loss: 5086.9605
cellbender:remove-background: [epoch 038]  average training loss: 5080.1179
cellbender:remove-background: [epoch 039]  average training loss: 5079.2821
cellbender:remove-background: [epoch 040]  average training loss: 5071.0639
cellbender:remove-background: [epoch 040] average test loss: 4946.9033
cellbender:remove-background: [epoch 041]  average training loss: 5069.6745
cellbender:remove-background: [epoch 042]  average training loss: 5066.6135
cellbender:remove-background: [epoch 043]  average training loss: 5068.4635
cellbender:remove-background: [epoch 044]  average training loss: 5055.0713
cellbender:remove-background: [epoch 045]  average training loss: 5049.5714
cellbender:remove-background: [epoch 045] average test loss: 4940.7708
cellbender:remove-background: [epoch 046]  average training loss: 5045.2561
cellbender:remove-background: [epoch 047]  average training loss: 5040.3678
cellbender:remove-background: [epoch 048]  average training loss: 5037.2463
cellbender:remove-background: [epoch 049]  average training loss: 5038.7858
cellbender:remove-background: [epoch 050]  average training loss: 5029.3370
cellbender:remove-background: [epoch 050] average test loss: 4894.0500
cellbender:remove-background: [epoch 051]  average training loss: 5031.0812
cellbender:remove-background: [epoch 052]  average training loss: 5026.1523
cellbender:remove-background: [epoch 053]  average training loss: 5028.7253
cellbender:remove-background: [epoch 054]  average training loss: 5021.6928
cellbender:remove-background: [epoch 055]  average training loss: 5009.9612
cellbender:remove-background: [epoch 055] average test loss: 4891.9033
cellbender:remove-background: [epoch 056]  average training loss: 5015.3245
cellbender:remove-background: [epoch 057]  average training loss: 5011.3744
cellbender:remove-background: [epoch 058]  average training loss: 5017.8801
cellbender:remove-background: [epoch 059]  average training loss: 5013.4583
cellbender:remove-background: [epoch 060]  average training loss: 5010.5446
cellbender:remove-background: [epoch 060] average test loss: 4927.1032
cellbender:remove-background: [epoch 061]  average training loss: 5008.4923
cellbender:remove-background: [epoch 062]  average training loss: 5012.3243
cellbender:remove-background: [epoch 063]  average training loss: 5011.6026
cellbender:remove-background: [epoch 064]  average training loss: 5017.4382
cellbender:remove-background: [epoch 065]  average training loss: 5015.8475
cellbender:remove-background: [epoch 065] average test loss: 4935.5778
cellbender:remove-background: [epoch 066]  average training loss: 5003.9073
cellbender:remove-background: [epoch 067]  average training loss: 5004.8935
cellbender:remove-background: [epoch 068]  average training loss: 5004.2415
cellbender:remove-background: [epoch 069]  average training loss: 5006.7274
cellbender:remove-background: [epoch 070]  average training loss: 5002.9256
cellbender:remove-background: [epoch 070] average test loss: 4888.6450
cellbender:remove-background: [epoch 071]  average training loss: 4999.3361
cellbender:remove-background: [epoch 072]  average training loss: 4993.4631
cellbender:remove-background: [epoch 073]  average training loss: 4998.5050
cellbender:remove-background: [epoch 074]  average training loss: 4993.9599
cellbender:remove-background: [epoch 075]  average training loss: 4994.2878
cellbender:remove-background: [epoch 075] average test loss: 4932.9071
cellbender:remove-background: [epoch 076]  average training loss: 5001.9932
cellbender:remove-background: [epoch 077]  average training loss: 4992.9848
cellbender:remove-background: [epoch 078]  average training loss: 4988.4528
cellbender:remove-background: [epoch 079]  average training loss: 4989.8867
cellbender:remove-background: [epoch 080]  average training loss: 4992.8671
cellbender:remove-background: [epoch 080] average test loss: 4886.4915
cellbender:remove-background: [epoch 081]  average training loss: 4991.9688
cellbender:remove-background: [epoch 082]  average training loss: 4990.0524
cellbender:remove-background: [epoch 083]  average training loss: 4989.2937
cellbender:remove-background: [epoch 084]  average training loss: 4986.4080
cellbender:remove-background: [epoch 085]  average training loss: 4989.1833
cellbender:remove-background: [epoch 085] average test loss: 4894.4278
cellbender:remove-background: [epoch 086]  average training loss: 4984.3848
cellbender:remove-background: [epoch 087]  average training loss: 4989.5879
cellbender:remove-background: [epoch 088]  average training loss: 5002.1959
cellbender:remove-background: [epoch 089]  average training loss: 4988.6667
cellbender:remove-background: [epoch 090]  average training loss: 4988.5530
cellbender:remove-background: [epoch 090] average test loss: 4886.5582
cellbender:remove-background: [epoch 091]  average training loss: 4984.2992
cellbender:remove-background: [epoch 092]  average training loss: 4989.5245
cellbender:remove-background: [epoch 093]  average training loss: 4983.0126
cellbender:remove-background: Saving a checkpoint...
cellbender:remove-background: Saved checkpoint as /weka/scratch/scratch/Mon/mabdel03/Tsai_Data/Cellbender_Outputs/50106442/ckpt.tar.gz
cellbender:remove-background: [epoch 094]  average training loss: 4979.6410
cellbender:remove-background: [epoch 095]  average training loss: 4979.5418
cellbender:remove-background: [epoch 095] average test loss: 4907.9959
cellbender:remove-background: [epoch 096]  average training loss: 4979.2939
cellbender:remove-background: [epoch 097]  average training loss: 4983.2672
cellbender:remove-background: [epoch 098]  average training loss: 4983.9590
cellbender:remove-background: [epoch 099]  average training loss: 4979.1308
cellbender:remove-background: [epoch 100]  average training loss: 4986.5202
cellbender:remove-background: [epoch 100] average test loss: 4915.9447
cellbender:remove-background: [epoch 101]  average training loss: 4988.6819
cellbender:remove-background: [epoch 102]  average training loss: 4985.2489
cellbender:remove-background: [epoch 103]  average training loss: 4989.5522
cellbender:remove-background: [epoch 104]  average training loss: 4989.8075
cellbender:remove-background: [epoch 105]  average training loss: 4975.4386
cellbender:remove-background: [epoch 105] average test loss: 4921.5300
cellbender:remove-background: [epoch 106]  average training loss: 4977.1025
cellbender:remove-background: [epoch 107]  average training loss: 4983.5942
cellbender:remove-background: [epoch 108]  average training loss: 4978.2034
cellbender:remove-background: [epoch 109]  average training loss: 4980.1780
cellbender:remove-background: [epoch 110]  average training loss: 4979.1228
cellbender:remove-background: [epoch 110] average test loss: 4902.8292
cellbender:remove-background: [epoch 111]  average training loss: 4978.5872
cellbender:remove-background: [epoch 112]  average training loss: 4974.9251
cellbender:remove-background: [epoch 113]  average training loss: 4968.9444
cellbender:remove-background: [epoch 114]  average training loss: 4973.3654
cellbender:remove-background: [epoch 115]  average training loss: 4977.5995
cellbender:remove-background: [epoch 115] average test loss: 4905.4550
cellbender:remove-background: [epoch 116]  average training loss: 4972.4461
cellbender:remove-background: [epoch 117]  average training loss: 4977.2435
cellbender:remove-background: [epoch 118]  average training loss: 4971.6605
cellbender:remove-background: [epoch 119]  average training loss: 4973.7686
cellbender:remove-background: [epoch 120]  average training loss: 4970.6876
cellbender:remove-background: [epoch 120] average test loss: 4918.6724
cellbender:remove-background: [epoch 121]  average training loss: 4971.3583
cellbender:remove-background: [epoch 122]  average training loss: 4966.5148
cellbender:remove-background: [epoch 123]  average training loss: 4964.6029
cellbender:remove-background: [epoch 124]  average training loss: 4971.8890
cellbender:remove-background: [epoch 125]  average training loss: 4976.9079
cellbender:remove-background: [epoch 125] average test loss: 4891.0300
cellbender:remove-background: [epoch 126]  average training loss: 4969.5006
cellbender:remove-background: [epoch 127]  average training loss: 4970.8665
cellbender:remove-background: [epoch 128]  average training loss: 4959.8241
cellbender:remove-background: [epoch 129]  average training loss: 4972.5261
cellbender:remove-background: [epoch 130]  average training loss: 4961.6007
cellbender:remove-background: [epoch 130] average test loss: 4901.0694
cellbender:remove-background: [epoch 131]  average training loss: 4968.0771
cellbender:remove-background: [epoch 132]  average training loss: 4969.3918
cellbender:remove-background: [epoch 133]  average training loss: 4968.3139
cellbender:remove-background: [epoch 134]  average training loss: 4967.6068
cellbender:remove-background: [epoch 135]  average training loss: 4966.5030
cellbender:remove-background: [epoch 135] average test loss: 4904.3246
cellbender:remove-background: [epoch 136]  average training loss: 4971.4045
cellbender:remove-background: [epoch 137]  average training loss: 4970.2158
cellbender:remove-background: [epoch 138]  average training loss: 4968.4295
cellbender:remove-background: [epoch 139]  average training loss: 4968.3739
cellbender:remove-background: [epoch 140]  average training loss: 4964.7293
cellbender:remove-background: [epoch 140] average test loss: 4899.2636
cellbender:remove-background: [epoch 141]  average training loss: 4962.1904
cellbender:remove-background: [epoch 142]  average training loss: 4961.2267
cellbender:remove-background: [epoch 143]  average training loss: 4963.9686
cellbender:remove-background: [epoch 144]  average training loss: 4961.8774
cellbender:remove-background: [epoch 145]  average training loss: 4967.0685
cellbender:remove-background: [epoch 145] average test loss: 4906.4582
cellbender:remove-background: [epoch 146]  average training loss: 4968.5950
cellbender:remove-background: [epoch 147]  average training loss: 4966.0563
cellbender:remove-background: [epoch 148]  average training loss: 4965.2910
cellbender:remove-background: [epoch 149]  average training loss: 4965.5297
cellbender:remove-background: [epoch 150]  average training loss: 4963.2379
cellbender:remove-background: [epoch 150] average test loss: 4902.3117
cellbender:remove-background: Saving a checkpoint...
cellbender:remove-background: Saved checkpoint as /weka/scratch/scratch/Mon/mabdel03/Tsai_Data/Cellbender_Outputs/50106442/ckpt.tar.gz
cellbender:remove-background: 2026-02-01 22:14:46
cellbender:remove-background: Inference procedure complete.
cellbender:remove-background: Attempting to unpack tarball "ckpt.tar.gz" to /tmp/tmpkdxqoyto
cellbender:remove-background: Successfully unpacked tarball to /tmp/tmpkdxqoyto
/tmp/tmpkdxqoyto/6fc2099f8b_random.pyro
/tmp/tmpkdxqoyto/6fc2099f8b_random.cuda
/tmp/tmpkdxqoyto/6fc2099f8b_model.torch
/tmp/tmpkdxqoyto/6fc2099f8b_optim.torch
/tmp/tmpkdxqoyto/6fc2099f8b_optim.pyro
/tmp/tmpkdxqoyto/6fc2099f8b_params.pyro
/tmp/tmpkdxqoyto/6fc2099f8b_train.loaderstate
/tmp/tmpkdxqoyto/6fc2099f8b_test.loaderstate
/tmp/tmpkdxqoyto/6fc2099f8b_args.npy
cellbender:remove-background: Posterior not currently included in checkpoint.
cellbender:remove-background: Computing posterior noise count probabilities in mini-batches.
cellbender:remove-background: Working on chunk (1/54)
cellbender:remove-background:     [0.04 mins per chunk]
cellbender:remove-background: Working on chunk (2/54)
cellbender:remove-background: Working on chunk (3/54)
cellbender:remove-background: Working on chunk (4/54)
cellbender:remove-background: Working on chunk (5/54)
cellbender:remove-background: Working on chunk (6/54)
cellbender:remove-background: Working on chunk (7/54)
cellbender:remove-background: Working on chunk (8/54)
cellbender:remove-background: Working on chunk (9/54)
cellbender:remove-background: Working on chunk (10/54)
cellbender:remove-background: Working on chunk (11/54)
cellbender:remove-background: Working on chunk (12/54)
cellbender:remove-background: Working on chunk (13/54)
cellbender:remove-background: Working on chunk (14/54)
cellbender:remove-background: Working on chunk (15/54)
cellbender:remove-background: Working on chunk (16/54)
cellbender:remove-background: Working on chunk (17/54)
cellbender:remove-background: Working on chunk (18/54)
cellbender:remove-background: Working on chunk (19/54)
cellbender:remove-background: Working on chunk (20/54)
cellbender:remove-background: Working on chunk (21/54)
cellbender:remove-background: Working on chunk (22/54)
cellbender:remove-background: Working on chunk (23/54)
cellbender:remove-background: Working on chunk (24/54)
cellbender:remove-background: Working on chunk (25/54)
cellbender:remove-background: Working on chunk (26/54)
cellbender:remove-background: Working on chunk (27/54)
cellbender:remove-background: Working on chunk (28/54)
cellbender:remove-background: Working on chunk (29/54)
cellbender:remove-background: Working on chunk (30/54)
cellbender:remove-background: Working on chunk (31/54)
cellbender:remove-background: Working on chunk (32/54)
cellbender:remove-background: Working on chunk (33/54)
cellbender:remove-background: Working on chunk (34/54)
cellbender:remove-background: Working on chunk (35/54)
cellbender:remove-background: Working on chunk (36/54)
cellbender:remove-background: Working on chunk (37/54)
cellbender:remove-background: Working on chunk (38/54)
cellbender:remove-background: Working on chunk (39/54)
cellbender:remove-background: Working on chunk (40/54)
cellbender:remove-background: Working on chunk (41/54)
cellbender:remove-background: Working on chunk (42/54)
cellbender:remove-background: Working on chunk (43/54)
cellbender:remove-background: Working on chunk (44/54)
cellbender:remove-background: Working on chunk (45/54)
cellbender:remove-background: Working on chunk (46/54)
cellbender:remove-background: Working on chunk (47/54)
cellbender:remove-background: Working on chunk (48/54)
cellbender:remove-background: Working on chunk (49/54)
cellbender:remove-background: Working on chunk (50/54)
cellbender:remove-background: Working on chunk (51/54)
cellbender:remove-background: Working on chunk (52/54)
cellbender:remove-background: Working on chunk (53/54)
cellbender:remove-background: Working on chunk (54/54)
cellbender:remove-background: Writing full posterior to /om/scratch/Mon/mabdel03/Tsai_Data/Cellbender_Outputs/50106442/processed_feature_bc_matrix_posterior.h5
cellbender:remove-background: Succeeded in writing posterior to file /om/scratch/Mon/mabdel03/Tsai_Data/Cellbender_Outputs/50106442/processed_feature_bc_matrix_posterior.h5
cellbender:remove-background: Added posterior object to checkpoint file.
cellbender:remove-background: 2026-02-01 22:19:49

cellbender:remove-background: Saved summary plots as /om/scratch/Mon/mabdel03/Tsai_Data/Cellbender_Outputs/50106442/processed_feature_bc_matrix.pdf
cellbender:remove-background: Saved cell barcodes in /om/scratch/Mon/mabdel03/Tsai_Data/Cellbender_Outputs/50106442/processed_feature_bc_matrix_cell_barcodes.csv
cellbender:remove-background: Computing target noise counts per gene for MCKP estimator
cellbender:remove-background: Using MCKP noise targets computed for FPR 0.0
cellbender:remove-background: Computing denoised counts using mckp estimator
cellbender:remove-background: Working on chunk (1/7)
cellbender:remove-background:     [2.31 mins per chunk]
cellbender:remove-background: Working on chunk (2/7)
cellbender:remove-background: Working on chunk (3/7)
cellbender:remove-background: Working on chunk (4/7)
cellbender:remove-background: Working on chunk (5/7)
cellbender:remove-background: Working on chunk (6/7)
cellbender:remove-background: Working on chunk (7/7)
cellbender:remove-background: 2026-02-01 22:36:42 Total MCKP estimation time = 971.21 sec
cellbender:remove-background: Succeeded in writing CellRanger format output to file /om/scratch/Mon/mabdel03/Tsai_Data/Cellbender_Outputs/50106442/processed_feature_bc_matrix.h5
cellbender:remove-background: Succeeded in writing CellRanger format output to file /om/scratch/Mon/mabdel03/Tsai_Data/Cellbender_Outputs/50106442/processed_feature_bc_matrix_filtered.h5
cellbender:remove-background: Saved output metrics as /om/scratch/Mon/mabdel03/Tsai_Data/Cellbender_Outputs/50106442/processed_feature_bc_matrix_metrics.csv
[NbConvertApp] Converting notebook tmp.report.ipynb to notebook
[NbConvertApp] Writing 514584 bytes to tmp.report.nbconvert.ipynb
[NbConvertApp] Converting notebook tmp.report.nbconvert.ipynb to html
[NbConvertApp] Writing 1089271 bytes to tmp.report.nbconvert.html
cellbender:remove-background: Succeeded in writing report to /om/scratch/Mon/mabdel03/Tsai_Data/Cellbender_Outputs/50106442/processed_feature_bc_matrix_report.html
cellbender:remove-background: Completed remove-background.
cellbender:remove-background: 2026-02-01 22:37:30

