cellbender:remove-background: Command:
cellbender remove-background --cuda --input /tmp/cellbender_44651274_161/raw_feature_bc_matrix.h5 --fpr 0 --output /om/scratch/Mon/mabdel03/Tsai_Data/Cellbender_Outputs/20780035/processed_feature_bc_matrix.h5
cellbender:remove-background: CellBender 0.3.0
cellbender:remove-background: (Workflow hash c523bc93b6)
cellbender:remove-background: 2026-01-31 22:43:28
cellbender:remove-background: Running remove-background
cellbender:remove-background: Loading data from /tmp/cellbender_44651274_161/raw_feature_bc_matrix.h5
cellbender:remove-background: CellRanger v3 format
cellbender:remove-background: Features in dataset: 36601 Gene Expression
cellbender:remove-background: Trimming features for inference.
cellbender:remove-background: 31568 features have nonzero counts.
cellbender:remove-background: Prior on counts for cells is 8965
cellbender:remove-background: Prior on counts for empty droplets is 120
cellbender:remove-background: Excluding 10152 features that are estimated to have <= 0.1 background counts in cells.
cellbender:remove-background: Including 21416 features in the analysis.
cellbender:remove-background: Trimming barcodes for inference.
cellbender:remove-background: Excluding barcodes with counts below 60
cellbender:remove-background: Using 3693 probable cell barcodes, plus an additional 11847 barcodes, and 63543 empty droplets.
cellbender:remove-background: Largest surely-empty droplet has 146 UMI counts.
cellbender:remove-background: Attempting to unpack tarball "ckpt.tar.gz" to /tmp/tmpgf21jyx9
cellbender:remove-background: No saved checkpoint.
cellbender:remove-background: No checkpoint loaded.
cellbender:remove-background: Running inference...
cellbender:remove-background: [epoch 001]  average training loss: 10607.4400
cellbender:remove-background: [epoch 002]  average training loss: 8396.0308  (5.2 seconds per epoch)
cellbender:remove-background: Will checkpoint every 81 epochs
cellbender:remove-background: [epoch 003]  average training loss: 6921.5637
cellbender:remove-background: [epoch 004]  average training loss: 6222.5247
cellbender:remove-background: [epoch 005]  average training loss: 5697.2563
cellbender:remove-background: [epoch 005] average test loss: 5670.0645
cellbender:remove-background: [epoch 006]  average training loss: 5571.0402
cellbender:remove-background: [epoch 007]  average training loss: 5520.7142
cellbender:remove-background: [epoch 008]  average training loss: 5439.6848
cellbender:remove-background: [epoch 009]  average training loss: 5445.1013
cellbender:remove-background: [epoch 010]  average training loss: 5390.0736
cellbender:remove-background: [epoch 010] average test loss: 5251.6103
cellbender:remove-background: [epoch 011]  average training loss: 5386.9676
cellbender:remove-background: [epoch 012]  average training loss: 5345.2889
cellbender:remove-background: [epoch 013]  average training loss: 5224.2596
cellbender:remove-background: [epoch 014]  average training loss: 5145.5303
cellbender:remove-background: [epoch 015]  average training loss: 5114.0112
cellbender:remove-background: [epoch 015] average test loss: 4952.5014
cellbender:remove-background: [epoch 016]  average training loss: 5099.7206
cellbender:remove-background: [epoch 017]  average training loss: 5089.5412
cellbender:remove-background: [epoch 018]  average training loss: 5081.7082
cellbender:remove-background: [epoch 019]  average training loss: 5048.1189
cellbender:remove-background: [epoch 020]  average training loss: 5051.3743
cellbender:remove-background: [epoch 020] average test loss: 4918.3758
cellbender:remove-background: [epoch 021]  average training loss: 5036.1512
cellbender:remove-background: [epoch 022]  average training loss: 5030.4431
cellbender:remove-background: [epoch 023]  average training loss: 5022.8206
cellbender:remove-background: [epoch 024]  average training loss: 5006.4195
cellbender:remove-background: [epoch 025]  average training loss: 4985.2278
cellbender:remove-background: [epoch 025] average test loss: 4880.1231
cellbender:remove-background: [epoch 026]  average training loss: 4978.0120
cellbender:remove-background: [epoch 027]  average training loss: 4950.4251
cellbender:remove-background: [epoch 028]  average training loss: 4932.5508
cellbender:remove-background: [epoch 029]  average training loss: 4912.7535
cellbender:remove-background: [epoch 030]  average training loss: 4899.0327
cellbender:remove-background: [epoch 030] average test loss: 4758.4759
cellbender:remove-background: [epoch 031]  average training loss: 4889.3943
cellbender:remove-background: [epoch 032]  average training loss: 4890.9905
cellbender:remove-background: [epoch 033]  average training loss: 4880.8147
cellbender:remove-background: [epoch 034]  average training loss: 4876.4189
cellbender:remove-background: [epoch 035]  average training loss: 4870.8794
cellbender:remove-background: [epoch 035] average test loss: 4740.1995
cellbender:remove-background: [epoch 036]  average training loss: 4867.4561
cellbender:remove-background: [epoch 037]  average training loss: 4860.4067
cellbender:remove-background: [epoch 038]  average training loss: 4859.9526
cellbender:remove-background: [epoch 039]  average training loss: 4854.0105
cellbender:remove-background: [epoch 040]  average training loss: 4847.3958
cellbender:remove-background: [epoch 040] average test loss: 4711.4409
cellbender:remove-background: [epoch 041]  average training loss: 4842.3930
cellbender:remove-background: [epoch 042]  average training loss: 4839.6366
cellbender:remove-background: [epoch 043]  average training loss: 4832.5403
cellbender:remove-background: [epoch 044]  average training loss: 4828.6631
cellbender:remove-background: [epoch 045]  average training loss: 4823.0106
cellbender:remove-background: [epoch 045] average test loss: 4682.7874
cellbender:remove-background: [epoch 046]  average training loss: 4820.9761
cellbender:remove-background: [epoch 047]  average training loss: 4817.8136
cellbender:remove-background: [epoch 048]  average training loss: 4812.2629
cellbender:remove-background: [epoch 049]  average training loss: 4809.6716
cellbender:remove-background: [epoch 050]  average training loss: 4806.2651
cellbender:remove-background: [epoch 050] average test loss: 4671.4749
cellbender:remove-background: [epoch 051]  average training loss: 4802.7927
cellbender:remove-background: [epoch 052]  average training loss: 4800.0163
cellbender:remove-background: [epoch 053]  average training loss: 4798.9194
cellbender:remove-background: [epoch 054]  average training loss: 4792.1373
cellbender:remove-background: [epoch 055]  average training loss: 4791.0360
cellbender:remove-background: [epoch 055] average test loss: 4660.2922
cellbender:remove-background: [epoch 056]  average training loss: 4787.3444
cellbender:remove-background: [epoch 057]  average training loss: 4785.6056
cellbender:remove-background: [epoch 058]  average training loss: 4783.6647
cellbender:remove-background: [epoch 059]  average training loss: 4781.0956
cellbender:remove-background: [epoch 060]  average training loss: 4780.8541
cellbender:remove-background: [epoch 060] average test loss: 4658.0459
cellbender:remove-background: [epoch 061]  average training loss: 4776.5392
cellbender:remove-background: [epoch 062]  average training loss: 4773.6989
cellbender:remove-background: [epoch 063]  average training loss: 4774.4801
cellbender:remove-background: [epoch 064]  average training loss: 4770.0731
cellbender:remove-background: [epoch 065]  average training loss: 4770.5788
cellbender:remove-background: [epoch 065] average test loss: 4644.1612
cellbender:remove-background: [epoch 066]  average training loss: 4768.0063
cellbender:remove-background: [epoch 067]  average training loss: 4767.8084
cellbender:remove-background: [epoch 068]  average training loss: 4763.6168
cellbender:remove-background: [epoch 069]  average training loss: 4765.7882
cellbender:remove-background: [epoch 070]  average training loss: 4768.5681
cellbender:remove-background: [epoch 070] average test loss: 4649.8824
cellbender:remove-background: [epoch 071]  average training loss: 4767.8956
cellbender:remove-background: [epoch 072]  average training loss: 4767.7782
cellbender:remove-background: [epoch 073]  average training loss: 4769.0676
cellbender:remove-background: [epoch 074]  average training loss: 4764.0757
cellbender:remove-background: [epoch 075]  average training loss: 4763.3596
cellbender:remove-background: [epoch 075] average test loss: 4672.9064
cellbender:remove-background: [epoch 076]  average training loss: 4766.5334
cellbender:remove-background: [epoch 077]  average training loss: 4763.2415
cellbender:remove-background: [epoch 078]  average training loss: 4759.6363
cellbender:remove-background: [epoch 079]  average training loss: 4758.9127
cellbender:remove-background: [epoch 080]  average training loss: 4757.5615
cellbender:remove-background: [epoch 080] average test loss: 4654.5726
cellbender:remove-background: [epoch 081]  average training loss: 4757.7305
cellbender:remove-background: Saving a checkpoint...
cellbender:remove-background: Saved checkpoint as /weka/scratch/scratch/Mon/mabdel03/Tsai_Data/Cellbender_Outputs/20780035/ckpt.tar.gz
cellbender:remove-background: [epoch 082]  average training loss: 4757.4296
cellbender:remove-background: [epoch 083]  average training loss: 4756.5787
cellbender:remove-background: [epoch 084]  average training loss: 4755.8976
cellbender:remove-background: [epoch 085]  average training loss: 4754.1313
cellbender:remove-background: [epoch 085] average test loss: 4646.0426
cellbender:remove-background: [epoch 086]  average training loss: 4751.2437
cellbender:remove-background: [epoch 087]  average training loss: 4749.9019
cellbender:remove-background: [epoch 088]  average training loss: 4754.4124
cellbender:remove-background: [epoch 089]  average training loss: 4749.2373
cellbender:remove-background: [epoch 090]  average training loss: 4753.4287
cellbender:remove-background: [epoch 090] average test loss: 4664.4135
cellbender:remove-background: [epoch 091]  average training loss: 4752.3490
cellbender:remove-background: [epoch 092]  average training loss: 4750.0060
cellbender:remove-background: [epoch 093]  average training loss: 4747.4446
cellbender:remove-background: [epoch 094]  average training loss: 4748.4082
cellbender:remove-background: [epoch 095]  average training loss: 4747.1253
cellbender:remove-background: [epoch 095] average test loss: 4661.4723
cellbender:remove-background: [epoch 096]  average training loss: 4748.4858
cellbender:remove-background: [epoch 097]  average training loss: 4741.3138
cellbender:remove-background: [epoch 098]  average training loss: 4747.7342
cellbender:remove-background: [epoch 099]  average training loss: 4745.4226
cellbender:remove-background: [epoch 100]  average training loss: 4743.4820
cellbender:remove-background: [epoch 100] average test loss: 4660.4982
cellbender:remove-background: [epoch 101]  average training loss: 4744.2798
cellbender:remove-background: [epoch 102]  average training loss: 4743.4968
cellbender:remove-background: [epoch 103]  average training loss: 4751.4403
cellbender:remove-background: [epoch 104]  average training loss: 4747.4436
cellbender:remove-background: [epoch 105]  average training loss: 4743.9549
cellbender:remove-background: [epoch 105] average test loss: 4656.3045
cellbender:remove-background: [epoch 106]  average training loss: 4743.9670
cellbender:remove-background: [epoch 107]  average training loss: 4743.7988
cellbender:remove-background: [epoch 108]  average training loss: 4744.4789
cellbender:remove-background: [epoch 109]  average training loss: 4743.8098
cellbender:remove-background: [epoch 110]  average training loss: 4742.4074
cellbender:remove-background: [epoch 110] average test loss: 4652.8082
cellbender:remove-background: [epoch 111]  average training loss: 4742.2809
cellbender:remove-background: [epoch 112]  average training loss: 4739.5620
cellbender:remove-background: [epoch 113]  average training loss: 4740.1776
cellbender:remove-background: [epoch 114]  average training loss: 4744.1725
cellbender:remove-background: [epoch 115]  average training loss: 4737.0268
cellbender:remove-background: [epoch 115] average test loss: 4653.4128
cellbender:remove-background: [epoch 116]  average training loss: 4738.2174
cellbender:remove-background: [epoch 117]  average training loss: 4736.8635
cellbender:remove-background: [epoch 118]  average training loss: 4740.1284
cellbender:remove-background: [epoch 119]  average training loss: 4744.0373
cellbender:remove-background: [epoch 120]  average training loss: 4736.6060
cellbender:remove-background: [epoch 120] average test loss: 4644.4379
cellbender:remove-background: [epoch 121]  average training loss: 4742.9177
cellbender:remove-background: [epoch 122]  average training loss: 4735.9251
cellbender:remove-background: [epoch 123]  average training loss: 4737.3933
cellbender:remove-background: [epoch 124]  average training loss: 4736.0270
cellbender:remove-background: [epoch 125]  average training loss: 4735.9289
cellbender:remove-background: [epoch 125] average test loss: 4638.6690
cellbender:remove-background: [epoch 126]  average training loss: 4733.6219
cellbender:remove-background: [epoch 127]  average training loss: 4737.8644
cellbender:remove-background: [epoch 128]  average training loss: 4735.8747
cellbender:remove-background: [epoch 129]  average training loss: 4734.3203
cellbender:remove-background: [epoch 130]  average training loss: 4736.8442
cellbender:remove-background: [epoch 130] average test loss: 4635.0780
cellbender:remove-background: [epoch 131]  average training loss: 4735.2672
cellbender:remove-background: [epoch 132]  average training loss: 4737.6477
cellbender:remove-background: [epoch 133]  average training loss: 4733.3581
cellbender:remove-background: [epoch 134]  average training loss: 4732.5357
cellbender:remove-background: [epoch 135]  average training loss: 4736.3919
cellbender:remove-background: [epoch 135] average test loss: 4652.3414
cellbender:remove-background: [epoch 136]  average training loss: 4738.1601
cellbender:remove-background: [epoch 137]  average training loss: 4735.7741
cellbender:remove-background: [epoch 138]  average training loss: 4735.9581
cellbender:remove-background: [epoch 139]  average training loss: 4734.1369
cellbender:remove-background: [epoch 140]  average training loss: 4732.0894
cellbender:remove-background: [epoch 140] average test loss: 4644.6980
cellbender:remove-background: [epoch 141]  average training loss: 4733.7462
cellbender:remove-background: [epoch 142]  average training loss: 4734.9961
cellbender:remove-background: [epoch 143]  average training loss: 4734.6510
cellbender:remove-background: [epoch 144]  average training loss: 4733.8332
cellbender:remove-background: [epoch 145]  average training loss: 4734.2597
cellbender:remove-background: [epoch 145] average test loss: 4639.2710
cellbender:remove-background: [epoch 146]  average training loss: 4732.8589
cellbender:remove-background: [epoch 147]  average training loss: 4732.5691
cellbender:remove-background: [epoch 148]  average training loss: 4733.2348
cellbender:remove-background: [epoch 149]  average training loss: 4729.6046
cellbender:remove-background: [epoch 150]  average training loss: 4729.7897
cellbender:remove-background: [epoch 150] average test loss: 4640.6322
cellbender:remove-background: Saving a checkpoint...
cellbender:remove-background: Saved checkpoint as /weka/scratch/scratch/Mon/mabdel03/Tsai_Data/Cellbender_Outputs/20780035/ckpt.tar.gz
cellbender:remove-background: 2026-01-31 22:58:58
cellbender:remove-background: Inference procedure complete.
cellbender:remove-background: Attempting to unpack tarball "ckpt.tar.gz" to /tmp/tmpgpn62wsk
cellbender:remove-background: Successfully unpacked tarball to /tmp/tmpgpn62wsk
/tmp/tmpgpn62wsk/c523bc93b6_random.pyro
/tmp/tmpgpn62wsk/c523bc93b6_random.cuda
/tmp/tmpgpn62wsk/c523bc93b6_model.torch
/tmp/tmpgpn62wsk/c523bc93b6_optim.torch
/tmp/tmpgpn62wsk/c523bc93b6_optim.pyro
/tmp/tmpgpn62wsk/c523bc93b6_params.pyro
/tmp/tmpgpn62wsk/c523bc93b6_train.loaderstate
/tmp/tmpgpn62wsk/c523bc93b6_test.loaderstate
/tmp/tmpgpn62wsk/c523bc93b6_args.npy
cellbender:remove-background: Posterior not currently included in checkpoint.
cellbender:remove-background: Computing posterior noise count probabilities in mini-batches.
cellbender:remove-background: Working on chunk (1/63)
cellbender:remove-background:     [0.03 mins per chunk]
cellbender:remove-background: Working on chunk (2/63)
cellbender:remove-background: Working on chunk (3/63)
cellbender:remove-background: Working on chunk (4/63)
cellbender:remove-background: Working on chunk (5/63)
cellbender:remove-background: Working on chunk (6/63)
cellbender:remove-background: Working on chunk (7/63)
cellbender:remove-background: Working on chunk (8/63)
cellbender:remove-background: Working on chunk (9/63)
cellbender:remove-background: Working on chunk (10/63)
cellbender:remove-background: Working on chunk (11/63)
cellbender:remove-background: Working on chunk (12/63)
cellbender:remove-background: Working on chunk (13/63)
cellbender:remove-background: Working on chunk (14/63)
cellbender:remove-background: Working on chunk (15/63)
cellbender:remove-background: Working on chunk (16/63)
cellbender:remove-background: Working on chunk (17/63)
cellbender:remove-background: Working on chunk (18/63)
cellbender:remove-background: Working on chunk (19/63)
cellbender:remove-background: Working on chunk (20/63)
cellbender:remove-background: Working on chunk (21/63)
cellbender:remove-background: Working on chunk (22/63)
cellbender:remove-background: Working on chunk (23/63)
cellbender:remove-background: Working on chunk (24/63)
cellbender:remove-background: Working on chunk (25/63)
cellbender:remove-background: Working on chunk (26/63)
cellbender:remove-background: Working on chunk (27/63)
cellbender:remove-background: Working on chunk (28/63)
cellbender:remove-background: Working on chunk (29/63)
cellbender:remove-background: Working on chunk (30/63)
cellbender:remove-background: Working on chunk (31/63)
cellbender:remove-background: Working on chunk (32/63)
cellbender:remove-background: Working on chunk (33/63)
cellbender:remove-background: Working on chunk (34/63)
cellbender:remove-background: Working on chunk (35/63)
cellbender:remove-background: Working on chunk (36/63)
cellbender:remove-background: Working on chunk (37/63)
cellbender:remove-background: Working on chunk (38/63)
cellbender:remove-background: Working on chunk (39/63)
cellbender:remove-background: Working on chunk (40/63)
cellbender:remove-background: Working on chunk (41/63)
cellbender:remove-background: Working on chunk (42/63)
cellbender:remove-background: Working on chunk (43/63)
cellbender:remove-background: Working on chunk (44/63)
cellbender:remove-background: Working on chunk (45/63)
cellbender:remove-background: Working on chunk (46/63)
cellbender:remove-background: Working on chunk (47/63)
cellbender:remove-background: Working on chunk (48/63)
cellbender:remove-background: Working on chunk (49/63)
cellbender:remove-background: Working on chunk (50/63)
cellbender:remove-background: Working on chunk (51/63)
cellbender:remove-background: Working on chunk (52/63)
cellbender:remove-background: Working on chunk (53/63)
cellbender:remove-background: Working on chunk (54/63)
cellbender:remove-background: Working on chunk (55/63)
cellbender:remove-background: Working on chunk (56/63)
cellbender:remove-background: Working on chunk (57/63)
cellbender:remove-background: Working on chunk (58/63)
cellbender:remove-background: Working on chunk (59/63)
cellbender:remove-background: Working on chunk (60/63)
cellbender:remove-background: Working on chunk (61/63)
cellbender:remove-background: Working on chunk (62/63)
cellbender:remove-background: Working on chunk (63/63)
cellbender:remove-background: Writing full posterior to /om/scratch/Mon/mabdel03/Tsai_Data/Cellbender_Outputs/20780035/processed_feature_bc_matrix_posterior.h5
cellbender:remove-background: Succeeded in writing posterior to file /om/scratch/Mon/mabdel03/Tsai_Data/Cellbender_Outputs/20780035/processed_feature_bc_matrix_posterior.h5
cellbender:remove-background: Added posterior object to checkpoint file.
cellbender:remove-background: 2026-01-31 23:03:56

cellbender:remove-background: Saved summary plots as /om/scratch/Mon/mabdel03/Tsai_Data/Cellbender_Outputs/20780035/processed_feature_bc_matrix.pdf
cellbender:remove-background: Saved cell barcodes in /om/scratch/Mon/mabdel03/Tsai_Data/Cellbender_Outputs/20780035/processed_feature_bc_matrix_cell_barcodes.csv
cellbender:remove-background: Computing target noise counts per gene for MCKP estimator
cellbender:remove-background: Using MCKP noise targets computed for FPR 0.0
cellbender:remove-background: Computing denoised counts using mckp estimator
cellbender:remove-background: Working on chunk (1/7)
cellbender:remove-background:     [2.45 mins per chunk]
cellbender:remove-background: Working on chunk (2/7)
cellbender:remove-background: Working on chunk (3/7)
cellbender:remove-background: Working on chunk (4/7)
cellbender:remove-background: Working on chunk (5/7)
cellbender:remove-background: Working on chunk (6/7)
cellbender:remove-background: Working on chunk (7/7)
cellbender:remove-background: 2026-01-31 23:21:49 Total MCKP estimation time = 1023.40 sec
cellbender:remove-background: Succeeded in writing CellRanger format output to file /om/scratch/Mon/mabdel03/Tsai_Data/Cellbender_Outputs/20780035/processed_feature_bc_matrix.h5
cellbender:remove-background: Succeeded in writing CellRanger format output to file /om/scratch/Mon/mabdel03/Tsai_Data/Cellbender_Outputs/20780035/processed_feature_bc_matrix_filtered.h5
cellbender:remove-background: Saved output metrics as /om/scratch/Mon/mabdel03/Tsai_Data/Cellbender_Outputs/20780035/processed_feature_bc_matrix_metrics.csv
[NbConvertApp] Converting notebook tmp.report.ipynb to notebook
[NbConvertApp] Writing 521466 bytes to tmp.report.nbconvert.ipynb
[NbConvertApp] Converting notebook tmp.report.nbconvert.ipynb to html
[NbConvertApp] Writing 1096153 bytes to tmp.report.nbconvert.html
cellbender:remove-background: Succeeded in writing report to /om/scratch/Mon/mabdel03/Tsai_Data/Cellbender_Outputs/20780035/processed_feature_bc_matrix_report.html
cellbender:remove-background: Completed remove-background.
cellbender:remove-background: 2026-01-31 23:22:36

