cellbender:remove-background: Command:
cellbender remove-background --cuda --input /om/scratch/Mon/mabdel03/Tsai_Data/Cellranger_Outputs/34542628/outs/raw_feature_bc_matrix.h5 --fpr 0 --output /om/scratch/Mon/mabdel03/Tsai_Data/Cellbender_Outputs/34542628/processed_feature_bc_matrix.h5
cellbender:remove-background: CellBender 0.3.0
cellbender:remove-background: (Workflow hash 247e656174)
cellbender:remove-background: 2026-02-01 19:21:31
cellbender:remove-background: Running remove-background
cellbender:remove-background: Loading data from /om/scratch/Mon/mabdel03/Tsai_Data/Cellranger_Outputs/34542628/outs/raw_feature_bc_matrix.h5
cellbender:remove-background: CellRanger v3 format
cellbender:remove-background: Features in dataset: 36601 Gene Expression
cellbender:remove-background: Trimming features for inference.
cellbender:remove-background: 32427 features have nonzero counts.
cellbender:remove-background: Prior on counts for cells is 14598
cellbender:remove-background: Prior on counts for empty droplets is 539
cellbender:remove-background: Excluding 9136 features that are estimated to have <= 0.1 background counts in cells.
cellbender:remove-background: Including 23291 features in the analysis.
cellbender:remove-background: Trimming barcodes for inference.
cellbender:remove-background: Excluding barcodes with counts below 269
cellbender:remove-background: Using 2712 probable cell barcodes, plus an additional 6865 barcodes, and 37078 empty droplets.
cellbender:remove-background: Largest surely-empty droplet has 658 UMI counts.
cellbender:remove-background: Attempting to unpack tarball "ckpt.tar.gz" to /tmp/tmp9cdrn4sv
cellbender:remove-background: No saved checkpoint.
cellbender:remove-background: No checkpoint loaded.
cellbender:remove-background: Running inference...
cellbender:remove-background: [epoch 001]  average training loss: 20578.3829
cellbender:remove-background: [epoch 002]  average training loss: 17927.0354  (5.6 seconds per epoch)
cellbender:remove-background: Will checkpoint every 76 epochs
cellbender:remove-background: [epoch 003]  average training loss: 15682.9047
cellbender:remove-background: [epoch 004]  average training loss: 13200.7177
cellbender:remove-background: [epoch 005]  average training loss: 12013.9353
cellbender:remove-background: [epoch 005] average test loss: 12171.3195
cellbender:remove-background: [epoch 006]  average training loss: 11533.1337
cellbender:remove-background: [epoch 007]  average training loss: 10767.3910
cellbender:remove-background: [epoch 008]  average training loss: 10424.6923
cellbender:remove-background: [epoch 009]  average training loss: 10370.2443
cellbender:remove-background: [epoch 010]  average training loss: 10541.4623
cellbender:remove-background: [epoch 010] average test loss: 10156.0026
cellbender:remove-background: [epoch 011]  average training loss: 10509.9176
cellbender:remove-background: [epoch 012]  average training loss: 10392.5409
cellbender:remove-background: [epoch 013]  average training loss: 10234.2558
cellbender:remove-background: [epoch 014]  average training loss: 10365.5346
cellbender:remove-background: [epoch 015]  average training loss: 9975.1777
cellbender:remove-background: [epoch 015] average test loss: 10650.2337
cellbender:remove-background: [epoch 016]  average training loss: 9599.0838
cellbender:remove-background: [epoch 017]  average training loss: 9644.0361
cellbender:remove-background: [epoch 018]  average training loss: 9564.8164
cellbender:remove-background: [epoch 019]  average training loss: 9560.7184
cellbender:remove-background: [epoch 020]  average training loss: 9557.7894
cellbender:remove-background: [epoch 020] average test loss: 9743.6501
cellbender:remove-background: [epoch 021]  average training loss: 9505.5432
cellbender:remove-background: [epoch 022]  average training loss: 9528.4642
cellbender:remove-background: [epoch 023]  average training loss: 9400.9864
cellbender:remove-background: [epoch 024]  average training loss: 9365.6797
cellbender:remove-background: [epoch 025]  average training loss: 9380.5847
cellbender:remove-background: [epoch 025] average test loss: 9302.2220
cellbender:remove-background: [epoch 026]  average training loss: 9341.2702
cellbender:remove-background: [epoch 027]  average training loss: 9311.1578
cellbender:remove-background: [epoch 028]  average training loss: 9328.0604
cellbender:remove-background: [epoch 029]  average training loss: 9227.8075
cellbender:remove-background: [epoch 030]  average training loss: 9180.9709
cellbender:remove-background: [epoch 030] average test loss: 9125.2469
cellbender:remove-background: [epoch 031]  average training loss: 9148.3356
cellbender:remove-background: [epoch 032]  average training loss: 9135.6295
cellbender:remove-background: [epoch 033]  average training loss: 9076.6636
cellbender:remove-background: [epoch 034]  average training loss: 9081.2004
cellbender:remove-background: [epoch 035]  average training loss: 9040.4933
cellbender:remove-background: [epoch 035] average test loss: 8923.4005
cellbender:remove-background: [epoch 036]  average training loss: 9032.2316
cellbender:remove-background: [epoch 037]  average training loss: 9015.4860
cellbender:remove-background: [epoch 038]  average training loss: 9005.4984
cellbender:remove-background: [epoch 039]  average training loss: 9017.8122
cellbender:remove-background: [epoch 040]  average training loss: 8976.8072
cellbender:remove-background: [epoch 040] average test loss: 8893.8975
cellbender:remove-background: [epoch 041]  average training loss: 8982.9960
cellbender:remove-background: [epoch 042]  average training loss: 8986.8441
cellbender:remove-background: [epoch 043]  average training loss: 8957.4566
cellbender:remove-background: [epoch 044]  average training loss: 8954.0279
cellbender:remove-background: [epoch 045]  average training loss: 8956.4218
cellbender:remove-background: [epoch 045] average test loss: 8850.0549
cellbender:remove-background: [epoch 046]  average training loss: 8957.9304
cellbender:remove-background: [epoch 047]  average training loss: 8931.3943
cellbender:remove-background: [epoch 048]  average training loss: 8944.7952
cellbender:remove-background: [epoch 049]  average training loss: 8960.2786
cellbender:remove-background: [epoch 050]  average training loss: 8926.2436
cellbender:remove-background: [epoch 050] average test loss: 8837.6165
cellbender:remove-background: [epoch 051]  average training loss: 8932.0589
cellbender:remove-background: [epoch 052]  average training loss: 8930.3797
cellbender:remove-background: [epoch 053]  average training loss: 8915.7709
cellbender:remove-background: [epoch 054]  average training loss: 8925.6437
cellbender:remove-background: [epoch 055]  average training loss: 8916.3123
cellbender:remove-background: [epoch 055] average test loss: 8819.3706
cellbender:remove-background: [epoch 056]  average training loss: 8908.0132
cellbender:remove-background: [epoch 057]  average training loss: 8900.8790
cellbender:remove-background: [epoch 058]  average training loss: 8917.1812
cellbender:remove-background: [epoch 059]  average training loss: 8912.2117
cellbender:remove-background: [epoch 060]  average training loss: 8906.8458
cellbender:remove-background: [epoch 060] average test loss: 8797.3424
cellbender:remove-background: [epoch 061]  average training loss: 8895.3307
cellbender:remove-background: [epoch 062]  average training loss: 8914.3298
cellbender:remove-background: [epoch 063]  average training loss: 8907.9937
cellbender:remove-background: [epoch 064]  average training loss: 8893.2942
cellbender:remove-background: [epoch 065]  average training loss: 8894.3793
cellbender:remove-background: [epoch 065] average test loss: 8812.5579
cellbender:remove-background: [epoch 066]  average training loss: 8898.4724
cellbender:remove-background: [epoch 067]  average training loss: 8897.7591
cellbender:remove-background: [epoch 068]  average training loss: 8887.9877
cellbender:remove-background: [epoch 069]  average training loss: 8880.7740
cellbender:remove-background: [epoch 070]  average training loss: 8883.8572
cellbender:remove-background: [epoch 070] average test loss: 8778.5188
cellbender:remove-background: [epoch 071]  average training loss: 8884.7664
cellbender:remove-background: [epoch 072]  average training loss: 8877.2987
cellbender:remove-background: [epoch 073]  average training loss: 8877.0447
cellbender:remove-background: [epoch 074]  average training loss: 8886.5708
cellbender:remove-background: [epoch 075]  average training loss: 8871.6576
cellbender:remove-background: [epoch 075] average test loss: 8792.8113
cellbender:remove-background: [epoch 076]  average training loss: 8865.3531
cellbender:remove-background: Saving a checkpoint...
cellbender:remove-background: Saved checkpoint as /om/scratch/Mon/mabdel03/Tsai_Data/Cellbender_Outputs/34542628/ckpt.tar.gz
cellbender:remove-background: [epoch 077]  average training loss: 8860.2144
cellbender:remove-background: [epoch 078]  average training loss: 8852.7076
cellbender:remove-background: [epoch 079]  average training loss: 8835.5861
cellbender:remove-background: [epoch 080]  average training loss: 8834.6551
cellbender:remove-background: [epoch 080] average test loss: 8715.4037
cellbender:remove-background: [epoch 081]  average training loss: 8843.6545
cellbender:remove-background: [epoch 082]  average training loss: 8860.4285
cellbender:remove-background: [epoch 083]  average training loss: 8839.6963
cellbender:remove-background: [epoch 084]  average training loss: 8831.7975
cellbender:remove-background: [epoch 085]  average training loss: 8821.1672
cellbender:remove-background: [epoch 085] average test loss: 8732.7259
cellbender:remove-background: [epoch 086]  average training loss: 8823.9946
cellbender:remove-background: [epoch 087]  average training loss: 8827.6391
cellbender:remove-background: [epoch 088]  average training loss: 8825.3183
cellbender:remove-background: [epoch 089]  average training loss: 8814.6794
cellbender:remove-background: [epoch 090]  average training loss: 8819.5050
cellbender:remove-background: [epoch 090] average test loss: 8712.2205
cellbender:remove-background: [epoch 091]  average training loss: 8819.1885
cellbender:remove-background: [epoch 092]  average training loss: 8833.6748
cellbender:remove-background: [epoch 093]  average training loss: 8810.3674
cellbender:remove-background: [epoch 094]  average training loss: 8795.9720
cellbender:remove-background: [epoch 095]  average training loss: 8815.7916
cellbender:remove-background: [epoch 095] average test loss: 8711.8242
cellbender:remove-background: [epoch 096]  average training loss: 8794.3184
cellbender:remove-background: [epoch 097]  average training loss: 8805.1327
cellbender:remove-background: [epoch 098]  average training loss: 8804.2938
cellbender:remove-background: [epoch 099]  average training loss: 8810.7144
cellbender:remove-background: [epoch 100]  average training loss: 8793.6544
cellbender:remove-background: [epoch 100] average test loss: 8709.2212
cellbender:remove-background: [epoch 101]  average training loss: 8809.9624
cellbender:remove-background: [epoch 102]  average training loss: 8791.6670
cellbender:remove-background: [epoch 103]  average training loss: 8804.6452
cellbender:remove-background: [epoch 104]  average training loss: 8800.4934
cellbender:remove-background: [epoch 105]  average training loss: 8791.6450
cellbender:remove-background: [epoch 105] average test loss: 8721.2065
cellbender:remove-background: [epoch 106]  average training loss: 8786.0448
cellbender:remove-background: [epoch 107]  average training loss: 8796.3725
cellbender:remove-background: [epoch 108]  average training loss: 8798.1201
cellbender:remove-background: [epoch 109]  average training loss: 8783.7833
cellbender:remove-background: [epoch 110]  average training loss: 8785.2909
cellbender:remove-background: [epoch 110] average test loss: 8703.2139
cellbender:remove-background: [epoch 111]  average training loss: 8784.0748
cellbender:remove-background: [epoch 112]  average training loss: 8790.2787
cellbender:remove-background: [epoch 113]  average training loss: 8784.3497
cellbender:remove-background: [epoch 114]  average training loss: 8767.2484
cellbender:remove-background: [epoch 115]  average training loss: 8776.2145
cellbender:remove-background: [epoch 115] average test loss: 8725.1945
cellbender:remove-background: [epoch 116]  average training loss: 8780.6711
cellbender:remove-background: [epoch 117]  average training loss: 8772.0196
cellbender:remove-background: [epoch 118]  average training loss: 8767.6403
cellbender:remove-background: [epoch 119]  average training loss: 8782.2054
cellbender:remove-background: [epoch 120]  average training loss: 8766.4447
cellbender:remove-background: [epoch 120] average test loss: 8707.2450
cellbender:remove-background: [epoch 121]  average training loss: 8772.0108
cellbender:remove-background: [epoch 122]  average training loss: 8779.1553
cellbender:remove-background: [epoch 123]  average training loss: 8780.7724
cellbender:remove-background: [epoch 124]  average training loss: 8770.8247
cellbender:remove-background: [epoch 125]  average training loss: 8766.3005
cellbender:remove-background: [epoch 125] average test loss: 8687.8490
cellbender:remove-background: [epoch 126]  average training loss: 8779.4278
cellbender:remove-background: [epoch 127]  average training loss: 8766.2511
cellbender:remove-background: [epoch 128]  average training loss: 8773.7500
cellbender:remove-background: [epoch 129]  average training loss: 8763.1517
cellbender:remove-background: [epoch 130]  average training loss: 8771.4384
cellbender:remove-background: [epoch 130] average test loss: 8694.9953
cellbender:remove-background: [epoch 131]  average training loss: 8761.4438
cellbender:remove-background: [epoch 132]  average training loss: 8765.9507
cellbender:remove-background: [epoch 133]  average training loss: 8768.7861
cellbender:remove-background: [epoch 134]  average training loss: 8760.3457
cellbender:remove-background: [epoch 135]  average training loss: 8772.6522
cellbender:remove-background: [epoch 135] average test loss: 8723.9168
cellbender:remove-background: [epoch 136]  average training loss: 8778.0319
cellbender:remove-background: [epoch 137]  average training loss: 8765.1655
cellbender:remove-background: [epoch 138]  average training loss: 8767.2150
cellbender:remove-background: [epoch 139]  average training loss: 8764.0525
cellbender:remove-background: [epoch 140]  average training loss: 8760.9673
cellbender:remove-background: [epoch 140] average test loss: 8709.4817
cellbender:remove-background: [epoch 141]  average training loss: 8766.1019
cellbender:remove-background: [epoch 142]  average training loss: 8757.8300
cellbender:remove-background: [epoch 143]  average training loss: 8761.2115
cellbender:remove-background: [epoch 144]  average training loss: 8762.3187
cellbender:remove-background: [epoch 145]  average training loss: 8763.0592
cellbender:remove-background: [epoch 145] average test loss: 8698.6724
cellbender:remove-background: [epoch 146]  average training loss: 8764.1679
cellbender:remove-background: [epoch 147]  average training loss: 8761.9300
cellbender:remove-background: [epoch 148]  average training loss: 8763.1956
cellbender:remove-background: [epoch 149]  average training loss: 8757.6176
cellbender:remove-background: [epoch 150]  average training loss: 8763.2230
cellbender:remove-background: [epoch 150] average test loss: 8695.3181
cellbender:remove-background: Saving a checkpoint...
cellbender:remove-background: Saved checkpoint as /om/scratch/Mon/mabdel03/Tsai_Data/Cellbender_Outputs/34542628/ckpt.tar.gz
cellbender:remove-background: 2026-02-01 19:37:42
cellbender:remove-background: Inference procedure complete.
cellbender:remove-background: Attempting to unpack tarball "ckpt.tar.gz" to /tmp/tmp31kj5xao
cellbender:remove-background: Successfully unpacked tarball to /tmp/tmp31kj5xao
/tmp/tmp31kj5xao/247e656174_random.pyro
/tmp/tmp31kj5xao/247e656174_random.cuda
/tmp/tmp31kj5xao/247e656174_model.torch
/tmp/tmp31kj5xao/247e656174_optim.torch
/tmp/tmp31kj5xao/247e656174_optim.pyro
/tmp/tmp31kj5xao/247e656174_params.pyro
/tmp/tmp31kj5xao/247e656174_train.loaderstate
/tmp/tmp31kj5xao/247e656174_test.loaderstate
/tmp/tmp31kj5xao/247e656174_args.npy
cellbender:remove-background: Posterior not currently included in checkpoint.
cellbender:remove-background: Computing posterior noise count probabilities in mini-batches.
cellbender:remove-background: Working on chunk (1/52)
cellbender:remove-background:     [0.06 mins per chunk]
cellbender:remove-background: Working on chunk (2/52)
cellbender:remove-background: Working on chunk (3/52)
cellbender:remove-background: Working on chunk (4/52)
cellbender:remove-background: Working on chunk (5/52)
cellbender:remove-background: Working on chunk (6/52)
cellbender:remove-background: Working on chunk (7/52)
cellbender:remove-background: Working on chunk (8/52)
cellbender:remove-background: Working on chunk (9/52)
cellbender:remove-background: Working on chunk (10/52)
cellbender:remove-background: Working on chunk (11/52)
cellbender:remove-background: Working on chunk (12/52)
cellbender:remove-background: Working on chunk (13/52)
cellbender:remove-background: Working on chunk (14/52)
cellbender:remove-background: Working on chunk (15/52)
cellbender:remove-background: Working on chunk (16/52)
cellbender:remove-background: Working on chunk (17/52)
cellbender:remove-background: Working on chunk (18/52)
cellbender:remove-background: Working on chunk (19/52)
cellbender:remove-background: Working on chunk (20/52)
cellbender:remove-background: Working on chunk (21/52)
cellbender:remove-background: Working on chunk (22/52)
cellbender:remove-background: Working on chunk (23/52)
cellbender:remove-background: Working on chunk (24/52)
cellbender:remove-background: Working on chunk (25/52)
cellbender:remove-background: Working on chunk (26/52)
cellbender:remove-background: Working on chunk (27/52)
cellbender:remove-background: Working on chunk (28/52)
cellbender:remove-background: Working on chunk (29/52)
cellbender:remove-background: Working on chunk (30/52)
cellbender:remove-background: Working on chunk (31/52)
cellbender:remove-background: Working on chunk (32/52)
cellbender:remove-background: Working on chunk (33/52)
cellbender:remove-background: Working on chunk (34/52)
cellbender:remove-background: Working on chunk (35/52)
cellbender:remove-background: Working on chunk (36/52)
cellbender:remove-background: Working on chunk (37/52)
cellbender:remove-background: Working on chunk (38/52)
cellbender:remove-background: Working on chunk (39/52)
cellbender:remove-background: Working on chunk (40/52)
cellbender:remove-background: Working on chunk (41/52)
cellbender:remove-background: Working on chunk (42/52)
cellbender:remove-background: Working on chunk (43/52)
cellbender:remove-background: Working on chunk (44/52)
cellbender:remove-background: Working on chunk (45/52)
cellbender:remove-background: Working on chunk (46/52)
cellbender:remove-background: Working on chunk (47/52)
cellbender:remove-background: Working on chunk (48/52)
cellbender:remove-background: Working on chunk (49/52)
cellbender:remove-background: Working on chunk (50/52)
cellbender:remove-background: Working on chunk (51/52)
cellbender:remove-background: Working on chunk (52/52)
cellbender:remove-background: Writing full posterior to /om/scratch/Mon/mabdel03/Tsai_Data/Cellbender_Outputs/34542628/processed_feature_bc_matrix_posterior.h5
cellbender:remove-background: Succeeded in writing posterior to file /om/scratch/Mon/mabdel03/Tsai_Data/Cellbender_Outputs/34542628/processed_feature_bc_matrix_posterior.h5
cellbender:remove-background: Added posterior object to checkpoint file.
cellbender:remove-background: 2026-02-01 19:44:45

cellbender:remove-background: Saved summary plots as /om/scratch/Mon/mabdel03/Tsai_Data/Cellbender_Outputs/34542628/processed_feature_bc_matrix.pdf
cellbender:remove-background: Saved cell barcodes in /om/scratch/Mon/mabdel03/Tsai_Data/Cellbender_Outputs/34542628/processed_feature_bc_matrix_cell_barcodes.csv
cellbender:remove-background: Computing target noise counts per gene for MCKP estimator
cellbender:remove-background: Using MCKP noise targets computed for FPR 0.0
cellbender:remove-background: Computing denoised counts using mckp estimator
cellbender:remove-background: Working on chunk (1/7)
cellbender:remove-background:     [4.24 mins per chunk]
cellbender:remove-background: Working on chunk (2/7)
cellbender:remove-background: Working on chunk (3/7)
cellbender:remove-background: Working on chunk (4/7)
cellbender:remove-background: Working on chunk (5/7)
cellbender:remove-background: Working on chunk (6/7)
cellbender:remove-background: Working on chunk (7/7)
cellbender:remove-background: 2026-02-01 20:16:29 Total MCKP estimation time = 1813.35 sec
cellbender:remove-background: Succeeded in writing CellRanger format output to file /om/scratch/Mon/mabdel03/Tsai_Data/Cellbender_Outputs/34542628/processed_feature_bc_matrix.h5
cellbender:remove-background: Succeeded in writing CellRanger format output to file /om/scratch/Mon/mabdel03/Tsai_Data/Cellbender_Outputs/34542628/processed_feature_bc_matrix_filtered.h5
cellbender:remove-background: Saved output metrics as /om/scratch/Mon/mabdel03/Tsai_Data/Cellbender_Outputs/34542628/processed_feature_bc_matrix_metrics.csv
/bin/sh: /home/mabdel03/.local/bin/jupyter: /usr/bin/python3: bad interpreter: No such file or directory
/bin/sh: /home/mabdel03/.local/bin/jupyter: /usr/bin/python3: bad interpreter: No such file or directory
mv: cannot stat ‘tmp.report.nbconvert.html’: No such file or directory
rm: cannot remove ‘tmp.report.nbconvert.ipynb’: No such file or directory
cellbender:remove-background: Unable to create report.
cellbender:remove-background: Traceback (most recent call last):
  File "/om2/user/mabdel03/conda_envs/Cellbender_env/lib/python3.7/site-packages/cellbender/remove_background/run.py", line 351, in compute_output_denoised_counts_reports_metrics
    output=html_report_file,
  File "/om2/user/mabdel03/conda_envs/Cellbender_env/lib/python3.7/site-packages/cellbender/remove_background/report.py", line 82, in run_notebook_make_html
    title=('CellBender: ' + os.path.basename(output).replace('_report.html', '')),
  File "/om2/user/mabdel03/conda_envs/Cellbender_env/lib/python3.7/site-packages/cellbender/remove_background/report.py", line 59, in _postprocess_html
    with open(file, mode='r') as f:
FileNotFoundError: [Errno 2] No such file or directory: '/om/scratch/Mon/mabdel03/Tsai_Data/Cellbender_Outputs/34542628/processed_feature_bc_matrix_report.html'

cellbender:remove-background: Completed remove-background.
cellbender:remove-background: 2026-02-01 20:17:18

