cellbender:remove-background: Command:
cellbender remove-background --cuda --input /om/scratch/Mon/mabdel03/Tsai_Data/Cellranger_Outputs/2518573/outs/raw_feature_bc_matrix.h5 --fpr 0 --output /om/scratch/Mon/mabdel03/Tsai_Data/Cellbender_Outputs/2518573/processed_feature_bc_matrix.h5
cellbender:remove-background: CellBender 0.3.0
cellbender:remove-background: (Workflow hash 9507e9383b)
cellbender:remove-background: 2026-02-01 18:37:09
cellbender:remove-background: Running remove-background
cellbender:remove-background: Loading data from /om/scratch/Mon/mabdel03/Tsai_Data/Cellranger_Outputs/2518573/outs/raw_feature_bc_matrix.h5
cellbender:remove-background: CellRanger v3 format
cellbender:remove-background: Features in dataset: 36601 Gene Expression
cellbender:remove-background: Trimming features for inference.
cellbender:remove-background: 31998 features have nonzero counts.
cellbender:remove-background: Prior on counts for cells is 615
cellbender:remove-background: Prior on counts for empty droplets is 7
cellbender:remove-background: Excluding 15303 features that are estimated to have <= 0.1 background counts in cells.
cellbender:remove-background: Including 16695 features in the analysis.
cellbender:remove-background: Trimming barcodes for inference.
cellbender:remove-background: Excluding barcodes with counts below 5
cellbender:remove-background: Using 24458 probable cell barcodes, plus an additional 42233 barcodes, and 31719 empty droplets.
cellbender:remove-background: Largest surely-empty droplet has 9 UMI counts.
cellbender:remove-background: Attempting to unpack tarball "ckpt.tar.gz" to /tmp/tmpv2xpzeok
cellbender:remove-background: No saved checkpoint.
cellbender:remove-background: No checkpoint loaded.
cellbender:remove-background: Running inference...
cellbender:remove-background: [epoch 001]  average training loss: 2689.3866
cellbender:remove-background: [epoch 002]  average training loss: 2197.0917  (28.2 seconds per epoch)
cellbender:remove-background: Will checkpoint every 15 epochs
cellbender:remove-background: [epoch 003]  average training loss: 2140.8200
cellbender:remove-background: [epoch 004]  average training loss: 2129.5300
cellbender:remove-background: [epoch 005]  average training loss: 2123.4095
cellbender:remove-background: [epoch 005] average test loss: 2130.4625
cellbender:remove-background: [epoch 006]  average training loss: 2118.6775
cellbender:remove-background: [epoch 007]  average training loss: 2117.1578
cellbender:remove-background: [epoch 008]  average training loss: 2111.7846
cellbender:remove-background: [epoch 009]  average training loss: 2109.6905
cellbender:remove-background: [epoch 010]  average training loss: 2106.6442
cellbender:remove-background: [epoch 010] average test loss: 2106.0417
cellbender:remove-background: [epoch 011]  average training loss: 2103.5199
cellbender:remove-background: [epoch 012]  average training loss: 2099.6158
cellbender:remove-background: [epoch 013]  average training loss: 2081.1899
cellbender:remove-background: [epoch 014]  average training loss: 2061.3898
cellbender:remove-background: [epoch 015]  average training loss: 2052.6232
cellbender:remove-background: [epoch 015] average test loss: 2049.9368
cellbender:remove-background: Saving a checkpoint...
cellbender:remove-background: Saved checkpoint as /weka/scratch/scratch/Mon/mabdel03/Tsai_Data/Cellbender_Outputs/2518573/ckpt.tar.gz
cellbender:remove-background: [epoch 016]  average training loss: 2045.7367
cellbender:remove-background: [epoch 017]  average training loss: 2043.4337
cellbender:remove-background: [epoch 018]  average training loss: 2040.2945
cellbender:remove-background: [epoch 019]  average training loss: 2039.5360
cellbender:remove-background: [epoch 020]  average training loss: 2037.6519
cellbender:remove-background: [epoch 020] average test loss: 2033.3609
cellbender:remove-background: [epoch 021]  average training loss: 2036.5288
cellbender:remove-background: [epoch 022]  average training loss: 2035.2421
cellbender:remove-background: [epoch 023]  average training loss: 2034.3803
cellbender:remove-background: [epoch 024]  average training loss: 2032.6896
cellbender:remove-background: [epoch 025]  average training loss: 2029.7681
cellbender:remove-background: [epoch 025] average test loss: 2023.6538
cellbender:remove-background: [epoch 026]  average training loss: 2021.8681
cellbender:remove-background: [epoch 027]  average training loss: 2016.7192
cellbender:remove-background: [epoch 028]  average training loss: 2014.0151
cellbender:remove-background: [epoch 029]  average training loss: 2012.8776
cellbender:remove-background: [epoch 030]  average training loss: 2012.1133
cellbender:remove-background: [epoch 030] average test loss: 2010.3450
cellbender:remove-background: Saving a checkpoint...
cellbender:remove-background: Saved checkpoint as /weka/scratch/scratch/Mon/mabdel03/Tsai_Data/Cellbender_Outputs/2518573/ckpt.tar.gz
cellbender:remove-background: [epoch 031]  average training loss: 2010.5774
cellbender:remove-background: [epoch 032]  average training loss: 2009.2506
cellbender:remove-background: [epoch 033]  average training loss: 2007.7901
cellbender:remove-background: [epoch 034]  average training loss: 2006.9074
cellbender:remove-background: [epoch 035]  average training loss: 2005.4369
cellbender:remove-background: [epoch 035] average test loss: 2008.5473
cellbender:remove-background: [epoch 036]  average training loss: 2003.2605
cellbender:remove-background: [epoch 037]  average training loss: 2003.1696
cellbender:remove-background: [epoch 038]  average training loss: 2003.2720
cellbender:remove-background: [epoch 039]  average training loss: 2003.0496
cellbender:remove-background: [epoch 040]  average training loss: 2001.4467
cellbender:remove-background: [epoch 040] average test loss: 1987.2552
cellbender:remove-background: [epoch 041]  average training loss: 2001.7320
cellbender:remove-background: [epoch 042]  average training loss: 2002.8795
cellbender:remove-background: [epoch 043]  average training loss: 2000.5543
cellbender:remove-background: [epoch 044]  average training loss: 2002.6116
cellbender:remove-background: [epoch 045]  average training loss: 1999.3208
cellbender:remove-background: [epoch 045] average test loss: 1987.5536
cellbender:remove-background: Saving a checkpoint...
cellbender:remove-background: Saved checkpoint as /weka/scratch/scratch/Mon/mabdel03/Tsai_Data/Cellbender_Outputs/2518573/ckpt.tar.gz
cellbender:remove-background: [epoch 046]  average training loss: 1999.2391
cellbender:remove-background: [epoch 047]  average training loss: 1998.7157
cellbender:remove-background: [epoch 048]  average training loss: 1998.6251
cellbender:remove-background: [epoch 049]  average training loss: 1998.4533
cellbender:remove-background: [epoch 050]  average training loss: 1998.0378
cellbender:remove-background: [epoch 050] average test loss: 1994.7257
cellbender:remove-background: [epoch 051]  average training loss: 1997.3963
cellbender:remove-background: [epoch 052]  average training loss: 1998.3047
cellbender:remove-background: [epoch 053]  average training loss: 1997.7609
cellbender:remove-background: [epoch 054]  average training loss: 1997.0129
cellbender:remove-background: [epoch 055]  average training loss: 1997.1314
cellbender:remove-background: [epoch 055] average test loss: 2010.3164
cellbender:remove-background: [epoch 056]  average training loss: 1995.2841
cellbender:remove-background: [epoch 057]  average training loss: 1996.6444
cellbender:remove-background: [epoch 058]  average training loss: 1994.3116
cellbender:remove-background: [epoch 059]  average training loss: 1994.8900
cellbender:remove-background: [epoch 060]  average training loss: 1994.6137
cellbender:remove-background: [epoch 060] average test loss: 2010.4269
cellbender:remove-background: Saving a checkpoint...
cellbender:remove-background: Saved checkpoint as /weka/scratch/scratch/Mon/mabdel03/Tsai_Data/Cellbender_Outputs/2518573/ckpt.tar.gz
cellbender:remove-background: [epoch 061]  average training loss: 1994.6849
cellbender:remove-background: [epoch 062]  average training loss: 1993.6799
cellbender:remove-background: [epoch 063]  average training loss: 1993.5113
cellbender:remove-background: [epoch 064]  average training loss: 1993.9157
cellbender:remove-background: [epoch 065]  average training loss: 1993.3745
cellbender:remove-background: [epoch 065] average test loss: 2022.7298
cellbender:remove-background: [epoch 066]  average training loss: 1992.5345
cellbender:remove-background: [epoch 067]  average training loss: 1991.4611
cellbender:remove-background: [epoch 068]  average training loss: 1991.7222
cellbender:remove-background: [epoch 069]  average training loss: 1990.2086
cellbender:remove-background: [epoch 070]  average training loss: 1992.9376
cellbender:remove-background: [epoch 070] average test loss: 1994.5399
cellbender:remove-background: [epoch 071]  average training loss: 1991.0466
cellbender:remove-background: [epoch 072]  average training loss: 1990.2394
cellbender:remove-background: [epoch 073]  average training loss: 1991.2211
cellbender:remove-background: [epoch 074]  average training loss: 1988.6981
cellbender:remove-background: [epoch 075]  average training loss: 1989.2241
cellbender:remove-background: [epoch 075] average test loss: 2010.1874
cellbender:remove-background: Saving a checkpoint...
cellbender:remove-background: Saved checkpoint as /weka/scratch/scratch/Mon/mabdel03/Tsai_Data/Cellbender_Outputs/2518573/ckpt.tar.gz
cellbender:remove-background: [epoch 076]  average training loss: 1987.5340
cellbender:remove-background: [epoch 077]  average training loss: 1988.9162
cellbender:remove-background: [epoch 078]  average training loss: 1989.0297
cellbender:remove-background: [epoch 079]  average training loss: 1989.0000
cellbender:remove-background: [epoch 080]  average training loss: 1988.6998
cellbender:remove-background: [epoch 080] average test loss: 1996.1608
cellbender:remove-background: [epoch 081]  average training loss: 1992.3760
cellbender:remove-background: [epoch 082]  average training loss: 1990.0154
cellbender:remove-background: [epoch 083]  average training loss: 1987.5340
cellbender:remove-background: [epoch 084]  average training loss: 1989.5218
cellbender:remove-background: [epoch 085]  average training loss: 1987.2640
cellbender:remove-background: [epoch 085] average test loss: 2025.9474
cellbender:remove-background: [epoch 086]  average training loss: 1988.5619
cellbender:remove-background: [epoch 087]  average training loss: 1989.3298
cellbender:remove-background: [epoch 088]  average training loss: 1986.5316
cellbender:remove-background: [epoch 089]  average training loss: 1987.7699
cellbender:remove-background: [epoch 090]  average training loss: 1986.4805
cellbender:remove-background: [epoch 090] average test loss: 2046.0093
cellbender:remove-background: Saving a checkpoint...
cellbender:remove-background: Saved checkpoint as /weka/scratch/scratch/Mon/mabdel03/Tsai_Data/Cellbender_Outputs/2518573/ckpt.tar.gz
cellbender:remove-background: [epoch 091]  average training loss: 1986.3643
cellbender:remove-background: [epoch 092]  average training loss: 1989.2475
cellbender:remove-background: [epoch 093]  average training loss: 1986.2444
cellbender:remove-background: [epoch 094]  average training loss: 1986.8372
cellbender:remove-background: [epoch 095]  average training loss: 1985.3039
cellbender:remove-background: [epoch 095] average test loss: 2080.5632
cellbender:remove-background: [epoch 096]  average training loss: 1985.5278
cellbender:remove-background: [epoch 097]  average training loss: 1987.1022
cellbender:remove-background: [epoch 098]  average training loss: 1986.8559
cellbender:remove-background: [epoch 099]  average training loss: 1984.4356
cellbender:remove-background: [epoch 100]  average training loss: 1983.5992
cellbender:remove-background: [epoch 100] average test loss: 2215.1476
cellbender:remove-background: [epoch 101]  average training loss: 1987.7608
cellbender:remove-background: [epoch 102]  average training loss: 1984.0314
cellbender:remove-background: [epoch 103]  average training loss: 1985.0015
cellbender:remove-background: [epoch 104]  average training loss: 1983.5775
cellbender:remove-background: [epoch 105]  average training loss: 1985.1709
cellbender:remove-background: [epoch 105] average test loss: 4117.9903
cellbender:remove-background: Saving a checkpoint...
cellbender:remove-background: Saved checkpoint as /weka/scratch/scratch/Mon/mabdel03/Tsai_Data/Cellbender_Outputs/2518573/ckpt.tar.gz
cellbender:remove-background: [epoch 106]  average training loss: 1984.8904
cellbender:remove-background: [epoch 107]  average training loss: 1983.4383
cellbender:remove-background: [epoch 108]  average training loss: 1983.9553
cellbender:remove-background: [epoch 109]  average training loss: 1985.7399
cellbender:remove-background: [epoch 110]  average training loss: 1983.6345
cellbender:remove-background: [epoch 110] average test loss: 5171.7521
cellbender:remove-background: [epoch 111]  average training loss: 1984.6620
cellbender:remove-background: [epoch 112]  average training loss: 1985.0138
cellbender:remove-background: [epoch 113]  average training loss: 1981.9606
cellbender:remove-background: [epoch 114]  average training loss: 1982.4249
cellbender:remove-background: [epoch 115]  average training loss: 1982.8591
cellbender:remove-background: [epoch 115] average test loss: 3477.1363
cellbender:remove-background: [epoch 116]  average training loss: 1985.6350
cellbender:remove-background: [epoch 117]  average training loss: 1983.6807
cellbender:remove-background: [epoch 118]  average training loss: 1982.8564
cellbender:remove-background: [epoch 119]  average training loss: 1984.9472
cellbender:remove-background: [epoch 120]  average training loss: 1982.8874
cellbender:remove-background: [epoch 120] average test loss: 2656.8947
cellbender:remove-background: Saving a checkpoint...
cellbender:remove-background: Saved checkpoint as /weka/scratch/scratch/Mon/mabdel03/Tsai_Data/Cellbender_Outputs/2518573/ckpt.tar.gz
cellbender:remove-background: [epoch 121]  average training loss: 1982.3757
cellbender:remove-background: [epoch 122]  average training loss: 1981.9568
cellbender:remove-background: [epoch 123]  average training loss: 1983.4777
cellbender:remove-background: [epoch 124]  average training loss: 1982.9420
cellbender:remove-background: [epoch 125]  average training loss: 1982.9621
cellbender:remove-background: [epoch 125] average test loss: 6444.2249
cellbender:remove-background: [epoch 126]  average training loss: 1981.6823
cellbender:remove-background: [epoch 127]  average training loss: 1981.3997
cellbender:remove-background: [epoch 128]  average training loss: 1981.3023
cellbender:remove-background: [epoch 129]  average training loss: 1983.3524
cellbender:remove-background: [epoch 130]  average training loss: 1981.7087
cellbender:remove-background: [epoch 130] average test loss: 4776.5095
cellbender:remove-background: [epoch 131]  average training loss: 1980.5379
cellbender:remove-background: [epoch 132]  average training loss: 1980.7948
cellbender:remove-background: [epoch 133]  average training loss: 1981.9360
cellbender:remove-background: [epoch 134]  average training loss: 1981.6800
cellbender:remove-background: [epoch 135]  average training loss: 1981.7612
cellbender:remove-background: [epoch 135] average test loss: 7108.2983
cellbender:remove-background: Saving a checkpoint...
cellbender:remove-background: Saved checkpoint as /weka/scratch/scratch/Mon/mabdel03/Tsai_Data/Cellbender_Outputs/2518573/ckpt.tar.gz
cellbender:remove-background: [epoch 136]  average training loss: 1980.4105
cellbender:remove-background: [epoch 137]  average training loss: 1981.9470
cellbender:remove-background: [epoch 138]  average training loss: 1983.0893
cellbender:remove-background: [epoch 139]  average training loss: 1979.9609
cellbender:remove-background: [epoch 140]  average training loss: 1981.8138
cellbender:remove-background: [epoch 140] average test loss: 45423.8122
cellbender:remove-background: [epoch 141]  average training loss: 1979.9412
cellbender:remove-background: [epoch 142]  average training loss: 1981.8311
cellbender:remove-background: [epoch 143]  average training loss: 1981.2928
cellbender:remove-background: [epoch 144]  average training loss: 1981.5990
cellbender:remove-background: [epoch 145]  average training loss: 1981.3635
cellbender:remove-background: [epoch 145] average test loss: 2267.4570
cellbender:remove-background: [epoch 146]  average training loss: 1981.9184
cellbender:remove-background: [epoch 147]  average training loss: 1981.2557
cellbender:remove-background: [epoch 148]  average training loss: 1981.3402
cellbender:remove-background: [epoch 149]  average training loss: 1980.7532
cellbender:remove-background: [epoch 150]  average training loss: 1981.4806
cellbender:remove-background: [epoch 150] average test loss: 3440.9761
cellbender:remove-background: Saving a checkpoint...
cellbender:remove-background: Saved checkpoint as /weka/scratch/scratch/Mon/mabdel03/Tsai_Data/Cellbender_Outputs/2518573/ckpt.tar.gz
cellbender:remove-background: 2026-02-01 19:57:53
cellbender:remove-background: Inference procedure complete.
cellbender:remove-background: Attempting to unpack tarball "ckpt.tar.gz" to /tmp/tmpc8smr_i5
cellbender:remove-background: Successfully unpacked tarball to /tmp/tmpc8smr_i5
/tmp/tmpc8smr_i5/9507e9383b_random.pyro
/tmp/tmpc8smr_i5/9507e9383b_random.cuda
/tmp/tmpc8smr_i5/9507e9383b_model.torch
/tmp/tmpc8smr_i5/9507e9383b_optim.torch
/tmp/tmpc8smr_i5/9507e9383b_optim.pyro
/tmp/tmpc8smr_i5/9507e9383b_params.pyro
/tmp/tmpc8smr_i5/9507e9383b_train.loaderstate
/tmp/tmpc8smr_i5/9507e9383b_test.loaderstate
/tmp/tmpc8smr_i5/9507e9383b_args.npy
cellbender:remove-background: Posterior not currently included in checkpoint.
cellbender:remove-background: Computing posterior noise count probabilities in mini-batches.
cellbender:remove-background: Working on chunk (1/470)
cellbender:remove-background:     [0.03 mins per chunk]
cellbender:remove-background: Working on chunk (2/470)
cellbender:remove-background: Working on chunk (3/470)
cellbender:remove-background: Working on chunk (4/470)
cellbender:remove-background: Working on chunk (5/470)
cellbender:remove-background: Working on chunk (6/470)
cellbender:remove-background: Working on chunk (7/470)
cellbender:remove-background: Working on chunk (8/470)
cellbender:remove-background: Working on chunk (9/470)
cellbender:remove-background: Working on chunk (10/470)
cellbender:remove-background: Working on chunk (11/470)
cellbender:remove-background: Working on chunk (12/470)
cellbender:remove-background: Working on chunk (13/470)
cellbender:remove-background: Working on chunk (14/470)
cellbender:remove-background: Working on chunk (15/470)
cellbender:remove-background: Working on chunk (16/470)
cellbender:remove-background: Working on chunk (17/470)
cellbender:remove-background: Working on chunk (18/470)
cellbender:remove-background: Working on chunk (19/470)
cellbender:remove-background: Working on chunk (20/470)
cellbender:remove-background: Working on chunk (21/470)
cellbender:remove-background: Working on chunk (22/470)
cellbender:remove-background: Working on chunk (23/470)
cellbender:remove-background: Working on chunk (24/470)
cellbender:remove-background: Working on chunk (25/470)
cellbender:remove-background: Working on chunk (26/470)
cellbender:remove-background: Working on chunk (27/470)
cellbender:remove-background: Working on chunk (28/470)
cellbender:remove-background: Working on chunk (29/470)
cellbender:remove-background: Working on chunk (30/470)
cellbender:remove-background: Working on chunk (31/470)
cellbender:remove-background: Working on chunk (32/470)
cellbender:remove-background: Working on chunk (33/470)
cellbender:remove-background: Working on chunk (34/470)
cellbender:remove-background: Working on chunk (35/470)
cellbender:remove-background: Working on chunk (36/470)
cellbender:remove-background: Working on chunk (37/470)
cellbender:remove-background: Working on chunk (38/470)
cellbender:remove-background: Working on chunk (39/470)
cellbender:remove-background: Working on chunk (40/470)
cellbender:remove-background: Working on chunk (41/470)
cellbender:remove-background: Working on chunk (42/470)
cellbender:remove-background: Working on chunk (43/470)
cellbender:remove-background: Working on chunk (44/470)
cellbender:remove-background: Working on chunk (45/470)
cellbender:remove-background: Working on chunk (46/470)
cellbender:remove-background: Working on chunk (47/470)
cellbender:remove-background: Working on chunk (48/470)
cellbender:remove-background: Working on chunk (49/470)
cellbender:remove-background: Working on chunk (50/470)
cellbender:remove-background: Working on chunk (51/470)
cellbender:remove-background: Working on chunk (52/470)
cellbender:remove-background: Working on chunk (53/470)
cellbender:remove-background: Working on chunk (54/470)
cellbender:remove-background: Working on chunk (55/470)
cellbender:remove-background: Working on chunk (56/470)
cellbender:remove-background: Working on chunk (57/470)
cellbender:remove-background: Working on chunk (58/470)
cellbender:remove-background: Working on chunk (59/470)
cellbender:remove-background: Working on chunk (60/470)
cellbender:remove-background: Working on chunk (61/470)
cellbender:remove-background: Working on chunk (62/470)
cellbender:remove-background: Working on chunk (63/470)
cellbender:remove-background: Working on chunk (64/470)
cellbender:remove-background: Working on chunk (65/470)
cellbender:remove-background: Working on chunk (66/470)
cellbender:remove-background: Working on chunk (67/470)
cellbender:remove-background: Working on chunk (68/470)
cellbender:remove-background: Working on chunk (69/470)
cellbender:remove-background: Working on chunk (70/470)
cellbender:remove-background: Working on chunk (71/470)
cellbender:remove-background: Working on chunk (72/470)
cellbender:remove-background: Working on chunk (73/470)
cellbender:remove-background: Working on chunk (74/470)
cellbender:remove-background: Working on chunk (75/470)
cellbender:remove-background: Working on chunk (76/470)
cellbender:remove-background: Working on chunk (77/470)
cellbender:remove-background: Working on chunk (78/470)
cellbender:remove-background: Working on chunk (79/470)
cellbender:remove-background: Working on chunk (80/470)
cellbender:remove-background: Working on chunk (81/470)
cellbender:remove-background: Working on chunk (82/470)
cellbender:remove-background: Working on chunk (83/470)
cellbender:remove-background: Working on chunk (84/470)
cellbender:remove-background: Working on chunk (85/470)
cellbender:remove-background: Working on chunk (86/470)
cellbender:remove-background: Working on chunk (87/470)
cellbender:remove-background: Working on chunk (88/470)
cellbender:remove-background: Working on chunk (89/470)
cellbender:remove-background: Working on chunk (90/470)
cellbender:remove-background: Working on chunk (91/470)
cellbender:remove-background: Working on chunk (92/470)
cellbender:remove-background: Working on chunk (93/470)
cellbender:remove-background: Working on chunk (94/470)
cellbender:remove-background: Working on chunk (95/470)
cellbender:remove-background: Working on chunk (96/470)
cellbender:remove-background: Working on chunk (97/470)
cellbender:remove-background: Working on chunk (98/470)
cellbender:remove-background: Working on chunk (99/470)
cellbender:remove-background: Working on chunk (100/470)
cellbender:remove-background: Working on chunk (101/470)
cellbender:remove-background: Working on chunk (102/470)
cellbender:remove-background: Working on chunk (103/470)
cellbender:remove-background: Working on chunk (104/470)
cellbender:remove-background: Working on chunk (105/470)
cellbender:remove-background: Working on chunk (106/470)
cellbender:remove-background: Working on chunk (107/470)
cellbender:remove-background: Working on chunk (108/470)
cellbender:remove-background: Working on chunk (109/470)
cellbender:remove-background: Working on chunk (110/470)
cellbender:remove-background: Working on chunk (111/470)
cellbender:remove-background: Working on chunk (112/470)
cellbender:remove-background: Working on chunk (113/470)
cellbender:remove-background: Working on chunk (114/470)
cellbender:remove-background: Working on chunk (115/470)
cellbender:remove-background: Working on chunk (116/470)
cellbender:remove-background: Working on chunk (117/470)
cellbender:remove-background: Working on chunk (118/470)
cellbender:remove-background: Working on chunk (119/470)
cellbender:remove-background: Working on chunk (120/470)
cellbender:remove-background: Working on chunk (121/470)
cellbender:remove-background: Working on chunk (122/470)
cellbender:remove-background: Working on chunk (123/470)
cellbender:remove-background: Working on chunk (124/470)
cellbender:remove-background: Working on chunk (125/470)
cellbender:remove-background: Working on chunk (126/470)
cellbender:remove-background: Working on chunk (127/470)
cellbender:remove-background: Working on chunk (128/470)
cellbender:remove-background: Working on chunk (129/470)
cellbender:remove-background: Working on chunk (130/470)
cellbender:remove-background: Working on chunk (131/470)
cellbender:remove-background: Working on chunk (132/470)
cellbender:remove-background: Working on chunk (133/470)
cellbender:remove-background: Working on chunk (134/470)
cellbender:remove-background: Working on chunk (135/470)
cellbender:remove-background: Working on chunk (136/470)
cellbender:remove-background: Working on chunk (137/470)
cellbender:remove-background: Working on chunk (138/470)
cellbender:remove-background: Working on chunk (139/470)
cellbender:remove-background: Working on chunk (140/470)
cellbender:remove-background: Working on chunk (141/470)
cellbender:remove-background: Working on chunk (142/470)
cellbender:remove-background: Working on chunk (143/470)
cellbender:remove-background: Working on chunk (144/470)
cellbender:remove-background: Working on chunk (145/470)
cellbender:remove-background: Working on chunk (146/470)
cellbender:remove-background: Working on chunk (147/470)
cellbender:remove-background: Working on chunk (148/470)
cellbender:remove-background: Working on chunk (149/470)
cellbender:remove-background: Working on chunk (150/470)
cellbender:remove-background: Working on chunk (151/470)
cellbender:remove-background: Working on chunk (152/470)
cellbender:remove-background: Working on chunk (153/470)
cellbender:remove-background: Working on chunk (154/470)
cellbender:remove-background: Working on chunk (155/470)
cellbender:remove-background: Working on chunk (156/470)
cellbender:remove-background: Working on chunk (157/470)
cellbender:remove-background: Working on chunk (158/470)
cellbender:remove-background: Working on chunk (159/470)
cellbender:remove-background: Working on chunk (160/470)
cellbender:remove-background: Working on chunk (161/470)
cellbender:remove-background: Working on chunk (162/470)
cellbender:remove-background: Working on chunk (163/470)
cellbender:remove-background: Working on chunk (164/470)
cellbender:remove-background: Working on chunk (165/470)
cellbender:remove-background: Working on chunk (166/470)
cellbender:remove-background: Working on chunk (167/470)
cellbender:remove-background: Working on chunk (168/470)
cellbender:remove-background: Working on chunk (169/470)
cellbender:remove-background: Working on chunk (170/470)
cellbender:remove-background: Working on chunk (171/470)
cellbender:remove-background: Working on chunk (172/470)
cellbender:remove-background: Working on chunk (173/470)
cellbender:remove-background: Working on chunk (174/470)
cellbender:remove-background: Working on chunk (175/470)
cellbender:remove-background: Working on chunk (176/470)
cellbender:remove-background: Working on chunk (177/470)
cellbender:remove-background: Working on chunk (178/470)
cellbender:remove-background: Working on chunk (179/470)
cellbender:remove-background: Working on chunk (180/470)
cellbender:remove-background: Working on chunk (181/470)
cellbender:remove-background: Working on chunk (182/470)
cellbender:remove-background: Working on chunk (183/470)
cellbender:remove-background: Working on chunk (184/470)
cellbender:remove-background: Working on chunk (185/470)
cellbender:remove-background: Working on chunk (186/470)
cellbender:remove-background: Working on chunk (187/470)
cellbender:remove-background: Working on chunk (188/470)
cellbender:remove-background: Working on chunk (189/470)
cellbender:remove-background: Working on chunk (190/470)
cellbender:remove-background: Working on chunk (191/470)
cellbender:remove-background: Working on chunk (192/470)
cellbender:remove-background: Working on chunk (193/470)
cellbender:remove-background: Working on chunk (194/470)
cellbender:remove-background: Working on chunk (195/470)
cellbender:remove-background: Working on chunk (196/470)
cellbender:remove-background: Working on chunk (197/470)
cellbender:remove-background: Working on chunk (198/470)
cellbender:remove-background: Working on chunk (199/470)
cellbender:remove-background: Working on chunk (200/470)
cellbender:remove-background: Working on chunk (201/470)
cellbender:remove-background: Working on chunk (202/470)
cellbender:remove-background: Working on chunk (203/470)
cellbender:remove-background: Working on chunk (204/470)
cellbender:remove-background: Working on chunk (205/470)
cellbender:remove-background: Working on chunk (206/470)
cellbender:remove-background: Working on chunk (207/470)
cellbender:remove-background: Working on chunk (208/470)
cellbender:remove-background: Working on chunk (209/470)
cellbender:remove-background: Working on chunk (210/470)
cellbender:remove-background: Working on chunk (211/470)
cellbender:remove-background: Working on chunk (212/470)
cellbender:remove-background: Working on chunk (213/470)
cellbender:remove-background: Working on chunk (214/470)
cellbender:remove-background: Working on chunk (215/470)
cellbender:remove-background: Working on chunk (216/470)
cellbender:remove-background: Working on chunk (217/470)
cellbender:remove-background: Working on chunk (218/470)
cellbender:remove-background: Working on chunk (219/470)
cellbender:remove-background: Working on chunk (220/470)
cellbender:remove-background: Working on chunk (221/470)
cellbender:remove-background: Working on chunk (222/470)
cellbender:remove-background: Working on chunk (223/470)
cellbender:remove-background: Working on chunk (224/470)
cellbender:remove-background: Working on chunk (225/470)
cellbender:remove-background: Working on chunk (226/470)
cellbender:remove-background: Working on chunk (227/470)
cellbender:remove-background: Working on chunk (228/470)
cellbender:remove-background: Working on chunk (229/470)
cellbender:remove-background: Working on chunk (230/470)
cellbender:remove-background: Working on chunk (231/470)
cellbender:remove-background: Working on chunk (232/470)
cellbender:remove-background: Working on chunk (233/470)
cellbender:remove-background: Working on chunk (234/470)
cellbender:remove-background: Working on chunk (235/470)
cellbender:remove-background: Working on chunk (236/470)
cellbender:remove-background: Working on chunk (237/470)
cellbender:remove-background: Working on chunk (238/470)
cellbender:remove-background: Working on chunk (239/470)
cellbender:remove-background: Working on chunk (240/470)
cellbender:remove-background: Working on chunk (241/470)
cellbender:remove-background: Working on chunk (242/470)
cellbender:remove-background: Working on chunk (243/470)
cellbender:remove-background: Working on chunk (244/470)
cellbender:remove-background: Working on chunk (245/470)
cellbender:remove-background: Working on chunk (246/470)
cellbender:remove-background: Working on chunk (247/470)
cellbender:remove-background: Working on chunk (248/470)
cellbender:remove-background: Working on chunk (249/470)
cellbender:remove-background: Working on chunk (250/470)
cellbender:remove-background: Working on chunk (251/470)
cellbender:remove-background: Working on chunk (252/470)
cellbender:remove-background: Working on chunk (253/470)
cellbender:remove-background: Working on chunk (254/470)
cellbender:remove-background: Working on chunk (255/470)
cellbender:remove-background: Working on chunk (256/470)
cellbender:remove-background: Working on chunk (257/470)
cellbender:remove-background: Working on chunk (258/470)
cellbender:remove-background: Working on chunk (259/470)
cellbender:remove-background: Working on chunk (260/470)
cellbender:remove-background: Working on chunk (261/470)
cellbender:remove-background: Working on chunk (262/470)
cellbender:remove-background: Working on chunk (263/470)
cellbender:remove-background: Working on chunk (264/470)
cellbender:remove-background: Working on chunk (265/470)
cellbender:remove-background: Working on chunk (266/470)
cellbender:remove-background: Working on chunk (267/470)
cellbender:remove-background: Working on chunk (268/470)
cellbender:remove-background: Working on chunk (269/470)
cellbender:remove-background: Working on chunk (270/470)
cellbender:remove-background: Working on chunk (271/470)
cellbender:remove-background: Working on chunk (272/470)
cellbender:remove-background: Working on chunk (273/470)
cellbender:remove-background: Working on chunk (274/470)
cellbender:remove-background: Working on chunk (275/470)
cellbender:remove-background: Working on chunk (276/470)
cellbender:remove-background: Working on chunk (277/470)
cellbender:remove-background: Working on chunk (278/470)
cellbender:remove-background: Working on chunk (279/470)
cellbender:remove-background: Working on chunk (280/470)
cellbender:remove-background: Working on chunk (281/470)
cellbender:remove-background: Working on chunk (282/470)
cellbender:remove-background: Working on chunk (283/470)
cellbender:remove-background: Working on chunk (284/470)
cellbender:remove-background: Working on chunk (285/470)
cellbender:remove-background: Working on chunk (286/470)
cellbender:remove-background: Working on chunk (287/470)
cellbender:remove-background: Working on chunk (288/470)
cellbender:remove-background: Working on chunk (289/470)
cellbender:remove-background: Working on chunk (290/470)
cellbender:remove-background: Working on chunk (291/470)
cellbender:remove-background: Working on chunk (292/470)
cellbender:remove-background: Working on chunk (293/470)
cellbender:remove-background: Working on chunk (294/470)
cellbender:remove-background: Working on chunk (295/470)
cellbender:remove-background: Working on chunk (296/470)
cellbender:remove-background: Working on chunk (297/470)
cellbender:remove-background: Working on chunk (298/470)
cellbender:remove-background: Working on chunk (299/470)
cellbender:remove-background: Working on chunk (300/470)
cellbender:remove-background: Working on chunk (301/470)
cellbender:remove-background: Working on chunk (302/470)
cellbender:remove-background: Working on chunk (303/470)
cellbender:remove-background: Working on chunk (304/470)
cellbender:remove-background: Working on chunk (305/470)
cellbender:remove-background: Working on chunk (306/470)
cellbender:remove-background: Working on chunk (307/470)
cellbender:remove-background: Working on chunk (308/470)
cellbender:remove-background: Working on chunk (309/470)
cellbender:remove-background: Working on chunk (310/470)
cellbender:remove-background: Working on chunk (311/470)
cellbender:remove-background: Working on chunk (312/470)
cellbender:remove-background: Working on chunk (313/470)
cellbender:remove-background: Working on chunk (314/470)
cellbender:remove-background: Working on chunk (315/470)
cellbender:remove-background: Working on chunk (316/470)
cellbender:remove-background: Working on chunk (317/470)
cellbender:remove-background: Working on chunk (318/470)
cellbender:remove-background: Working on chunk (319/470)
cellbender:remove-background: Working on chunk (320/470)
cellbender:remove-background: Working on chunk (321/470)
cellbender:remove-background: Working on chunk (322/470)
cellbender:remove-background: Working on chunk (323/470)
cellbender:remove-background: Working on chunk (324/470)
cellbender:remove-background: Working on chunk (325/470)
cellbender:remove-background: Working on chunk (326/470)
cellbender:remove-background: Working on chunk (327/470)
cellbender:remove-background: Working on chunk (328/470)
cellbender:remove-background: Working on chunk (329/470)
cellbender:remove-background: Working on chunk (330/470)
cellbender:remove-background: Working on chunk (331/470)
cellbender:remove-background: Working on chunk (332/470)
cellbender:remove-background: Working on chunk (333/470)
cellbender:remove-background: Working on chunk (334/470)
cellbender:remove-background: Working on chunk (335/470)
cellbender:remove-background: Working on chunk (336/470)
cellbender:remove-background: Working on chunk (337/470)
cellbender:remove-background: Working on chunk (338/470)
cellbender:remove-background: Working on chunk (339/470)
cellbender:remove-background: Working on chunk (340/470)
cellbender:remove-background: Working on chunk (341/470)
cellbender:remove-background: Working on chunk (342/470)
cellbender:remove-background: Working on chunk (343/470)
cellbender:remove-background: Working on chunk (344/470)
cellbender:remove-background: Working on chunk (345/470)
cellbender:remove-background: Working on chunk (346/470)
cellbender:remove-background: Working on chunk (347/470)
cellbender:remove-background: Working on chunk (348/470)
cellbender:remove-background: Working on chunk (349/470)
cellbender:remove-background: Working on chunk (350/470)
cellbender:remove-background: Working on chunk (351/470)
cellbender:remove-background: Working on chunk (352/470)
cellbender:remove-background: Working on chunk (353/470)
cellbender:remove-background: Working on chunk (354/470)
cellbender:remove-background: Working on chunk (355/470)
cellbender:remove-background: Working on chunk (356/470)
cellbender:remove-background: Working on chunk (357/470)
cellbender:remove-background: Working on chunk (358/470)
cellbender:remove-background: Working on chunk (359/470)
cellbender:remove-background: Working on chunk (360/470)
cellbender:remove-background: Working on chunk (361/470)
cellbender:remove-background: Working on chunk (362/470)
cellbender:remove-background: Working on chunk (363/470)
cellbender:remove-background: Working on chunk (364/470)
cellbender:remove-background: Working on chunk (365/470)
cellbender:remove-background: Working on chunk (366/470)
cellbender:remove-background: Working on chunk (367/470)
cellbender:remove-background: Working on chunk (368/470)
cellbender:remove-background: Working on chunk (369/470)
cellbender:remove-background: Working on chunk (370/470)
cellbender:remove-background: Working on chunk (371/470)
cellbender:remove-background: Working on chunk (372/470)
cellbender:remove-background: Working on chunk (373/470)
cellbender:remove-background: Working on chunk (374/470)
cellbender:remove-background: Working on chunk (375/470)
cellbender:remove-background: Working on chunk (376/470)
cellbender:remove-background: Working on chunk (377/470)
cellbender:remove-background: Working on chunk (378/470)
cellbender:remove-background: Working on chunk (379/470)
cellbender:remove-background: Working on chunk (380/470)
cellbender:remove-background: Working on chunk (381/470)
cellbender:remove-background: Working on chunk (382/470)
cellbender:remove-background: Working on chunk (383/470)
cellbender:remove-background: Working on chunk (384/470)
cellbender:remove-background: Working on chunk (385/470)
cellbender:remove-background: Working on chunk (386/470)
cellbender:remove-background: Working on chunk (387/470)
cellbender:remove-background: Working on chunk (388/470)
cellbender:remove-background: Working on chunk (389/470)
cellbender:remove-background: Working on chunk (390/470)
cellbender:remove-background: Working on chunk (391/470)
cellbender:remove-background: Working on chunk (392/470)
cellbender:remove-background: Working on chunk (393/470)
cellbender:remove-background: Working on chunk (394/470)
cellbender:remove-background: Working on chunk (395/470)
cellbender:remove-background: Working on chunk (396/470)
cellbender:remove-background: Working on chunk (397/470)
cellbender:remove-background: Working on chunk (398/470)
cellbender:remove-background: Working on chunk (399/470)
cellbender:remove-background: Working on chunk (400/470)
cellbender:remove-background: Working on chunk (401/470)
cellbender:remove-background: Working on chunk (402/470)
cellbender:remove-background: Working on chunk (403/470)
cellbender:remove-background: Working on chunk (404/470)
cellbender:remove-background: Working on chunk (405/470)
cellbender:remove-background: Working on chunk (406/470)
cellbender:remove-background: Working on chunk (407/470)
cellbender:remove-background: Working on chunk (408/470)
cellbender:remove-background: Working on chunk (409/470)
cellbender:remove-background: Working on chunk (410/470)
cellbender:remove-background: Working on chunk (411/470)
cellbender:remove-background: Working on chunk (412/470)
cellbender:remove-background: Working on chunk (413/470)
cellbender:remove-background: Working on chunk (414/470)
cellbender:remove-background: Working on chunk (415/470)
cellbender:remove-background: Working on chunk (416/470)
cellbender:remove-background: Working on chunk (417/470)
cellbender:remove-background: Working on chunk (418/470)
cellbender:remove-background: Working on chunk (419/470)
cellbender:remove-background: Working on chunk (420/470)
cellbender:remove-background: Working on chunk (421/470)
cellbender:remove-background: Working on chunk (422/470)
cellbender:remove-background: Working on chunk (423/470)
cellbender:remove-background: Working on chunk (424/470)
cellbender:remove-background: Working on chunk (425/470)
cellbender:remove-background: Working on chunk (426/470)
cellbender:remove-background: Working on chunk (427/470)
cellbender:remove-background: Working on chunk (428/470)
cellbender:remove-background: Working on chunk (429/470)
cellbender:remove-background: Working on chunk (430/470)
cellbender:remove-background: Working on chunk (431/470)
cellbender:remove-background: Working on chunk (432/470)
cellbender:remove-background: Working on chunk (433/470)
cellbender:remove-background: Working on chunk (434/470)
cellbender:remove-background: Working on chunk (435/470)
cellbender:remove-background: Working on chunk (436/470)
cellbender:remove-background: Working on chunk (437/470)
cellbender:remove-background: Working on chunk (438/470)
cellbender:remove-background: Working on chunk (439/470)
cellbender:remove-background: Working on chunk (440/470)
cellbender:remove-background: Working on chunk (441/470)
cellbender:remove-background: Working on chunk (442/470)
cellbender:remove-background: Working on chunk (443/470)
cellbender:remove-background: Working on chunk (444/470)
cellbender:remove-background: Working on chunk (445/470)
cellbender:remove-background: Working on chunk (446/470)
cellbender:remove-background: Working on chunk (447/470)
cellbender:remove-background: Working on chunk (448/470)
cellbender:remove-background: Working on chunk (449/470)
cellbender:remove-background: Working on chunk (450/470)
cellbender:remove-background: Working on chunk (451/470)
cellbender:remove-background: Working on chunk (452/470)
cellbender:remove-background: Working on chunk (453/470)
cellbender:remove-background: Working on chunk (454/470)
cellbender:remove-background: Working on chunk (455/470)
cellbender:remove-background: Working on chunk (456/470)
cellbender:remove-background: Working on chunk (457/470)
cellbender:remove-background: Working on chunk (458/470)
cellbender:remove-background: Working on chunk (459/470)
cellbender:remove-background: Working on chunk (460/470)
cellbender:remove-background: Working on chunk (461/470)
cellbender:remove-background: Working on chunk (462/470)
cellbender:remove-background: Working on chunk (463/470)
cellbender:remove-background: Working on chunk (464/470)
cellbender:remove-background: Working on chunk (465/470)
cellbender:remove-background: Working on chunk (466/470)
cellbender:remove-background: Working on chunk (467/470)
cellbender:remove-background: Working on chunk (468/470)
cellbender:remove-background: Working on chunk (469/470)
cellbender:remove-background: Working on chunk (470/470)
cellbender:remove-background: Writing full posterior to /om/scratch/Mon/mabdel03/Tsai_Data/Cellbender_Outputs/2518573/processed_feature_bc_matrix_posterior.h5
cellbender:remove-background: Succeeded in writing posterior to file /om/scratch/Mon/mabdel03/Tsai_Data/Cellbender_Outputs/2518573/processed_feature_bc_matrix_posterior.h5
cellbender:remove-background: Added posterior object to checkpoint file.
cellbender:remove-background: 2026-02-01 20:14:15

cellbender:remove-background: Saved summary plots as /om/scratch/Mon/mabdel03/Tsai_Data/Cellbender_Outputs/2518573/processed_feature_bc_matrix.pdf
cellbender:remove-background: Saved cell barcodes in /om/scratch/Mon/mabdel03/Tsai_Data/Cellbender_Outputs/2518573/processed_feature_bc_matrix_cell_barcodes.csv
cellbender:remove-background: Computing target noise counts per gene for MCKP estimator
cellbender:remove-background: Using MCKP noise targets computed for FPR 0.0
cellbender:remove-background: Computing denoised counts using mckp estimator
cellbender:remove-background: Working on chunk (1/7)
cellbender:remove-background:     [4.39 mins per chunk]
cellbender:remove-background: Working on chunk (2/7)
cellbender:remove-background: Working on chunk (3/7)
cellbender:remove-background: Working on chunk (4/7)
cellbender:remove-background: Working on chunk (5/7)
cellbender:remove-background: Working on chunk (6/7)
cellbender:remove-background: Working on chunk (7/7)
cellbender:remove-background: 2026-02-01 20:46:06 Total MCKP estimation time = 1822.39 sec
cellbender:remove-background: Succeeded in writing CellRanger format output to file /om/scratch/Mon/mabdel03/Tsai_Data/Cellbender_Outputs/2518573/processed_feature_bc_matrix.h5
cellbender:remove-background: Succeeded in writing CellRanger format output to file /om/scratch/Mon/mabdel03/Tsai_Data/Cellbender_Outputs/2518573/processed_feature_bc_matrix_filtered.h5
cellbender:remove-background: Saved output metrics as /om/scratch/Mon/mabdel03/Tsai_Data/Cellbender_Outputs/2518573/processed_feature_bc_matrix_metrics.csv
[NbConvertApp] Converting notebook tmp.report.ipynb to notebook
[NbConvertApp] Writing 418227 bytes to tmp.report.nbconvert.ipynb
[NbConvertApp] Converting notebook tmp.report.nbconvert.ipynb to html
[NbConvertApp] Writing 992914 bytes to tmp.report.nbconvert.html
cellbender:remove-background: Succeeded in writing report to /om/scratch/Mon/mabdel03/Tsai_Data/Cellbender_Outputs/2518573/processed_feature_bc_matrix_report.html
cellbender:remove-background: Completed remove-background.
cellbender:remove-background: 2026-02-01 20:47:49

