cellbender:remove-background: Command:
cellbender remove-background --cuda --input /om/scratch/Mon/mabdel03/Tsai_Data/Cellranger_Outputs/21142003/outs/raw_feature_bc_matrix.h5 --fpr 0 --output /om/scratch/Mon/mabdel03/Tsai_Data/Cellbender_Outputs/21142003/processed_feature_bc_matrix.h5
cellbender:remove-background: CellBender 0.3.0
cellbender:remove-background: (Workflow hash 848c2dceb6)
cellbender:remove-background: 2026-02-01 17:26:51
cellbender:remove-background: Running remove-background
cellbender:remove-background: Loading data from /om/scratch/Mon/mabdel03/Tsai_Data/Cellranger_Outputs/21142003/outs/raw_feature_bc_matrix.h5
cellbender:remove-background: CellRanger v3 format
cellbender:remove-background: Features in dataset: 36601 Gene Expression
cellbender:remove-background: Trimming features for inference.
cellbender:remove-background: 28466 features have nonzero counts.
cellbender:remove-background: Prior on counts for cells is 3519
cellbender:remove-background: Prior on counts for empty droplets is 48
cellbender:remove-background: Excluding 9341 features that are estimated to have <= 0.1 background counts in cells.
cellbender:remove-background: Including 19125 features in the analysis.
cellbender:remove-background: Trimming barcodes for inference.
cellbender:remove-background: Excluding barcodes with counts below 24
cellbender:remove-background: Using 880 probable cell barcodes, plus an additional 5569 barcodes, and 53292 empty droplets.
cellbender:remove-background: Largest surely-empty droplet has 62 UMI counts.
cellbender:remove-background: Attempting to unpack tarball "ckpt.tar.gz" to /tmp/tmpja51pexs
cellbender:remove-background: No saved checkpoint.
cellbender:remove-background: No checkpoint loaded.
cellbender:remove-background: Running inference...
cellbender:remove-background: [epoch 001]  average training loss: 4061.2201
cellbender:remove-background: [epoch 002]  average training loss: 3778.3173  (2.1 seconds per epoch)
cellbender:remove-background: Will not checkpoint due to projected run completion in under 7.0 min
cellbender:remove-background: [epoch 003]  average training loss: 3524.7057
cellbender:remove-background: [epoch 004]  average training loss: 3276.6478
cellbender:remove-background: [epoch 005]  average training loss: 2985.6848
cellbender:remove-background: [epoch 005] average test loss: 3567.8129
cellbender:remove-background: [epoch 006]  average training loss: 2826.0070
cellbender:remove-background: [epoch 007]  average training loss: 2645.1811
cellbender:remove-background: [epoch 008]  average training loss: 2527.8116
cellbender:remove-background: [epoch 009]  average training loss: 2466.0614
cellbender:remove-background: [epoch 010]  average training loss: 2401.3690
cellbender:remove-background: [epoch 010] average test loss: 2658.9823
cellbender:remove-background: [epoch 011]  average training loss: 2376.6483
cellbender:remove-background: [epoch 012]  average training loss: 2348.1763
cellbender:remove-background: [epoch 013]  average training loss: 2344.0941
cellbender:remove-background: [epoch 014]  average training loss: 2366.8343
cellbender:remove-background: [epoch 015]  average training loss: 2351.8876
cellbender:remove-background: [epoch 015] average test loss: 2555.9261
cellbender:remove-background: [epoch 016]  average training loss: 2356.5147
cellbender:remove-background: [epoch 017]  average training loss: 2342.0069
cellbender:remove-background: [epoch 018]  average training loss: 2349.2668
cellbender:remove-background: [epoch 019]  average training loss: 2331.8651
cellbender:remove-background: [epoch 020]  average training loss: 2340.8252
cellbender:remove-background: [epoch 020] average test loss: 2560.7254
cellbender:remove-background: [epoch 021]  average training loss: 2339.1161
cellbender:remove-background: [epoch 022]  average training loss: 2348.8314
cellbender:remove-background: [epoch 023]  average training loss: 2296.7408
cellbender:remove-background: [epoch 024]  average training loss: 2252.5811
cellbender:remove-background: [epoch 025]  average training loss: 2247.2219
cellbender:remove-background: [epoch 025] average test loss: 2396.4933
cellbender:remove-background: [epoch 026]  average training loss: 2239.4340
cellbender:remove-background: [epoch 027]  average training loss: 2233.8844
cellbender:remove-background: [epoch 028]  average training loss: 2225.3792
cellbender:remove-background: [epoch 029]  average training loss: 2228.3128
cellbender:remove-background: [epoch 030]  average training loss: 2225.8539
cellbender:remove-background: [epoch 030] average test loss: 2443.9456
cellbender:remove-background: [epoch 031]  average training loss: 2224.9661
cellbender:remove-background: [epoch 032]  average training loss: 2224.5389
cellbender:remove-background: [epoch 033]  average training loss: 2214.7745
cellbender:remove-background: [epoch 034]  average training loss: 2221.8170
cellbender:remove-background: [epoch 035]  average training loss: 2216.2567
cellbender:remove-background: [epoch 035] average test loss: 2360.3071
cellbender:remove-background: [epoch 036]  average training loss: 2211.4065
cellbender:remove-background: [epoch 037]  average training loss: 2217.7577
cellbender:remove-background: [epoch 038]  average training loss: 2212.5834
cellbender:remove-background: [epoch 039]  average training loss: 2209.0822
cellbender:remove-background: [epoch 040]  average training loss: 2208.7918
cellbender:remove-background: [epoch 040] average test loss: 2365.9871
cellbender:remove-background: [epoch 041]  average training loss: 2213.0142
cellbender:remove-background: [epoch 042]  average training loss: 2205.6092
cellbender:remove-background: [epoch 043]  average training loss: 2205.5352
cellbender:remove-background: [epoch 044]  average training loss: 2207.4298
cellbender:remove-background: [epoch 045]  average training loss: 2200.5013
cellbender:remove-background: [epoch 045] average test loss: 2372.9433
cellbender:remove-background: [epoch 046]  average training loss: 2204.6812
cellbender:remove-background: [epoch 047]  average training loss: 2196.1725
cellbender:remove-background: [epoch 048]  average training loss: 2192.6726
cellbender:remove-background: [epoch 049]  average training loss: 2193.2808
cellbender:remove-background: [epoch 050]  average training loss: 2184.1512
cellbender:remove-background: [epoch 050] average test loss: 2369.8595
cellbender:remove-background: [epoch 051]  average training loss: 2186.8407
cellbender:remove-background: [epoch 052]  average training loss: 2196.6912
cellbender:remove-background: [epoch 053]  average training loss: 2191.0362
cellbender:remove-background: [epoch 054]  average training loss: 2173.6896
cellbender:remove-background: [epoch 055]  average training loss: 2196.5313
cellbender:remove-background: [epoch 055] average test loss: 2416.9505
cellbender:remove-background: [epoch 056]  average training loss: 2188.2298
cellbender:remove-background: [epoch 057]  average training loss: 2192.3137
cellbender:remove-background: [epoch 058]  average training loss: 2172.2775
cellbender:remove-background: [epoch 059]  average training loss: 2167.9988
cellbender:remove-background: [epoch 060]  average training loss: 2184.4176
cellbender:remove-background: [epoch 060] average test loss: 2330.1141
cellbender:remove-background: [epoch 061]  average training loss: 2170.8319
cellbender:remove-background: [epoch 062]  average training loss: 2184.6222
cellbender:remove-background: [epoch 063]  average training loss: 2164.2204
cellbender:remove-background: [epoch 064]  average training loss: 2164.0454
cellbender:remove-background: [epoch 065]  average training loss: 2160.5750
cellbender:remove-background: [epoch 065] average test loss: 2330.0311
cellbender:remove-background: [epoch 066]  average training loss: 2176.2724
cellbender:remove-background: [epoch 067]  average training loss: 2192.8860
cellbender:remove-background: [epoch 068]  average training loss: 2162.0512
cellbender:remove-background: [epoch 069]  average training loss: 2154.5195
cellbender:remove-background: [epoch 070]  average training loss: 2174.2547
cellbender:remove-background: [epoch 070] average test loss: 2330.5317
cellbender:remove-background: [epoch 071]  average training loss: 2160.4453
cellbender:remove-background: [epoch 072]  average training loss: 2164.0377
cellbender:remove-background: [epoch 073]  average training loss: 2181.4257
cellbender:remove-background: [epoch 074]  average training loss: 2182.5507
cellbender:remove-background: [epoch 075]  average training loss: 2157.5402
cellbender:remove-background: [epoch 075] average test loss: 2334.1490
cellbender:remove-background: [epoch 076]  average training loss: 2157.7940
cellbender:remove-background: [epoch 077]  average training loss: 2164.1705
cellbender:remove-background: [epoch 078]  average training loss: 2172.8270
cellbender:remove-background: [epoch 079]  average training loss: 2173.8830
cellbender:remove-background: [epoch 080]  average training loss: 2152.7220
cellbender:remove-background: [epoch 080] average test loss: 2317.8668
cellbender:remove-background: [epoch 081]  average training loss: 2161.2506
cellbender:remove-background: [epoch 082]  average training loss: 2164.4232
cellbender:remove-background: [epoch 083]  average training loss: 2156.6666
cellbender:remove-background: [epoch 084]  average training loss: 2150.0073
cellbender:remove-background: [epoch 085]  average training loss: 2153.5591
cellbender:remove-background: [epoch 085] average test loss: 2404.1135
cellbender:remove-background: [epoch 086]  average training loss: 2142.9979
cellbender:remove-background: [epoch 087]  average training loss: 2150.0520
cellbender:remove-background: [epoch 088]  average training loss: 2146.8884
cellbender:remove-background: [epoch 089]  average training loss: 2166.1179
cellbender:remove-background: [epoch 090]  average training loss: 2173.1299
cellbender:remove-background: [epoch 090] average test loss: 2343.1370
cellbender:remove-background: [epoch 091]  average training loss: 2154.2295
cellbender:remove-background: [epoch 092]  average training loss: 2146.3724
cellbender:remove-background: [epoch 093]  average training loss: 2167.8241
cellbender:remove-background: [epoch 094]  average training loss: 2145.1805
cellbender:remove-background: [epoch 095]  average training loss: 2140.2049
cellbender:remove-background: [epoch 095] average test loss: 2306.5388
cellbender:remove-background: [epoch 096]  average training loss: 2139.1040
cellbender:remove-background: [epoch 097]  average training loss: 2138.2011
cellbender:remove-background: [epoch 098]  average training loss: 2146.2679
cellbender:remove-background: [epoch 099]  average training loss: 2160.1689
cellbender:remove-background: [epoch 100]  average training loss: 2152.1865
cellbender:remove-background: [epoch 100] average test loss: 2329.1253
cellbender:remove-background: [epoch 101]  average training loss: 2143.8343
cellbender:remove-background: [epoch 102]  average training loss: 2159.6753
cellbender:remove-background: [epoch 103]  average training loss: 2142.3156
cellbender:remove-background: [epoch 104]  average training loss: 2132.4210
cellbender:remove-background: [epoch 105]  average training loss: 2146.4749
cellbender:remove-background: [epoch 105] average test loss: 2328.5416
cellbender:remove-background: [epoch 106]  average training loss: 2138.0146
cellbender:remove-background: [epoch 107]  average training loss: 2137.7010
cellbender:remove-background: [epoch 108]  average training loss: 2140.7209
cellbender:remove-background: [epoch 109]  average training loss: 2137.9764
cellbender:remove-background: [epoch 110]  average training loss: 2153.4125
cellbender:remove-background: [epoch 110] average test loss: 2329.8361
cellbender:remove-background: [epoch 111]  average training loss: 2141.5690
cellbender:remove-background: [epoch 112]  average training loss: 2130.1737
cellbender:remove-background: [epoch 113]  average training loss: 2137.3778
cellbender:remove-background: [epoch 114]  average training loss: 2134.7246
cellbender:remove-background: [epoch 115]  average training loss: 2135.6283
cellbender:remove-background: [epoch 115] average test loss: 2354.7541
cellbender:remove-background: [epoch 116]  average training loss: 2132.8418
cellbender:remove-background: [epoch 117]  average training loss: 2134.6291
cellbender:remove-background: [epoch 118]  average training loss: 2132.5159
cellbender:remove-background: [epoch 119]  average training loss: 2139.5582
cellbender:remove-background: [epoch 120]  average training loss: 2138.5650
cellbender:remove-background: [epoch 120] average test loss: 2329.8245
cellbender:remove-background: [epoch 121]  average training loss: 2135.1102
cellbender:remove-background: [epoch 122]  average training loss: 2140.8983
cellbender:remove-background: [epoch 123]  average training loss: 2127.9201
cellbender:remove-background: [epoch 124]  average training loss: 2133.9508
cellbender:remove-background: [epoch 125]  average training loss: 2141.5610
cellbender:remove-background: [epoch 125] average test loss: 2316.4321
cellbender:remove-background: [epoch 126]  average training loss: 2134.2423
cellbender:remove-background: [epoch 127]  average training loss: 2136.6045
cellbender:remove-background: [epoch 128]  average training loss: 2126.3939
cellbender:remove-background: [epoch 129]  average training loss: 2133.0504
cellbender:remove-background: [epoch 130]  average training loss: 2133.3589
cellbender:remove-background: [epoch 130] average test loss: 2310.1092
cellbender:remove-background: [epoch 131]  average training loss: 2132.7587
cellbender:remove-background: [epoch 132]  average training loss: 2125.0332
cellbender:remove-background: [epoch 133]  average training loss: 2130.4712
cellbender:remove-background: [epoch 134]  average training loss: 2127.1441
cellbender:remove-background: [epoch 135]  average training loss: 2125.8909
cellbender:remove-background: [epoch 135] average test loss: 2305.0866
cellbender:remove-background: [epoch 136]  average training loss: 2137.0740
cellbender:remove-background: [epoch 137]  average training loss: 2129.4107
cellbender:remove-background: [epoch 138]  average training loss: 2131.0851
cellbender:remove-background: [epoch 139]  average training loss: 2128.7523
cellbender:remove-background: [epoch 140]  average training loss: 2131.6060
cellbender:remove-background: [epoch 140] average test loss: 2319.5429
cellbender:remove-background: [epoch 141]  average training loss: 2123.5937
cellbender:remove-background: [epoch 142]  average training loss: 2129.6713
cellbender:remove-background: [epoch 143]  average training loss: 2155.7593
cellbender:remove-background: [epoch 144]  average training loss: 2131.0070
cellbender:remove-background: [epoch 145]  average training loss: 2132.4164
cellbender:remove-background: [epoch 145] average test loss: 2319.0516
cellbender:remove-background: [epoch 146]  average training loss: 2126.9637
cellbender:remove-background: [epoch 147]  average training loss: 2136.8407
cellbender:remove-background: [epoch 148]  average training loss: 2126.8740
cellbender:remove-background: [epoch 149]  average training loss: 2132.2659
cellbender:remove-background: [epoch 150]  average training loss: 2140.1185
cellbender:remove-background: [epoch 150] average test loss: 2335.3483
cellbender:remove-background: Saving a checkpoint...
cellbender:remove-background: Saved checkpoint as /weka/scratch/scratch/Mon/mabdel03/Tsai_Data/Cellbender_Outputs/21142003/ckpt.tar.gz
cellbender:remove-background: 2026-02-01 17:33:16
cellbender:remove-background: Inference procedure complete.
cellbender:remove-background: Attempting to unpack tarball "ckpt.tar.gz" to /tmp/tmpwhr45ywi
cellbender:remove-background: Successfully unpacked tarball to /tmp/tmpwhr45ywi
/tmp/tmpwhr45ywi/848c2dceb6_random.pyro
/tmp/tmpwhr45ywi/848c2dceb6_random.cuda
/tmp/tmpwhr45ywi/848c2dceb6_model.torch
/tmp/tmpwhr45ywi/848c2dceb6_optim.torch
/tmp/tmpwhr45ywi/848c2dceb6_optim.pyro
/tmp/tmpwhr45ywi/848c2dceb6_params.pyro
/tmp/tmpwhr45ywi/848c2dceb6_train.loaderstate
/tmp/tmpwhr45ywi/848c2dceb6_test.loaderstate
/tmp/tmpwhr45ywi/848c2dceb6_args.npy
cellbender:remove-background: Posterior not currently included in checkpoint.
cellbender:remove-background: Computing posterior noise count probabilities in mini-batches.
cellbender:remove-background: Working on chunk (1/15)
cellbender:remove-background:     [0.03 mins per chunk]
cellbender:remove-background: Working on chunk (2/15)
cellbender:remove-background: Working on chunk (3/15)
cellbender:remove-background: Working on chunk (4/15)
cellbender:remove-background: Working on chunk (5/15)
cellbender:remove-background: Working on chunk (6/15)
cellbender:remove-background: Working on chunk (7/15)
cellbender:remove-background: Working on chunk (8/15)
cellbender:remove-background: Working on chunk (9/15)
cellbender:remove-background: Working on chunk (10/15)
cellbender:remove-background: Working on chunk (11/15)
cellbender:remove-background: Working on chunk (12/15)
cellbender:remove-background: Working on chunk (13/15)
cellbender:remove-background: Working on chunk (14/15)
cellbender:remove-background: Working on chunk (15/15)
cellbender:remove-background: Writing full posterior to /om/scratch/Mon/mabdel03/Tsai_Data/Cellbender_Outputs/21142003/processed_feature_bc_matrix_posterior.h5
cellbender:remove-background: Succeeded in writing posterior to file /om/scratch/Mon/mabdel03/Tsai_Data/Cellbender_Outputs/21142003/processed_feature_bc_matrix_posterior.h5
cellbender:remove-background: Added posterior object to checkpoint file.
cellbender:remove-background: 2026-02-01 17:35:20

cellbender:remove-background: Saved summary plots as /om/scratch/Mon/mabdel03/Tsai_Data/Cellbender_Outputs/21142003/processed_feature_bc_matrix.pdf
cellbender:remove-background: Saved cell barcodes in /om/scratch/Mon/mabdel03/Tsai_Data/Cellbender_Outputs/21142003/processed_feature_bc_matrix_cell_barcodes.csv
cellbender:remove-background: Computing target noise counts per gene for MCKP estimator
cellbender:remove-background: Using MCKP noise targets computed for FPR 0.0
cellbender:remove-background: Computing denoised counts using mckp estimator
cellbender:remove-background: Working on chunk (1/7)
cellbender:remove-background:     [0.41 mins per chunk]
cellbender:remove-background: Working on chunk (2/7)
cellbender:remove-background: Working on chunk (3/7)
cellbender:remove-background: Working on chunk (4/7)
cellbender:remove-background: Working on chunk (5/7)
cellbender:remove-background: Working on chunk (6/7)
cellbender:remove-background: Working on chunk (7/7)
cellbender:remove-background: 2026-02-01 17:38:24 Total MCKP estimation time = 175.17 sec
cellbender:remove-background: Succeeded in writing CellRanger format output to file /om/scratch/Mon/mabdel03/Tsai_Data/Cellbender_Outputs/21142003/processed_feature_bc_matrix.h5
cellbender:remove-background: Succeeded in writing CellRanger format output to file /om/scratch/Mon/mabdel03/Tsai_Data/Cellbender_Outputs/21142003/processed_feature_bc_matrix_filtered.h5
cellbender:remove-background: Saved output metrics as /om/scratch/Mon/mabdel03/Tsai_Data/Cellbender_Outputs/21142003/processed_feature_bc_matrix_metrics.csv
[NbConvertApp] Converting notebook tmp.report.ipynb to notebook
[NbConvertApp] Writing 426719 bytes to tmp.report.nbconvert.ipynb
[NbConvertApp] Converting notebook tmp.report.nbconvert.ipynb to html
[NbConvertApp] Writing 1001406 bytes to tmp.report.nbconvert.html
cellbender:remove-background: Succeeded in writing report to /om/scratch/Mon/mabdel03/Tsai_Data/Cellbender_Outputs/21142003/processed_feature_bc_matrix_report.html
cellbender:remove-background: Completed remove-background.
cellbender:remove-background: 2026-02-01 17:38:45

