cellbender:remove-background: Command:
cellbender remove-background --cuda --input /om/scratch/Mon/mabdel03/Tsai_Data/Cellranger_Outputs/62404688/outs/raw_feature_bc_matrix.h5 --fpr 0 --output /om/scratch/Mon/mabdel03/Tsai_Data/Cellbender_Outputs/62404688/processed_feature_bc_matrix.h5
cellbender:remove-background: CellBender 0.3.0
cellbender:remove-background: (Workflow hash 9ee4c8fea9)
cellbender:remove-background: 2026-02-02 01:19:41
cellbender:remove-background: Running remove-background
cellbender:remove-background: Loading data from /om/scratch/Mon/mabdel03/Tsai_Data/Cellranger_Outputs/62404688/outs/raw_feature_bc_matrix.h5
cellbender:remove-background: CellRanger v3 format
cellbender:remove-background: Features in dataset: 36601 Gene Expression
cellbender:remove-background: Trimming features for inference.
cellbender:remove-background: 28790 features have nonzero counts.
cellbender:remove-background: Prior on counts for cells is 2486
cellbender:remove-background: Prior on counts for empty droplets is 66
cellbender:remove-background: Excluding 7474 features that are estimated to have <= 0.1 background counts in cells.
cellbender:remove-background: Including 21316 features in the analysis.
cellbender:remove-background: Trimming barcodes for inference.
cellbender:remove-background: Excluding barcodes with counts below 33
cellbender:remove-background: Using 1952 probable cell barcodes, plus an additional 11651 barcodes, and 59807 empty droplets.
cellbender:remove-background: Largest surely-empty droplet has 72 UMI counts.
cellbender:remove-background: Attempting to unpack tarball "ckpt.tar.gz" to /tmp/tmp5uc53l_k
cellbender:remove-background: No saved checkpoint.
cellbender:remove-background: No checkpoint loaded.
cellbender:remove-background: Running inference...
cellbender:remove-background: [epoch 001]  average training loss: 2866.6854
cellbender:remove-background: [epoch 002]  average training loss: 2535.8122  (4.2 seconds per epoch)
cellbender:remove-background: Will checkpoint every 101 epochs
cellbender:remove-background: [epoch 003]  average training loss: 2297.1410
cellbender:remove-background: [epoch 004]  average training loss: 2148.0811
cellbender:remove-background: [epoch 005]  average training loss: 2034.3242
cellbender:remove-background: [epoch 005] average test loss: 2096.7730
cellbender:remove-background: [epoch 006]  average training loss: 1954.4365
cellbender:remove-background: [epoch 007]  average training loss: 1926.3184
cellbender:remove-background: [epoch 008]  average training loss: 1908.8800
cellbender:remove-background: [epoch 009]  average training loss: 1895.8619
cellbender:remove-background: [epoch 010]  average training loss: 1896.7745
cellbender:remove-background: [epoch 010] average test loss: 1885.6535
cellbender:remove-background: [epoch 011]  average training loss: 1889.7164
cellbender:remove-background: [epoch 012]  average training loss: 1887.4200
cellbender:remove-background: [epoch 013]  average training loss: 1885.1172
cellbender:remove-background: [epoch 014]  average training loss: 1881.3252
cellbender:remove-background: [epoch 015]  average training loss: 1882.3033
cellbender:remove-background: [epoch 015] average test loss: 1873.4694
cellbender:remove-background: [epoch 016]  average training loss: 1879.7400
cellbender:remove-background: [epoch 017]  average training loss: 1881.2694
cellbender:remove-background: [epoch 018]  average training loss: 1877.4413
cellbender:remove-background: [epoch 019]  average training loss: 1873.0529
cellbender:remove-background: [epoch 020]  average training loss: 1861.2407
cellbender:remove-background: [epoch 020] average test loss: 1845.1035
cellbender:remove-background: [epoch 021]  average training loss: 1845.6350
cellbender:remove-background: [epoch 022]  average training loss: 1843.9561
cellbender:remove-background: [epoch 023]  average training loss: 1840.5085
cellbender:remove-background: [epoch 024]  average training loss: 1836.2299
cellbender:remove-background: [epoch 025]  average training loss: 1836.8470
cellbender:remove-background: [epoch 025] average test loss: 1827.9972
cellbender:remove-background: [epoch 026]  average training loss: 1831.0490
cellbender:remove-background: [epoch 027]  average training loss: 1829.4842
cellbender:remove-background: [epoch 028]  average training loss: 1830.7486
cellbender:remove-background: [epoch 029]  average training loss: 1826.4824
cellbender:remove-background: [epoch 030]  average training loss: 1828.1431
cellbender:remove-background: [epoch 030] average test loss: 1826.7543
cellbender:remove-background: [epoch 031]  average training loss: 1827.0777
cellbender:remove-background: [epoch 032]  average training loss: 1825.5918
cellbender:remove-background: [epoch 033]  average training loss: 1823.1872
cellbender:remove-background: [epoch 034]  average training loss: 1819.4947
cellbender:remove-background: [epoch 035]  average training loss: 1813.9664
cellbender:remove-background: [epoch 035] average test loss: 1803.8020
cellbender:remove-background: [epoch 036]  average training loss: 1809.9421
cellbender:remove-background: [epoch 037]  average training loss: 1808.2989
cellbender:remove-background: [epoch 038]  average training loss: 1809.2204
cellbender:remove-background: [epoch 039]  average training loss: 1803.3120
cellbender:remove-background: [epoch 040]  average training loss: 1801.8161
cellbender:remove-background: [epoch 040] average test loss: 1797.0218
cellbender:remove-background: [epoch 041]  average training loss: 1800.2192
cellbender:remove-background: [epoch 042]  average training loss: 1798.9032
cellbender:remove-background: [epoch 043]  average training loss: 1796.6770
cellbender:remove-background: [epoch 044]  average training loss: 1793.6242
cellbender:remove-background: [epoch 045]  average training loss: 1793.8148
cellbender:remove-background: [epoch 045] average test loss: 1793.7944
cellbender:remove-background: [epoch 046]  average training loss: 1789.5541
cellbender:remove-background: [epoch 047]  average training loss: 1790.7672
cellbender:remove-background: [epoch 048]  average training loss: 1787.8670
cellbender:remove-background: [epoch 049]  average training loss: 1786.7367
cellbender:remove-background: [epoch 050]  average training loss: 1783.8314
cellbender:remove-background: [epoch 050] average test loss: 1785.6930
cellbender:remove-background: [epoch 051]  average training loss: 1784.8447
cellbender:remove-background: [epoch 052]  average training loss: 1782.1819
cellbender:remove-background: [epoch 053]  average training loss: 1780.6476
cellbender:remove-background: [epoch 054]  average training loss: 1781.8165
cellbender:remove-background: [epoch 055]  average training loss: 1780.5590
cellbender:remove-background: [epoch 055] average test loss: 1779.5815
cellbender:remove-background: [epoch 056]  average training loss: 1777.0202
cellbender:remove-background: [epoch 057]  average training loss: 1778.6484
cellbender:remove-background: [epoch 058]  average training loss: 1778.2387
cellbender:remove-background: [epoch 059]  average training loss: 1775.5043
cellbender:remove-background: [epoch 060]  average training loss: 1777.1323
cellbender:remove-background: [epoch 060] average test loss: 1782.1137
cellbender:remove-background: [epoch 061]  average training loss: 1776.1045
cellbender:remove-background: [epoch 062]  average training loss: 1774.3007
cellbender:remove-background: [epoch 063]  average training loss: 1774.6312
cellbender:remove-background: [epoch 064]  average training loss: 1771.8099
cellbender:remove-background: [epoch 065]  average training loss: 1773.6582
cellbender:remove-background: [epoch 065] average test loss: 1768.4547
cellbender:remove-background: [epoch 066]  average training loss: 1773.4296
cellbender:remove-background: [epoch 067]  average training loss: 1773.0785
cellbender:remove-background: [epoch 068]  average training loss: 1770.4264
cellbender:remove-background: [epoch 069]  average training loss: 1769.7414
cellbender:remove-background: [epoch 070]  average training loss: 1772.7332
cellbender:remove-background: [epoch 070] average test loss: 1772.2698
cellbender:remove-background: [epoch 071]  average training loss: 1771.5685
cellbender:remove-background: [epoch 072]  average training loss: 1770.2658
cellbender:remove-background: [epoch 073]  average training loss: 1767.8349
cellbender:remove-background: [epoch 074]  average training loss: 1769.4077
cellbender:remove-background: [epoch 075]  average training loss: 1771.0957
cellbender:remove-background: [epoch 075] average test loss: 1778.0067
cellbender:remove-background: [epoch 076]  average training loss: 1772.1311
cellbender:remove-background: [epoch 077]  average training loss: 1769.8064
cellbender:remove-background: [epoch 078]  average training loss: 1771.6028
cellbender:remove-background: [epoch 079]  average training loss: 1769.8195
cellbender:remove-background: [epoch 080]  average training loss: 1769.3093
cellbender:remove-background: [epoch 080] average test loss: 1774.1241
cellbender:remove-background: [epoch 081]  average training loss: 1771.9303
cellbender:remove-background: [epoch 082]  average training loss: 1770.8413
cellbender:remove-background: [epoch 083]  average training loss: 1771.1120
cellbender:remove-background: [epoch 084]  average training loss: 1771.6811
cellbender:remove-background: [epoch 085]  average training loss: 1770.6142
cellbender:remove-background: [epoch 085] average test loss: 1777.0524
cellbender:remove-background: [epoch 086]  average training loss: 1768.7680
cellbender:remove-background: [epoch 087]  average training loss: 1771.8996
cellbender:remove-background: [epoch 088]  average training loss: 1768.9860
cellbender:remove-background: [epoch 089]  average training loss: 1767.4867
cellbender:remove-background: [epoch 090]  average training loss: 1766.9819
cellbender:remove-background: [epoch 090] average test loss: 1773.7889
cellbender:remove-background: [epoch 091]  average training loss: 1768.8111
cellbender:remove-background: [epoch 092]  average training loss: 1766.0929
cellbender:remove-background: [epoch 093]  average training loss: 1766.5301
cellbender:remove-background: [epoch 094]  average training loss: 1767.6088
cellbender:remove-background: [epoch 095]  average training loss: 1766.8857
cellbender:remove-background: [epoch 095] average test loss: 1772.6092
cellbender:remove-background: [epoch 096]  average training loss: 1767.7569
cellbender:remove-background: [epoch 097]  average training loss: 1768.5603
cellbender:remove-background: [epoch 098]  average training loss: 1766.2380
cellbender:remove-background: [epoch 099]  average training loss: 1767.0419
cellbender:remove-background: [epoch 100]  average training loss: 1766.1438
cellbender:remove-background: [epoch 100] average test loss: 1775.0123
cellbender:remove-background: [epoch 101]  average training loss: 1766.8780
cellbender:remove-background: Saving a checkpoint...
cellbender:remove-background: Saved checkpoint as /weka/scratch/scratch/Mon/mabdel03/Tsai_Data/Cellbender_Outputs/62404688/ckpt.tar.gz
cellbender:remove-background: [epoch 102]  average training loss: 1766.4429
cellbender:remove-background: [epoch 103]  average training loss: 1766.3612
cellbender:remove-background: [epoch 104]  average training loss: 1766.4103
cellbender:remove-background: [epoch 105]  average training loss: 1767.9434
cellbender:remove-background: [epoch 105] average test loss: 1771.4392
cellbender:remove-background: [epoch 106]  average training loss: 1766.1897
cellbender:remove-background: [epoch 107]  average training loss: 1764.8864
cellbender:remove-background: [epoch 108]  average training loss: 1766.7201
cellbender:remove-background: [epoch 109]  average training loss: 1766.5583
cellbender:remove-background: [epoch 110]  average training loss: 1764.9401
cellbender:remove-background: [epoch 110] average test loss: 1775.9460
cellbender:remove-background: [epoch 111]  average training loss: 1765.7147
cellbender:remove-background: [epoch 112]  average training loss: 1765.9887
cellbender:remove-background: [epoch 113]  average training loss: 1763.7468
cellbender:remove-background: [epoch 114]  average training loss: 1764.7594
cellbender:remove-background: [epoch 115]  average training loss: 1765.3724
cellbender:remove-background: [epoch 115] average test loss: 1772.6123
cellbender:remove-background: [epoch 116]  average training loss: 1765.3159
cellbender:remove-background: [epoch 117]  average training loss: 1765.8766
cellbender:remove-background: [epoch 118]  average training loss: 1764.5747
cellbender:remove-background: [epoch 119]  average training loss: 1764.0757
cellbender:remove-background: [epoch 120]  average training loss: 1765.0437
cellbender:remove-background: [epoch 120] average test loss: 1770.7409
cellbender:remove-background: [epoch 121]  average training loss: 1763.5818
cellbender:remove-background: [epoch 122]  average training loss: 1765.0855
cellbender:remove-background: [epoch 123]  average training loss: 1762.6857
cellbender:remove-background: [epoch 124]  average training loss: 1763.8222
cellbender:remove-background: [epoch 125]  average training loss: 1763.9001
cellbender:remove-background: [epoch 125] average test loss: 1771.1790
cellbender:remove-background: [epoch 126]  average training loss: 1762.1500
cellbender:remove-background: [epoch 127]  average training loss: 1763.2891
cellbender:remove-background: [epoch 128]  average training loss: 1762.7245
cellbender:remove-background: [epoch 129]  average training loss: 1762.4699
cellbender:remove-background: [epoch 130]  average training loss: 1762.1650
cellbender:remove-background: [epoch 130] average test loss: 1772.2596
cellbender:remove-background: [epoch 131]  average training loss: 1760.8543
cellbender:remove-background: [epoch 132]  average training loss: 1761.4332
cellbender:remove-background: [epoch 133]  average training loss: 1763.0438
cellbender:remove-background: [epoch 134]  average training loss: 1761.6419
cellbender:remove-background: [epoch 135]  average training loss: 1763.1960
cellbender:remove-background: [epoch 135] average test loss: 1768.9467
cellbender:remove-background: [epoch 136]  average training loss: 1760.1091
cellbender:remove-background: [epoch 137]  average training loss: 1760.8418
cellbender:remove-background: [epoch 138]  average training loss: 1761.2814
cellbender:remove-background: [epoch 139]  average training loss: 1761.6637
cellbender:remove-background: [epoch 140]  average training loss: 1762.1284
cellbender:remove-background: [epoch 140] average test loss: 1772.8428
cellbender:remove-background: [epoch 141]  average training loss: 1762.3956
cellbender:remove-background: [epoch 142]  average training loss: 1761.8815
cellbender:remove-background: [epoch 143]  average training loss: 1761.8751
cellbender:remove-background: [epoch 144]  average training loss: 1760.8673
cellbender:remove-background: [epoch 145]  average training loss: 1761.9830
cellbender:remove-background: [epoch 145] average test loss: 1770.8529
cellbender:remove-background: [epoch 146]  average training loss: 1761.0466
cellbender:remove-background: [epoch 147]  average training loss: 1761.7218
cellbender:remove-background: [epoch 148]  average training loss: 1761.5368
cellbender:remove-background: [epoch 149]  average training loss: 1761.7075
cellbender:remove-background: [epoch 150]  average training loss: 1760.9867
cellbender:remove-background: [epoch 150] average test loss: 1770.5252
cellbender:remove-background: Saving a checkpoint...
cellbender:remove-background: Saved checkpoint as /weka/scratch/scratch/Mon/mabdel03/Tsai_Data/Cellbender_Outputs/62404688/ckpt.tar.gz
cellbender:remove-background: 2026-02-02 01:32:11
cellbender:remove-background: Inference procedure complete.
cellbender:remove-background: Attempting to unpack tarball "ckpt.tar.gz" to /tmp/tmpjpn947zy
cellbender:remove-background: Successfully unpacked tarball to /tmp/tmpjpn947zy
/tmp/tmpjpn947zy/9ee4c8fea9_random.pyro
/tmp/tmpjpn947zy/9ee4c8fea9_random.cuda
/tmp/tmpjpn947zy/9ee4c8fea9_model.torch
/tmp/tmpjpn947zy/9ee4c8fea9_optim.torch
/tmp/tmpjpn947zy/9ee4c8fea9_optim.pyro
/tmp/tmpjpn947zy/9ee4c8fea9_params.pyro
/tmp/tmpjpn947zy/9ee4c8fea9_train.loaderstate
/tmp/tmpjpn947zy/9ee4c8fea9_test.loaderstate
/tmp/tmpjpn947zy/9ee4c8fea9_args.npy
cellbender:remove-background: Posterior not currently included in checkpoint.
cellbender:remove-background: Computing posterior noise count probabilities in mini-batches.
cellbender:remove-background: Working on chunk (1/34)
cellbender:remove-background:     [0.04 mins per chunk]
cellbender:remove-background: Working on chunk (2/34)
cellbender:remove-background: Working on chunk (3/34)
cellbender:remove-background: Working on chunk (4/34)
cellbender:remove-background: Working on chunk (5/34)
cellbender:remove-background: Working on chunk (6/34)
cellbender:remove-background: Working on chunk (7/34)
cellbender:remove-background: Working on chunk (8/34)
cellbender:remove-background: Working on chunk (9/34)
cellbender:remove-background: Working on chunk (10/34)
cellbender:remove-background: Working on chunk (11/34)
cellbender:remove-background: Working on chunk (12/34)
cellbender:remove-background: Working on chunk (13/34)
cellbender:remove-background: Working on chunk (14/34)
cellbender:remove-background: Working on chunk (15/34)
cellbender:remove-background: Working on chunk (16/34)
cellbender:remove-background: Working on chunk (17/34)
cellbender:remove-background: Working on chunk (18/34)
cellbender:remove-background: Working on chunk (19/34)
cellbender:remove-background: Working on chunk (20/34)
cellbender:remove-background: Working on chunk (21/34)
cellbender:remove-background: Working on chunk (22/34)
cellbender:remove-background: Working on chunk (23/34)
cellbender:remove-background: Working on chunk (24/34)
cellbender:remove-background: Working on chunk (25/34)
cellbender:remove-background: Working on chunk (26/34)
cellbender:remove-background: Working on chunk (27/34)
cellbender:remove-background: Working on chunk (28/34)
cellbender:remove-background: Working on chunk (29/34)
cellbender:remove-background: Working on chunk (30/34)
cellbender:remove-background: Working on chunk (31/34)
cellbender:remove-background: Working on chunk (32/34)
cellbender:remove-background: Working on chunk (33/34)
cellbender:remove-background: Working on chunk (34/34)
cellbender:remove-background: Writing full posterior to /om/scratch/Mon/mabdel03/Tsai_Data/Cellbender_Outputs/62404688/processed_feature_bc_matrix_posterior.h5
cellbender:remove-background: Succeeded in writing posterior to file /om/scratch/Mon/mabdel03/Tsai_Data/Cellbender_Outputs/62404688/processed_feature_bc_matrix_posterior.h5
cellbender:remove-background: Added posterior object to checkpoint file.
cellbender:remove-background: 2026-02-02 01:34:53

cellbender:remove-background: Saved summary plots as /om/scratch/Mon/mabdel03/Tsai_Data/Cellbender_Outputs/62404688/processed_feature_bc_matrix.pdf
cellbender:remove-background: Saved cell barcodes in /om/scratch/Mon/mabdel03/Tsai_Data/Cellbender_Outputs/62404688/processed_feature_bc_matrix_cell_barcodes.csv
cellbender:remove-background: Computing target noise counts per gene for MCKP estimator
cellbender:remove-background: Using MCKP noise targets computed for FPR 0.0
cellbender:remove-background: Computing denoised counts using mckp estimator
cellbender:remove-background: Working on chunk (1/7)
cellbender:remove-background:     [0.55 mins per chunk]
cellbender:remove-background: Working on chunk (2/7)
cellbender:remove-background: Working on chunk (3/7)
cellbender:remove-background: Working on chunk (4/7)
cellbender:remove-background: Working on chunk (5/7)
cellbender:remove-background: Working on chunk (6/7)
cellbender:remove-background: Working on chunk (7/7)
cellbender:remove-background: 2026-02-02 01:38:57 Total MCKP estimation time = 231.18 sec
cellbender:remove-background: Succeeded in writing CellRanger format output to file /om/scratch/Mon/mabdel03/Tsai_Data/Cellbender_Outputs/62404688/processed_feature_bc_matrix.h5
cellbender:remove-background: Succeeded in writing CellRanger format output to file /om/scratch/Mon/mabdel03/Tsai_Data/Cellbender_Outputs/62404688/processed_feature_bc_matrix_filtered.h5
cellbender:remove-background: Saved output metrics as /om/scratch/Mon/mabdel03/Tsai_Data/Cellbender_Outputs/62404688/processed_feature_bc_matrix_metrics.csv
[NbConvertApp] Converting notebook tmp.report.ipynb to notebook
[NbConvertApp] Writing 500936 bytes to tmp.report.nbconvert.ipynb
[NbConvertApp] Converting notebook tmp.report.nbconvert.ipynb to html
[NbConvertApp] Writing 1075623 bytes to tmp.report.nbconvert.html
cellbender:remove-background: Succeeded in writing report to /om/scratch/Mon/mabdel03/Tsai_Data/Cellbender_Outputs/62404688/processed_feature_bc_matrix_report.html
cellbender:remove-background: Completed remove-background.
cellbender:remove-background: 2026-02-02 01:39:20

