cellbender:remove-background: Command:
cellbender remove-background --cuda --input /tmp/cellbender_44649068_74/raw_feature_bc_matrix.h5 --fpr 0 --output /om/scratch/Mon/mabdel03/Tsai_Data/Cellbender_Outputs/11619606/processed_feature_bc_matrix.h5
cellbender:remove-background: CellBender 0.3.0
cellbender:remove-background: (Workflow hash b6f5fd50fd)
cellbender:remove-background: 2026-01-31 18:28:34
cellbender:remove-background: Running remove-background
cellbender:remove-background: Loading data from /tmp/cellbender_44649068_74/raw_feature_bc_matrix.h5
cellbender:remove-background: CellRanger v3 format
cellbender:remove-background: Features in dataset: 36601 Gene Expression
cellbender:remove-background: Trimming features for inference.
cellbender:remove-background: 31501 features have nonzero counts.
cellbender:remove-background: Prior on counts for cells is 10193
cellbender:remove-background: Prior on counts for empty droplets is 132
cellbender:remove-background: Excluding 10266 features that are estimated to have <= 0.1 background counts in cells.
cellbender:remove-background: Including 21235 features in the analysis.
cellbender:remove-background: Trimming barcodes for inference.
cellbender:remove-background: Excluding barcodes with counts below 66
cellbender:remove-background: Using 1956 probable cell barcodes, plus an additional 5814 barcodes, and 32007 empty droplets.
cellbender:remove-background: Largest surely-empty droplet has 162 UMI counts.
cellbender:remove-background: Attempting to unpack tarball "ckpt.tar.gz" to /tmp/tmp7kkudbz_
cellbender:remove-background: No saved checkpoint.
cellbender:remove-background: No checkpoint loaded.
cellbender:remove-background: Running inference...
cellbender:remove-background: [epoch 001]  average training loss: 13971.7270
cellbender:remove-background: [epoch 002]  average training loss: 12372.3686  (2.8 seconds per epoch)
cellbender:remove-background: Will not checkpoint due to projected run completion in under 7.0 min
cellbender:remove-background: [epoch 003]  average training loss: 11283.3147
cellbender:remove-background: [epoch 004]  average training loss: 9303.6064
cellbender:remove-background: [epoch 005]  average training loss: 8235.1052
cellbender:remove-background: [epoch 005] average test loss: 8531.5161
cellbender:remove-background: [epoch 006]  average training loss: 7438.2042
cellbender:remove-background: [epoch 007]  average training loss: 7182.9615
cellbender:remove-background: [epoch 008]  average training loss: 6693.6547
cellbender:remove-background: [epoch 009]  average training loss: 6407.4563
cellbender:remove-background: [epoch 010]  average training loss: 6232.7418
cellbender:remove-background: [epoch 010] average test loss: 6345.5771
cellbender:remove-background: [epoch 011]  average training loss: 6227.1737
cellbender:remove-background: [epoch 012]  average training loss: 6281.0116
cellbender:remove-background: [epoch 013]  average training loss: 6269.0164
cellbender:remove-background: [epoch 014]  average training loss: 6206.0685
cellbender:remove-background: [epoch 015]  average training loss: 6218.0938
cellbender:remove-background: [epoch 015] average test loss: 6220.1722
cellbender:remove-background: [epoch 016]  average training loss: 6120.7846
cellbender:remove-background: [epoch 017]  average training loss: 6141.8294
cellbender:remove-background: [epoch 018]  average training loss: 5964.0484
cellbender:remove-background: [epoch 019]  average training loss: 5886.8130
cellbender:remove-background: [epoch 020]  average training loss: 5855.4287
cellbender:remove-background: [epoch 020] average test loss: 5873.0857
cellbender:remove-background: [epoch 021]  average training loss: 5858.0106
cellbender:remove-background: [epoch 022]  average training loss: 5837.9906
cellbender:remove-background: [epoch 023]  average training loss: 5809.9326
cellbender:remove-background: [epoch 024]  average training loss: 5801.7589
cellbender:remove-background: [epoch 025]  average training loss: 5802.2265
cellbender:remove-background: [epoch 025] average test loss: 5939.8812
cellbender:remove-background: [epoch 026]  average training loss: 5794.9442
cellbender:remove-background: [epoch 027]  average training loss: 5804.3316
cellbender:remove-background: [epoch 028]  average training loss: 5742.3550
cellbender:remove-background: [epoch 029]  average training loss: 5756.1993
cellbender:remove-background: [epoch 030]  average training loss: 5744.9672
cellbender:remove-background: [epoch 030] average test loss: 5843.2414
cellbender:remove-background: [epoch 031]  average training loss: 5727.7512
cellbender:remove-background: [epoch 032]  average training loss: 5723.7552
cellbender:remove-background: [epoch 033]  average training loss: 5711.6541
cellbender:remove-background: [epoch 034]  average training loss: 5681.5912
cellbender:remove-background: [epoch 035]  average training loss: 5670.9294
cellbender:remove-background: [epoch 035] average test loss: 5663.5356
cellbender:remove-background: [epoch 036]  average training loss: 5632.9246
cellbender:remove-background: [epoch 037]  average training loss: 5623.0927
cellbender:remove-background: [epoch 038]  average training loss: 5609.0776
cellbender:remove-background: [epoch 039]  average training loss: 5601.3291
cellbender:remove-background: [epoch 040]  average training loss: 5593.8146
cellbender:remove-background: [epoch 040] average test loss: 5641.0562
cellbender:remove-background: [epoch 041]  average training loss: 5582.1573
cellbender:remove-background: [epoch 042]  average training loss: 5592.5561
cellbender:remove-background: [epoch 043]  average training loss: 5578.6563
cellbender:remove-background: [epoch 044]  average training loss: 5581.9935
cellbender:remove-background: [epoch 045]  average training loss: 5568.0358
cellbender:remove-background: [epoch 045] average test loss: 5582.4673
cellbender:remove-background: [epoch 046]  average training loss: 5563.3927
cellbender:remove-background: [epoch 047]  average training loss: 5567.1158
cellbender:remove-background: [epoch 048]  average training loss: 5556.9992
cellbender:remove-background: [epoch 049]  average training loss: 5552.1512
cellbender:remove-background: [epoch 050]  average training loss: 5547.3756
cellbender:remove-background: [epoch 050] average test loss: 5579.9156
cellbender:remove-background: [epoch 051]  average training loss: 5549.9559
cellbender:remove-background: [epoch 052]  average training loss: 5544.2576
cellbender:remove-background: [epoch 053]  average training loss: 5537.8252
cellbender:remove-background: [epoch 054]  average training loss: 5532.9052
cellbender:remove-background: [epoch 055]  average training loss: 5529.6182
cellbender:remove-background: [epoch 055] average test loss: 5563.2302
cellbender:remove-background: [epoch 056]  average training loss: 5529.3147
cellbender:remove-background: [epoch 057]  average training loss: 5528.8725
cellbender:remove-background: [epoch 058]  average training loss: 5524.2434
cellbender:remove-background: [epoch 059]  average training loss: 5526.5004
cellbender:remove-background: [epoch 060]  average training loss: 5515.8358
cellbender:remove-background: [epoch 060] average test loss: 5549.1354
cellbender:remove-background: [epoch 061]  average training loss: 5517.6527
cellbender:remove-background: [epoch 062]  average training loss: 5507.1659
cellbender:remove-background: [epoch 063]  average training loss: 5513.6340
cellbender:remove-background: [epoch 064]  average training loss: 5506.6013
cellbender:remove-background: [epoch 065]  average training loss: 5505.9552
cellbender:remove-background: [epoch 065] average test loss: 5536.5277
cellbender:remove-background: [epoch 066]  average training loss: 5501.3602
cellbender:remove-background: [epoch 067]  average training loss: 5496.8544
cellbender:remove-background: [epoch 068]  average training loss: 5499.4681
cellbender:remove-background: [epoch 069]  average training loss: 5495.2023
cellbender:remove-background: [epoch 070]  average training loss: 5488.0616
cellbender:remove-background: [epoch 070] average test loss: 5524.8823
cellbender:remove-background: [epoch 071]  average training loss: 5488.4427
cellbender:remove-background: [epoch 072]  average training loss: 5489.6139
cellbender:remove-background: [epoch 073]  average training loss: 5484.1847
cellbender:remove-background: [epoch 074]  average training loss: 5483.2958
cellbender:remove-background: [epoch 075]  average training loss: 5482.2309
cellbender:remove-background: [epoch 075] average test loss: 5534.5495
cellbender:remove-background: [epoch 076]  average training loss: 5483.1909
cellbender:remove-background: [epoch 077]  average training loss: 5475.1409
cellbender:remove-background: [epoch 078]  average training loss: 5474.7552
cellbender:remove-background: [epoch 079]  average training loss: 5470.6532
cellbender:remove-background: [epoch 080]  average training loss: 5472.3205
cellbender:remove-background: [epoch 080] average test loss: 5505.4284
cellbender:remove-background: [epoch 081]  average training loss: 5470.1717
cellbender:remove-background: [epoch 082]  average training loss: 5467.4940
cellbender:remove-background: [epoch 083]  average training loss: 5466.6811
cellbender:remove-background: [epoch 084]  average training loss: 5464.6377
cellbender:remove-background: [epoch 085]  average training loss: 5458.5832
cellbender:remove-background: [epoch 085] average test loss: 5490.3433
cellbender:remove-background: [epoch 086]  average training loss: 5458.0656
cellbender:remove-background: [epoch 087]  average training loss: 5455.3787
cellbender:remove-background: [epoch 088]  average training loss: 5454.0285
cellbender:remove-background: [epoch 089]  average training loss: 5453.0057
cellbender:remove-background: [epoch 090]  average training loss: 5448.0560
cellbender:remove-background: [epoch 090] average test loss: 5503.8216
cellbender:remove-background: [epoch 091]  average training loss: 5448.1561
cellbender:remove-background: [epoch 092]  average training loss: 5448.3233
cellbender:remove-background: [epoch 093]  average training loss: 5443.4393
cellbender:remove-background: [epoch 094]  average training loss: 5445.6136
cellbender:remove-background: [epoch 095]  average training loss: 5439.7303
cellbender:remove-background: [epoch 095] average test loss: 5481.9890
cellbender:remove-background: [epoch 096]  average training loss: 5439.6245
cellbender:remove-background: [epoch 097]  average training loss: 5435.4518
cellbender:remove-background: [epoch 098]  average training loss: 5440.8949
cellbender:remove-background: [epoch 099]  average training loss: 5437.3758
cellbender:remove-background: [epoch 100]  average training loss: 5437.4300
cellbender:remove-background: [epoch 100] average test loss: 5474.3750
cellbender:remove-background: [epoch 101]  average training loss: 5433.2867
cellbender:remove-background: [epoch 102]  average training loss: 5432.8473
cellbender:remove-background: [epoch 103]  average training loss: 5430.9370
cellbender:remove-background: [epoch 104]  average training loss: 5435.3934
cellbender:remove-background: [epoch 105]  average training loss: 5426.1248
cellbender:remove-background: [epoch 105] average test loss: 5469.3451
cellbender:remove-background: [epoch 106]  average training loss: 5428.4169
cellbender:remove-background: [epoch 107]  average training loss: 5424.7084
cellbender:remove-background: [epoch 108]  average training loss: 5424.7535
cellbender:remove-background: [epoch 109]  average training loss: 5422.4361
cellbender:remove-background: [epoch 110]  average training loss: 5425.8482
cellbender:remove-background: [epoch 110] average test loss: 5454.6848
cellbender:remove-background: [epoch 111]  average training loss: 5420.5186
cellbender:remove-background: [epoch 112]  average training loss: 5427.8161
cellbender:remove-background: [epoch 113]  average training loss: 5423.5527
cellbender:remove-background: [epoch 114]  average training loss: 5423.4298
cellbender:remove-background: [epoch 115]  average training loss: 5417.8302
cellbender:remove-background: [epoch 115] average test loss: 5461.4420
cellbender:remove-background: [epoch 116]  average training loss: 5417.2717
cellbender:remove-background: [epoch 117]  average training loss: 5416.5638
cellbender:remove-background: [epoch 118]  average training loss: 5418.2503
cellbender:remove-background: [epoch 119]  average training loss: 5417.5585
cellbender:remove-background: [epoch 120]  average training loss: 5418.0847
cellbender:remove-background: [epoch 120] average test loss: 5467.1174
cellbender:remove-background: [epoch 121]  average training loss: 5414.0744
cellbender:remove-background: [epoch 122]  average training loss: 5413.7238
cellbender:remove-background: [epoch 123]  average training loss: 5417.2025
cellbender:remove-background: [epoch 124]  average training loss: 5416.4968
cellbender:remove-background: [epoch 125]  average training loss: 5407.7246
cellbender:remove-background: [epoch 125] average test loss: 5460.0963
cellbender:remove-background: [epoch 126]  average training loss: 5413.2705
cellbender:remove-background: [epoch 127]  average training loss: 5408.8133
cellbender:remove-background: [epoch 128]  average training loss: 5406.6932
cellbender:remove-background: [epoch 129]  average training loss: 5410.4025
cellbender:remove-background: [epoch 130]  average training loss: 5409.0825
cellbender:remove-background: [epoch 130] average test loss: 5460.9894
cellbender:remove-background: [epoch 131]  average training loss: 5412.0175
cellbender:remove-background: [epoch 132]  average training loss: 5409.3183
cellbender:remove-background: [epoch 133]  average training loss: 5407.1233
cellbender:remove-background: [epoch 134]  average training loss: 5405.6546
cellbender:remove-background: [epoch 135]  average training loss: 5406.6577
cellbender:remove-background: [epoch 135] average test loss: 5471.3392
cellbender:remove-background: [epoch 136]  average training loss: 5406.1933
cellbender:remove-background: [epoch 137]  average training loss: 5406.4280
cellbender:remove-background: [epoch 138]  average training loss: 5407.7685
cellbender:remove-background: [epoch 139]  average training loss: 5409.0813
cellbender:remove-background: [epoch 140]  average training loss: 5403.1228
cellbender:remove-background: [epoch 140] average test loss: 5476.7459
cellbender:remove-background: [epoch 141]  average training loss: 5403.8829
cellbender:remove-background: [epoch 142]  average training loss: 5405.1134
cellbender:remove-background: [epoch 143]  average training loss: 5406.7891
cellbender:remove-background: [epoch 144]  average training loss: 5406.2800
cellbender:remove-background: [epoch 145]  average training loss: 5405.5416
cellbender:remove-background: [epoch 145] average test loss: 5461.5331
cellbender:remove-background: [epoch 146]  average training loss: 5406.2185
cellbender:remove-background: [epoch 147]  average training loss: 5406.4002
cellbender:remove-background: [epoch 148]  average training loss: 5406.8566
cellbender:remove-background: [epoch 149]  average training loss: 5405.0496
cellbender:remove-background: [epoch 150]  average training loss: 5405.6488
cellbender:remove-background: [epoch 150] average test loss: 5464.3794
cellbender:remove-background: Saving a checkpoint...
cellbender:remove-background: Saved checkpoint as /weka/scratch/scratch/Mon/mabdel03/Tsai_Data/Cellbender_Outputs/11619606/ckpt.tar.gz
cellbender:remove-background: 2026-01-31 18:36:52
cellbender:remove-background: Inference procedure complete.
cellbender:remove-background: Attempting to unpack tarball "ckpt.tar.gz" to /tmp/tmp2qotv1tx
cellbender:remove-background: Successfully unpacked tarball to /tmp/tmp2qotv1tx
/tmp/tmp2qotv1tx/b6f5fd50fd_random.pyro
/tmp/tmp2qotv1tx/b6f5fd50fd_random.cuda
/tmp/tmp2qotv1tx/b6f5fd50fd_model.torch
/tmp/tmp2qotv1tx/b6f5fd50fd_optim.torch
/tmp/tmp2qotv1tx/b6f5fd50fd_optim.pyro
/tmp/tmp2qotv1tx/b6f5fd50fd_params.pyro
/tmp/tmp2qotv1tx/b6f5fd50fd_train.loaderstate
/tmp/tmp2qotv1tx/b6f5fd50fd_test.loaderstate
/tmp/tmp2qotv1tx/b6f5fd50fd_args.npy
cellbender:remove-background: Posterior not currently included in checkpoint.
cellbender:remove-background: Computing posterior noise count probabilities in mini-batches.
cellbender:remove-background: Working on chunk (1/32)
cellbender:remove-background:     [0.03 mins per chunk]
cellbender:remove-background: Working on chunk (2/32)
cellbender:remove-background: Working on chunk (3/32)
cellbender:remove-background: Working on chunk (4/32)
cellbender:remove-background: Working on chunk (5/32)
cellbender:remove-background: Working on chunk (6/32)
cellbender:remove-background: Working on chunk (7/32)
cellbender:remove-background: Working on chunk (8/32)
cellbender:remove-background: Working on chunk (9/32)
cellbender:remove-background: Working on chunk (10/32)
cellbender:remove-background: Working on chunk (11/32)
cellbender:remove-background: Working on chunk (12/32)
cellbender:remove-background: Working on chunk (13/32)
cellbender:remove-background: Working on chunk (14/32)
cellbender:remove-background: Working on chunk (15/32)
cellbender:remove-background: Working on chunk (16/32)
cellbender:remove-background: Working on chunk (17/32)
cellbender:remove-background: Working on chunk (18/32)
cellbender:remove-background: Working on chunk (19/32)
cellbender:remove-background: Working on chunk (20/32)
cellbender:remove-background: Working on chunk (21/32)
cellbender:remove-background: Working on chunk (22/32)
cellbender:remove-background: Working on chunk (23/32)
cellbender:remove-background: Working on chunk (24/32)
cellbender:remove-background: Working on chunk (25/32)
cellbender:remove-background: Working on chunk (26/32)
cellbender:remove-background: Working on chunk (27/32)
cellbender:remove-background: Working on chunk (28/32)
cellbender:remove-background: Working on chunk (29/32)
cellbender:remove-background: Working on chunk (30/32)
cellbender:remove-background: Working on chunk (31/32)
cellbender:remove-background: Working on chunk (32/32)
cellbender:remove-background: Writing full posterior to /om/scratch/Mon/mabdel03/Tsai_Data/Cellbender_Outputs/11619606/processed_feature_bc_matrix_posterior.h5
cellbender:remove-background: Succeeded in writing posterior to file /om/scratch/Mon/mabdel03/Tsai_Data/Cellbender_Outputs/11619606/processed_feature_bc_matrix_posterior.h5
cellbender:remove-background: Added posterior object to checkpoint file.
cellbender:remove-background: 2026-01-31 18:40:31

cellbender:remove-background: Saved summary plots as /om/scratch/Mon/mabdel03/Tsai_Data/Cellbender_Outputs/11619606/processed_feature_bc_matrix.pdf
cellbender:remove-background: Saved cell barcodes in /om/scratch/Mon/mabdel03/Tsai_Data/Cellbender_Outputs/11619606/processed_feature_bc_matrix_cell_barcodes.csv
cellbender:remove-background: Computing target noise counts per gene for MCKP estimator
cellbender:remove-background: Using MCKP noise targets computed for FPR 0.0
cellbender:remove-background: Computing denoised counts using mckp estimator
cellbender:remove-background: Working on chunk (1/7)
cellbender:remove-background:     [1.50 mins per chunk]
cellbender:remove-background: Working on chunk (2/7)
cellbender:remove-background: Working on chunk (3/7)
cellbender:remove-background: Working on chunk (4/7)
cellbender:remove-background: Working on chunk (5/7)
cellbender:remove-background: Working on chunk (6/7)
cellbender:remove-background: Working on chunk (7/7)
cellbender:remove-background: 2026-01-31 18:51:40 Total MCKP estimation time = 639.85 sec
cellbender:remove-background: Succeeded in writing CellRanger format output to file /om/scratch/Mon/mabdel03/Tsai_Data/Cellbender_Outputs/11619606/processed_feature_bc_matrix.h5
cellbender:remove-background: Succeeded in writing CellRanger format output to file /om/scratch/Mon/mabdel03/Tsai_Data/Cellbender_Outputs/11619606/processed_feature_bc_matrix_filtered.h5
cellbender:remove-background: Saved output metrics as /om/scratch/Mon/mabdel03/Tsai_Data/Cellbender_Outputs/11619606/processed_feature_bc_matrix_metrics.csv
[NbConvertApp] Converting notebook tmp.report.ipynb to notebook
[NbConvertApp] Writing 430627 bytes to tmp.report.nbconvert.ipynb
[NbConvertApp] Converting notebook tmp.report.nbconvert.ipynb to html
[NbConvertApp] Writing 1005314 bytes to tmp.report.nbconvert.html
cellbender:remove-background: Succeeded in writing report to /om/scratch/Mon/mabdel03/Tsai_Data/Cellbender_Outputs/11619606/processed_feature_bc_matrix_report.html
cellbender:remove-background: Completed remove-background.
cellbender:remove-background: 2026-01-31 18:52:20

