cellbender:remove-background: Command:
cellbender remove-background --cuda --input /tmp/cellbender_44651488_193/raw_feature_bc_matrix.h5 --fpr 0 --output /om/scratch/Mon/mabdel03/Tsai_Data/Cellbender_Outputs/21159840/processed_feature_bc_matrix.h5
cellbender:remove-background: CellBender 0.3.0
cellbender:remove-background: (Workflow hash ca6aa7192f)
cellbender:remove-background: 2026-01-31 23:38:29
cellbender:remove-background: Running remove-background
cellbender:remove-background: Loading data from /tmp/cellbender_44651488_193/raw_feature_bc_matrix.h5
cellbender:remove-background: CellRanger v3 format
cellbender:remove-background: Features in dataset: 36601 Gene Expression
cellbender:remove-background: Trimming features for inference.
cellbender:remove-background: 24356 features have nonzero counts.
cellbender:remove-background: Prior on counts for cells is 1340
cellbender:remove-background: Prior on counts for empty droplets is 66
cellbender:remove-background: Excluding 4988 features that are estimated to have <= 0.1 background counts in cells.
cellbender:remove-background: Including 19368 features in the analysis.
cellbender:remove-background: Trimming barcodes for inference.
cellbender:remove-background: Excluding barcodes with counts below 33
cellbender:remove-background: Using 874 probable cell barcodes, plus an additional 3552 barcodes, and 31769 empty droplets.
cellbender:remove-background: Largest surely-empty droplet has 89 UMI counts.
cellbender:remove-background: Attempting to unpack tarball "ckpt.tar.gz" to /tmp/tmpetrufpix
cellbender:remove-background: No saved checkpoint.
cellbender:remove-background: No checkpoint loaded.
cellbender:remove-background: Running inference...
cellbender:remove-background: [epoch 001]  average training loss: 2182.6643
cellbender:remove-background: [epoch 002]  average training loss: 2119.7768  (1.5 seconds per epoch)
cellbender:remove-background: Will not checkpoint due to projected run completion in under 7.0 min
cellbender:remove-background: [epoch 003]  average training loss: 2066.4020
cellbender:remove-background: [epoch 004]  average training loss: 2026.0052
cellbender:remove-background: [epoch 005]  average training loss: 1987.8852
cellbender:remove-background: [epoch 005] average test loss: 2183.4563
cellbender:remove-background: [epoch 006]  average training loss: 1918.7246
cellbender:remove-background: [epoch 007]  average training loss: 1862.5261
cellbender:remove-background: [epoch 008]  average training loss: 1803.2256
cellbender:remove-background: [epoch 009]  average training loss: 1768.6330
cellbender:remove-background: [epoch 010]  average training loss: 1657.0272
cellbender:remove-background: [epoch 010] average test loss: 1925.4310
cellbender:remove-background: [epoch 011]  average training loss: 1594.0481
cellbender:remove-background: [epoch 012]  average training loss: 1545.8816
cellbender:remove-background: [epoch 013]  average training loss: 1497.1615
cellbender:remove-background: [epoch 014]  average training loss: 1482.5837
cellbender:remove-background: [epoch 015]  average training loss: 1484.1129
cellbender:remove-background: [epoch 015] average test loss: 1551.8584
cellbender:remove-background: [epoch 016]  average training loss: 1478.5597
cellbender:remove-background: [epoch 017]  average training loss: 1469.7995
cellbender:remove-background: [epoch 018]  average training loss: 1466.8051
cellbender:remove-background: [epoch 019]  average training loss: 1468.6846
cellbender:remove-background: [epoch 020]  average training loss: 1468.9447
cellbender:remove-background: [epoch 020] average test loss: 1536.5591
cellbender:remove-background: [epoch 021]  average training loss: 1465.8079
cellbender:remove-background: [epoch 022]  average training loss: 1459.2577
cellbender:remove-background: [epoch 023]  average training loss: 1448.9489
cellbender:remove-background: [epoch 024]  average training loss: 1441.7189
cellbender:remove-background: [epoch 025]  average training loss: 1436.5864
cellbender:remove-background: [epoch 025] average test loss: 1508.1355
cellbender:remove-background: [epoch 026]  average training loss: 1429.5314
cellbender:remove-background: [epoch 027]  average training loss: 1427.7663
cellbender:remove-background: [epoch 028]  average training loss: 1423.9507
cellbender:remove-background: [epoch 029]  average training loss: 1425.2919
cellbender:remove-background: [epoch 030]  average training loss: 1423.8219
cellbender:remove-background: [epoch 030] average test loss: 1490.1555
cellbender:remove-background: [epoch 031]  average training loss: 1423.5652
cellbender:remove-background: [epoch 032]  average training loss: 1422.5726
cellbender:remove-background: [epoch 033]  average training loss: 1420.7562
cellbender:remove-background: [epoch 034]  average training loss: 1419.6021
cellbender:remove-background: [epoch 035]  average training loss: 1419.2844
cellbender:remove-background: [epoch 035] average test loss: 1485.8523
cellbender:remove-background: [epoch 036]  average training loss: 1418.9244
cellbender:remove-background: [epoch 037]  average training loss: 1419.6220
cellbender:remove-background: [epoch 038]  average training loss: 1418.0080
cellbender:remove-background: [epoch 039]  average training loss: 1416.5071
cellbender:remove-background: [epoch 040]  average training loss: 1419.5750
cellbender:remove-background: [epoch 040] average test loss: 1483.4232
cellbender:remove-background: [epoch 041]  average training loss: 1417.1378
cellbender:remove-background: [epoch 042]  average training loss: 1419.0420
cellbender:remove-background: [epoch 043]  average training loss: 1418.9194
cellbender:remove-background: [epoch 044]  average training loss: 1411.5515
cellbender:remove-background: [epoch 045]  average training loss: 1414.3391
cellbender:remove-background: [epoch 045] average test loss: 1476.1688
cellbender:remove-background: [epoch 046]  average training loss: 1415.0403
cellbender:remove-background: [epoch 047]  average training loss: 1414.4692
cellbender:remove-background: [epoch 048]  average training loss: 1411.6579
cellbender:remove-background: [epoch 049]  average training loss: 1412.6430
cellbender:remove-background: [epoch 050]  average training loss: 1412.6438
cellbender:remove-background: [epoch 050] average test loss: 1488.4241
cellbender:remove-background: [epoch 051]  average training loss: 1414.2439
cellbender:remove-background: [epoch 052]  average training loss: 1414.1307
cellbender:remove-background: [epoch 053]  average training loss: 1412.6018
cellbender:remove-background: [epoch 054]  average training loss: 1412.6924
cellbender:remove-background: [epoch 055]  average training loss: 1410.0619
cellbender:remove-background: [epoch 055] average test loss: 1474.6033
cellbender:remove-background: [epoch 056]  average training loss: 1411.4026
cellbender:remove-background: [epoch 057]  average training loss: 1412.2935
cellbender:remove-background: [epoch 058]  average training loss: 1410.4682
cellbender:remove-background: [epoch 059]  average training loss: 1410.9961
cellbender:remove-background: [epoch 060]  average training loss: 1410.8014
cellbender:remove-background: [epoch 060] average test loss: 1478.3179
cellbender:remove-background: [epoch 061]  average training loss: 1410.6797
cellbender:remove-background: [epoch 062]  average training loss: 1409.7081
cellbender:remove-background: [epoch 063]  average training loss: 1410.2989
cellbender:remove-background: [epoch 064]  average training loss: 1410.0208
cellbender:remove-background: [epoch 065]  average training loss: 1407.7523
cellbender:remove-background: [epoch 065] average test loss: 1472.9716
cellbender:remove-background: [epoch 066]  average training loss: 1407.4111
cellbender:remove-background: [epoch 067]  average training loss: 1406.8007
cellbender:remove-background: [epoch 068]  average training loss: 1406.8750
cellbender:remove-background: [epoch 069]  average training loss: 1405.2243
cellbender:remove-background: [epoch 070]  average training loss: 1405.4031
cellbender:remove-background: [epoch 070] average test loss: 1472.2306
cellbender:remove-background: [epoch 071]  average training loss: 1404.8745
cellbender:remove-background: [epoch 072]  average training loss: 1404.6321
cellbender:remove-background: [epoch 073]  average training loss: 1403.1196
cellbender:remove-background: [epoch 074]  average training loss: 1404.4093
cellbender:remove-background: [epoch 075]  average training loss: 1401.8765
cellbender:remove-background: [epoch 075] average test loss: 1477.6938
cellbender:remove-background: [epoch 076]  average training loss: 1405.2466
cellbender:remove-background: [epoch 077]  average training loss: 1405.3628
cellbender:remove-background: [epoch 078]  average training loss: 1402.6482
cellbender:remove-background: [epoch 079]  average training loss: 1402.0684
cellbender:remove-background: [epoch 080]  average training loss: 1403.1018
cellbender:remove-background: [epoch 080] average test loss: 1472.9220
cellbender:remove-background: [epoch 081]  average training loss: 1401.9344
cellbender:remove-background: [epoch 082]  average training loss: 1401.5571
cellbender:remove-background: [epoch 083]  average training loss: 1401.1909
cellbender:remove-background: [epoch 084]  average training loss: 1403.6186
cellbender:remove-background: [epoch 085]  average training loss: 1403.0525
cellbender:remove-background: [epoch 085] average test loss: 1469.8184
cellbender:remove-background: [epoch 086]  average training loss: 1399.0467
cellbender:remove-background: [epoch 087]  average training loss: 1394.3676
cellbender:remove-background: [epoch 088]  average training loss: 1397.0368
cellbender:remove-background: [epoch 089]  average training loss: 1398.6217
cellbender:remove-background: [epoch 090]  average training loss: 1398.2920
cellbender:remove-background: [epoch 090] average test loss: 1466.9484
cellbender:remove-background: [epoch 091]  average training loss: 1395.9598
cellbender:remove-background: [epoch 092]  average training loss: 1395.8537
cellbender:remove-background: [epoch 093]  average training loss: 1392.4997
cellbender:remove-background: [epoch 094]  average training loss: 1394.6257
cellbender:remove-background: [epoch 095]  average training loss: 1393.1405
cellbender:remove-background: [epoch 095] average test loss: 1464.8462
cellbender:remove-background: [epoch 096]  average training loss: 1394.1279
cellbender:remove-background: [epoch 097]  average training loss: 1391.8408
cellbender:remove-background: [epoch 098]  average training loss: 1388.4122
cellbender:remove-background: [epoch 099]  average training loss: 1391.5913
cellbender:remove-background: [epoch 100]  average training loss: 1390.1098
cellbender:remove-background: [epoch 100] average test loss: 1468.0805
cellbender:remove-background: [epoch 101]  average training loss: 1392.2302
cellbender:remove-background: [epoch 102]  average training loss: 1391.5487
cellbender:remove-background: [epoch 103]  average training loss: 1389.7841
cellbender:remove-background: [epoch 104]  average training loss: 1391.4301
cellbender:remove-background: [epoch 105]  average training loss: 1386.1044
cellbender:remove-background: [epoch 105] average test loss: 1460.0352
cellbender:remove-background: [epoch 106]  average training loss: 1391.3927
cellbender:remove-background: [epoch 107]  average training loss: 1387.7119
cellbender:remove-background: [epoch 108]  average training loss: 1388.4971
cellbender:remove-background: [epoch 109]  average training loss: 1385.7192
cellbender:remove-background: [epoch 110]  average training loss: 1384.4303
cellbender:remove-background: [epoch 110] average test loss: 1461.4625
cellbender:remove-background: [epoch 111]  average training loss: 1387.8338
cellbender:remove-background: [epoch 112]  average training loss: 1387.5066
cellbender:remove-background: [epoch 113]  average training loss: 1386.3227
cellbender:remove-background: [epoch 114]  average training loss: 1386.2340
cellbender:remove-background: [epoch 115]  average training loss: 1382.5886
cellbender:remove-background: [epoch 115] average test loss: 1456.8401
cellbender:remove-background: [epoch 116]  average training loss: 1385.8497
cellbender:remove-background: [epoch 117]  average training loss: 1386.7214
cellbender:remove-background: [epoch 118]  average training loss: 1383.9653
cellbender:remove-background: [epoch 119]  average training loss: 1388.0482
cellbender:remove-background: [epoch 120]  average training loss: 1382.7392
cellbender:remove-background: [epoch 120] average test loss: 1455.8341
cellbender:remove-background: [epoch 121]  average training loss: 1383.8323
cellbender:remove-background: [epoch 122]  average training loss: 1383.2841
cellbender:remove-background: [epoch 123]  average training loss: 1380.6421
cellbender:remove-background: [epoch 124]  average training loss: 1384.1964
cellbender:remove-background: [epoch 125]  average training loss: 1383.0602
cellbender:remove-background: [epoch 125] average test loss: 1456.3331
cellbender:remove-background: [epoch 126]  average training loss: 1381.5407
cellbender:remove-background: [epoch 127]  average training loss: 1380.8295
cellbender:remove-background: [epoch 128]  average training loss: 1382.0402
cellbender:remove-background: [epoch 129]  average training loss: 1382.3691
cellbender:remove-background: [epoch 130]  average training loss: 1384.8468
cellbender:remove-background: [epoch 130] average test loss: 1457.4428
cellbender:remove-background: [epoch 131]  average training loss: 1381.6029
cellbender:remove-background: [epoch 132]  average training loss: 1380.6178
cellbender:remove-background: [epoch 133]  average training loss: 1382.0964
cellbender:remove-background: [epoch 134]  average training loss: 1382.0344
cellbender:remove-background: [epoch 135]  average training loss: 1383.1132
cellbender:remove-background: [epoch 135] average test loss: 1458.8078
cellbender:remove-background: [epoch 136]  average training loss: 1382.1485
cellbender:remove-background: [epoch 137]  average training loss: 1383.0686
cellbender:remove-background: [epoch 138]  average training loss: 1382.2634
cellbender:remove-background: [epoch 139]  average training loss: 1383.0973
cellbender:remove-background: [epoch 140]  average training loss: 1383.3688
cellbender:remove-background: [epoch 140] average test loss: 1458.5098
cellbender:remove-background: [epoch 141]  average training loss: 1382.0828
cellbender:remove-background: [epoch 142]  average training loss: 1382.2073
cellbender:remove-background: [epoch 143]  average training loss: 1382.4440
cellbender:remove-background: [epoch 144]  average training loss: 1381.8051
cellbender:remove-background: [epoch 145]  average training loss: 1381.2688
cellbender:remove-background: [epoch 145] average test loss: 1456.9096
cellbender:remove-background: [epoch 146]  average training loss: 1383.2751
cellbender:remove-background: [epoch 147]  average training loss: 1382.3026
cellbender:remove-background: [epoch 148]  average training loss: 1381.0047
cellbender:remove-background: [epoch 149]  average training loss: 1382.6631
cellbender:remove-background: [epoch 150]  average training loss: 1383.1466
cellbender:remove-background: [epoch 150] average test loss: 1457.5858
cellbender:remove-background: Saving a checkpoint...
cellbender:remove-background: Saved checkpoint as /weka/scratch/scratch/Mon/mabdel03/Tsai_Data/Cellbender_Outputs/21159840/ckpt.tar.gz
cellbender:remove-background: 2026-01-31 23:43:21
cellbender:remove-background: Inference procedure complete.
cellbender:remove-background: Attempting to unpack tarball "ckpt.tar.gz" to /tmp/tmp0kzb0aiw
cellbender:remove-background: Successfully unpacked tarball to /tmp/tmp0kzb0aiw
/tmp/tmp0kzb0aiw/ca6aa7192f_random.pyro
/tmp/tmp0kzb0aiw/ca6aa7192f_random.cuda
/tmp/tmp0kzb0aiw/ca6aa7192f_model.torch
/tmp/tmp0kzb0aiw/ca6aa7192f_optim.torch
/tmp/tmp0kzb0aiw/ca6aa7192f_optim.pyro
/tmp/tmp0kzb0aiw/ca6aa7192f_params.pyro
/tmp/tmp0kzb0aiw/ca6aa7192f_train.loaderstate
/tmp/tmp0kzb0aiw/ca6aa7192f_test.loaderstate
/tmp/tmp0kzb0aiw/ca6aa7192f_args.npy
cellbender:remove-background: Posterior not currently included in checkpoint.
cellbender:remove-background: Computing posterior noise count probabilities in mini-batches.
cellbender:remove-background: Working on chunk (1/14)
cellbender:remove-background:     [0.03 mins per chunk]
cellbender:remove-background: Working on chunk (2/14)
cellbender:remove-background: Working on chunk (3/14)
cellbender:remove-background: Working on chunk (4/14)
cellbender:remove-background: Working on chunk (5/14)
cellbender:remove-background: Working on chunk (6/14)
cellbender:remove-background: Working on chunk (7/14)
cellbender:remove-background: Working on chunk (8/14)
cellbender:remove-background: Working on chunk (9/14)
cellbender:remove-background: Working on chunk (10/14)
cellbender:remove-background: Working on chunk (11/14)
cellbender:remove-background: Working on chunk (12/14)
cellbender:remove-background: Working on chunk (13/14)
cellbender:remove-background: Working on chunk (14/14)
cellbender:remove-background: Writing full posterior to /om/scratch/Mon/mabdel03/Tsai_Data/Cellbender_Outputs/21159840/processed_feature_bc_matrix_posterior.h5
cellbender:remove-background: Succeeded in writing posterior to file /om/scratch/Mon/mabdel03/Tsai_Data/Cellbender_Outputs/21159840/processed_feature_bc_matrix_posterior.h5
cellbender:remove-background: Added posterior object to checkpoint file.
cellbender:remove-background: 2026-01-31 23:45:10

cellbender:remove-background: Saved summary plots as /om/scratch/Mon/mabdel03/Tsai_Data/Cellbender_Outputs/21159840/processed_feature_bc_matrix.pdf
cellbender:remove-background: Saved cell barcodes in /om/scratch/Mon/mabdel03/Tsai_Data/Cellbender_Outputs/21159840/processed_feature_bc_matrix_cell_barcodes.csv
cellbender:remove-background: Computing target noise counts per gene for MCKP estimator
cellbender:remove-background: Using MCKP noise targets computed for FPR 0.0
cellbender:remove-background: Computing denoised counts using mckp estimator
cellbender:remove-background: Working on chunk (1/7)
cellbender:remove-background:     [0.15 mins per chunk]
cellbender:remove-background: Working on chunk (2/7)
cellbender:remove-background: Working on chunk (3/7)
cellbender:remove-background: Working on chunk (4/7)
cellbender:remove-background: Working on chunk (5/7)
cellbender:remove-background: Working on chunk (6/7)
cellbender:remove-background: Working on chunk (7/7)
cellbender:remove-background: 2026-01-31 23:46:16 Total MCKP estimation time = 62.41 sec
cellbender:remove-background: Succeeded in writing CellRanger format output to file /om/scratch/Mon/mabdel03/Tsai_Data/Cellbender_Outputs/21159840/processed_feature_bc_matrix.h5
cellbender:remove-background: Succeeded in writing CellRanger format output to file /om/scratch/Mon/mabdel03/Tsai_Data/Cellbender_Outputs/21159840/processed_feature_bc_matrix_filtered.h5
cellbender:remove-background: Saved output metrics as /om/scratch/Mon/mabdel03/Tsai_Data/Cellbender_Outputs/21159840/processed_feature_bc_matrix_metrics.csv
[NbConvertApp] Converting notebook tmp.report.ipynb to notebook
[NbConvertApp] Writing 422516 bytes to tmp.report.nbconvert.ipynb
[NbConvertApp] Converting notebook tmp.report.nbconvert.ipynb to html
[NbConvertApp] Writing 997203 bytes to tmp.report.nbconvert.html
cellbender:remove-background: Succeeded in writing report to /om/scratch/Mon/mabdel03/Tsai_Data/Cellbender_Outputs/21159840/processed_feature_bc_matrix_report.html
cellbender:remove-background: Completed remove-background.
cellbender:remove-background: 2026-01-31 23:46:34

