cellbender:remove-background: Command:
cellbender remove-background --cuda --input /om/scratch/Mon/mabdel03/Tsai_Data/Cellranger_Outputs/63188799/outs/raw_feature_bc_matrix.h5 --fpr 0 --output /om/scratch/Mon/mabdel03/Tsai_Data/Cellbender_Outputs/63188799/processed_feature_bc_matrix.h5
cellbender:remove-background: CellBender 0.3.0
cellbender:remove-background: (Workflow hash 951fcd0827)
cellbender:remove-background: 2026-02-02 01:28:17
cellbender:remove-background: Running remove-background
cellbender:remove-background: Loading data from /om/scratch/Mon/mabdel03/Tsai_Data/Cellranger_Outputs/63188799/outs/raw_feature_bc_matrix.h5
cellbender:remove-background: CellRanger v3 format
cellbender:remove-background: Features in dataset: 36601 Gene Expression
cellbender:remove-background: Trimming features for inference.
cellbender:remove-background: 29915 features have nonzero counts.
cellbender:remove-background: Prior on counts for cells is 5664
cellbender:remove-background: Prior on counts for empty droplets is 80
cellbender:remove-background: Excluding 7352 features that are estimated to have <= 0.1 background counts in cells.
cellbender:remove-background: Including 22563 features in the analysis.
cellbender:remove-background: Trimming barcodes for inference.
cellbender:remove-background: Excluding barcodes with counts below 40
cellbender:remove-background: Using 2058 probable cell barcodes, plus an additional 11417 barcodes, and 64586 empty droplets.
cellbender:remove-background: Largest surely-empty droplet has 98 UMI counts.
cellbender:remove-background: Attempting to unpack tarball "ckpt.tar.gz" to /tmp/tmp29mxglq1
cellbender:remove-background: No saved checkpoint.
cellbender:remove-background: No checkpoint loaded.
cellbender:remove-background: Running inference...
cellbender:remove-background: [epoch 001]  average training loss: 5353.8303
cellbender:remove-background: [epoch 002]  average training loss: 4670.4584  (7.2 seconds per epoch)
cellbender:remove-background: Will checkpoint every 59 epochs
cellbender:remove-background: [epoch 003]  average training loss: 4044.9228
cellbender:remove-background: [epoch 004]  average training loss: 3672.0339
cellbender:remove-background: [epoch 005]  average training loss: 3409.8214
cellbender:remove-background: [epoch 005] average test loss: 3579.3723
cellbender:remove-background: [epoch 006]  average training loss: 3221.9944
cellbender:remove-background: [epoch 007]  average training loss: 3168.6929
cellbender:remove-background: [epoch 008]  average training loss: 3151.9194
cellbender:remove-background: [epoch 009]  average training loss: 3122.0081
cellbender:remove-background: [epoch 010]  average training loss: 3120.4410
cellbender:remove-background: [epoch 010] average test loss: 3034.8520
cellbender:remove-background: [epoch 011]  average training loss: 3093.6528
cellbender:remove-background: [epoch 012]  average training loss: 3086.2499
cellbender:remove-background: [epoch 013]  average training loss: 3053.8008
cellbender:remove-background: [epoch 014]  average training loss: 2951.6655
cellbender:remove-background: [epoch 015]  average training loss: 2924.6713
cellbender:remove-background: [epoch 015] average test loss: 2866.3817
cellbender:remove-background: [epoch 016]  average training loss: 2916.6131
cellbender:remove-background: [epoch 017]  average training loss: 2902.8277
cellbender:remove-background: [epoch 018]  average training loss: 2891.6525
cellbender:remove-background: [epoch 019]  average training loss: 2879.6911
cellbender:remove-background: [epoch 020]  average training loss: 2880.9203
cellbender:remove-background: [epoch 020] average test loss: 2876.5600
cellbender:remove-background: [epoch 021]  average training loss: 2863.0818
cellbender:remove-background: [epoch 022]  average training loss: 2863.8753
cellbender:remove-background: [epoch 023]  average training loss: 2855.7960
cellbender:remove-background: [epoch 024]  average training loss: 2847.3471
cellbender:remove-background: [epoch 025]  average training loss: 2849.7797
cellbender:remove-background: [epoch 025] average test loss: 2789.9548
cellbender:remove-background: [epoch 026]  average training loss: 2836.1367
cellbender:remove-background: [epoch 027]  average training loss: 2821.6331
cellbender:remove-background: [epoch 028]  average training loss: 2813.9771
cellbender:remove-background: [epoch 029]  average training loss: 2799.3331
cellbender:remove-background: [epoch 030]  average training loss: 2795.4985
cellbender:remove-background: [epoch 030] average test loss: 2742.1611
cellbender:remove-background: [epoch 031]  average training loss: 2786.2437
cellbender:remove-background: [epoch 032]  average training loss: 2784.5242
cellbender:remove-background: [epoch 033]  average training loss: 2782.9686
cellbender:remove-background: [epoch 034]  average training loss: 2777.8179
cellbender:remove-background: [epoch 035]  average training loss: 2776.3124
cellbender:remove-background: [epoch 035] average test loss: 2726.2409
cellbender:remove-background: [epoch 036]  average training loss: 2772.2059
cellbender:remove-background: [epoch 037]  average training loss: 2771.3397
cellbender:remove-background: [epoch 038]  average training loss: 2767.0718
cellbender:remove-background: [epoch 039]  average training loss: 2766.0463
cellbender:remove-background: [epoch 040]  average training loss: 2764.9969
cellbender:remove-background: [epoch 040] average test loss: 2783.6836
cellbender:remove-background: [epoch 041]  average training loss: 2762.7896
cellbender:remove-background: [epoch 042]  average training loss: 2761.9586
cellbender:remove-background: [epoch 043]  average training loss: 2761.0153
cellbender:remove-background: [epoch 044]  average training loss: 2761.0985
cellbender:remove-background: [epoch 045]  average training loss: 2758.0561
cellbender:remove-background: [epoch 045] average test loss: 2703.5398
cellbender:remove-background: [epoch 046]  average training loss: 2758.5036
cellbender:remove-background: [epoch 047]  average training loss: 2756.9737
cellbender:remove-background: [epoch 048]  average training loss: 2755.0517
cellbender:remove-background: [epoch 049]  average training loss: 2754.8124
cellbender:remove-background: [epoch 050]  average training loss: 2755.1113
cellbender:remove-background: [epoch 050] average test loss: 2710.0128
cellbender:remove-background: [epoch 051]  average training loss: 2755.5105
cellbender:remove-background: [epoch 052]  average training loss: 2751.3051
cellbender:remove-background: [epoch 053]  average training loss: 2750.5333
cellbender:remove-background: [epoch 054]  average training loss: 2751.2269
cellbender:remove-background: [epoch 055]  average training loss: 2750.6005
cellbender:remove-background: [epoch 055] average test loss: 2708.0301
cellbender:remove-background: [epoch 056]  average training loss: 2747.1473
cellbender:remove-background: [epoch 057]  average training loss: 2745.4201
cellbender:remove-background: [epoch 058]  average training loss: 2745.0569
cellbender:remove-background: [epoch 059]  average training loss: 2745.8066
cellbender:remove-background: Saving a checkpoint...
cellbender:remove-background: Saved checkpoint as /weka/scratch/scratch/Mon/mabdel03/Tsai_Data/Cellbender_Outputs/63188799/ckpt.tar.gz
cellbender:remove-background: [epoch 060]  average training loss: 2743.6928
cellbender:remove-background: [epoch 060] average test loss: 2696.9171
cellbender:remove-background: [epoch 061]  average training loss: 2742.4736
cellbender:remove-background: [epoch 062]  average training loss: 2741.7247
cellbender:remove-background: [epoch 063]  average training loss: 2738.7301
cellbender:remove-background: [epoch 064]  average training loss: 2741.3743
cellbender:remove-background: [epoch 065]  average training loss: 2736.4430
cellbender:remove-background: [epoch 065] average test loss: 2694.5915
cellbender:remove-background: [epoch 066]  average training loss: 2740.4879
cellbender:remove-background: [epoch 067]  average training loss: 2740.0479
cellbender:remove-background: [epoch 068]  average training loss: 2739.9560
cellbender:remove-background: [epoch 069]  average training loss: 2743.6972
cellbender:remove-background: [epoch 070]  average training loss: 2736.3481
cellbender:remove-background: [epoch 070] average test loss: 2694.6202
cellbender:remove-background: [epoch 071]  average training loss: 2735.3943
cellbender:remove-background: [epoch 072]  average training loss: 2735.7572
cellbender:remove-background: [epoch 073]  average training loss: 2733.8394
cellbender:remove-background: [epoch 074]  average training loss: 2737.3480
cellbender:remove-background: [epoch 075]  average training loss: 2748.7438
cellbender:remove-background: [epoch 075] average test loss: 2695.4636
cellbender:remove-background: [epoch 076]  average training loss: 2731.8833
cellbender:remove-background: [epoch 077]  average training loss: 2734.3100
cellbender:remove-background: [epoch 078]  average training loss: 2734.9362
cellbender:remove-background: [epoch 079]  average training loss: 2744.3854
cellbender:remove-background: [epoch 080]  average training loss: 2743.4999
cellbender:remove-background: [epoch 080] average test loss: 2704.2674
cellbender:remove-background: [epoch 081]  average training loss: 2736.5133
cellbender:remove-background: [epoch 082]  average training loss: 2725.7326
cellbender:remove-background: [epoch 083]  average training loss: 2738.6337
cellbender:remove-background: [epoch 084]  average training loss: 2736.1671
cellbender:remove-background: [epoch 085]  average training loss: 2733.4948
cellbender:remove-background: [epoch 085] average test loss: 2703.2449
cellbender:remove-background: [epoch 086]  average training loss: 2745.6590
cellbender:remove-background: [epoch 087]  average training loss: 2736.7845
cellbender:remove-background: [epoch 088]  average training loss: 2739.1704
cellbender:remove-background: [epoch 089]  average training loss: 2734.4257
cellbender:remove-background: [epoch 090]  average training loss: 2742.6650
cellbender:remove-background: [epoch 090] average test loss: 2694.4252
cellbender:remove-background: [epoch 091]  average training loss: 2730.2314
cellbender:remove-background: [epoch 092]  average training loss: 2736.1050
cellbender:remove-background: [epoch 093]  average training loss: 2738.2149
cellbender:remove-background: [epoch 094]  average training loss: 2728.0866
cellbender:remove-background: [epoch 095]  average training loss: 2734.8474
cellbender:remove-background: [epoch 095] average test loss: 2728.2896
cellbender:remove-background: [epoch 096]  average training loss: 2733.2294
cellbender:remove-background: [epoch 097]  average training loss: 2742.4085
cellbender:remove-background: [epoch 098]  average training loss: 2737.9924
cellbender:remove-background: [epoch 099]  average training loss: 2729.4829
cellbender:remove-background: [epoch 100]  average training loss: 2736.6102
cellbender:remove-background: [epoch 100] average test loss: 2701.7992
cellbender:remove-background: [epoch 101]  average training loss: 2749.1882
cellbender:remove-background: [epoch 102]  average training loss: 2738.8787
cellbender:remove-background: [epoch 103]  average training loss: 2732.0471
cellbender:remove-background: [epoch 104]  average training loss: 2731.8795
cellbender:remove-background: [epoch 105]  average training loss: 2743.9035
cellbender:remove-background: [epoch 105] average test loss: 2721.2209
cellbender:remove-background: [epoch 106]  average training loss: 2743.9426
cellbender:remove-background: [epoch 107]  average training loss: 2758.4662
cellbender:remove-background: [epoch 108]  average training loss: 2740.4885
cellbender:remove-background: [epoch 109]  average training loss: 2741.3920
cellbender:remove-background: [epoch 110]  average training loss: 2737.4072
cellbender:remove-background: [epoch 110] average test loss: 2722.4052
cellbender:remove-background: [epoch 111]  average training loss: 2735.5754
cellbender:remove-background: [epoch 112]  average training loss: 2727.1276
cellbender:remove-background: [epoch 113]  average training loss: 2733.7476
cellbender:remove-background: [epoch 114]  average training loss: 2724.9771
cellbender:remove-background: [epoch 115]  average training loss: 2727.6218
cellbender:remove-background: [epoch 115] average test loss: 2720.9109
cellbender:remove-background: [epoch 116]  average training loss: 2736.2585
cellbender:remove-background: [epoch 117]  average training loss: 2739.7261
cellbender:remove-background: [epoch 118]  average training loss: 2730.4506
cellbender:remove-background: Saving a checkpoint...
cellbender:remove-background: Saved checkpoint as /weka/scratch/scratch/Mon/mabdel03/Tsai_Data/Cellbender_Outputs/63188799/ckpt.tar.gz
cellbender:remove-background: [epoch 119]  average training loss: 2735.1253
cellbender:remove-background: [epoch 120]  average training loss: 2734.2705
cellbender:remove-background: [epoch 120] average test loss: 2719.4272
cellbender:remove-background: [epoch 121]  average training loss: 2737.4187
cellbender:remove-background: [epoch 122]  average training loss: 2729.2427
cellbender:remove-background: [epoch 123]  average training loss: 2734.8905
cellbender:remove-background: [epoch 124]  average training loss: 2730.0964
cellbender:remove-background: [epoch 125]  average training loss: 2744.9624
cellbender:remove-background: [epoch 125] average test loss: 2715.0929
cellbender:remove-background: [epoch 126]  average training loss: 2728.7363
cellbender:remove-background: [epoch 127]  average training loss: 2726.6641
cellbender:remove-background: [epoch 128]  average training loss: 2733.5668
cellbender:remove-background: [epoch 129]  average training loss: 2730.9745
cellbender:remove-background: [epoch 130]  average training loss: 2744.3722
cellbender:remove-background: [epoch 130] average test loss: 2721.4113
cellbender:remove-background: [epoch 131]  average training loss: 2726.5811
cellbender:remove-background: [epoch 132]  average training loss: 2726.1626
cellbender:remove-background: [epoch 133]  average training loss: 2734.6391
cellbender:remove-background: [epoch 134]  average training loss: 2730.7125
cellbender:remove-background: [epoch 135]  average training loss: 2732.1003
cellbender:remove-background: [epoch 135] average test loss: 2726.1817
cellbender:remove-background: [epoch 136]  average training loss: 2729.1121
cellbender:remove-background: [epoch 137]  average training loss: 2736.6961
cellbender:remove-background: [epoch 138]  average training loss: 2738.2756
cellbender:remove-background: [epoch 139]  average training loss: 2731.0144
cellbender:remove-background: [epoch 140]  average training loss: 2733.3260
cellbender:remove-background: [epoch 140] average test loss: 2716.9176
cellbender:remove-background: [epoch 141]  average training loss: 2725.1226
cellbender:remove-background: [epoch 142]  average training loss: 2729.6539
cellbender:remove-background: [epoch 143]  average training loss: 2726.3044
cellbender:remove-background: [epoch 144]  average training loss: 2724.5895
cellbender:remove-background: [epoch 145]  average training loss: 2732.3356
cellbender:remove-background: [epoch 145] average test loss: 2719.9603
cellbender:remove-background: [epoch 146]  average training loss: 2728.8956
cellbender:remove-background: [epoch 147]  average training loss: 2727.5326
cellbender:remove-background: [epoch 148]  average training loss: 2725.9216
cellbender:remove-background: [epoch 149]  average training loss: 2732.2969
cellbender:remove-background: [epoch 150]  average training loss: 2733.5845
cellbender:remove-background: [epoch 150] average test loss: 2713.3006
cellbender:remove-background: Saving a checkpoint...
cellbender:remove-background: Saved checkpoint as /weka/scratch/scratch/Mon/mabdel03/Tsai_Data/Cellbender_Outputs/63188799/ckpt.tar.gz
cellbender:remove-background: 2026-02-02 01:50:19
cellbender:remove-background: Inference procedure complete.
cellbender:remove-background: Attempting to unpack tarball "ckpt.tar.gz" to /tmp/tmpp99idgw0
cellbender:remove-background: Successfully unpacked tarball to /tmp/tmpp99idgw0
/tmp/tmpp99idgw0/951fcd0827_random.pyro
/tmp/tmpp99idgw0/951fcd0827_random.cuda
/tmp/tmpp99idgw0/951fcd0827_model.torch
/tmp/tmpp99idgw0/951fcd0827_optim.torch
/tmp/tmpp99idgw0/951fcd0827_optim.pyro
/tmp/tmpp99idgw0/951fcd0827_params.pyro
/tmp/tmpp99idgw0/951fcd0827_train.loaderstate
/tmp/tmpp99idgw0/951fcd0827_test.loaderstate
/tmp/tmpp99idgw0/951fcd0827_args.npy
cellbender:remove-background: Posterior not currently included in checkpoint.
cellbender:remove-background: Computing posterior noise count probabilities in mini-batches.
cellbender:remove-background: Working on chunk (1/37)
cellbender:remove-background:     [0.04 mins per chunk]
cellbender:remove-background: Working on chunk (2/37)
cellbender:remove-background: Working on chunk (3/37)
cellbender:remove-background: Working on chunk (4/37)
cellbender:remove-background: Working on chunk (5/37)
cellbender:remove-background: Working on chunk (6/37)
cellbender:remove-background: Working on chunk (7/37)
cellbender:remove-background: Working on chunk (8/37)
cellbender:remove-background: Working on chunk (9/37)
cellbender:remove-background: Working on chunk (10/37)
cellbender:remove-background: Working on chunk (11/37)
cellbender:remove-background: Working on chunk (12/37)
cellbender:remove-background: Working on chunk (13/37)
cellbender:remove-background: Working on chunk (14/37)
cellbender:remove-background: Working on chunk (15/37)
cellbender:remove-background: Working on chunk (16/37)
cellbender:remove-background: Working on chunk (17/37)
cellbender:remove-background: Working on chunk (18/37)
cellbender:remove-background: Working on chunk (19/37)
cellbender:remove-background: Working on chunk (20/37)
cellbender:remove-background: Working on chunk (21/37)
cellbender:remove-background: Working on chunk (22/37)
cellbender:remove-background: Working on chunk (23/37)
cellbender:remove-background: Working on chunk (24/37)
cellbender:remove-background: Working on chunk (25/37)
cellbender:remove-background: Working on chunk (26/37)
cellbender:remove-background: Working on chunk (27/37)
cellbender:remove-background: Working on chunk (28/37)
cellbender:remove-background: Working on chunk (29/37)
cellbender:remove-background: Working on chunk (30/37)
cellbender:remove-background: Working on chunk (31/37)
cellbender:remove-background: Working on chunk (32/37)
cellbender:remove-background: Working on chunk (33/37)
cellbender:remove-background: Working on chunk (34/37)
cellbender:remove-background: Working on chunk (35/37)
cellbender:remove-background: Working on chunk (36/37)
cellbender:remove-background: Working on chunk (37/37)
cellbender:remove-background: Writing full posterior to /om/scratch/Mon/mabdel03/Tsai_Data/Cellbender_Outputs/63188799/processed_feature_bc_matrix_posterior.h5
cellbender:remove-background: Succeeded in writing posterior to file /om/scratch/Mon/mabdel03/Tsai_Data/Cellbender_Outputs/63188799/processed_feature_bc_matrix_posterior.h5
cellbender:remove-background: Added posterior object to checkpoint file.
cellbender:remove-background: 2026-02-02 01:54:22

cellbender:remove-background: Saved summary plots as /om/scratch/Mon/mabdel03/Tsai_Data/Cellbender_Outputs/63188799/processed_feature_bc_matrix.pdf
cellbender:remove-background: Saved cell barcodes in /om/scratch/Mon/mabdel03/Tsai_Data/Cellbender_Outputs/63188799/processed_feature_bc_matrix_cell_barcodes.csv
cellbender:remove-background: Computing target noise counts per gene for MCKP estimator
cellbender:remove-background: Using MCKP noise targets computed for FPR 0.0
cellbender:remove-background: Computing denoised counts using mckp estimator
cellbender:remove-background: Working on chunk (1/7)
cellbender:remove-background:     [1.58 mins per chunk]
cellbender:remove-background: Working on chunk (2/7)
cellbender:remove-background: Working on chunk (3/7)
cellbender:remove-background: Working on chunk (4/7)
cellbender:remove-background: Working on chunk (5/7)
cellbender:remove-background: Working on chunk (6/7)
cellbender:remove-background: Working on chunk (7/7)
cellbender:remove-background: 2026-02-02 02:05:45 Total MCKP estimation time = 657.85 sec
cellbender:remove-background: Succeeded in writing CellRanger format output to file /om/scratch/Mon/mabdel03/Tsai_Data/Cellbender_Outputs/63188799/processed_feature_bc_matrix.h5
cellbender:remove-background: Succeeded in writing CellRanger format output to file /om/scratch/Mon/mabdel03/Tsai_Data/Cellbender_Outputs/63188799/processed_feature_bc_matrix_filtered.h5
cellbender:remove-background: Saved output metrics as /om/scratch/Mon/mabdel03/Tsai_Data/Cellbender_Outputs/63188799/processed_feature_bc_matrix_metrics.csv
[NbConvertApp] Converting notebook tmp.report.ipynb to notebook
[NbConvertApp] Writing 509800 bytes to tmp.report.nbconvert.ipynb
[NbConvertApp] Converting notebook tmp.report.nbconvert.ipynb to html
[NbConvertApp] Writing 1084487 bytes to tmp.report.nbconvert.html
cellbender:remove-background: Succeeded in writing report to /om/scratch/Mon/mabdel03/Tsai_Data/Cellbender_Outputs/63188799/processed_feature_bc_matrix_report.html
cellbender:remove-background: Completed remove-background.
cellbender:remove-background: 2026-02-02 02:06:28

