cellbender:remove-background: Command:
cellbender remove-background --cuda --input /om/scratch/Mon/mabdel03/Tsai_Data/Cellranger_Outputs/94144536/outs/raw_feature_bc_matrix.h5 --fpr 0 --output /om/scratch/Mon/mabdel03/Tsai_Data/Cellbender_Outputs/94144536/processed_feature_bc_matrix.h5
cellbender:remove-background: CellBender 0.3.0
cellbender:remove-background: (Workflow hash d2aa3d8862)
cellbender:remove-background: 2026-03-08 19:03:46
cellbender:remove-background: Running remove-background
cellbender:remove-background: Loading data from /om/scratch/Mon/mabdel03/Tsai_Data/Cellranger_Outputs/94144536/outs/raw_feature_bc_matrix.h5
cellbender:remove-background: CellRanger v3 format
cellbender:remove-background: Features in dataset: 36601 Gene Expression
cellbender:remove-background: Trimming features for inference.
cellbender:remove-background: 32212 features have nonzero counts.
cellbender:remove-background: Prior on counts for cells is 13066
cellbender:remove-background: Prior on counts for empty droplets is 219
cellbender:remove-background: Excluding 8438 features that are estimated to have <= 0.1 background counts in cells.
cellbender:remove-background: Including 23774 features in the analysis.
cellbender:remove-background: Trimming barcodes for inference.
cellbender:remove-background: Excluding barcodes with counts below 109
cellbender:remove-background: Using 2777 probable cell barcodes, plus an additional 7531 barcodes, and 68147 empty droplets.
cellbender:remove-background: Largest surely-empty droplet has 267 UMI counts.
cellbender:remove-background: Attempting to unpack tarball "ckpt.tar.gz" to /tmp/tmpd12y344p
cellbender:remove-background: No saved checkpoint.
cellbender:remove-background: No checkpoint loaded.
cellbender:remove-background: Running inference...
cellbender:remove-background: [epoch 001]  average training loss: 13894.8797
cellbender:remove-background: [epoch 002]  average training loss: 12086.2654  (3.9 seconds per epoch)
cellbender:remove-background: Will checkpoint every 108 epochs
cellbender:remove-background: [epoch 003]  average training loss: 10593.5954
cellbender:remove-background: [epoch 004]  average training loss: 9334.1437
cellbender:remove-background: [epoch 005]  average training loss: 8460.8882
cellbender:remove-background: [epoch 005] average test loss: 8785.2191
cellbender:remove-background: [epoch 006]  average training loss: 8049.2598
cellbender:remove-background: [epoch 007]  average training loss: 7655.5611
cellbender:remove-background: [epoch 008]  average training loss: 7372.4281
cellbender:remove-background: [epoch 009]  average training loss: 7371.1649
cellbender:remove-background: [epoch 010]  average training loss: 7325.8109
cellbender:remove-background: [epoch 010] average test loss: 7294.7365
cellbender:remove-background: [epoch 011]  average training loss: 7262.1888
cellbender:remove-background: [epoch 012]  average training loss: 7204.4067
cellbender:remove-background: [epoch 013]  average training loss: 7249.0482
cellbender:remove-background: [epoch 014]  average training loss: 7219.7858
cellbender:remove-background: [epoch 015]  average training loss: 7135.7352
cellbender:remove-background: [epoch 015] average test loss: 7089.0366
cellbender:remove-background: [epoch 016]  average training loss: 7134.1337
cellbender:remove-background: [epoch 017]  average training loss: 6980.9651
cellbender:remove-background: [epoch 018]  average training loss: 6884.8060
cellbender:remove-background: [epoch 019]  average training loss: 6876.7372
cellbender:remove-background: [epoch 020]  average training loss: 6856.4215
cellbender:remove-background: [epoch 020] average test loss: 6945.1338
cellbender:remove-background: [epoch 021]  average training loss: 6839.5566
cellbender:remove-background: [epoch 022]  average training loss: 6819.9403
cellbender:remove-background: [epoch 023]  average training loss: 6800.3779
cellbender:remove-background: [epoch 024]  average training loss: 6777.3249
cellbender:remove-background: [epoch 025]  average training loss: 6765.8147
cellbender:remove-background: [epoch 025] average test loss: 6767.8463
cellbender:remove-background: [epoch 026]  average training loss: 6760.3945
cellbender:remove-background: [epoch 027]  average training loss: 6729.4364
cellbender:remove-background: [epoch 028]  average training loss: 6705.4267
cellbender:remove-background: [epoch 029]  average training loss: 6698.4059
cellbender:remove-background: [epoch 030]  average training loss: 6691.9305
cellbender:remove-background: [epoch 030] average test loss: 6606.8118
cellbender:remove-background: [epoch 031]  average training loss: 6666.3489
cellbender:remove-background: [epoch 032]  average training loss: 6669.5925
cellbender:remove-background: [epoch 033]  average training loss: 6647.5888
cellbender:remove-background: [epoch 034]  average training loss: 6629.9165
cellbender:remove-background: [epoch 035]  average training loss: 6617.1734
cellbender:remove-background: [epoch 035] average test loss: 6539.4304
cellbender:remove-background: [epoch 036]  average training loss: 6608.0333
cellbender:remove-background: [epoch 037]  average training loss: 6593.5074
cellbender:remove-background: [epoch 038]  average training loss: 6597.7377
cellbender:remove-background: [epoch 039]  average training loss: 6598.7017
cellbender:remove-background: [epoch 040]  average training loss: 6586.4892
cellbender:remove-background: [epoch 040] average test loss: 6518.9136
cellbender:remove-background: [epoch 041]  average training loss: 6581.7766
cellbender:remove-background: [epoch 042]  average training loss: 6579.0954
cellbender:remove-background: [epoch 043]  average training loss: 6579.1479
cellbender:remove-background: [epoch 044]  average training loss: 6573.3020
cellbender:remove-background: [epoch 045]  average training loss: 6576.4198
cellbender:remove-background: [epoch 045] average test loss: 6572.5579
cellbender:remove-background: [epoch 046]  average training loss: 6560.4317
cellbender:remove-background: [epoch 047]  average training loss: 6560.3264
cellbender:remove-background: [epoch 048]  average training loss: 6559.1294
cellbender:remove-background: [epoch 049]  average training loss: 6555.7041
cellbender:remove-background: [epoch 050]  average training loss: 6545.5175
cellbender:remove-background: [epoch 050] average test loss: 6467.9473
cellbender:remove-background: [epoch 051]  average training loss: 6542.1931
cellbender:remove-background: [epoch 052]  average training loss: 6537.1841
cellbender:remove-background: [epoch 053]  average training loss: 6533.1746
cellbender:remove-background: [epoch 054]  average training loss: 6526.6969
cellbender:remove-background: [epoch 055]  average training loss: 6525.7067
cellbender:remove-background: [epoch 055] average test loss: 6466.1130
cellbender:remove-background: [epoch 056]  average training loss: 6525.8861
cellbender:remove-background: [epoch 057]  average training loss: 6512.3055
cellbender:remove-background: [epoch 058]  average training loss: 6514.2347
cellbender:remove-background: [epoch 059]  average training loss: 6506.0941
cellbender:remove-background: [epoch 060]  average training loss: 6500.2758
cellbender:remove-background: [epoch 060] average test loss: 6429.7790
cellbender:remove-background: [epoch 061]  average training loss: 6503.5749
cellbender:remove-background: [epoch 062]  average training loss: 6496.5986
cellbender:remove-background: [epoch 063]  average training loss: 6498.5985
cellbender:remove-background: [epoch 064]  average training loss: 6494.0866
cellbender:remove-background: [epoch 065]  average training loss: 6484.9291
cellbender:remove-background: [epoch 065] average test loss: 6438.6601
cellbender:remove-background: [epoch 066]  average training loss: 6489.3154
cellbender:remove-background: [epoch 067]  average training loss: 6484.4738
cellbender:remove-background: [epoch 068]  average training loss: 6476.9437
cellbender:remove-background: [epoch 069]  average training loss: 6485.9600
cellbender:remove-background: [epoch 070]  average training loss: 6475.3045
cellbender:remove-background: [epoch 070] average test loss: 6427.1386
cellbender:remove-background: [epoch 071]  average training loss: 6478.4261
cellbender:remove-background: [epoch 072]  average training loss: 6469.1349
cellbender:remove-background: [epoch 073]  average training loss: 6465.3451
cellbender:remove-background: [epoch 074]  average training loss: 6473.7443
cellbender:remove-background: [epoch 075]  average training loss: 6468.6136
cellbender:remove-background: [epoch 075] average test loss: 6386.2390
cellbender:remove-background: [epoch 076]  average training loss: 6461.1131
cellbender:remove-background: [epoch 077]  average training loss: 6457.4526
cellbender:remove-background: [epoch 078]  average training loss: 6456.1660
cellbender:remove-background: [epoch 079]  average training loss: 6450.5207
cellbender:remove-background: [epoch 080]  average training loss: 6456.8298
cellbender:remove-background: [epoch 080] average test loss: 6380.3606
cellbender:remove-background: [epoch 081]  average training loss: 6452.4302
cellbender:remove-background: [epoch 082]  average training loss: 6448.7538
cellbender:remove-background: [epoch 083]  average training loss: 6449.6354
cellbender:remove-background: [epoch 084]  average training loss: 6444.8594
cellbender:remove-background: [epoch 085]  average training loss: 6441.3102
cellbender:remove-background: [epoch 085] average test loss: 6365.9852
cellbender:remove-background: [epoch 086]  average training loss: 6445.8590
cellbender:remove-background: [epoch 087]  average training loss: 6442.3453
cellbender:remove-background: [epoch 088]  average training loss: 6438.3596
cellbender:remove-background: [epoch 089]  average training loss: 6440.9228
cellbender:remove-background: [epoch 090]  average training loss: 6436.6342
cellbender:remove-background: [epoch 090] average test loss: 6354.6719
cellbender:remove-background: [epoch 091]  average training loss: 6435.4429
cellbender:remove-background: [epoch 092]  average training loss: 6438.2211
cellbender:remove-background: [epoch 093]  average training loss: 6435.7988
cellbender:remove-background: [epoch 094]  average training loss: 6428.5322
cellbender:remove-background: [epoch 095]  average training loss: 6433.8415
cellbender:remove-background: [epoch 095] average test loss: 6367.8787
cellbender:remove-background: [epoch 096]  average training loss: 6433.2968
cellbender:remove-background: [epoch 097]  average training loss: 6430.0427
cellbender:remove-background: [epoch 098]  average training loss: 6425.3996
cellbender:remove-background: [epoch 099]  average training loss: 6420.1248
cellbender:remove-background: [epoch 100]  average training loss: 6423.0151
cellbender:remove-background: [epoch 100] average test loss: 6366.2578
cellbender:remove-background: [epoch 101]  average training loss: 6420.5741
cellbender:remove-background: [epoch 102]  average training loss: 6417.4640
cellbender:remove-background: [epoch 103]  average training loss: 6418.5375
cellbender:remove-background: [epoch 104]  average training loss: 6419.4124
cellbender:remove-background: [epoch 105]  average training loss: 6416.7961
cellbender:remove-background: [epoch 105] average test loss: 6360.9882
cellbender:remove-background: [epoch 106]  average training loss: 6417.3282
cellbender:remove-background: [epoch 107]  average training loss: 6414.0558
cellbender:remove-background: [epoch 108]  average training loss: 6415.3766
cellbender:remove-background: Saving a checkpoint...
cellbender:remove-background: Saved checkpoint as /weka/scratch/scratch/Mon/mabdel03/Tsai_Data/Cellbender_Outputs/94144536/ckpt.tar.gz
cellbender:remove-background: [epoch 109]  average training loss: 6413.6053
cellbender:remove-background: [epoch 110]  average training loss: 6416.8817
cellbender:remove-background: [epoch 110] average test loss: 6352.5768
cellbender:remove-background: [epoch 111]  average training loss: 6415.0104
cellbender:remove-background: [epoch 112]  average training loss: 6411.8205
cellbender:remove-background: [epoch 113]  average training loss: 6405.5167
cellbender:remove-background: [epoch 114]  average training loss: 6409.0045
cellbender:remove-background: [epoch 115]  average training loss: 6413.5532
cellbender:remove-background: [epoch 115] average test loss: 6365.7628
cellbender:remove-background: [epoch 116]  average training loss: 6407.1145
cellbender:remove-background: [epoch 117]  average training loss: 6406.0405
cellbender:remove-background: [epoch 118]  average training loss: 6404.4315
cellbender:remove-background: [epoch 119]  average training loss: 6410.5434
cellbender:remove-background: [epoch 120]  average training loss: 6402.8473
cellbender:remove-background: [epoch 120] average test loss: 6347.5369
cellbender:remove-background: [epoch 121]  average training loss: 6405.5200
cellbender:remove-background: [epoch 122]  average training loss: 6407.3226
cellbender:remove-background: [epoch 123]  average training loss: 6404.0549
cellbender:remove-background: [epoch 124]  average training loss: 6404.9166
cellbender:remove-background: [epoch 125]  average training loss: 6400.7615
cellbender:remove-background: [epoch 125] average test loss: 6348.8982
cellbender:remove-background: [epoch 126]  average training loss: 6405.4934
cellbender:remove-background: [epoch 127]  average training loss: 6405.8019
cellbender:remove-background: [epoch 128]  average training loss: 6406.4169
cellbender:remove-background: [epoch 129]  average training loss: 6400.2527
cellbender:remove-background: [epoch 130]  average training loss: 6398.3281
cellbender:remove-background: [epoch 130] average test loss: 6371.5166
cellbender:remove-background: [epoch 131]  average training loss: 6403.8437
cellbender:remove-background: [epoch 132]  average training loss: 6398.6510
cellbender:remove-background: [epoch 133]  average training loss: 6402.8126
cellbender:remove-background: [epoch 134]  average training loss: 6402.2580
cellbender:remove-background: [epoch 135]  average training loss: 6395.1478
cellbender:remove-background: [epoch 135] average test loss: 6345.3931
cellbender:remove-background: [epoch 136]  average training loss: 6402.4852
cellbender:remove-background: [epoch 137]  average training loss: 6402.5435
cellbender:remove-background: [epoch 138]  average training loss: 6400.6454
cellbender:remove-background: [epoch 139]  average training loss: 6397.0102
cellbender:remove-background: [epoch 140]  average training loss: 6396.0168
cellbender:remove-background: [epoch 140] average test loss: 6343.8690
cellbender:remove-background: [epoch 141]  average training loss: 6396.6801
cellbender:remove-background: [epoch 142]  average training loss: 6400.6690
cellbender:remove-background: [epoch 143]  average training loss: 6402.6065
cellbender:remove-background: [epoch 144]  average training loss: 6402.2488
cellbender:remove-background: [epoch 145]  average training loss: 6402.0506
cellbender:remove-background: [epoch 145] average test loss: 6358.7052
cellbender:remove-background: [epoch 146]  average training loss: 6400.4357
cellbender:remove-background: [epoch 147]  average training loss: 6401.9307
cellbender:remove-background: [epoch 148]  average training loss: 6400.6582
cellbender:remove-background: [epoch 149]  average training loss: 6399.1990
cellbender:remove-background: [epoch 150]  average training loss: 6401.9287
cellbender:remove-background: [epoch 150] average test loss: 6346.4374
cellbender:remove-background: Saving a checkpoint...
cellbender:remove-background: Saved checkpoint as /weka/scratch/scratch/Mon/mabdel03/Tsai_Data/Cellbender_Outputs/94144536/ckpt.tar.gz
cellbender:remove-background: 2026-03-08 19:16:17
cellbender:remove-background: Inference procedure complete.
cellbender:remove-background: Attempting to unpack tarball "ckpt.tar.gz" to /tmp/tmphrt92mnt
cellbender:remove-background: Successfully unpacked tarball to /tmp/tmphrt92mnt
/tmp/tmphrt92mnt/d2aa3d8862_random.pyro
/tmp/tmphrt92mnt/d2aa3d8862_random.cuda
/tmp/tmphrt92mnt/d2aa3d8862_model.torch
/tmp/tmphrt92mnt/d2aa3d8862_optim.torch
/tmp/tmphrt92mnt/d2aa3d8862_optim.pyro
/tmp/tmphrt92mnt/d2aa3d8862_params.pyro
/tmp/tmphrt92mnt/d2aa3d8862_train.loaderstate
/tmp/tmphrt92mnt/d2aa3d8862_test.loaderstate
/tmp/tmphrt92mnt/d2aa3d8862_args.npy
cellbender:remove-background: Posterior not currently included in checkpoint.
cellbender:remove-background: Computing posterior noise count probabilities in mini-batches.
cellbender:remove-background: Working on chunk (1/49)
cellbender:remove-background:     [0.05 mins per chunk]
cellbender:remove-background: Working on chunk (2/49)
cellbender:remove-background: Working on chunk (3/49)
cellbender:remove-background: Working on chunk (4/49)
cellbender:remove-background: Working on chunk (5/49)
cellbender:remove-background: Working on chunk (6/49)
cellbender:remove-background: Working on chunk (7/49)
cellbender:remove-background: Working on chunk (8/49)
cellbender:remove-background: Working on chunk (9/49)
cellbender:remove-background: Working on chunk (10/49)
cellbender:remove-background: Working on chunk (11/49)
cellbender:remove-background: Working on chunk (12/49)
cellbender:remove-background: Working on chunk (13/49)
cellbender:remove-background: Working on chunk (14/49)
cellbender:remove-background: Working on chunk (15/49)
cellbender:remove-background: Working on chunk (16/49)
cellbender:remove-background: Working on chunk (17/49)
cellbender:remove-background: Working on chunk (18/49)
cellbender:remove-background: Working on chunk (19/49)
cellbender:remove-background: Working on chunk (20/49)
cellbender:remove-background: Working on chunk (21/49)
cellbender:remove-background: Working on chunk (22/49)
cellbender:remove-background: Working on chunk (23/49)
cellbender:remove-background: Working on chunk (24/49)
cellbender:remove-background: Working on chunk (25/49)
cellbender:remove-background: Working on chunk (26/49)
cellbender:remove-background: Working on chunk (27/49)
cellbender:remove-background: Working on chunk (28/49)
cellbender:remove-background: Working on chunk (29/49)
cellbender:remove-background: Working on chunk (30/49)
cellbender:remove-background: Working on chunk (31/49)
cellbender:remove-background: Working on chunk (32/49)
cellbender:remove-background: Working on chunk (33/49)
cellbender:remove-background: Working on chunk (34/49)
cellbender:remove-background: Working on chunk (35/49)
cellbender:remove-background: Working on chunk (36/49)
cellbender:remove-background: Working on chunk (37/49)
cellbender:remove-background: Working on chunk (38/49)
cellbender:remove-background: Working on chunk (39/49)
cellbender:remove-background: Working on chunk (40/49)
cellbender:remove-background: Working on chunk (41/49)
cellbender:remove-background: Working on chunk (42/49)
cellbender:remove-background: Working on chunk (43/49)
cellbender:remove-background: Working on chunk (44/49)
cellbender:remove-background: Working on chunk (45/49)
cellbender:remove-background: Working on chunk (46/49)
cellbender:remove-background: Working on chunk (47/49)
cellbender:remove-background: Working on chunk (48/49)
cellbender:remove-background: Working on chunk (49/49)
cellbender:remove-background: Writing full posterior to /om/scratch/Mon/mabdel03/Tsai_Data/Cellbender_Outputs/94144536/processed_feature_bc_matrix_posterior.h5
cellbender:remove-background: Succeeded in writing posterior to file /om/scratch/Mon/mabdel03/Tsai_Data/Cellbender_Outputs/94144536/processed_feature_bc_matrix_posterior.h5
cellbender:remove-background: Added posterior object to checkpoint file.
cellbender:remove-background: 2026-03-08 19:21:21

cellbender:remove-background: Saved summary plots as /om/scratch/Mon/mabdel03/Tsai_Data/Cellbender_Outputs/94144536/processed_feature_bc_matrix.pdf
cellbender:remove-background: Saved cell barcodes in /om/scratch/Mon/mabdel03/Tsai_Data/Cellbender_Outputs/94144536/processed_feature_bc_matrix_cell_barcodes.csv
cellbender:remove-background: Computing target noise counts per gene for MCKP estimator
cellbender:remove-background: Using MCKP noise targets computed for FPR 0.0
cellbender:remove-background: Computing denoised counts using mckp estimator
cellbender:remove-background: Working on chunk (1/7)
cellbender:remove-background:     [2.25 mins per chunk]
cellbender:remove-background: Working on chunk (2/7)
cellbender:remove-background: Working on chunk (3/7)
cellbender:remove-background: Working on chunk (4/7)
cellbender:remove-background: Working on chunk (5/7)
cellbender:remove-background: Working on chunk (6/7)
cellbender:remove-background: Working on chunk (7/7)
cellbender:remove-background: 2026-03-08 19:37:51 Total MCKP estimation time = 944.36 sec
cellbender:remove-background: Succeeded in writing CellRanger format output to file /om/scratch/Mon/mabdel03/Tsai_Data/Cellbender_Outputs/94144536/processed_feature_bc_matrix.h5
cellbender:remove-background: Succeeded in writing CellRanger format output to file /om/scratch/Mon/mabdel03/Tsai_Data/Cellbender_Outputs/94144536/processed_feature_bc_matrix_filtered.h5
cellbender:remove-background: Saved output metrics as /om/scratch/Mon/mabdel03/Tsai_Data/Cellbender_Outputs/94144536/processed_feature_bc_matrix_metrics.csv
[NbConvertApp] Converting notebook tmp.report.ipynb to notebook
[NbConvertApp] Writing 460765 bytes to tmp.report.nbconvert.ipynb
[NbConvertApp] Converting notebook tmp.report.nbconvert.ipynb to html
[NbConvertApp] Writing 1035452 bytes to tmp.report.nbconvert.html
cellbender:remove-background: Succeeded in writing report to /om/scratch/Mon/mabdel03/Tsai_Data/Cellbender_Outputs/94144536/processed_feature_bc_matrix_report.html
cellbender:remove-background: Completed remove-background.
cellbender:remove-background: 2026-03-08 19:38:38

