cellbender:remove-background: Command:
cellbender remove-background --cuda --input /om/scratch/Mon/mabdel03/Tsai_Data/Cellranger_Outputs/50300822/outs/raw_feature_bc_matrix.h5 --fpr 0 --output /om/scratch/Mon/mabdel03/Tsai_Data/Cellbender_Outputs/50300822/processed_feature_bc_matrix.h5
cellbender:remove-background: CellBender 0.3.0
cellbender:remove-background: (Workflow hash 6a78069f7b)
cellbender:remove-background: 2026-02-01 22:56:01
cellbender:remove-background: Running remove-background
cellbender:remove-background: Loading data from /om/scratch/Mon/mabdel03/Tsai_Data/Cellranger_Outputs/50300822/outs/raw_feature_bc_matrix.h5
cellbender:remove-background: CellRanger v3 format
cellbender:remove-background: Features in dataset: 36601 Gene Expression
cellbender:remove-background: Trimming features for inference.
cellbender:remove-background: 32199 features have nonzero counts.
cellbender:remove-background: Prior on counts for cells is 6074
cellbender:remove-background: Prior on counts for empty droplets is 146
cellbender:remove-background: Excluding 10324 features that are estimated to have <= 0.1 background counts in cells.
cellbender:remove-background: Including 21875 features in the analysis.
cellbender:remove-background: Trimming barcodes for inference.
cellbender:remove-background: Excluding barcodes with counts below 73
cellbender:remove-background: Using 3537 probable cell barcodes, plus an additional 8748 barcodes, and 57948 empty droplets.
cellbender:remove-background: Largest surely-empty droplet has 179 UMI counts.
cellbender:remove-background: Attempting to unpack tarball "ckpt.tar.gz" to /tmp/tmpzpobpzo7
cellbender:remove-background: No saved checkpoint.
cellbender:remove-background: No checkpoint loaded.
cellbender:remove-background: Running inference...
cellbender:remove-background: [epoch 001]  average training loss: 12069.6404
cellbender:remove-background: [epoch 002]  average training loss: 10373.4336  (6.0 seconds per epoch)
cellbender:remove-background: Will checkpoint every 70 epochs
cellbender:remove-background: [epoch 003]  average training loss: 8726.4642
cellbender:remove-background: [epoch 004]  average training loss: 7893.3213
cellbender:remove-background: [epoch 005]  average training loss: 7447.6288
cellbender:remove-background: [epoch 005] average test loss: 7118.3261
cellbender:remove-background: [epoch 006]  average training loss: 6897.2878
cellbender:remove-background: [epoch 007]  average training loss: 6657.9176
cellbender:remove-background: [epoch 008]  average training loss: 6627.2743
cellbender:remove-background: [epoch 009]  average training loss: 6541.0870
cellbender:remove-background: [epoch 010]  average training loss: 6494.8797
cellbender:remove-background: [epoch 010] average test loss: 6227.2501
cellbender:remove-background: [epoch 011]  average training loss: 6481.2783
cellbender:remove-background: [epoch 012]  average training loss: 6402.3444
cellbender:remove-background: [epoch 013]  average training loss: 6130.2485
cellbender:remove-background: [epoch 014]  average training loss: 5965.9877
cellbender:remove-background: [epoch 015]  average training loss: 5928.7170
cellbender:remove-background: [epoch 015] average test loss: 5757.1823
cellbender:remove-background: [epoch 016]  average training loss: 5923.5431
cellbender:remove-background: [epoch 017]  average training loss: 5930.0633
cellbender:remove-background: [epoch 018]  average training loss: 5884.5200
cellbender:remove-background: [epoch 019]  average training loss: 5860.4259
cellbender:remove-background: [epoch 020]  average training loss: 5878.9034
cellbender:remove-background: [epoch 020] average test loss: 5791.4778
cellbender:remove-background: [epoch 021]  average training loss: 5854.1591
cellbender:remove-background: [epoch 022]  average training loss: 5862.7282
cellbender:remove-background: [epoch 023]  average training loss: 5812.9915
cellbender:remove-background: [epoch 024]  average training loss: 5815.6384
cellbender:remove-background: [epoch 025]  average training loss: 5813.1566
cellbender:remove-background: [epoch 025] average test loss: 5751.3169
cellbender:remove-background: [epoch 026]  average training loss: 5799.2928
cellbender:remove-background: [epoch 027]  average training loss: 5822.3674
cellbender:remove-background: [epoch 028]  average training loss: 5810.5121
cellbender:remove-background: [epoch 029]  average training loss: 5786.1532
cellbender:remove-background: [epoch 030]  average training loss: 5791.1787
cellbender:remove-background: [epoch 030] average test loss: 5643.0793
cellbender:remove-background: [epoch 031]  average training loss: 5772.5123
cellbender:remove-background: [epoch 032]  average training loss: 5770.4190
cellbender:remove-background: [epoch 033]  average training loss: 5762.7522
cellbender:remove-background: [epoch 034]  average training loss: 5758.4080
cellbender:remove-background: [epoch 035]  average training loss: 5756.7254
cellbender:remove-background: [epoch 035] average test loss: 5642.1028
cellbender:remove-background: [epoch 036]  average training loss: 5742.5389
cellbender:remove-background: [epoch 037]  average training loss: 5732.7372
cellbender:remove-background: [epoch 038]  average training loss: 5711.3716
cellbender:remove-background: [epoch 039]  average training loss: 5692.5566
cellbender:remove-background: [epoch 040]  average training loss: 5680.5180
cellbender:remove-background: [epoch 040] average test loss: 5559.0661
cellbender:remove-background: [epoch 041]  average training loss: 5667.2071
cellbender:remove-background: [epoch 042]  average training loss: 5667.9378
cellbender:remove-background: [epoch 043]  average training loss: 5660.4036
cellbender:remove-background: [epoch 044]  average training loss: 5657.1539
cellbender:remove-background: [epoch 045]  average training loss: 5651.0109
cellbender:remove-background: [epoch 045] average test loss: 5531.7601
cellbender:remove-background: [epoch 046]  average training loss: 5644.9671
cellbender:remove-background: [epoch 047]  average training loss: 5645.4716
cellbender:remove-background: [epoch 048]  average training loss: 5641.0337
cellbender:remove-background: [epoch 049]  average training loss: 5637.2009
cellbender:remove-background: [epoch 050]  average training loss: 5635.3999
cellbender:remove-background: [epoch 050] average test loss: 5542.1014
cellbender:remove-background: [epoch 051]  average training loss: 5630.7960
cellbender:remove-background: [epoch 052]  average training loss: 5628.8171
cellbender:remove-background: [epoch 053]  average training loss: 5625.2721
cellbender:remove-background: [epoch 054]  average training loss: 5625.5397
cellbender:remove-background: [epoch 055]  average training loss: 5625.3593
cellbender:remove-background: [epoch 055] average test loss: 5509.6228
cellbender:remove-background: [epoch 056]  average training loss: 5623.1785
cellbender:remove-background: [epoch 057]  average training loss: 5616.4510
cellbender:remove-background: [epoch 058]  average training loss: 5616.4658
cellbender:remove-background: [epoch 059]  average training loss: 5615.3838
cellbender:remove-background: [epoch 060]  average training loss: 5611.0550
cellbender:remove-background: [epoch 060] average test loss: 5505.7699
cellbender:remove-background: [epoch 061]  average training loss: 5608.9735
cellbender:remove-background: [epoch 062]  average training loss: 5609.4877
cellbender:remove-background: [epoch 063]  average training loss: 5606.2544
cellbender:remove-background: [epoch 064]  average training loss: 5600.8638
cellbender:remove-background: [epoch 065]  average training loss: 5605.9056
cellbender:remove-background: [epoch 065] average test loss: 5483.7351
cellbender:remove-background: [epoch 066]  average training loss: 5601.3776
cellbender:remove-background: [epoch 067]  average training loss: 5596.0582
cellbender:remove-background: [epoch 068]  average training loss: 5602.2578
cellbender:remove-background: [epoch 069]  average training loss: 5605.6932
cellbender:remove-background: [epoch 070]  average training loss: 5600.9614
cellbender:remove-background: [epoch 070] average test loss: 5477.4726
cellbender:remove-background: Saving a checkpoint...
cellbender:remove-background: Saved checkpoint as /weka/scratch/scratch/Mon/mabdel03/Tsai_Data/Cellbender_Outputs/50300822/ckpt.tar.gz
cellbender:remove-background: [epoch 071]  average training loss: 5595.7175
cellbender:remove-background: [epoch 072]  average training loss: 5603.8309
cellbender:remove-background: [epoch 073]  average training loss: 5592.5995
cellbender:remove-background: [epoch 074]  average training loss: 5600.9133
cellbender:remove-background: [epoch 075]  average training loss: 5608.9079
cellbender:remove-background: [epoch 075] average test loss: 5492.0798
cellbender:remove-background: [epoch 076]  average training loss: 5598.4163
cellbender:remove-background: [epoch 077]  average training loss: 5646.1214
cellbender:remove-background: [epoch 078]  average training loss: 5604.9759
cellbender:remove-background: [epoch 079]  average training loss: 5611.7472
cellbender:remove-background: [epoch 080]  average training loss: 5597.8979
cellbender:remove-background: [epoch 080] average test loss: 5511.3068
cellbender:remove-background: [epoch 081]  average training loss: 5598.4377
cellbender:remove-background: [epoch 082]  average training loss: 5587.6664
cellbender:remove-background: [epoch 083]  average training loss: 5590.5054
cellbender:remove-background: [epoch 084]  average training loss: 5589.1199
cellbender:remove-background: [epoch 085]  average training loss: 5602.5353
cellbender:remove-background: [epoch 085] average test loss: 5563.9630
cellbender:remove-background: [epoch 086]  average training loss: 5581.5066
cellbender:remove-background: [epoch 087]  average training loss: 5591.1033
cellbender:remove-background: [epoch 088]  average training loss: 5593.0700
cellbender:remove-background: [epoch 089]  average training loss: 5604.5756
cellbender:remove-background: [epoch 090]  average training loss: 5589.5939
cellbender:remove-background: [epoch 090] average test loss: 5530.9455
cellbender:remove-background: [epoch 091]  average training loss: 5594.0749
cellbender:remove-background: [epoch 092]  average training loss: 5590.7420
cellbender:remove-background: [epoch 093]  average training loss: 5590.2652
cellbender:remove-background: [epoch 094]  average training loss: 5577.9093
cellbender:remove-background: [epoch 095]  average training loss: 5583.2204
cellbender:remove-background: [epoch 095] average test loss: 5529.3363
cellbender:remove-background: [epoch 096]  average training loss: 5576.3686
cellbender:remove-background: [epoch 097]  average training loss: 5578.5317
cellbender:remove-background: [epoch 098]  average training loss: 5589.2573
cellbender:remove-background: [epoch 099]  average training loss: 5574.4920
cellbender:remove-background: [epoch 100]  average training loss: 5591.0242
cellbender:remove-background: [epoch 100] average test loss: 5514.6078
cellbender:remove-background: [epoch 101]  average training loss: 5583.2103
cellbender:remove-background: [epoch 102]  average training loss: 5575.2221
cellbender:remove-background: [epoch 103]  average training loss: 5571.5109
cellbender:remove-background: [epoch 104]  average training loss: 5586.2567
cellbender:remove-background: [epoch 105]  average training loss: 5572.5011
cellbender:remove-background: [epoch 105] average test loss: 5518.3840
cellbender:remove-background: [epoch 106]  average training loss: 5578.8919
cellbender:remove-background: [epoch 107]  average training loss: 5575.0168
cellbender:remove-background: [epoch 108]  average training loss: 5588.0180
cellbender:remove-background: [epoch 109]  average training loss: 5588.7589
cellbender:remove-background: [epoch 110]  average training loss: 5579.4334
cellbender:remove-background: [epoch 110] average test loss: 5670.6983
cellbender:remove-background: [epoch 111]  average training loss: 5584.5858
cellbender:remove-background: [epoch 112]  average training loss: 5592.0235
cellbender:remove-background: [epoch 113]  average training loss: 5586.5233
cellbender:remove-background: [epoch 114]  average training loss: 5577.6045
cellbender:remove-background: [epoch 115]  average training loss: 5581.7125
cellbender:remove-background: [epoch 115] average test loss: 5462.0660
cellbender:remove-background: [epoch 116]  average training loss: 5583.1749
cellbender:remove-background: [epoch 117]  average training loss: 5571.6567
cellbender:remove-background: [epoch 118]  average training loss: 5570.3756
cellbender:remove-background: [epoch 119]  average training loss: 5597.8664
cellbender:remove-background: [epoch 120]  average training loss: 5575.7347
cellbender:remove-background: [epoch 120] average test loss: 5536.3305
cellbender:remove-background: [epoch 121]  average training loss: 5568.1538
cellbender:remove-background: [epoch 122]  average training loss: 5587.8554
cellbender:remove-background: [epoch 123]  average training loss: 5569.5138
cellbender:remove-background: [epoch 124]  average training loss: 5566.0185
cellbender:remove-background: [epoch 125]  average training loss: 5595.9144
cellbender:remove-background: [epoch 125] average test loss: 5501.1241
cellbender:remove-background: [epoch 126]  average training loss: 5566.5274
cellbender:remove-background: [epoch 127]  average training loss: 5575.9915
cellbender:remove-background: [epoch 128]  average training loss: 5591.9859
cellbender:remove-background: [epoch 129]  average training loss: 5600.9086
cellbender:remove-background: [epoch 130]  average training loss: 5577.9255
cellbender:remove-background: [epoch 130] average test loss: 5496.5180
cellbender:remove-background: [epoch 131]  average training loss: 5576.5671
cellbender:remove-background: [epoch 132]  average training loss: 5587.3136
cellbender:remove-background: [epoch 133]  average training loss: 5564.3603
cellbender:remove-background: [epoch 134]  average training loss: 5571.5314
cellbender:remove-background: [epoch 135]  average training loss: 5570.6365
cellbender:remove-background: [epoch 135] average test loss: 5566.4411
cellbender:remove-background: [epoch 136]  average training loss: 5589.1732
cellbender:remove-background: [epoch 137]  average training loss: 5589.7234
cellbender:remove-background: [epoch 138]  average training loss: 5581.1588
cellbender:remove-background: [epoch 139]  average training loss: 5574.6329
cellbender:remove-background: [epoch 140]  average training loss: 5592.8902
cellbender:remove-background: [epoch 140] average test loss: 5526.0230
cellbender:remove-background: Saving a checkpoint...
cellbender:remove-background: Saved checkpoint as /weka/scratch/scratch/Mon/mabdel03/Tsai_Data/Cellbender_Outputs/50300822/ckpt.tar.gz
cellbender:remove-background: [epoch 141]  average training loss: 5569.0094
cellbender:remove-background: [epoch 142]  average training loss: 5566.8909
cellbender:remove-background: [epoch 143]  average training loss: 5576.2778
cellbender:remove-background: [epoch 144]  average training loss: 5582.7715
cellbender:remove-background: [epoch 145]  average training loss: 5573.4801
cellbender:remove-background: [epoch 145] average test loss: 5521.1593
cellbender:remove-background: [epoch 146]  average training loss: 5582.4930
cellbender:remove-background: [epoch 147]  average training loss: 5572.1995
cellbender:remove-background: [epoch 148]  average training loss: 5568.5222
cellbender:remove-background: [epoch 149]  average training loss: 5601.5449
cellbender:remove-background: [epoch 150]  average training loss: 5572.9892
cellbender:remove-background: [epoch 150] average test loss: 5573.4641
cellbender:remove-background: Saving a checkpoint...
cellbender:remove-background: Saved checkpoint as /weka/scratch/scratch/Mon/mabdel03/Tsai_Data/Cellbender_Outputs/50300822/ckpt.tar.gz
cellbender:remove-background: 2026-02-01 23:15:22
cellbender:remove-background: Inference procedure complete.
cellbender:remove-background: Attempting to unpack tarball "ckpt.tar.gz" to /tmp/tmpjm15luxu
cellbender:remove-background: Successfully unpacked tarball to /tmp/tmpjm15luxu
/tmp/tmpjm15luxu/6a78069f7b_random.pyro
/tmp/tmpjm15luxu/6a78069f7b_random.cuda
/tmp/tmpjm15luxu/6a78069f7b_model.torch
/tmp/tmpjm15luxu/6a78069f7b_optim.torch
/tmp/tmpjm15luxu/6a78069f7b_optim.pyro
/tmp/tmpjm15luxu/6a78069f7b_params.pyro
/tmp/tmpjm15luxu/6a78069f7b_train.loaderstate
/tmp/tmpjm15luxu/6a78069f7b_test.loaderstate
/tmp/tmpjm15luxu/6a78069f7b_args.npy
cellbender:remove-background: Posterior not currently included in checkpoint.
cellbender:remove-background: Computing posterior noise count probabilities in mini-batches.
cellbender:remove-background: Working on chunk (1/59)
cellbender:remove-background:     [0.04 mins per chunk]
cellbender:remove-background: Working on chunk (2/59)
cellbender:remove-background: Working on chunk (3/59)
cellbender:remove-background: Working on chunk (4/59)
cellbender:remove-background: Working on chunk (5/59)
cellbender:remove-background: Working on chunk (6/59)
cellbender:remove-background: Working on chunk (7/59)
cellbender:remove-background: Working on chunk (8/59)
cellbender:remove-background: Working on chunk (9/59)
cellbender:remove-background: Working on chunk (10/59)
cellbender:remove-background: Working on chunk (11/59)
cellbender:remove-background: Working on chunk (12/59)
cellbender:remove-background: Working on chunk (13/59)
cellbender:remove-background: Working on chunk (14/59)
cellbender:remove-background: Working on chunk (15/59)
cellbender:remove-background: Working on chunk (16/59)
cellbender:remove-background: Working on chunk (17/59)
cellbender:remove-background: Working on chunk (18/59)
cellbender:remove-background: Working on chunk (19/59)
cellbender:remove-background: Working on chunk (20/59)
cellbender:remove-background: Working on chunk (21/59)
cellbender:remove-background: Working on chunk (22/59)
cellbender:remove-background: Working on chunk (23/59)
cellbender:remove-background: Working on chunk (24/59)
cellbender:remove-background: Working on chunk (25/59)
cellbender:remove-background: Working on chunk (26/59)
cellbender:remove-background: Working on chunk (27/59)
cellbender:remove-background: Working on chunk (28/59)
cellbender:remove-background: Working on chunk (29/59)
cellbender:remove-background: Working on chunk (30/59)
cellbender:remove-background: Working on chunk (31/59)
cellbender:remove-background: Working on chunk (32/59)
cellbender:remove-background: Working on chunk (33/59)
cellbender:remove-background: Working on chunk (34/59)
cellbender:remove-background: Working on chunk (35/59)
cellbender:remove-background: Working on chunk (36/59)
cellbender:remove-background: Working on chunk (37/59)
cellbender:remove-background: Working on chunk (38/59)
cellbender:remove-background: Working on chunk (39/59)
cellbender:remove-background: Working on chunk (40/59)
cellbender:remove-background: Working on chunk (41/59)
cellbender:remove-background: Working on chunk (42/59)
cellbender:remove-background: Working on chunk (43/59)
cellbender:remove-background: Working on chunk (44/59)
cellbender:remove-background: Working on chunk (45/59)
cellbender:remove-background: Working on chunk (46/59)
cellbender:remove-background: Working on chunk (47/59)
cellbender:remove-background: Working on chunk (48/59)
cellbender:remove-background: Working on chunk (49/59)
cellbender:remove-background: Working on chunk (50/59)
cellbender:remove-background: Working on chunk (51/59)
cellbender:remove-background: Working on chunk (52/59)
cellbender:remove-background: Working on chunk (53/59)
cellbender:remove-background: Working on chunk (54/59)
cellbender:remove-background: Working on chunk (55/59)
cellbender:remove-background: Working on chunk (56/59)
cellbender:remove-background: Working on chunk (57/59)
cellbender:remove-background: Working on chunk (58/59)
cellbender:remove-background: Working on chunk (59/59)
cellbender:remove-background: Writing full posterior to /om/scratch/Mon/mabdel03/Tsai_Data/Cellbender_Outputs/50300822/processed_feature_bc_matrix_posterior.h5
cellbender:remove-background: Succeeded in writing posterior to file /om/scratch/Mon/mabdel03/Tsai_Data/Cellbender_Outputs/50300822/processed_feature_bc_matrix_posterior.h5
cellbender:remove-background: Added posterior object to checkpoint file.
cellbender:remove-background: 2026-02-01 23:21:08

cellbender:remove-background: Saved summary plots as /om/scratch/Mon/mabdel03/Tsai_Data/Cellbender_Outputs/50300822/processed_feature_bc_matrix.pdf
cellbender:remove-background: Saved cell barcodes in /om/scratch/Mon/mabdel03/Tsai_Data/Cellbender_Outputs/50300822/processed_feature_bc_matrix_cell_barcodes.csv
cellbender:remove-background: Computing target noise counts per gene for MCKP estimator
cellbender:remove-background: Using MCKP noise targets computed for FPR 0.0
cellbender:remove-background: Computing denoised counts using mckp estimator
cellbender:remove-background: Working on chunk (1/7)
cellbender:remove-background:     [2.80 mins per chunk]
cellbender:remove-background: Working on chunk (2/7)
cellbender:remove-background: Working on chunk (3/7)
cellbender:remove-background: Working on chunk (4/7)
cellbender:remove-background: Working on chunk (5/7)
cellbender:remove-background: Working on chunk (6/7)
cellbender:remove-background: Working on chunk (7/7)
cellbender:remove-background: 2026-02-01 23:41:38 Total MCKP estimation time = 1175.17 sec
cellbender:remove-background: Succeeded in writing CellRanger format output to file /om/scratch/Mon/mabdel03/Tsai_Data/Cellbender_Outputs/50300822/processed_feature_bc_matrix.h5
cellbender:remove-background: Succeeded in writing CellRanger format output to file /om/scratch/Mon/mabdel03/Tsai_Data/Cellbender_Outputs/50300822/processed_feature_bc_matrix_filtered.h5
cellbender:remove-background: Saved output metrics as /om/scratch/Mon/mabdel03/Tsai_Data/Cellbender_Outputs/50300822/processed_feature_bc_matrix_metrics.csv
[NbConvertApp] Converting notebook tmp.report.ipynb to notebook
[NbConvertApp] Writing 514937 bytes to tmp.report.nbconvert.ipynb
[NbConvertApp] Converting notebook tmp.report.nbconvert.ipynb to html
[NbConvertApp] Writing 1089624 bytes to tmp.report.nbconvert.html
cellbender:remove-background: Succeeded in writing report to /om/scratch/Mon/mabdel03/Tsai_Data/Cellbender_Outputs/50300822/processed_feature_bc_matrix_report.html
cellbender:remove-background: Completed remove-background.
cellbender:remove-background: 2026-02-01 23:42:41

