cellbender:remove-background: Command:
cellbender remove-background --cuda --input /tmp/cellbender_44650866_139/raw_feature_bc_matrix.h5 --fpr 0 --output /om/scratch/Mon/mabdel03/Tsai_Data/Cellbender_Outputs/20380417/processed_feature_bc_matrix.h5
cellbender:remove-background: CellBender 0.3.0
cellbender:remove-background: (Workflow hash 22e1504f7f)
cellbender:remove-background: 2026-01-31 21:41:45
cellbender:remove-background: Running remove-background
cellbender:remove-background: Loading data from /tmp/cellbender_44650866_139/raw_feature_bc_matrix.h5
cellbender:remove-background: CellRanger v3 format
cellbender:remove-background: Features in dataset: 36601 Gene Expression
cellbender:remove-background: Trimming features for inference.
cellbender:remove-background: 29259 features have nonzero counts.
cellbender:remove-background: Prior on counts for cells is 2335
cellbender:remove-background: Prior on counts for empty droplets is 59
cellbender:remove-background: Excluding 7672 features that are estimated to have <= 0.1 background counts in cells.
cellbender:remove-background: Including 21587 features in the analysis.
cellbender:remove-background: Trimming barcodes for inference.
cellbender:remove-background: Excluding barcodes with counts below 29
cellbender:remove-background: Using 2763 probable cell barcodes, plus an additional 13520 barcodes, and 71162 empty droplets.
cellbender:remove-background: Largest surely-empty droplet has 72 UMI counts.
cellbender:remove-background: Attempting to unpack tarball "ckpt.tar.gz" to /tmp/tmpttipiz21
cellbender:remove-background: No saved checkpoint.
cellbender:remove-background: No checkpoint loaded.
cellbender:remove-background: Running inference...
cellbender:remove-background: [epoch 001]  average training loss: 3373.6703
cellbender:remove-background: [epoch 002]  average training loss: 2980.1900  (5.5 seconds per epoch)
cellbender:remove-background: Will checkpoint every 76 epochs
cellbender:remove-background: [epoch 003]  average training loss: 2656.9505
cellbender:remove-background: [epoch 004]  average training loss: 2470.0006
cellbender:remove-background: [epoch 005]  average training loss: 2301.4371
cellbender:remove-background: [epoch 005] average test loss: 2271.1878
cellbender:remove-background: [epoch 006]  average training loss: 2236.8456
cellbender:remove-background: [epoch 007]  average training loss: 2199.9795
cellbender:remove-background: [epoch 008]  average training loss: 2175.8718
cellbender:remove-background: [epoch 009]  average training loss: 2180.5652
cellbender:remove-background: [epoch 010]  average training loss: 2160.6135
cellbender:remove-background: [epoch 010] average test loss: 2173.2639
cellbender:remove-background: [epoch 011]  average training loss: 2151.7915
cellbender:remove-background: [epoch 012]  average training loss: 2150.0115
cellbender:remove-background: [epoch 013]  average training loss: 2145.0857
cellbender:remove-background: [epoch 014]  average training loss: 2121.1461
cellbender:remove-background: [epoch 015]  average training loss: 2072.4774
cellbender:remove-background: [epoch 015] average test loss: 2045.3087
cellbender:remove-background: [epoch 016]  average training loss: 2049.4891
cellbender:remove-background: [epoch 017]  average training loss: 2045.5613
cellbender:remove-background: [epoch 018]  average training loss: 2035.6241
cellbender:remove-background: [epoch 019]  average training loss: 2034.7905
cellbender:remove-background: [epoch 020]  average training loss: 2028.2599
cellbender:remove-background: [epoch 020] average test loss: 2050.0086
cellbender:remove-background: [epoch 021]  average training loss: 2028.1318
cellbender:remove-background: [epoch 022]  average training loss: 2027.6263
cellbender:remove-background: [epoch 023]  average training loss: 2022.0991
cellbender:remove-background: [epoch 024]  average training loss: 2018.4199
cellbender:remove-background: [epoch 025]  average training loss: 2015.0566
cellbender:remove-background: [epoch 025] average test loss: 2026.5903
cellbender:remove-background: [epoch 026]  average training loss: 2014.5274
cellbender:remove-background: [epoch 027]  average training loss: 2011.2737
cellbender:remove-background: [epoch 028]  average training loss: 2011.7269
cellbender:remove-background: [epoch 029]  average training loss: 2008.3554
cellbender:remove-background: [epoch 030]  average training loss: 2003.6579
cellbender:remove-background: [epoch 030] average test loss: 2011.1270
cellbender:remove-background: [epoch 031]  average training loss: 2000.7257
cellbender:remove-background: [epoch 032]  average training loss: 1993.8750
cellbender:remove-background: [epoch 033]  average training loss: 1986.9861
cellbender:remove-background: [epoch 034]  average training loss: 1981.9619
cellbender:remove-background: [epoch 035]  average training loss: 1978.9481
cellbender:remove-background: [epoch 035] average test loss: 1990.6250
cellbender:remove-background: [epoch 036]  average training loss: 1976.5870
cellbender:remove-background: [epoch 037]  average training loss: 1971.8267
cellbender:remove-background: [epoch 038]  average training loss: 1968.0230
cellbender:remove-background: [epoch 039]  average training loss: 1967.6552
cellbender:remove-background: [epoch 040]  average training loss: 1964.4113
cellbender:remove-background: [epoch 040] average test loss: 1969.4957
cellbender:remove-background: [epoch 041]  average training loss: 1963.7844
cellbender:remove-background: [epoch 042]  average training loss: 1964.2687
cellbender:remove-background: [epoch 043]  average training loss: 1961.0409
cellbender:remove-background: [epoch 044]  average training loss: 1961.9469
cellbender:remove-background: [epoch 045]  average training loss: 1962.0428
cellbender:remove-background: [epoch 045] average test loss: 1972.3027
cellbender:remove-background: [epoch 046]  average training loss: 1959.3454
cellbender:remove-background: [epoch 047]  average training loss: 1959.3434
cellbender:remove-background: [epoch 048]  average training loss: 1961.2236
cellbender:remove-background: [epoch 049]  average training loss: 1957.8627
cellbender:remove-background: [epoch 050]  average training loss: 1959.7187
cellbender:remove-background: [epoch 050] average test loss: 1963.0772
cellbender:remove-background: [epoch 051]  average training loss: 1957.9387
cellbender:remove-background: [epoch 052]  average training loss: 1964.6048
cellbender:remove-background: [epoch 053]  average training loss: 1955.5978
cellbender:remove-background: [epoch 054]  average training loss: 1959.2038
cellbender:remove-background: [epoch 055]  average training loss: 1952.9889
cellbender:remove-background: [epoch 055] average test loss: 1959.8902
cellbender:remove-background: [epoch 056]  average training loss: 1951.3018
cellbender:remove-background: [epoch 057]  average training loss: 1954.4623
cellbender:remove-background: [epoch 058]  average training loss: 1952.3248
cellbender:remove-background: [epoch 059]  average training loss: 1949.1436
cellbender:remove-background: [epoch 060]  average training loss: 1948.0819
cellbender:remove-background: [epoch 060] average test loss: 1966.8644
cellbender:remove-background: [epoch 061]  average training loss: 1955.0080
cellbender:remove-background: [epoch 062]  average training loss: 1955.6375
cellbender:remove-background: [epoch 063]  average training loss: 1955.4473
cellbender:remove-background: [epoch 064]  average training loss: 1950.5482
cellbender:remove-background: [epoch 065]  average training loss: 1955.1461
cellbender:remove-background: [epoch 065] average test loss: 1979.6864
cellbender:remove-background: [epoch 066]  average training loss: 1950.3814
cellbender:remove-background: [epoch 067]  average training loss: 1948.0920
cellbender:remove-background: [epoch 068]  average training loss: 1952.6276
cellbender:remove-background: [epoch 069]  average training loss: 1952.9641
cellbender:remove-background: [epoch 070]  average training loss: 1950.6766
cellbender:remove-background: [epoch 070] average test loss: 1993.7215
cellbender:remove-background: [epoch 071]  average training loss: 1955.0263
cellbender:remove-background: [epoch 072]  average training loss: 1948.3240
cellbender:remove-background: [epoch 073]  average training loss: 1957.0247
cellbender:remove-background: [epoch 074]  average training loss: 1950.9978
cellbender:remove-background: [epoch 075]  average training loss: 1953.9464
cellbender:remove-background: [epoch 075] average test loss: 1972.6553
cellbender:remove-background: [epoch 076]  average training loss: 1956.0623
cellbender:remove-background: Saving a checkpoint...
cellbender:remove-background: Saved checkpoint as /weka/scratch/scratch/Mon/mabdel03/Tsai_Data/Cellbender_Outputs/20380417/ckpt.tar.gz
cellbender:remove-background: [epoch 077]  average training loss: 1954.0321
cellbender:remove-background: [epoch 078]  average training loss: 1953.2387
cellbender:remove-background: [epoch 079]  average training loss: 1960.9347
cellbender:remove-background: [epoch 080]  average training loss: 1962.0326
cellbender:remove-background: [epoch 080] average test loss: 1992.7992
cellbender:remove-background: [epoch 081]  average training loss: 1953.4840
cellbender:remove-background: [epoch 082]  average training loss: 1951.5621
cellbender:remove-background: [epoch 083]  average training loss: 1950.0033
cellbender:remove-background: [epoch 084]  average training loss: 1950.2721
cellbender:remove-background: [epoch 085]  average training loss: 1950.2247
cellbender:remove-background: [epoch 085] average test loss: 1980.1983
cellbender:remove-background: [epoch 086]  average training loss: 1948.3676
cellbender:remove-background: [epoch 087]  average training loss: 1950.1116
cellbender:remove-background: [epoch 088]  average training loss: 1950.2496
cellbender:remove-background: [epoch 089]  average training loss: 1950.0528
cellbender:remove-background: [epoch 090]  average training loss: 1948.3763
cellbender:remove-background: [epoch 090] average test loss: 1986.6258
cellbender:remove-background: [epoch 091]  average training loss: 1949.4657
cellbender:remove-background: [epoch 092]  average training loss: 1950.6625
cellbender:remove-background: [epoch 093]  average training loss: 1947.9869
cellbender:remove-background: [epoch 094]  average training loss: 1947.3734
cellbender:remove-background: [epoch 095]  average training loss: 1947.0713
cellbender:remove-background: [epoch 095] average test loss: 2008.7034
cellbender:remove-background: [epoch 096]  average training loss: 1949.6337
cellbender:remove-background: [epoch 097]  average training loss: 1949.1790
cellbender:remove-background: [epoch 098]  average training loss: 1945.9237
cellbender:remove-background: [epoch 099]  average training loss: 1946.5852
cellbender:remove-background: [epoch 100]  average training loss: 1948.1308
cellbender:remove-background: [epoch 100] average test loss: 1982.9434
cellbender:remove-background: [epoch 101]  average training loss: 1948.4120
cellbender:remove-background: [epoch 102]  average training loss: 1947.6352
cellbender:remove-background: [epoch 103]  average training loss: 1944.8003
cellbender:remove-background: [epoch 104]  average training loss: 1946.0996
cellbender:remove-background: [epoch 105]  average training loss: 1949.7103
cellbender:remove-background: [epoch 105] average test loss: 2003.3816
cellbender:remove-background: [epoch 106]  average training loss: 1949.4689
cellbender:remove-background: [epoch 107]  average training loss: 1945.5643
cellbender:remove-background: [epoch 108]  average training loss: 1953.0136
cellbender:remove-background: [epoch 109]  average training loss: 1947.8371
cellbender:remove-background: [epoch 110]  average training loss: 1948.0500
cellbender:remove-background: [epoch 110] average test loss: 1992.1666
cellbender:remove-background: [epoch 111]  average training loss: 1948.1875
cellbender:remove-background: [epoch 112]  average training loss: 1949.5743
cellbender:remove-background: [epoch 113]  average training loss: 1946.9012
cellbender:remove-background: [epoch 114]  average training loss: 1943.0313
cellbender:remove-background: [epoch 115]  average training loss: 1948.5473
cellbender:remove-background: [epoch 115] average test loss: 2001.9913
cellbender:remove-background: [epoch 116]  average training loss: 1949.2774
cellbender:remove-background: [epoch 117]  average training loss: 1952.3105
cellbender:remove-background: [epoch 118]  average training loss: 1943.7975
cellbender:remove-background: [epoch 119]  average training loss: 1943.3559
cellbender:remove-background: [epoch 120]  average training loss: 1945.5418
cellbender:remove-background: [epoch 120] average test loss: 1987.6076
cellbender:remove-background: [epoch 121]  average training loss: 1944.3142
cellbender:remove-background: [epoch 122]  average training loss: 1948.2400
cellbender:remove-background: [epoch 123]  average training loss: 1948.5674
cellbender:remove-background: [epoch 124]  average training loss: 1950.4724
cellbender:remove-background: [epoch 125]  average training loss: 1946.6636
cellbender:remove-background: [epoch 125] average test loss: 2003.5386
cellbender:remove-background: [epoch 126]  average training loss: 1945.1983
cellbender:remove-background: [epoch 127]  average training loss: 1943.2676
cellbender:remove-background: [epoch 128]  average training loss: 1945.2095
cellbender:remove-background: [epoch 129]  average training loss: 1946.8138
cellbender:remove-background: [epoch 130]  average training loss: 1948.8606
cellbender:remove-background: [epoch 130] average test loss: 1990.0551
cellbender:remove-background: [epoch 131]  average training loss: 1943.9924
cellbender:remove-background: [epoch 132]  average training loss: 1944.5670
cellbender:remove-background: [epoch 133]  average training loss: 1947.7674
cellbender:remove-background: [epoch 134]  average training loss: 1942.8041
cellbender:remove-background: [epoch 135]  average training loss: 1950.0889
cellbender:remove-background: [epoch 135] average test loss: 1994.5514
cellbender:remove-background: [epoch 136]  average training loss: 1941.5572
cellbender:remove-background: [epoch 137]  average training loss: 1945.6222
cellbender:remove-background: [epoch 138]  average training loss: 1945.4859
cellbender:remove-background: [epoch 139]  average training loss: 1944.1786
cellbender:remove-background: [epoch 140]  average training loss: 1945.2741
cellbender:remove-background: [epoch 140] average test loss: 1991.9578
cellbender:remove-background: [epoch 141]  average training loss: 1945.5750
cellbender:remove-background: [epoch 142]  average training loss: 1944.5320
cellbender:remove-background: [epoch 143]  average training loss: 1943.2500
cellbender:remove-background: [epoch 144]  average training loss: 1944.2321
cellbender:remove-background: [epoch 145]  average training loss: 1942.5116
cellbender:remove-background: [epoch 145] average test loss: 1993.2604
cellbender:remove-background: [epoch 146]  average training loss: 1943.4156
cellbender:remove-background: [epoch 147]  average training loss: 1949.7891
cellbender:remove-background: [epoch 148]  average training loss: 1944.4424
cellbender:remove-background: [epoch 149]  average training loss: 1948.3813
cellbender:remove-background: [epoch 150]  average training loss: 1947.6914
cellbender:remove-background: [epoch 150] average test loss: 2011.8638
cellbender:remove-background: Saving a checkpoint...
cellbender:remove-background: Saved checkpoint as /weka/scratch/scratch/Mon/mabdel03/Tsai_Data/Cellbender_Outputs/20380417/ckpt.tar.gz
cellbender:remove-background: 2026-01-31 21:58:20
cellbender:remove-background: Inference procedure complete.
cellbender:remove-background: Attempting to unpack tarball "ckpt.tar.gz" to /tmp/tmphfkgqgym
cellbender:remove-background: Successfully unpacked tarball to /tmp/tmphfkgqgym
/tmp/tmphfkgqgym/22e1504f7f_random.pyro
/tmp/tmphfkgqgym/22e1504f7f_random.cuda
/tmp/tmphfkgqgym/22e1504f7f_model.torch
/tmp/tmphfkgqgym/22e1504f7f_optim.torch
/tmp/tmphfkgqgym/22e1504f7f_optim.pyro
/tmp/tmphfkgqgym/22e1504f7f_params.pyro
/tmp/tmphfkgqgym/22e1504f7f_train.loaderstate
/tmp/tmphfkgqgym/22e1504f7f_test.loaderstate
/tmp/tmphfkgqgym/22e1504f7f_args.npy
cellbender:remove-background: Posterior not currently included in checkpoint.
cellbender:remove-background: Computing posterior noise count probabilities in mini-batches.
cellbender:remove-background: Working on chunk (1/52)
cellbender:remove-background:     [0.04 mins per chunk]
cellbender:remove-background: Working on chunk (2/52)
cellbender:remove-background: Working on chunk (3/52)
cellbender:remove-background: Working on chunk (4/52)
cellbender:remove-background: Working on chunk (5/52)
cellbender:remove-background: Working on chunk (6/52)
cellbender:remove-background: Working on chunk (7/52)
cellbender:remove-background: Working on chunk (8/52)
cellbender:remove-background: Working on chunk (9/52)
cellbender:remove-background: Working on chunk (10/52)
cellbender:remove-background: Working on chunk (11/52)
cellbender:remove-background: Working on chunk (12/52)
cellbender:remove-background: Working on chunk (13/52)
cellbender:remove-background: Working on chunk (14/52)
cellbender:remove-background: Working on chunk (15/52)
cellbender:remove-background: Working on chunk (16/52)
cellbender:remove-background: Working on chunk (17/52)
cellbender:remove-background: Working on chunk (18/52)
cellbender:remove-background: Working on chunk (19/52)
cellbender:remove-background: Working on chunk (20/52)
cellbender:remove-background: Working on chunk (21/52)
cellbender:remove-background: Working on chunk (22/52)
cellbender:remove-background: Working on chunk (23/52)
cellbender:remove-background: Working on chunk (24/52)
cellbender:remove-background: Working on chunk (25/52)
cellbender:remove-background: Working on chunk (26/52)
cellbender:remove-background: Working on chunk (27/52)
cellbender:remove-background: Working on chunk (28/52)
cellbender:remove-background: Working on chunk (29/52)
cellbender:remove-background: Working on chunk (30/52)
cellbender:remove-background: Working on chunk (31/52)
cellbender:remove-background: Working on chunk (32/52)
cellbender:remove-background: Working on chunk (33/52)
cellbender:remove-background: Working on chunk (34/52)
cellbender:remove-background: Working on chunk (35/52)
cellbender:remove-background: Working on chunk (36/52)
cellbender:remove-background: Working on chunk (37/52)
cellbender:remove-background: Working on chunk (38/52)
cellbender:remove-background: Working on chunk (39/52)
cellbender:remove-background: Working on chunk (40/52)
cellbender:remove-background: Working on chunk (41/52)
cellbender:remove-background: Working on chunk (42/52)
cellbender:remove-background: Working on chunk (43/52)
cellbender:remove-background: Working on chunk (44/52)
cellbender:remove-background: Working on chunk (45/52)
cellbender:remove-background: Working on chunk (46/52)
cellbender:remove-background: Working on chunk (47/52)
cellbender:remove-background: Working on chunk (48/52)
cellbender:remove-background: Working on chunk (49/52)
cellbender:remove-background: Working on chunk (50/52)
cellbender:remove-background: Working on chunk (51/52)
cellbender:remove-background: Working on chunk (52/52)
cellbender:remove-background: Writing full posterior to /om/scratch/Mon/mabdel03/Tsai_Data/Cellbender_Outputs/20380417/processed_feature_bc_matrix_posterior.h5
cellbender:remove-background: Succeeded in writing posterior to file /om/scratch/Mon/mabdel03/Tsai_Data/Cellbender_Outputs/20380417/processed_feature_bc_matrix_posterior.h5
cellbender:remove-background: Added posterior object to checkpoint file.
cellbender:remove-background: 2026-01-31 22:02:12

cellbender:remove-background: Saved summary plots as /om/scratch/Mon/mabdel03/Tsai_Data/Cellbender_Outputs/20380417/processed_feature_bc_matrix.pdf
cellbender:remove-background: Saved cell barcodes in /om/scratch/Mon/mabdel03/Tsai_Data/Cellbender_Outputs/20380417/processed_feature_bc_matrix_cell_barcodes.csv
cellbender:remove-background: Computing target noise counts per gene for MCKP estimator
cellbender:remove-background: Using MCKP noise targets computed for FPR 0.0
cellbender:remove-background: Computing denoised counts using mckp estimator
cellbender:remove-background: Working on chunk (1/7)
cellbender:remove-background:     [0.87 mins per chunk]
cellbender:remove-background: Working on chunk (2/7)
cellbender:remove-background: Working on chunk (3/7)
cellbender:remove-background: Working on chunk (4/7)
cellbender:remove-background: Working on chunk (5/7)
cellbender:remove-background: Working on chunk (6/7)
cellbender:remove-background: Working on chunk (7/7)
cellbender:remove-background: 2026-01-31 22:08:38 Total MCKP estimation time = 367.23 sec
cellbender:remove-background: Succeeded in writing CellRanger format output to file /om/scratch/Mon/mabdel03/Tsai_Data/Cellbender_Outputs/20380417/processed_feature_bc_matrix.h5
cellbender:remove-background: Succeeded in writing CellRanger format output to file /om/scratch/Mon/mabdel03/Tsai_Data/Cellbender_Outputs/20380417/processed_feature_bc_matrix_filtered.h5
cellbender:remove-background: Saved output metrics as /om/scratch/Mon/mabdel03/Tsai_Data/Cellbender_Outputs/20380417/processed_feature_bc_matrix_metrics.csv
[NbConvertApp] Converting notebook tmp.report.ipynb to notebook
[NbConvertApp] Writing 517441 bytes to tmp.report.nbconvert.ipynb
[NbConvertApp] Converting notebook tmp.report.nbconvert.ipynb to html
[NbConvertApp] Writing 1092164 bytes to tmp.report.nbconvert.html
cellbender:remove-background: Succeeded in writing report to /om/scratch/Mon/mabdel03/Tsai_Data/Cellbender_Outputs/20380417/processed_feature_bc_matrix_report.html
cellbender:remove-background: Completed remove-background.
cellbender:remove-background: 2026-01-31 22:09:07

