cellbender:remove-background: Command:
cellbender remove-background --cuda --input /tmp/cellbender_44647619_5/raw_feature_bc_matrix.h5 --fpr 0 --output /om/scratch/Mon/mabdel03/Tsai_Data/Cellbender_Outputs/10202345/processed_feature_bc_matrix.h5
cellbender:remove-background: CellBender 0.3.0
cellbender:remove-background: (Workflow hash dacd1d7ef3)
cellbender:remove-background: 2026-01-31 15:18:56
cellbender:remove-background: Running remove-background
cellbender:remove-background: Loading data from /tmp/cellbender_44647619_5/raw_feature_bc_matrix.h5
cellbender:remove-background: CellRanger v3 format
cellbender:remove-background: Features in dataset: 36601 Gene Expression
cellbender:remove-background: Trimming features for inference.
cellbender:remove-background: 31267 features have nonzero counts.
cellbender:remove-background: Prior on counts for cells is 7591
cellbender:remove-background: Prior on counts for empty droplets is 89
cellbender:remove-background: Excluding 10110 features that are estimated to have <= 0.1 background counts in cells.
cellbender:remove-background: Including 21157 features in the analysis.
cellbender:remove-background: Trimming barcodes for inference.
cellbender:remove-background: Excluding barcodes with counts below 44
cellbender:remove-background: Using 3126 probable cell barcodes, plus an additional 13964 barcodes, and 62123 empty droplets.
cellbender:remove-background: Largest surely-empty droplet has 114 UMI counts.
cellbender:remove-background: Attempting to unpack tarball "ckpt.tar.gz" to /tmp/tmpzslo0648
cellbender:remove-background: No saved checkpoint.
cellbender:remove-background: No checkpoint loaded.
cellbender:remove-background: Running inference...
cellbender:remove-background: [epoch 001]  average training loss: 7490.6552
cellbender:remove-background: [epoch 002]  average training loss: 6145.8476  (5.9 seconds per epoch)
cellbender:remove-background: Will checkpoint every 72 epochs
cellbender:remove-background: [epoch 003]  average training loss: 5302.3306
cellbender:remove-background: [epoch 004]  average training loss: 4875.5984
cellbender:remove-background: [epoch 005]  average training loss: 4551.9014
cellbender:remove-background: [epoch 005] average test loss: 4558.1806
cellbender:remove-background: [epoch 006]  average training loss: 4524.2949
cellbender:remove-background: [epoch 007]  average training loss: 4453.5280
cellbender:remove-background: [epoch 008]  average training loss: 4417.7857
cellbender:remove-background: [epoch 009]  average training loss: 4389.6712
cellbender:remove-background: [epoch 010]  average training loss: 4373.9337
cellbender:remove-background: [epoch 010] average test loss: 4284.9491
cellbender:remove-background: [epoch 011]  average training loss: 4339.1430
cellbender:remove-background: [epoch 012]  average training loss: 4265.9142
cellbender:remove-background: [epoch 013]  average training loss: 4152.9740
cellbender:remove-background: [epoch 014]  average training loss: 4126.5813
cellbender:remove-background: [epoch 015]  average training loss: 4103.2442
cellbender:remove-background: [epoch 015] average test loss: 4124.0003
cellbender:remove-background: [epoch 016]  average training loss: 4116.2822
cellbender:remove-background: [epoch 017]  average training loss: 4079.1873
cellbender:remove-background: [epoch 018]  average training loss: 4082.9861
cellbender:remove-background: [epoch 019]  average training loss: 4063.5091
cellbender:remove-background: [epoch 020]  average training loss: 4071.2595
cellbender:remove-background: [epoch 020] average test loss: 4036.0772
cellbender:remove-background: [epoch 021]  average training loss: 4048.6852
cellbender:remove-background: [epoch 022]  average training loss: 4019.3541
cellbender:remove-background: [epoch 023]  average training loss: 3958.8000
cellbender:remove-background: [epoch 024]  average training loss: 3930.7678
cellbender:remove-background: [epoch 025]  average training loss: 3913.6100
cellbender:remove-background: [epoch 025] average test loss: 3904.2431
cellbender:remove-background: [epoch 026]  average training loss: 3907.4735
cellbender:remove-background: [epoch 027]  average training loss: 3896.7299
cellbender:remove-background: [epoch 028]  average training loss: 3885.8726
cellbender:remove-background: [epoch 029]  average training loss: 3882.1766
cellbender:remove-background: [epoch 030]  average training loss: 3870.4425
cellbender:remove-background: [epoch 030] average test loss: 3828.8339
cellbender:remove-background: [epoch 031]  average training loss: 3860.4412
cellbender:remove-background: [epoch 032]  average training loss: 3852.0758
cellbender:remove-background: [epoch 033]  average training loss: 3847.5252
cellbender:remove-background: [epoch 034]  average training loss: 3839.3830
cellbender:remove-background: [epoch 035]  average training loss: 3837.5512
cellbender:remove-background: [epoch 035] average test loss: 3792.6355
cellbender:remove-background: [epoch 036]  average training loss: 3830.7051
cellbender:remove-background: [epoch 037]  average training loss: 3828.0523
cellbender:remove-background: [epoch 038]  average training loss: 3825.2231
cellbender:remove-background: [epoch 039]  average training loss: 3823.8715
cellbender:remove-background: [epoch 040]  average training loss: 3821.3340
cellbender:remove-background: [epoch 040] average test loss: 3797.3490
cellbender:remove-background: [epoch 041]  average training loss: 3820.2281
cellbender:remove-background: [epoch 042]  average training loss: 3822.7892
cellbender:remove-background: [epoch 043]  average training loss: 3822.9834
cellbender:remove-background: [epoch 044]  average training loss: 3817.8619
cellbender:remove-background: [epoch 045]  average training loss: 3816.0484
cellbender:remove-background: [epoch 045] average test loss: 3779.4245
cellbender:remove-background: [epoch 046]  average training loss: 3816.1306
cellbender:remove-background: [epoch 047]  average training loss: 3814.3392
cellbender:remove-background: [epoch 048]  average training loss: 3819.9044
cellbender:remove-background: [epoch 049]  average training loss: 3815.9060
cellbender:remove-background: [epoch 050]  average training loss: 3822.2775
cellbender:remove-background: [epoch 050] average test loss: 3787.7538
cellbender:remove-background: [epoch 051]  average training loss: 3816.9145
cellbender:remove-background: [epoch 052]  average training loss: 3822.8003
cellbender:remove-background: [epoch 053]  average training loss: 3824.2826
cellbender:remove-background: [epoch 054]  average training loss: 3822.7626
cellbender:remove-background: [epoch 055]  average training loss: 3820.5709
cellbender:remove-background: [epoch 055] average test loss: 3763.8600
cellbender:remove-background: [epoch 056]  average training loss: 3822.1579
cellbender:remove-background: [epoch 057]  average training loss: 3832.6706
cellbender:remove-background: [epoch 058]  average training loss: 3831.4862
cellbender:remove-background: [epoch 059]  average training loss: 3824.3285
cellbender:remove-background: [epoch 060]  average training loss: 3839.4188
cellbender:remove-background: [epoch 060] average test loss: 3850.3100
cellbender:remove-background: [epoch 061]  average training loss: 3848.4804
cellbender:remove-background: [epoch 062]  average training loss: 3831.5915
cellbender:remove-background: [epoch 063]  average training loss: 3832.7745
cellbender:remove-background: [epoch 064]  average training loss: 3831.3433
cellbender:remove-background: [epoch 065]  average training loss: 3846.7738
cellbender:remove-background: [epoch 065] average test loss: 3858.9848
cellbender:remove-background: [epoch 066]  average training loss: 3868.8666
cellbender:remove-background: [epoch 067]  average training loss: 3858.4909
cellbender:remove-background: [epoch 068]  average training loss: 3843.4952
cellbender:remove-background: [epoch 069]  average training loss: 3827.9754
cellbender:remove-background: [epoch 070]  average training loss: 3842.0275
cellbender:remove-background: [epoch 070] average test loss: 3793.8362
cellbender:remove-background: [epoch 071]  average training loss: 3847.3250
cellbender:remove-background: [epoch 072]  average training loss: 3857.2045
cellbender:remove-background: Saving a checkpoint...
cellbender:remove-background: Saved checkpoint as /weka/scratch/scratch/Mon/mabdel03/Tsai_Data/Cellbender_Outputs/10202345/ckpt.tar.gz
cellbender:remove-background: [epoch 073]  average training loss: 3833.4024
cellbender:remove-background: [epoch 074]  average training loss: 3835.3721
cellbender:remove-background: [epoch 075]  average training loss: 3839.7059
cellbender:remove-background: [epoch 075] average test loss: 3973.0321
cellbender:remove-background: [epoch 076]  average training loss: 3835.1449
cellbender:remove-background: [epoch 077]  average training loss: 3867.1747
cellbender:remove-background: [epoch 078]  average training loss: 3867.6817
cellbender:remove-background: [epoch 079]  average training loss: 3858.3937
cellbender:remove-background: [epoch 080]  average training loss: 3860.6254
cellbender:remove-background: [epoch 080] average test loss: 3893.2972
cellbender:remove-background: [epoch 081]  average training loss: 3852.6264
cellbender:remove-background: [epoch 082]  average training loss: 3834.3374
cellbender:remove-background: [epoch 083]  average training loss: 3852.4148
cellbender:remove-background: [epoch 084]  average training loss: 3835.6114
cellbender:remove-background: [epoch 085]  average training loss: 3851.5968
cellbender:remove-background: [epoch 085] average test loss: 3867.5980
cellbender:remove-background: [epoch 086]  average training loss: 3826.1214
cellbender:remove-background: [epoch 087]  average training loss: 3864.0432
cellbender:remove-background: [epoch 088]  average training loss: 3826.4681
cellbender:remove-background: [epoch 089]  average training loss: 3842.9582
cellbender:remove-background: [epoch 090]  average training loss: 3835.2060
cellbender:remove-background: [epoch 090] average test loss: 3799.4364
cellbender:remove-background: [epoch 091]  average training loss: 3831.2615
cellbender:remove-background: [epoch 092]  average training loss: 3830.2149
cellbender:remove-background: [epoch 093]  average training loss: 3844.2942
cellbender:remove-background: [epoch 094]  average training loss: 3835.2357
cellbender:remove-background: [epoch 095]  average training loss: 3830.0196
cellbender:remove-background: [epoch 095] average test loss: 3784.8497
cellbender:remove-background: [epoch 096]  average training loss: 3819.9239
cellbender:remove-background: [epoch 097]  average training loss: 3825.9839
cellbender:remove-background: [epoch 098]  average training loss: 3836.1333
cellbender:remove-background: [epoch 099]  average training loss: 3825.7870
cellbender:remove-background: [epoch 100]  average training loss: 3835.9848
cellbender:remove-background: [epoch 100] average test loss: 3916.4449
cellbender:remove-background: [epoch 101]  average training loss: 3827.9497
cellbender:remove-background: [epoch 102]  average training loss: 3875.8572
cellbender:remove-background: [epoch 103]  average training loss: 3850.8711
cellbender:remove-background: [epoch 104]  average training loss: 3835.7440
cellbender:remove-background: [epoch 105]  average training loss: 3883.2362
cellbender:remove-background: [epoch 105] average test loss: 3849.4525
cellbender:remove-background: [epoch 106]  average training loss: 3858.5300
cellbender:remove-background: [epoch 107]  average training loss: 3867.7783
cellbender:remove-background: [epoch 108]  average training loss: 3840.4657
cellbender:remove-background: [epoch 109]  average training loss: 3859.3863
cellbender:remove-background: [epoch 110]  average training loss: 3848.8114
cellbender:remove-background: [epoch 110] average test loss: 3863.2494
cellbender:remove-background: [epoch 111]  average training loss: 3871.3866
cellbender:remove-background: [epoch 112]  average training loss: 3860.0313
cellbender:remove-background: [epoch 113]  average training loss: 3847.0932
cellbender:remove-background: [epoch 114]  average training loss: 3879.6289
cellbender:remove-background: [epoch 115]  average training loss: 3857.7107
cellbender:remove-background: [epoch 115] average test loss: 3949.2942
cellbender:remove-background: [epoch 116]  average training loss: 3842.6975
cellbender:remove-background: [epoch 117]  average training loss: 3860.6372
cellbender:remove-background: [epoch 118]  average training loss: 3868.7609
cellbender:remove-background: [epoch 119]  average training loss: 3866.7100
cellbender:remove-background: [epoch 120]  average training loss: 3845.3317
cellbender:remove-background: [epoch 120] average test loss: 3851.6242
cellbender:remove-background: [epoch 121]  average training loss: 3832.2039
cellbender:remove-background: [epoch 122]  average training loss: 3894.7694
cellbender:remove-background: [epoch 123]  average training loss: 3870.6402
cellbender:remove-background: [epoch 124]  average training loss: 3849.2233
cellbender:remove-background: [epoch 125]  average training loss: 3848.3102
cellbender:remove-background: [epoch 125] average test loss: 3842.6571
cellbender:remove-background: [epoch 126]  average training loss: 3839.4619
cellbender:remove-background: [epoch 127]  average training loss: 3835.6432
cellbender:remove-background: [epoch 128]  average training loss: 3837.6044
cellbender:remove-background: [epoch 129]  average training loss: 3873.7178
cellbender:remove-background: [epoch 130]  average training loss: 3842.4751
cellbender:remove-background: [epoch 130] average test loss: 3847.8013
cellbender:remove-background: [epoch 131]  average training loss: 3858.5608
cellbender:remove-background: [epoch 132]  average training loss: 3867.4785
cellbender:remove-background: [epoch 133]  average training loss: 3837.8262
cellbender:remove-background: [epoch 134]  average training loss: 3840.4749
cellbender:remove-background: [epoch 135]  average training loss: 3861.8521
cellbender:remove-background: [epoch 135] average test loss: 3838.8347
cellbender:remove-background: [epoch 136]  average training loss: 3866.6350
cellbender:remove-background: [epoch 137]  average training loss: 3855.7925
cellbender:remove-background: [epoch 138]  average training loss: 3853.2850
cellbender:remove-background: [epoch 139]  average training loss: 3836.9666
cellbender:remove-background: [epoch 140]  average training loss: 3861.1114
cellbender:remove-background: [epoch 140] average test loss: 3850.4222
cellbender:remove-background: [epoch 141]  average training loss: 3838.6059
cellbender:remove-background: [epoch 142]  average training loss: 3874.3602
cellbender:remove-background: [epoch 143]  average training loss: 3847.8334
cellbender:remove-background: [epoch 144]  average training loss: 3850.7302
cellbender:remove-background: Saving a checkpoint...
cellbender:remove-background: Saved checkpoint as /weka/scratch/scratch/Mon/mabdel03/Tsai_Data/Cellbender_Outputs/10202345/ckpt.tar.gz
cellbender:remove-background: [epoch 145]  average training loss: 3865.6900
cellbender:remove-background: [epoch 145] average test loss: 3879.0232
cellbender:remove-background: [epoch 146]  average training loss: 3866.1624
cellbender:remove-background: [epoch 147]  average training loss: 3859.1695
cellbender:remove-background: [epoch 148]  average training loss: 3841.0333
cellbender:remove-background: [epoch 149]  average training loss: 3840.8787
cellbender:remove-background: [epoch 150]  average training loss: 3851.9083
cellbender:remove-background: [epoch 150] average test loss: 3851.4900
cellbender:remove-background: Saving a checkpoint...
cellbender:remove-background: Saved checkpoint as /weka/scratch/scratch/Mon/mabdel03/Tsai_Data/Cellbender_Outputs/10202345/ckpt.tar.gz
cellbender:remove-background: 2026-01-31 15:37:43
cellbender:remove-background: Inference procedure complete.
cellbender:remove-background: Attempting to unpack tarball "ckpt.tar.gz" to /tmp/tmp872uhunc
cellbender:remove-background: Successfully unpacked tarball to /tmp/tmp872uhunc
/tmp/tmp872uhunc/dacd1d7ef3_random.pyro
/tmp/tmp872uhunc/dacd1d7ef3_random.cuda
/tmp/tmp872uhunc/dacd1d7ef3_model.torch
/tmp/tmp872uhunc/dacd1d7ef3_optim.torch
/tmp/tmp872uhunc/dacd1d7ef3_optim.pyro
/tmp/tmp872uhunc/dacd1d7ef3_params.pyro
/tmp/tmp872uhunc/dacd1d7ef3_train.loaderstate
/tmp/tmp872uhunc/dacd1d7ef3_test.loaderstate
/tmp/tmp872uhunc/dacd1d7ef3_args.npy
cellbender:remove-background: Posterior not currently included in checkpoint.
cellbender:remove-background: Computing posterior noise count probabilities in mini-batches.
cellbender:remove-background: Working on chunk (1/66)
cellbender:remove-background:     [0.04 mins per chunk]
cellbender:remove-background: Working on chunk (2/66)
cellbender:remove-background: Working on chunk (3/66)
cellbender:remove-background: Working on chunk (4/66)
cellbender:remove-background: Working on chunk (5/66)
cellbender:remove-background: Working on chunk (6/66)
cellbender:remove-background: Working on chunk (7/66)
cellbender:remove-background: Working on chunk (8/66)
cellbender:remove-background: Working on chunk (9/66)
cellbender:remove-background: Working on chunk (10/66)
cellbender:remove-background: Working on chunk (11/66)
cellbender:remove-background: Working on chunk (12/66)
cellbender:remove-background: Working on chunk (13/66)
cellbender:remove-background: Working on chunk (14/66)
cellbender:remove-background: Working on chunk (15/66)
cellbender:remove-background: Working on chunk (16/66)
cellbender:remove-background: Working on chunk (17/66)
cellbender:remove-background: Working on chunk (18/66)
cellbender:remove-background: Working on chunk (19/66)
cellbender:remove-background: Working on chunk (20/66)
cellbender:remove-background: Working on chunk (21/66)
cellbender:remove-background: Working on chunk (22/66)
cellbender:remove-background: Working on chunk (23/66)
cellbender:remove-background: Working on chunk (24/66)
cellbender:remove-background: Working on chunk (25/66)
cellbender:remove-background: Working on chunk (26/66)
cellbender:remove-background: Working on chunk (27/66)
cellbender:remove-background: Working on chunk (28/66)
cellbender:remove-background: Working on chunk (29/66)
cellbender:remove-background: Working on chunk (30/66)
cellbender:remove-background: Working on chunk (31/66)
cellbender:remove-background: Working on chunk (32/66)
cellbender:remove-background: Working on chunk (33/66)
cellbender:remove-background: Working on chunk (34/66)
cellbender:remove-background: Working on chunk (35/66)
cellbender:remove-background: Working on chunk (36/66)
cellbender:remove-background: Working on chunk (37/66)
cellbender:remove-background: Working on chunk (38/66)
cellbender:remove-background: Working on chunk (39/66)
cellbender:remove-background: Working on chunk (40/66)
cellbender:remove-background: Working on chunk (41/66)
cellbender:remove-background: Working on chunk (42/66)
cellbender:remove-background: Working on chunk (43/66)
cellbender:remove-background: Working on chunk (44/66)
cellbender:remove-background: Working on chunk (45/66)
cellbender:remove-background: Working on chunk (46/66)
cellbender:remove-background: Working on chunk (47/66)
cellbender:remove-background: Working on chunk (48/66)
cellbender:remove-background: Working on chunk (49/66)
cellbender:remove-background: Working on chunk (50/66)
cellbender:remove-background: Working on chunk (51/66)
cellbender:remove-background: Working on chunk (52/66)
cellbender:remove-background: Working on chunk (53/66)
cellbender:remove-background: Working on chunk (54/66)
cellbender:remove-background: Working on chunk (55/66)
cellbender:remove-background: Working on chunk (56/66)
cellbender:remove-background: Working on chunk (57/66)
cellbender:remove-background: Working on chunk (58/66)
cellbender:remove-background: Working on chunk (59/66)
cellbender:remove-background: Working on chunk (60/66)
cellbender:remove-background: Working on chunk (61/66)
cellbender:remove-background: Working on chunk (62/66)
cellbender:remove-background: Working on chunk (63/66)
cellbender:remove-background: Working on chunk (64/66)
cellbender:remove-background: Working on chunk (65/66)
cellbender:remove-background: Working on chunk (66/66)
cellbender:remove-background: Writing full posterior to /om/scratch/Mon/mabdel03/Tsai_Data/Cellbender_Outputs/10202345/processed_feature_bc_matrix_posterior.h5
cellbender:remove-background: Succeeded in writing posterior to file /om/scratch/Mon/mabdel03/Tsai_Data/Cellbender_Outputs/10202345/processed_feature_bc_matrix_posterior.h5
cellbender:remove-background: Added posterior object to checkpoint file.
cellbender:remove-background: 2026-01-31 15:43:03

cellbender:remove-background: Saved summary plots as /om/scratch/Mon/mabdel03/Tsai_Data/Cellbender_Outputs/10202345/processed_feature_bc_matrix.pdf
cellbender:remove-background: Saved cell barcodes in /om/scratch/Mon/mabdel03/Tsai_Data/Cellbender_Outputs/10202345/processed_feature_bc_matrix_cell_barcodes.csv
cellbender:remove-background: Computing target noise counts per gene for MCKP estimator
cellbender:remove-background: Using MCKP noise targets computed for FPR 0.0
cellbender:remove-background: Computing denoised counts using mckp estimator
cellbender:remove-background: Working on chunk (1/7)
cellbender:remove-background:     [2.19 mins per chunk]
cellbender:remove-background: Working on chunk (2/7)
cellbender:remove-background: Working on chunk (3/7)
cellbender:remove-background: Working on chunk (4/7)
cellbender:remove-background: Working on chunk (5/7)
cellbender:remove-background: Working on chunk (6/7)
cellbender:remove-background: Working on chunk (7/7)
cellbender:remove-background: 2026-01-31 15:58:42 Total MCKP estimation time = 897.73 sec
cellbender:remove-background: Succeeded in writing CellRanger format output to file /om/scratch/Mon/mabdel03/Tsai_Data/Cellbender_Outputs/10202345/processed_feature_bc_matrix.h5
cellbender:remove-background: Succeeded in writing CellRanger format output to file /om/scratch/Mon/mabdel03/Tsai_Data/Cellbender_Outputs/10202345/processed_feature_bc_matrix_filtered.h5
cellbender:remove-background: Saved output metrics as /om/scratch/Mon/mabdel03/Tsai_Data/Cellbender_Outputs/10202345/processed_feature_bc_matrix_metrics.csv
[NbConvertApp] Converting notebook tmp.report.ipynb to notebook
[NbConvertApp] Writing 604242 bytes to tmp.report.nbconvert.ipynb
[NbConvertApp] Converting notebook tmp.report.nbconvert.ipynb to html
[NbConvertApp] Writing 1178929 bytes to tmp.report.nbconvert.html
cellbender:remove-background: Succeeded in writing report to /om/scratch/Mon/mabdel03/Tsai_Data/Cellbender_Outputs/10202345/processed_feature_bc_matrix_report.html
cellbender:remove-background: Completed remove-background.
cellbender:remove-background: 2026-01-31 15:59:30

