cellbender:remove-background: Command:
cellbender remove-background --cuda --input /om/scratch/Mon/mabdel03/Tsai_Data/Cellranger_Outputs/31908032/outs/raw_feature_bc_matrix.h5 --fpr 0 --output /om/scratch/Mon/mabdel03/Tsai_Data/Cellbender_Outputs/31908032/processed_feature_bc_matrix.h5
cellbender:remove-background: CellBender 0.3.0
cellbender:remove-background: (Workflow hash 9f0e1388ed)
cellbender:remove-background: 2026-02-01 19:06:44
cellbender:remove-background: Running remove-background
cellbender:remove-background: Loading data from /om/scratch/Mon/mabdel03/Tsai_Data/Cellranger_Outputs/31908032/outs/raw_feature_bc_matrix.h5
cellbender:remove-background: CellRanger v3 format
cellbender:remove-background: Features in dataset: 36601 Gene Expression
cellbender:remove-background: Trimming features for inference.
cellbender:remove-background: 31665 features have nonzero counts.
cellbender:remove-background: Prior on counts for cells is 12901
cellbender:remove-background: Prior on counts for empty droplets is 162
cellbender:remove-background: Excluding 9175 features that are estimated to have <= 0.1 background counts in cells.
cellbender:remove-background: Including 22490 features in the analysis.
cellbender:remove-background: Trimming barcodes for inference.
cellbender:remove-background: Excluding barcodes with counts below 81
cellbender:remove-background: Using 1515 probable cell barcodes, plus an additional 7164 barcodes, and 65861 empty droplets.
cellbender:remove-background: Largest surely-empty droplet has 198 UMI counts.
cellbender:remove-background: Attempting to unpack tarball "ckpt.tar.gz" to /tmp/tmpof1djwxn
cellbender:remove-background: No saved checkpoint.
cellbender:remove-background: No checkpoint loaded.
cellbender:remove-background: Running inference...
cellbender:remove-background: [epoch 001]  average training loss: 11602.7240
cellbender:remove-background: [epoch 002]  average training loss: 10076.5685  (5.4 seconds per epoch)
cellbender:remove-background: Will checkpoint every 79 epochs
cellbender:remove-background: [epoch 003]  average training loss: 9040.4677
cellbender:remove-background: [epoch 004]  average training loss: 7630.2772
cellbender:remove-background: [epoch 005]  average training loss: 7085.6917
cellbender:remove-background: [epoch 005] average test loss: 7238.5169
cellbender:remove-background: [epoch 006]  average training loss: 6540.0718
cellbender:remove-background: [epoch 007]  average training loss: 6317.9542
cellbender:remove-background: [epoch 008]  average training loss: 6013.7088
cellbender:remove-background: [epoch 009]  average training loss: 5876.0372
cellbender:remove-background: [epoch 010]  average training loss: 5874.2182
cellbender:remove-background: [epoch 010] average test loss: 6191.9866
cellbender:remove-background: [epoch 011]  average training loss: 5971.1661
cellbender:remove-background: [epoch 012]  average training loss: 5940.2259
cellbender:remove-background: [epoch 013]  average training loss: 5888.3016
cellbender:remove-background: [epoch 014]  average training loss: 5827.5623
cellbender:remove-background: [epoch 015]  average training loss: 5739.9945
cellbender:remove-background: [epoch 015] average test loss: 6797.7786
cellbender:remove-background: [epoch 016]  average training loss: 5523.2681
cellbender:remove-background: [epoch 017]  average training loss: 5451.5456
cellbender:remove-background: [epoch 018]  average training loss: 5411.3811
cellbender:remove-background: [epoch 019]  average training loss: 5417.7928
cellbender:remove-background: [epoch 020]  average training loss: 5384.2329
cellbender:remove-background: [epoch 020] average test loss: 5544.9713
cellbender:remove-background: [epoch 021]  average training loss: 5361.7681
cellbender:remove-background: [epoch 022]  average training loss: 5378.8511
cellbender:remove-background: [epoch 023]  average training loss: 5353.6246
cellbender:remove-background: [epoch 024]  average training loss: 5369.5206
cellbender:remove-background: [epoch 025]  average training loss: 5329.5350
cellbender:remove-background: [epoch 025] average test loss: 5384.5814
cellbender:remove-background: [epoch 026]  average training loss: 5335.0447
cellbender:remove-background: [epoch 027]  average training loss: 5317.9198
cellbender:remove-background: [epoch 028]  average training loss: 5307.7645
cellbender:remove-background: [epoch 029]  average training loss: 5299.6224
cellbender:remove-background: [epoch 030]  average training loss: 5302.6628
cellbender:remove-background: [epoch 030] average test loss: 5477.9800
cellbender:remove-background: [epoch 031]  average training loss: 5318.8510
cellbender:remove-background: [epoch 032]  average training loss: 5267.8329
cellbender:remove-background: [epoch 033]  average training loss: 5267.1468
cellbender:remove-background: [epoch 034]  average training loss: 5260.4161
cellbender:remove-background: [epoch 035]  average training loss: 5249.1202
cellbender:remove-background: [epoch 035] average test loss: 5316.7854
cellbender:remove-background: [epoch 036]  average training loss: 5219.4449
cellbender:remove-background: [epoch 037]  average training loss: 5217.8545
cellbender:remove-background: [epoch 038]  average training loss: 5209.8673
cellbender:remove-background: [epoch 039]  average training loss: 5185.1571
cellbender:remove-background: [epoch 040]  average training loss: 5183.9094
cellbender:remove-background: [epoch 040] average test loss: 5262.2562
cellbender:remove-background: [epoch 041]  average training loss: 5166.4231
cellbender:remove-background: [epoch 042]  average training loss: 5163.3740
cellbender:remove-background: [epoch 043]  average training loss: 5149.4966
cellbender:remove-background: [epoch 044]  average training loss: 5151.6784
cellbender:remove-background: [epoch 045]  average training loss: 5149.9137
cellbender:remove-background: [epoch 045] average test loss: 5258.9624
cellbender:remove-background: [epoch 046]  average training loss: 5144.6510
cellbender:remove-background: [epoch 047]  average training loss: 5140.0792
cellbender:remove-background: [epoch 048]  average training loss: 5138.4575
cellbender:remove-background: [epoch 049]  average training loss: 5146.3950
cellbender:remove-background: [epoch 050]  average training loss: 5138.9600
cellbender:remove-background: [epoch 050] average test loss: 5245.1768
cellbender:remove-background: [epoch 051]  average training loss: 5139.0142
cellbender:remove-background: [epoch 052]  average training loss: 5130.0289
cellbender:remove-background: [epoch 053]  average training loss: 5133.8316
cellbender:remove-background: [epoch 054]  average training loss: 5122.8453
cellbender:remove-background: [epoch 055]  average training loss: 5128.7692
cellbender:remove-background: [epoch 055] average test loss: 5211.9424
cellbender:remove-background: [epoch 056]  average training loss: 5119.2596
cellbender:remove-background: [epoch 057]  average training loss: 5128.9397
cellbender:remove-background: [epoch 058]  average training loss: 5114.2844
cellbender:remove-background: [epoch 059]  average training loss: 5120.0636
cellbender:remove-background: [epoch 060]  average training loss: 5117.9294
cellbender:remove-background: [epoch 060] average test loss: 5207.0167
cellbender:remove-background: [epoch 061]  average training loss: 5113.1619
cellbender:remove-background: [epoch 062]  average training loss: 5109.7104
cellbender:remove-background: [epoch 063]  average training loss: 5109.9869
cellbender:remove-background: [epoch 064]  average training loss: 5107.6524
cellbender:remove-background: [epoch 065]  average training loss: 5111.1925
cellbender:remove-background: [epoch 065] average test loss: 5229.9744
cellbender:remove-background: [epoch 066]  average training loss: 5110.3025
cellbender:remove-background: [epoch 067]  average training loss: 5112.2504
cellbender:remove-background: [epoch 068]  average training loss: 5107.2508
cellbender:remove-background: [epoch 069]  average training loss: 5104.2830
cellbender:remove-background: [epoch 070]  average training loss: 5101.3406
cellbender:remove-background: [epoch 070] average test loss: 5207.9677
cellbender:remove-background: [epoch 071]  average training loss: 5106.0115
cellbender:remove-background: [epoch 072]  average training loss: 5103.0284
cellbender:remove-background: [epoch 073]  average training loss: 5102.7393
cellbender:remove-background: [epoch 074]  average training loss: 5103.5660
cellbender:remove-background: [epoch 075]  average training loss: 5108.1879
cellbender:remove-background: [epoch 075] average test loss: 5204.9359
cellbender:remove-background: [epoch 076]  average training loss: 5119.3600
cellbender:remove-background: [epoch 077]  average training loss: 5113.7897
cellbender:remove-background: [epoch 078]  average training loss: 5103.6609
cellbender:remove-background: [epoch 079]  average training loss: 5099.9741
cellbender:remove-background: Saving a checkpoint...
cellbender:remove-background: Saved checkpoint as /weka/scratch/scratch/Mon/mabdel03/Tsai_Data/Cellbender_Outputs/31908032/ckpt.tar.gz
cellbender:remove-background: [epoch 080]  average training loss: 5100.4797
cellbender:remove-background: [epoch 080] average test loss: 5204.2971
cellbender:remove-background: [epoch 081]  average training loss: 5107.2251
cellbender:remove-background: [epoch 082]  average training loss: 5110.8414
cellbender:remove-background: [epoch 083]  average training loss: 5106.3787
cellbender:remove-background: [epoch 084]  average training loss: 5106.9398
cellbender:remove-background: [epoch 085]  average training loss: 5112.1426
cellbender:remove-background: [epoch 085] average test loss: 5252.6980
cellbender:remove-background: [epoch 086]  average training loss: 5101.4848
cellbender:remove-background: [epoch 087]  average training loss: 5093.2208
cellbender:remove-background: [epoch 088]  average training loss: 5104.7156
cellbender:remove-background: [epoch 089]  average training loss: 5099.4602
cellbender:remove-background: [epoch 090]  average training loss: 5102.3272
cellbender:remove-background: [epoch 090] average test loss: 5201.3287
cellbender:remove-background: [epoch 091]  average training loss: 5095.8556
cellbender:remove-background: [epoch 092]  average training loss: 5111.9377
cellbender:remove-background: [epoch 093]  average training loss: 5099.6925
cellbender:remove-background: [epoch 094]  average training loss: 5096.7082
cellbender:remove-background: [epoch 095]  average training loss: 5106.6229
cellbender:remove-background: [epoch 095] average test loss: 5235.8670
cellbender:remove-background: [epoch 096]  average training loss: 5096.6601
cellbender:remove-background: [epoch 097]  average training loss: 5105.6929
cellbender:remove-background: [epoch 098]  average training loss: 5090.4518
cellbender:remove-background: [epoch 099]  average training loss: 5093.3532
cellbender:remove-background: [epoch 100]  average training loss: 5093.4477
cellbender:remove-background: [epoch 100] average test loss: 5197.4694
cellbender:remove-background: [epoch 101]  average training loss: 5091.4812
cellbender:remove-background: [epoch 102]  average training loss: 5088.0505
cellbender:remove-background: [epoch 103]  average training loss: 5099.4726
cellbender:remove-background: [epoch 104]  average training loss: 5089.8069
cellbender:remove-background: [epoch 105]  average training loss: 5089.3354
cellbender:remove-background: [epoch 105] average test loss: 5229.3934
cellbender:remove-background: [epoch 106]  average training loss: 5091.0447
cellbender:remove-background: [epoch 107]  average training loss: 5088.0594
cellbender:remove-background: [epoch 108]  average training loss: 5077.4795
cellbender:remove-background: [epoch 109]  average training loss: 5097.0643
cellbender:remove-background: [epoch 110]  average training loss: 5095.5974
cellbender:remove-background: [epoch 110] average test loss: 5255.9256
cellbender:remove-background: [epoch 111]  average training loss: 5096.0233
cellbender:remove-background: [epoch 112]  average training loss: 5081.0573
cellbender:remove-background: [epoch 113]  average training loss: 5092.6286
cellbender:remove-background: [epoch 114]  average training loss: 5081.4096
cellbender:remove-background: [epoch 115]  average training loss: 5099.8321
cellbender:remove-background: [epoch 115] average test loss: 5237.7131
cellbender:remove-background: [epoch 116]  average training loss: 5087.4971
cellbender:remove-background: [epoch 117]  average training loss: 5082.1958
cellbender:remove-background: [epoch 118]  average training loss: 5079.3327
cellbender:remove-background: [epoch 119]  average training loss: 5089.3192
cellbender:remove-background: [epoch 120]  average training loss: 5074.5166
cellbender:remove-background: [epoch 120] average test loss: 5212.0534
cellbender:remove-background: [epoch 121]  average training loss: 5084.2565
cellbender:remove-background: [epoch 122]  average training loss: 5079.3019
cellbender:remove-background: [epoch 123]  average training loss: 5076.7753
cellbender:remove-background: [epoch 124]  average training loss: 5080.3198
cellbender:remove-background: [epoch 125]  average training loss: 5082.1386
cellbender:remove-background: [epoch 125] average test loss: 5217.6284
cellbender:remove-background: [epoch 126]  average training loss: 5090.7918
cellbender:remove-background: [epoch 127]  average training loss: 5064.0756
cellbender:remove-background: [epoch 128]  average training loss: 5081.0090
cellbender:remove-background: [epoch 129]  average training loss: 5069.9889
cellbender:remove-background: [epoch 130]  average training loss: 5081.2154
cellbender:remove-background: [epoch 130] average test loss: 5225.0525
cellbender:remove-background: [epoch 131]  average training loss: 5080.3518
cellbender:remove-background: [epoch 132]  average training loss: 5092.4946
cellbender:remove-background: [epoch 133]  average training loss: 5072.8240
cellbender:remove-background: [epoch 134]  average training loss: 5079.2750
cellbender:remove-background: [epoch 135]  average training loss: 5079.3425
cellbender:remove-background: [epoch 135] average test loss: 5225.3529
cellbender:remove-background: [epoch 136]  average training loss: 5078.1697
cellbender:remove-background: [epoch 137]  average training loss: 5075.3170
cellbender:remove-background: [epoch 138]  average training loss: 5069.8719
cellbender:remove-background: [epoch 139]  average training loss: 5073.6298
cellbender:remove-background: [epoch 140]  average training loss: 5076.9065
cellbender:remove-background: [epoch 140] average test loss: 5214.2016
cellbender:remove-background: [epoch 141]  average training loss: 5072.9352
cellbender:remove-background: [epoch 142]  average training loss: 5075.2920
cellbender:remove-background: [epoch 143]  average training loss: 5068.9544
cellbender:remove-background: [epoch 144]  average training loss: 5072.4063
cellbender:remove-background: [epoch 145]  average training loss: 5073.7390
cellbender:remove-background: [epoch 145] average test loss: 5226.3789
cellbender:remove-background: [epoch 146]  average training loss: 5071.5930
cellbender:remove-background: [epoch 147]  average training loss: 5072.9817
cellbender:remove-background: [epoch 148]  average training loss: 5073.8804
cellbender:remove-background: [epoch 149]  average training loss: 5075.0124
cellbender:remove-background: [epoch 150]  average training loss: 5071.1502
cellbender:remove-background: [epoch 150] average test loss: 5216.3035
cellbender:remove-background: Saving a checkpoint...
cellbender:remove-background: Saved checkpoint as /weka/scratch/scratch/Mon/mabdel03/Tsai_Data/Cellbender_Outputs/31908032/ckpt.tar.gz
cellbender:remove-background: 2026-02-01 19:21:37
cellbender:remove-background: Inference procedure complete.
cellbender:remove-background: Attempting to unpack tarball "ckpt.tar.gz" to /tmp/tmpxq1hr8ei
cellbender:remove-background: Successfully unpacked tarball to /tmp/tmpxq1hr8ei
/tmp/tmpxq1hr8ei/9f0e1388ed_random.pyro
/tmp/tmpxq1hr8ei/9f0e1388ed_random.cuda
/tmp/tmpxq1hr8ei/9f0e1388ed_model.torch
/tmp/tmpxq1hr8ei/9f0e1388ed_optim.torch
/tmp/tmpxq1hr8ei/9f0e1388ed_optim.pyro
/tmp/tmpxq1hr8ei/9f0e1388ed_params.pyro
/tmp/tmpxq1hr8ei/9f0e1388ed_train.loaderstate
/tmp/tmpxq1hr8ei/9f0e1388ed_test.loaderstate
/tmp/tmpxq1hr8ei/9f0e1388ed_args.npy
cellbender:remove-background: Posterior not currently included in checkpoint.
cellbender:remove-background: Computing posterior noise count probabilities in mini-batches.
cellbender:remove-background: Working on chunk (1/27)
cellbender:remove-background:     [0.05 mins per chunk]
cellbender:remove-background: Working on chunk (2/27)
cellbender:remove-background: Working on chunk (3/27)
cellbender:remove-background: Working on chunk (4/27)
cellbender:remove-background: Working on chunk (5/27)
cellbender:remove-background: Working on chunk (6/27)
cellbender:remove-background: Working on chunk (7/27)
cellbender:remove-background: Working on chunk (8/27)
cellbender:remove-background: Working on chunk (9/27)
cellbender:remove-background: Working on chunk (10/27)
cellbender:remove-background: Working on chunk (11/27)
cellbender:remove-background: Working on chunk (12/27)
cellbender:remove-background: Working on chunk (13/27)
cellbender:remove-background: Working on chunk (14/27)
cellbender:remove-background: Working on chunk (15/27)
cellbender:remove-background: Working on chunk (16/27)
cellbender:remove-background: Working on chunk (17/27)
cellbender:remove-background: Working on chunk (18/27)
cellbender:remove-background: Working on chunk (19/27)
cellbender:remove-background: Working on chunk (20/27)
cellbender:remove-background: Working on chunk (21/27)
cellbender:remove-background: Working on chunk (22/27)
cellbender:remove-background: Working on chunk (23/27)
cellbender:remove-background: Working on chunk (24/27)
cellbender:remove-background: Working on chunk (25/27)
cellbender:remove-background: Working on chunk (26/27)
cellbender:remove-background: Working on chunk (27/27)
cellbender:remove-background: Writing full posterior to /om/scratch/Mon/mabdel03/Tsai_Data/Cellbender_Outputs/31908032/processed_feature_bc_matrix_posterior.h5
cellbender:remove-background: Succeeded in writing posterior to file /om/scratch/Mon/mabdel03/Tsai_Data/Cellbender_Outputs/31908032/processed_feature_bc_matrix_posterior.h5
cellbender:remove-background: Added posterior object to checkpoint file.
cellbender:remove-background: 2026-02-01 19:25:46

cellbender:remove-background: Saved summary plots as /om/scratch/Mon/mabdel03/Tsai_Data/Cellbender_Outputs/31908032/processed_feature_bc_matrix.pdf
cellbender:remove-background: Saved cell barcodes in /om/scratch/Mon/mabdel03/Tsai_Data/Cellbender_Outputs/31908032/processed_feature_bc_matrix_cell_barcodes.csv
cellbender:remove-background: Computing target noise counts per gene for MCKP estimator
cellbender:remove-background: Using MCKP noise targets computed for FPR 0.0
cellbender:remove-background: Computing denoised counts using mckp estimator
cellbender:remove-background: Working on chunk (1/7)
cellbender:remove-background:     [1.86 mins per chunk]
cellbender:remove-background: Working on chunk (2/7)
cellbender:remove-background: Working on chunk (3/7)
cellbender:remove-background: Working on chunk (4/7)
cellbender:remove-background: Working on chunk (5/7)
cellbender:remove-background: Working on chunk (6/7)
cellbender:remove-background: Working on chunk (7/7)
cellbender:remove-background: 2026-02-01 19:39:20 Total MCKP estimation time = 779.91 sec
cellbender:remove-background: Succeeded in writing CellRanger format output to file /om/scratch/Mon/mabdel03/Tsai_Data/Cellbender_Outputs/31908032/processed_feature_bc_matrix.h5
cellbender:remove-background: Succeeded in writing CellRanger format output to file /om/scratch/Mon/mabdel03/Tsai_Data/Cellbender_Outputs/31908032/processed_feature_bc_matrix_filtered.h5
cellbender:remove-background: Saved output metrics as /om/scratch/Mon/mabdel03/Tsai_Data/Cellbender_Outputs/31908032/processed_feature_bc_matrix_metrics.csv
[NbConvertApp] Converting notebook tmp.report.ipynb to notebook
[NbConvertApp] Writing 457019 bytes to tmp.report.nbconvert.ipynb
[NbConvertApp] Converting notebook tmp.report.nbconvert.ipynb to html
[NbConvertApp] Writing 1031706 bytes to tmp.report.nbconvert.html
cellbender:remove-background: Succeeded in writing report to /om/scratch/Mon/mabdel03/Tsai_Data/Cellbender_Outputs/31908032/processed_feature_bc_matrix_report.html
cellbender:remove-background: Completed remove-background.
cellbender:remove-background: 2026-02-01 19:40:11

