cellbender:remove-background: Command:
cellbender remove-background --cuda --input /om/scratch/Mon/mabdel03/Tsai_Data/Cellranger_Outputs/50104134/outs/raw_feature_bc_matrix.h5 --fpr 0 --output /om/scratch/Mon/mabdel03/Tsai_Data/Cellbender_Outputs/50104134/processed_feature_bc_matrix.h5
cellbender:remove-background: CellBender 0.3.0
cellbender:remove-background: (Workflow hash a4be2fa756)
cellbender:remove-background: 2026-02-01 21:33:16
cellbender:remove-background: Running remove-background
cellbender:remove-background: Loading data from /om/scratch/Mon/mabdel03/Tsai_Data/Cellranger_Outputs/50104134/outs/raw_feature_bc_matrix.h5
cellbender:remove-background: CellRanger v3 format
cellbender:remove-background: Features in dataset: 36601 Gene Expression
cellbender:remove-background: Trimming features for inference.
cellbender:remove-background: 31279 features have nonzero counts.
cellbender:remove-background: Prior on counts for cells is 13983
cellbender:remove-background: Prior on counts for empty droplets is 89
cellbender:remove-background: Excluding 9375 features that are estimated to have <= 0.1 background counts in cells.
cellbender:remove-background: Including 21904 features in the analysis.
cellbender:remove-background: Trimming barcodes for inference.
cellbender:remove-background: Excluding barcodes with counts below 44
cellbender:remove-background: Using 1836 probable cell barcodes, plus an additional 9344 barcodes, and 64933 empty droplets.
cellbender:remove-background: Largest surely-empty droplet has 108 UMI counts.
cellbender:remove-background: Attempting to unpack tarball "ckpt.tar.gz" to /tmp/tmp1igvntbo
cellbender:remove-background: No saved checkpoint.
cellbender:remove-background: No checkpoint loaded.
cellbender:remove-background: Running inference...
cellbender:remove-background: [epoch 001]  average training loss: 9393.6797
cellbender:remove-background: [epoch 002]  average training loss: 8082.8606  (5.7 seconds per epoch)
cellbender:remove-background: Will checkpoint every 74 epochs
cellbender:remove-background: [epoch 003]  average training loss: 6798.4998
cellbender:remove-background: [epoch 004]  average training loss: 6113.5966
cellbender:remove-background: [epoch 005]  average training loss: 5579.1148
cellbender:remove-background: [epoch 005] average test loss: 6100.9694
cellbender:remove-background: [epoch 006]  average training loss: 5178.0355
cellbender:remove-background: [epoch 007]  average training loss: 4882.7400
cellbender:remove-background: [epoch 008]  average training loss: 4749.3026
cellbender:remove-background: [epoch 009]  average training loss: 4693.0520
cellbender:remove-background: [epoch 010]  average training loss: 4603.1017
cellbender:remove-background: [epoch 010] average test loss: 4630.3062
cellbender:remove-background: [epoch 011]  average training loss: 4567.1746
cellbender:remove-background: [epoch 012]  average training loss: 4591.2978
cellbender:remove-background: [epoch 013]  average training loss: 4547.8206
cellbender:remove-background: [epoch 014]  average training loss: 4506.9990
cellbender:remove-background: [epoch 015]  average training loss: 4486.7296
cellbender:remove-background: [epoch 015] average test loss: 4591.6467
cellbender:remove-background: [epoch 016]  average training loss: 4409.9676
cellbender:remove-background: [epoch 017]  average training loss: 4394.1184
cellbender:remove-background: [epoch 018]  average training loss: 4376.4189
cellbender:remove-background: [epoch 019]  average training loss: 4381.5584
cellbender:remove-background: [epoch 020]  average training loss: 4351.7964
cellbender:remove-background: [epoch 020] average test loss: 4283.1813
cellbender:remove-background: [epoch 021]  average training loss: 4352.0225
cellbender:remove-background: [epoch 022]  average training loss: 4341.7772
cellbender:remove-background: [epoch 023]  average training loss: 4330.4398
cellbender:remove-background: [epoch 024]  average training loss: 4331.6896
cellbender:remove-background: [epoch 025]  average training loss: 4311.6432
cellbender:remove-background: [epoch 025] average test loss: 4222.0727
cellbender:remove-background: [epoch 026]  average training loss: 4301.6419
cellbender:remove-background: [epoch 027]  average training loss: 4301.0620
cellbender:remove-background: [epoch 028]  average training loss: 4285.0246
cellbender:remove-background: [epoch 029]  average training loss: 4278.4527
cellbender:remove-background: [epoch 030]  average training loss: 4270.7324
cellbender:remove-background: [epoch 030] average test loss: 4183.7481
cellbender:remove-background: [epoch 031]  average training loss: 4262.3423
cellbender:remove-background: [epoch 032]  average training loss: 4247.8748
cellbender:remove-background: [epoch 033]  average training loss: 4240.5608
cellbender:remove-background: [epoch 034]  average training loss: 4225.4252
cellbender:remove-background: [epoch 035]  average training loss: 4212.0125
cellbender:remove-background: [epoch 035] average test loss: 4162.5058
cellbender:remove-background: [epoch 036]  average training loss: 4210.8397
cellbender:remove-background: [epoch 037]  average training loss: 4195.9725
cellbender:remove-background: [epoch 038]  average training loss: 4191.8717
cellbender:remove-background: [epoch 039]  average training loss: 4195.0644
cellbender:remove-background: [epoch 040]  average training loss: 4183.6379
cellbender:remove-background: [epoch 040] average test loss: 4108.8300
cellbender:remove-background: [epoch 041]  average training loss: 4184.3573
cellbender:remove-background: [epoch 042]  average training loss: 4181.5703
cellbender:remove-background: [epoch 043]  average training loss: 4178.0700
cellbender:remove-background: [epoch 044]  average training loss: 4178.3003
cellbender:remove-background: [epoch 045]  average training loss: 4173.8227
cellbender:remove-background: [epoch 045] average test loss: 4097.4440
cellbender:remove-background: [epoch 046]  average training loss: 4169.0566
cellbender:remove-background: [epoch 047]  average training loss: 4175.8177
cellbender:remove-background: [epoch 048]  average training loss: 4162.3301
cellbender:remove-background: [epoch 049]  average training loss: 4161.9043
cellbender:remove-background: [epoch 050]  average training loss: 4159.7687
cellbender:remove-background: [epoch 050] average test loss: 4083.2094
cellbender:remove-background: [epoch 051]  average training loss: 4157.2927
cellbender:remove-background: [epoch 052]  average training loss: 4154.3619
cellbender:remove-background: [epoch 053]  average training loss: 4156.8305
cellbender:remove-background: [epoch 054]  average training loss: 4150.7185
cellbender:remove-background: [epoch 055]  average training loss: 4157.7413
cellbender:remove-background: [epoch 055] average test loss: 4079.0400
cellbender:remove-background: [epoch 056]  average training loss: 4139.1976
cellbender:remove-background: [epoch 057]  average training loss: 4138.0643
cellbender:remove-background: [epoch 058]  average training loss: 4159.8675
cellbender:remove-background: [epoch 059]  average training loss: 4146.3625
cellbender:remove-background: [epoch 060]  average training loss: 4141.5812
cellbender:remove-background: [epoch 060] average test loss: 4070.8558
cellbender:remove-background: [epoch 061]  average training loss: 4141.6516
cellbender:remove-background: [epoch 062]  average training loss: 4135.1391
cellbender:remove-background: [epoch 063]  average training loss: 4140.4953
cellbender:remove-background: [epoch 064]  average training loss: 4143.6266
cellbender:remove-background: [epoch 065]  average training loss: 4137.3211
cellbender:remove-background: [epoch 065] average test loss: 4102.4495
cellbender:remove-background: [epoch 066]  average training loss: 4128.7027
cellbender:remove-background: [epoch 067]  average training loss: 4142.8304
cellbender:remove-background: [epoch 068]  average training loss: 4126.7411
cellbender:remove-background: [epoch 069]  average training loss: 4152.5926
cellbender:remove-background: [epoch 070]  average training loss: 4133.1477
cellbender:remove-background: [epoch 070] average test loss: 4059.2186
cellbender:remove-background: [epoch 071]  average training loss: 4132.7182
cellbender:remove-background: [epoch 072]  average training loss: 4138.9304
cellbender:remove-background: [epoch 073]  average training loss: 4141.9365
cellbender:remove-background: [epoch 074]  average training loss: 4132.1941
cellbender:remove-background: Saving a checkpoint...
cellbender:remove-background: Saved checkpoint as /weka/scratch/scratch/Mon/mabdel03/Tsai_Data/Cellbender_Outputs/50104134/ckpt.tar.gz
cellbender:remove-background: [epoch 075]  average training loss: 4142.0247
cellbender:remove-background: [epoch 075] average test loss: 4120.9303
cellbender:remove-background: [epoch 076]  average training loss: 4126.9593
cellbender:remove-background: [epoch 077]  average training loss: 4113.3696
cellbender:remove-background: [epoch 078]  average training loss: 4142.0082
cellbender:remove-background: [epoch 079]  average training loss: 4132.9991
cellbender:remove-background: [epoch 080]  average training loss: 4134.5373
cellbender:remove-background: [epoch 080] average test loss: 4467.8309
cellbender:remove-background: [epoch 081]  average training loss: 4148.5906
cellbender:remove-background: [epoch 082]  average training loss: 4153.0754
cellbender:remove-background: [epoch 083]  average training loss: 4137.6966
cellbender:remove-background: [epoch 084]  average training loss: 4125.3962
cellbender:remove-background: [epoch 085]  average training loss: 4135.9068
cellbender:remove-background: [epoch 085] average test loss: 4153.0089
cellbender:remove-background: [epoch 086]  average training loss: 4140.1782
cellbender:remove-background: [epoch 087]  average training loss: 4142.4553
cellbender:remove-background: [epoch 088]  average training loss: 4136.7870
cellbender:remove-background: [epoch 089]  average training loss: 4139.6848
cellbender:remove-background: [epoch 090]  average training loss: 4134.8037
cellbender:remove-background: [epoch 090] average test loss: 4079.9002
cellbender:remove-background: [epoch 091]  average training loss: 4127.7560
cellbender:remove-background: [epoch 092]  average training loss: 4125.1042
cellbender:remove-background: [epoch 093]  average training loss: 4133.0918
cellbender:remove-background: [epoch 094]  average training loss: 4118.7663
cellbender:remove-background: [epoch 095]  average training loss: 4125.4352
cellbender:remove-background: [epoch 095] average test loss: 4114.5465
cellbender:remove-background: [epoch 096]  average training loss: 4157.0998
cellbender:remove-background: [epoch 097]  average training loss: 4136.7330
cellbender:remove-background: [epoch 098]  average training loss: 4126.3863
cellbender:remove-background: [epoch 099]  average training loss: 4154.7188
cellbender:remove-background: [epoch 100]  average training loss: 4137.9087
cellbender:remove-background: [epoch 100] average test loss: 4193.2617
cellbender:remove-background: [epoch 101]  average training loss: 4144.1757
cellbender:remove-background: [epoch 102]  average training loss: 4195.4119
cellbender:remove-background: [epoch 103]  average training loss: 4192.7181
cellbender:remove-background: [epoch 104]  average training loss: 4141.3773
cellbender:remove-background: [epoch 105]  average training loss: 4132.9870
cellbender:remove-background: [epoch 105] average test loss: 4102.2482
cellbender:remove-background: [epoch 106]  average training loss: 4135.2383
cellbender:remove-background: [epoch 107]  average training loss: 4164.2369
cellbender:remove-background: [epoch 108]  average training loss: 4155.5339
cellbender:remove-background: [epoch 109]  average training loss: 4140.3986
cellbender:remove-background: [epoch 110]  average training loss: 4138.9450
cellbender:remove-background: [epoch 110] average test loss: 4112.9674
cellbender:remove-background: [epoch 111]  average training loss: 4154.0278
cellbender:remove-background: [epoch 112]  average training loss: 4152.5735
cellbender:remove-background: [epoch 113]  average training loss: 4146.6236
cellbender:remove-background: [epoch 114]  average training loss: 4140.8036
cellbender:remove-background: [epoch 115]  average training loss: 4158.2472
cellbender:remove-background: [epoch 115] average test loss: 4069.9302
cellbender:remove-background: [epoch 116]  average training loss: 4155.8094
cellbender:remove-background: [epoch 117]  average training loss: 4139.8993
cellbender:remove-background: [epoch 118]  average training loss: 4133.5176
cellbender:remove-background: [epoch 119]  average training loss: 4122.1476
cellbender:remove-background: [epoch 120]  average training loss: 4113.9723
cellbender:remove-background: [epoch 120] average test loss: 4090.4686
cellbender:remove-background: [epoch 121]  average training loss: 4094.2437
cellbender:remove-background: [epoch 122]  average training loss: 4119.0810
cellbender:remove-background: [epoch 123]  average training loss: 4095.8247
cellbender:remove-background: [epoch 124]  average training loss: 4110.6493
cellbender:remove-background: [epoch 125]  average training loss: 4098.1536
cellbender:remove-background: [epoch 125] average test loss: 4129.3367
cellbender:remove-background: [epoch 126]  average training loss: 4122.2290
cellbender:remove-background: [epoch 127]  average training loss: 4114.5237
cellbender:remove-background: [epoch 128]  average training loss: 4110.9262
cellbender:remove-background: [epoch 129]  average training loss: 4107.6031
cellbender:remove-background: [epoch 130]  average training loss: 4103.1545
cellbender:remove-background: [epoch 130] average test loss: 4093.7163
cellbender:remove-background: [epoch 131]  average training loss: 4104.6608
cellbender:remove-background: [epoch 132]  average training loss: 4096.4977
cellbender:remove-background: [epoch 133]  average training loss: 4112.0561
cellbender:remove-background: [epoch 134]  average training loss: 4097.4118
cellbender:remove-background: [epoch 135]  average training loss: 4109.9385
cellbender:remove-background: [epoch 135] average test loss: 4086.1308
cellbender:remove-background: [epoch 136]  average training loss: 4110.1271
cellbender:remove-background: [epoch 137]  average training loss: 4105.6758
cellbender:remove-background: [epoch 138]  average training loss: 4114.1621
cellbender:remove-background: [epoch 139]  average training loss: 4112.5028
cellbender:remove-background: [epoch 140]  average training loss: 4103.3338
cellbender:remove-background: [epoch 140] average test loss: 4090.0447
cellbender:remove-background: [epoch 141]  average training loss: 4124.5471
cellbender:remove-background: [epoch 142]  average training loss: 4106.4874
cellbender:remove-background: [epoch 143]  average training loss: 4106.5796
cellbender:remove-background: [epoch 144]  average training loss: 4118.1071
cellbender:remove-background: [epoch 145]  average training loss: 4098.2762
cellbender:remove-background: [epoch 145] average test loss: 4079.1499
cellbender:remove-background: [epoch 146]  average training loss: 4127.3675
cellbender:remove-background: [epoch 147]  average training loss: 4104.7652
cellbender:remove-background: [epoch 148]  average training loss: 4114.1172
cellbender:remove-background: Saving a checkpoint...
cellbender:remove-background: Saved checkpoint as /weka/scratch/scratch/Mon/mabdel03/Tsai_Data/Cellbender_Outputs/50104134/ckpt.tar.gz
cellbender:remove-background: [epoch 149]  average training loss: 4102.8648
cellbender:remove-background: [epoch 150]  average training loss: 4110.6226
cellbender:remove-background: [epoch 150] average test loss: 4068.9438
cellbender:remove-background: Saving a checkpoint...
cellbender:remove-background: Saved checkpoint as /weka/scratch/scratch/Mon/mabdel03/Tsai_Data/Cellbender_Outputs/50104134/ckpt.tar.gz
cellbender:remove-background: 2026-02-01 21:51:21
cellbender:remove-background: Inference procedure complete.
cellbender:remove-background: Attempting to unpack tarball "ckpt.tar.gz" to /tmp/tmpsumpcb1c
cellbender:remove-background: Successfully unpacked tarball to /tmp/tmpsumpcb1c
/tmp/tmpsumpcb1c/a4be2fa756_random.pyro
/tmp/tmpsumpcb1c/a4be2fa756_random.cuda
/tmp/tmpsumpcb1c/a4be2fa756_model.torch
/tmp/tmpsumpcb1c/a4be2fa756_optim.torch
/tmp/tmpsumpcb1c/a4be2fa756_optim.pyro
/tmp/tmpsumpcb1c/a4be2fa756_params.pyro
/tmp/tmpsumpcb1c/a4be2fa756_train.loaderstate
/tmp/tmpsumpcb1c/a4be2fa756_test.loaderstate
/tmp/tmpsumpcb1c/a4be2fa756_args.npy
cellbender:remove-background: Posterior not currently included in checkpoint.
cellbender:remove-background: Computing posterior noise count probabilities in mini-batches.
cellbender:remove-background: Working on chunk (1/33)
cellbender:remove-background:     [0.04 mins per chunk]
cellbender:remove-background: Working on chunk (2/33)
cellbender:remove-background: Working on chunk (3/33)
cellbender:remove-background: Working on chunk (4/33)
cellbender:remove-background: Working on chunk (5/33)
cellbender:remove-background: Working on chunk (6/33)
cellbender:remove-background: Working on chunk (7/33)
cellbender:remove-background: Working on chunk (8/33)
cellbender:remove-background: Working on chunk (9/33)
cellbender:remove-background: Working on chunk (10/33)
cellbender:remove-background: Working on chunk (11/33)
cellbender:remove-background: Working on chunk (12/33)
cellbender:remove-background: Working on chunk (13/33)
cellbender:remove-background: Working on chunk (14/33)
cellbender:remove-background: Working on chunk (15/33)
cellbender:remove-background: Working on chunk (16/33)
cellbender:remove-background: Working on chunk (17/33)
cellbender:remove-background: Working on chunk (18/33)
cellbender:remove-background: Working on chunk (19/33)
cellbender:remove-background: Working on chunk (20/33)
cellbender:remove-background: Working on chunk (21/33)
cellbender:remove-background: Working on chunk (22/33)
cellbender:remove-background: Working on chunk (23/33)
cellbender:remove-background: Working on chunk (24/33)
cellbender:remove-background: Working on chunk (25/33)
cellbender:remove-background: Working on chunk (26/33)
cellbender:remove-background: Working on chunk (27/33)
cellbender:remove-background: Working on chunk (28/33)
cellbender:remove-background: Working on chunk (29/33)
cellbender:remove-background: Working on chunk (30/33)
cellbender:remove-background: Working on chunk (31/33)
cellbender:remove-background: Working on chunk (32/33)
cellbender:remove-background: Working on chunk (33/33)
cellbender:remove-background: Writing full posterior to /om/scratch/Mon/mabdel03/Tsai_Data/Cellbender_Outputs/50104134/processed_feature_bc_matrix_posterior.h5
cellbender:remove-background: Succeeded in writing posterior to file /om/scratch/Mon/mabdel03/Tsai_Data/Cellbender_Outputs/50104134/processed_feature_bc_matrix_posterior.h5
cellbender:remove-background: Added posterior object to checkpoint file.
cellbender:remove-background: 2026-02-01 21:55:25

cellbender:remove-background: Saved summary plots as /om/scratch/Mon/mabdel03/Tsai_Data/Cellbender_Outputs/50104134/processed_feature_bc_matrix.pdf
cellbender:remove-background: Saved cell barcodes in /om/scratch/Mon/mabdel03/Tsai_Data/Cellbender_Outputs/50104134/processed_feature_bc_matrix_cell_barcodes.csv
cellbender:remove-background: Computing target noise counts per gene for MCKP estimator
cellbender:remove-background: Using MCKP noise targets computed for FPR 0.0
cellbender:remove-background: Computing denoised counts using mckp estimator
cellbender:remove-background: Working on chunk (1/7)
cellbender:remove-background:     [1.80 mins per chunk]
cellbender:remove-background: Working on chunk (2/7)
cellbender:remove-background: Working on chunk (3/7)
cellbender:remove-background: Working on chunk (4/7)
cellbender:remove-background: Working on chunk (5/7)
cellbender:remove-background: Working on chunk (6/7)
cellbender:remove-background: Working on chunk (7/7)
cellbender:remove-background: 2026-02-01 22:08:22 Total MCKP estimation time = 743.42 sec
cellbender:remove-background: Succeeded in writing CellRanger format output to file /om/scratch/Mon/mabdel03/Tsai_Data/Cellbender_Outputs/50104134/processed_feature_bc_matrix.h5
cellbender:remove-background: Succeeded in writing CellRanger format output to file /om/scratch/Mon/mabdel03/Tsai_Data/Cellbender_Outputs/50104134/processed_feature_bc_matrix_filtered.h5
cellbender:remove-background: Saved output metrics as /om/scratch/Mon/mabdel03/Tsai_Data/Cellbender_Outputs/50104134/processed_feature_bc_matrix_metrics.csv
[NbConvertApp] Converting notebook tmp.report.ipynb to notebook
[NbConvertApp] Writing 497521 bytes to tmp.report.nbconvert.ipynb
[NbConvertApp] Converting notebook tmp.report.nbconvert.ipynb to html
[NbConvertApp] Writing 1072208 bytes to tmp.report.nbconvert.html
cellbender:remove-background: Succeeded in writing report to /om/scratch/Mon/mabdel03/Tsai_Data/Cellbender_Outputs/50104134/processed_feature_bc_matrix_report.html
cellbender:remove-background: Completed remove-background.
cellbender:remove-background: 2026-02-01 22:09:12

