cellbender:remove-background: Command:
cellbender remove-background --cuda --input /om/scratch/Mon/mabdel03/Tsai_Data/Cellranger_Outputs/50108174/outs/raw_feature_bc_matrix.h5 --fpr 0 --output /om/scratch/Mon/mabdel03/Tsai_Data/Cellbender_Outputs/50108174/processed_feature_bc_matrix.h5
cellbender:remove-background: CellBender 0.3.0
cellbender:remove-background: (Workflow hash 7cb2b1a060)
cellbender:remove-background: 2026-02-01 22:19:55
cellbender:remove-background: Running remove-background
cellbender:remove-background: Loading data from /om/scratch/Mon/mabdel03/Tsai_Data/Cellranger_Outputs/50108174/outs/raw_feature_bc_matrix.h5
cellbender:remove-background: CellRanger v3 format
cellbender:remove-background: Features in dataset: 36601 Gene Expression
cellbender:remove-background: Trimming features for inference.
cellbender:remove-background: 31039 features have nonzero counts.
cellbender:remove-background: Prior on counts for cells is 7352
cellbender:remove-background: Prior on counts for empty droplets is 66
cellbender:remove-background: Excluding 9563 features that are estimated to have <= 0.1 background counts in cells.
cellbender:remove-background: Including 21476 features in the analysis.
cellbender:remove-background: Trimming barcodes for inference.
cellbender:remove-background: Excluding barcodes with counts below 33
cellbender:remove-background: Using 2561 probable cell barcodes, plus an additional 11207 barcodes, and 68552 empty droplets.
cellbender:remove-background: Largest surely-empty droplet has 80 UMI counts.
cellbender:remove-background: Attempting to unpack tarball "ckpt.tar.gz" to /tmp/tmpfi_3xq1c
cellbender:remove-background: No saved checkpoint.
cellbender:remove-background: No checkpoint loaded.
cellbender:remove-background: Running inference...
cellbender:remove-background: [epoch 001]  average training loss: 7172.1297
cellbender:remove-background: [epoch 002]  average training loss: 6062.9894  (6.9 seconds per epoch)
cellbender:remove-background: Will checkpoint every 61 epochs
cellbender:remove-background: [epoch 003]  average training loss: 5157.4756
cellbender:remove-background: [epoch 004]  average training loss: 4640.5398
cellbender:remove-background: [epoch 005]  average training loss: 4317.1529
cellbender:remove-background: [epoch 005] average test loss: 4231.0470
cellbender:remove-background: [epoch 006]  average training loss: 4051.0928
cellbender:remove-background: [epoch 007]  average training loss: 4011.0645
cellbender:remove-background: [epoch 008]  average training loss: 3970.2946
cellbender:remove-background: [epoch 009]  average training loss: 3934.0495
cellbender:remove-background: [epoch 010]  average training loss: 3925.8892
cellbender:remove-background: [epoch 010] average test loss: 3835.8609
cellbender:remove-background: [epoch 011]  average training loss: 3902.8714
cellbender:remove-background: [epoch 012]  average training loss: 3891.6848
cellbender:remove-background: [epoch 013]  average training loss: 3876.2359
cellbender:remove-background: [epoch 014]  average training loss: 3857.1771
cellbender:remove-background: [epoch 015]  average training loss: 3773.5193
cellbender:remove-background: [epoch 015] average test loss: 3889.5329
cellbender:remove-background: [epoch 016]  average training loss: 3708.5411
cellbender:remove-background: [epoch 017]  average training loss: 3683.3517
cellbender:remove-background: [epoch 018]  average training loss: 3681.1844
cellbender:remove-background: [epoch 019]  average training loss: 3662.4525
cellbender:remove-background: [epoch 020]  average training loss: 3672.0889
cellbender:remove-background: [epoch 020] average test loss: 3614.9105
cellbender:remove-background: [epoch 021]  average training loss: 3645.5674
cellbender:remove-background: [epoch 022]  average training loss: 3643.1262
cellbender:remove-background: [epoch 023]  average training loss: 3629.9741
cellbender:remove-background: [epoch 024]  average training loss: 3627.3027
cellbender:remove-background: [epoch 025]  average training loss: 3595.8215
cellbender:remove-background: [epoch 025] average test loss: 3541.8775
cellbender:remove-background: [epoch 026]  average training loss: 3560.3709
cellbender:remove-background: [epoch 027]  average training loss: 3536.8720
cellbender:remove-background: [epoch 028]  average training loss: 3517.7776
cellbender:remove-background: [epoch 029]  average training loss: 3514.3575
cellbender:remove-background: [epoch 030]  average training loss: 3507.4912
cellbender:remove-background: [epoch 030] average test loss: 3459.9437
cellbender:remove-background: [epoch 031]  average training loss: 3499.9605
cellbender:remove-background: [epoch 032]  average training loss: 3497.5813
cellbender:remove-background: [epoch 033]  average training loss: 3497.6692
cellbender:remove-background: [epoch 034]  average training loss: 3488.6621
cellbender:remove-background: [epoch 035]  average training loss: 3484.1485
cellbender:remove-background: [epoch 035] average test loss: 3436.3578
cellbender:remove-background: [epoch 036]  average training loss: 3485.1904
cellbender:remove-background: [epoch 037]  average training loss: 3478.1889
cellbender:remove-background: [epoch 038]  average training loss: 3476.4464
cellbender:remove-background: [epoch 039]  average training loss: 3479.5127
cellbender:remove-background: [epoch 040]  average training loss: 3472.2276
cellbender:remove-background: [epoch 040] average test loss: 3407.0434
cellbender:remove-background: [epoch 041]  average training loss: 3463.6779
cellbender:remove-background: [epoch 042]  average training loss: 3466.4555
cellbender:remove-background: [epoch 043]  average training loss: 3462.4435
cellbender:remove-background: [epoch 044]  average training loss: 3460.6645
cellbender:remove-background: [epoch 045]  average training loss: 3457.7730
cellbender:remove-background: [epoch 045] average test loss: 3407.7408
cellbender:remove-background: [epoch 046]  average training loss: 3456.8157
cellbender:remove-background: [epoch 047]  average training loss: 3449.7018
cellbender:remove-background: [epoch 048]  average training loss: 3448.7912
cellbender:remove-background: [epoch 049]  average training loss: 3452.3799
cellbender:remove-background: [epoch 050]  average training loss: 3449.1079
cellbender:remove-background: [epoch 050] average test loss: 3403.3338
cellbender:remove-background: [epoch 051]  average training loss: 3441.5965
cellbender:remove-background: [epoch 052]  average training loss: 3440.5123
cellbender:remove-background: [epoch 053]  average training loss: 3438.1868
cellbender:remove-background: [epoch 054]  average training loss: 3454.3278
cellbender:remove-background: [epoch 055]  average training loss: 3444.0353
cellbender:remove-background: [epoch 055] average test loss: 3406.5715
cellbender:remove-background: [epoch 056]  average training loss: 3439.1985
cellbender:remove-background: [epoch 057]  average training loss: 3432.7005
cellbender:remove-background: [epoch 058]  average training loss: 3442.6447
cellbender:remove-background: [epoch 059]  average training loss: 3434.8963
cellbender:remove-background: [epoch 060]  average training loss: 3431.6300
cellbender:remove-background: [epoch 060] average test loss: 3387.8467
cellbender:remove-background: [epoch 061]  average training loss: 3424.6022
cellbender:remove-background: Saving a checkpoint...
cellbender:remove-background: Saved checkpoint as /weka/scratch/scratch/Mon/mabdel03/Tsai_Data/Cellbender_Outputs/50108174/ckpt.tar.gz
cellbender:remove-background: [epoch 062]  average training loss: 3434.1944
cellbender:remove-background: [epoch 063]  average training loss: 3427.7417
cellbender:remove-background: [epoch 064]  average training loss: 3434.6094
cellbender:remove-background: [epoch 065]  average training loss: 3426.2505
cellbender:remove-background: [epoch 065] average test loss: 3425.2175
cellbender:remove-background: [epoch 066]  average training loss: 3426.6964
cellbender:remove-background: [epoch 067]  average training loss: 3431.3514
cellbender:remove-background: [epoch 068]  average training loss: 3432.5411
cellbender:remove-background: [epoch 069]  average training loss: 3442.0034
cellbender:remove-background: [epoch 070]  average training loss: 3423.0919
cellbender:remove-background: [epoch 070] average test loss: 3409.8231
cellbender:remove-background: [epoch 071]  average training loss: 3424.2802
cellbender:remove-background: [epoch 072]  average training loss: 3429.7410
cellbender:remove-background: [epoch 073]  average training loss: 3433.4845
cellbender:remove-background: [epoch 074]  average training loss: 3431.0540
cellbender:remove-background: [epoch 075]  average training loss: 3435.3126
cellbender:remove-background: [epoch 075] average test loss: 3386.2489
cellbender:remove-background: [epoch 076]  average training loss: 3421.1352
cellbender:remove-background: [epoch 077]  average training loss: 3447.6045
cellbender:remove-background: [epoch 078]  average training loss: 3428.7025
cellbender:remove-background: [epoch 079]  average training loss: 3430.5059
cellbender:remove-background: [epoch 080]  average training loss: 3431.5823
cellbender:remove-background: [epoch 080] average test loss: 3387.2007
cellbender:remove-background: [epoch 081]  average training loss: 3430.3496
cellbender:remove-background: [epoch 082]  average training loss: 3419.8041
cellbender:remove-background: [epoch 083]  average training loss: 3435.4673
cellbender:remove-background: [epoch 084]  average training loss: 3438.0958
cellbender:remove-background: [epoch 085]  average training loss: 3437.2631
cellbender:remove-background: [epoch 085] average test loss: 3376.3344
cellbender:remove-background: [epoch 086]  average training loss: 3445.0312
cellbender:remove-background: [epoch 087]  average training loss: 3443.0668
cellbender:remove-background: [epoch 088]  average training loss: 3437.1450
cellbender:remove-background: [epoch 089]  average training loss: 3443.6547
cellbender:remove-background: [epoch 090]  average training loss: 3460.8089
cellbender:remove-background: [epoch 090] average test loss: 3400.4132
cellbender:remove-background: [epoch 091]  average training loss: 3439.3985
cellbender:remove-background: [epoch 092]  average training loss: 3458.4990
cellbender:remove-background: [epoch 093]  average training loss: 3428.0715
cellbender:remove-background: [epoch 094]  average training loss: 3446.1902
cellbender:remove-background: [epoch 095]  average training loss: 3428.0866
cellbender:remove-background: [epoch 095] average test loss: 3440.4686
cellbender:remove-background: [epoch 096]  average training loss: 3438.2982
cellbender:remove-background: [epoch 097]  average training loss: 3417.3090
cellbender:remove-background: [epoch 098]  average training loss: 3431.7682
cellbender:remove-background: [epoch 099]  average training loss: 3429.9009
cellbender:remove-background: [epoch 100]  average training loss: 3428.7888
cellbender:remove-background: [epoch 100] average test loss: 3531.8354
cellbender:remove-background: [epoch 101]  average training loss: 3432.0512
cellbender:remove-background: [epoch 102]  average training loss: 3431.3162
cellbender:remove-background: [epoch 103]  average training loss: 3444.0335
cellbender:remove-background: [epoch 104]  average training loss: 3463.3208
cellbender:remove-background: [epoch 105]  average training loss: 3423.7955
cellbender:remove-background: [epoch 105] average test loss: 3396.1640
cellbender:remove-background: [epoch 106]  average training loss: 3428.1388
cellbender:remove-background: [epoch 107]  average training loss: 3427.5672
cellbender:remove-background: [epoch 108]  average training loss: 3419.6817
cellbender:remove-background: [epoch 109]  average training loss: 3427.0015
cellbender:remove-background: [epoch 110]  average training loss: 3411.9789
cellbender:remove-background: [epoch 110] average test loss: 3390.4453
cellbender:remove-background: [epoch 111]  average training loss: 3417.6674
cellbender:remove-background: [epoch 112]  average training loss: 3414.8629
cellbender:remove-background: [epoch 113]  average training loss: 3410.6946
cellbender:remove-background: [epoch 114]  average training loss: 3435.1627
cellbender:remove-background: [epoch 115]  average training loss: 3416.7285
cellbender:remove-background: [epoch 115] average test loss: 3424.5523
cellbender:remove-background: [epoch 116]  average training loss: 3420.1292
cellbender:remove-background: [epoch 117]  average training loss: 3418.4527
cellbender:remove-background: [epoch 118]  average training loss: 3407.4244
cellbender:remove-background: [epoch 119]  average training loss: 3417.7623
cellbender:remove-background: [epoch 120]  average training loss: 3415.5440
cellbender:remove-background: [epoch 120] average test loss: 3401.9611
cellbender:remove-background: [epoch 121]  average training loss: 3405.4807
cellbender:remove-background: [epoch 122]  average training loss: 3412.8760
cellbender:remove-background: Saving a checkpoint...
cellbender:remove-background: Saved checkpoint as /weka/scratch/scratch/Mon/mabdel03/Tsai_Data/Cellbender_Outputs/50108174/ckpt.tar.gz
cellbender:remove-background: [epoch 123]  average training loss: 3417.4777
cellbender:remove-background: [epoch 124]  average training loss: 3411.2319
cellbender:remove-background: [epoch 125]  average training loss: 3415.9778
cellbender:remove-background: [epoch 125] average test loss: 3404.9606
cellbender:remove-background: [epoch 126]  average training loss: 3419.1070
cellbender:remove-background: [epoch 127]  average training loss: 3400.0345
cellbender:remove-background: [epoch 128]  average training loss: 3433.2125
cellbender:remove-background: [epoch 129]  average training loss: 3414.7848
cellbender:remove-background: [epoch 130]  average training loss: 3411.7242
cellbender:remove-background: [epoch 130] average test loss: 3399.3377
cellbender:remove-background: [epoch 131]  average training loss: 3412.1007
cellbender:remove-background: [epoch 132]  average training loss: 3416.3988
cellbender:remove-background: [epoch 133]  average training loss: 3420.4918
cellbender:remove-background: [epoch 134]  average training loss: 3402.8071
cellbender:remove-background: [epoch 135]  average training loss: 3428.6651
cellbender:remove-background: [epoch 135] average test loss: 3400.9617
cellbender:remove-background: [epoch 136]  average training loss: 3410.2881
cellbender:remove-background: [epoch 137]  average training loss: 3410.6060
cellbender:remove-background: [epoch 138]  average training loss: 3414.9984
cellbender:remove-background: [epoch 139]  average training loss: 3409.1521
cellbender:remove-background: [epoch 140]  average training loss: 3424.4417
cellbender:remove-background: [epoch 140] average test loss: 3399.2107
cellbender:remove-background: [epoch 141]  average training loss: 3407.8223
cellbender:remove-background: [epoch 142]  average training loss: 3415.7022
cellbender:remove-background: [epoch 143]  average training loss: 3413.1099
cellbender:remove-background: [epoch 144]  average training loss: 3437.6522
cellbender:remove-background: [epoch 145]  average training loss: 3409.7118
cellbender:remove-background: [epoch 145] average test loss: 3423.0277
cellbender:remove-background: [epoch 146]  average training loss: 3411.4724
cellbender:remove-background: [epoch 147]  average training loss: 3415.2506
cellbender:remove-background: [epoch 148]  average training loss: 3402.7316
cellbender:remove-background: [epoch 149]  average training loss: 3409.6419
cellbender:remove-background: [epoch 150]  average training loss: 3403.5068
cellbender:remove-background: [epoch 150] average test loss: 3400.9752
cellbender:remove-background: Saving a checkpoint...
cellbender:remove-background: Saved checkpoint as /weka/scratch/scratch/Mon/mabdel03/Tsai_Data/Cellbender_Outputs/50108174/ckpt.tar.gz
cellbender:remove-background: 2026-02-01 22:41:13
cellbender:remove-background: Inference procedure complete.
cellbender:remove-background: Attempting to unpack tarball "ckpt.tar.gz" to /tmp/tmpwdtesmtn
cellbender:remove-background: Successfully unpacked tarball to /tmp/tmpwdtesmtn
/tmp/tmpwdtesmtn/7cb2b1a060_random.pyro
/tmp/tmpwdtesmtn/7cb2b1a060_random.cuda
/tmp/tmpwdtesmtn/7cb2b1a060_model.torch
/tmp/tmpwdtesmtn/7cb2b1a060_optim.torch
/tmp/tmpwdtesmtn/7cb2b1a060_optim.pyro
/tmp/tmpwdtesmtn/7cb2b1a060_params.pyro
/tmp/tmpwdtesmtn/7cb2b1a060_train.loaderstate
/tmp/tmpwdtesmtn/7cb2b1a060_test.loaderstate
/tmp/tmpwdtesmtn/7cb2b1a060_args.npy
cellbender:remove-background: Posterior not currently included in checkpoint.
cellbender:remove-background: Computing posterior noise count probabilities in mini-batches.
cellbender:remove-background: Working on chunk (1/46)
cellbender:remove-background:     [0.04 mins per chunk]
cellbender:remove-background: Working on chunk (2/46)
cellbender:remove-background: Working on chunk (3/46)
cellbender:remove-background: Working on chunk (4/46)
cellbender:remove-background: Working on chunk (5/46)
cellbender:remove-background: Working on chunk (6/46)
cellbender:remove-background: Working on chunk (7/46)
cellbender:remove-background: Working on chunk (8/46)
cellbender:remove-background: Working on chunk (9/46)
cellbender:remove-background: Working on chunk (10/46)
cellbender:remove-background: Working on chunk (11/46)
cellbender:remove-background: Working on chunk (12/46)
cellbender:remove-background: Working on chunk (13/46)
cellbender:remove-background: Working on chunk (14/46)
cellbender:remove-background: Working on chunk (15/46)
cellbender:remove-background: Working on chunk (16/46)
cellbender:remove-background: Working on chunk (17/46)
cellbender:remove-background: Working on chunk (18/46)
cellbender:remove-background: Working on chunk (19/46)
cellbender:remove-background: Working on chunk (20/46)
cellbender:remove-background: Working on chunk (21/46)
cellbender:remove-background: Working on chunk (22/46)
cellbender:remove-background: Working on chunk (23/46)
cellbender:remove-background: Working on chunk (24/46)
cellbender:remove-background: Working on chunk (25/46)
cellbender:remove-background: Working on chunk (26/46)
cellbender:remove-background: Working on chunk (27/46)
cellbender:remove-background: Working on chunk (28/46)
cellbender:remove-background: Working on chunk (29/46)
cellbender:remove-background: Working on chunk (30/46)
cellbender:remove-background: Working on chunk (31/46)
cellbender:remove-background: Working on chunk (32/46)
cellbender:remove-background: Working on chunk (33/46)
cellbender:remove-background: Working on chunk (34/46)
cellbender:remove-background: Working on chunk (35/46)
cellbender:remove-background: Working on chunk (36/46)
cellbender:remove-background: Working on chunk (37/46)
cellbender:remove-background: Working on chunk (38/46)
cellbender:remove-background: Working on chunk (39/46)
cellbender:remove-background: Working on chunk (40/46)
cellbender:remove-background: Working on chunk (41/46)
cellbender:remove-background: Working on chunk (42/46)
cellbender:remove-background: Working on chunk (43/46)
cellbender:remove-background: Working on chunk (44/46)
cellbender:remove-background: Working on chunk (45/46)
cellbender:remove-background: Working on chunk (46/46)
cellbender:remove-background: Writing full posterior to /om/scratch/Mon/mabdel03/Tsai_Data/Cellbender_Outputs/50108174/processed_feature_bc_matrix_posterior.h5
cellbender:remove-background: Succeeded in writing posterior to file /om/scratch/Mon/mabdel03/Tsai_Data/Cellbender_Outputs/50108174/processed_feature_bc_matrix_posterior.h5
cellbender:remove-background: Added posterior object to checkpoint file.
cellbender:remove-background: 2026-02-01 22:45:55

cellbender:remove-background: Saved summary plots as /om/scratch/Mon/mabdel03/Tsai_Data/Cellbender_Outputs/50108174/processed_feature_bc_matrix.pdf
cellbender:remove-background: Saved cell barcodes in /om/scratch/Mon/mabdel03/Tsai_Data/Cellbender_Outputs/50108174/processed_feature_bc_matrix_cell_barcodes.csv
cellbender:remove-background: Computing target noise counts per gene for MCKP estimator
cellbender:remove-background: Using MCKP noise targets computed for FPR 0.0
cellbender:remove-background: Computing denoised counts using mckp estimator
cellbender:remove-background: Working on chunk (1/7)
cellbender:remove-background:     [1.85 mins per chunk]
cellbender:remove-background: Working on chunk (2/7)
cellbender:remove-background: Working on chunk (3/7)
cellbender:remove-background: Working on chunk (4/7)
cellbender:remove-background: Working on chunk (5/7)
cellbender:remove-background: Working on chunk (6/7)
cellbender:remove-background: Working on chunk (7/7)
cellbender:remove-background: 2026-02-01 22:59:46 Total MCKP estimation time = 795.66 sec
cellbender:remove-background: Succeeded in writing CellRanger format output to file /om/scratch/Mon/mabdel03/Tsai_Data/Cellbender_Outputs/50108174/processed_feature_bc_matrix.h5
cellbender:remove-background: Succeeded in writing CellRanger format output to file /om/scratch/Mon/mabdel03/Tsai_Data/Cellbender_Outputs/50108174/processed_feature_bc_matrix_filtered.h5
cellbender:remove-background: Saved output metrics as /om/scratch/Mon/mabdel03/Tsai_Data/Cellbender_Outputs/50108174/processed_feature_bc_matrix_metrics.csv
[NbConvertApp] Converting notebook tmp.report.ipynb to notebook
[NbConvertApp] Writing 533966 bytes to tmp.report.nbconvert.ipynb
[NbConvertApp] Converting notebook tmp.report.nbconvert.ipynb to html
[NbConvertApp] Writing 1108653 bytes to tmp.report.nbconvert.html
cellbender:remove-background: Succeeded in writing report to /om/scratch/Mon/mabdel03/Tsai_Data/Cellbender_Outputs/50108174/processed_feature_bc_matrix_report.html
cellbender:remove-background: Completed remove-background.
cellbender:remove-background: 2026-02-01 23:00:38

