cellbender:remove-background: Command:
cellbender remove-background --cuda --input /tmp/cellbender_44648451_50/raw_feature_bc_matrix.h5 --fpr 0 --output /om/scratch/Mon/mabdel03/Tsai_Data/Cellbender_Outputs/11310718/processed_feature_bc_matrix.h5
cellbender:remove-background: CellBender 0.3.0
cellbender:remove-background: (Workflow hash 23a99cd620)
cellbender:remove-background: 2026-01-31 17:23:21
cellbender:remove-background: Running remove-background
cellbender:remove-background: Loading data from /tmp/cellbender_44648451_50/raw_feature_bc_matrix.h5
cellbender:remove-background: CellRanger v3 format
cellbender:remove-background: Features in dataset: 36601 Gene Expression
cellbender:remove-background: Trimming features for inference.
cellbender:remove-background: 27663 features have nonzero counts.
cellbender:remove-background: Prior on counts for cells is 5976
cellbender:remove-background: Prior on counts for empty droplets is 48
cellbender:remove-background: Excluding 8685 features that are estimated to have <= 0.1 background counts in cells.
cellbender:remove-background: Including 18978 features in the analysis.
cellbender:remove-background: Trimming barcodes for inference.
cellbender:remove-background: Excluding barcodes with counts below 24
cellbender:remove-background: Using 355 probable cell barcodes, plus an additional 2610 barcodes, and 44152 empty droplets.
cellbender:remove-background: Largest surely-empty droplet has 62 UMI counts.
cellbender:remove-background: Attempting to unpack tarball "ckpt.tar.gz" to /tmp/tmpx0yvwl6e
cellbender:remove-background: No saved checkpoint.
cellbender:remove-background: No checkpoint loaded.
cellbender:remove-background: Running inference...
cellbender:remove-background: [epoch 001]  average training loss: 4675.1861
cellbender:remove-background: [epoch 002]  average training loss: 4353.4604  (1.0 seconds per epoch)
cellbender:remove-background: Will not checkpoint due to projected run completion in under 7.0 min
cellbender:remove-background: [epoch 003]  average training loss: 4236.6496
cellbender:remove-background: [epoch 004]  average training loss: 4009.7645
cellbender:remove-background: [epoch 005]  average training loss: 3758.5556
cellbender:remove-background: [epoch 005] average test loss: 4212.7003
cellbender:remove-background: [epoch 006]  average training loss: 3542.3530
cellbender:remove-background: [epoch 007]  average training loss: 3385.4847
cellbender:remove-background: [epoch 008]  average training loss: 3131.7337
cellbender:remove-background: [epoch 009]  average training loss: 2991.1881
cellbender:remove-background: [epoch 010]  average training loss: 2786.9245
cellbender:remove-background: [epoch 010] average test loss: 3588.9018
cellbender:remove-background: [epoch 011]  average training loss: 2736.1223
cellbender:remove-background: [epoch 012]  average training loss: 2667.4978
cellbender:remove-background: [epoch 013]  average training loss: 2590.4621
cellbender:remove-background: [epoch 014]  average training loss: 2505.2294
cellbender:remove-background: [epoch 015]  average training loss: 2453.6701
cellbender:remove-background: [epoch 015] average test loss: 3201.9651
cellbender:remove-background: [epoch 016]  average training loss: 2492.1792
cellbender:remove-background: [epoch 017]  average training loss: 2468.1306
cellbender:remove-background: [epoch 018]  average training loss: 2471.7195
cellbender:remove-background: [epoch 019]  average training loss: 2442.7876
cellbender:remove-background: [epoch 020]  average training loss: 2457.4657
cellbender:remove-background: [epoch 020] average test loss: 2810.1832
cellbender:remove-background: [epoch 021]  average training loss: 2444.1752
cellbender:remove-background: [epoch 022]  average training loss: 2469.0110
cellbender:remove-background: [epoch 023]  average training loss: 2435.9093
cellbender:remove-background: [epoch 024]  average training loss: 2419.6816
cellbender:remove-background: [epoch 025]  average training loss: 2441.8028
cellbender:remove-background: [epoch 025] average test loss: 2862.5116
cellbender:remove-background: [epoch 026]  average training loss: 2426.5300
cellbender:remove-background: [epoch 027]  average training loss: 2444.2243
cellbender:remove-background: [epoch 028]  average training loss: 2445.3546
cellbender:remove-background: [epoch 029]  average training loss: 2465.5706
cellbender:remove-background: [epoch 030]  average training loss: 2455.3153
cellbender:remove-background: [epoch 030] average test loss: 2892.9651
cellbender:remove-background: [epoch 031]  average training loss: 2444.0196
cellbender:remove-background: [epoch 032]  average training loss: 2449.6626
cellbender:remove-background: [epoch 033]  average training loss: 2443.4138
cellbender:remove-background: [epoch 034]  average training loss: 2435.0985
cellbender:remove-background: [epoch 035]  average training loss: 2439.0796
cellbender:remove-background: [epoch 035] average test loss: 2826.4029
cellbender:remove-background: [epoch 036]  average training loss: 2445.1365
cellbender:remove-background: [epoch 037]  average training loss: 2415.6227
cellbender:remove-background: [epoch 038]  average training loss: 2408.9269
cellbender:remove-background: [epoch 039]  average training loss: 2396.1407
cellbender:remove-background: [epoch 040]  average training loss: 2389.9106
cellbender:remove-background: [epoch 040] average test loss: 2769.7204
cellbender:remove-background: [epoch 041]  average training loss: 2393.4461
cellbender:remove-background: [epoch 042]  average training loss: 2404.2283
cellbender:remove-background: [epoch 043]  average training loss: 2362.4186
cellbender:remove-background: [epoch 044]  average training loss: 2368.0952
cellbender:remove-background: [epoch 045]  average training loss: 2369.6250
cellbender:remove-background: [epoch 045] average test loss: 2757.4214
cellbender:remove-background: [epoch 046]  average training loss: 2354.5227
cellbender:remove-background: [epoch 047]  average training loss: 2340.3023
cellbender:remove-background: [epoch 048]  average training loss: 2343.4452
cellbender:remove-background: [epoch 049]  average training loss: 2338.1433
cellbender:remove-background: [epoch 050]  average training loss: 2347.3942
cellbender:remove-background: [epoch 050] average test loss: 2740.5606
cellbender:remove-background: [epoch 051]  average training loss: 2335.7775
cellbender:remove-background: [epoch 052]  average training loss: 2339.4579
cellbender:remove-background: [epoch 053]  average training loss: 2325.9042
cellbender:remove-background: [epoch 054]  average training loss: 2334.9818
cellbender:remove-background: [epoch 055]  average training loss: 2330.7576
cellbender:remove-background: [epoch 055] average test loss: 2717.4496
cellbender:remove-background: [epoch 056]  average training loss: 2314.0951
cellbender:remove-background: [epoch 057]  average training loss: 2319.6374
cellbender:remove-background: [epoch 058]  average training loss: 2314.2636
cellbender:remove-background: [epoch 059]  average training loss: 2308.5881
cellbender:remove-background: [epoch 060]  average training loss: 2311.2040
cellbender:remove-background: [epoch 060] average test loss: 2681.3292
cellbender:remove-background: [epoch 061]  average training loss: 2311.7788
cellbender:remove-background: [epoch 062]  average training loss: 2304.6579
cellbender:remove-background: [epoch 063]  average training loss: 2307.9957
cellbender:remove-background: [epoch 064]  average training loss: 2305.7723
cellbender:remove-background: [epoch 065]  average training loss: 2298.8563
cellbender:remove-background: [epoch 065] average test loss: 2674.2893
cellbender:remove-background: [epoch 066]  average training loss: 2298.4254
cellbender:remove-background: [epoch 067]  average training loss: 2290.8440
cellbender:remove-background: [epoch 068]  average training loss: 2285.6377
cellbender:remove-background: [epoch 069]  average training loss: 2285.8604
cellbender:remove-background: [epoch 070]  average training loss: 2282.9565
cellbender:remove-background: [epoch 070] average test loss: 2658.8245
cellbender:remove-background: [epoch 071]  average training loss: 2275.5728
cellbender:remove-background: [epoch 072]  average training loss: 2279.7794
cellbender:remove-background: [epoch 073]  average training loss: 2276.5774
cellbender:remove-background: [epoch 074]  average training loss: 2272.7410
cellbender:remove-background: [epoch 075]  average training loss: 2275.1117
cellbender:remove-background: [epoch 075] average test loss: 2636.8990
cellbender:remove-background: [epoch 076]  average training loss: 2276.4774
cellbender:remove-background: [epoch 077]  average training loss: 2272.8170
cellbender:remove-background: [epoch 078]  average training loss: 2266.9269
cellbender:remove-background: [epoch 079]  average training loss: 2273.4542
cellbender:remove-background: [epoch 080]  average training loss: 2274.8607
cellbender:remove-background: [epoch 080] average test loss: 2626.4093
cellbender:remove-background: [epoch 081]  average training loss: 2263.8996
cellbender:remove-background: [epoch 082]  average training loss: 2263.0534
cellbender:remove-background: [epoch 083]  average training loss: 2260.4414
cellbender:remove-background: [epoch 084]  average training loss: 2263.0821
cellbender:remove-background: [epoch 085]  average training loss: 2262.2093
cellbender:remove-background: [epoch 085] average test loss: 2613.5454
cellbender:remove-background: [epoch 086]  average training loss: 2260.6227
cellbender:remove-background: [epoch 087]  average training loss: 2259.6270
cellbender:remove-background: [epoch 088]  average training loss: 2259.5378
cellbender:remove-background: [epoch 089]  average training loss: 2257.5779
cellbender:remove-background: [epoch 090]  average training loss: 2259.7867
cellbender:remove-background: [epoch 090] average test loss: 2621.8302
cellbender:remove-background: [epoch 091]  average training loss: 2257.4999
cellbender:remove-background: [epoch 092]  average training loss: 2253.6133
cellbender:remove-background: [epoch 093]  average training loss: 2250.9839
cellbender:remove-background: [epoch 094]  average training loss: 2252.2391
cellbender:remove-background: [epoch 095]  average training loss: 2249.4353
cellbender:remove-background: [epoch 095] average test loss: 2628.4040
cellbender:remove-background: [epoch 096]  average training loss: 2249.0346
cellbender:remove-background: [epoch 097]  average training loss: 2250.9427
cellbender:remove-background: [epoch 098]  average training loss: 2249.6373
cellbender:remove-background: [epoch 099]  average training loss: 2244.8096
cellbender:remove-background: [epoch 100]  average training loss: 2246.4260
cellbender:remove-background: [epoch 100] average test loss: 2613.7711
cellbender:remove-background: [epoch 101]  average training loss: 2246.1203
cellbender:remove-background: [epoch 102]  average training loss: 2242.3039
cellbender:remove-background: [epoch 103]  average training loss: 2246.7407
cellbender:remove-background: [epoch 104]  average training loss: 2243.5401
cellbender:remove-background: [epoch 105]  average training loss: 2244.8581
cellbender:remove-background: [epoch 105] average test loss: 2608.6679
cellbender:remove-background: [epoch 106]  average training loss: 2242.7731
cellbender:remove-background: [epoch 107]  average training loss: 2238.7162
cellbender:remove-background: [epoch 108]  average training loss: 2243.4854
cellbender:remove-background: [epoch 109]  average training loss: 2244.3059
cellbender:remove-background: [epoch 110]  average training loss: 2240.6649
cellbender:remove-background: [epoch 110] average test loss: 2604.3908
cellbender:remove-background: [epoch 111]  average training loss: 2239.2316
cellbender:remove-background: [epoch 112]  average training loss: 2240.4341
cellbender:remove-background: [epoch 113]  average training loss: 2239.0276
cellbender:remove-background: [epoch 114]  average training loss: 2238.8755
cellbender:remove-background: [epoch 115]  average training loss: 2236.2607
cellbender:remove-background: [epoch 115] average test loss: 2608.0539
cellbender:remove-background: [epoch 116]  average training loss: 2237.3631
cellbender:remove-background: [epoch 117]  average training loss: 2237.5039
cellbender:remove-background: [epoch 118]  average training loss: 2234.8603
cellbender:remove-background: [epoch 119]  average training loss: 2236.9057
cellbender:remove-background: [epoch 120]  average training loss: 2233.2160
cellbender:remove-background: [epoch 120] average test loss: 2611.4548
cellbender:remove-background: [epoch 121]  average training loss: 2236.1052
cellbender:remove-background: [epoch 122]  average training loss: 2236.2517
cellbender:remove-background: [epoch 123]  average training loss: 2235.9118
cellbender:remove-background: [epoch 124]  average training loss: 2234.3997
cellbender:remove-background: [epoch 125]  average training loss: 2237.1088
cellbender:remove-background: [epoch 125] average test loss: 2615.3606
cellbender:remove-background: [epoch 126]  average training loss: 2237.2408
cellbender:remove-background: [epoch 127]  average training loss: 2236.8291
cellbender:remove-background: [epoch 128]  average training loss: 2234.2569
cellbender:remove-background: [epoch 129]  average training loss: 2231.6000
cellbender:remove-background: [epoch 130]  average training loss: 2232.3517
cellbender:remove-background: [epoch 130] average test loss: 2602.6929
cellbender:remove-background: [epoch 131]  average training loss: 2233.8998
cellbender:remove-background: [epoch 132]  average training loss: 2231.0872
cellbender:remove-background: [epoch 133]  average training loss: 2232.4058
cellbender:remove-background: [epoch 134]  average training loss: 2232.2650
cellbender:remove-background: [epoch 135]  average training loss: 2231.0732
cellbender:remove-background: [epoch 135] average test loss: 2600.9497
cellbender:remove-background: [epoch 136]  average training loss: 2229.5374
cellbender:remove-background: [epoch 137]  average training loss: 2232.5229
cellbender:remove-background: [epoch 138]  average training loss: 2231.9051
cellbender:remove-background: [epoch 139]  average training loss: 2231.1934
cellbender:remove-background: [epoch 140]  average training loss: 2231.0143
cellbender:remove-background: [epoch 140] average test loss: 2603.4818
cellbender:remove-background: [epoch 141]  average training loss: 2233.9247
cellbender:remove-background: [epoch 142]  average training loss: 2230.9330
cellbender:remove-background: [epoch 143]  average training loss: 2229.4385
cellbender:remove-background: [epoch 144]  average training loss: 2232.0787
cellbender:remove-background: [epoch 145]  average training loss: 2230.6792
cellbender:remove-background: [epoch 145] average test loss: 2607.5718
cellbender:remove-background: [epoch 146]  average training loss: 2230.4264
cellbender:remove-background: [epoch 147]  average training loss: 2231.0415
cellbender:remove-background: [epoch 148]  average training loss: 2231.5797
cellbender:remove-background: [epoch 149]  average training loss: 2233.1479
cellbender:remove-background: [epoch 150]  average training loss: 2232.2021
cellbender:remove-background: [epoch 150] average test loss: 2598.9376
cellbender:remove-background: Saving a checkpoint...
cellbender:remove-background: Saved checkpoint as /weka/scratch/scratch/Mon/mabdel03/Tsai_Data/Cellbender_Outputs/11310718/ckpt.tar.gz
cellbender:remove-background: 2026-01-31 17:26:49
cellbender:remove-background: Inference procedure complete.
cellbender:remove-background: Attempting to unpack tarball "ckpt.tar.gz" to /tmp/tmpoxxq387n
cellbender:remove-background: Successfully unpacked tarball to /tmp/tmpoxxq387n
/tmp/tmpoxxq387n/23a99cd620_random.pyro
/tmp/tmpoxxq387n/23a99cd620_random.cuda
/tmp/tmpoxxq387n/23a99cd620_model.torch
/tmp/tmpoxxq387n/23a99cd620_optim.torch
/tmp/tmpoxxq387n/23a99cd620_optim.pyro
/tmp/tmpoxxq387n/23a99cd620_params.pyro
/tmp/tmpoxxq387n/23a99cd620_train.loaderstate
/tmp/tmpoxxq387n/23a99cd620_test.loaderstate
/tmp/tmpoxxq387n/23a99cd620_args.npy
cellbender:remove-background: Posterior not currently included in checkpoint.
cellbender:remove-background: Computing posterior noise count probabilities in mini-batches.
cellbender:remove-background: Working on chunk (1/6)
cellbender:remove-background:     [0.03 mins per chunk]
cellbender:remove-background: Working on chunk (2/6)
cellbender:remove-background: Working on chunk (3/6)
cellbender:remove-background: Working on chunk (4/6)
cellbender:remove-background: Working on chunk (5/6)
cellbender:remove-background: Working on chunk (6/6)
cellbender:remove-background: Writing full posterior to /om/scratch/Mon/mabdel03/Tsai_Data/Cellbender_Outputs/11310718/processed_feature_bc_matrix_posterior.h5
cellbender:remove-background: Succeeded in writing posterior to file /om/scratch/Mon/mabdel03/Tsai_Data/Cellbender_Outputs/11310718/processed_feature_bc_matrix_posterior.h5
cellbender:remove-background: Added posterior object to checkpoint file.
cellbender:remove-background: 2026-01-31 17:28:15

cellbender:remove-background: Saved summary plots as /om/scratch/Mon/mabdel03/Tsai_Data/Cellbender_Outputs/11310718/processed_feature_bc_matrix.pdf
cellbender:remove-background: Saved cell barcodes in /om/scratch/Mon/mabdel03/Tsai_Data/Cellbender_Outputs/11310718/processed_feature_bc_matrix_cell_barcodes.csv
cellbender:remove-background: Computing target noise counts per gene for MCKP estimator
cellbender:remove-background: Using MCKP noise targets computed for FPR 0.0
cellbender:remove-background: Computing denoised counts using mckp estimator
cellbender:remove-background: Working on chunk (1/7)
cellbender:remove-background:     [0.18 mins per chunk]
cellbender:remove-background: Working on chunk (2/7)
cellbender:remove-background: Working on chunk (3/7)
cellbender:remove-background: Working on chunk (4/7)
cellbender:remove-background: Working on chunk (5/7)
cellbender:remove-background: Working on chunk (6/7)
cellbender:remove-background: Working on chunk (7/7)
cellbender:remove-background: 2026-01-31 17:29:34 Total MCKP estimation time = 74.56 sec
cellbender:remove-background: Succeeded in writing CellRanger format output to file /om/scratch/Mon/mabdel03/Tsai_Data/Cellbender_Outputs/11310718/processed_feature_bc_matrix.h5
cellbender:remove-background: Succeeded in writing CellRanger format output to file /om/scratch/Mon/mabdel03/Tsai_Data/Cellbender_Outputs/11310718/processed_feature_bc_matrix_filtered.h5
cellbender:remove-background: Saved output metrics as /om/scratch/Mon/mabdel03/Tsai_Data/Cellbender_Outputs/11310718/processed_feature_bc_matrix_metrics.csv
[NbConvertApp] Converting notebook tmp.report.ipynb to notebook
[NbConvertApp] Writing 390219 bytes to tmp.report.nbconvert.ipynb
[NbConvertApp] Converting notebook tmp.report.nbconvert.ipynb to html
[NbConvertApp] Writing 964906 bytes to tmp.report.nbconvert.html
cellbender:remove-background: Succeeded in writing report to /om/scratch/Mon/mabdel03/Tsai_Data/Cellbender_Outputs/11310718/processed_feature_bc_matrix_report.html
cellbender:remove-background: Completed remove-background.
cellbender:remove-background: 2026-01-31 17:29:51

