cellbender:remove-background: Command:
cellbender remove-background --cuda --input /om/scratch/Mon/mabdel03/Tsai_Data/Cellranger_Outputs/51815338/outs/raw_feature_bc_matrix.h5 --fpr 0 --output /om/scratch/Mon/mabdel03/Tsai_Data/Cellbender_Outputs/51815338/processed_feature_bc_matrix.h5
cellbender:remove-background: CellBender 0.3.0
cellbender:remove-background: (Workflow hash 32665fc8d8)
cellbender:remove-background: 2026-02-02 00:30:03
cellbender:remove-background: Running remove-background
cellbender:remove-background: Loading data from /om/scratch/Mon/mabdel03/Tsai_Data/Cellranger_Outputs/51815338/outs/raw_feature_bc_matrix.h5
cellbender:remove-background: CellRanger v3 format
cellbender:remove-background: Features in dataset: 36601 Gene Expression
cellbender:remove-background: Trimming features for inference.
cellbender:remove-background: 31921 features have nonzero counts.
cellbender:remove-background: Prior on counts for cells is 3663
cellbender:remove-background: Prior on counts for empty droplets is 1465
cellbender:remove-background: Excluding 4031 features that are estimated to have <= 0.1 background counts in cells.
cellbender:remove-background: Including 27890 features in the analysis.
cellbender:remove-background: Trimming barcodes for inference.
cellbender:remove-background: Excluding barcodes with counts below 732
cellbender:remove-background: Using 4656 probable cell barcodes, plus an additional 14490 barcodes, and 27363 empty droplets.
cellbender:remove-background: Largest surely-empty droplet has 1702 UMI counts.
cellbender:remove-background: Attempting to unpack tarball "ckpt.tar.gz" to /tmp/tmprqc49016
cellbender:remove-background: No saved checkpoint.
cellbender:remove-background: No checkpoint loaded.
cellbender:remove-background: Running inference...
cellbender:remove-background: [epoch 001]  average training loss: 6671.6210
cellbender:remove-background: [epoch 002]  average training loss: 6243.3836  (11.7 seconds per epoch)
cellbender:remove-background: Will checkpoint every 36 epochs
cellbender:remove-background: [epoch 003]  average training loss: 6048.1214
cellbender:remove-background: [epoch 004]  average training loss: 5861.1672
cellbender:remove-background: [epoch 005]  average training loss: 5700.7466
cellbender:remove-background: [epoch 005] average test loss: 5663.4658
cellbender:remove-background: [epoch 006]  average training loss: 5597.8726
cellbender:remove-background: [epoch 007]  average training loss: 5544.2889
cellbender:remove-background: [epoch 008]  average training loss: 5498.9646
cellbender:remove-background: [epoch 009]  average training loss: 5490.4366
cellbender:remove-background: [epoch 010]  average training loss: 5507.5106
cellbender:remove-background: [epoch 010] average test loss: 5522.5999
cellbender:remove-background: [epoch 011]  average training loss: 5530.7921
cellbender:remove-background: [epoch 012]  average training loss: 5513.6961
cellbender:remove-background: [epoch 013]  average training loss: 5521.6410
cellbender:remove-background: [epoch 014]  average training loss: 5519.9587
cellbender:remove-background: [epoch 015]  average training loss: 5532.2298
cellbender:remove-background: [epoch 015] average test loss: 5588.3392
cellbender:remove-background: [epoch 016]  average training loss: 5628.9951
cellbender:remove-background: [epoch 017]  average training loss: 5674.0260
cellbender:remove-background: [epoch 018]  average training loss: 5694.9969
cellbender:remove-background: [epoch 019]  average training loss: 5709.3554
cellbender:remove-background: [epoch 020]  average training loss: 5724.5738
cellbender:remove-background: [epoch 020] average test loss: 5727.4957
cellbender:remove-background: [epoch 021]  average training loss: 5712.4411
cellbender:remove-background: [epoch 022]  average training loss: 5729.6632
cellbender:remove-background: [epoch 023]  average training loss: 5720.8977
cellbender:remove-background: [epoch 024]  average training loss: 5725.0036
cellbender:remove-background: [epoch 025]  average training loss: 5722.5527
cellbender:remove-background: [epoch 025] average test loss: 5719.4021
cellbender:remove-background: [epoch 026]  average training loss: 5720.8430
cellbender:remove-background: [epoch 027]  average training loss: 5719.7623
cellbender:remove-background: [epoch 028]  average training loss: 5720.4902
cellbender:remove-background: [epoch 029]  average training loss: 5726.9635
cellbender:remove-background: [epoch 030]  average training loss: 5718.3176
cellbender:remove-background: [epoch 030] average test loss: 5717.8387
cellbender:remove-background: [epoch 031]  average training loss: 5722.5858
cellbender:remove-background: [epoch 032]  average training loss: 5715.4466
cellbender:remove-background: [epoch 033]  average training loss: 5725.3566
cellbender:remove-background: [epoch 034]  average training loss: 5714.6402
cellbender:remove-background: [epoch 035]  average training loss: 5709.5598
cellbender:remove-background: [epoch 035] average test loss: 5736.7216
cellbender:remove-background: [epoch 036]  average training loss: 5708.4817
cellbender:remove-background: Saving a checkpoint...
cellbender:remove-background: Saved checkpoint as /weka/scratch/scratch/Mon/mabdel03/Tsai_Data/Cellbender_Outputs/51815338/ckpt.tar.gz
cellbender:remove-background: [epoch 037]  average training loss: 5706.9261
cellbender:remove-background: [epoch 038]  average training loss: 5698.4832
cellbender:remove-background: [epoch 039]  average training loss: 5702.1239
cellbender:remove-background: [epoch 040]  average training loss: 5696.2677
cellbender:remove-background: [epoch 040] average test loss: 5706.5023
cellbender:remove-background: [epoch 041]  average training loss: 5686.1950
cellbender:remove-background: [epoch 042]  average training loss: 5688.4906
cellbender:remove-background: [epoch 043]  average training loss: 5686.1124
cellbender:remove-background: [epoch 044]  average training loss: 5682.1893
cellbender:remove-background: [epoch 045]  average training loss: 5690.8675
cellbender:remove-background: [epoch 045] average test loss: 5683.4874
cellbender:remove-background: [epoch 046]  average training loss: 5679.9965
cellbender:remove-background: [epoch 047]  average training loss: 5675.3273
cellbender:remove-background: [epoch 048]  average training loss: 5680.9789
cellbender:remove-background: [epoch 049]  average training loss: 5669.7964
cellbender:remove-background: [epoch 050]  average training loss: 5674.0813
cellbender:remove-background: [epoch 050] average test loss: 5675.4101
cellbender:remove-background: [epoch 051]  average training loss: 5677.6992
cellbender:remove-background: [epoch 052]  average training loss: 5676.8559
cellbender:remove-background: [epoch 053]  average training loss: 5670.9267
cellbender:remove-background: [epoch 054]  average training loss: 5673.6929
cellbender:remove-background: [epoch 055]  average training loss: 5668.2698
cellbender:remove-background: [epoch 055] average test loss: 5696.6950
cellbender:remove-background: [epoch 056]  average training loss: 5675.2895
cellbender:remove-background: [epoch 057]  average training loss: 5670.3047
cellbender:remove-background: [epoch 058]  average training loss: 5676.8673
cellbender:remove-background: [epoch 059]  average training loss: 5671.2423
cellbender:remove-background: [epoch 060]  average training loss: 5668.3192
cellbender:remove-background: [epoch 060] average test loss: 5673.1336
cellbender:remove-background: [epoch 061]  average training loss: 5672.4982
cellbender:remove-background: [epoch 062]  average training loss: 5669.9526
cellbender:remove-background: [epoch 063]  average training loss: 5673.3561
cellbender:remove-background: [epoch 064]  average training loss: 5670.2478
cellbender:remove-background: [epoch 065]  average training loss: 5665.1436
cellbender:remove-background: [epoch 065] average test loss: 5659.9270
cellbender:remove-background: [epoch 066]  average training loss: 5667.4981
cellbender:remove-background: [epoch 067]  average training loss: 5660.9490
cellbender:remove-background: [epoch 068]  average training loss: 5670.1653
cellbender:remove-background: [epoch 069]  average training loss: 5664.6932
cellbender:remove-background: [epoch 070]  average training loss: 5662.9764
cellbender:remove-background: [epoch 070] average test loss: 5676.9338
cellbender:remove-background: [epoch 071]  average training loss: 5667.5346
cellbender:remove-background: [epoch 072]  average training loss: 5663.0250
cellbender:remove-background: Saving a checkpoint...
cellbender:remove-background: Saved checkpoint as /weka/scratch/scratch/Mon/mabdel03/Tsai_Data/Cellbender_Outputs/51815338/ckpt.tar.gz
cellbender:remove-background: [epoch 073]  average training loss: 5665.9815
cellbender:remove-background: [epoch 074]  average training loss: 5663.4768
cellbender:remove-background: [epoch 075]  average training loss: 5666.8904
cellbender:remove-background: [epoch 075] average test loss: 5672.0125
cellbender:remove-background: [epoch 076]  average training loss: 5665.9638
cellbender:remove-background: [epoch 077]  average training loss: 5659.0390
cellbender:remove-background: [epoch 078]  average training loss: 5658.9309
cellbender:remove-background: [epoch 079]  average training loss: 5661.1334
cellbender:remove-background: [epoch 080]  average training loss: 5665.7590
cellbender:remove-background: [epoch 080] average test loss: 5652.2804
cellbender:remove-background: [epoch 081]  average training loss: 5654.8077
cellbender:remove-background: [epoch 082]  average training loss: 5659.6553
cellbender:remove-background: [epoch 083]  average training loss: 5660.5144
cellbender:remove-background: [epoch 084]  average training loss: 5661.4596
cellbender:remove-background: [epoch 085]  average training loss: 5655.1138
cellbender:remove-background: [epoch 085] average test loss: 5678.3959
cellbender:remove-background: [epoch 086]  average training loss: 5659.2366
cellbender:remove-background: [epoch 087]  average training loss: 5657.9199
cellbender:remove-background: [epoch 088]  average training loss: 5646.9982
cellbender:remove-background: [epoch 089]  average training loss: 5655.5216
cellbender:remove-background: [epoch 090]  average training loss: 5657.3150
cellbender:remove-background: [epoch 090] average test loss: 5670.2912
cellbender:remove-background: [epoch 091]  average training loss: 5653.7143
cellbender:remove-background: [epoch 092]  average training loss: 5659.4352
cellbender:remove-background: [epoch 093]  average training loss: 5654.0399
cellbender:remove-background: [epoch 094]  average training loss: 5654.3487
cellbender:remove-background: [epoch 095]  average training loss: 5650.4757
cellbender:remove-background: [epoch 095] average test loss: 5665.3228
cellbender:remove-background: [epoch 096]  average training loss: 5651.2208
cellbender:remove-background: [epoch 097]  average training loss: 5654.3536
cellbender:remove-background: [epoch 098]  average training loss: 5651.0829
cellbender:remove-background: [epoch 099]  average training loss: 5652.1107
cellbender:remove-background: [epoch 100]  average training loss: 5649.5914
cellbender:remove-background: [epoch 100] average test loss: 5643.5853
cellbender:remove-background: [epoch 101]  average training loss: 5645.2418
cellbender:remove-background: [epoch 102]  average training loss: 5651.9154
cellbender:remove-background: [epoch 103]  average training loss: 5651.5805
cellbender:remove-background: [epoch 104]  average training loss: 5650.7016
cellbender:remove-background: [epoch 105]  average training loss: 5647.3964
cellbender:remove-background: [epoch 105] average test loss: 5654.9455
cellbender:remove-background: [epoch 106]  average training loss: 5643.6931
cellbender:remove-background: [epoch 107]  average training loss: 5655.3603
cellbender:remove-background: [epoch 108]  average training loss: 5641.1248
cellbender:remove-background: Saving a checkpoint...
cellbender:remove-background: Saved checkpoint as /weka/scratch/scratch/Mon/mabdel03/Tsai_Data/Cellbender_Outputs/51815338/ckpt.tar.gz
cellbender:remove-background: [epoch 109]  average training loss: 5648.1485
cellbender:remove-background: [epoch 110]  average training loss: 5648.1927
cellbender:remove-background: [epoch 110] average test loss: 5638.6334
cellbender:remove-background: [epoch 111]  average training loss: 5651.4408
cellbender:remove-background: [epoch 112]  average training loss: 5649.8632
cellbender:remove-background: [epoch 113]  average training loss: 5646.0510
cellbender:remove-background: [epoch 114]  average training loss: 5653.4973
cellbender:remove-background: [epoch 115]  average training loss: 5644.2668
cellbender:remove-background: [epoch 115] average test loss: 5657.7153
cellbender:remove-background: [epoch 116]  average training loss: 5652.9397
cellbender:remove-background: [epoch 117]  average training loss: 5647.8807
cellbender:remove-background: [epoch 118]  average training loss: 5645.4520
cellbender:remove-background: [epoch 119]  average training loss: 5644.3300
cellbender:remove-background: [epoch 120]  average training loss: 5646.6127
cellbender:remove-background: [epoch 120] average test loss: 5655.3317
cellbender:remove-background: [epoch 121]  average training loss: 5644.4827
cellbender:remove-background: [epoch 122]  average training loss: 5651.3153
cellbender:remove-background: [epoch 123]  average training loss: 5645.4277
cellbender:remove-background: [epoch 124]  average training loss: 5643.2655
cellbender:remove-background: [epoch 125]  average training loss: 5644.9948
cellbender:remove-background: [epoch 125] average test loss: 5648.9095
cellbender:remove-background: [epoch 126]  average training loss: 5644.2309
cellbender:remove-background: [epoch 127]  average training loss: 5651.1616
cellbender:remove-background: [epoch 128]  average training loss: 5643.8676
cellbender:remove-background: [epoch 129]  average training loss: 5644.9747
cellbender:remove-background: [epoch 130]  average training loss: 5644.5085
cellbender:remove-background: [epoch 130] average test loss: 5663.4036
cellbender:remove-background: [epoch 131]  average training loss: 5646.5672
cellbender:remove-background: [epoch 132]  average training loss: 5650.2386
cellbender:remove-background: [epoch 133]  average training loss: 5651.6741
cellbender:remove-background: [epoch 134]  average training loss: 5647.7128
cellbender:remove-background: [epoch 135]  average training loss: 5645.6790
cellbender:remove-background: [epoch 135] average test loss: 5638.8800
cellbender:remove-background: [epoch 136]  average training loss: 5640.7608
cellbender:remove-background: [epoch 137]  average training loss: 5648.4324
cellbender:remove-background: [epoch 138]  average training loss: 5648.9231
cellbender:remove-background: [epoch 139]  average training loss: 5637.5699
cellbender:remove-background: [epoch 140]  average training loss: 5649.0587
cellbender:remove-background: [epoch 140] average test loss: 5656.8499
cellbender:remove-background: [epoch 141]  average training loss: 5642.7581
cellbender:remove-background: [epoch 142]  average training loss: 5643.8926
cellbender:remove-background: [epoch 143]  average training loss: 5642.7205
cellbender:remove-background: [epoch 144]  average training loss: 5642.3992
cellbender:remove-background: Saving a checkpoint...
cellbender:remove-background: Saved checkpoint as /weka/scratch/scratch/Mon/mabdel03/Tsai_Data/Cellbender_Outputs/51815338/ckpt.tar.gz
cellbender:remove-background: [epoch 145]  average training loss: 5645.4641
cellbender:remove-background: [epoch 145] average test loss: 5647.7716
cellbender:remove-background: [epoch 146]  average training loss: 5643.0753
cellbender:remove-background: [epoch 147]  average training loss: 5649.2134
cellbender:remove-background: [epoch 148]  average training loss: 5645.9981
cellbender:remove-background: [epoch 149]  average training loss: 5646.4103
cellbender:remove-background: [epoch 150]  average training loss: 5645.3033
cellbender:remove-background: [epoch 150] average test loss: 5639.8028
cellbender:remove-background: Saving a checkpoint...
cellbender:remove-background: Saved checkpoint as /weka/scratch/scratch/Mon/mabdel03/Tsai_Data/Cellbender_Outputs/51815338/ckpt.tar.gz
cellbender:remove-background: 2026-02-02 01:07:41
cellbender:remove-background: Inference procedure complete.
cellbender:remove-background: Attempting to unpack tarball "ckpt.tar.gz" to /tmp/tmpz_asisum
cellbender:remove-background: Successfully unpacked tarball to /tmp/tmpz_asisum
/tmp/tmpz_asisum/32665fc8d8_random.pyro
/tmp/tmpz_asisum/32665fc8d8_random.cuda
/tmp/tmpz_asisum/32665fc8d8_model.torch
/tmp/tmpz_asisum/32665fc8d8_optim.torch
/tmp/tmpz_asisum/32665fc8d8_optim.pyro
/tmp/tmpz_asisum/32665fc8d8_params.pyro
/tmp/tmpz_asisum/32665fc8d8_train.loaderstate
/tmp/tmpz_asisum/32665fc8d8_test.loaderstate
/tmp/tmpz_asisum/32665fc8d8_args.npy
cellbender:remove-background: Posterior not currently included in checkpoint.
cellbender:remove-background: Computing posterior noise count probabilities in mini-batches.
cellbender:remove-background: Working on chunk (1/149)
cellbender:remove-background:     [0.05 mins per chunk]
cellbender:remove-background: Working on chunk (2/149)
cellbender:remove-background: Working on chunk (3/149)
cellbender:remove-background: Working on chunk (4/149)
cellbender:remove-background: Working on chunk (5/149)
cellbender:remove-background: Working on chunk (6/149)
cellbender:remove-background: Working on chunk (7/149)
cellbender:remove-background: Working on chunk (8/149)
cellbender:remove-background: Working on chunk (9/149)
cellbender:remove-background: Working on chunk (10/149)
cellbender:remove-background: Working on chunk (11/149)
cellbender:remove-background: Working on chunk (12/149)
cellbender:remove-background: Working on chunk (13/149)
cellbender:remove-background: Working on chunk (14/149)
cellbender:remove-background: Working on chunk (15/149)
cellbender:remove-background: Working on chunk (16/149)
cellbender:remove-background: Working on chunk (17/149)
cellbender:remove-background: Working on chunk (18/149)
cellbender:remove-background: Working on chunk (19/149)
cellbender:remove-background: Working on chunk (20/149)
cellbender:remove-background: Working on chunk (21/149)
cellbender:remove-background: Working on chunk (22/149)
cellbender:remove-background: Working on chunk (23/149)
cellbender:remove-background: Working on chunk (24/149)
cellbender:remove-background: Working on chunk (25/149)
cellbender:remove-background: Working on chunk (26/149)
cellbender:remove-background: Working on chunk (27/149)
cellbender:remove-background: Working on chunk (28/149)
cellbender:remove-background: Working on chunk (29/149)
cellbender:remove-background: Working on chunk (30/149)
cellbender:remove-background: Working on chunk (31/149)
cellbender:remove-background: Working on chunk (32/149)
cellbender:remove-background: Working on chunk (33/149)
cellbender:remove-background: Working on chunk (34/149)
cellbender:remove-background: Working on chunk (35/149)
cellbender:remove-background: Working on chunk (36/149)
cellbender:remove-background: Working on chunk (37/149)
cellbender:remove-background: Working on chunk (38/149)
cellbender:remove-background: Working on chunk (39/149)
cellbender:remove-background: Working on chunk (40/149)
cellbender:remove-background: Working on chunk (41/149)
cellbender:remove-background: Working on chunk (42/149)
cellbender:remove-background: Working on chunk (43/149)
cellbender:remove-background: Working on chunk (44/149)
cellbender:remove-background: Working on chunk (45/149)
cellbender:remove-background: Working on chunk (46/149)
cellbender:remove-background: Working on chunk (47/149)
cellbender:remove-background: Working on chunk (48/149)
cellbender:remove-background: Working on chunk (49/149)
cellbender:remove-background: Working on chunk (50/149)
cellbender:remove-background: Working on chunk (51/149)
cellbender:remove-background: Working on chunk (52/149)
cellbender:remove-background: Working on chunk (53/149)
cellbender:remove-background: Working on chunk (54/149)
cellbender:remove-background: Working on chunk (55/149)
cellbender:remove-background: Working on chunk (56/149)
cellbender:remove-background: Working on chunk (57/149)
cellbender:remove-background: Working on chunk (58/149)
cellbender:remove-background: Working on chunk (59/149)
cellbender:remove-background: Working on chunk (60/149)
cellbender:remove-background: Working on chunk (61/149)
cellbender:remove-background: Working on chunk (62/149)
cellbender:remove-background: Working on chunk (63/149)
cellbender:remove-background: Working on chunk (64/149)
cellbender:remove-background: Working on chunk (65/149)
cellbender:remove-background: Working on chunk (66/149)
cellbender:remove-background: Working on chunk (67/149)
cellbender:remove-background: Working on chunk (68/149)
cellbender:remove-background: Working on chunk (69/149)
cellbender:remove-background: Working on chunk (70/149)
cellbender:remove-background: Working on chunk (71/149)
cellbender:remove-background: Working on chunk (72/149)
cellbender:remove-background: Working on chunk (73/149)
cellbender:remove-background: Working on chunk (74/149)
cellbender:remove-background: Working on chunk (75/149)
cellbender:remove-background: Working on chunk (76/149)
cellbender:remove-background: Working on chunk (77/149)
cellbender:remove-background: Working on chunk (78/149)
cellbender:remove-background: Working on chunk (79/149)
cellbender:remove-background: Working on chunk (80/149)
cellbender:remove-background: Working on chunk (81/149)
cellbender:remove-background: Working on chunk (82/149)
cellbender:remove-background: Working on chunk (83/149)
cellbender:remove-background: Working on chunk (84/149)
cellbender:remove-background: Working on chunk (85/149)
cellbender:remove-background: Working on chunk (86/149)
cellbender:remove-background: Working on chunk (87/149)
cellbender:remove-background: Working on chunk (88/149)
cellbender:remove-background: Working on chunk (89/149)
cellbender:remove-background: Working on chunk (90/149)
cellbender:remove-background: Working on chunk (91/149)
cellbender:remove-background: Working on chunk (92/149)
cellbender:remove-background: Working on chunk (93/149)
cellbender:remove-background: Working on chunk (94/149)
cellbender:remove-background: Working on chunk (95/149)
cellbender:remove-background: Working on chunk (96/149)
cellbender:remove-background: Working on chunk (97/149)
cellbender:remove-background: Working on chunk (98/149)
cellbender:remove-background: Working on chunk (99/149)
cellbender:remove-background: Working on chunk (100/149)
cellbender:remove-background: Working on chunk (101/149)
cellbender:remove-background: Working on chunk (102/149)
cellbender:remove-background: Working on chunk (103/149)
cellbender:remove-background: Working on chunk (104/149)
cellbender:remove-background: Working on chunk (105/149)
cellbender:remove-background: Working on chunk (106/149)
cellbender:remove-background: Working on chunk (107/149)
cellbender:remove-background: Working on chunk (108/149)
cellbender:remove-background: Working on chunk (109/149)
cellbender:remove-background: Working on chunk (110/149)
cellbender:remove-background: Working on chunk (111/149)
cellbender:remove-background: Working on chunk (112/149)
cellbender:remove-background: Working on chunk (113/149)
cellbender:remove-background: Working on chunk (114/149)
cellbender:remove-background: Working on chunk (115/149)
cellbender:remove-background: Working on chunk (116/149)
cellbender:remove-background: Working on chunk (117/149)
cellbender:remove-background: Working on chunk (118/149)
cellbender:remove-background: Working on chunk (119/149)
cellbender:remove-background: Working on chunk (120/149)
cellbender:remove-background: Working on chunk (121/149)
cellbender:remove-background: Working on chunk (122/149)
cellbender:remove-background: Working on chunk (123/149)
cellbender:remove-background: Working on chunk (124/149)
cellbender:remove-background: Working on chunk (125/149)
cellbender:remove-background: Working on chunk (126/149)
cellbender:remove-background: Working on chunk (127/149)
cellbender:remove-background: Working on chunk (128/149)
cellbender:remove-background: Working on chunk (129/149)
cellbender:remove-background: Working on chunk (130/149)
cellbender:remove-background: Working on chunk (131/149)
cellbender:remove-background: Working on chunk (132/149)
cellbender:remove-background: Working on chunk (133/149)
cellbender:remove-background: Working on chunk (134/149)
cellbender:remove-background: Working on chunk (135/149)
cellbender:remove-background: Working on chunk (136/149)
cellbender:remove-background: Working on chunk (137/149)
cellbender:remove-background: Working on chunk (138/149)
cellbender:remove-background: Working on chunk (139/149)
cellbender:remove-background: Working on chunk (140/149)
cellbender:remove-background: Working on chunk (141/149)
cellbender:remove-background: Working on chunk (142/149)
cellbender:remove-background: Working on chunk (143/149)
cellbender:remove-background: Working on chunk (144/149)
cellbender:remove-background: Working on chunk (145/149)
cellbender:remove-background: Working on chunk (146/149)
cellbender:remove-background: Working on chunk (147/149)
cellbender:remove-background: Working on chunk (148/149)
cellbender:remove-background: Working on chunk (149/149)
cellbender:remove-background: Writing full posterior to /om/scratch/Mon/mabdel03/Tsai_Data/Cellbender_Outputs/51815338/processed_feature_bc_matrix_posterior.h5
cellbender:remove-background: Succeeded in writing posterior to file /om/scratch/Mon/mabdel03/Tsai_Data/Cellbender_Outputs/51815338/processed_feature_bc_matrix_posterior.h5
cellbender:remove-background: Added posterior object to checkpoint file.
cellbender:remove-background: 2026-02-02 01:19:21

cellbender:remove-background: Saved summary plots as /om/scratch/Mon/mabdel03/Tsai_Data/Cellbender_Outputs/51815338/processed_feature_bc_matrix.pdf
cellbender:remove-background: Saved cell barcodes in /om/scratch/Mon/mabdel03/Tsai_Data/Cellbender_Outputs/51815338/processed_feature_bc_matrix_cell_barcodes.csv
cellbender:remove-background: Computing target noise counts per gene for MCKP estimator
cellbender:remove-background: Using MCKP noise targets computed for FPR 0.0
cellbender:remove-background: Computing denoised counts using mckp estimator
cellbender:remove-background: Working on chunk (1/7)
cellbender:remove-background:     [4.51 mins per chunk]
cellbender:remove-background: Working on chunk (2/7)
cellbender:remove-background: Working on chunk (3/7)
cellbender:remove-background: Working on chunk (4/7)
cellbender:remove-background: Working on chunk (5/7)
cellbender:remove-background: Working on chunk (6/7)
cellbender:remove-background: Working on chunk (7/7)
cellbender:remove-background: 2026-02-02 01:52:45 Total MCKP estimation time = 1923.77 sec
cellbender:remove-background: Succeeded in writing CellRanger format output to file /om/scratch/Mon/mabdel03/Tsai_Data/Cellbender_Outputs/51815338/processed_feature_bc_matrix.h5
cellbender:remove-background: Succeeded in writing CellRanger format output to file /om/scratch/Mon/mabdel03/Tsai_Data/Cellbender_Outputs/51815338/processed_feature_bc_matrix_filtered.h5
cellbender:remove-background: Saved output metrics as /om/scratch/Mon/mabdel03/Tsai_Data/Cellbender_Outputs/51815338/processed_feature_bc_matrix_metrics.csv
[NbConvertApp] Converting notebook tmp.report.ipynb to notebook
[NbConvertApp] Writing 525158 bytes to tmp.report.nbconvert.ipynb
[NbConvertApp] Converting notebook tmp.report.nbconvert.ipynb to html
[NbConvertApp] Writing 1100003 bytes to tmp.report.nbconvert.html
cellbender:remove-background: Succeeded in writing report to /om/scratch/Mon/mabdel03/Tsai_Data/Cellbender_Outputs/51815338/processed_feature_bc_matrix_report.html
cellbender:remove-background: Completed remove-background.
cellbender:remove-background: 2026-02-02 01:53:56

