cellbender:remove-background: Command:
cellbender remove-background --cuda --input /tmp/cellbender_44651599_222/raw_feature_bc_matrix.h5 --fpr 0 --output /om/scratch/Mon/mabdel03/Tsai_Data/Cellbender_Outputs/2899847/processed_feature_bc_matrix.h5
cellbender:remove-background: CellBender 0.3.0
cellbender:remove-background: (Workflow hash 784f8570f1)
cellbender:remove-background: 2026-02-01 00:04:12
cellbender:remove-background: Running remove-background
cellbender:remove-background: Loading data from /tmp/cellbender_44651599_222/raw_feature_bc_matrix.h5
cellbender:remove-background: CellRanger v3 format
cellbender:remove-background: Features in dataset: 36601 Gene Expression
cellbender:remove-background: Trimming features for inference.
cellbender:remove-background: 27273 features have nonzero counts.
cellbender:remove-background: Prior on counts for cells is 1978
cellbender:remove-background: Prior on counts for empty droplets is 36
cellbender:remove-background: Excluding 8454 features that are estimated to have <= 0.1 background counts in cells.
cellbender:remove-background: Including 18819 features in the analysis.
cellbender:remove-background: Trimming barcodes for inference.
cellbender:remove-background: Excluding barcodes with counts below 18
cellbender:remove-background: Using 1266 probable cell barcodes, plus an additional 8696 barcodes, and 54458 empty droplets.
cellbender:remove-background: Largest surely-empty droplet has 42 UMI counts.
cellbender:remove-background: Attempting to unpack tarball "ckpt.tar.gz" to /tmp/tmpqh2acfei
cellbender:remove-background: No saved checkpoint.
cellbender:remove-background: No checkpoint loaded.
cellbender:remove-background: Running inference...
cellbender:remove-background: [epoch 001]  average training loss: 2150.1407
cellbender:remove-background: [epoch 002]  average training loss: 1983.3079  (3.2 seconds per epoch)
cellbender:remove-background: Will checkpoint every 133 epochs
cellbender:remove-background: [epoch 003]  average training loss: 1849.0253
cellbender:remove-background: [epoch 004]  average training loss: 1728.4677
cellbender:remove-background: [epoch 005]  average training loss: 1643.9055
cellbender:remove-background: [epoch 005] average test loss: 1873.1603
cellbender:remove-background: [epoch 006]  average training loss: 1598.0981
cellbender:remove-background: [epoch 007]  average training loss: 1551.1264
cellbender:remove-background: [epoch 008]  average training loss: 1514.8838
cellbender:remove-background: [epoch 009]  average training loss: 1503.6789
cellbender:remove-background: [epoch 010]  average training loss: 1500.2964
cellbender:remove-background: [epoch 010] average test loss: 1546.8879
cellbender:remove-background: [epoch 011]  average training loss: 1497.0685
cellbender:remove-background: [epoch 012]  average training loss: 1493.2605
cellbender:remove-background: [epoch 013]  average training loss: 1488.2955
cellbender:remove-background: [epoch 014]  average training loss: 1491.4100
cellbender:remove-background: [epoch 015]  average training loss: 1487.5250
cellbender:remove-background: [epoch 015] average test loss: 1521.0794
cellbender:remove-background: [epoch 016]  average training loss: 1484.5232
cellbender:remove-background: [epoch 017]  average training loss: 1484.1577
cellbender:remove-background: [epoch 018]  average training loss: 1484.3827
cellbender:remove-background: [epoch 019]  average training loss: 1484.0500
cellbender:remove-background: [epoch 020]  average training loss: 1481.9978
cellbender:remove-background: [epoch 020] average test loss: 1524.5187
cellbender:remove-background: [epoch 021]  average training loss: 1483.8811
cellbender:remove-background: [epoch 022]  average training loss: 1480.6492
cellbender:remove-background: [epoch 023]  average training loss: 1480.7938
cellbender:remove-background: [epoch 024]  average training loss: 1476.2553
cellbender:remove-background: [epoch 025]  average training loss: 1464.2407
cellbender:remove-background: [epoch 025] average test loss: 1496.8746
cellbender:remove-background: [epoch 026]  average training loss: 1454.9723
cellbender:remove-background: [epoch 027]  average training loss: 1453.9210
cellbender:remove-background: [epoch 028]  average training loss: 1453.5884
cellbender:remove-background: [epoch 029]  average training loss: 1450.3049
cellbender:remove-background: [epoch 030]  average training loss: 1447.7584
cellbender:remove-background: [epoch 030] average test loss: 1499.8845
cellbender:remove-background: [epoch 031]  average training loss: 1446.8189
cellbender:remove-background: [epoch 032]  average training loss: 1446.5493
cellbender:remove-background: [epoch 033]  average training loss: 1445.1151
cellbender:remove-background: [epoch 034]  average training loss: 1444.8886
cellbender:remove-background: [epoch 035]  average training loss: 1442.1078
cellbender:remove-background: [epoch 035] average test loss: 1493.9883
cellbender:remove-background: [epoch 036]  average training loss: 1441.7974
cellbender:remove-background: [epoch 037]  average training loss: 1438.3297
cellbender:remove-background: [epoch 038]  average training loss: 1435.5275
cellbender:remove-background: [epoch 039]  average training loss: 1437.8273
cellbender:remove-background: [epoch 040]  average training loss: 1435.7916
cellbender:remove-background: [epoch 040] average test loss: 1477.9815
cellbender:remove-background: [epoch 041]  average training loss: 1432.1221
cellbender:remove-background: [epoch 042]  average training loss: 1432.0689
cellbender:remove-background: [epoch 043]  average training loss: 1430.2067
cellbender:remove-background: [epoch 044]  average training loss: 1430.3166
cellbender:remove-background: [epoch 045]  average training loss: 1423.2504
cellbender:remove-background: [epoch 045] average test loss: 1465.8284
cellbender:remove-background: [epoch 046]  average training loss: 1421.6635
cellbender:remove-background: [epoch 047]  average training loss: 1421.7704
cellbender:remove-background: [epoch 048]  average training loss: 1416.0691
cellbender:remove-background: [epoch 049]  average training loss: 1412.7336
cellbender:remove-background: [epoch 050]  average training loss: 1413.3180
cellbender:remove-background: [epoch 050] average test loss: 1464.0678
cellbender:remove-background: [epoch 051]  average training loss: 1414.4678
cellbender:remove-background: [epoch 052]  average training loss: 1409.2405
cellbender:remove-background: [epoch 053]  average training loss: 1412.7215
cellbender:remove-background: [epoch 054]  average training loss: 1407.9796
cellbender:remove-background: [epoch 055]  average training loss: 1411.6866
cellbender:remove-background: [epoch 055] average test loss: 1460.3515
cellbender:remove-background: [epoch 056]  average training loss: 1409.0281
cellbender:remove-background: [epoch 057]  average training loss: 1411.2385
cellbender:remove-background: [epoch 058]  average training loss: 1420.1270
cellbender:remove-background: [epoch 059]  average training loss: 1413.3073
cellbender:remove-background: [epoch 060]  average training loss: 1409.2594
cellbender:remove-background: [epoch 060] average test loss: 1510.2161
cellbender:remove-background: [epoch 061]  average training loss: 1413.2761
cellbender:remove-background: [epoch 062]  average training loss: 1410.4728
cellbender:remove-background: [epoch 063]  average training loss: 1408.7727
cellbender:remove-background: [epoch 064]  average training loss: 1418.5767
cellbender:remove-background: [epoch 065]  average training loss: 1400.8171
cellbender:remove-background: [epoch 065] average test loss: 1466.0596
cellbender:remove-background: [epoch 066]  average training loss: 1423.9454
cellbender:remove-background: [epoch 067]  average training loss: 1417.3711
cellbender:remove-background: [epoch 068]  average training loss: 1422.0317
cellbender:remove-background: [epoch 069]  average training loss: 1407.6851
cellbender:remove-background: [epoch 070]  average training loss: 1406.7094
cellbender:remove-background: [epoch 070] average test loss: 1456.2182
cellbender:remove-background: [epoch 071]  average training loss: 1408.9469
cellbender:remove-background: [epoch 072]  average training loss: 1413.7508
cellbender:remove-background: [epoch 073]  average training loss: 1407.5152
cellbender:remove-background: [epoch 074]  average training loss: 1409.4302
cellbender:remove-background: [epoch 075]  average training loss: 1405.5399
cellbender:remove-background: [epoch 075] average test loss: 1472.8623
cellbender:remove-background: [epoch 076]  average training loss: 1405.1114
cellbender:remove-background: [epoch 077]  average training loss: 1418.3286
cellbender:remove-background: [epoch 078]  average training loss: 1419.3955
cellbender:remove-background: [epoch 079]  average training loss: 1412.2945
cellbender:remove-background: [epoch 080]  average training loss: 1404.4744
cellbender:remove-background: [epoch 080] average test loss: 1463.0199
cellbender:remove-background: [epoch 081]  average training loss: 1404.0086
cellbender:remove-background: [epoch 082]  average training loss: 1406.6300
cellbender:remove-background: [epoch 083]  average training loss: 1422.9306
cellbender:remove-background: [epoch 084]  average training loss: 1396.7571
cellbender:remove-background: [epoch 085]  average training loss: 1404.5639
cellbender:remove-background: [epoch 085] average test loss: 1456.4694
cellbender:remove-background: [epoch 086]  average training loss: 1402.8854
cellbender:remove-background: [epoch 087]  average training loss: 1401.6612
cellbender:remove-background: [epoch 088]  average training loss: 1398.1442
cellbender:remove-background: [epoch 089]  average training loss: 1407.8906
cellbender:remove-background: [epoch 090]  average training loss: 1400.2080
cellbender:remove-background: [epoch 090] average test loss: 1459.7684
cellbender:remove-background: [epoch 091]  average training loss: 1404.7300
cellbender:remove-background: [epoch 092]  average training loss: 1402.9078
cellbender:remove-background: [epoch 093]  average training loss: 1398.2487
cellbender:remove-background: [epoch 094]  average training loss: 1400.0277
cellbender:remove-background: [epoch 095]  average training loss: 1404.5110
cellbender:remove-background: [epoch 095] average test loss: 1456.7205
cellbender:remove-background: [epoch 096]  average training loss: 1402.2226
cellbender:remove-background: [epoch 097]  average training loss: 1398.4944
cellbender:remove-background: [epoch 098]  average training loss: 1400.4912
cellbender:remove-background: [epoch 099]  average training loss: 1397.3277
cellbender:remove-background: [epoch 100]  average training loss: 1393.2522
cellbender:remove-background: [epoch 100] average test loss: 1465.1453
cellbender:remove-background: [epoch 101]  average training loss: 1398.7771
cellbender:remove-background: [epoch 102]  average training loss: 1399.9553
cellbender:remove-background: [epoch 103]  average training loss: 1410.5403
cellbender:remove-background: [epoch 104]  average training loss: 1401.0911
cellbender:remove-background: [epoch 105]  average training loss: 1407.8542
cellbender:remove-background: [epoch 105] average test loss: 1474.8837
cellbender:remove-background: [epoch 106]  average training loss: 1396.5435
cellbender:remove-background: [epoch 107]  average training loss: 1399.9844
cellbender:remove-background: [epoch 108]  average training loss: 1400.5611
cellbender:remove-background: [epoch 109]  average training loss: 1395.1747
cellbender:remove-background: [epoch 110]  average training loss: 1398.2729
cellbender:remove-background: [epoch 110] average test loss: 1473.0219
cellbender:remove-background: [epoch 111]  average training loss: 1403.4518
cellbender:remove-background: [epoch 112]  average training loss: 1401.7588
cellbender:remove-background: [epoch 113]  average training loss: 1402.2527
cellbender:remove-background: [epoch 114]  average training loss: 1402.2820
cellbender:remove-background: [epoch 115]  average training loss: 1399.2232
cellbender:remove-background: [epoch 115] average test loss: 1457.9962
cellbender:remove-background: [epoch 116]  average training loss: 1401.8985
cellbender:remove-background: [epoch 117]  average training loss: 1396.7163
cellbender:remove-background: [epoch 118]  average training loss: 1400.5658
cellbender:remove-background: [epoch 119]  average training loss: 1400.3786
cellbender:remove-background: [epoch 120]  average training loss: 1393.0738
cellbender:remove-background: [epoch 120] average test loss: 1486.7364
cellbender:remove-background: [epoch 121]  average training loss: 1395.8642
cellbender:remove-background: [epoch 122]  average training loss: 1400.4428
cellbender:remove-background: [epoch 123]  average training loss: 1399.4591
cellbender:remove-background: [epoch 124]  average training loss: 1396.1702
cellbender:remove-background: [epoch 125]  average training loss: 1396.7683
cellbender:remove-background: [epoch 125] average test loss: 1470.6936
cellbender:remove-background: [epoch 126]  average training loss: 1396.6656
cellbender:remove-background: [epoch 127]  average training loss: 1397.8339
cellbender:remove-background: [epoch 128]  average training loss: 1402.9200
cellbender:remove-background: [epoch 129]  average training loss: 1399.9927
cellbender:remove-background: [epoch 130]  average training loss: 1395.6854
cellbender:remove-background: [epoch 130] average test loss: 1464.6233
cellbender:remove-background: [epoch 131]  average training loss: 1394.1308
cellbender:remove-background: [epoch 132]  average training loss: 1392.1866
cellbender:remove-background: [epoch 133]  average training loss: 1392.4785
cellbender:remove-background: Saving a checkpoint...
cellbender:remove-background: Saved checkpoint as /weka/scratch/scratch/Mon/mabdel03/Tsai_Data/Cellbender_Outputs/2899847/ckpt.tar.gz
cellbender:remove-background: [epoch 134]  average training loss: 1392.1161
cellbender:remove-background: [epoch 135]  average training loss: 1392.9147
cellbender:remove-background: [epoch 135] average test loss: 1457.3833
cellbender:remove-background: [epoch 136]  average training loss: 1389.1135
cellbender:remove-background: [epoch 137]  average training loss: 1395.0324
cellbender:remove-background: [epoch 138]  average training loss: 1398.4332
cellbender:remove-background: [epoch 139]  average training loss: 1396.2776
cellbender:remove-background: [epoch 140]  average training loss: 1393.3183
cellbender:remove-background: [epoch 140] average test loss: 1459.6063
cellbender:remove-background: [epoch 141]  average training loss: 1392.2872
cellbender:remove-background: [epoch 142]  average training loss: 1394.0682
cellbender:remove-background: [epoch 143]  average training loss: 1396.3963
cellbender:remove-background: [epoch 144]  average training loss: 1394.8795
cellbender:remove-background: [epoch 145]  average training loss: 1404.2955
cellbender:remove-background: [epoch 145] average test loss: 1477.1707
cellbender:remove-background: [epoch 146]  average training loss: 1389.9315
cellbender:remove-background: [epoch 147]  average training loss: 1393.8804
cellbender:remove-background: [epoch 148]  average training loss: 1391.4644
cellbender:remove-background: [epoch 149]  average training loss: 1393.2707
cellbender:remove-background: [epoch 150]  average training loss: 1394.7273
cellbender:remove-background: [epoch 150] average test loss: 1459.5208
cellbender:remove-background: Saving a checkpoint...
cellbender:remove-background: Saved checkpoint as /weka/scratch/scratch/Mon/mabdel03/Tsai_Data/Cellbender_Outputs/2899847/ckpt.tar.gz
cellbender:remove-background: 2026-02-01 00:14:44
cellbender:remove-background: Inference procedure complete.
cellbender:remove-background: Attempting to unpack tarball "ckpt.tar.gz" to /tmp/tmp1_2o5xvl
cellbender:remove-background: Successfully unpacked tarball to /tmp/tmp1_2o5xvl
/tmp/tmp1_2o5xvl/784f8570f1_random.pyro
/tmp/tmp1_2o5xvl/784f8570f1_random.cuda
/tmp/tmp1_2o5xvl/784f8570f1_model.torch
/tmp/tmp1_2o5xvl/784f8570f1_optim.torch
/tmp/tmp1_2o5xvl/784f8570f1_optim.pyro
/tmp/tmp1_2o5xvl/784f8570f1_params.pyro
/tmp/tmp1_2o5xvl/784f8570f1_train.loaderstate
/tmp/tmp1_2o5xvl/784f8570f1_test.loaderstate
/tmp/tmp1_2o5xvl/784f8570f1_args.npy
cellbender:remove-background: Posterior not currently included in checkpoint.
cellbender:remove-background: Computing posterior noise count probabilities in mini-batches.
cellbender:remove-background: Working on chunk (1/22)
cellbender:remove-background:     [0.03 mins per chunk]
cellbender:remove-background: Working on chunk (2/22)
cellbender:remove-background: Working on chunk (3/22)
cellbender:remove-background: Working on chunk (4/22)
cellbender:remove-background: Working on chunk (5/22)
cellbender:remove-background: Working on chunk (6/22)
cellbender:remove-background: Working on chunk (7/22)
cellbender:remove-background: Working on chunk (8/22)
cellbender:remove-background: Working on chunk (9/22)
cellbender:remove-background: Working on chunk (10/22)
cellbender:remove-background: Working on chunk (11/22)
cellbender:remove-background: Working on chunk (12/22)
cellbender:remove-background: Working on chunk (13/22)
cellbender:remove-background: Working on chunk (14/22)
cellbender:remove-background: Working on chunk (15/22)
cellbender:remove-background: Working on chunk (16/22)
cellbender:remove-background: Working on chunk (17/22)
cellbender:remove-background: Working on chunk (18/22)
cellbender:remove-background: Working on chunk (19/22)
cellbender:remove-background: Working on chunk (20/22)
cellbender:remove-background: Working on chunk (21/22)
cellbender:remove-background: Working on chunk (22/22)
cellbender:remove-background: Writing full posterior to /om/scratch/Mon/mabdel03/Tsai_Data/Cellbender_Outputs/2899847/processed_feature_bc_matrix_posterior.h5
Traceback (most recent call last):
  File "/om2/user/mabdel03/conda_envs/Cellbender_env/bin/cellbender", line 8, in <module>
    sys.exit(main())
  File "/om2/user/mabdel03/conda_envs/Cellbender_env/lib/python3.7/site-packages/cellbender/base_cli.py", line 118, in main
    cli_dict[args.tool].run(args)
  File "/om2/user/mabdel03/conda_envs/Cellbender_env/lib/python3.7/site-packages/cellbender/remove_background/cli.py", line 185, in run
    return main(args)
  File "/om2/user/mabdel03/conda_envs/Cellbender_env/lib/python3.7/site-packages/cellbender/remove_background/cli.py", line 230, in main
    posterior = run_remove_background(args)
  File "/om2/user/mabdel03/conda_envs/Cellbender_env/lib/python3.7/site-packages/cellbender/remove_background/run.py", line 107, in run_remove_background
    args=args,
  File "/om2/user/mabdel03/conda_envs/Cellbender_env/lib/python3.7/site-packages/cellbender/remove_background/posterior.py", line 130, in load_or_compute_posterior_and_save
    saved = posterior.save(file=posterior_file)
  File "/om2/user/mabdel03/conda_envs/Cellbender_env/lib/python3.7/site-packages/cellbender/remove_background/posterior.py", line 234, in save
    return write_posterior_coo_to_h5(output_file=file, **d)
  File "/om2/user/mabdel03/conda_envs/Cellbender_env/lib/python3.7/site-packages/cellbender/remove_background/data/io.py", line 275, in write_posterior_coo_to_h5
    title="CellBender remove-background posterior noise count probabilities"
  File "/om2/user/mabdel03/conda_envs/Cellbender_env/lib/python3.7/site-packages/tables/file.py", line 300, in open_file
    return File(filename, mode, title, root_uep, filters, **kwargs)
  File "/om2/user/mabdel03/conda_envs/Cellbender_env/lib/python3.7/site-packages/tables/file.py", line 750, in __init__
    self._g_new(filename, mode, **params)
  File "tables/hdf5extension.pyx", line 486, in tables.hdf5extension.File._g_new
tables.exceptions.HDF5ExtError: HDF5 error back trace

  File "H5F.c", line 532, in H5Fcreate
    unable to create file
  File "H5VLcallback.c", line 3282, in H5VL_file_create
    file create failed
  File "H5VLcallback.c", line 3248, in H5VL__file_create
    file create failed
  File "H5VLnative_file.c", line 63, in H5VL__native_file_create
    unable to create file
  File "H5Fint.c", line 1898, in H5F_open
    unable to lock the file
  File "H5FD.c", line 1625, in H5FD_lock
    driver lock request failed
  File "H5FDsec2.c", line 1002, in H5FD__sec2_lock
    unable to lock file, errno = 5, error message = 'Input/output error'

End of HDF5 error back trace

Unable to open/create file '/om/scratch/Mon/mabdel03/Tsai_Data/Cellbender_Outputs/2899847/processed_feature_bc_matrix_posterior.h5'
