cellbender:remove-background: Command:
cellbender remove-background --cuda --input /om/scratch/Mon/mabdel03/Tsai_Data/Cellranger_Outputs/90942860/outs/raw_feature_bc_matrix.h5 --fpr 0 --output /om/scratch/Mon/mabdel03/Tsai_Data/Cellbender_Outputs/90942860/processed_feature_bc_matrix.h5
cellbender:remove-background: CellBender 0.3.0
cellbender:remove-background: (Workflow hash 0a51dec5e8)
cellbender:remove-background: 2026-03-08 18:48:38
cellbender:remove-background: Running remove-background
cellbender:remove-background: Loading data from /om/scratch/Mon/mabdel03/Tsai_Data/Cellranger_Outputs/90942860/outs/raw_feature_bc_matrix.h5
cellbender:remove-background: CellRanger v3 format
cellbender:remove-background: Features in dataset: 36601 Gene Expression
cellbender:remove-background: Trimming features for inference.
cellbender:remove-background: 31650 features have nonzero counts.
cellbender:remove-background: Prior on counts for cells is 6221
cellbender:remove-background: Prior on counts for empty droplets is 132
cellbender:remove-background: Excluding 7709 features that are estimated to have <= 0.1 background counts in cells.
cellbender:remove-background: Including 23941 features in the analysis.
cellbender:remove-background: Trimming barcodes for inference.
cellbender:remove-background: Excluding barcodes with counts below 66
cellbender:remove-background: Using 2866 probable cell barcodes, plus an additional 10046 barcodes, and 66103 empty droplets.
cellbender:remove-background: Largest surely-empty droplet has 162 UMI counts.
cellbender:remove-background: Attempting to unpack tarball "ckpt.tar.gz" to /tmp/tmpggzd6bzt
cellbender:remove-background: No saved checkpoint.
cellbender:remove-background: No checkpoint loaded.
cellbender:remove-background: Running inference...
cellbender:remove-background: [epoch 001]  average training loss: 9199.8083
cellbender:remove-background: [epoch 002]  average training loss: 7936.7295  (4.4 seconds per epoch)
cellbender:remove-background: Will checkpoint every 97 epochs
cellbender:remove-background: [epoch 003]  average training loss: 6711.8855
cellbender:remove-background: [epoch 004]  average training loss: 6077.1553
cellbender:remove-background: [epoch 005]  average training loss: 5728.2097
cellbender:remove-background: [epoch 005] average test loss: 5785.3558
cellbender:remove-background: [epoch 006]  average training loss: 5394.5356
cellbender:remove-background: [epoch 007]  average training loss: 5298.8496
cellbender:remove-background: [epoch 008]  average training loss: 5321.5365
cellbender:remove-background: [epoch 009]  average training loss: 5253.4138
cellbender:remove-background: [epoch 010]  average training loss: 5201.0549
cellbender:remove-background: [epoch 010] average test loss: 5153.7392
cellbender:remove-background: [epoch 011]  average training loss: 5234.3716
cellbender:remove-background: [epoch 012]  average training loss: 5117.2496
cellbender:remove-background: [epoch 013]  average training loss: 4949.8857
cellbender:remove-background: [epoch 014]  average training loss: 4818.4155
cellbender:remove-background: [epoch 015]  average training loss: 4801.1135
cellbender:remove-background: [epoch 015] average test loss: 4739.7406
cellbender:remove-background: [epoch 016]  average training loss: 4781.2737
cellbender:remove-background: [epoch 017]  average training loss: 4773.9096
cellbender:remove-background: [epoch 018]  average training loss: 4742.0446
cellbender:remove-background: [epoch 019]  average training loss: 4719.4695
cellbender:remove-background: [epoch 020]  average training loss: 4702.7254
cellbender:remove-background: [epoch 020] average test loss: 4704.5460
cellbender:remove-background: [epoch 021]  average training loss: 4709.9400
cellbender:remove-background: [epoch 022]  average training loss: 4678.7283
cellbender:remove-background: [epoch 023]  average training loss: 4672.7788
cellbender:remove-background: [epoch 024]  average training loss: 4669.8666
cellbender:remove-background: [epoch 025]  average training loss: 4639.8531
cellbender:remove-background: [epoch 025] average test loss: 4558.6607
cellbender:remove-background: [epoch 026]  average training loss: 4641.8224
cellbender:remove-background: [epoch 027]  average training loss: 4603.3533
cellbender:remove-background: [epoch 028]  average training loss: 4578.5980
cellbender:remove-background: [epoch 029]  average training loss: 4566.6463
cellbender:remove-background: [epoch 030]  average training loss: 4546.5468
cellbender:remove-background: [epoch 030] average test loss: 4467.0688
cellbender:remove-background: [epoch 031]  average training loss: 4542.4060
cellbender:remove-background: [epoch 032]  average training loss: 4535.9246
cellbender:remove-background: [epoch 033]  average training loss: 4529.3590
cellbender:remove-background: [epoch 034]  average training loss: 4522.2908
cellbender:remove-background: [epoch 035]  average training loss: 4522.8576
cellbender:remove-background: [epoch 035] average test loss: 4453.5299
cellbender:remove-background: [epoch 036]  average training loss: 4515.7633
cellbender:remove-background: [epoch 037]  average training loss: 4509.1635
cellbender:remove-background: [epoch 038]  average training loss: 4508.1310
cellbender:remove-background: [epoch 039]  average training loss: 4510.3333
cellbender:remove-background: [epoch 040]  average training loss: 4500.4374
cellbender:remove-background: [epoch 040] average test loss: 4442.2499
cellbender:remove-background: [epoch 041]  average training loss: 4502.1910
cellbender:remove-background: [epoch 042]  average training loss: 4495.8759
cellbender:remove-background: [epoch 043]  average training loss: 4492.8884
cellbender:remove-background: [epoch 044]  average training loss: 4490.3389
cellbender:remove-background: [epoch 045]  average training loss: 4485.7327
cellbender:remove-background: [epoch 045] average test loss: 4419.4294
cellbender:remove-background: [epoch 046]  average training loss: 4487.2443
cellbender:remove-background: [epoch 047]  average training loss: 4482.5031
cellbender:remove-background: [epoch 048]  average training loss: 4480.3358
cellbender:remove-background: [epoch 049]  average training loss: 4480.7702
cellbender:remove-background: [epoch 050]  average training loss: 4478.3716
cellbender:remove-background: [epoch 050] average test loss: 4412.3994
cellbender:remove-background: [epoch 051]  average training loss: 4473.3911
cellbender:remove-background: [epoch 052]  average training loss: 4471.2478
cellbender:remove-background: [epoch 053]  average training loss: 4470.7179
cellbender:remove-background: [epoch 054]  average training loss: 4467.4758
cellbender:remove-background: [epoch 055]  average training loss: 4467.2740
cellbender:remove-background: [epoch 055] average test loss: 4399.2116
cellbender:remove-background: [epoch 056]  average training loss: 4465.7987
cellbender:remove-background: [epoch 057]  average training loss: 4462.8988
cellbender:remove-background: [epoch 058]  average training loss: 4460.9761
cellbender:remove-background: [epoch 059]  average training loss: 4459.8803
cellbender:remove-background: [epoch 060]  average training loss: 4459.5289
cellbender:remove-background: [epoch 060] average test loss: 4404.7936
cellbender:remove-background: [epoch 061]  average training loss: 4457.7941
cellbender:remove-background: [epoch 062]  average training loss: 4458.2835
cellbender:remove-background: [epoch 063]  average training loss: 4453.5577
cellbender:remove-background: [epoch 064]  average training loss: 4451.9604
cellbender:remove-background: [epoch 065]  average training loss: 4449.7988
cellbender:remove-background: [epoch 065] average test loss: 4411.2528
cellbender:remove-background: [epoch 066]  average training loss: 4449.0071
cellbender:remove-background: [epoch 067]  average training loss: 4446.6496
cellbender:remove-background: [epoch 068]  average training loss: 4444.9125
cellbender:remove-background: [epoch 069]  average training loss: 4444.8587
cellbender:remove-background: [epoch 070]  average training loss: 4447.0615
cellbender:remove-background: [epoch 070] average test loss: 4376.9721
cellbender:remove-background: [epoch 071]  average training loss: 4445.9870
cellbender:remove-background: [epoch 072]  average training loss: 4443.1140
cellbender:remove-background: [epoch 073]  average training loss: 4440.7685
cellbender:remove-background: [epoch 074]  average training loss: 4439.7931
cellbender:remove-background: [epoch 075]  average training loss: 4440.0616
cellbender:remove-background: [epoch 075] average test loss: 4399.6334
cellbender:remove-background: [epoch 076]  average training loss: 4439.6941
cellbender:remove-background: [epoch 077]  average training loss: 4439.2028
cellbender:remove-background: [epoch 078]  average training loss: 4436.0991
cellbender:remove-background: [epoch 079]  average training loss: 4434.6157
cellbender:remove-background: [epoch 080]  average training loss: 4435.3140
cellbender:remove-background: [epoch 080] average test loss: 4408.6079
cellbender:remove-background: [epoch 081]  average training loss: 4433.0731
cellbender:remove-background: [epoch 082]  average training loss: 4433.4936
cellbender:remove-background: [epoch 083]  average training loss: 4428.3786
cellbender:remove-background: [epoch 084]  average training loss: 4424.9699
cellbender:remove-background: [epoch 085]  average training loss: 4425.5573
cellbender:remove-background: [epoch 085] average test loss: 4375.9533
cellbender:remove-background: [epoch 086]  average training loss: 4426.2156
cellbender:remove-background: [epoch 087]  average training loss: 4425.6074
cellbender:remove-background: [epoch 088]  average training loss: 4427.0336
cellbender:remove-background: [epoch 089]  average training loss: 4428.2902
cellbender:remove-background: [epoch 090]  average training loss: 4431.2994
cellbender:remove-background: [epoch 090] average test loss: 4412.0879
cellbender:remove-background: [epoch 091]  average training loss: 4421.8102
cellbender:remove-background: [epoch 092]  average training loss: 4422.8547
cellbender:remove-background: [epoch 093]  average training loss: 4419.9595
cellbender:remove-background: [epoch 094]  average training loss: 4423.3641
cellbender:remove-background: [epoch 095]  average training loss: 4420.5007
cellbender:remove-background: [epoch 095] average test loss: 4392.8925
cellbender:remove-background: [epoch 096]  average training loss: 4423.2210
cellbender:remove-background: [epoch 097]  average training loss: 4419.5777
cellbender:remove-background: Saving a checkpoint...
cellbender:remove-background: Saved checkpoint as /weka/scratch/scratch/Mon/mabdel03/Tsai_Data/Cellbender_Outputs/90942860/ckpt.tar.gz
cellbender:remove-background: [epoch 098]  average training loss: 4416.2715
cellbender:remove-background: [epoch 099]  average training loss: 4413.1990
cellbender:remove-background: [epoch 100]  average training loss: 4411.0136
cellbender:remove-background: [epoch 100] average test loss: 4420.8046
cellbender:remove-background: [epoch 101]  average training loss: 4419.7133
cellbender:remove-background: [epoch 102]  average training loss: 4421.9598
cellbender:remove-background: [epoch 103]  average training loss: 4419.6551
cellbender:remove-background: [epoch 104]  average training loss: 4413.6430
cellbender:remove-background: [epoch 105]  average training loss: 4409.3273
cellbender:remove-background: [epoch 105] average test loss: 4400.8353
cellbender:remove-background: [epoch 106]  average training loss: 4412.4109
cellbender:remove-background: [epoch 107]  average training loss: 4409.9387
cellbender:remove-background: [epoch 108]  average training loss: 4408.8506
cellbender:remove-background: [epoch 109]  average training loss: 4409.0721
cellbender:remove-background: [epoch 110]  average training loss: 4404.2881
cellbender:remove-background: [epoch 110] average test loss: 4388.1199
cellbender:remove-background: [epoch 111]  average training loss: 4408.2646
cellbender:remove-background: [epoch 112]  average training loss: 4402.7372
cellbender:remove-background: [epoch 113]  average training loss: 4406.5845
cellbender:remove-background: [epoch 114]  average training loss: 4409.6272
cellbender:remove-background: [epoch 115]  average training loss: 4408.2504
cellbender:remove-background: [epoch 115] average test loss: 4385.5317
cellbender:remove-background: [epoch 116]  average training loss: 4404.8790
cellbender:remove-background: [epoch 117]  average training loss: 4406.7959
cellbender:remove-background: [epoch 118]  average training loss: 4406.7251
cellbender:remove-background: [epoch 119]  average training loss: 4404.7093
cellbender:remove-background: [epoch 120]  average training loss: 4407.9406
cellbender:remove-background: [epoch 120] average test loss: 4395.3480
cellbender:remove-background: [epoch 121]  average training loss: 4396.6936
cellbender:remove-background: [epoch 122]  average training loss: 4406.4942
cellbender:remove-background: [epoch 123]  average training loss: 4403.4266
cellbender:remove-background: [epoch 124]  average training loss: 4399.2825
cellbender:remove-background: [epoch 125]  average training loss: 4399.3454
cellbender:remove-background: [epoch 125] average test loss: 4388.4291
cellbender:remove-background: [epoch 126]  average training loss: 4401.7761
cellbender:remove-background: [epoch 127]  average training loss: 4402.5187
cellbender:remove-background: [epoch 128]  average training loss: 4396.1773
cellbender:remove-background: [epoch 129]  average training loss: 4399.6394
cellbender:remove-background: [epoch 130]  average training loss: 4399.8321
cellbender:remove-background: [epoch 130] average test loss: 4399.3625
cellbender:remove-background: [epoch 131]  average training loss: 4403.2268
cellbender:remove-background: [epoch 132]  average training loss: 4400.5740
cellbender:remove-background: [epoch 133]  average training loss: 4399.4120
cellbender:remove-background: [epoch 134]  average training loss: 4396.7849
cellbender:remove-background: [epoch 135]  average training loss: 4398.6635
cellbender:remove-background: [epoch 135] average test loss: 4394.0112
cellbender:remove-background: [epoch 136]  average training loss: 4397.8602
cellbender:remove-background: [epoch 137]  average training loss: 4396.1715
cellbender:remove-background: [epoch 138]  average training loss: 4399.0032
cellbender:remove-background: [epoch 139]  average training loss: 4396.8754
cellbender:remove-background: [epoch 140]  average training loss: 4399.0260
cellbender:remove-background: [epoch 140] average test loss: 4388.9925
cellbender:remove-background: [epoch 141]  average training loss: 4397.9855
cellbender:remove-background: [epoch 142]  average training loss: 4398.2365
cellbender:remove-background: [epoch 143]  average training loss: 4396.5683
cellbender:remove-background: [epoch 144]  average training loss: 4396.6532
cellbender:remove-background: [epoch 145]  average training loss: 4396.8796
cellbender:remove-background: [epoch 145] average test loss: 4392.1019
cellbender:remove-background: [epoch 146]  average training loss: 4396.0122
cellbender:remove-background: [epoch 147]  average training loss: 4392.8176
cellbender:remove-background: [epoch 148]  average training loss: 4393.7829
cellbender:remove-background: [epoch 149]  average training loss: 4397.0187
cellbender:remove-background: [epoch 150]  average training loss: 4397.5571
cellbender:remove-background: [epoch 150] average test loss: 4389.4832
cellbender:remove-background: Saving a checkpoint...
cellbender:remove-background: Saved checkpoint as /weka/scratch/scratch/Mon/mabdel03/Tsai_Data/Cellbender_Outputs/90942860/ckpt.tar.gz
cellbender:remove-background: 2026-03-08 19:02:08
cellbender:remove-background: Inference procedure complete.
cellbender:remove-background: Attempting to unpack tarball "ckpt.tar.gz" to /tmp/tmps6cbbatt
cellbender:remove-background: Successfully unpacked tarball to /tmp/tmps6cbbatt
/tmp/tmps6cbbatt/0a51dec5e8_random.pyro
/tmp/tmps6cbbatt/0a51dec5e8_random.cuda
/tmp/tmps6cbbatt/0a51dec5e8_model.torch
/tmp/tmps6cbbatt/0a51dec5e8_optim.torch
/tmp/tmps6cbbatt/0a51dec5e8_optim.pyro
/tmp/tmps6cbbatt/0a51dec5e8_params.pyro
/tmp/tmps6cbbatt/0a51dec5e8_train.loaderstate
/tmp/tmps6cbbatt/0a51dec5e8_test.loaderstate
/tmp/tmps6cbbatt/0a51dec5e8_args.npy
cellbender:remove-background: Posterior not currently included in checkpoint.
cellbender:remove-background: Computing posterior noise count probabilities in mini-batches.
cellbender:remove-background: Working on chunk (1/51)
cellbender:remove-background:     [0.04 mins per chunk]
cellbender:remove-background: Working on chunk (2/51)
cellbender:remove-background: Working on chunk (3/51)
cellbender:remove-background: Working on chunk (4/51)
cellbender:remove-background: Working on chunk (5/51)
cellbender:remove-background: Working on chunk (6/51)
cellbender:remove-background: Working on chunk (7/51)
cellbender:remove-background: Working on chunk (8/51)
cellbender:remove-background: Working on chunk (9/51)
cellbender:remove-background: Working on chunk (10/51)
cellbender:remove-background: Working on chunk (11/51)
cellbender:remove-background: Working on chunk (12/51)
cellbender:remove-background: Working on chunk (13/51)
cellbender:remove-background: Working on chunk (14/51)
cellbender:remove-background: Working on chunk (15/51)
cellbender:remove-background: Working on chunk (16/51)
cellbender:remove-background: Working on chunk (17/51)
cellbender:remove-background: Working on chunk (18/51)
cellbender:remove-background: Working on chunk (19/51)
cellbender:remove-background: Working on chunk (20/51)
cellbender:remove-background: Working on chunk (21/51)
cellbender:remove-background: Working on chunk (22/51)
cellbender:remove-background: Working on chunk (23/51)
cellbender:remove-background: Working on chunk (24/51)
cellbender:remove-background: Working on chunk (25/51)
cellbender:remove-background: Working on chunk (26/51)
cellbender:remove-background: Working on chunk (27/51)
cellbender:remove-background: Working on chunk (28/51)
cellbender:remove-background: Working on chunk (29/51)
cellbender:remove-background: Working on chunk (30/51)
cellbender:remove-background: Working on chunk (31/51)
cellbender:remove-background: Working on chunk (32/51)
cellbender:remove-background: Working on chunk (33/51)
cellbender:remove-background: Working on chunk (34/51)
cellbender:remove-background: Working on chunk (35/51)
cellbender:remove-background: Working on chunk (36/51)
cellbender:remove-background: Working on chunk (37/51)
cellbender:remove-background: Working on chunk (38/51)
cellbender:remove-background: Working on chunk (39/51)
cellbender:remove-background: Working on chunk (40/51)
cellbender:remove-background: Working on chunk (41/51)
cellbender:remove-background: Working on chunk (42/51)
cellbender:remove-background: Working on chunk (43/51)
cellbender:remove-background: Working on chunk (44/51)
cellbender:remove-background: Working on chunk (45/51)
cellbender:remove-background: Working on chunk (46/51)
cellbender:remove-background: Working on chunk (47/51)
cellbender:remove-background: Working on chunk (48/51)
cellbender:remove-background: Working on chunk (49/51)
cellbender:remove-background: Working on chunk (50/51)
cellbender:remove-background: Working on chunk (51/51)
cellbender:remove-background: Writing full posterior to /om/scratch/Mon/mabdel03/Tsai_Data/Cellbender_Outputs/90942860/processed_feature_bc_matrix_posterior.h5
cellbender:remove-background: Succeeded in writing posterior to file /om/scratch/Mon/mabdel03/Tsai_Data/Cellbender_Outputs/90942860/processed_feature_bc_matrix_posterior.h5
cellbender:remove-background: Added posterior object to checkpoint file.
cellbender:remove-background: 2026-03-08 19:06:43

cellbender:remove-background: Saved summary plots as /om/scratch/Mon/mabdel03/Tsai_Data/Cellbender_Outputs/90942860/processed_feature_bc_matrix.pdf
cellbender:remove-background: Saved cell barcodes in /om/scratch/Mon/mabdel03/Tsai_Data/Cellbender_Outputs/90942860/processed_feature_bc_matrix_cell_barcodes.csv
cellbender:remove-background: Computing target noise counts per gene for MCKP estimator
cellbender:remove-background: Using MCKP noise targets computed for FPR 0.0
cellbender:remove-background: Computing denoised counts using mckp estimator
cellbender:remove-background: Working on chunk (1/7)
cellbender:remove-background:     [1.78 mins per chunk]
cellbender:remove-background: Working on chunk (2/7)
cellbender:remove-background: Working on chunk (3/7)
cellbender:remove-background: Working on chunk (4/7)
cellbender:remove-background: Working on chunk (5/7)
cellbender:remove-background: Working on chunk (6/7)
cellbender:remove-background: Working on chunk (7/7)
cellbender:remove-background: 2026-03-08 19:19:46 Total MCKP estimation time = 749.86 sec
cellbender:remove-background: Succeeded in writing CellRanger format output to file /om/scratch/Mon/mabdel03/Tsai_Data/Cellbender_Outputs/90942860/processed_feature_bc_matrix.h5
cellbender:remove-background: Succeeded in writing CellRanger format output to file /om/scratch/Mon/mabdel03/Tsai_Data/Cellbender_Outputs/90942860/processed_feature_bc_matrix_filtered.h5
cellbender:remove-background: Saved output metrics as /om/scratch/Mon/mabdel03/Tsai_Data/Cellbender_Outputs/90942860/processed_feature_bc_matrix_metrics.csv
[NbConvertApp] Converting notebook tmp.report.ipynb to notebook
[NbConvertApp] Writing 490023 bytes to tmp.report.nbconvert.ipynb
[NbConvertApp] Converting notebook tmp.report.nbconvert.ipynb to html
[NbConvertApp] Writing 1064710 bytes to tmp.report.nbconvert.html
cellbender:remove-background: Succeeded in writing report to /om/scratch/Mon/mabdel03/Tsai_Data/Cellbender_Outputs/90942860/processed_feature_bc_matrix_report.html
cellbender:remove-background: Completed remove-background.
cellbender:remove-background: 2026-03-08 19:20:25

