cellbender:remove-background: Command:
cellbender remove-background --cuda --input /tmp/cellbender_44651225_155/raw_feature_bc_matrix.h5 --fpr 0 --output /om/scratch/Mon/mabdel03/Tsai_Data/Cellbender_Outputs/20674902/processed_feature_bc_matrix.h5
cellbender:remove-background: CellBender 0.3.0
cellbender:remove-background: (Workflow hash cb89f5cab0)
cellbender:remove-background: 2026-01-31 22:30:07
cellbender:remove-background: Running remove-background
cellbender:remove-background: Loading data from /tmp/cellbender_44651225_155/raw_feature_bc_matrix.h5
cellbender:remove-background: CellRanger v3 format
cellbender:remove-background: Features in dataset: 36601 Gene Expression
cellbender:remove-background: Trimming features for inference.
cellbender:remove-background: 31199 features have nonzero counts.
cellbender:remove-background: Prior on counts for cells is 7086
cellbender:remove-background: Prior on counts for empty droplets is 132
cellbender:remove-background: Excluding 7761 features that are estimated to have <= 0.1 background counts in cells.
cellbender:remove-background: Including 23438 features in the analysis.
cellbender:remove-background: Trimming barcodes for inference.
cellbender:remove-background: Excluding barcodes with counts below 66
cellbender:remove-background: Using 2715 probable cell barcodes, plus an additional 11153 barcodes, and 62703 empty droplets.
cellbender:remove-background: Largest surely-empty droplet has 162 UMI counts.
cellbender:remove-background: Attempting to unpack tarball "ckpt.tar.gz" to /tmp/tmpxvzy6vy2
cellbender:remove-background: No saved checkpoint.
cellbender:remove-background: No checkpoint loaded.
cellbender:remove-background: Running inference...
cellbender:remove-background: [epoch 001]  average training loss: 8306.0781
cellbender:remove-background: [epoch 002]  average training loss: 7035.8625  (5.3 seconds per epoch)
cellbender:remove-background: Will checkpoint every 80 epochs
cellbender:remove-background: [epoch 003]  average training loss: 5998.5432
cellbender:remove-background: [epoch 004]  average training loss: 5456.9208
cellbender:remove-background: [epoch 005]  average training loss: 5071.8938
cellbender:remove-background: [epoch 005] average test loss: 5016.2062
cellbender:remove-background: [epoch 006]  average training loss: 4788.2122
cellbender:remove-background: [epoch 007]  average training loss: 4745.6128
cellbender:remove-background: [epoch 008]  average training loss: 4698.3133
cellbender:remove-background: [epoch 009]  average training loss: 4653.4714
cellbender:remove-background: [epoch 010]  average training loss: 4661.8405
cellbender:remove-background: [epoch 010] average test loss: 4648.7529
cellbender:remove-background: [epoch 011]  average training loss: 4608.9629
cellbender:remove-background: [epoch 012]  average training loss: 4606.4644
cellbender:remove-background: [epoch 013]  average training loss: 4561.8919
cellbender:remove-background: [epoch 014]  average training loss: 4436.2464
cellbender:remove-background: [epoch 015]  average training loss: 4376.1680
cellbender:remove-background: [epoch 015] average test loss: 4346.0654
cellbender:remove-background: [epoch 016]  average training loss: 4354.0538
cellbender:remove-background: [epoch 017]  average training loss: 4337.2135
cellbender:remove-background: [epoch 018]  average training loss: 4322.5413
cellbender:remove-background: [epoch 019]  average training loss: 4319.9072
cellbender:remove-background: [epoch 020]  average training loss: 4313.3146
cellbender:remove-background: [epoch 020] average test loss: 4271.2598
cellbender:remove-background: [epoch 021]  average training loss: 4280.6588
cellbender:remove-background: [epoch 022]  average training loss: 4286.3256
cellbender:remove-background: [epoch 023]  average training loss: 4266.5022
cellbender:remove-background: [epoch 024]  average training loss: 4280.9597
cellbender:remove-background: [epoch 025]  average training loss: 4267.0954
cellbender:remove-background: [epoch 025] average test loss: 4201.6577
cellbender:remove-background: [epoch 026]  average training loss: 4250.7400
cellbender:remove-background: [epoch 027]  average training loss: 4247.3079
cellbender:remove-background: [epoch 028]  average training loss: 4222.4062
cellbender:remove-background: [epoch 029]  average training loss: 4216.0008
cellbender:remove-background: [epoch 030]  average training loss: 4191.9186
cellbender:remove-background: [epoch 030] average test loss: 4115.2964
cellbender:remove-background: [epoch 031]  average training loss: 4180.8439
cellbender:remove-background: [epoch 032]  average training loss: 4172.0991
cellbender:remove-background: [epoch 033]  average training loss: 4165.3328
cellbender:remove-background: [epoch 034]  average training loss: 4161.0629
cellbender:remove-background: [epoch 035]  average training loss: 4155.7630
cellbender:remove-background: [epoch 035] average test loss: 4086.3553
cellbender:remove-background: [epoch 036]  average training loss: 4153.9588
cellbender:remove-background: [epoch 037]  average training loss: 4146.5350
cellbender:remove-background: [epoch 038]  average training loss: 4146.9860
cellbender:remove-background: [epoch 039]  average training loss: 4143.0398
cellbender:remove-background: [epoch 040]  average training loss: 4138.1718
cellbender:remove-background: [epoch 040] average test loss: 4068.9009
cellbender:remove-background: [epoch 041]  average training loss: 4135.6651
cellbender:remove-background: [epoch 042]  average training loss: 4134.7630
cellbender:remove-background: [epoch 043]  average training loss: 4129.9496
cellbender:remove-background: [epoch 044]  average training loss: 4129.4702
cellbender:remove-background: [epoch 045]  average training loss: 4125.7447
cellbender:remove-background: [epoch 045] average test loss: 4055.4498
cellbender:remove-background: [epoch 046]  average training loss: 4118.6334
cellbender:remove-background: [epoch 047]  average training loss: 4116.6144
cellbender:remove-background: [epoch 048]  average training loss: 4113.6762
cellbender:remove-background: [epoch 049]  average training loss: 4104.5224
cellbender:remove-background: [epoch 050]  average training loss: 4105.7346
cellbender:remove-background: [epoch 050] average test loss: 4045.4001
cellbender:remove-background: [epoch 051]  average training loss: 4099.5737
cellbender:remove-background: [epoch 052]  average training loss: 4102.4672
cellbender:remove-background: [epoch 053]  average training loss: 4095.5520
cellbender:remove-background: [epoch 054]  average training loss: 4097.6609
cellbender:remove-background: [epoch 055]  average training loss: 4098.7535
cellbender:remove-background: [epoch 055] average test loss: 4048.2970
cellbender:remove-background: [epoch 056]  average training loss: 4098.4475
cellbender:remove-background: [epoch 057]  average training loss: 4103.1346
cellbender:remove-background: [epoch 058]  average training loss: 4097.3784
cellbender:remove-background: [epoch 059]  average training loss: 4101.9385
cellbender:remove-background: [epoch 060]  average training loss: 4098.9287
cellbender:remove-background: [epoch 060] average test loss: 4033.7719
cellbender:remove-background: [epoch 061]  average training loss: 4104.4058
cellbender:remove-background: [epoch 062]  average training loss: 4095.1123
cellbender:remove-background: [epoch 063]  average training loss: 4096.7516
cellbender:remove-background: [epoch 064]  average training loss: 4095.3956
cellbender:remove-background: [epoch 065]  average training loss: 4085.5758
cellbender:remove-background: [epoch 065] average test loss: 4053.6391
cellbender:remove-background: [epoch 066]  average training loss: 4089.6746
cellbender:remove-background: [epoch 067]  average training loss: 4102.8218
cellbender:remove-background: [epoch 068]  average training loss: 4102.0625
cellbender:remove-background: [epoch 069]  average training loss: 4095.2140
cellbender:remove-background: [epoch 070]  average training loss: 4099.0103
cellbender:remove-background: [epoch 070] average test loss: 4052.2357
cellbender:remove-background: [epoch 071]  average training loss: 4104.5543
cellbender:remove-background: [epoch 072]  average training loss: 4107.0475
cellbender:remove-background: [epoch 073]  average training loss: 4095.7987
cellbender:remove-background: [epoch 074]  average training loss: 4111.3403
cellbender:remove-background: [epoch 075]  average training loss: 4093.4962
cellbender:remove-background: [epoch 075] average test loss: 4028.7583
cellbender:remove-background: [epoch 076]  average training loss: 4115.0317
cellbender:remove-background: [epoch 077]  average training loss: 4095.5695
cellbender:remove-background: [epoch 078]  average training loss: 4108.8939
cellbender:remove-background: [epoch 079]  average training loss: 4106.1227
cellbender:remove-background: [epoch 080]  average training loss: 4109.8796
cellbender:remove-background: [epoch 080] average test loss: 4066.7651
cellbender:remove-background: Saving a checkpoint...
cellbender:remove-background: Saved checkpoint as /weka/scratch/scratch/Mon/mabdel03/Tsai_Data/Cellbender_Outputs/20674902/ckpt.tar.gz
cellbender:remove-background: [epoch 081]  average training loss: 4101.2700
cellbender:remove-background: [epoch 082]  average training loss: 4105.3480
cellbender:remove-background: [epoch 083]  average training loss: 4121.1371
cellbender:remove-background: [epoch 084]  average training loss: 4132.3959
cellbender:remove-background: [epoch 085]  average training loss: 4110.8795
cellbender:remove-background: [epoch 085] average test loss: 4044.4029
cellbender:remove-background: [epoch 086]  average training loss: 4153.4339
cellbender:remove-background: [epoch 087]  average training loss: 4116.6304
cellbender:remove-background: [epoch 088]  average training loss: 4125.7895
cellbender:remove-background: [epoch 089]  average training loss: 4123.8039
cellbender:remove-background: [epoch 090]  average training loss: 4114.3403
cellbender:remove-background: [epoch 090] average test loss: 4199.1476
cellbender:remove-background: [epoch 091]  average training loss: 4135.7027
cellbender:remove-background: [epoch 092]  average training loss: 4117.7122
cellbender:remove-background: [epoch 093]  average training loss: 4116.6420
cellbender:remove-background: [epoch 094]  average training loss: 4101.2351
cellbender:remove-background: [epoch 095]  average training loss: 4125.2415
cellbender:remove-background: [epoch 095] average test loss: 4085.4498
cellbender:remove-background: [epoch 096]  average training loss: 4117.7765
cellbender:remove-background: [epoch 097]  average training loss: 4112.5005
cellbender:remove-background: [epoch 098]  average training loss: 4112.3356
cellbender:remove-background: [epoch 099]  average training loss: 4103.7140
cellbender:remove-background: [epoch 100]  average training loss: 4127.1025
cellbender:remove-background: [epoch 100] average test loss: 4156.9697
cellbender:remove-background: [epoch 101]  average training loss: 4108.9452
cellbender:remove-background: [epoch 102]  average training loss: 4112.6657
cellbender:remove-background: [epoch 103]  average training loss: 4146.6293
cellbender:remove-background: [epoch 104]  average training loss: 4133.6845
cellbender:remove-background: [epoch 105]  average training loss: 4120.8272
cellbender:remove-background: [epoch 105] average test loss: 4108.4539
cellbender:remove-background: [epoch 106]  average training loss: 4136.3034
cellbender:remove-background: [epoch 107]  average training loss: 4105.4038
cellbender:remove-background: [epoch 108]  average training loss: 4130.0048
cellbender:remove-background: [epoch 109]  average training loss: 4101.6193
cellbender:remove-background: [epoch 110]  average training loss: 4120.5533
cellbender:remove-background: [epoch 110] average test loss: 4084.5552
cellbender:remove-background: [epoch 111]  average training loss: 4102.9720
cellbender:remove-background: [epoch 112]  average training loss: 4117.5052
cellbender:remove-background: [epoch 113]  average training loss: 4108.9865
cellbender:remove-background: [epoch 114]  average training loss: 4117.4888
cellbender:remove-background: [epoch 115]  average training loss: 4111.0742
cellbender:remove-background: [epoch 115] average test loss: 4077.7192
cellbender:remove-background: [epoch 116]  average training loss: 4129.3968
cellbender:remove-background: [epoch 117]  average training loss: 4105.4350
cellbender:remove-background: [epoch 118]  average training loss: 4107.8846
cellbender:remove-background: [epoch 119]  average training loss: 4096.5468
cellbender:remove-background: [epoch 120]  average training loss: 4127.2504
cellbender:remove-background: [epoch 120] average test loss: 4080.5157
cellbender:remove-background: [epoch 121]  average training loss: 4102.8824
cellbender:remove-background: [epoch 122]  average training loss: 4093.1475
cellbender:remove-background: [epoch 123]  average training loss: 4099.5758
cellbender:remove-background: [epoch 124]  average training loss: 4092.2064
cellbender:remove-background: [epoch 125]  average training loss: 4094.3955
cellbender:remove-background: [epoch 125] average test loss: 4085.4827
cellbender:remove-background: [epoch 126]  average training loss: 4099.2270
cellbender:remove-background: [epoch 127]  average training loss: 4104.9834
cellbender:remove-background: [epoch 128]  average training loss: 4103.3276
cellbender:remove-background: [epoch 129]  average training loss: 4096.8459
cellbender:remove-background: [epoch 130]  average training loss: 4099.9418
cellbender:remove-background: [epoch 130] average test loss: 4075.9358
cellbender:remove-background: [epoch 131]  average training loss: 4104.6920
cellbender:remove-background: [epoch 132]  average training loss: 4099.6040
cellbender:remove-background: [epoch 133]  average training loss: 4097.8786
cellbender:remove-background: [epoch 134]  average training loss: 4091.1468
cellbender:remove-background: [epoch 135]  average training loss: 4112.8723
cellbender:remove-background: [epoch 135] average test loss: 4097.9827
cellbender:remove-background: [epoch 136]  average training loss: 4097.5734
cellbender:remove-background: [epoch 137]  average training loss: 4108.4428
cellbender:remove-background: [epoch 138]  average training loss: 4117.7458
cellbender:remove-background: [epoch 139]  average training loss: 4103.4900
cellbender:remove-background: [epoch 140]  average training loss: 4109.8289
cellbender:remove-background: [epoch 140] average test loss: 4095.1219
cellbender:remove-background: [epoch 141]  average training loss: 4118.2403
cellbender:remove-background: [epoch 142]  average training loss: 4106.4047
cellbender:remove-background: [epoch 143]  average training loss: 4111.3906
cellbender:remove-background: [epoch 144]  average training loss: 4090.4305
cellbender:remove-background: [epoch 145]  average training loss: 4106.5510
cellbender:remove-background: [epoch 145] average test loss: 4083.2328
cellbender:remove-background: [epoch 146]  average training loss: 4107.5618
cellbender:remove-background: [epoch 147]  average training loss: 4091.1172
cellbender:remove-background: [epoch 148]  average training loss: 4097.9542
cellbender:remove-background: [epoch 149]  average training loss: 4095.5059
cellbender:remove-background: [epoch 150]  average training loss: 4116.1449
cellbender:remove-background: [epoch 150] average test loss: 4105.1125
cellbender:remove-background: Saving a checkpoint...
cellbender:remove-background: Saved checkpoint as /weka/scratch/scratch/Mon/mabdel03/Tsai_Data/Cellbender_Outputs/20674902/ckpt.tar.gz
cellbender:remove-background: 2026-01-31 22:46:12
cellbender:remove-background: Inference procedure complete.
cellbender:remove-background: Attempting to unpack tarball "ckpt.tar.gz" to /tmp/tmp2f4kbb65
cellbender:remove-background: Successfully unpacked tarball to /tmp/tmp2f4kbb65
/tmp/tmp2f4kbb65/cb89f5cab0_random.pyro
/tmp/tmp2f4kbb65/cb89f5cab0_random.cuda
/tmp/tmp2f4kbb65/cb89f5cab0_model.torch
/tmp/tmp2f4kbb65/cb89f5cab0_optim.torch
/tmp/tmp2f4kbb65/cb89f5cab0_optim.pyro
/tmp/tmp2f4kbb65/cb89f5cab0_params.pyro
/tmp/tmp2f4kbb65/cb89f5cab0_train.loaderstate
/tmp/tmp2f4kbb65/cb89f5cab0_test.loaderstate
/tmp/tmp2f4kbb65/cb89f5cab0_args.npy
cellbender:remove-background: Posterior not currently included in checkpoint.
cellbender:remove-background: Computing posterior noise count probabilities in mini-batches.
cellbender:remove-background: Working on chunk (1/49)
cellbender:remove-background:     [0.04 mins per chunk]
cellbender:remove-background: Working on chunk (2/49)
cellbender:remove-background: Working on chunk (3/49)
cellbender:remove-background: Working on chunk (4/49)
cellbender:remove-background: Working on chunk (5/49)
cellbender:remove-background: Working on chunk (6/49)
cellbender:remove-background: Working on chunk (7/49)
cellbender:remove-background: Working on chunk (8/49)
cellbender:remove-background: Working on chunk (9/49)
cellbender:remove-background: Working on chunk (10/49)
cellbender:remove-background: Working on chunk (11/49)
cellbender:remove-background: Working on chunk (12/49)
cellbender:remove-background: Working on chunk (13/49)
cellbender:remove-background: Working on chunk (14/49)
cellbender:remove-background: Working on chunk (15/49)
cellbender:remove-background: Working on chunk (16/49)
cellbender:remove-background: Working on chunk (17/49)
cellbender:remove-background: Working on chunk (18/49)
cellbender:remove-background: Working on chunk (19/49)
cellbender:remove-background: Working on chunk (20/49)
cellbender:remove-background: Working on chunk (21/49)
cellbender:remove-background: Working on chunk (22/49)
cellbender:remove-background: Working on chunk (23/49)
cellbender:remove-background: Working on chunk (24/49)
cellbender:remove-background: Working on chunk (25/49)
cellbender:remove-background: Working on chunk (26/49)
cellbender:remove-background: Working on chunk (27/49)
cellbender:remove-background: Working on chunk (28/49)
cellbender:remove-background: Working on chunk (29/49)
cellbender:remove-background: Working on chunk (30/49)
cellbender:remove-background: Working on chunk (31/49)
cellbender:remove-background: Working on chunk (32/49)
cellbender:remove-background: Working on chunk (33/49)
cellbender:remove-background: Working on chunk (34/49)
cellbender:remove-background: Working on chunk (35/49)
cellbender:remove-background: Working on chunk (36/49)
cellbender:remove-background: Working on chunk (37/49)
cellbender:remove-background: Working on chunk (38/49)
cellbender:remove-background: Working on chunk (39/49)
cellbender:remove-background: Working on chunk (40/49)
cellbender:remove-background: Working on chunk (41/49)
cellbender:remove-background: Working on chunk (42/49)
cellbender:remove-background: Working on chunk (43/49)
cellbender:remove-background: Working on chunk (44/49)
cellbender:remove-background: Working on chunk (45/49)
cellbender:remove-background: Working on chunk (46/49)
cellbender:remove-background: Working on chunk (47/49)
cellbender:remove-background: Working on chunk (48/49)
cellbender:remove-background: Working on chunk (49/49)
cellbender:remove-background: Writing full posterior to /om/scratch/Mon/mabdel03/Tsai_Data/Cellbender_Outputs/20674902/processed_feature_bc_matrix_posterior.h5
cellbender:remove-background: Succeeded in writing posterior to file /om/scratch/Mon/mabdel03/Tsai_Data/Cellbender_Outputs/20674902/processed_feature_bc_matrix_posterior.h5
cellbender:remove-background: Added posterior object to checkpoint file.
cellbender:remove-background: 2026-01-31 22:51:12

cellbender:remove-background: Saved summary plots as /om/scratch/Mon/mabdel03/Tsai_Data/Cellbender_Outputs/20674902/processed_feature_bc_matrix.pdf
cellbender:remove-background: Saved cell barcodes in /om/scratch/Mon/mabdel03/Tsai_Data/Cellbender_Outputs/20674902/processed_feature_bc_matrix_cell_barcodes.csv
cellbender:remove-background: Computing target noise counts per gene for MCKP estimator
cellbender:remove-background: Using MCKP noise targets computed for FPR 0.0
cellbender:remove-background: Computing denoised counts using mckp estimator
cellbender:remove-background: Working on chunk (1/7)
cellbender:remove-background:     [2.05 mins per chunk]
cellbender:remove-background: Working on chunk (2/7)
cellbender:remove-background: Working on chunk (3/7)
cellbender:remove-background: Working on chunk (4/7)
cellbender:remove-background: Working on chunk (5/7)
cellbender:remove-background: Working on chunk (6/7)
cellbender:remove-background: Working on chunk (7/7)
cellbender:remove-background: 2026-01-31 23:06:23 Total MCKP estimation time = 873.44 sec
cellbender:remove-background: Succeeded in writing CellRanger format output to file /om/scratch/Mon/mabdel03/Tsai_Data/Cellbender_Outputs/20674902/processed_feature_bc_matrix.h5
cellbender:remove-background: Succeeded in writing CellRanger format output to file /om/scratch/Mon/mabdel03/Tsai_Data/Cellbender_Outputs/20674902/processed_feature_bc_matrix_filtered.h5
cellbender:remove-background: Saved output metrics as /om/scratch/Mon/mabdel03/Tsai_Data/Cellbender_Outputs/20674902/processed_feature_bc_matrix_metrics.csv
[NbConvertApp] Converting notebook tmp.report.ipynb to notebook
[NbConvertApp] Writing 522945 bytes to tmp.report.nbconvert.ipynb
[NbConvertApp] Converting notebook tmp.report.nbconvert.ipynb to html
[NbConvertApp] Writing 1097632 bytes to tmp.report.nbconvert.html
cellbender:remove-background: Succeeded in writing report to /om/scratch/Mon/mabdel03/Tsai_Data/Cellbender_Outputs/20674902/processed_feature_bc_matrix_report.html
cellbender:remove-background: Completed remove-background.
cellbender:remove-background: 2026-01-31 23:07:06

