cellbender:remove-background: Command:
cellbender remove-background --cuda --input /tmp/cellbender_44651801_283/raw_feature_bc_matrix.h5 --fpr 0 --output /om/scratch/Mon/mabdel03/Tsai_Data/Cellbender_Outputs/50300408/processed_feature_bc_matrix.h5
cellbender:remove-background: CellBender 0.3.0
cellbender:remove-background: (Workflow hash d2e8021f57)
cellbender:remove-background: 2026-02-01 00:55:09
cellbender:remove-background: Running remove-background
cellbender:remove-background: Loading data from /tmp/cellbender_44651801_283/raw_feature_bc_matrix.h5
cellbender:remove-background: CellRanger v3 format
cellbender:remove-background: Features in dataset: 36601 Gene Expression
cellbender:remove-background: Trimming features for inference.
cellbender:remove-background: 31631 features have nonzero counts.
cellbender:remove-background: Prior on counts for cells is 6046
cellbender:remove-background: Prior on counts for empty droplets is 162
cellbender:remove-background: Excluding 9476 features that are estimated to have <= 0.1 background counts in cells.
cellbender:remove-background: Including 22155 features in the analysis.
cellbender:remove-background: Trimming barcodes for inference.
cellbender:remove-background: Excluding barcodes with counts below 81
cellbender:remove-background: Using 2922 probable cell barcodes, plus an additional 9476 barcodes, and 64593 empty droplets.
cellbender:remove-background: Largest surely-empty droplet has 208 UMI counts.
cellbender:remove-background: Attempting to unpack tarball "ckpt.tar.gz" to /tmp/tmpd7f_gvsy
cellbender:remove-background: No saved checkpoint.
cellbender:remove-background: No checkpoint loaded.
cellbender:remove-background: Running inference...
cellbender:remove-background: [epoch 001]  average training loss: 11038.6826
cellbender:remove-background: [epoch 002]  average training loss: 9409.0816  (6.9 seconds per epoch)
cellbender:remove-background: Will checkpoint every 61 epochs
cellbender:remove-background: [epoch 003]  average training loss: 7769.0193
cellbender:remove-background: [epoch 004]  average training loss: 7002.1720
cellbender:remove-background: [epoch 005]  average training loss: 6612.8244
cellbender:remove-background: [epoch 005] average test loss: 6491.4705
cellbender:remove-background: [epoch 006]  average training loss: 6158.8702
cellbender:remove-background: [epoch 007]  average training loss: 6013.9202
cellbender:remove-background: [epoch 008]  average training loss: 6064.0961
cellbender:remove-background: [epoch 009]  average training loss: 5989.0228
cellbender:remove-background: [epoch 010]  average training loss: 5957.4271
cellbender:remove-background: [epoch 010] average test loss: 5779.2727
cellbender:remove-background: [epoch 011]  average training loss: 5968.6637
cellbender:remove-background: [epoch 012]  average training loss: 5894.5755
cellbender:remove-background: [epoch 013]  average training loss: 5801.2460
cellbender:remove-background: [epoch 014]  average training loss: 5547.8098
cellbender:remove-background: [epoch 015]  average training loss: 5462.9086
cellbender:remove-background: [epoch 015] average test loss: 5363.2873
cellbender:remove-background: [epoch 016]  average training loss: 5445.4050
cellbender:remove-background: [epoch 017]  average training loss: 5441.5648
cellbender:remove-background: [epoch 018]  average training loss: 5394.6784
cellbender:remove-background: [epoch 019]  average training loss: 5352.7776
cellbender:remove-background: [epoch 020]  average training loss: 5378.4525
cellbender:remove-background: [epoch 020] average test loss: 5453.3448
cellbender:remove-background: [epoch 021]  average training loss: 5346.9060
cellbender:remove-background: [epoch 022]  average training loss: 5346.6647
cellbender:remove-background: [epoch 023]  average training loss: 5308.6499
cellbender:remove-background: [epoch 024]  average training loss: 5303.2271
cellbender:remove-background: [epoch 025]  average training loss: 5291.7674
cellbender:remove-background: [epoch 025] average test loss: 5217.8123
cellbender:remove-background: [epoch 026]  average training loss: 5258.8368
cellbender:remove-background: [epoch 027]  average training loss: 5256.9858
cellbender:remove-background: [epoch 028]  average training loss: 5213.5261
cellbender:remove-background: [epoch 029]  average training loss: 5181.5633
cellbender:remove-background: [epoch 030]  average training loss: 5176.4612
cellbender:remove-background: [epoch 030] average test loss: 5079.9298
cellbender:remove-background: [epoch 031]  average training loss: 5148.4750
cellbender:remove-background: [epoch 032]  average training loss: 5147.8680
cellbender:remove-background: [epoch 033]  average training loss: 5136.3013
cellbender:remove-background: [epoch 034]  average training loss: 5129.4180
cellbender:remove-background: [epoch 035]  average training loss: 5128.7954
cellbender:remove-background: [epoch 035] average test loss: 5136.5710
cellbender:remove-background: [epoch 036]  average training loss: 5123.9945
cellbender:remove-background: [epoch 037]  average training loss: 5114.9200
cellbender:remove-background: [epoch 038]  average training loss: 5114.0226
cellbender:remove-background: [epoch 039]  average training loss: 5105.2486
cellbender:remove-background: [epoch 040]  average training loss: 5106.7325
cellbender:remove-background: [epoch 040] average test loss: 5041.8046
cellbender:remove-background: [epoch 041]  average training loss: 5097.4350
cellbender:remove-background: [epoch 042]  average training loss: 5101.9333
cellbender:remove-background: [epoch 043]  average training loss: 5092.4413
cellbender:remove-background: [epoch 044]  average training loss: 5091.7117
cellbender:remove-background: [epoch 045]  average training loss: 5092.3416
cellbender:remove-background: [epoch 045] average test loss: 5032.5429
cellbender:remove-background: [epoch 046]  average training loss: 5090.7095
cellbender:remove-background: [epoch 047]  average training loss: 5086.1219
cellbender:remove-background: [epoch 048]  average training loss: 5090.9247
cellbender:remove-background: [epoch 049]  average training loss: 5081.1396
cellbender:remove-background: [epoch 050]  average training loss: 5079.8396
cellbender:remove-background: [epoch 050] average test loss: 5016.4169
cellbender:remove-background: [epoch 051]  average training loss: 5075.0613
cellbender:remove-background: [epoch 052]  average training loss: 5072.6854
cellbender:remove-background: [epoch 053]  average training loss: 5070.8171
cellbender:remove-background: [epoch 054]  average training loss: 5073.8786
cellbender:remove-background: [epoch 055]  average training loss: 5068.0763
cellbender:remove-background: [epoch 055] average test loss: 4997.5968
cellbender:remove-background: [epoch 056]  average training loss: 5069.7317
cellbender:remove-background: [epoch 057]  average training loss: 5066.4055
cellbender:remove-background: [epoch 058]  average training loss: 5065.5188
cellbender:remove-background: [epoch 059]  average training loss: 5062.2688
cellbender:remove-background: [epoch 060]  average training loss: 5059.4834
cellbender:remove-background: [epoch 060] average test loss: 5013.8910
cellbender:remove-background: [epoch 061]  average training loss: 5065.7008
cellbender:remove-background: Saving a checkpoint...
cellbender:remove-background: Saved checkpoint as /weka/scratch/scratch/Mon/mabdel03/Tsai_Data/Cellbender_Outputs/50300408/ckpt.tar.gz
cellbender:remove-background: [epoch 062]  average training loss: 5058.2040
cellbender:remove-background: [epoch 063]  average training loss: 5056.5882
cellbender:remove-background: [epoch 064]  average training loss: 5056.5470
cellbender:remove-background: [epoch 065]  average training loss: 5055.6941
cellbender:remove-background: [epoch 065] average test loss: 5039.1939
cellbender:remove-background: [epoch 066]  average training loss: 5059.3582
cellbender:remove-background: [epoch 067]  average training loss: 5049.2817
cellbender:remove-background: [epoch 068]  average training loss: 5048.8107
cellbender:remove-background: [epoch 069]  average training loss: 5042.5025
cellbender:remove-background: [epoch 070]  average training loss: 5042.7747
cellbender:remove-background: [epoch 070] average test loss: 5007.6396
cellbender:remove-background: [epoch 071]  average training loss: 5044.8069
cellbender:remove-background: [epoch 072]  average training loss: 5045.9582
cellbender:remove-background: [epoch 073]  average training loss: 5047.3004
cellbender:remove-background: [epoch 074]  average training loss: 5048.9339
cellbender:remove-background: [epoch 075]  average training loss: 5041.9088
cellbender:remove-background: [epoch 075] average test loss: 4970.2377
cellbender:remove-background: [epoch 076]  average training loss: 5043.0722
cellbender:remove-background: [epoch 077]  average training loss: 5041.0788
cellbender:remove-background: [epoch 078]  average training loss: 5041.8677
cellbender:remove-background: [epoch 079]  average training loss: 5034.6143
cellbender:remove-background: [epoch 080]  average training loss: 5041.5307
cellbender:remove-background: [epoch 080] average test loss: 4985.8386
cellbender:remove-background: [epoch 081]  average training loss: 5040.7991
cellbender:remove-background: [epoch 082]  average training loss: 5039.9825
cellbender:remove-background: [epoch 083]  average training loss: 5032.8139
cellbender:remove-background: [epoch 084]  average training loss: 5038.0184
cellbender:remove-background: [epoch 085]  average training loss: 5037.1529
cellbender:remove-background: [epoch 085] average test loss: 5011.3793
cellbender:remove-background: [epoch 086]  average training loss: 5038.5962
cellbender:remove-background: [epoch 087]  average training loss: 5034.2943
cellbender:remove-background: [epoch 088]  average training loss: 5033.4901
cellbender:remove-background: [epoch 089]  average training loss: 5035.4748
cellbender:remove-background: [epoch 090]  average training loss: 5038.1128
cellbender:remove-background: [epoch 090] average test loss: 5012.3214
cellbender:remove-background: [epoch 091]  average training loss: 5033.5536
cellbender:remove-background: [epoch 092]  average training loss: 5027.6281
cellbender:remove-background: [epoch 093]  average training loss: 5032.7690
cellbender:remove-background: [epoch 094]  average training loss: 5032.4987
cellbender:remove-background: [epoch 095]  average training loss: 5027.7575
cellbender:remove-background: [epoch 095] average test loss: 4988.9585
cellbender:remove-background: [epoch 096]  average training loss: 5030.1628
cellbender:remove-background: [epoch 097]  average training loss: 5028.9164
cellbender:remove-background: [epoch 098]  average training loss: 5029.7351
cellbender:remove-background: [epoch 099]  average training loss: 5029.9656
cellbender:remove-background: [epoch 100]  average training loss: 5026.9210
cellbender:remove-background: [epoch 100] average test loss: 5004.4251
cellbender:remove-background: [epoch 101]  average training loss: 5033.9486
cellbender:remove-background: [epoch 102]  average training loss: 5028.3888
cellbender:remove-background: [epoch 103]  average training loss: 5024.6698
cellbender:remove-background: [epoch 104]  average training loss: 5021.7449
cellbender:remove-background: [epoch 105]  average training loss: 5026.3257
cellbender:remove-background: [epoch 105] average test loss: 5024.9929
cellbender:remove-background: [epoch 106]  average training loss: 5021.8183
cellbender:remove-background: [epoch 107]  average training loss: 5015.8138
cellbender:remove-background: [epoch 108]  average training loss: 5022.0666
cellbender:remove-background: [epoch 109]  average training loss: 5014.5080
cellbender:remove-background: [epoch 110]  average training loss: 5016.8052
cellbender:remove-background: [epoch 110] average test loss: 5006.4992
cellbender:remove-background: [epoch 111]  average training loss: 5017.2921
cellbender:remove-background: [epoch 112]  average training loss: 5013.9479
cellbender:remove-background: [epoch 113]  average training loss: 5020.2652
cellbender:remove-background: [epoch 114]  average training loss: 5010.8862
cellbender:remove-background: [epoch 115]  average training loss: 5023.3300
cellbender:remove-background: [epoch 115] average test loss: 4998.2980
cellbender:remove-background: [epoch 116]  average training loss: 5015.1156
cellbender:remove-background: [epoch 117]  average training loss: 5011.4909
cellbender:remove-background: [epoch 118]  average training loss: 5008.0968
cellbender:remove-background: [epoch 119]  average training loss: 5003.4962
cellbender:remove-background: [epoch 120]  average training loss: 5014.9631
cellbender:remove-background: [epoch 120] average test loss: 5003.2576
cellbender:remove-background: [epoch 121]  average training loss: 5007.8563
cellbender:remove-background: [epoch 122]  average training loss: 5007.6541
cellbender:remove-background: Saving a checkpoint...
cellbender:remove-background: Saved checkpoint as /weka/scratch/scratch/Mon/mabdel03/Tsai_Data/Cellbender_Outputs/50300408/ckpt.tar.gz
cellbender:remove-background: [epoch 123]  average training loss: 5008.7655
cellbender:remove-background: [epoch 124]  average training loss: 5005.8043
cellbender:remove-background: [epoch 125]  average training loss: 5004.2475
cellbender:remove-background: [epoch 125] average test loss: 5001.1948
cellbender:remove-background: [epoch 126]  average training loss: 5005.4543
cellbender:remove-background: [epoch 127]  average training loss: 5007.5754
cellbender:remove-background: [epoch 128]  average training loss: 5009.1781
cellbender:remove-background: [epoch 129]  average training loss: 5008.6308
cellbender:remove-background: [epoch 130]  average training loss: 5005.9790
cellbender:remove-background: [epoch 130] average test loss: 4991.9233
cellbender:remove-background: [epoch 131]  average training loss: 5002.2802
cellbender:remove-background: [epoch 132]  average training loss: 5004.8472
cellbender:remove-background: [epoch 133]  average training loss: 5006.7007
cellbender:remove-background: [epoch 134]  average training loss: 5002.5218
cellbender:remove-background: [epoch 135]  average training loss: 5002.2138
cellbender:remove-background: [epoch 135] average test loss: 4995.6588
cellbender:remove-background: [epoch 136]  average training loss: 4998.3332
cellbender:remove-background: [epoch 137]  average training loss: 5001.0581
cellbender:remove-background: [epoch 138]  average training loss: 5005.6824
cellbender:remove-background: [epoch 139]  average training loss: 5001.8158
cellbender:remove-background: [epoch 140]  average training loss: 5002.6399
cellbender:remove-background: [epoch 140] average test loss: 4993.9715
cellbender:remove-background: [epoch 141]  average training loss: 4997.8015
cellbender:remove-background: [epoch 142]  average training loss: 5002.5489
cellbender:remove-background: [epoch 143]  average training loss: 4999.9559
cellbender:remove-background: [epoch 144]  average training loss: 5002.4558
cellbender:remove-background: [epoch 145]  average training loss: 5002.4406
cellbender:remove-background: [epoch 145] average test loss: 5004.9844
cellbender:remove-background: [epoch 146]  average training loss: 5001.6299
cellbender:remove-background: [epoch 147]  average training loss: 5004.1468
cellbender:remove-background: [epoch 148]  average training loss: 5002.4167
cellbender:remove-background: [epoch 149]  average training loss: 5002.3295
cellbender:remove-background: [epoch 150]  average training loss: 5000.6538
cellbender:remove-background: [epoch 150] average test loss: 5005.7585
cellbender:remove-background: Saving a checkpoint...
cellbender:remove-background: Saved checkpoint as /weka/scratch/scratch/Mon/mabdel03/Tsai_Data/Cellbender_Outputs/50300408/ckpt.tar.gz
cellbender:remove-background: 2026-02-01 01:15:49
cellbender:remove-background: Inference procedure complete.
cellbender:remove-background: Attempting to unpack tarball "ckpt.tar.gz" to /tmp/tmpygssiv8k
cellbender:remove-background: Successfully unpacked tarball to /tmp/tmpygssiv8k
/tmp/tmpygssiv8k/d2e8021f57_random.pyro
/tmp/tmpygssiv8k/d2e8021f57_random.cuda
/tmp/tmpygssiv8k/d2e8021f57_model.torch
/tmp/tmpygssiv8k/d2e8021f57_optim.torch
/tmp/tmpygssiv8k/d2e8021f57_optim.pyro
/tmp/tmpygssiv8k/d2e8021f57_params.pyro
/tmp/tmpygssiv8k/d2e8021f57_train.loaderstate
/tmp/tmpygssiv8k/d2e8021f57_test.loaderstate
/tmp/tmpygssiv8k/d2e8021f57_args.npy
cellbender:remove-background: Posterior not currently included in checkpoint.
cellbender:remove-background: Computing posterior noise count probabilities in mini-batches.
cellbender:remove-background: Working on chunk (1/54)
cellbender:remove-background:     [0.05 mins per chunk]
cellbender:remove-background: Working on chunk (2/54)
cellbender:remove-background: Working on chunk (3/54)
cellbender:remove-background: Working on chunk (4/54)
cellbender:remove-background: Working on chunk (5/54)
cellbender:remove-background: Working on chunk (6/54)
cellbender:remove-background: Working on chunk (7/54)
cellbender:remove-background: Working on chunk (8/54)
cellbender:remove-background: Working on chunk (9/54)
cellbender:remove-background: Working on chunk (10/54)
cellbender:remove-background: Working on chunk (11/54)
cellbender:remove-background: Working on chunk (12/54)
cellbender:remove-background: Working on chunk (13/54)
cellbender:remove-background: Working on chunk (14/54)
cellbender:remove-background: Working on chunk (15/54)
cellbender:remove-background: Working on chunk (16/54)
cellbender:remove-background: Working on chunk (17/54)
cellbender:remove-background: Working on chunk (18/54)
cellbender:remove-background: Working on chunk (19/54)
cellbender:remove-background: Working on chunk (20/54)
cellbender:remove-background: Working on chunk (21/54)
cellbender:remove-background: Working on chunk (22/54)
cellbender:remove-background: Working on chunk (23/54)
cellbender:remove-background: Working on chunk (24/54)
cellbender:remove-background: Working on chunk (25/54)
cellbender:remove-background: Working on chunk (26/54)
cellbender:remove-background: Working on chunk (27/54)
cellbender:remove-background: Working on chunk (28/54)
cellbender:remove-background: Working on chunk (29/54)
cellbender:remove-background: Working on chunk (30/54)
cellbender:remove-background: Working on chunk (31/54)
cellbender:remove-background: Working on chunk (32/54)
cellbender:remove-background: Working on chunk (33/54)
cellbender:remove-background: Working on chunk (34/54)
cellbender:remove-background: Working on chunk (35/54)
cellbender:remove-background: Working on chunk (36/54)
cellbender:remove-background: Working on chunk (37/54)
cellbender:remove-background: Working on chunk (38/54)
cellbender:remove-background: Working on chunk (39/54)
cellbender:remove-background: Working on chunk (40/54)
cellbender:remove-background: Working on chunk (41/54)
cellbender:remove-background: Working on chunk (42/54)
cellbender:remove-background: Working on chunk (43/54)
cellbender:remove-background: Working on chunk (44/54)
cellbender:remove-background: Working on chunk (45/54)
cellbender:remove-background: Working on chunk (46/54)
cellbender:remove-background: Working on chunk (47/54)
cellbender:remove-background: Working on chunk (48/54)
cellbender:remove-background: Working on chunk (49/54)
cellbender:remove-background: Working on chunk (50/54)
cellbender:remove-background: Working on chunk (51/54)
cellbender:remove-background: Working on chunk (52/54)
cellbender:remove-background: Working on chunk (53/54)
cellbender:remove-background: Working on chunk (54/54)
cellbender:remove-background: Writing full posterior to /om/scratch/Mon/mabdel03/Tsai_Data/Cellbender_Outputs/50300408/processed_feature_bc_matrix_posterior.h5
Traceback (most recent call last):
  File "/om2/user/mabdel03/conda_envs/Cellbender_env/bin/cellbender", line 8, in <module>
    sys.exit(main())
  File "/om2/user/mabdel03/conda_envs/Cellbender_env/lib/python3.7/site-packages/cellbender/base_cli.py", line 118, in main
    cli_dict[args.tool].run(args)
  File "/om2/user/mabdel03/conda_envs/Cellbender_env/lib/python3.7/site-packages/cellbender/remove_background/cli.py", line 185, in run
    return main(args)
  File "/om2/user/mabdel03/conda_envs/Cellbender_env/lib/python3.7/site-packages/cellbender/remove_background/cli.py", line 230, in main
    posterior = run_remove_background(args)
  File "/om2/user/mabdel03/conda_envs/Cellbender_env/lib/python3.7/site-packages/cellbender/remove_background/run.py", line 107, in run_remove_background
    args=args,
  File "/om2/user/mabdel03/conda_envs/Cellbender_env/lib/python3.7/site-packages/cellbender/remove_background/posterior.py", line 130, in load_or_compute_posterior_and_save
    saved = posterior.save(file=posterior_file)
  File "/om2/user/mabdel03/conda_envs/Cellbender_env/lib/python3.7/site-packages/cellbender/remove_background/posterior.py", line 234, in save
    return write_posterior_coo_to_h5(output_file=file, **d)
  File "/om2/user/mabdel03/conda_envs/Cellbender_env/lib/python3.7/site-packages/cellbender/remove_background/data/io.py", line 275, in write_posterior_coo_to_h5
    title="CellBender remove-background posterior noise count probabilities"
  File "/om2/user/mabdel03/conda_envs/Cellbender_env/lib/python3.7/site-packages/tables/file.py", line 300, in open_file
    return File(filename, mode, title, root_uep, filters, **kwargs)
  File "/om2/user/mabdel03/conda_envs/Cellbender_env/lib/python3.7/site-packages/tables/file.py", line 750, in __init__
    self._g_new(filename, mode, **params)
  File "tables/hdf5extension.pyx", line 486, in tables.hdf5extension.File._g_new
tables.exceptions.HDF5ExtError: HDF5 error back trace

  File "H5F.c", line 532, in H5Fcreate
    unable to create file
  File "H5VLcallback.c", line 3282, in H5VL_file_create
    file create failed
  File "H5VLcallback.c", line 3248, in H5VL__file_create
    file create failed
  File "H5VLnative_file.c", line 63, in H5VL__native_file_create
    unable to create file
  File "H5Fint.c", line 1898, in H5F_open
    unable to lock the file
  File "H5FD.c", line 1625, in H5FD_lock
    driver lock request failed
  File "H5FDsec2.c", line 1002, in H5FD__sec2_lock
    unable to lock file, errno = 5, error message = 'Input/output error'

End of HDF5 error back trace

Unable to open/create file '/om/scratch/Mon/mabdel03/Tsai_Data/Cellbender_Outputs/50300408/processed_feature_bc_matrix_posterior.h5'
