cellbender:remove-background: Command:
cellbender remove-background --cuda --input /om/scratch/Mon/mabdel03/Tsai_Data/Cellranger_Outputs/71648351/outs/raw_feature_bc_matrix.h5 --fpr 0 --output /om/scratch/Mon/mabdel03/Tsai_Data/Cellbender_Outputs/71648351/processed_feature_bc_matrix.h5
cellbender:remove-background: CellBender 0.3.0
cellbender:remove-background: (Workflow hash c0cc662e0d)
cellbender:remove-background: 2026-02-02 02:41:39
cellbender:remove-background: Running remove-background
cellbender:remove-background: Loading data from /om/scratch/Mon/mabdel03/Tsai_Data/Cellranger_Outputs/71648351/outs/raw_feature_bc_matrix.h5
cellbender:remove-background: CellRanger v3 format
cellbender:remove-background: Features in dataset: 36601 Gene Expression
cellbender:remove-background: Trimming features for inference.
cellbender:remove-background: 29600 features have nonzero counts.
cellbender:remove-background: Prior on counts for cells is 3328
cellbender:remove-background: Prior on counts for empty droplets is 59
cellbender:remove-background: Excluding 7531 features that are estimated to have <= 0.1 background counts in cells.
cellbender:remove-background: Including 22069 features in the analysis.
cellbender:remove-background: Trimming barcodes for inference.
cellbender:remove-background: Excluding barcodes with counts below 29
cellbender:remove-background: Using 2815 probable cell barcodes, plus an additional 8569 barcodes, and 46386 empty droplets.
cellbender:remove-background: Largest surely-empty droplet has 69 UMI counts.
cellbender:remove-background: Attempting to unpack tarball "ckpt.tar.gz" to /tmp/tmpa7pu3pbf
cellbender:remove-background: No saved checkpoint.
cellbender:remove-background: No checkpoint loaded.
cellbender:remove-background: Running inference...
cellbender:remove-background: [epoch 001]  average training loss: 5447.1404
cellbender:remove-background: [epoch 002]  average training loss: 4908.0986  (4.0 seconds per epoch)
cellbender:remove-background: Will checkpoint every 106 epochs
cellbender:remove-background: [epoch 003]  average training loss: 4355.7816
cellbender:remove-background: [epoch 004]  average training loss: 4002.5984
cellbender:remove-background: [epoch 005]  average training loss: 3741.6801
cellbender:remove-background: [epoch 005] average test loss: 3686.4326
cellbender:remove-background: [epoch 006]  average training loss: 3464.7962
cellbender:remove-background: [epoch 007]  average training loss: 3294.6045
cellbender:remove-background: [epoch 008]  average training loss: 3249.0150
cellbender:remove-background: [epoch 009]  average training loss: 3240.7884
cellbender:remove-background: [epoch 010]  average training loss: 3220.8043
cellbender:remove-background: [epoch 010] average test loss: 3194.6281
cellbender:remove-background: [epoch 011]  average training loss: 3183.4326
cellbender:remove-background: [epoch 012]  average training loss: 3203.6264
cellbender:remove-background: [epoch 013]  average training loss: 3169.8306
cellbender:remove-background: [epoch 014]  average training loss: 3105.4644
cellbender:remove-background: [epoch 015]  average training loss: 2999.1288
cellbender:remove-background: [epoch 015] average test loss: 3006.4832
cellbender:remove-background: [epoch 016]  average training loss: 2968.7803
cellbender:remove-background: [epoch 017]  average training loss: 2957.6627
cellbender:remove-background: [epoch 018]  average training loss: 2944.7585
cellbender:remove-background: [epoch 019]  average training loss: 2937.2075
cellbender:remove-background: [epoch 020]  average training loss: 2926.3666
cellbender:remove-background: [epoch 020] average test loss: 2890.7291
cellbender:remove-background: [epoch 021]  average training loss: 2915.3575
cellbender:remove-background: [epoch 022]  average training loss: 2903.5240
cellbender:remove-background: [epoch 023]  average training loss: 2904.5728
cellbender:remove-background: [epoch 024]  average training loss: 2899.8037
cellbender:remove-background: [epoch 025]  average training loss: 2885.4229
cellbender:remove-background: [epoch 025] average test loss: 2853.3773
cellbender:remove-background: [epoch 026]  average training loss: 2877.1680
cellbender:remove-background: [epoch 027]  average training loss: 2856.3577
cellbender:remove-background: [epoch 028]  average training loss: 2834.5619
cellbender:remove-background: [epoch 029]  average training loss: 2837.9146
cellbender:remove-background: [epoch 030]  average training loss: 2828.0003
cellbender:remove-background: [epoch 030] average test loss: 2805.4550
cellbender:remove-background: [epoch 031]  average training loss: 2821.3312
cellbender:remove-background: [epoch 032]  average training loss: 2813.1666
cellbender:remove-background: [epoch 033]  average training loss: 2808.0189
cellbender:remove-background: [epoch 034]  average training loss: 2798.8736
cellbender:remove-background: [epoch 035]  average training loss: 2792.7798
cellbender:remove-background: [epoch 035] average test loss: 2772.7301
cellbender:remove-background: [epoch 036]  average training loss: 2784.3492
cellbender:remove-background: [epoch 037]  average training loss: 2782.2719
cellbender:remove-background: [epoch 038]  average training loss: 2777.4860
cellbender:remove-background: [epoch 039]  average training loss: 2774.6662
cellbender:remove-background: [epoch 040]  average training loss: 2771.7132
cellbender:remove-background: [epoch 040] average test loss: 2765.7122
cellbender:remove-background: [epoch 041]  average training loss: 2767.9760
cellbender:remove-background: [epoch 042]  average training loss: 2766.7901
cellbender:remove-background: [epoch 043]  average training loss: 2766.2847
cellbender:remove-background: [epoch 044]  average training loss: 2762.5769
cellbender:remove-background: [epoch 045]  average training loss: 2761.8151
cellbender:remove-background: [epoch 045] average test loss: 2763.2899
cellbender:remove-background: [epoch 046]  average training loss: 2757.1337
cellbender:remove-background: [epoch 047]  average training loss: 2758.2596
cellbender:remove-background: [epoch 048]  average training loss: 2758.6692
cellbender:remove-background: [epoch 049]  average training loss: 2757.1585
cellbender:remove-background: [epoch 050]  average training loss: 2757.5545
cellbender:remove-background: [epoch 050] average test loss: 2744.3700
cellbender:remove-background: [epoch 051]  average training loss: 2758.3756
cellbender:remove-background: [epoch 052]  average training loss: 2756.7657
cellbender:remove-background: [epoch 053]  average training loss: 2757.2111
cellbender:remove-background: [epoch 054]  average training loss: 2762.4203
cellbender:remove-background: [epoch 055]  average training loss: 2756.2124
cellbender:remove-background: [epoch 055] average test loss: 2758.7368
cellbender:remove-background: [epoch 056]  average training loss: 2759.5014
cellbender:remove-background: [epoch 057]  average training loss: 2757.5114
cellbender:remove-background: [epoch 058]  average training loss: 2757.9435
cellbender:remove-background: [epoch 059]  average training loss: 2754.1365
cellbender:remove-background: [epoch 060]  average training loss: 2756.1710
cellbender:remove-background: [epoch 060] average test loss: 2751.3227
cellbender:remove-background: [epoch 061]  average training loss: 2757.8731
cellbender:remove-background: [epoch 062]  average training loss: 2755.4301
cellbender:remove-background: [epoch 063]  average training loss: 2752.3699
cellbender:remove-background: [epoch 064]  average training loss: 2770.4002
cellbender:remove-background: [epoch 065]  average training loss: 2768.5343
cellbender:remove-background: [epoch 065] average test loss: 2736.5486
cellbender:remove-background: [epoch 066]  average training loss: 2766.9069
cellbender:remove-background: [epoch 067]  average training loss: 2758.5595
cellbender:remove-background: [epoch 068]  average training loss: 2753.6846
cellbender:remove-background: [epoch 069]  average training loss: 2747.7628
cellbender:remove-background: [epoch 070]  average training loss: 2750.0622
cellbender:remove-background: [epoch 070] average test loss: 2761.2001
cellbender:remove-background: [epoch 071]  average training loss: 2754.0424
cellbender:remove-background: [epoch 072]  average training loss: 2756.1383
cellbender:remove-background: [epoch 073]  average training loss: 2757.3181
cellbender:remove-background: [epoch 074]  average training loss: 2761.4311
cellbender:remove-background: [epoch 075]  average training loss: 2759.3472
cellbender:remove-background: [epoch 075] average test loss: 2767.0297
cellbender:remove-background: [epoch 076]  average training loss: 2760.2226
cellbender:remove-background: [epoch 077]  average training loss: 2744.9936
cellbender:remove-background: [epoch 078]  average training loss: 2760.8287
cellbender:remove-background: [epoch 079]  average training loss: 2761.3118
cellbender:remove-background: [epoch 080]  average training loss: 2763.3331
cellbender:remove-background: [epoch 080] average test loss: 2738.7193
cellbender:remove-background: [epoch 081]  average training loss: 2755.2060
cellbender:remove-background: [epoch 082]  average training loss: 2764.2744
cellbender:remove-background: [epoch 083]  average training loss: 2752.5038
cellbender:remove-background: [epoch 084]  average training loss: 2763.6330
cellbender:remove-background: [epoch 085]  average training loss: 2759.7754
cellbender:remove-background: [epoch 085] average test loss: 2764.6984
cellbender:remove-background: [epoch 086]  average training loss: 2752.0466
cellbender:remove-background: [epoch 087]  average training loss: 2754.9349
cellbender:remove-background: [epoch 088]  average training loss: 2752.3532
cellbender:remove-background: [epoch 089]  average training loss: 2750.7324
cellbender:remove-background: [epoch 090]  average training loss: 2753.0196
cellbender:remove-background: [epoch 090] average test loss: 2757.5459
cellbender:remove-background: [epoch 091]  average training loss: 2749.1169
cellbender:remove-background: [epoch 092]  average training loss: 2750.5803
cellbender:remove-background: [epoch 093]  average training loss: 2752.6364
cellbender:remove-background: [epoch 094]  average training loss: 2749.3567
cellbender:remove-background: [epoch 095]  average training loss: 2748.0814
cellbender:remove-background: [epoch 095] average test loss: 2733.3945
cellbender:remove-background: [epoch 096]  average training loss: 2756.6993
cellbender:remove-background: [epoch 097]  average training loss: 2749.5051
cellbender:remove-background: [epoch 098]  average training loss: 2747.1539
cellbender:remove-background: [epoch 099]  average training loss: 2747.3293
cellbender:remove-background: [epoch 100]  average training loss: 2760.6080
cellbender:remove-background: [epoch 100] average test loss: 2755.2612
cellbender:remove-background: [epoch 101]  average training loss: 2748.2491
cellbender:remove-background: [epoch 102]  average training loss: 2750.4311
cellbender:remove-background: [epoch 103]  average training loss: 2748.4984
cellbender:remove-background: [epoch 104]  average training loss: 2744.3939
cellbender:remove-background: [epoch 105]  average training loss: 2744.9710
cellbender:remove-background: [epoch 105] average test loss: 2757.4206
cellbender:remove-background: [epoch 106]  average training loss: 2750.6103
cellbender:remove-background: Saving a checkpoint...
cellbender:remove-background: Saved checkpoint as /weka/scratch/scratch/Mon/mabdel03/Tsai_Data/Cellbender_Outputs/71648351/ckpt.tar.gz
cellbender:remove-background: [epoch 107]  average training loss: 2744.7620
cellbender:remove-background: [epoch 108]  average training loss: 2750.5206
cellbender:remove-background: [epoch 109]  average training loss: 2747.3450
cellbender:remove-background: [epoch 110]  average training loss: 2746.7690
cellbender:remove-background: [epoch 110] average test loss: 2761.2212
cellbender:remove-background: [epoch 111]  average training loss: 2743.7551
cellbender:remove-background: [epoch 112]  average training loss: 2746.1055
cellbender:remove-background: [epoch 113]  average training loss: 2745.1428
cellbender:remove-background: [epoch 114]  average training loss: 2745.7817
cellbender:remove-background: [epoch 115]  average training loss: 2742.4981
cellbender:remove-background: [epoch 115] average test loss: 2754.3233
cellbender:remove-background: [epoch 116]  average training loss: 2744.0084
cellbender:remove-background: [epoch 117]  average training loss: 2744.2272
cellbender:remove-background: [epoch 118]  average training loss: 2747.2753
cellbender:remove-background: [epoch 119]  average training loss: 2742.9553
cellbender:remove-background: [epoch 120]  average training loss: 2741.5830
cellbender:remove-background: [epoch 120] average test loss: 2754.0016
cellbender:remove-background: [epoch 121]  average training loss: 2740.7613
cellbender:remove-background: [epoch 122]  average training loss: 2742.4933
cellbender:remove-background: [epoch 123]  average training loss: 2746.1503
cellbender:remove-background: [epoch 124]  average training loss: 2745.0594
cellbender:remove-background: [epoch 125]  average training loss: 2742.7425
cellbender:remove-background: [epoch 125] average test loss: 2746.6031
cellbender:remove-background: [epoch 126]  average training loss: 2743.3180
cellbender:remove-background: [epoch 127]  average training loss: 2742.3291
cellbender:remove-background: [epoch 128]  average training loss: 2739.2855
cellbender:remove-background: [epoch 129]  average training loss: 2750.1692
cellbender:remove-background: [epoch 130]  average training loss: 2738.1145
cellbender:remove-background: [epoch 130] average test loss: 2749.3466
cellbender:remove-background: [epoch 131]  average training loss: 2738.0292
cellbender:remove-background: [epoch 132]  average training loss: 2741.0506
cellbender:remove-background: [epoch 133]  average training loss: 2738.8615
cellbender:remove-background: [epoch 134]  average training loss: 2741.9635
cellbender:remove-background: [epoch 135]  average training loss: 2738.6004
cellbender:remove-background: [epoch 135] average test loss: 2749.4998
cellbender:remove-background: [epoch 136]  average training loss: 2741.0101
cellbender:remove-background: [epoch 137]  average training loss: 2738.9739
cellbender:remove-background: [epoch 138]  average training loss: 2741.3939
cellbender:remove-background: [epoch 139]  average training loss: 2741.7784
cellbender:remove-background: [epoch 140]  average training loss: 2743.4883
cellbender:remove-background: [epoch 140] average test loss: 2760.5993
cellbender:remove-background: [epoch 141]  average training loss: 2739.5841
cellbender:remove-background: [epoch 142]  average training loss: 2740.2282
cellbender:remove-background: [epoch 143]  average training loss: 2738.6719
cellbender:remove-background: [epoch 144]  average training loss: 2737.9780
cellbender:remove-background: [epoch 145]  average training loss: 2738.6788
cellbender:remove-background: [epoch 145] average test loss: 2753.3856
cellbender:remove-background: [epoch 146]  average training loss: 2740.0352
cellbender:remove-background: [epoch 147]  average training loss: 2738.4897
cellbender:remove-background: [epoch 148]  average training loss: 2742.6055
cellbender:remove-background: [epoch 149]  average training loss: 2736.4752
cellbender:remove-background: [epoch 150]  average training loss: 2737.3141
cellbender:remove-background: [epoch 150] average test loss: 2760.9865
cellbender:remove-background: Saving a checkpoint...
cellbender:remove-background: Saved checkpoint as /weka/scratch/scratch/Mon/mabdel03/Tsai_Data/Cellbender_Outputs/71648351/ckpt.tar.gz
cellbender:remove-background: 2026-02-02 02:53:56
cellbender:remove-background: Inference procedure complete.
cellbender:remove-background: Attempting to unpack tarball "ckpt.tar.gz" to /tmp/tmpz6ffizsq
cellbender:remove-background: Successfully unpacked tarball to /tmp/tmpz6ffizsq
/tmp/tmpz6ffizsq/c0cc662e0d_random.pyro
/tmp/tmpz6ffizsq/c0cc662e0d_random.cuda
/tmp/tmpz6ffizsq/c0cc662e0d_model.torch
/tmp/tmpz6ffizsq/c0cc662e0d_optim.torch
/tmp/tmpz6ffizsq/c0cc662e0d_optim.pyro
/tmp/tmpz6ffizsq/c0cc662e0d_params.pyro
/tmp/tmpz6ffizsq/c0cc662e0d_train.loaderstate
/tmp/tmpz6ffizsq/c0cc662e0d_test.loaderstate
/tmp/tmpz6ffizsq/c0cc662e0d_args.npy
cellbender:remove-background: Posterior not currently included in checkpoint.
cellbender:remove-background: Computing posterior noise count probabilities in mini-batches.
cellbender:remove-background: Working on chunk (1/49)
cellbender:remove-background:     [0.04 mins per chunk]
cellbender:remove-background: Working on chunk (2/49)
cellbender:remove-background: Working on chunk (3/49)
cellbender:remove-background: Working on chunk (4/49)
cellbender:remove-background: Working on chunk (5/49)
cellbender:remove-background: Working on chunk (6/49)
cellbender:remove-background: Working on chunk (7/49)
cellbender:remove-background: Working on chunk (8/49)
cellbender:remove-background: Working on chunk (9/49)
cellbender:remove-background: Working on chunk (10/49)
cellbender:remove-background: Working on chunk (11/49)
cellbender:remove-background: Working on chunk (12/49)
cellbender:remove-background: Working on chunk (13/49)
cellbender:remove-background: Working on chunk (14/49)
cellbender:remove-background: Working on chunk (15/49)
cellbender:remove-background: Working on chunk (16/49)
cellbender:remove-background: Working on chunk (17/49)
cellbender:remove-background: Working on chunk (18/49)
cellbender:remove-background: Working on chunk (19/49)
cellbender:remove-background: Working on chunk (20/49)
cellbender:remove-background: Working on chunk (21/49)
cellbender:remove-background: Working on chunk (22/49)
cellbender:remove-background: Working on chunk (23/49)
cellbender:remove-background: Working on chunk (24/49)
cellbender:remove-background: Working on chunk (25/49)
cellbender:remove-background: Working on chunk (26/49)
cellbender:remove-background: Working on chunk (27/49)
cellbender:remove-background: Working on chunk (28/49)
cellbender:remove-background: Working on chunk (29/49)
cellbender:remove-background: Working on chunk (30/49)
cellbender:remove-background: Working on chunk (31/49)
cellbender:remove-background: Working on chunk (32/49)
cellbender:remove-background: Working on chunk (33/49)
cellbender:remove-background: Working on chunk (34/49)
cellbender:remove-background: Working on chunk (35/49)
cellbender:remove-background: Working on chunk (36/49)
cellbender:remove-background: Working on chunk (37/49)
cellbender:remove-background: Working on chunk (38/49)
cellbender:remove-background: Working on chunk (39/49)
cellbender:remove-background: Working on chunk (40/49)
cellbender:remove-background: Working on chunk (41/49)
cellbender:remove-background: Working on chunk (42/49)
cellbender:remove-background: Working on chunk (43/49)
cellbender:remove-background: Working on chunk (44/49)
cellbender:remove-background: Working on chunk (45/49)
cellbender:remove-background: Working on chunk (46/49)
cellbender:remove-background: Working on chunk (47/49)
cellbender:remove-background: Working on chunk (48/49)
cellbender:remove-background: Working on chunk (49/49)
cellbender:remove-background: Writing full posterior to /om/scratch/Mon/mabdel03/Tsai_Data/Cellbender_Outputs/71648351/processed_feature_bc_matrix_posterior.h5
cellbender:remove-background: Succeeded in writing posterior to file /om/scratch/Mon/mabdel03/Tsai_Data/Cellbender_Outputs/71648351/processed_feature_bc_matrix_posterior.h5
cellbender:remove-background: Added posterior object to checkpoint file.
cellbender:remove-background: 2026-02-02 02:57:29

cellbender:remove-background: Saved summary plots as /om/scratch/Mon/mabdel03/Tsai_Data/Cellbender_Outputs/71648351/processed_feature_bc_matrix.pdf
cellbender:remove-background: Saved cell barcodes in /om/scratch/Mon/mabdel03/Tsai_Data/Cellbender_Outputs/71648351/processed_feature_bc_matrix_cell_barcodes.csv
cellbender:remove-background: Computing target noise counts per gene for MCKP estimator
cellbender:remove-background: Using MCKP noise targets computed for FPR 0.0
cellbender:remove-background: Computing denoised counts using mckp estimator
cellbender:remove-background: Working on chunk (1/7)
cellbender:remove-background:     [0.83 mins per chunk]
cellbender:remove-background: Working on chunk (2/7)
cellbender:remove-background: Working on chunk (3/7)
cellbender:remove-background: Working on chunk (4/7)
cellbender:remove-background: Working on chunk (5/7)
cellbender:remove-background: Working on chunk (6/7)
cellbender:remove-background: Working on chunk (7/7)
cellbender:remove-background: 2026-02-02 03:03:36 Total MCKP estimation time = 347.89 sec
cellbender:remove-background: Succeeded in writing CellRanger format output to file /om/scratch/Mon/mabdel03/Tsai_Data/Cellbender_Outputs/71648351/processed_feature_bc_matrix.h5
cellbender:remove-background: Succeeded in writing CellRanger format output to file /om/scratch/Mon/mabdel03/Tsai_Data/Cellbender_Outputs/71648351/processed_feature_bc_matrix_filtered.h5
cellbender:remove-background: Saved output metrics as /om/scratch/Mon/mabdel03/Tsai_Data/Cellbender_Outputs/71648351/processed_feature_bc_matrix_metrics.csv
[NbConvertApp] Converting notebook tmp.report.ipynb to notebook
[NbConvertApp] Writing 538702 bytes to tmp.report.nbconvert.ipynb
[NbConvertApp] Converting notebook tmp.report.nbconvert.ipynb to html
[NbConvertApp] Writing 1113389 bytes to tmp.report.nbconvert.html
cellbender:remove-background: Succeeded in writing report to /om/scratch/Mon/mabdel03/Tsai_Data/Cellbender_Outputs/71648351/processed_feature_bc_matrix_report.html
cellbender:remove-background: Completed remove-background.
cellbender:remove-background: 2026-02-02 03:04:07

