cellbender:remove-background: Command:
cellbender remove-background --cuda --input /tmp/cellbender_44648209_41/raw_feature_bc_matrix.h5 --fpr 0 --output /om/scratch/Mon/mabdel03/Tsai_Data/Cellbender_Outputs/10929637/processed_feature_bc_matrix.h5
cellbender:remove-background: CellBender 0.3.0
cellbender:remove-background: (Workflow hash d5e29efd32)
cellbender:remove-background: 2026-01-31 16:53:53
cellbender:remove-background: Running remove-background
cellbender:remove-background: Loading data from /tmp/cellbender_44648209_41/raw_feature_bc_matrix.h5
cellbender:remove-background: CellRanger v3 format
cellbender:remove-background: Features in dataset: 36601 Gene Expression
cellbender:remove-background: Trimming features for inference.
cellbender:remove-background: 31292 features have nonzero counts.
cellbender:remove-background: Prior on counts for cells is 9739
cellbender:remove-background: Prior on counts for empty droplets is 72
cellbender:remove-background: Excluding 11066 features that are estimated to have <= 0.1 background counts in cells.
cellbender:remove-background: Including 20226 features in the analysis.
cellbender:remove-background: Trimming barcodes for inference.
cellbender:remove-background: Excluding barcodes with counts below 36
cellbender:remove-background: Using 2234 probable cell barcodes, plus an additional 9290 barcodes, and 71489 empty droplets.
cellbender:remove-background: Largest surely-empty droplet has 89 UMI counts.
cellbender:remove-background: Attempting to unpack tarball "ckpt.tar.gz" to /tmp/tmp7h1pqm6o
cellbender:remove-background: No saved checkpoint.
cellbender:remove-background: No checkpoint loaded.
cellbender:remove-background: Running inference...
cellbender:remove-background: [epoch 001]  average training loss: 8402.2529
cellbender:remove-background: [epoch 002]  average training loss: 7239.1092  (3.3 seconds per epoch)
cellbender:remove-background: Will checkpoint every 128 epochs
cellbender:remove-background: [epoch 003]  average training loss: 6146.1926
cellbender:remove-background: [epoch 004]  average training loss: 5572.1293
cellbender:remove-background: [epoch 005]  average training loss: 5207.3982
cellbender:remove-background: [epoch 005] average test loss: 5176.2063
cellbender:remove-background: [epoch 006]  average training loss: 4903.7400
cellbender:remove-background: [epoch 007]  average training loss: 4736.4306
cellbender:remove-background: [epoch 008]  average training loss: 4724.4314
cellbender:remove-background: [epoch 009]  average training loss: 4722.8030
cellbender:remove-background: [epoch 010]  average training loss: 4695.9033
cellbender:remove-background: [epoch 010] average test loss: 4615.8956
cellbender:remove-background: [epoch 011]  average training loss: 4642.3971
cellbender:remove-background: [epoch 012]  average training loss: 4676.1203
cellbender:remove-background: [epoch 013]  average training loss: 4646.3881
cellbender:remove-background: [epoch 014]  average training loss: 4631.1443
cellbender:remove-background: [epoch 015]  average training loss: 4609.7740
cellbender:remove-background: [epoch 015] average test loss: 4533.8634
cellbender:remove-background: [epoch 016]  average training loss: 4581.1817
cellbender:remove-background: [epoch 017]  average training loss: 4498.5084
cellbender:remove-background: [epoch 018]  average training loss: 4447.6566
cellbender:remove-background: [epoch 019]  average training loss: 4442.7010
cellbender:remove-background: [epoch 020]  average training loss: 4425.7556
cellbender:remove-background: [epoch 020] average test loss: 4339.8032
cellbender:remove-background: [epoch 021]  average training loss: 4414.0785
cellbender:remove-background: [epoch 022]  average training loss: 4389.8508
cellbender:remove-background: [epoch 023]  average training loss: 4380.9433
cellbender:remove-background: [epoch 024]  average training loss: 4376.5594
cellbender:remove-background: [epoch 025]  average training loss: 4351.7154
cellbender:remove-background: [epoch 025] average test loss: 4259.1211
cellbender:remove-background: [epoch 026]  average training loss: 4341.0166
cellbender:remove-background: [epoch 027]  average training loss: 4327.5326
cellbender:remove-background: [epoch 028]  average training loss: 4309.8496
cellbender:remove-background: [epoch 029]  average training loss: 4306.4275
cellbender:remove-background: [epoch 030]  average training loss: 4290.8436
cellbender:remove-background: [epoch 030] average test loss: 4188.0024
cellbender:remove-background: [epoch 031]  average training loss: 4276.9933
cellbender:remove-background: [epoch 032]  average training loss: 4265.5732
cellbender:remove-background: [epoch 033]  average training loss: 4258.2869
cellbender:remove-background: [epoch 034]  average training loss: 4250.9000
cellbender:remove-background: [epoch 035]  average training loss: 4245.3911
cellbender:remove-background: [epoch 035] average test loss: 4186.5908
cellbender:remove-background: [epoch 036]  average training loss: 4233.8245
cellbender:remove-background: [epoch 037]  average training loss: 4231.7042
cellbender:remove-background: [epoch 038]  average training loss: 4234.1810
cellbender:remove-background: [epoch 039]  average training loss: 4225.8018
cellbender:remove-background: [epoch 040]  average training loss: 4221.6211
cellbender:remove-background: [epoch 040] average test loss: 4154.3922
cellbender:remove-background: [epoch 041]  average training loss: 4220.7200
cellbender:remove-background: [epoch 042]  average training loss: 4216.4938
cellbender:remove-background: [epoch 043]  average training loss: 4215.1047
cellbender:remove-background: [epoch 044]  average training loss: 4210.6941
cellbender:remove-background: [epoch 045]  average training loss: 4209.7755
cellbender:remove-background: [epoch 045] average test loss: 4138.4064
cellbender:remove-background: [epoch 046]  average training loss: 4201.3096
cellbender:remove-background: [epoch 047]  average training loss: 4206.5774
cellbender:remove-background: [epoch 048]  average training loss: 4199.6311
cellbender:remove-background: [epoch 049]  average training loss: 4190.0239
cellbender:remove-background: [epoch 050]  average training loss: 4191.0063
cellbender:remove-background: [epoch 050] average test loss: 4121.3416
cellbender:remove-background: [epoch 051]  average training loss: 4184.2394
cellbender:remove-background: [epoch 052]  average training loss: 4179.6942
cellbender:remove-background: [epoch 053]  average training loss: 4181.2255
cellbender:remove-background: [epoch 054]  average training loss: 4172.1530
cellbender:remove-background: [epoch 055]  average training loss: 4171.0742
cellbender:remove-background: [epoch 055] average test loss: 4108.8516
cellbender:remove-background: [epoch 056]  average training loss: 4169.8947
cellbender:remove-background: [epoch 057]  average training loss: 4164.8493
cellbender:remove-background: [epoch 058]  average training loss: 4164.0812
cellbender:remove-background: [epoch 059]  average training loss: 4157.8353
cellbender:remove-background: [epoch 060]  average training loss: 4154.4475
cellbender:remove-background: [epoch 060] average test loss: 4095.6141
cellbender:remove-background: [epoch 061]  average training loss: 4152.2289
cellbender:remove-background: [epoch 062]  average training loss: 4152.4921
cellbender:remove-background: [epoch 063]  average training loss: 4150.6765
cellbender:remove-background: [epoch 064]  average training loss: 4145.2532
cellbender:remove-background: [epoch 065]  average training loss: 4147.1517
cellbender:remove-background: [epoch 065] average test loss: 4089.3998
cellbender:remove-background: [epoch 066]  average training loss: 4141.1678
cellbender:remove-background: [epoch 067]  average training loss: 4140.6946
cellbender:remove-background: [epoch 068]  average training loss: 4140.4203
cellbender:remove-background: [epoch 069]  average training loss: 4141.3989
cellbender:remove-background: [epoch 070]  average training loss: 4145.7352
cellbender:remove-background: [epoch 070] average test loss: 4100.2804
cellbender:remove-background: [epoch 071]  average training loss: 4138.2501
cellbender:remove-background: [epoch 072]  average training loss: 4145.0731
cellbender:remove-background: [epoch 073]  average training loss: 4137.1664
cellbender:remove-background: [epoch 074]  average training loss: 4139.2156
cellbender:remove-background: [epoch 075]  average training loss: 4141.1621
cellbender:remove-background: [epoch 075] average test loss: 4126.7347
cellbender:remove-background: [epoch 076]  average training loss: 4170.5915
cellbender:remove-background: [epoch 077]  average training loss: 4145.4984
cellbender:remove-background: [epoch 078]  average training loss: 4142.4415
cellbender:remove-background: [epoch 079]  average training loss: 4142.9454
cellbender:remove-background: [epoch 080]  average training loss: 4140.1251
cellbender:remove-background: [epoch 080] average test loss: 4106.0176
cellbender:remove-background: [epoch 081]  average training loss: 4158.5189
cellbender:remove-background: [epoch 082]  average training loss: 4137.9345
cellbender:remove-background: [epoch 083]  average training loss: 4149.6146
cellbender:remove-background: [epoch 084]  average training loss: 4168.8264
cellbender:remove-background: [epoch 085]  average training loss: 4142.2802
cellbender:remove-background: [epoch 085] average test loss: 4103.2680
cellbender:remove-background: [epoch 086]  average training loss: 4143.6092
cellbender:remove-background: [epoch 087]  average training loss: 4152.7600
cellbender:remove-background: [epoch 088]  average training loss: 4141.9809
cellbender:remove-background: [epoch 089]  average training loss: 4138.2558
cellbender:remove-background: [epoch 090]  average training loss: 4130.2060
cellbender:remove-background: [epoch 090] average test loss: 4088.2856
cellbender:remove-background: [epoch 091]  average training loss: 4140.9188
cellbender:remove-background: [epoch 092]  average training loss: 4135.3719
cellbender:remove-background: [epoch 093]  average training loss: 4155.4274
cellbender:remove-background: [epoch 094]  average training loss: 4125.5878
cellbender:remove-background: [epoch 095]  average training loss: 4137.4025
cellbender:remove-background: [epoch 095] average test loss: 4074.7592
cellbender:remove-background: [epoch 096]  average training loss: 4129.6706
cellbender:remove-background: [epoch 097]  average training loss: 4117.6381
cellbender:remove-background: [epoch 098]  average training loss: 4120.9865
cellbender:remove-background: [epoch 099]  average training loss: 4112.7389
cellbender:remove-background: [epoch 100]  average training loss: 4108.7745
cellbender:remove-background: [epoch 100] average test loss: 4072.2695
cellbender:remove-background: [epoch 101]  average training loss: 4108.6757
cellbender:remove-background: [epoch 102]  average training loss: 4110.4951
cellbender:remove-background: [epoch 103]  average training loss: 4117.5057
cellbender:remove-background: [epoch 104]  average training loss: 4111.1716
cellbender:remove-background: [epoch 105]  average training loss: 4112.4509
cellbender:remove-background: [epoch 105] average test loss: 4085.7473
cellbender:remove-background: [epoch 106]  average training loss: 4107.0995
cellbender:remove-background: [epoch 107]  average training loss: 4106.0800
cellbender:remove-background: [epoch 108]  average training loss: 4108.3277
cellbender:remove-background: [epoch 109]  average training loss: 4103.1069
cellbender:remove-background: [epoch 110]  average training loss: 4103.1913
cellbender:remove-background: [epoch 110] average test loss: 4071.1878
cellbender:remove-background: [epoch 111]  average training loss: 4099.4541
cellbender:remove-background: [epoch 112]  average training loss: 4100.3448
cellbender:remove-background: [epoch 113]  average training loss: 4100.5995
cellbender:remove-background: [epoch 114]  average training loss: 4094.7382
cellbender:remove-background: [epoch 115]  average training loss: 4093.2430
cellbender:remove-background: [epoch 115] average test loss: 4066.5709
cellbender:remove-background: [epoch 116]  average training loss: 4095.6763
cellbender:remove-background: [epoch 117]  average training loss: 4095.5775
cellbender:remove-background: [epoch 118]  average training loss: 4094.4444
cellbender:remove-background: [epoch 119]  average training loss: 4095.2591
cellbender:remove-background: [epoch 120]  average training loss: 4094.6329
cellbender:remove-background: [epoch 120] average test loss: 4064.6110
cellbender:remove-background: [epoch 121]  average training loss: 4093.9145
cellbender:remove-background: [epoch 122]  average training loss: 4093.4617
cellbender:remove-background: [epoch 123]  average training loss: 4092.0278
cellbender:remove-background: [epoch 124]  average training loss: 4090.9368
cellbender:remove-background: [epoch 125]  average training loss: 4089.6885
cellbender:remove-background: [epoch 125] average test loss: 4064.2940
cellbender:remove-background: [epoch 126]  average training loss: 4087.9221
cellbender:remove-background: [epoch 127]  average training loss: 4088.8384
cellbender:remove-background: [epoch 128]  average training loss: 4090.3178
cellbender:remove-background: Saving a checkpoint...
cellbender:remove-background: Saved checkpoint as /weka/scratch/scratch/Mon/mabdel03/Tsai_Data/Cellbender_Outputs/10929637/ckpt.tar.gz
cellbender:remove-background: [epoch 129]  average training loss: 4091.9914
cellbender:remove-background: [epoch 130]  average training loss: 4088.0526
cellbender:remove-background: [epoch 130] average test loss: 4062.9415
cellbender:remove-background: [epoch 131]  average training loss: 4089.8169
cellbender:remove-background: [epoch 132]  average training loss: 4085.3516
cellbender:remove-background: [epoch 133]  average training loss: 4085.1894
cellbender:remove-background: [epoch 134]  average training loss: 4083.5329
cellbender:remove-background: [epoch 135]  average training loss: 4082.9675
cellbender:remove-background: [epoch 135] average test loss: 4059.0338
cellbender:remove-background: [epoch 136]  average training loss: 4085.9519
cellbender:remove-background: [epoch 137]  average training loss: 4088.4223
cellbender:remove-background: [epoch 138]  average training loss: 4084.9626
cellbender:remove-background: [epoch 139]  average training loss: 4084.0317
cellbender:remove-background: [epoch 140]  average training loss: 4085.8231
cellbender:remove-background: [epoch 140] average test loss: 4059.5052
cellbender:remove-background: [epoch 141]  average training loss: 4082.9072
cellbender:remove-background: [epoch 142]  average training loss: 4084.0141
cellbender:remove-background: [epoch 143]  average training loss: 4082.0020
cellbender:remove-background: [epoch 144]  average training loss: 4085.1670
cellbender:remove-background: [epoch 145]  average training loss: 4082.9692
cellbender:remove-background: [epoch 145] average test loss: 4060.3673
cellbender:remove-background: [epoch 146]  average training loss: 4084.2997
cellbender:remove-background: [epoch 147]  average training loss: 4080.9070
cellbender:remove-background: [epoch 148]  average training loss: 4082.5560
cellbender:remove-background: [epoch 149]  average training loss: 4082.1592
cellbender:remove-background: [epoch 150]  average training loss: 4083.2805
cellbender:remove-background: [epoch 150] average test loss: 4055.7186
cellbender:remove-background: Saving a checkpoint...
cellbender:remove-background: Saved checkpoint as /weka/scratch/scratch/Mon/mabdel03/Tsai_Data/Cellbender_Outputs/10929637/ckpt.tar.gz
cellbender:remove-background: 2026-01-31 17:04:18
cellbender:remove-background: Inference procedure complete.
cellbender:remove-background: Attempting to unpack tarball "ckpt.tar.gz" to /tmp/tmpqbvj0_6p
cellbender:remove-background: Successfully unpacked tarball to /tmp/tmpqbvj0_6p
/tmp/tmpqbvj0_6p/d5e29efd32_random.pyro
/tmp/tmpqbvj0_6p/d5e29efd32_random.cuda
/tmp/tmpqbvj0_6p/d5e29efd32_model.torch
/tmp/tmpqbvj0_6p/d5e29efd32_optim.torch
/tmp/tmpqbvj0_6p/d5e29efd32_optim.pyro
/tmp/tmpqbvj0_6p/d5e29efd32_params.pyro
/tmp/tmpqbvj0_6p/d5e29efd32_train.loaderstate
/tmp/tmpqbvj0_6p/d5e29efd32_test.loaderstate
/tmp/tmpqbvj0_6p/d5e29efd32_args.npy
cellbender:remove-background: Posterior not currently included in checkpoint.
cellbender:remove-background: Computing posterior noise count probabilities in mini-batches.
cellbender:remove-background: Working on chunk (1/37)
cellbender:remove-background:     [0.04 mins per chunk]
cellbender:remove-background: Working on chunk (2/37)
cellbender:remove-background: Working on chunk (3/37)
cellbender:remove-background: Working on chunk (4/37)
cellbender:remove-background: Working on chunk (5/37)
cellbender:remove-background: Working on chunk (6/37)
cellbender:remove-background: Working on chunk (7/37)
cellbender:remove-background: Working on chunk (8/37)
cellbender:remove-background: Working on chunk (9/37)
cellbender:remove-background: Working on chunk (10/37)
cellbender:remove-background: Working on chunk (11/37)
cellbender:remove-background: Working on chunk (12/37)
cellbender:remove-background: Working on chunk (13/37)
cellbender:remove-background: Working on chunk (14/37)
cellbender:remove-background: Working on chunk (15/37)
cellbender:remove-background: Working on chunk (16/37)
cellbender:remove-background: Working on chunk (17/37)
cellbender:remove-background: Working on chunk (18/37)
cellbender:remove-background: Working on chunk (19/37)
cellbender:remove-background: Working on chunk (20/37)
cellbender:remove-background: Working on chunk (21/37)
cellbender:remove-background: Working on chunk (22/37)
cellbender:remove-background: Working on chunk (23/37)
cellbender:remove-background: Working on chunk (24/37)
cellbender:remove-background: Working on chunk (25/37)
cellbender:remove-background: Working on chunk (26/37)
cellbender:remove-background: Working on chunk (27/37)
cellbender:remove-background: Working on chunk (28/37)
cellbender:remove-background: Working on chunk (29/37)
cellbender:remove-background: Working on chunk (30/37)
cellbender:remove-background: Working on chunk (31/37)
cellbender:remove-background: Working on chunk (32/37)
cellbender:remove-background: Working on chunk (33/37)
cellbender:remove-background: Working on chunk (34/37)
cellbender:remove-background: Working on chunk (35/37)
cellbender:remove-background: Working on chunk (36/37)
cellbender:remove-background: Working on chunk (37/37)
cellbender:remove-background: Writing full posterior to /om/scratch/Mon/mabdel03/Tsai_Data/Cellbender_Outputs/10929637/processed_feature_bc_matrix_posterior.h5
cellbender:remove-background: Succeeded in writing posterior to file /om/scratch/Mon/mabdel03/Tsai_Data/Cellbender_Outputs/10929637/processed_feature_bc_matrix_posterior.h5
cellbender:remove-background: Added posterior object to checkpoint file.
cellbender:remove-background: 2026-01-31 17:07:40

cellbender:remove-background: Saved summary plots as /om/scratch/Mon/mabdel03/Tsai_Data/Cellbender_Outputs/10929637/processed_feature_bc_matrix.pdf
cellbender:remove-background: Saved cell barcodes in /om/scratch/Mon/mabdel03/Tsai_Data/Cellbender_Outputs/10929637/processed_feature_bc_matrix_cell_barcodes.csv
cellbender:remove-background: Computing target noise counts per gene for MCKP estimator
cellbender:remove-background: Using MCKP noise targets computed for FPR 0.0
cellbender:remove-background: Computing denoised counts using mckp estimator
cellbender:remove-background: Working on chunk (1/7)
cellbender:remove-background:     [1.35 mins per chunk]
cellbender:remove-background: Working on chunk (2/7)
cellbender:remove-background: Working on chunk (3/7)
cellbender:remove-background: Working on chunk (4/7)
cellbender:remove-background: Working on chunk (5/7)
cellbender:remove-background: Working on chunk (6/7)
cellbender:remove-background: Working on chunk (7/7)
cellbender:remove-background: 2026-01-31 17:17:35 Total MCKP estimation time = 564.59 sec
cellbender:remove-background: Succeeded in writing CellRanger format output to file /om/scratch/Mon/mabdel03/Tsai_Data/Cellbender_Outputs/10929637/processed_feature_bc_matrix.h5
cellbender:remove-background: Succeeded in writing CellRanger format output to file /om/scratch/Mon/mabdel03/Tsai_Data/Cellbender_Outputs/10929637/processed_feature_bc_matrix_filtered.h5
cellbender:remove-background: Saved output metrics as /om/scratch/Mon/mabdel03/Tsai_Data/Cellbender_Outputs/10929637/processed_feature_bc_matrix_metrics.csv
[NbConvertApp] Converting notebook tmp.report.ipynb to notebook
[NbConvertApp] Writing 450952 bytes to tmp.report.nbconvert.ipynb
[NbConvertApp] Converting notebook tmp.report.nbconvert.ipynb to html
[NbConvertApp] Writing 1025639 bytes to tmp.report.nbconvert.html
cellbender:remove-background: Succeeded in writing report to /om/scratch/Mon/mabdel03/Tsai_Data/Cellbender_Outputs/10929637/processed_feature_bc_matrix_report.html
cellbender:remove-background: Completed remove-background.
cellbender:remove-background: 2026-01-31 17:18:16

