cellbender:remove-background: Command:
cellbender remove-background --cuda --input /tmp/cellbender_44651436_179/raw_feature_bc_matrix.h5 --fpr 0 --output /om/scratch/Mon/mabdel03/Tsai_Data/Cellbender_Outputs/20978133/processed_feature_bc_matrix.h5
cellbender:remove-background: CellBender 0.3.0
cellbender:remove-background: (Workflow hash d30579a262)
cellbender:remove-background: 2026-01-31 23:23:40
cellbender:remove-background: Running remove-background
cellbender:remove-background: Loading data from /tmp/cellbender_44651436_179/raw_feature_bc_matrix.h5
cellbender:remove-background: CellRanger v3 format
cellbender:remove-background: Features in dataset: 36601 Gene Expression
cellbender:remove-background: Trimming features for inference.
cellbender:remove-background: 26359 features have nonzero counts.
cellbender:remove-background: Prior on counts for cells is 1567
cellbender:remove-background: Prior on counts for empty droplets is 66
cellbender:remove-background: Excluding 6236 features that are estimated to have <= 0.1 background counts in cells.
cellbender:remove-background: Including 20123 features in the analysis.
cellbender:remove-background: Trimming barcodes for inference.
cellbender:remove-background: Excluding barcodes with counts below 33
cellbender:remove-background: Using 1050 probable cell barcodes, plus an additional 3877 barcodes, and 33999 empty droplets.
cellbender:remove-background: Largest surely-empty droplet has 89 UMI counts.
cellbender:remove-background: Attempting to unpack tarball "ckpt.tar.gz" to /tmp/tmp3tdsw990
cellbender:remove-background: No saved checkpoint.
cellbender:remove-background: No checkpoint loaded.
cellbender:remove-background: Running inference...
cellbender:remove-background: [epoch 001]  average training loss: 2832.1203
cellbender:remove-background: [epoch 002]  average training loss: 2752.9740  (1.6 seconds per epoch)
cellbender:remove-background: Will not checkpoint due to projected run completion in under 7.0 min
cellbender:remove-background: [epoch 003]  average training loss: 2647.1828
cellbender:remove-background: [epoch 004]  average training loss: 2569.8343
cellbender:remove-background: [epoch 005]  average training loss: 2482.7790
cellbender:remove-background: [epoch 005] average test loss: 2783.9478
cellbender:remove-background: [epoch 006]  average training loss: 2383.8924
cellbender:remove-background: [epoch 007]  average training loss: 2293.4764
cellbender:remove-background: [epoch 008]  average training loss: 2247.5628
cellbender:remove-background: [epoch 009]  average training loss: 2169.2153
cellbender:remove-background: [epoch 010]  average training loss: 2122.8509
cellbender:remove-background: [epoch 010] average test loss: 2339.3873
cellbender:remove-background: [epoch 011]  average training loss: 2106.0712
cellbender:remove-background: [epoch 012]  average training loss: 2062.2996
cellbender:remove-background: [epoch 013]  average training loss: 2048.7707
cellbender:remove-background: [epoch 014]  average training loss: 2040.8547
cellbender:remove-background: [epoch 015]  average training loss: 2027.8214
cellbender:remove-background: [epoch 015] average test loss: 2139.9691
cellbender:remove-background: [epoch 016]  average training loss: 2033.0705
cellbender:remove-background: [epoch 017]  average training loss: 2027.2227
cellbender:remove-background: [epoch 018]  average training loss: 2029.7865
cellbender:remove-background: [epoch 019]  average training loss: 2044.6647
cellbender:remove-background: [epoch 020]  average training loss: 2036.5002
cellbender:remove-background: [epoch 020] average test loss: 2152.8561
cellbender:remove-background: [epoch 021]  average training loss: 2035.0313
cellbender:remove-background: [epoch 022]  average training loss: 2030.2664
cellbender:remove-background: [epoch 023]  average training loss: 2027.8704
cellbender:remove-background: [epoch 024]  average training loss: 2021.1869
cellbender:remove-background: [epoch 025]  average training loss: 1994.5975
cellbender:remove-background: [epoch 025] average test loss: 2161.0710
cellbender:remove-background: [epoch 026]  average training loss: 1950.4339
cellbender:remove-background: [epoch 027]  average training loss: 1942.3646
cellbender:remove-background: [epoch 028]  average training loss: 1931.5027
cellbender:remove-background: [epoch 029]  average training loss: 1929.7167
cellbender:remove-background: [epoch 030]  average training loss: 1922.4375
cellbender:remove-background: [epoch 030] average test loss: 2046.2773
cellbender:remove-background: [epoch 031]  average training loss: 1917.8430
cellbender:remove-background: [epoch 032]  average training loss: 1922.1400
cellbender:remove-background: [epoch 033]  average training loss: 1916.9794
cellbender:remove-background: [epoch 034]  average training loss: 1914.5620
cellbender:remove-background: [epoch 035]  average training loss: 1910.8699
cellbender:remove-background: [epoch 035] average test loss: 2078.7847
cellbender:remove-background: [epoch 036]  average training loss: 1909.3716
cellbender:remove-background: [epoch 037]  average training loss: 1907.4885
cellbender:remove-background: [epoch 038]  average training loss: 1908.8656
cellbender:remove-background: [epoch 039]  average training loss: 1906.9084
cellbender:remove-background: [epoch 040]  average training loss: 1906.6688
cellbender:remove-background: [epoch 040] average test loss: 2057.9645
cellbender:remove-background: [epoch 041]  average training loss: 1904.5766
cellbender:remove-background: [epoch 042]  average training loss: 1910.1474
cellbender:remove-background: [epoch 043]  average training loss: 1904.5007
cellbender:remove-background: [epoch 044]  average training loss: 1903.5649
cellbender:remove-background: [epoch 045]  average training loss: 1901.4997
cellbender:remove-background: [epoch 045] average test loss: 2022.9812
cellbender:remove-background: [epoch 046]  average training loss: 1900.7644
cellbender:remove-background: [epoch 047]  average training loss: 1897.6219
cellbender:remove-background: [epoch 048]  average training loss: 1897.1936
cellbender:remove-background: [epoch 049]  average training loss: 1897.0022
cellbender:remove-background: [epoch 050]  average training loss: 1896.9536
cellbender:remove-background: [epoch 050] average test loss: 2027.5323
cellbender:remove-background: [epoch 051]  average training loss: 1891.3489
cellbender:remove-background: [epoch 052]  average training loss: 1891.9964
cellbender:remove-background: [epoch 053]  average training loss: 1890.0622
cellbender:remove-background: [epoch 054]  average training loss: 1889.7205
cellbender:remove-background: [epoch 055]  average training loss: 1888.7341
cellbender:remove-background: [epoch 055] average test loss: 2013.1175
cellbender:remove-background: [epoch 056]  average training loss: 1885.0378
cellbender:remove-background: [epoch 057]  average training loss: 1883.7245
cellbender:remove-background: [epoch 058]  average training loss: 1883.2610
cellbender:remove-background: [epoch 059]  average training loss: 1880.4820
cellbender:remove-background: [epoch 060]  average training loss: 1881.4568
cellbender:remove-background: [epoch 060] average test loss: 2001.2637
cellbender:remove-background: [epoch 061]  average training loss: 1877.6018
cellbender:remove-background: [epoch 062]  average training loss: 1881.5090
cellbender:remove-background: [epoch 063]  average training loss: 1875.9709
cellbender:remove-background: [epoch 064]  average training loss: 1874.5851
cellbender:remove-background: [epoch 065]  average training loss: 1874.1818
cellbender:remove-background: [epoch 065] average test loss: 2000.2256
cellbender:remove-background: [epoch 066]  average training loss: 1872.2237
cellbender:remove-background: [epoch 067]  average training loss: 1870.7254
cellbender:remove-background: [epoch 068]  average training loss: 1868.8293
cellbender:remove-background: [epoch 069]  average training loss: 1867.8485
cellbender:remove-background: [epoch 070]  average training loss: 1866.3086
cellbender:remove-background: [epoch 070] average test loss: 1998.7639
cellbender:remove-background: [epoch 071]  average training loss: 1866.3839
cellbender:remove-background: [epoch 072]  average training loss: 1864.0879
cellbender:remove-background: [epoch 073]  average training loss: 1865.8410
cellbender:remove-background: [epoch 074]  average training loss: 1864.1302
cellbender:remove-background: [epoch 075]  average training loss: 1863.2308
cellbender:remove-background: [epoch 075] average test loss: 1998.6654
cellbender:remove-background: [epoch 076]  average training loss: 1865.2191
cellbender:remove-background: [epoch 077]  average training loss: 1863.5326
cellbender:remove-background: [epoch 078]  average training loss: 1860.1283
cellbender:remove-background: [epoch 079]  average training loss: 1863.3462
cellbender:remove-background: [epoch 080]  average training loss: 1859.2102
cellbender:remove-background: [epoch 080] average test loss: 1997.0703
cellbender:remove-background: [epoch 081]  average training loss: 1858.9723
cellbender:remove-background: [epoch 082]  average training loss: 1860.5726
cellbender:remove-background: [epoch 083]  average training loss: 1855.8460
cellbender:remove-background: [epoch 084]  average training loss: 1859.7917
cellbender:remove-background: [epoch 085]  average training loss: 1855.0667
cellbender:remove-background: [epoch 085] average test loss: 1988.5436
cellbender:remove-background: [epoch 086]  average training loss: 1857.9325
cellbender:remove-background: [epoch 087]  average training loss: 1854.7142
cellbender:remove-background: [epoch 088]  average training loss: 1854.1109
cellbender:remove-background: [epoch 089]  average training loss: 1854.3114
cellbender:remove-background: [epoch 090]  average training loss: 1853.8873
cellbender:remove-background: [epoch 090] average test loss: 1991.9644
cellbender:remove-background: [epoch 091]  average training loss: 1852.9717
cellbender:remove-background: [epoch 092]  average training loss: 1855.1302
cellbender:remove-background: [epoch 093]  average training loss: 1851.9508
cellbender:remove-background: [epoch 094]  average training loss: 1853.5416
cellbender:remove-background: [epoch 095]  average training loss: 1852.5075
cellbender:remove-background: [epoch 095] average test loss: 1996.1474
cellbender:remove-background: [epoch 096]  average training loss: 1855.0439
cellbender:remove-background: [epoch 097]  average training loss: 1850.8087
cellbender:remove-background: [epoch 098]  average training loss: 1855.4291
cellbender:remove-background: [epoch 099]  average training loss: 1851.4039
cellbender:remove-background: [epoch 100]  average training loss: 1849.9349
cellbender:remove-background: [epoch 100] average test loss: 1985.1617
cellbender:remove-background: [epoch 101]  average training loss: 1849.6439
cellbender:remove-background: [epoch 102]  average training loss: 1850.8687
cellbender:remove-background: [epoch 103]  average training loss: 1847.0770
cellbender:remove-background: [epoch 104]  average training loss: 1851.1612
cellbender:remove-background: [epoch 105]  average training loss: 1851.4827
cellbender:remove-background: [epoch 105] average test loss: 1991.8932
cellbender:remove-background: [epoch 106]  average training loss: 1853.9887
cellbender:remove-background: [epoch 107]  average training loss: 1850.4898
cellbender:remove-background: [epoch 108]  average training loss: 1847.1814
cellbender:remove-background: [epoch 109]  average training loss: 1851.7564
cellbender:remove-background: [epoch 110]  average training loss: 1845.4230
cellbender:remove-background: [epoch 110] average test loss: 1990.9185
cellbender:remove-background: [epoch 111]  average training loss: 1845.1622
cellbender:remove-background: [epoch 112]  average training loss: 1849.1762
cellbender:remove-background: [epoch 113]  average training loss: 1847.1585
cellbender:remove-background: [epoch 114]  average training loss: 1850.2516
cellbender:remove-background: [epoch 115]  average training loss: 1848.2462
cellbender:remove-background: [epoch 115] average test loss: 1991.8915
cellbender:remove-background: [epoch 116]  average training loss: 1849.0188
cellbender:remove-background: [epoch 117]  average training loss: 1844.1428
cellbender:remove-background: [epoch 118]  average training loss: 1846.3791
cellbender:remove-background: [epoch 119]  average training loss: 1850.1423
cellbender:remove-background: [epoch 120]  average training loss: 1846.0502
cellbender:remove-background: [epoch 120] average test loss: 1984.5929
cellbender:remove-background: [epoch 121]  average training loss: 1843.0061
cellbender:remove-background: [epoch 122]  average training loss: 1846.1548
cellbender:remove-background: [epoch 123]  average training loss: 1846.1810
cellbender:remove-background: [epoch 124]  average training loss: 1843.9700
cellbender:remove-background: [epoch 125]  average training loss: 1845.1970
cellbender:remove-background: [epoch 125] average test loss: 1990.0961
cellbender:remove-background: [epoch 126]  average training loss: 1846.0698
cellbender:remove-background: [epoch 127]  average training loss: 1843.1671
cellbender:remove-background: [epoch 128]  average training loss: 1843.9897
cellbender:remove-background: [epoch 129]  average training loss: 1846.2546
cellbender:remove-background: [epoch 130]  average training loss: 1845.7894
cellbender:remove-background: [epoch 130] average test loss: 1988.6571
cellbender:remove-background: [epoch 131]  average training loss: 1844.0066
cellbender:remove-background: [epoch 132]  average training loss: 1842.3620
cellbender:remove-background: [epoch 133]  average training loss: 1843.6654
cellbender:remove-background: [epoch 134]  average training loss: 1844.8635
cellbender:remove-background: [epoch 135]  average training loss: 1843.0258
cellbender:remove-background: [epoch 135] average test loss: 1988.0032
cellbender:remove-background: [epoch 136]  average training loss: 1843.5653
cellbender:remove-background: [epoch 137]  average training loss: 1844.3418
cellbender:remove-background: [epoch 138]  average training loss: 1842.4844
cellbender:remove-background: [epoch 139]  average training loss: 1842.4571
cellbender:remove-background: [epoch 140]  average training loss: 1841.7837
cellbender:remove-background: [epoch 140] average test loss: 1991.3669
cellbender:remove-background: [epoch 141]  average training loss: 1841.8699
cellbender:remove-background: [epoch 142]  average training loss: 1843.3827
cellbender:remove-background: [epoch 143]  average training loss: 1841.5292
cellbender:remove-background: [epoch 144]  average training loss: 1842.8467
cellbender:remove-background: [epoch 145]  average training loss: 1843.1823
cellbender:remove-background: [epoch 145] average test loss: 1989.6051
cellbender:remove-background: [epoch 146]  average training loss: 1843.7310
cellbender:remove-background: [epoch 147]  average training loss: 1842.3860
cellbender:remove-background: [epoch 148]  average training loss: 1843.6150
cellbender:remove-background: [epoch 149]  average training loss: 1843.2542
cellbender:remove-background: [epoch 150]  average training loss: 1842.9217
cellbender:remove-background: [epoch 150] average test loss: 1986.8749
cellbender:remove-background: Saving a checkpoint...
cellbender:remove-background: Saved checkpoint as /weka/scratch/scratch/Mon/mabdel03/Tsai_Data/Cellbender_Outputs/20978133/ckpt.tar.gz
cellbender:remove-background: 2026-01-31 23:28:42
cellbender:remove-background: Inference procedure complete.
cellbender:remove-background: Attempting to unpack tarball "ckpt.tar.gz" to /tmp/tmprhbancuu
cellbender:remove-background: Successfully unpacked tarball to /tmp/tmprhbancuu
/tmp/tmprhbancuu/d30579a262_random.pyro
/tmp/tmprhbancuu/d30579a262_random.cuda
/tmp/tmprhbancuu/d30579a262_model.torch
/tmp/tmprhbancuu/d30579a262_optim.torch
/tmp/tmprhbancuu/d30579a262_optim.pyro
/tmp/tmprhbancuu/d30579a262_params.pyro
/tmp/tmprhbancuu/d30579a262_train.loaderstate
/tmp/tmprhbancuu/d30579a262_test.loaderstate
/tmp/tmprhbancuu/d30579a262_args.npy
cellbender:remove-background: Posterior not currently included in checkpoint.
cellbender:remove-background: Computing posterior noise count probabilities in mini-batches.
cellbender:remove-background: Working on chunk (1/18)
cellbender:remove-background:     [0.03 mins per chunk]
cellbender:remove-background: Working on chunk (2/18)
cellbender:remove-background: Working on chunk (3/18)
cellbender:remove-background: Working on chunk (4/18)
cellbender:remove-background: Working on chunk (5/18)
cellbender:remove-background: Working on chunk (6/18)
cellbender:remove-background: Working on chunk (7/18)
cellbender:remove-background: Working on chunk (8/18)
cellbender:remove-background: Working on chunk (9/18)
cellbender:remove-background: Working on chunk (10/18)
cellbender:remove-background: Working on chunk (11/18)
cellbender:remove-background: Working on chunk (12/18)
cellbender:remove-background: Working on chunk (13/18)
cellbender:remove-background: Working on chunk (14/18)
cellbender:remove-background: Working on chunk (15/18)
cellbender:remove-background: Working on chunk (16/18)
cellbender:remove-background: Working on chunk (17/18)
cellbender:remove-background: Working on chunk (18/18)
cellbender:remove-background: Writing full posterior to /om/scratch/Mon/mabdel03/Tsai_Data/Cellbender_Outputs/20978133/processed_feature_bc_matrix_posterior.h5
cellbender:remove-background: Succeeded in writing posterior to file /om/scratch/Mon/mabdel03/Tsai_Data/Cellbender_Outputs/20978133/processed_feature_bc_matrix_posterior.h5
cellbender:remove-background: Added posterior object to checkpoint file.
cellbender:remove-background: 2026-01-31 23:30:36

cellbender:remove-background: Saved summary plots as /om/scratch/Mon/mabdel03/Tsai_Data/Cellbender_Outputs/20978133/processed_feature_bc_matrix.pdf
cellbender:remove-background: Saved cell barcodes in /om/scratch/Mon/mabdel03/Tsai_Data/Cellbender_Outputs/20978133/processed_feature_bc_matrix_cell_barcodes.csv
cellbender:remove-background: Computing target noise counts per gene for MCKP estimator
cellbender:remove-background: Using MCKP noise targets computed for FPR 0.0
cellbender:remove-background: Computing denoised counts using mckp estimator
cellbender:remove-background: Working on chunk (1/7)
cellbender:remove-background:     [0.23 mins per chunk]
cellbender:remove-background: Working on chunk (2/7)
cellbender:remove-background: Working on chunk (3/7)
cellbender:remove-background: Working on chunk (4/7)
cellbender:remove-background: Working on chunk (5/7)
cellbender:remove-background: Working on chunk (6/7)
cellbender:remove-background: Working on chunk (7/7)
cellbender:remove-background: 2026-01-31 23:32:16 Total MCKP estimation time = 95.07 sec
cellbender:remove-background: Succeeded in writing CellRanger format output to file /om/scratch/Mon/mabdel03/Tsai_Data/Cellbender_Outputs/20978133/processed_feature_bc_matrix.h5
cellbender:remove-background: Succeeded in writing CellRanger format output to file /om/scratch/Mon/mabdel03/Tsai_Data/Cellbender_Outputs/20978133/processed_feature_bc_matrix_filtered.h5
cellbender:remove-background: Saved output metrics as /om/scratch/Mon/mabdel03/Tsai_Data/Cellbender_Outputs/20978133/processed_feature_bc_matrix_metrics.csv
[NbConvertApp] Converting notebook tmp.report.ipynb to notebook
[NbConvertApp] Writing 425747 bytes to tmp.report.nbconvert.ipynb
[NbConvertApp] Converting notebook tmp.report.nbconvert.ipynb to html
[NbConvertApp] Writing 1000434 bytes to tmp.report.nbconvert.html
cellbender:remove-background: Succeeded in writing report to /om/scratch/Mon/mabdel03/Tsai_Data/Cellbender_Outputs/20978133/processed_feature_bc_matrix_report.html
cellbender:remove-background: Completed remove-background.
cellbender:remove-background: 2026-01-31 23:32:33

