cellbender:remove-background: Command:
cellbender remove-background --cuda --input /tmp/cellbender_44648189_39/raw_feature_bc_matrix.h5 --fpr 0 --output /om/scratch/Mon/mabdel03/Tsai_Data/Cellbender_Outputs/10866165/processed_feature_bc_matrix.h5
cellbender:remove-background: CellBender 0.3.0
cellbender:remove-background: (Workflow hash 913ccbc20a)
cellbender:remove-background: 2026-01-31 16:51:39
cellbender:remove-background: Running remove-background
cellbender:remove-background: Loading data from /tmp/cellbender_44648189_39/raw_feature_bc_matrix.h5
cellbender:remove-background: CellRanger v3 format
cellbender:remove-background: Features in dataset: 36601 Gene Expression
cellbender:remove-background: Trimming features for inference.
cellbender:remove-background: 31831 features have nonzero counts.
cellbender:remove-background: Prior on counts for cells is 10875
cellbender:remove-background: Prior on counts for empty droplets is 132
cellbender:remove-background: Excluding 10017 features that are estimated to have <= 0.1 background counts in cells.
cellbender:remove-background: Including 21814 features in the analysis.
cellbender:remove-background: Trimming barcodes for inference.
cellbender:remove-background: Excluding barcodes with counts below 66
cellbender:remove-background: Using 2670 probable cell barcodes, plus an additional 8966 barcodes, and 64056 empty droplets.
cellbender:remove-background: Largest surely-empty droplet has 170 UMI counts.
cellbender:remove-background: Attempting to unpack tarball "ckpt.tar.gz" to /tmp/tmp4qwbpjmb
cellbender:remove-background: No saved checkpoint.
cellbender:remove-background: No checkpoint loaded.
cellbender:remove-background: Running inference...
cellbender:remove-background: [epoch 001]  average training loss: 12185.1624
cellbender:remove-background: [epoch 002]  average training loss: 10380.3998  (4.1 seconds per epoch)
cellbender:remove-background: Will checkpoint every 103 epochs
cellbender:remove-background: [epoch 003]  average training loss: 8504.7946
cellbender:remove-background: [epoch 004]  average training loss: 7729.7153
cellbender:remove-background: [epoch 005]  average training loss: 7186.5800
cellbender:remove-background: [epoch 005] average test loss: 7149.8672
cellbender:remove-background: [epoch 006]  average training loss: 6759.6126
cellbender:remove-background: [epoch 007]  average training loss: 6503.5829
cellbender:remove-background: [epoch 008]  average training loss: 6576.4348
cellbender:remove-background: [epoch 009]  average training loss: 6566.0454
cellbender:remove-background: [epoch 010]  average training loss: 6507.3809
cellbender:remove-background: [epoch 010] average test loss: 6256.3351
cellbender:remove-background: [epoch 011]  average training loss: 6425.4426
cellbender:remove-background: [epoch 012]  average training loss: 6503.3707
cellbender:remove-background: [epoch 013]  average training loss: 6370.9336
cellbender:remove-background: [epoch 014]  average training loss: 6298.7010
cellbender:remove-background: [epoch 015]  average training loss: 6002.3434
cellbender:remove-background: [epoch 015] average test loss: 6178.8657
cellbender:remove-background: [epoch 016]  average training loss: 5963.3217
cellbender:remove-background: [epoch 017]  average training loss: 5931.7528
cellbender:remove-background: [epoch 018]  average training loss: 5943.5230
cellbender:remove-background: [epoch 019]  average training loss: 5884.4204
cellbender:remove-background: [epoch 020]  average training loss: 5869.5999
cellbender:remove-background: [epoch 020] average test loss: 5854.1144
cellbender:remove-background: [epoch 021]  average training loss: 5875.2290
cellbender:remove-background: [epoch 022]  average training loss: 5839.0859
cellbender:remove-background: [epoch 023]  average training loss: 5840.4583
cellbender:remove-background: [epoch 024]  average training loss: 5811.6081
cellbender:remove-background: [epoch 025]  average training loss: 5791.6005
cellbender:remove-background: [epoch 025] average test loss: 5708.7810
cellbender:remove-background: [epoch 026]  average training loss: 5800.1602
cellbender:remove-background: [epoch 027]  average training loss: 5767.2330
cellbender:remove-background: [epoch 028]  average training loss: 5772.0166
cellbender:remove-background: [epoch 029]  average training loss: 5736.8086
cellbender:remove-background: [epoch 030]  average training loss: 5721.1565
cellbender:remove-background: [epoch 030] average test loss: 5646.0814
cellbender:remove-background: [epoch 031]  average training loss: 5661.2733
cellbender:remove-background: [epoch 032]  average training loss: 5647.1216
cellbender:remove-background: [epoch 033]  average training loss: 5610.2191
cellbender:remove-background: [epoch 034]  average training loss: 5609.5838
cellbender:remove-background: [epoch 035]  average training loss: 5595.9619
cellbender:remove-background: [epoch 035] average test loss: 5530.5406
cellbender:remove-background: [epoch 036]  average training loss: 5583.2251
cellbender:remove-background: [epoch 037]  average training loss: 5578.0669
cellbender:remove-background: [epoch 038]  average training loss: 5570.5229
cellbender:remove-background: [epoch 039]  average training loss: 5558.0123
cellbender:remove-background: [epoch 040]  average training loss: 5550.8379
cellbender:remove-background: [epoch 040] average test loss: 5491.8364
cellbender:remove-background: [epoch 041]  average training loss: 5544.9409
cellbender:remove-background: [epoch 042]  average training loss: 5534.6359
cellbender:remove-background: [epoch 043]  average training loss: 5532.5556
cellbender:remove-background: [epoch 044]  average training loss: 5521.8185
cellbender:remove-background: [epoch 045]  average training loss: 5517.7254
cellbender:remove-background: [epoch 045] average test loss: 5435.4452
cellbender:remove-background: [epoch 046]  average training loss: 5512.7825
cellbender:remove-background: [epoch 047]  average training loss: 5510.2502
cellbender:remove-background: [epoch 048]  average training loss: 5510.0489
cellbender:remove-background: [epoch 049]  average training loss: 5504.3125
cellbender:remove-background: [epoch 050]  average training loss: 5504.2533
cellbender:remove-background: [epoch 050] average test loss: 5435.9820
cellbender:remove-background: [epoch 051]  average training loss: 5497.8271
cellbender:remove-background: [epoch 052]  average training loss: 5495.1738
cellbender:remove-background: [epoch 053]  average training loss: 5490.5860
cellbender:remove-background: [epoch 054]  average training loss: 5487.7188
cellbender:remove-background: [epoch 055]  average training loss: 5483.7021
cellbender:remove-background: [epoch 055] average test loss: 5413.5648
cellbender:remove-background: [epoch 056]  average training loss: 5481.8316
cellbender:remove-background: [epoch 057]  average training loss: 5478.8044
cellbender:remove-background: [epoch 058]  average training loss: 5480.5657
cellbender:remove-background: [epoch 059]  average training loss: 5475.7593
cellbender:remove-background: [epoch 060]  average training loss: 5479.4968
cellbender:remove-background: [epoch 060] average test loss: 5413.9663
cellbender:remove-background: [epoch 061]  average training loss: 5473.6690
cellbender:remove-background: [epoch 062]  average training loss: 5474.3413
cellbender:remove-background: [epoch 063]  average training loss: 5471.6561
cellbender:remove-background: [epoch 064]  average training loss: 5470.0834
cellbender:remove-background: [epoch 065]  average training loss: 5466.8863
cellbender:remove-background: [epoch 065] average test loss: 5414.1062
cellbender:remove-background: [epoch 066]  average training loss: 5463.6433
cellbender:remove-background: [epoch 067]  average training loss: 5458.3480
cellbender:remove-background: [epoch 068]  average training loss: 5457.4124
cellbender:remove-background: [epoch 069]  average training loss: 5460.8625
cellbender:remove-background: [epoch 070]  average training loss: 5457.7069
cellbender:remove-background: [epoch 070] average test loss: 5392.9208
cellbender:remove-background: [epoch 071]  average training loss: 5452.0093
cellbender:remove-background: [epoch 072]  average training loss: 5452.5813
cellbender:remove-background: [epoch 073]  average training loss: 5451.8225
cellbender:remove-background: [epoch 074]  average training loss: 5450.2884
cellbender:remove-background: [epoch 075]  average training loss: 5456.1263
cellbender:remove-background: [epoch 075] average test loss: 5413.1770
cellbender:remove-background: [epoch 076]  average training loss: 5449.4294
cellbender:remove-background: [epoch 077]  average training loss: 5450.6750
cellbender:remove-background: [epoch 078]  average training loss: 5444.5992
cellbender:remove-background: [epoch 079]  average training loss: 5445.2411
cellbender:remove-background: [epoch 080]  average training loss: 5446.6360
cellbender:remove-background: [epoch 080] average test loss: 5390.4603
cellbender:remove-background: [epoch 081]  average training loss: 5442.3510
cellbender:remove-background: [epoch 082]  average training loss: 5441.7896
cellbender:remove-background: [epoch 083]  average training loss: 5439.3144
cellbender:remove-background: [epoch 084]  average training loss: 5440.4773
cellbender:remove-background: [epoch 085]  average training loss: 5433.7236
cellbender:remove-background: [epoch 085] average test loss: 5389.1280
cellbender:remove-background: [epoch 086]  average training loss: 5434.0804
cellbender:remove-background: [epoch 087]  average training loss: 5440.7008
cellbender:remove-background: [epoch 088]  average training loss: 5437.2477
cellbender:remove-background: [epoch 089]  average training loss: 5436.8758
cellbender:remove-background: [epoch 090]  average training loss: 5439.3267
cellbender:remove-background: [epoch 090] average test loss: 5397.4918
cellbender:remove-background: [epoch 091]  average training loss: 5437.4713
cellbender:remove-background: [epoch 092]  average training loss: 5444.9525
cellbender:remove-background: [epoch 093]  average training loss: 5438.1402
cellbender:remove-background: [epoch 094]  average training loss: 5436.4404
cellbender:remove-background: [epoch 095]  average training loss: 5435.1114
cellbender:remove-background: [epoch 095] average test loss: 5415.6690
cellbender:remove-background: [epoch 096]  average training loss: 5437.0152
cellbender:remove-background: [epoch 097]  average training loss: 5435.1016
cellbender:remove-background: [epoch 098]  average training loss: 5431.3969
cellbender:remove-background: [epoch 099]  average training loss: 5439.2906
cellbender:remove-background: [epoch 100]  average training loss: 5444.9155
cellbender:remove-background: [epoch 100] average test loss: 5392.7701
cellbender:remove-background: [epoch 101]  average training loss: 5439.1984
cellbender:remove-background: [epoch 102]  average training loss: 5435.9620
cellbender:remove-background: [epoch 103]  average training loss: 5435.9728
cellbender:remove-background: Saving a checkpoint...
cellbender:remove-background: Saved checkpoint as /weka/scratch/scratch/Mon/mabdel03/Tsai_Data/Cellbender_Outputs/10866165/ckpt.tar.gz
cellbender:remove-background: [epoch 104]  average training loss: 5433.8168
cellbender:remove-background: [epoch 105]  average training loss: 5434.5096
cellbender:remove-background: [epoch 105] average test loss: 5410.7117
cellbender:remove-background: [epoch 106]  average training loss: 5435.2573
cellbender:remove-background: [epoch 107]  average training loss: 5432.4610
cellbender:remove-background: [epoch 108]  average training loss: 5434.4900
cellbender:remove-background: [epoch 109]  average training loss: 5428.1772
cellbender:remove-background: [epoch 110]  average training loss: 5431.3691
cellbender:remove-background: [epoch 110] average test loss: 5420.2222
cellbender:remove-background: [epoch 111]  average training loss: 5434.5901
cellbender:remove-background: [epoch 112]  average training loss: 5426.2471
cellbender:remove-background: [epoch 113]  average training loss: 5433.3080
cellbender:remove-background: [epoch 114]  average training loss: 5430.0255
cellbender:remove-background: [epoch 115]  average training loss: 5429.9706
cellbender:remove-background: [epoch 115] average test loss: 5404.1612
cellbender:remove-background: [epoch 116]  average training loss: 5428.8141
cellbender:remove-background: [epoch 117]  average training loss: 5422.7727
cellbender:remove-background: [epoch 118]  average training loss: 5428.5794
cellbender:remove-background: [epoch 119]  average training loss: 5426.2345
cellbender:remove-background: [epoch 120]  average training loss: 5421.6534
cellbender:remove-background: [epoch 120] average test loss: 5415.9203
cellbender:remove-background: [epoch 121]  average training loss: 5418.3583
cellbender:remove-background: [epoch 122]  average training loss: 5425.9875
cellbender:remove-background: [epoch 123]  average training loss: 5423.0445
cellbender:remove-background: [epoch 124]  average training loss: 5428.0649
cellbender:remove-background: [epoch 125]  average training loss: 5421.7821
cellbender:remove-background: [epoch 125] average test loss: 5399.1290
cellbender:remove-background: [epoch 126]  average training loss: 5423.7811
cellbender:remove-background: [epoch 127]  average training loss: 5413.2700
cellbender:remove-background: [epoch 128]  average training loss: 5421.5663
cellbender:remove-background: [epoch 129]  average training loss: 5420.6669
cellbender:remove-background: [epoch 130]  average training loss: 5418.9419
cellbender:remove-background: [epoch 130] average test loss: 5404.0285
cellbender:remove-background: [epoch 131]  average training loss: 5417.6655
cellbender:remove-background: [epoch 132]  average training loss: 5417.6693
cellbender:remove-background: [epoch 133]  average training loss: 5415.4949
cellbender:remove-background: [epoch 134]  average training loss: 5422.3482
cellbender:remove-background: [epoch 135]  average training loss: 5419.0390
cellbender:remove-background: [epoch 135] average test loss: 5403.8550
cellbender:remove-background: [epoch 136]  average training loss: 5418.0626
cellbender:remove-background: [epoch 137]  average training loss: 5416.5271
cellbender:remove-background: [epoch 138]  average training loss: 5419.7730
cellbender:remove-background: [epoch 139]  average training loss: 5421.3796
cellbender:remove-background: [epoch 140]  average training loss: 5415.4691
cellbender:remove-background: [epoch 140] average test loss: 5397.2857
cellbender:remove-background: [epoch 141]  average training loss: 5412.1704
cellbender:remove-background: [epoch 142]  average training loss: 5413.4626
cellbender:remove-background: [epoch 143]  average training loss: 5414.6766
cellbender:remove-background: [epoch 144]  average training loss: 5415.4505
cellbender:remove-background: [epoch 145]  average training loss: 5414.3168
cellbender:remove-background: [epoch 145] average test loss: 5399.7706
cellbender:remove-background: [epoch 146]  average training loss: 5412.7980
cellbender:remove-background: [epoch 147]  average training loss: 5418.6383
cellbender:remove-background: [epoch 148]  average training loss: 5417.4447
cellbender:remove-background: [epoch 149]  average training loss: 5420.0988
cellbender:remove-background: [epoch 150]  average training loss: 5414.3152
cellbender:remove-background: [epoch 150] average test loss: 5399.4339
cellbender:remove-background: Saving a checkpoint...
cellbender:remove-background: Saved checkpoint as /weka/scratch/scratch/Mon/mabdel03/Tsai_Data/Cellbender_Outputs/10866165/ckpt.tar.gz
cellbender:remove-background: 2026-01-31 17:04:55
cellbender:remove-background: Inference procedure complete.
cellbender:remove-background: Attempting to unpack tarball "ckpt.tar.gz" to /tmp/tmpcmzrnpah
cellbender:remove-background: Successfully unpacked tarball to /tmp/tmpcmzrnpah
/tmp/tmpcmzrnpah/913ccbc20a_random.pyro
/tmp/tmpcmzrnpah/913ccbc20a_random.cuda
/tmp/tmpcmzrnpah/913ccbc20a_model.torch
/tmp/tmpcmzrnpah/913ccbc20a_optim.torch
/tmp/tmpcmzrnpah/913ccbc20a_optim.pyro
/tmp/tmpcmzrnpah/913ccbc20a_params.pyro
/tmp/tmpcmzrnpah/913ccbc20a_train.loaderstate
/tmp/tmpcmzrnpah/913ccbc20a_test.loaderstate
/tmp/tmpcmzrnpah/913ccbc20a_args.npy
cellbender:remove-background: Posterior not currently included in checkpoint.
cellbender:remove-background: Computing posterior noise count probabilities in mini-batches.
cellbender:remove-background: Working on chunk (1/46)
cellbender:remove-background:     [0.04 mins per chunk]
cellbender:remove-background: Working on chunk (2/46)
cellbender:remove-background: Working on chunk (3/46)
cellbender:remove-background: Working on chunk (4/46)
cellbender:remove-background: Working on chunk (5/46)
cellbender:remove-background: Working on chunk (6/46)
cellbender:remove-background: Working on chunk (7/46)
cellbender:remove-background: Working on chunk (8/46)
cellbender:remove-background: Working on chunk (9/46)
cellbender:remove-background: Working on chunk (10/46)
cellbender:remove-background: Working on chunk (11/46)
cellbender:remove-background: Working on chunk (12/46)
cellbender:remove-background: Working on chunk (13/46)
cellbender:remove-background: Working on chunk (14/46)
cellbender:remove-background: Working on chunk (15/46)
cellbender:remove-background: Working on chunk (16/46)
cellbender:remove-background: Working on chunk (17/46)
cellbender:remove-background: Working on chunk (18/46)
cellbender:remove-background: Working on chunk (19/46)
cellbender:remove-background: Working on chunk (20/46)
cellbender:remove-background: Working on chunk (21/46)
cellbender:remove-background: Working on chunk (22/46)
cellbender:remove-background: Working on chunk (23/46)
cellbender:remove-background: Working on chunk (24/46)
cellbender:remove-background: Working on chunk (25/46)
cellbender:remove-background: Working on chunk (26/46)
cellbender:remove-background: Working on chunk (27/46)
cellbender:remove-background: Working on chunk (28/46)
cellbender:remove-background: Working on chunk (29/46)
cellbender:remove-background: Working on chunk (30/46)
cellbender:remove-background: Working on chunk (31/46)
cellbender:remove-background: Working on chunk (32/46)
cellbender:remove-background: Working on chunk (33/46)
cellbender:remove-background: Working on chunk (34/46)
cellbender:remove-background: Working on chunk (35/46)
cellbender:remove-background: Working on chunk (36/46)
cellbender:remove-background: Working on chunk (37/46)
cellbender:remove-background: Working on chunk (38/46)
cellbender:remove-background: Working on chunk (39/46)
cellbender:remove-background: Working on chunk (40/46)
cellbender:remove-background: Working on chunk (41/46)
cellbender:remove-background: Working on chunk (42/46)
cellbender:remove-background: Working on chunk (43/46)
cellbender:remove-background: Working on chunk (44/46)
cellbender:remove-background: Working on chunk (45/46)
cellbender:remove-background: Working on chunk (46/46)
cellbender:remove-background: Writing full posterior to /om/scratch/Mon/mabdel03/Tsai_Data/Cellbender_Outputs/10866165/processed_feature_bc_matrix_posterior.h5
cellbender:remove-background: Succeeded in writing posterior to file /om/scratch/Mon/mabdel03/Tsai_Data/Cellbender_Outputs/10866165/processed_feature_bc_matrix_posterior.h5
cellbender:remove-background: Added posterior object to checkpoint file.
cellbender:remove-background: 2026-01-31 17:09:46

cellbender:remove-background: Saved summary plots as /om/scratch/Mon/mabdel03/Tsai_Data/Cellbender_Outputs/10866165/processed_feature_bc_matrix.pdf
cellbender:remove-background: Saved cell barcodes in /om/scratch/Mon/mabdel03/Tsai_Data/Cellbender_Outputs/10866165/processed_feature_bc_matrix_cell_barcodes.csv
cellbender:remove-background: Computing target noise counts per gene for MCKP estimator
cellbender:remove-background: Using MCKP noise targets computed for FPR 0.0
cellbender:remove-background: Computing denoised counts using mckp estimator
cellbender:remove-background: Working on chunk (1/7)
cellbender:remove-background:     [2.32 mins per chunk]
cellbender:remove-background: Working on chunk (2/7)
cellbender:remove-background: Working on chunk (3/7)
cellbender:remove-background: Working on chunk (4/7)
cellbender:remove-background: Working on chunk (5/7)
cellbender:remove-background: Working on chunk (6/7)
cellbender:remove-background: Working on chunk (7/7)
cellbender:remove-background: 2026-01-31 17:26:41 Total MCKP estimation time = 973.49 sec
cellbender:remove-background: Succeeded in writing CellRanger format output to file /om/scratch/Mon/mabdel03/Tsai_Data/Cellbender_Outputs/10866165/processed_feature_bc_matrix.h5
cellbender:remove-background: Succeeded in writing CellRanger format output to file /om/scratch/Mon/mabdel03/Tsai_Data/Cellbender_Outputs/10866165/processed_feature_bc_matrix_filtered.h5
cellbender:remove-background: Saved output metrics as /om/scratch/Mon/mabdel03/Tsai_Data/Cellbender_Outputs/10866165/processed_feature_bc_matrix_metrics.csv
[NbConvertApp] Converting notebook tmp.report.ipynb to notebook
[NbConvertApp] Writing 479111 bytes to tmp.report.nbconvert.ipynb
[NbConvertApp] Converting notebook tmp.report.nbconvert.ipynb to html
[NbConvertApp] Writing 1053798 bytes to tmp.report.nbconvert.html
cellbender:remove-background: Succeeded in writing report to /om/scratch/Mon/mabdel03/Tsai_Data/Cellbender_Outputs/10866165/processed_feature_bc_matrix_report.html
cellbender:remove-background: Completed remove-background.
cellbender:remove-background: 2026-01-31 17:27:32

