cellbender:remove-background: Command:
cellbender remove-background --cuda --input /tmp/cellbender_44651273_160/raw_feature_bc_matrix.h5 --fpr 0 --output /om/scratch/Mon/mabdel03/Tsai_Data/Cellbender_Outputs/20774339/processed_feature_bc_matrix.h5
cellbender:remove-background: CellBender 0.3.0
cellbender:remove-background: (Workflow hash cbbd22defb)
cellbender:remove-background: 2026-01-31 22:43:33
cellbender:remove-background: Running remove-background
cellbender:remove-background: Loading data from /tmp/cellbender_44651273_160/raw_feature_bc_matrix.h5
cellbender:remove-background: CellRanger v3 format
cellbender:remove-background: Features in dataset: 36601 Gene Expression
cellbender:remove-background: Trimming features for inference.
cellbender:remove-background: 31149 features have nonzero counts.
cellbender:remove-background: Prior on counts for cells is 6474
cellbender:remove-background: Prior on counts for empty droplets is 132
cellbender:remove-background: Excluding 8818 features that are estimated to have <= 0.1 background counts in cells.
cellbender:remove-background: Including 22331 features in the analysis.
cellbender:remove-background: Trimming barcodes for inference.
cellbender:remove-background: Excluding barcodes with counts below 66
cellbender:remove-background: Using 2629 probable cell barcodes, plus an additional 8483 barcodes, and 59111 empty droplets.
cellbender:remove-background: Largest surely-empty droplet has 162 UMI counts.
cellbender:remove-background: Attempting to unpack tarball "ckpt.tar.gz" to /tmp/tmp6lmq_yog
cellbender:remove-background: No saved checkpoint.
cellbender:remove-background: No checkpoint loaded.
cellbender:remove-background: Running inference...
cellbender:remove-background: [epoch 001]  average training loss: 9477.6551
cellbender:remove-background: [epoch 002]  average training loss: 8279.5445  (5.7 seconds per epoch)
cellbender:remove-background: Will checkpoint every 74 epochs
cellbender:remove-background: [epoch 003]  average training loss: 7159.3721
cellbender:remove-background: [epoch 004]  average training loss: 6517.4373
cellbender:remove-background: [epoch 005]  average training loss: 6000.0977
cellbender:remove-background: [epoch 005] average test loss: 6330.6538
cellbender:remove-background: [epoch 006]  average training loss: 5612.2571
cellbender:remove-background: [epoch 007]  average training loss: 5384.8907
cellbender:remove-background: [epoch 008]  average training loss: 5255.5110
cellbender:remove-background: [epoch 009]  average training loss: 5335.7220
cellbender:remove-background: [epoch 010]  average training loss: 5281.2492
cellbender:remove-background: [epoch 010] average test loss: 5317.8749
cellbender:remove-background: [epoch 011]  average training loss: 5247.9912
cellbender:remove-background: [epoch 012]  average training loss: 5249.3396
cellbender:remove-background: [epoch 013]  average training loss: 5182.1711
cellbender:remove-background: [epoch 014]  average training loss: 5050.8276
cellbender:remove-background: [epoch 015]  average training loss: 4765.4933
cellbender:remove-background: [epoch 015] average test loss: 5298.6703
cellbender:remove-background: [epoch 016]  average training loss: 4683.0095
cellbender:remove-background: [epoch 017]  average training loss: 4657.8791
cellbender:remove-background: [epoch 018]  average training loss: 4646.5034
cellbender:remove-background: [epoch 019]  average training loss: 4652.0562
cellbender:remove-background: [epoch 020]  average training loss: 4611.9173
cellbender:remove-background: [epoch 020] average test loss: 4719.7222
cellbender:remove-background: [epoch 021]  average training loss: 4609.1625
cellbender:remove-background: [epoch 022]  average training loss: 4598.1141
cellbender:remove-background: [epoch 023]  average training loss: 4582.4719
cellbender:remove-background: [epoch 024]  average training loss: 4579.8989
cellbender:remove-background: [epoch 025]  average training loss: 4578.4436
cellbender:remove-background: [epoch 025] average test loss: 4585.4292
cellbender:remove-background: [epoch 026]  average training loss: 4555.1952
cellbender:remove-background: [epoch 027]  average training loss: 4546.5897
cellbender:remove-background: [epoch 028]  average training loss: 4539.8027
cellbender:remove-background: [epoch 029]  average training loss: 4522.5514
cellbender:remove-background: [epoch 030]  average training loss: 4532.8120
cellbender:remove-background: [epoch 030] average test loss: 4516.4562
cellbender:remove-background: [epoch 031]  average training loss: 4509.0278
cellbender:remove-background: [epoch 032]  average training loss: 4494.6071
cellbender:remove-background: [epoch 033]  average training loss: 4479.4059
cellbender:remove-background: [epoch 034]  average training loss: 4483.0571
cellbender:remove-background: [epoch 035]  average training loss: 4463.1998
cellbender:remove-background: [epoch 035] average test loss: 4464.7629
cellbender:remove-background: [epoch 036]  average training loss: 4467.0861
cellbender:remove-background: [epoch 037]  average training loss: 4454.1061
cellbender:remove-background: [epoch 038]  average training loss: 4449.7180
cellbender:remove-background: [epoch 039]  average training loss: 4445.5317
cellbender:remove-background: [epoch 040]  average training loss: 4443.2870
cellbender:remove-background: [epoch 040] average test loss: 4463.6196
cellbender:remove-background: [epoch 041]  average training loss: 4435.2130
cellbender:remove-background: [epoch 042]  average training loss: 4435.4762
cellbender:remove-background: [epoch 043]  average training loss: 4425.7368
cellbender:remove-background: [epoch 044]  average training loss: 4427.1524
cellbender:remove-background: [epoch 045]  average training loss: 4424.4373
cellbender:remove-background: [epoch 045] average test loss: 4445.8239
cellbender:remove-background: [epoch 046]  average training loss: 4419.2080
cellbender:remove-background: [epoch 047]  average training loss: 4416.8570
cellbender:remove-background: [epoch 048]  average training loss: 4415.3770
cellbender:remove-background: [epoch 049]  average training loss: 4412.7227
cellbender:remove-background: [epoch 050]  average training loss: 4409.4604
cellbender:remove-background: [epoch 050] average test loss: 4424.3486
cellbender:remove-background: [epoch 051]  average training loss: 4407.6759
cellbender:remove-background: [epoch 052]  average training loss: 4406.5998
cellbender:remove-background: [epoch 053]  average training loss: 4403.5899
cellbender:remove-background: [epoch 054]  average training loss: 4404.7564
cellbender:remove-background: [epoch 055]  average training loss: 4401.6121
cellbender:remove-background: [epoch 055] average test loss: 4431.4016
cellbender:remove-background: [epoch 056]  average training loss: 4404.7854
cellbender:remove-background: [epoch 057]  average training loss: 4405.8904
cellbender:remove-background: [epoch 058]  average training loss: 4401.3282
cellbender:remove-background: [epoch 059]  average training loss: 4404.5364
cellbender:remove-background: [epoch 060]  average training loss: 4397.5599
cellbender:remove-background: [epoch 060] average test loss: 4432.1207
cellbender:remove-background: [epoch 061]  average training loss: 4400.2403
cellbender:remove-background: [epoch 062]  average training loss: 4396.8764
cellbender:remove-background: [epoch 063]  average training loss: 4396.5332
cellbender:remove-background: [epoch 064]  average training loss: 4403.5412
cellbender:remove-background: [epoch 065]  average training loss: 4419.5219
cellbender:remove-background: [epoch 065] average test loss: 4434.0632
cellbender:remove-background: [epoch 066]  average training loss: 4442.1211
cellbender:remove-background: [epoch 067]  average training loss: 4394.3045
cellbender:remove-background: [epoch 068]  average training loss: 4410.7811
cellbender:remove-background: [epoch 069]  average training loss: 4400.9023
cellbender:remove-background: [epoch 070]  average training loss: 4441.7108
cellbender:remove-background: [epoch 070] average test loss: 4440.2493
cellbender:remove-background: [epoch 071]  average training loss: 4406.7952
cellbender:remove-background: [epoch 072]  average training loss: 4403.8179
cellbender:remove-background: [epoch 073]  average training loss: 4403.8528
cellbender:remove-background: [epoch 074]  average training loss: 4418.4244
cellbender:remove-background: Saving a checkpoint...
cellbender:remove-background: Saved checkpoint as /weka/scratch/scratch/Mon/mabdel03/Tsai_Data/Cellbender_Outputs/20774339/ckpt.tar.gz
cellbender:remove-background: [epoch 075]  average training loss: 4401.6783
cellbender:remove-background: [epoch 075] average test loss: 4433.9391
cellbender:remove-background: [epoch 076]  average training loss: 4393.5402
cellbender:remove-background: [epoch 077]  average training loss: 4388.0341
cellbender:remove-background: [epoch 078]  average training loss: 4386.9773
cellbender:remove-background: [epoch 079]  average training loss: 4394.6577
cellbender:remove-background: [epoch 080]  average training loss: 4397.0676
cellbender:remove-background: [epoch 080] average test loss: 4405.7068
cellbender:remove-background: [epoch 081]  average training loss: 4389.3706
cellbender:remove-background: [epoch 082]  average training loss: 4385.0864
cellbender:remove-background: [epoch 083]  average training loss: 4387.4139
cellbender:remove-background: [epoch 084]  average training loss: 4380.4222
cellbender:remove-background: [epoch 085]  average training loss: 4382.6441
cellbender:remove-background: [epoch 085] average test loss: 4418.9771
cellbender:remove-background: [epoch 086]  average training loss: 4397.3302
cellbender:remove-background: [epoch 087]  average training loss: 4380.5551
cellbender:remove-background: [epoch 088]  average training loss: 4382.5591
cellbender:remove-background: [epoch 089]  average training loss: 4384.1827
cellbender:remove-background: [epoch 090]  average training loss: 4378.7439
cellbender:remove-background: [epoch 090] average test loss: 4392.1174
cellbender:remove-background: [epoch 091]  average training loss: 4374.9502
cellbender:remove-background: [epoch 092]  average training loss: 4379.9780
cellbender:remove-background: [epoch 093]  average training loss: 4373.4750
cellbender:remove-background: [epoch 094]  average training loss: 4376.2265
cellbender:remove-background: [epoch 095]  average training loss: 4417.8670
cellbender:remove-background: [epoch 095] average test loss: 4438.5834
cellbender:remove-background: [epoch 096]  average training loss: 4389.6579
cellbender:remove-background: [epoch 097]  average training loss: 4376.5207
cellbender:remove-background: [epoch 098]  average training loss: 4407.1850
cellbender:remove-background: [epoch 099]  average training loss: 4385.6619
cellbender:remove-background: [epoch 100]  average training loss: 4371.3803
cellbender:remove-background: [epoch 100] average test loss: 4408.9660
cellbender:remove-background: [epoch 101]  average training loss: 4392.4629
cellbender:remove-background: [epoch 102]  average training loss: 4383.1221
cellbender:remove-background: [epoch 103]  average training loss: 4382.8230
cellbender:remove-background: [epoch 104]  average training loss: 4390.3625
cellbender:remove-background: [epoch 105]  average training loss: 4386.7161
cellbender:remove-background: [epoch 105] average test loss: 4411.7242
cellbender:remove-background: [epoch 106]  average training loss: 4376.2513
cellbender:remove-background: [epoch 107]  average training loss: 4384.3553
cellbender:remove-background: [epoch 108]  average training loss: 4377.3897
cellbender:remove-background: [epoch 109]  average training loss: 4375.6296
cellbender:remove-background: [epoch 110]  average training loss: 4362.5615
cellbender:remove-background: [epoch 110] average test loss: 4412.9746
cellbender:remove-background: [epoch 111]  average training loss: 4396.1792
cellbender:remove-background: [epoch 112]  average training loss: 4380.1640
cellbender:remove-background: [epoch 113]  average training loss: 4370.5711
cellbender:remove-background: [epoch 114]  average training loss: 4384.7667
cellbender:remove-background: [epoch 115]  average training loss: 4383.5445
cellbender:remove-background: [epoch 115] average test loss: 4421.0056
cellbender:remove-background: [epoch 116]  average training loss: 4366.8402
cellbender:remove-background: [epoch 117]  average training loss: 4379.2033
cellbender:remove-background: [epoch 118]  average training loss: 4391.1984
cellbender:remove-background: [epoch 119]  average training loss: 4368.3632
cellbender:remove-background: [epoch 120]  average training loss: 4374.0089
cellbender:remove-background: [epoch 120] average test loss: 4402.5197
cellbender:remove-background: [epoch 121]  average training loss: 4386.2125
cellbender:remove-background: [epoch 122]  average training loss: 4364.3451
cellbender:remove-background: [epoch 123]  average training loss: 4367.8767
cellbender:remove-background: [epoch 124]  average training loss: 4368.4593
cellbender:remove-background: [epoch 125]  average training loss: 4387.2149
cellbender:remove-background: [epoch 125] average test loss: 4383.0229
cellbender:remove-background: [epoch 126]  average training loss: 4369.4996
cellbender:remove-background: [epoch 127]  average training loss: 4368.7837
cellbender:remove-background: [epoch 128]  average training loss: 4376.7497
cellbender:remove-background: [epoch 129]  average training loss: 4366.5755
cellbender:remove-background: [epoch 130]  average training loss: 4368.3277
cellbender:remove-background: [epoch 130] average test loss: 4430.7660
cellbender:remove-background: [epoch 131]  average training loss: 4373.4911
cellbender:remove-background: [epoch 132]  average training loss: 4361.2698
cellbender:remove-background: [epoch 133]  average training loss: 4362.3841
cellbender:remove-background: [epoch 134]  average training loss: 4368.2909
cellbender:remove-background: [epoch 135]  average training loss: 4361.2837
cellbender:remove-background: [epoch 135] average test loss: 4409.8431
cellbender:remove-background: [epoch 136]  average training loss: 4366.2001
cellbender:remove-background: [epoch 137]  average training loss: 4363.3222
cellbender:remove-background: [epoch 138]  average training loss: 4373.0102
cellbender:remove-background: [epoch 139]  average training loss: 4365.0346
cellbender:remove-background: [epoch 140]  average training loss: 4378.2323
cellbender:remove-background: [epoch 140] average test loss: 4420.7680
cellbender:remove-background: [epoch 141]  average training loss: 4361.9945
cellbender:remove-background: [epoch 142]  average training loss: 4359.1013
cellbender:remove-background: [epoch 143]  average training loss: 4366.8865
cellbender:remove-background: [epoch 144]  average training loss: 4365.4447
cellbender:remove-background: [epoch 145]  average training loss: 4369.9784
cellbender:remove-background: [epoch 145] average test loss: 4410.7023
cellbender:remove-background: [epoch 146]  average training loss: 4362.4753
cellbender:remove-background: [epoch 147]  average training loss: 4368.0020
cellbender:remove-background: [epoch 148]  average training loss: 4356.3690
cellbender:remove-background: Saving a checkpoint...
cellbender:remove-background: Saved checkpoint as /weka/scratch/scratch/Mon/mabdel03/Tsai_Data/Cellbender_Outputs/20774339/ckpt.tar.gz
cellbender:remove-background: [epoch 149]  average training loss: 4362.1150
cellbender:remove-background: [epoch 150]  average training loss: 4357.7274
cellbender:remove-background: [epoch 150] average test loss: 4396.9765
cellbender:remove-background: Saving a checkpoint...
cellbender:remove-background: Saved checkpoint as /weka/scratch/scratch/Mon/mabdel03/Tsai_Data/Cellbender_Outputs/20774339/ckpt.tar.gz
cellbender:remove-background: 2026-01-31 23:02:24
cellbender:remove-background: Inference procedure complete.
cellbender:remove-background: Attempting to unpack tarball "ckpt.tar.gz" to /tmp/tmp1k3buuz0
cellbender:remove-background: Successfully unpacked tarball to /tmp/tmp1k3buuz0
/tmp/tmp1k3buuz0/cbbd22defb_random.pyro
/tmp/tmp1k3buuz0/cbbd22defb_random.cuda
/tmp/tmp1k3buuz0/cbbd22defb_model.torch
/tmp/tmp1k3buuz0/cbbd22defb_optim.torch
/tmp/tmp1k3buuz0/cbbd22defb_optim.pyro
/tmp/tmp1k3buuz0/cbbd22defb_params.pyro
/tmp/tmp1k3buuz0/cbbd22defb_train.loaderstate
/tmp/tmp1k3buuz0/cbbd22defb_test.loaderstate
/tmp/tmp1k3buuz0/cbbd22defb_args.npy
cellbender:remove-background: Posterior not currently included in checkpoint.
cellbender:remove-background: Computing posterior noise count probabilities in mini-batches.
cellbender:remove-background: Working on chunk (1/43)
cellbender:remove-background:     [0.05 mins per chunk]
cellbender:remove-background: Working on chunk (2/43)
cellbender:remove-background: Working on chunk (3/43)
cellbender:remove-background: Working on chunk (4/43)
cellbender:remove-background: Working on chunk (5/43)
cellbender:remove-background: Working on chunk (6/43)
cellbender:remove-background: Working on chunk (7/43)
cellbender:remove-background: Working on chunk (8/43)
cellbender:remove-background: Working on chunk (9/43)
cellbender:remove-background: Working on chunk (10/43)
cellbender:remove-background: Working on chunk (11/43)
cellbender:remove-background: Working on chunk (12/43)
cellbender:remove-background: Working on chunk (13/43)
cellbender:remove-background: Working on chunk (14/43)
cellbender:remove-background: Working on chunk (15/43)
cellbender:remove-background: Working on chunk (16/43)
cellbender:remove-background: Working on chunk (17/43)
cellbender:remove-background: Working on chunk (18/43)
cellbender:remove-background: Working on chunk (19/43)
cellbender:remove-background: Working on chunk (20/43)
cellbender:remove-background: Working on chunk (21/43)
cellbender:remove-background: Working on chunk (22/43)
cellbender:remove-background: Working on chunk (23/43)
cellbender:remove-background: Working on chunk (24/43)
cellbender:remove-background: Working on chunk (25/43)
cellbender:remove-background: Working on chunk (26/43)
cellbender:remove-background: Working on chunk (27/43)
cellbender:remove-background: Working on chunk (28/43)
cellbender:remove-background: Working on chunk (29/43)
cellbender:remove-background: Working on chunk (30/43)
cellbender:remove-background: Working on chunk (31/43)
cellbender:remove-background: Working on chunk (32/43)
cellbender:remove-background: Working on chunk (33/43)
cellbender:remove-background: Working on chunk (34/43)
cellbender:remove-background: Working on chunk (35/43)
cellbender:remove-background: Working on chunk (36/43)
cellbender:remove-background: Working on chunk (37/43)
cellbender:remove-background: Working on chunk (38/43)
cellbender:remove-background: Working on chunk (39/43)
cellbender:remove-background: Working on chunk (40/43)
cellbender:remove-background: Working on chunk (41/43)
cellbender:remove-background: Working on chunk (42/43)
cellbender:remove-background: Working on chunk (43/43)
cellbender:remove-background: Writing full posterior to /om/scratch/Mon/mabdel03/Tsai_Data/Cellbender_Outputs/20774339/processed_feature_bc_matrix_posterior.h5
Traceback (most recent call last):
  File "/om2/user/mabdel03/conda_envs/Cellbender_env/bin/cellbender", line 8, in <module>
    sys.exit(main())
  File "/om2/user/mabdel03/conda_envs/Cellbender_env/lib/python3.7/site-packages/cellbender/base_cli.py", line 118, in main
    cli_dict[args.tool].run(args)
  File "/om2/user/mabdel03/conda_envs/Cellbender_env/lib/python3.7/site-packages/cellbender/remove_background/cli.py", line 185, in run
    return main(args)
  File "/om2/user/mabdel03/conda_envs/Cellbender_env/lib/python3.7/site-packages/cellbender/remove_background/cli.py", line 230, in main
    posterior = run_remove_background(args)
  File "/om2/user/mabdel03/conda_envs/Cellbender_env/lib/python3.7/site-packages/cellbender/remove_background/run.py", line 107, in run_remove_background
    args=args,
  File "/om2/user/mabdel03/conda_envs/Cellbender_env/lib/python3.7/site-packages/cellbender/remove_background/posterior.py", line 130, in load_or_compute_posterior_and_save
    saved = posterior.save(file=posterior_file)
  File "/om2/user/mabdel03/conda_envs/Cellbender_env/lib/python3.7/site-packages/cellbender/remove_background/posterior.py", line 234, in save
    return write_posterior_coo_to_h5(output_file=file, **d)
  File "/om2/user/mabdel03/conda_envs/Cellbender_env/lib/python3.7/site-packages/cellbender/remove_background/data/io.py", line 275, in write_posterior_coo_to_h5
    title="CellBender remove-background posterior noise count probabilities"
  File "/om2/user/mabdel03/conda_envs/Cellbender_env/lib/python3.7/site-packages/tables/file.py", line 300, in open_file
    return File(filename, mode, title, root_uep, filters, **kwargs)
  File "/om2/user/mabdel03/conda_envs/Cellbender_env/lib/python3.7/site-packages/tables/file.py", line 750, in __init__
    self._g_new(filename, mode, **params)
  File "tables/hdf5extension.pyx", line 486, in tables.hdf5extension.File._g_new
tables.exceptions.HDF5ExtError: HDF5 error back trace

  File "H5F.c", line 532, in H5Fcreate
    unable to create file
  File "H5VLcallback.c", line 3282, in H5VL_file_create
    file create failed
  File "H5VLcallback.c", line 3248, in H5VL__file_create
    file create failed
  File "H5VLnative_file.c", line 63, in H5VL__native_file_create
    unable to create file
  File "H5Fint.c", line 1898, in H5F_open
    unable to lock the file
  File "H5FD.c", line 1625, in H5FD_lock
    driver lock request failed
  File "H5FDsec2.c", line 1002, in H5FD__sec2_lock
    unable to lock file, errno = 5, error message = 'Input/output error'

End of HDF5 error back trace

Unable to open/create file '/om/scratch/Mon/mabdel03/Tsai_Data/Cellbender_Outputs/20774339/processed_feature_bc_matrix_posterior.h5'
