cellbender:remove-background: Command:
cellbender remove-background --cuda --input /tmp/cellbender_44651808_286/raw_feature_bc_matrix.h5 --fpr 0 --output /om/scratch/Mon/mabdel03/Tsai_Data/Cellbender_Outputs/50301125/processed_feature_bc_matrix.h5
cellbender:remove-background: CellBender 0.3.0
cellbender:remove-background: (Workflow hash 0f654b96bb)
cellbender:remove-background: 2026-02-01 00:57:14
cellbender:remove-background: Running remove-background
cellbender:remove-background: Loading data from /tmp/cellbender_44651808_286/raw_feature_bc_matrix.h5
cellbender:remove-background: CellRanger v3 format
cellbender:remove-background: Features in dataset: 36601 Gene Expression
cellbender:remove-background: Trimming features for inference.
cellbender:remove-background: 31830 features have nonzero counts.
cellbender:remove-background: Prior on counts for cells is 11043
cellbender:remove-background: Prior on counts for empty droplets is 146
cellbender:remove-background: Excluding 9926 features that are estimated to have <= 0.1 background counts in cells.
cellbender:remove-background: Including 21904 features in the analysis.
cellbender:remove-background: Trimming barcodes for inference.
cellbender:remove-background: Excluding barcodes with counts below 73
cellbender:remove-background: Using 3546 probable cell barcodes, plus an additional 9708 barcodes, and 58829 empty droplets.
cellbender:remove-background: Largest surely-empty droplet has 188 UMI counts.
cellbender:remove-background: Attempting to unpack tarball "ckpt.tar.gz" to /tmp/tmphb6jstgo
cellbender:remove-background: No saved checkpoint.
cellbender:remove-background: No checkpoint loaded.
cellbender:remove-background: Running inference...
cellbender:remove-background: [epoch 001]  average training loss: 12664.5994
cellbender:remove-background: [epoch 002]  average training loss: 10728.1928  (4.7 seconds per epoch)
cellbender:remove-background: Will checkpoint every 91 epochs
cellbender:remove-background: [epoch 003]  average training loss: 8983.0944
cellbender:remove-background: [epoch 004]  average training loss: 8054.5276
cellbender:remove-background: [epoch 005]  average training loss: 7545.2830
cellbender:remove-background: [epoch 005] average test loss: 7196.2287
cellbender:remove-background: [epoch 006]  average training loss: 7132.6383
cellbender:remove-background: [epoch 007]  average training loss: 6970.8187
cellbender:remove-background: [epoch 008]  average training loss: 6916.8699
cellbender:remove-background: [epoch 009]  average training loss: 6815.9250
cellbender:remove-background: [epoch 010]  average training loss: 6738.7767
cellbender:remove-background: [epoch 010] average test loss: 6553.0638
cellbender:remove-background: [epoch 011]  average training loss: 6730.4182
cellbender:remove-background: [epoch 012]  average training loss: 6679.2002
cellbender:remove-background: [epoch 013]  average training loss: 6673.3964
cellbender:remove-background: [epoch 014]  average training loss: 6581.7893
cellbender:remove-background: [epoch 015]  average training loss: 6431.3844
cellbender:remove-background: [epoch 015] average test loss: 6415.5873
cellbender:remove-background: [epoch 016]  average training loss: 6416.7442
cellbender:remove-background: [epoch 017]  average training loss: 6355.2770
cellbender:remove-background: [epoch 018]  average training loss: 6355.3360
cellbender:remove-background: [epoch 019]  average training loss: 6320.2080
cellbender:remove-background: [epoch 020]  average training loss: 6317.4598
cellbender:remove-background: [epoch 020] average test loss: 6179.2459
cellbender:remove-background: [epoch 021]  average training loss: 6293.5637
cellbender:remove-background: [epoch 022]  average training loss: 6245.0266
cellbender:remove-background: [epoch 023]  average training loss: 6233.3948
cellbender:remove-background: [epoch 024]  average training loss: 6182.7133
cellbender:remove-background: [epoch 025]  average training loss: 6176.4438
cellbender:remove-background: [epoch 025] average test loss: 6001.6839
cellbender:remove-background: [epoch 026]  average training loss: 6136.3644
cellbender:remove-background: [epoch 027]  average training loss: 6114.1798
cellbender:remove-background: [epoch 028]  average training loss: 6108.0728
cellbender:remove-background: [epoch 029]  average training loss: 6079.1350
cellbender:remove-background: [epoch 030]  average training loss: 6080.0157
cellbender:remove-background: [epoch 030] average test loss: 5963.2156
cellbender:remove-background: [epoch 031]  average training loss: 6065.9010
cellbender:remove-background: [epoch 032]  average training loss: 6053.8976
cellbender:remove-background: [epoch 033]  average training loss: 6056.5287
cellbender:remove-background: [epoch 034]  average training loss: 6045.5651
cellbender:remove-background: [epoch 035]  average training loss: 6040.9593
cellbender:remove-background: [epoch 035] average test loss: 5900.4130
cellbender:remove-background: [epoch 036]  average training loss: 6031.0484
cellbender:remove-background: [epoch 037]  average training loss: 6034.9468
cellbender:remove-background: [epoch 038]  average training loss: 6032.2160
cellbender:remove-background: [epoch 039]  average training loss: 6032.1671
cellbender:remove-background: [epoch 040]  average training loss: 6020.8832
cellbender:remove-background: [epoch 040] average test loss: 5897.6474
cellbender:remove-background: [epoch 041]  average training loss: 6024.0058
cellbender:remove-background: [epoch 042]  average training loss: 6022.3140
cellbender:remove-background: [epoch 043]  average training loss: 6009.8598
cellbender:remove-background: [epoch 044]  average training loss: 6012.6228
cellbender:remove-background: [epoch 045]  average training loss: 6003.3688
cellbender:remove-background: [epoch 045] average test loss: 5857.4960
cellbender:remove-background: [epoch 046]  average training loss: 6000.8148
cellbender:remove-background: [epoch 047]  average training loss: 5992.1610
cellbender:remove-background: [epoch 048]  average training loss: 5980.3157
cellbender:remove-background: [epoch 049]  average training loss: 5977.7545
cellbender:remove-background: [epoch 050]  average training loss: 5975.1222
cellbender:remove-background: [epoch 050] average test loss: 5823.9399
cellbender:remove-background: [epoch 051]  average training loss: 5966.4086
cellbender:remove-background: [epoch 052]  average training loss: 5967.0821
cellbender:remove-background: [epoch 053]  average training loss: 5959.8256
cellbender:remove-background: [epoch 054]  average training loss: 5964.1171
cellbender:remove-background: [epoch 055]  average training loss: 5958.0175
cellbender:remove-background: [epoch 055] average test loss: 5819.1242
cellbender:remove-background: [epoch 056]  average training loss: 5952.9520
cellbender:remove-background: [epoch 057]  average training loss: 5951.8093
cellbender:remove-background: [epoch 058]  average training loss: 5952.6110
cellbender:remove-background: [epoch 059]  average training loss: 5940.5404
cellbender:remove-background: [epoch 060]  average training loss: 5947.0457
cellbender:remove-background: [epoch 060] average test loss: 5803.0286
cellbender:remove-background: [epoch 061]  average training loss: 5945.5470
cellbender:remove-background: [epoch 062]  average training loss: 5948.0623
cellbender:remove-background: [epoch 063]  average training loss: 5940.5919
cellbender:remove-background: [epoch 064]  average training loss: 5951.2215
cellbender:remove-background: [epoch 065]  average training loss: 5953.7350
cellbender:remove-background: [epoch 065] average test loss: 5850.1844
cellbender:remove-background: [epoch 066]  average training loss: 5952.2486
cellbender:remove-background: [epoch 067]  average training loss: 5953.2340
cellbender:remove-background: [epoch 068]  average training loss: 5961.8733
cellbender:remove-background: [epoch 069]  average training loss: 5942.2200
cellbender:remove-background: [epoch 070]  average training loss: 5960.1122
cellbender:remove-background: [epoch 070] average test loss: 5815.8364
cellbender:remove-background: [epoch 071]  average training loss: 5965.4931
cellbender:remove-background: [epoch 072]  average training loss: 5958.7594
cellbender:remove-background: [epoch 073]  average training loss: 5984.1902
cellbender:remove-background: [epoch 074]  average training loss: 5975.5685
cellbender:remove-background: [epoch 075]  average training loss: 5994.4919
cellbender:remove-background: [epoch 075] average test loss: 5977.0840
cellbender:remove-background: [epoch 076]  average training loss: 6009.7741
cellbender:remove-background: [epoch 077]  average training loss: 6004.2065
cellbender:remove-background: [epoch 078]  average training loss: 6004.8213
cellbender:remove-background: [epoch 079]  average training loss: 6014.6262
cellbender:remove-background: [epoch 080]  average training loss: 5992.8152
cellbender:remove-background: [epoch 080] average test loss: 5877.3730
cellbender:remove-background: [epoch 081]  average training loss: 6042.5781
cellbender:remove-background: [epoch 082]  average training loss: 6029.6232
cellbender:remove-background: [epoch 083]  average training loss: 6037.7354
cellbender:remove-background: [epoch 084]  average training loss: 6032.6778
cellbender:remove-background: [epoch 085]  average training loss: 6019.4082
cellbender:remove-background: [epoch 085] average test loss: 6009.5620
cellbender:remove-background: [epoch 086]  average training loss: 6014.7777
cellbender:remove-background: [epoch 087]  average training loss: 6043.4988
cellbender:remove-background: [epoch 088]  average training loss: 6027.8376
cellbender:remove-background: [epoch 089]  average training loss: 6063.8987
cellbender:remove-background: [epoch 090]  average training loss: 6033.4034
cellbender:remove-background: [epoch 090] average test loss: 5947.9747
cellbender:remove-background: [epoch 091]  average training loss: 6045.3623
cellbender:remove-background: Saving a checkpoint...
cellbender:remove-background: Saved checkpoint as /weka/scratch/scratch/Mon/mabdel03/Tsai_Data/Cellbender_Outputs/50301125/ckpt.tar.gz
cellbender:remove-background: [epoch 092]  average training loss: 6011.9316
cellbender:remove-background: [epoch 093]  average training loss: 6012.1380
cellbender:remove-background: [epoch 094]  average training loss: 6086.7169
cellbender:remove-background: [epoch 095]  average training loss: 6016.6089
cellbender:remove-background: [epoch 095] average test loss: 6024.9341
cellbender:remove-background: [epoch 096]  average training loss: 6033.2296
cellbender:remove-background: [epoch 097]  average training loss: 6031.4656
cellbender:remove-background: [epoch 098]  average training loss: 6062.8994
cellbender:remove-background: [epoch 099]  average training loss: 6065.4318
cellbender:remove-background: [epoch 100]  average training loss: 6046.4344
cellbender:remove-background: [epoch 100] average test loss: 5999.7342
cellbender:remove-background: [epoch 101]  average training loss: 6024.9096
cellbender:remove-background: [epoch 102]  average training loss: 6012.6742
cellbender:remove-background: [epoch 103]  average training loss: 6100.2562
cellbender:remove-background: [epoch 104]  average training loss: 6065.0511
cellbender:remove-background: [epoch 105]  average training loss: 6034.2352
cellbender:remove-background: [epoch 105] average test loss: 6026.5544
cellbender:remove-background: [epoch 106]  average training loss: 6030.4136
cellbender:remove-background: [epoch 107]  average training loss: 6042.2758
cellbender:remove-background: [epoch 108]  average training loss: 6062.1793
cellbender:remove-background: [epoch 109]  average training loss: 6058.3231
cellbender:remove-background: [epoch 110]  average training loss: 6017.8130
cellbender:remove-background: [epoch 110] average test loss: 5915.3900
cellbender:remove-background: [epoch 111]  average training loss: 6010.5642
cellbender:remove-background: [epoch 112]  average training loss: 6048.7705
cellbender:remove-background: [epoch 113]  average training loss: 6030.9862
cellbender:remove-background: [epoch 114]  average training loss: 6038.6929
cellbender:remove-background: [epoch 115]  average training loss: 6015.6697
cellbender:remove-background: [epoch 115] average test loss: 5994.0984
cellbender:remove-background: [epoch 116]  average training loss: 6029.5741
cellbender:remove-background: [epoch 117]  average training loss: 6006.0892
cellbender:remove-background: [epoch 118]  average training loss: 6034.3317
cellbender:remove-background: [epoch 119]  average training loss: 6017.9188
cellbender:remove-background: [epoch 120]  average training loss: 6025.3426
cellbender:remove-background: [epoch 120] average test loss: 5986.4575
cellbender:remove-background: [epoch 121]  average training loss: 6021.8746
cellbender:remove-background: [epoch 122]  average training loss: 6028.8494
cellbender:remove-background: [epoch 123]  average training loss: 6001.4380
cellbender:remove-background: [epoch 124]  average training loss: 6044.8528
cellbender:remove-background: [epoch 125]  average training loss: 5999.8724
cellbender:remove-background: [epoch 125] average test loss: 5983.2910
cellbender:remove-background: [epoch 126]  average training loss: 6036.8045
cellbender:remove-background: [epoch 127]  average training loss: 6002.3516
cellbender:remove-background: [epoch 128]  average training loss: 6002.7137
cellbender:remove-background: [epoch 129]  average training loss: 6010.3059
cellbender:remove-background: [epoch 130]  average training loss: 6007.2312
cellbender:remove-background: [epoch 130] average test loss: 5968.9288
cellbender:remove-background: [epoch 131]  average training loss: 6038.2392
cellbender:remove-background: [epoch 132]  average training loss: 5992.2703
cellbender:remove-background: [epoch 133]  average training loss: 6020.7527
cellbender:remove-background: [epoch 134]  average training loss: 6019.8821
cellbender:remove-background: [epoch 135]  average training loss: 6003.2779
cellbender:remove-background: [epoch 135] average test loss: 5953.7984
cellbender:remove-background: [epoch 136]  average training loss: 5983.6972
cellbender:remove-background: [epoch 137]  average training loss: 6006.8525
cellbender:remove-background: [epoch 138]  average training loss: 6000.7902
cellbender:remove-background: [epoch 139]  average training loss: 6002.3347
cellbender:remove-background: [epoch 140]  average training loss: 5999.9390
cellbender:remove-background: [epoch 140] average test loss: 5941.4476
cellbender:remove-background: [epoch 141]  average training loss: 6021.9242
cellbender:remove-background: [epoch 142]  average training loss: 5997.4914
cellbender:remove-background: [epoch 143]  average training loss: 5993.9167
cellbender:remove-background: [epoch 144]  average training loss: 6022.1836
cellbender:remove-background: [epoch 145]  average training loss: 6034.0282
cellbender:remove-background: [epoch 145] average test loss: 5936.7587
cellbender:remove-background: [epoch 146]  average training loss: 5990.8388
cellbender:remove-background: [epoch 147]  average training loss: 6001.3117
cellbender:remove-background: [epoch 148]  average training loss: 6004.6987
cellbender:remove-background: [epoch 149]  average training loss: 5984.4734
cellbender:remove-background: [epoch 150]  average training loss: 5993.2248
cellbender:remove-background: [epoch 150] average test loss: 5961.5124
cellbender:remove-background: Saving a checkpoint...
cellbender:remove-background: Saved checkpoint as /weka/scratch/scratch/Mon/mabdel03/Tsai_Data/Cellbender_Outputs/50301125/ckpt.tar.gz
cellbender:remove-background: 2026-02-01 01:12:01
cellbender:remove-background: Inference procedure complete.
cellbender:remove-background: Attempting to unpack tarball "ckpt.tar.gz" to /tmp/tmpb953oz_m
cellbender:remove-background: Successfully unpacked tarball to /tmp/tmpb953oz_m
/tmp/tmpb953oz_m/0f654b96bb_random.pyro
/tmp/tmpb953oz_m/0f654b96bb_random.cuda
/tmp/tmpb953oz_m/0f654b96bb_model.torch
/tmp/tmpb953oz_m/0f654b96bb_optim.torch
/tmp/tmpb953oz_m/0f654b96bb_optim.pyro
/tmp/tmpb953oz_m/0f654b96bb_params.pyro
/tmp/tmpb953oz_m/0f654b96bb_train.loaderstate
/tmp/tmpb953oz_m/0f654b96bb_test.loaderstate
/tmp/tmpb953oz_m/0f654b96bb_args.npy
cellbender:remove-background: Posterior not currently included in checkpoint.
cellbender:remove-background: Computing posterior noise count probabilities in mini-batches.
cellbender:remove-background: Working on chunk (1/67)
cellbender:remove-background:     [0.04 mins per chunk]
cellbender:remove-background: Working on chunk (2/67)
cellbender:remove-background: Working on chunk (3/67)
cellbender:remove-background: Working on chunk (4/67)
cellbender:remove-background: Working on chunk (5/67)
cellbender:remove-background: Working on chunk (6/67)
cellbender:remove-background: Working on chunk (7/67)
cellbender:remove-background: Working on chunk (8/67)
cellbender:remove-background: Working on chunk (9/67)
cellbender:remove-background: Working on chunk (10/67)
cellbender:remove-background: Working on chunk (11/67)
cellbender:remove-background: Working on chunk (12/67)
cellbender:remove-background: Working on chunk (13/67)
cellbender:remove-background: Working on chunk (14/67)
cellbender:remove-background: Working on chunk (15/67)
cellbender:remove-background: Working on chunk (16/67)
cellbender:remove-background: Working on chunk (17/67)
cellbender:remove-background: Working on chunk (18/67)
cellbender:remove-background: Working on chunk (19/67)
cellbender:remove-background: Working on chunk (20/67)
cellbender:remove-background: Working on chunk (21/67)
cellbender:remove-background: Working on chunk (22/67)
cellbender:remove-background: Working on chunk (23/67)
cellbender:remove-background: Working on chunk (24/67)
cellbender:remove-background: Working on chunk (25/67)
cellbender:remove-background: Working on chunk (26/67)
cellbender:remove-background: Working on chunk (27/67)
cellbender:remove-background: Working on chunk (28/67)
cellbender:remove-background: Working on chunk (29/67)
cellbender:remove-background: Working on chunk (30/67)
cellbender:remove-background: Working on chunk (31/67)
cellbender:remove-background: Working on chunk (32/67)
cellbender:remove-background: Working on chunk (33/67)
cellbender:remove-background: Working on chunk (34/67)
cellbender:remove-background: Working on chunk (35/67)
cellbender:remove-background: Working on chunk (36/67)
cellbender:remove-background: Working on chunk (37/67)
cellbender:remove-background: Working on chunk (38/67)
cellbender:remove-background: Working on chunk (39/67)
cellbender:remove-background: Working on chunk (40/67)
cellbender:remove-background: Working on chunk (41/67)
cellbender:remove-background: Working on chunk (42/67)
cellbender:remove-background: Working on chunk (43/67)
cellbender:remove-background: Working on chunk (44/67)
cellbender:remove-background: Working on chunk (45/67)
cellbender:remove-background: Working on chunk (46/67)
cellbender:remove-background: Working on chunk (47/67)
cellbender:remove-background: Working on chunk (48/67)
cellbender:remove-background: Working on chunk (49/67)
cellbender:remove-background: Working on chunk (50/67)
cellbender:remove-background: Working on chunk (51/67)
cellbender:remove-background: Working on chunk (52/67)
cellbender:remove-background: Working on chunk (53/67)
cellbender:remove-background: Working on chunk (54/67)
cellbender:remove-background: Working on chunk (55/67)
cellbender:remove-background: Working on chunk (56/67)
cellbender:remove-background: Working on chunk (57/67)
cellbender:remove-background: Working on chunk (58/67)
cellbender:remove-background: Working on chunk (59/67)
cellbender:remove-background: Working on chunk (60/67)
cellbender:remove-background: Working on chunk (61/67)
cellbender:remove-background: Working on chunk (62/67)
cellbender:remove-background: Working on chunk (63/67)
cellbender:remove-background: Working on chunk (64/67)
cellbender:remove-background: Working on chunk (65/67)
cellbender:remove-background: Working on chunk (66/67)
cellbender:remove-background: Working on chunk (67/67)
cellbender:remove-background: Writing full posterior to /om/scratch/Mon/mabdel03/Tsai_Data/Cellbender_Outputs/50301125/processed_feature_bc_matrix_posterior.h5
cellbender:remove-background: Succeeded in writing posterior to file /om/scratch/Mon/mabdel03/Tsai_Data/Cellbender_Outputs/50301125/processed_feature_bc_matrix_posterior.h5
cellbender:remove-background: Added posterior object to checkpoint file.
cellbender:remove-background: 2026-02-01 01:18:00

cellbender:remove-background: Saved summary plots as /om/scratch/Mon/mabdel03/Tsai_Data/Cellbender_Outputs/50301125/processed_feature_bc_matrix.pdf
cellbender:remove-background: Saved cell barcodes in /om/scratch/Mon/mabdel03/Tsai_Data/Cellbender_Outputs/50301125/processed_feature_bc_matrix_cell_barcodes.csv
cellbender:remove-background: Computing target noise counts per gene for MCKP estimator
cellbender:remove-background: Using MCKP noise targets computed for FPR 0.0
cellbender:remove-background: Computing denoised counts using mckp estimator
cellbender:remove-background: Working on chunk (1/7)
cellbender:remove-background:     [2.96 mins per chunk]
cellbender:remove-background: Working on chunk (2/7)
cellbender:remove-background: Working on chunk (3/7)
cellbender:remove-background: Working on chunk (4/7)
cellbender:remove-background: Working on chunk (5/7)
cellbender:remove-background: Working on chunk (6/7)
cellbender:remove-background: Working on chunk (7/7)
cellbender:remove-background: 2026-02-01 01:39:37 Total MCKP estimation time = 1241.46 sec
cellbender:remove-background: Succeeded in writing CellRanger format output to file /om/scratch/Mon/mabdel03/Tsai_Data/Cellbender_Outputs/50301125/processed_feature_bc_matrix.h5
cellbender:remove-background: Succeeded in writing CellRanger format output to file /om/scratch/Mon/mabdel03/Tsai_Data/Cellbender_Outputs/50301125/processed_feature_bc_matrix_filtered.h5
cellbender:remove-background: Saved output metrics as /om/scratch/Mon/mabdel03/Tsai_Data/Cellbender_Outputs/50301125/processed_feature_bc_matrix_metrics.csv
[NbConvertApp] Converting notebook tmp.report.ipynb to notebook
[NbConvertApp] Writing 551939 bytes to tmp.report.nbconvert.ipynb
[NbConvertApp] Converting notebook tmp.report.nbconvert.ipynb to html
[NbConvertApp] Writing 1126662 bytes to tmp.report.nbconvert.html
cellbender:remove-background: Succeeded in writing report to /om/scratch/Mon/mabdel03/Tsai_Data/Cellbender_Outputs/50301125/processed_feature_bc_matrix_report.html
cellbender:remove-background: Completed remove-background.
cellbender:remove-background: 2026-02-01 01:40:35

