cellbender:remove-background: Command:
cellbender remove-background --cuda --input /tmp/cellbender_44648103_37/raw_feature_bc_matrix.h5 --fpr 0 --output /om/scratch/Mon/mabdel03/Tsai_Data/Cellbender_Outputs/10557081/processed_feature_bc_matrix.h5
cellbender:remove-background: CellBender 0.3.0
cellbender:remove-background: (Workflow hash 9a74b77755)
cellbender:remove-background: 2026-01-31 16:41:01
cellbender:remove-background: Running remove-background
cellbender:remove-background: Loading data from /tmp/cellbender_44648103_37/raw_feature_bc_matrix.h5
cellbender:remove-background: CellRanger v3 format
cellbender:remove-background: Features in dataset: 36601 Gene Expression
cellbender:remove-background: Trimming features for inference.
cellbender:remove-background: 30636 features have nonzero counts.
cellbender:remove-background: Prior on counts for cells is 3326
cellbender:remove-background: Prior on counts for empty droplets is 98
cellbender:remove-background: Excluding 8228 features that are estimated to have <= 0.1 background counts in cells.
cellbender:remove-background: Including 22408 features in the analysis.
cellbender:remove-background: Trimming barcodes for inference.
cellbender:remove-background: Excluding barcodes with counts below 49
cellbender:remove-background: Using 2447 probable cell barcodes, plus an additional 10278 barcodes, and 66178 empty droplets.
cellbender:remove-background: Largest surely-empty droplet has 120 UMI counts.
cellbender:remove-background: Attempting to unpack tarball "ckpt.tar.gz" to /tmp/tmp19f4lbni
cellbender:remove-background: No saved checkpoint.
cellbender:remove-background: No checkpoint loaded.
cellbender:remove-background: Running inference...
cellbender:remove-background: [epoch 001]  average training loss: 5833.0231
cellbender:remove-background: [epoch 002]  average training loss: 5105.7899  (3.9 seconds per epoch)
cellbender:remove-background: Will checkpoint every 108 epochs
cellbender:remove-background: [epoch 003]  average training loss: 4376.3272
cellbender:remove-background: [epoch 004]  average training loss: 4035.9732
cellbender:remove-background: [epoch 005]  average training loss: 3833.1031
cellbender:remove-background: [epoch 005] average test loss: 3993.3776
cellbender:remove-background: [epoch 006]  average training loss: 3600.9131
cellbender:remove-background: [epoch 007]  average training loss: 3549.0367
cellbender:remove-background: [epoch 008]  average training loss: 3558.9781
cellbender:remove-background: [epoch 009]  average training loss: 3523.6539
cellbender:remove-background: [epoch 010]  average training loss: 3485.9815
cellbender:remove-background: [epoch 010] average test loss: 3538.8145
cellbender:remove-background: [epoch 011]  average training loss: 3526.8061
cellbender:remove-background: [epoch 012]  average training loss: 3464.6269
cellbender:remove-background: [epoch 013]  average training loss: 3465.1176
cellbender:remove-background: [epoch 014]  average training loss: 3334.9095
cellbender:remove-background: [epoch 015]  average training loss: 3200.3931
cellbender:remove-background: [epoch 015] average test loss: 3323.9376
cellbender:remove-background: [epoch 016]  average training loss: 3184.8031
cellbender:remove-background: [epoch 017]  average training loss: 3182.1419
cellbender:remove-background: [epoch 018]  average training loss: 3160.8255
cellbender:remove-background: [epoch 019]  average training loss: 3168.4553
cellbender:remove-background: [epoch 020]  average training loss: 3145.5006
cellbender:remove-background: [epoch 020] average test loss: 3186.2800
cellbender:remove-background: [epoch 021]  average training loss: 3147.0210
cellbender:remove-background: [epoch 022]  average training loss: 3146.6376
cellbender:remove-background: [epoch 023]  average training loss: 3128.0776
cellbender:remove-background: [epoch 024]  average training loss: 3128.4041
cellbender:remove-background: [epoch 025]  average training loss: 3124.5941
cellbender:remove-background: [epoch 025] average test loss: 3151.8613
cellbender:remove-background: [epoch 026]  average training loss: 3127.7789
cellbender:remove-background: [epoch 027]  average training loss: 3119.0493
cellbender:remove-background: [epoch 028]  average training loss: 3117.2973
cellbender:remove-background: [epoch 029]  average training loss: 3110.2732
cellbender:remove-background: [epoch 030]  average training loss: 3112.3381
cellbender:remove-background: [epoch 030] average test loss: 3165.8770
cellbender:remove-background: [epoch 031]  average training loss: 3105.5841
cellbender:remove-background: [epoch 032]  average training loss: 3105.4808
cellbender:remove-background: [epoch 033]  average training loss: 3099.5947
cellbender:remove-background: [epoch 034]  average training loss: 3097.4063
cellbender:remove-background: [epoch 035]  average training loss: 3091.5472
cellbender:remove-background: [epoch 035] average test loss: 3145.2209
cellbender:remove-background: [epoch 036]  average training loss: 3090.4150
cellbender:remove-background: [epoch 037]  average training loss: 3082.6382
cellbender:remove-background: [epoch 038]  average training loss: 3071.9737
cellbender:remove-background: [epoch 039]  average training loss: 3064.6410
cellbender:remove-background: [epoch 040]  average training loss: 3060.0384
cellbender:remove-background: [epoch 040] average test loss: 3112.6083
cellbender:remove-background: [epoch 041]  average training loss: 3051.6616
cellbender:remove-background: [epoch 042]  average training loss: 3049.4506
cellbender:remove-background: [epoch 043]  average training loss: 3044.4751
cellbender:remove-background: [epoch 044]  average training loss: 3046.2003
cellbender:remove-background: [epoch 045]  average training loss: 3039.8345
cellbender:remove-background: [epoch 045] average test loss: 3080.4932
cellbender:remove-background: [epoch 046]  average training loss: 3036.7616
cellbender:remove-background: [epoch 047]  average training loss: 3035.4307
cellbender:remove-background: [epoch 048]  average training loss: 3036.8600
cellbender:remove-background: [epoch 049]  average training loss: 3030.8505
cellbender:remove-background: [epoch 050]  average training loss: 3032.2734
cellbender:remove-background: [epoch 050] average test loss: 3078.9832
cellbender:remove-background: [epoch 051]  average training loss: 3031.4706
cellbender:remove-background: [epoch 052]  average training loss: 3030.1466
cellbender:remove-background: [epoch 053]  average training loss: 3029.2370
cellbender:remove-background: [epoch 054]  average training loss: 3026.3404
cellbender:remove-background: [epoch 055]  average training loss: 3026.7879
cellbender:remove-background: [epoch 055] average test loss: 3060.8600
cellbender:remove-background: [epoch 056]  average training loss: 3023.3563
cellbender:remove-background: [epoch 057]  average training loss: 3026.6932
cellbender:remove-background: [epoch 058]  average training loss: 3029.0416
cellbender:remove-background: [epoch 059]  average training loss: 3023.6201
cellbender:remove-background: [epoch 060]  average training loss: 3024.9800
cellbender:remove-background: [epoch 060] average test loss: 3062.4915
cellbender:remove-background: [epoch 061]  average training loss: 3024.9525
cellbender:remove-background: [epoch 062]  average training loss: 3021.1890
cellbender:remove-background: [epoch 063]  average training loss: 3024.3745
cellbender:remove-background: [epoch 064]  average training loss: 3021.8026
cellbender:remove-background: [epoch 065]  average training loss: 3016.2723
cellbender:remove-background: [epoch 065] average test loss: 3092.5339
cellbender:remove-background: [epoch 066]  average training loss: 3021.5052
cellbender:remove-background: [epoch 067]  average training loss: 3019.6777
cellbender:remove-background: [epoch 068]  average training loss: 3011.2254
cellbender:remove-background: [epoch 069]  average training loss: 3015.0174
cellbender:remove-background: [epoch 070]  average training loss: 3009.9763
cellbender:remove-background: [epoch 070] average test loss: 3055.3676
cellbender:remove-background: [epoch 071]  average training loss: 3012.8761
cellbender:remove-background: [epoch 072]  average training loss: 3010.2052
cellbender:remove-background: [epoch 073]  average training loss: 3009.8442
cellbender:remove-background: [epoch 074]  average training loss: 3007.5628
cellbender:remove-background: [epoch 075]  average training loss: 3008.0387
cellbender:remove-background: [epoch 075] average test loss: 3056.7704
cellbender:remove-background: [epoch 076]  average training loss: 3005.4865
cellbender:remove-background: [epoch 077]  average training loss: 3008.6271
cellbender:remove-background: [epoch 078]  average training loss: 3005.0466
cellbender:remove-background: [epoch 079]  average training loss: 2999.5418
cellbender:remove-background: [epoch 080]  average training loss: 3000.6880
cellbender:remove-background: [epoch 080] average test loss: 3060.1626
cellbender:remove-background: [epoch 081]  average training loss: 3000.3893
cellbender:remove-background: [epoch 082]  average training loss: 2999.4903
cellbender:remove-background: [epoch 083]  average training loss: 3002.4335
cellbender:remove-background: [epoch 084]  average training loss: 2997.1199
cellbender:remove-background: [epoch 085]  average training loss: 2999.6137
cellbender:remove-background: [epoch 085] average test loss: 3053.0705
cellbender:remove-background: [epoch 086]  average training loss: 2996.5637
cellbender:remove-background: [epoch 087]  average training loss: 2995.6746
cellbender:remove-background: [epoch 088]  average training loss: 2997.0188
cellbender:remove-background: [epoch 089]  average training loss: 2997.6398
cellbender:remove-background: [epoch 090]  average training loss: 2996.8076
cellbender:remove-background: [epoch 090] average test loss: 3062.9609
cellbender:remove-background: [epoch 091]  average training loss: 2996.4801
cellbender:remove-background: [epoch 092]  average training loss: 2997.6052
cellbender:remove-background: [epoch 093]  average training loss: 2994.7667
cellbender:remove-background: [epoch 094]  average training loss: 2993.3971
cellbender:remove-background: [epoch 095]  average training loss: 2993.6749
cellbender:remove-background: [epoch 095] average test loss: 3047.9322
cellbender:remove-background: [epoch 096]  average training loss: 2991.5189
cellbender:remove-background: [epoch 097]  average training loss: 2992.8239
cellbender:remove-background: [epoch 098]  average training loss: 2991.1869
cellbender:remove-background: [epoch 099]  average training loss: 2991.2806
cellbender:remove-background: [epoch 100]  average training loss: 2994.2405
cellbender:remove-background: [epoch 100] average test loss: 3049.4792
cellbender:remove-background: [epoch 101]  average training loss: 2990.8336
cellbender:remove-background: [epoch 102]  average training loss: 2993.7380
cellbender:remove-background: [epoch 103]  average training loss: 2994.8292
cellbender:remove-background: [epoch 104]  average training loss: 2991.6341
cellbender:remove-background: [epoch 105]  average training loss: 2989.3103
cellbender:remove-background: [epoch 105] average test loss: 3045.2124
cellbender:remove-background: [epoch 106]  average training loss: 2989.6525
cellbender:remove-background: [epoch 107]  average training loss: 2992.8724
cellbender:remove-background: [epoch 108]  average training loss: 2992.6034
cellbender:remove-background: Saving a checkpoint...
cellbender:remove-background: Saved checkpoint as /weka/scratch/scratch/Mon/mabdel03/Tsai_Data/Cellbender_Outputs/10557081/ckpt.tar.gz
cellbender:remove-background: [epoch 109]  average training loss: 2992.7593
cellbender:remove-background: [epoch 110]  average training loss: 2992.0973
cellbender:remove-background: [epoch 110] average test loss: 3048.9337
cellbender:remove-background: [epoch 111]  average training loss: 2989.3363
cellbender:remove-background: [epoch 112]  average training loss: 2992.2665
cellbender:remove-background: [epoch 113]  average training loss: 2990.3344
cellbender:remove-background: [epoch 114]  average training loss: 2993.5279
cellbender:remove-background: [epoch 115]  average training loss: 2990.2538
cellbender:remove-background: [epoch 115] average test loss: 3048.0999
cellbender:remove-background: [epoch 116]  average training loss: 2989.2040
cellbender:remove-background: [epoch 117]  average training loss: 2989.6816
cellbender:remove-background: [epoch 118]  average training loss: 2993.3520
cellbender:remove-background: [epoch 119]  average training loss: 2990.5247
cellbender:remove-background: [epoch 120]  average training loss: 2989.1879
cellbender:remove-background: [epoch 120] average test loss: 3050.8465
cellbender:remove-background: [epoch 121]  average training loss: 2990.1765
cellbender:remove-background: [epoch 122]  average training loss: 2989.0258
cellbender:remove-background: [epoch 123]  average training loss: 2990.2940
cellbender:remove-background: [epoch 124]  average training loss: 2987.5809
cellbender:remove-background: [epoch 125]  average training loss: 2988.4684
cellbender:remove-background: [epoch 125] average test loss: 3053.0155
cellbender:remove-background: [epoch 126]  average training loss: 2987.9821
cellbender:remove-background: [epoch 127]  average training loss: 2989.3789
cellbender:remove-background: [epoch 128]  average training loss: 2987.1915
cellbender:remove-background: [epoch 129]  average training loss: 2989.5427
cellbender:remove-background: [epoch 130]  average training loss: 2988.1030
cellbender:remove-background: [epoch 130] average test loss: 3055.7998
cellbender:remove-background: [epoch 131]  average training loss: 2987.4163
cellbender:remove-background: [epoch 132]  average training loss: 2986.2951
cellbender:remove-background: [epoch 133]  average training loss: 2988.0261
cellbender:remove-background: [epoch 134]  average training loss: 2985.7507
cellbender:remove-background: [epoch 135]  average training loss: 2987.9886
cellbender:remove-background: [epoch 135] average test loss: 3049.6476
cellbender:remove-background: [epoch 136]  average training loss: 2986.3117
cellbender:remove-background: [epoch 137]  average training loss: 2986.6559
cellbender:remove-background: [epoch 138]  average training loss: 2985.2388
cellbender:remove-background: [epoch 139]  average training loss: 2989.1817
cellbender:remove-background: [epoch 140]  average training loss: 2988.4165
cellbender:remove-background: [epoch 140] average test loss: 3050.6742
cellbender:remove-background: [epoch 141]  average training loss: 2986.5758
cellbender:remove-background: [epoch 142]  average training loss: 2987.1940
cellbender:remove-background: [epoch 143]  average training loss: 2987.8613
cellbender:remove-background: [epoch 144]  average training loss: 2987.8519
cellbender:remove-background: [epoch 145]  average training loss: 2983.8805
cellbender:remove-background: [epoch 145] average test loss: 3059.7784
cellbender:remove-background: [epoch 146]  average training loss: 2987.4258
cellbender:remove-background: [epoch 147]  average training loss: 2987.8310
cellbender:remove-background: [epoch 148]  average training loss: 2987.2997
cellbender:remove-background: [epoch 149]  average training loss: 2988.1213
cellbender:remove-background: [epoch 150]  average training loss: 2988.4423
cellbender:remove-background: [epoch 150] average test loss: 3058.2085
cellbender:remove-background: Saving a checkpoint...
cellbender:remove-background: Saved checkpoint as /weka/scratch/scratch/Mon/mabdel03/Tsai_Data/Cellbender_Outputs/10557081/ckpt.tar.gz
cellbender:remove-background: 2026-01-31 16:53:14
cellbender:remove-background: Inference procedure complete.
cellbender:remove-background: Attempting to unpack tarball "ckpt.tar.gz" to /tmp/tmpxzjiik_j
cellbender:remove-background: Successfully unpacked tarball to /tmp/tmpxzjiik_j
/tmp/tmpxzjiik_j/9a74b77755_random.pyro
/tmp/tmpxzjiik_j/9a74b77755_random.cuda
/tmp/tmpxzjiik_j/9a74b77755_model.torch
/tmp/tmpxzjiik_j/9a74b77755_optim.torch
/tmp/tmpxzjiik_j/9a74b77755_optim.pyro
/tmp/tmpxzjiik_j/9a74b77755_params.pyro
/tmp/tmpxzjiik_j/9a74b77755_train.loaderstate
/tmp/tmpxzjiik_j/9a74b77755_test.loaderstate
/tmp/tmpxzjiik_j/9a74b77755_args.npy
cellbender:remove-background: Posterior not currently included in checkpoint.
cellbender:remove-background: Computing posterior noise count probabilities in mini-batches.
cellbender:remove-background: Working on chunk (1/43)
cellbender:remove-background:     [0.04 mins per chunk]
cellbender:remove-background: Working on chunk (2/43)
cellbender:remove-background: Working on chunk (3/43)
cellbender:remove-background: Working on chunk (4/43)
cellbender:remove-background: Working on chunk (5/43)
cellbender:remove-background: Working on chunk (6/43)
cellbender:remove-background: Working on chunk (7/43)
cellbender:remove-background: Working on chunk (8/43)
cellbender:remove-background: Working on chunk (9/43)
cellbender:remove-background: Working on chunk (10/43)
cellbender:remove-background: Working on chunk (11/43)
cellbender:remove-background: Working on chunk (12/43)
cellbender:remove-background: Working on chunk (13/43)
cellbender:remove-background: Working on chunk (14/43)
cellbender:remove-background: Working on chunk (15/43)
cellbender:remove-background: Working on chunk (16/43)
cellbender:remove-background: Working on chunk (17/43)
cellbender:remove-background: Working on chunk (18/43)
cellbender:remove-background: Working on chunk (19/43)
cellbender:remove-background: Working on chunk (20/43)
cellbender:remove-background: Working on chunk (21/43)
cellbender:remove-background: Working on chunk (22/43)
cellbender:remove-background: Working on chunk (23/43)
cellbender:remove-background: Working on chunk (24/43)
cellbender:remove-background: Working on chunk (25/43)
cellbender:remove-background: Working on chunk (26/43)
cellbender:remove-background: Working on chunk (27/43)
cellbender:remove-background: Working on chunk (28/43)
cellbender:remove-background: Working on chunk (29/43)
cellbender:remove-background: Working on chunk (30/43)
cellbender:remove-background: Working on chunk (31/43)
cellbender:remove-background: Working on chunk (32/43)
cellbender:remove-background: Working on chunk (33/43)
cellbender:remove-background: Working on chunk (34/43)
cellbender:remove-background: Working on chunk (35/43)
cellbender:remove-background: Working on chunk (36/43)
cellbender:remove-background: Working on chunk (37/43)
cellbender:remove-background: Working on chunk (38/43)
cellbender:remove-background: Working on chunk (39/43)
cellbender:remove-background: Working on chunk (40/43)
cellbender:remove-background: Working on chunk (41/43)
cellbender:remove-background: Working on chunk (42/43)
cellbender:remove-background: Working on chunk (43/43)
cellbender:remove-background: Writing full posterior to /om/scratch/Mon/mabdel03/Tsai_Data/Cellbender_Outputs/10557081/processed_feature_bc_matrix_posterior.h5
cellbender:remove-background: Succeeded in writing posterior to file /om/scratch/Mon/mabdel03/Tsai_Data/Cellbender_Outputs/10557081/processed_feature_bc_matrix_posterior.h5
cellbender:remove-background: Added posterior object to checkpoint file.
cellbender:remove-background: 2026-01-31 16:56:39

cellbender:remove-background: Saved summary plots as /om/scratch/Mon/mabdel03/Tsai_Data/Cellbender_Outputs/10557081/processed_feature_bc_matrix.pdf
cellbender:remove-background: Saved cell barcodes in /om/scratch/Mon/mabdel03/Tsai_Data/Cellbender_Outputs/10557081/processed_feature_bc_matrix_cell_barcodes.csv
cellbender:remove-background: Computing target noise counts per gene for MCKP estimator
cellbender:remove-background: Using MCKP noise targets computed for FPR 0.0
cellbender:remove-background: Computing denoised counts using mckp estimator
cellbender:remove-background: Working on chunk (1/7)
cellbender:remove-background:     [1.00 mins per chunk]
cellbender:remove-background: Working on chunk (2/7)
cellbender:remove-background: Working on chunk (3/7)
cellbender:remove-background: Working on chunk (4/7)
cellbender:remove-background: Working on chunk (5/7)
cellbender:remove-background: Working on chunk (6/7)
cellbender:remove-background: Working on chunk (7/7)
cellbender:remove-background: 2026-01-31 17:03:58 Total MCKP estimation time = 416.28 sec
cellbender:remove-background: Succeeded in writing CellRanger format output to file /om/scratch/Mon/mabdel03/Tsai_Data/Cellbender_Outputs/10557081/processed_feature_bc_matrix.h5
cellbender:remove-background: Succeeded in writing CellRanger format output to file /om/scratch/Mon/mabdel03/Tsai_Data/Cellbender_Outputs/10557081/processed_feature_bc_matrix_filtered.h5
cellbender:remove-background: Saved output metrics as /om/scratch/Mon/mabdel03/Tsai_Data/Cellbender_Outputs/10557081/processed_feature_bc_matrix_metrics.csv
[NbConvertApp] Converting notebook tmp.report.ipynb to notebook
[NbConvertApp] Writing 485740 bytes to tmp.report.nbconvert.ipynb
[NbConvertApp] Converting notebook tmp.report.nbconvert.ipynb to html
[NbConvertApp] Writing 1060427 bytes to tmp.report.nbconvert.html
cellbender:remove-background: Succeeded in writing report to /om/scratch/Mon/mabdel03/Tsai_Data/Cellbender_Outputs/10557081/processed_feature_bc_matrix_report.html
cellbender:remove-background: Completed remove-background.
cellbender:remove-background: 2026-01-31 17:04:30

