cellbender:remove-background: Command:
cellbender remove-background --cuda --input /om/scratch/Mon/mabdel03/Tsai_Data/Cellranger_Outputs/61142759/outs/raw_feature_bc_matrix.h5 --fpr 0 --output /om/scratch/Mon/mabdel03/Tsai_Data/Cellbender_Outputs/61142759/processed_feature_bc_matrix.h5
cellbender:remove-background: CellBender 0.3.0
cellbender:remove-background: (Workflow hash 90215672f0)
cellbender:remove-background: 2026-02-02 01:15:25
cellbender:remove-background: Running remove-background
cellbender:remove-background: Loading data from /om/scratch/Mon/mabdel03/Tsai_Data/Cellranger_Outputs/61142759/outs/raw_feature_bc_matrix.h5
cellbender:remove-background: CellRanger v3 format
cellbender:remove-background: Features in dataset: 36601 Gene Expression
cellbender:remove-background: Trimming features for inference.
cellbender:remove-background: 32633 features have nonzero counts.
cellbender:remove-background: Prior on counts for cells is 34564
cellbender:remove-background: Prior on counts for empty droplets is 295
cellbender:remove-background: Excluding 9388 features that are estimated to have <= 0.1 background counts in cells.
cellbender:remove-background: Including 23245 features in the analysis.
cellbender:remove-background: Trimming barcodes for inference.
cellbender:remove-background: Excluding barcodes with counts below 147
cellbender:remove-background: Using 1714 probable cell barcodes, plus an additional 6477 barcodes, and 71483 empty droplets.
cellbender:remove-background: Largest surely-empty droplet has 379 UMI counts.
cellbender:remove-background: Attempting to unpack tarball "ckpt.tar.gz" to /tmp/tmplrlw5gsr
cellbender:remove-background: No saved checkpoint.
cellbender:remove-background: No checkpoint loaded.
cellbender:remove-background: Running inference...
cellbender:remove-background: [epoch 001]  average training loss: 20207.2523
cellbender:remove-background: [epoch 002]  average training loss: 17118.9489  (4.4 seconds per epoch)
cellbender:remove-background: Will checkpoint every 96 epochs
cellbender:remove-background: [epoch 003]  average training loss: 15572.8774
cellbender:remove-background: [epoch 004]  average training loss: 12557.7279
cellbender:remove-background: [epoch 005]  average training loss: 11576.7393
cellbender:remove-background: [epoch 005] average test loss: 11938.2418
cellbender:remove-background: [epoch 006]  average training loss: 10323.0441
cellbender:remove-background: [epoch 007]  average training loss: 10127.9234
cellbender:remove-background: [epoch 008]  average training loss: 9414.3063
cellbender:remove-background: [epoch 009]  average training loss: 9311.0725
cellbender:remove-background: [epoch 010]  average training loss: 9131.0373
cellbender:remove-background: [epoch 010] average test loss: 9305.8688
cellbender:remove-background: [epoch 011]  average training loss: 9280.3445
cellbender:remove-background: [epoch 012]  average training loss: 9289.9878
cellbender:remove-background: [epoch 013]  average training loss: 9278.1241
cellbender:remove-background: [epoch 014]  average training loss: 9175.9683
cellbender:remove-background: [epoch 015]  average training loss: 9022.4810
cellbender:remove-background: [epoch 015] average test loss: 9193.2337
cellbender:remove-background: [epoch 016]  average training loss: 9226.1297
cellbender:remove-background: [epoch 017]  average training loss: 9105.0209
cellbender:remove-background: [epoch 018]  average training loss: 8868.4252
cellbender:remove-background: [epoch 019]  average training loss: 8654.9833
cellbender:remove-background: [epoch 020]  average training loss: 8661.6071
cellbender:remove-background: [epoch 020] average test loss: 8636.8785
cellbender:remove-background: [epoch 021]  average training loss: 8585.2628
cellbender:remove-background: [epoch 022]  average training loss: 8558.2646
cellbender:remove-background: [epoch 023]  average training loss: 8550.2637
cellbender:remove-background: [epoch 024]  average training loss: 8541.3018
cellbender:remove-background: [epoch 025]  average training loss: 8557.8368
cellbender:remove-background: [epoch 025] average test loss: 9253.8199
cellbender:remove-background: [epoch 026]  average training loss: 8464.2852
cellbender:remove-background: [epoch 027]  average training loss: 8477.6818
cellbender:remove-background: [epoch 028]  average training loss: 8435.4496
cellbender:remove-background: [epoch 029]  average training loss: 8433.7405
cellbender:remove-background: [epoch 030]  average training loss: 8371.8833
cellbender:remove-background: [epoch 030] average test loss: 8263.8053
cellbender:remove-background: [epoch 031]  average training loss: 8336.4047
cellbender:remove-background: [epoch 032]  average training loss: 8284.7841
cellbender:remove-background: [epoch 033]  average training loss: 8256.9027
cellbender:remove-background: [epoch 034]  average training loss: 8186.9295
cellbender:remove-background: [epoch 035]  average training loss: 8168.3685
cellbender:remove-background: [epoch 035] average test loss: 8098.4523
cellbender:remove-background: [epoch 036]  average training loss: 8149.7953
cellbender:remove-background: [epoch 037]  average training loss: 8143.7547
cellbender:remove-background: [epoch 038]  average training loss: 8118.3234
cellbender:remove-background: [epoch 039]  average training loss: 8115.7072
cellbender:remove-background: [epoch 040]  average training loss: 8113.8396
cellbender:remove-background: [epoch 040] average test loss: 8121.4637
cellbender:remove-background: [epoch 041]  average training loss: 8105.8524
cellbender:remove-background: [epoch 042]  average training loss: 8102.1619
cellbender:remove-background: [epoch 043]  average training loss: 8075.5916
cellbender:remove-background: [epoch 044]  average training loss: 8079.9906
cellbender:remove-background: [epoch 045]  average training loss: 8071.1634
cellbender:remove-background: [epoch 045] average test loss: 8086.2714
cellbender:remove-background: [epoch 046]  average training loss: 8045.1862
cellbender:remove-background: [epoch 047]  average training loss: 8052.1664
cellbender:remove-background: [epoch 048]  average training loss: 8053.6806
cellbender:remove-background: [epoch 049]  average training loss: 8038.9608
cellbender:remove-background: [epoch 050]  average training loss: 8029.5444
cellbender:remove-background: [epoch 050] average test loss: 8023.1823
cellbender:remove-background: [epoch 051]  average training loss: 8035.7270
cellbender:remove-background: [epoch 052]  average training loss: 8029.4490
cellbender:remove-background: [epoch 053]  average training loss: 8021.6690
cellbender:remove-background: [epoch 054]  average training loss: 8016.6684
cellbender:remove-background: [epoch 055]  average training loss: 8009.7427
cellbender:remove-background: [epoch 055] average test loss: 8025.4436
cellbender:remove-background: [epoch 056]  average training loss: 8007.4784
cellbender:remove-background: [epoch 057]  average training loss: 8004.5645
cellbender:remove-background: [epoch 058]  average training loss: 8003.4150
cellbender:remove-background: [epoch 059]  average training loss: 8006.7231
cellbender:remove-background: [epoch 060]  average training loss: 8004.3618
cellbender:remove-background: [epoch 060] average test loss: 8080.5054
cellbender:remove-background: [epoch 061]  average training loss: 7986.5632
cellbender:remove-background: [epoch 062]  average training loss: 7992.2183
cellbender:remove-background: [epoch 063]  average training loss: 7981.5531
cellbender:remove-background: [epoch 064]  average training loss: 7970.7588
cellbender:remove-background: [epoch 065]  average training loss: 7966.2921
cellbender:remove-background: [epoch 065] average test loss: 7948.2833
cellbender:remove-background: [epoch 066]  average training loss: 7969.0889
cellbender:remove-background: [epoch 067]  average training loss: 7974.8330
cellbender:remove-background: [epoch 068]  average training loss: 7964.6930
cellbender:remove-background: [epoch 069]  average training loss: 7956.3997
cellbender:remove-background: [epoch 070]  average training loss: 7956.9004
cellbender:remove-background: [epoch 070] average test loss: 8040.3259
cellbender:remove-background: [epoch 071]  average training loss: 7971.7288
cellbender:remove-background: [epoch 072]  average training loss: 7968.7334
cellbender:remove-background: [epoch 073]  average training loss: 7982.0294
cellbender:remove-background: [epoch 074]  average training loss: 7972.8898
cellbender:remove-background: [epoch 075]  average training loss: 7962.6550
cellbender:remove-background: [epoch 075] average test loss: 8022.7031
cellbender:remove-background: [epoch 076]  average training loss: 7958.0915
cellbender:remove-background: [epoch 077]  average training loss: 7958.0348
cellbender:remove-background: [epoch 078]  average training loss: 7991.9878
cellbender:remove-background: [epoch 079]  average training loss: 7958.2980
cellbender:remove-background: [epoch 080]  average training loss: 7948.6958
cellbender:remove-background: [epoch 080] average test loss: 7947.7398
cellbender:remove-background: [epoch 081]  average training loss: 7947.4193
cellbender:remove-background: [epoch 082]  average training loss: 7919.9650
cellbender:remove-background: [epoch 083]  average training loss: 7956.0157
cellbender:remove-background: [epoch 084]  average training loss: 7958.9961
cellbender:remove-background: [epoch 085]  average training loss: 7916.9731
cellbender:remove-background: [epoch 085] average test loss: 7958.8480
cellbender:remove-background: [epoch 086]  average training loss: 7932.9394
cellbender:remove-background: [epoch 087]  average training loss: 7931.7993
cellbender:remove-background: [epoch 088]  average training loss: 7925.6056
cellbender:remove-background: [epoch 089]  average training loss: 7920.1383
cellbender:remove-background: [epoch 090]  average training loss: 7930.2364
cellbender:remove-background: [epoch 090] average test loss: 7985.1206
cellbender:remove-background: [epoch 091]  average training loss: 7926.5187
cellbender:remove-background: [epoch 092]  average training loss: 7910.0381
cellbender:remove-background: [epoch 093]  average training loss: 7908.3889
cellbender:remove-background: [epoch 094]  average training loss: 7905.1196
cellbender:remove-background: [epoch 095]  average training loss: 7911.2317
cellbender:remove-background: [epoch 095] average test loss: 7924.3492
cellbender:remove-background: [epoch 096]  average training loss: 7876.7788
cellbender:remove-background: Saving a checkpoint...
cellbender:remove-background: Saved checkpoint as /om/scratch/Mon/mabdel03/Tsai_Data/Cellbender_Outputs/61142759/ckpt.tar.gz
cellbender:remove-background: [epoch 097]  average training loss: 7919.1437
cellbender:remove-background: [epoch 098]  average training loss: 7923.1817
cellbender:remove-background: [epoch 099]  average training loss: 7876.5139
cellbender:remove-background: [epoch 100]  average training loss: 7905.5074
cellbender:remove-background: [epoch 100] average test loss: 7932.1138
cellbender:remove-background: [epoch 101]  average training loss: 7894.7763
cellbender:remove-background: [epoch 102]  average training loss: 7922.2036
cellbender:remove-background: [epoch 103]  average training loss: 7887.4151
cellbender:remove-background: [epoch 104]  average training loss: 7908.5403
cellbender:remove-background: [epoch 105]  average training loss: 7932.6696
cellbender:remove-background: [epoch 105] average test loss: 7880.2936
cellbender:remove-background: [epoch 106]  average training loss: 7889.8501
cellbender:remove-background: [epoch 107]  average training loss: 7877.6639
cellbender:remove-background: [epoch 108]  average training loss: 7886.9459
cellbender:remove-background: [epoch 109]  average training loss: 7888.8188
cellbender:remove-background: [epoch 110]  average training loss: 7891.2329
cellbender:remove-background: [epoch 110] average test loss: 7873.1513
cellbender:remove-background: [epoch 111]  average training loss: 7928.0750
cellbender:remove-background: [epoch 112]  average training loss: 7880.3639
cellbender:remove-background: [epoch 113]  average training loss: 7869.3897
cellbender:remove-background: [epoch 114]  average training loss: 7876.5440
cellbender:remove-background: [epoch 115]  average training loss: 7867.3180
cellbender:remove-background: [epoch 115] average test loss: 7881.3643
cellbender:remove-background: [epoch 116]  average training loss: 7878.1878
cellbender:remove-background: [epoch 117]  average training loss: 7856.5226
cellbender:remove-background: [epoch 118]  average training loss: 7859.0973
cellbender:remove-background: [epoch 119]  average training loss: 7855.9354
cellbender:remove-background: [epoch 120]  average training loss: 7869.6841
cellbender:remove-background: [epoch 120] average test loss: 7957.8058
cellbender:remove-background: [epoch 121]  average training loss: 7855.4060
cellbender:remove-background: [epoch 122]  average training loss: 7854.9771
cellbender:remove-background: [epoch 123]  average training loss: 7840.3120
cellbender:remove-background: [epoch 124]  average training loss: 7848.2594
cellbender:remove-background: [epoch 125]  average training loss: 7859.3031
cellbender:remove-background: [epoch 125] average test loss: 7914.8218
cellbender:remove-background: [epoch 126]  average training loss: 7852.5369
cellbender:remove-background: [epoch 127]  average training loss: 7835.1899
cellbender:remove-background: [epoch 128]  average training loss: 7836.6608
cellbender:remove-background: [epoch 129]  average training loss: 7845.7161
cellbender:remove-background: [epoch 130]  average training loss: 7864.3478
cellbender:remove-background: [epoch 130] average test loss: 7886.9030
cellbender:remove-background: [epoch 131]  average training loss: 7866.4571
cellbender:remove-background: [epoch 132]  average training loss: 7838.8798
cellbender:remove-background: [epoch 133]  average training loss: 7935.8380
cellbender:remove-background: [epoch 134]  average training loss: 7846.5215
cellbender:remove-background: [epoch 135]  average training loss: 7847.1998
cellbender:remove-background: [epoch 135] average test loss: 7915.7682
cellbender:remove-background: [epoch 136]  average training loss: 7834.7001
cellbender:remove-background: [epoch 137]  average training loss: 7864.1946
cellbender:remove-background: [epoch 138]  average training loss: 7847.2092
cellbender:remove-background: [epoch 139]  average training loss: 7843.5165
cellbender:remove-background: [epoch 140]  average training loss: 7833.6906
cellbender:remove-background: [epoch 140] average test loss: 7948.3867
cellbender:remove-background: [epoch 141]  average training loss: 7876.8805
cellbender:remove-background: [epoch 142]  average training loss: 7841.7758
cellbender:remove-background: [epoch 143]  average training loss: 7825.9431
cellbender:remove-background: [epoch 144]  average training loss: 7845.9795
cellbender:remove-background: [epoch 145]  average training loss: 7843.9470
cellbender:remove-background: [epoch 145] average test loss: 8166.7071
cellbender:remove-background: [epoch 146]  average training loss: 7839.9990
cellbender:remove-background: [epoch 147]  average training loss: 7845.5230
cellbender:remove-background: [epoch 148]  average training loss: 7832.6249
cellbender:remove-background: [epoch 149]  average training loss: 7859.0886
cellbender:remove-background: [epoch 150]  average training loss: 7848.1451
cellbender:remove-background: [epoch 150] average test loss: 7898.1357
cellbender:remove-background: Saving a checkpoint...
cellbender:remove-background: Saved checkpoint as /om/scratch/Mon/mabdel03/Tsai_Data/Cellbender_Outputs/61142759/ckpt.tar.gz
cellbender:remove-background: 2026-02-02 01:29:09
cellbender:remove-background: Inference procedure complete.
cellbender:remove-background: Attempting to unpack tarball "ckpt.tar.gz" to /tmp/tmprvl3upbu
cellbender:remove-background: Successfully unpacked tarball to /tmp/tmprvl3upbu
/tmp/tmprvl3upbu/90215672f0_random.pyro
/tmp/tmprvl3upbu/90215672f0_random.cuda
/tmp/tmprvl3upbu/90215672f0_model.torch
/tmp/tmprvl3upbu/90215672f0_optim.torch
/tmp/tmprvl3upbu/90215672f0_optim.pyro
/tmp/tmprvl3upbu/90215672f0_params.pyro
/tmp/tmprvl3upbu/90215672f0_train.loaderstate
/tmp/tmprvl3upbu/90215672f0_test.loaderstate
/tmp/tmprvl3upbu/90215672f0_args.npy
cellbender:remove-background: Posterior not currently included in checkpoint.
cellbender:remove-background: Computing posterior noise count probabilities in mini-batches.
cellbender:remove-background: Working on chunk (1/29)
cellbender:remove-background:     [0.06 mins per chunk]
cellbender:remove-background: Working on chunk (2/29)
cellbender:remove-background: Working on chunk (3/29)
cellbender:remove-background: Working on chunk (4/29)
cellbender:remove-background: Working on chunk (5/29)
cellbender:remove-background: Working on chunk (6/29)
cellbender:remove-background: Working on chunk (7/29)
cellbender:remove-background: Working on chunk (8/29)
cellbender:remove-background: Working on chunk (9/29)
cellbender:remove-background: Working on chunk (10/29)
cellbender:remove-background: Working on chunk (11/29)
cellbender:remove-background: Working on chunk (12/29)
cellbender:remove-background: Working on chunk (13/29)
cellbender:remove-background: Working on chunk (14/29)
cellbender:remove-background: Working on chunk (15/29)
cellbender:remove-background: Working on chunk (16/29)
cellbender:remove-background: Working on chunk (17/29)
cellbender:remove-background: Working on chunk (18/29)
cellbender:remove-background: Working on chunk (19/29)
cellbender:remove-background: Working on chunk (20/29)
cellbender:remove-background: Working on chunk (21/29)
cellbender:remove-background: Working on chunk (22/29)
cellbender:remove-background: Working on chunk (23/29)
cellbender:remove-background: Working on chunk (24/29)
cellbender:remove-background: Working on chunk (25/29)
cellbender:remove-background: Working on chunk (26/29)
cellbender:remove-background: Working on chunk (27/29)
cellbender:remove-background: Working on chunk (28/29)
cellbender:remove-background: Working on chunk (29/29)
cellbender:remove-background: Writing full posterior to /om/scratch/Mon/mabdel03/Tsai_Data/Cellbender_Outputs/61142759/processed_feature_bc_matrix_posterior.h5
cellbender:remove-background: Succeeded in writing posterior to file /om/scratch/Mon/mabdel03/Tsai_Data/Cellbender_Outputs/61142759/processed_feature_bc_matrix_posterior.h5
cellbender:remove-background: Added posterior object to checkpoint file.
cellbender:remove-background: 2026-02-02 01:34:24

cellbender:remove-background: Saved summary plots as /om/scratch/Mon/mabdel03/Tsai_Data/Cellbender_Outputs/61142759/processed_feature_bc_matrix.pdf
cellbender:remove-background: Saved cell barcodes in /om/scratch/Mon/mabdel03/Tsai_Data/Cellbender_Outputs/61142759/processed_feature_bc_matrix_cell_barcodes.csv
cellbender:remove-background: Computing target noise counts per gene for MCKP estimator
cellbender:remove-background: Using MCKP noise targets computed for FPR 0.0
cellbender:remove-background: Computing denoised counts using mckp estimator
cellbender:remove-background: Working on chunk (1/7)
cellbender:remove-background:     [3.05 mins per chunk]
cellbender:remove-background: Working on chunk (2/7)
cellbender:remove-background: Working on chunk (3/7)
cellbender:remove-background: Working on chunk (4/7)
cellbender:remove-background: Working on chunk (5/7)
cellbender:remove-background: Working on chunk (6/7)
cellbender:remove-background: Working on chunk (7/7)
cellbender:remove-background: 2026-02-02 01:56:56 Total MCKP estimation time = 1282.85 sec
cellbender:remove-background: Succeeded in writing CellRanger format output to file /om/scratch/Mon/mabdel03/Tsai_Data/Cellbender_Outputs/61142759/processed_feature_bc_matrix.h5
cellbender:remove-background: Succeeded in writing CellRanger format output to file /om/scratch/Mon/mabdel03/Tsai_Data/Cellbender_Outputs/61142759/processed_feature_bc_matrix_filtered.h5
cellbender:remove-background: Saved output metrics as /om/scratch/Mon/mabdel03/Tsai_Data/Cellbender_Outputs/61142759/processed_feature_bc_matrix_metrics.csv
/bin/sh: /home/mabdel03/.local/bin/jupyter: /usr/bin/python3: bad interpreter: No such file or directory
/bin/sh: /home/mabdel03/.local/bin/jupyter: /usr/bin/python3: bad interpreter: No such file or directory
mv: cannot stat ‘tmp.report.nbconvert.html’: No such file or directory
rm: cannot remove ‘tmp.report.nbconvert.ipynb’: No such file or directory
cellbender:remove-background: Unable to create report.
cellbender:remove-background: Traceback (most recent call last):
  File "/om2/user/mabdel03/conda_envs/Cellbender_env/lib/python3.7/site-packages/cellbender/remove_background/run.py", line 351, in compute_output_denoised_counts_reports_metrics
    output=html_report_file,
  File "/om2/user/mabdel03/conda_envs/Cellbender_env/lib/python3.7/site-packages/cellbender/remove_background/report.py", line 82, in run_notebook_make_html
    title=('CellBender: ' + os.path.basename(output).replace('_report.html', '')),
  File "/om2/user/mabdel03/conda_envs/Cellbender_env/lib/python3.7/site-packages/cellbender/remove_background/report.py", line 59, in _postprocess_html
    with open(file, mode='r') as f:
FileNotFoundError: [Errno 2] No such file or directory: '/om/scratch/Mon/mabdel03/Tsai_Data/Cellbender_Outputs/61142759/processed_feature_bc_matrix_report.html'

cellbender:remove-background: Completed remove-background.
cellbender:remove-background: 2026-02-02 01:57:35

