cellbender:remove-background: Command:
cellbender remove-background --cuda --input /tmp/cellbender_44651703_253/raw_feature_bc_matrix.h5 --fpr 0 --output /om/scratch/Mon/mabdel03/Tsai_Data/Cellbender_Outputs/50100806/processed_feature_bc_matrix.h5
cellbender:remove-background: CellBender 0.3.0
cellbender:remove-background: (Workflow hash 60fd83d9d2)
cellbender:remove-background: 2026-02-01 00:29:40
cellbender:remove-background: Running remove-background
cellbender:remove-background: Loading data from /tmp/cellbender_44651703_253/raw_feature_bc_matrix.h5
cellbender:remove-background: CellRanger v3 format
cellbender:remove-background: Features in dataset: 36601 Gene Expression
cellbender:remove-background: Trimming features for inference.
cellbender:remove-background: 31051 features have nonzero counts.
cellbender:remove-background: Prior on counts for cells is 5073
cellbender:remove-background: Prior on counts for empty droplets is 66
cellbender:remove-background: Excluding 9742 features that are estimated to have <= 0.1 background counts in cells.
cellbender:remove-background: Including 21309 features in the analysis.
cellbender:remove-background: Trimming barcodes for inference.
cellbender:remove-background: Excluding barcodes with counts below 33
cellbender:remove-background: Using 2390 probable cell barcodes, plus an additional 11824 barcodes, and 78724 empty droplets.
cellbender:remove-background: Largest surely-empty droplet has 80 UMI counts.
cellbender:remove-background: Attempting to unpack tarball "ckpt.tar.gz" to /tmp/tmp18g2de32
cellbender:remove-background: No saved checkpoint.
cellbender:remove-background: No checkpoint loaded.
cellbender:remove-background: Running inference...
cellbender:remove-background: [epoch 001]  average training loss: 5554.5992
cellbender:remove-background: [epoch 002]  average training loss: 4721.5242  (7.1 seconds per epoch)
cellbender:remove-background: Will checkpoint every 60 epochs
cellbender:remove-background: [epoch 003]  average training loss: 4098.0486
cellbender:remove-background: [epoch 004]  average training loss: 3781.2782
cellbender:remove-background: [epoch 005]  average training loss: 3524.5120
cellbender:remove-background: [epoch 005] average test loss: 3491.5833
cellbender:remove-background: [epoch 006]  average training loss: 3354.8770
cellbender:remove-background: [epoch 007]  average training loss: 3360.2478
cellbender:remove-background: [epoch 008]  average training loss: 3317.7621
cellbender:remove-background: [epoch 009]  average training loss: 3280.7998
cellbender:remove-background: [epoch 010]  average training loss: 3300.9308
cellbender:remove-background: [epoch 010] average test loss: 3240.4522
cellbender:remove-background: [epoch 011]  average training loss: 3260.5809
cellbender:remove-background: [epoch 012]  average training loss: 3261.1130
cellbender:remove-background: [epoch 013]  average training loss: 3207.2171
cellbender:remove-background: [epoch 014]  average training loss: 3066.8754
cellbender:remove-background: [epoch 015]  average training loss: 3029.7261
cellbender:remove-background: [epoch 015] average test loss: 2962.8565
cellbender:remove-background: [epoch 016]  average training loss: 3002.7454
cellbender:remove-background: [epoch 017]  average training loss: 2998.2834
cellbender:remove-background: [epoch 018]  average training loss: 2978.9095
cellbender:remove-background: [epoch 019]  average training loss: 2980.3095
cellbender:remove-background: [epoch 020]  average training loss: 2961.7505
cellbender:remove-background: [epoch 020] average test loss: 2916.7837
cellbender:remove-background: [epoch 021]  average training loss: 2955.0637
cellbender:remove-background: [epoch 022]  average training loss: 2949.9756
cellbender:remove-background: [epoch 023]  average training loss: 2947.7208
cellbender:remove-background: [epoch 024]  average training loss: 2946.8161
cellbender:remove-background: [epoch 025]  average training loss: 2943.9508
cellbender:remove-background: [epoch 025] average test loss: 2897.7172
cellbender:remove-background: [epoch 026]  average training loss: 2937.8521
cellbender:remove-background: [epoch 027]  average training loss: 2922.8219
cellbender:remove-background: [epoch 028]  average training loss: 2923.5385
cellbender:remove-background: [epoch 029]  average training loss: 2911.4150
cellbender:remove-background: [epoch 030]  average training loss: 2905.9217
cellbender:remove-background: [epoch 030] average test loss: 2880.6607
cellbender:remove-background: [epoch 031]  average training loss: 2898.5279
cellbender:remove-background: [epoch 032]  average training loss: 2893.0727
cellbender:remove-background: [epoch 033]  average training loss: 2884.7774
cellbender:remove-background: [epoch 034]  average training loss: 2883.0655
cellbender:remove-background: [epoch 035]  average training loss: 2880.6671
cellbender:remove-background: [epoch 035] average test loss: 2840.9981
cellbender:remove-background: [epoch 036]  average training loss: 2876.0731
cellbender:remove-background: [epoch 037]  average training loss: 2875.5200
cellbender:remove-background: [epoch 038]  average training loss: 2873.1788
cellbender:remove-background: [epoch 039]  average training loss: 2871.8559
cellbender:remove-background: [epoch 040]  average training loss: 2867.9271
cellbender:remove-background: [epoch 040] average test loss: 2875.8964
cellbender:remove-background: [epoch 041]  average training loss: 2867.6301
cellbender:remove-background: [epoch 042]  average training loss: 2866.1953
cellbender:remove-background: [epoch 043]  average training loss: 2865.7231
cellbender:remove-background: [epoch 044]  average training loss: 2865.4072
cellbender:remove-background: [epoch 045]  average training loss: 2860.6183
cellbender:remove-background: [epoch 045] average test loss: 2831.7335
cellbender:remove-background: [epoch 046]  average training loss: 2860.0274
cellbender:remove-background: [epoch 047]  average training loss: 2860.6125
cellbender:remove-background: [epoch 048]  average training loss: 2860.6511
cellbender:remove-background: [epoch 049]  average training loss: 2856.9854
cellbender:remove-background: [epoch 050]  average training loss: 2855.9978
cellbender:remove-background: [epoch 050] average test loss: 2824.4129
cellbender:remove-background: [epoch 051]  average training loss: 2855.1654
cellbender:remove-background: [epoch 052]  average training loss: 2858.0603
cellbender:remove-background: [epoch 053]  average training loss: 2857.1150
cellbender:remove-background: [epoch 054]  average training loss: 2857.8019
cellbender:remove-background: [epoch 055]  average training loss: 2852.4844
cellbender:remove-background: [epoch 055] average test loss: 2821.6011
cellbender:remove-background: [epoch 056]  average training loss: 2854.7692
cellbender:remove-background: [epoch 057]  average training loss: 2851.6858
cellbender:remove-background: [epoch 058]  average training loss: 2853.2342
cellbender:remove-background: [epoch 059]  average training loss: 2854.4536
cellbender:remove-background: [epoch 060]  average training loss: 2849.8656
cellbender:remove-background: [epoch 060] average test loss: 2849.4156
cellbender:remove-background: Saving a checkpoint...
cellbender:remove-background: Saved checkpoint as /weka/scratch/scratch/Mon/mabdel03/Tsai_Data/Cellbender_Outputs/50100806/ckpt.tar.gz
cellbender:remove-background: [epoch 061]  average training loss: 2857.0978
cellbender:remove-background: [epoch 062]  average training loss: 2852.1159
cellbender:remove-background: [epoch 063]  average training loss: 2849.2366
cellbender:remove-background: [epoch 064]  average training loss: 2851.1856
cellbender:remove-background: [epoch 065]  average training loss: 2851.0074
cellbender:remove-background: [epoch 065] average test loss: 2821.5533
cellbender:remove-background: [epoch 066]  average training loss: 2855.2254
cellbender:remove-background: [epoch 067]  average training loss: 2851.2516
cellbender:remove-background: [epoch 068]  average training loss: 2848.0142
cellbender:remove-background: [epoch 069]  average training loss: 2850.5373
cellbender:remove-background: [epoch 070]  average training loss: 2856.4964
cellbender:remove-background: [epoch 070] average test loss: 2825.4288
cellbender:remove-background: [epoch 071]  average training loss: 2866.8516
cellbender:remove-background: [epoch 072]  average training loss: 2846.1054
cellbender:remove-background: [epoch 073]  average training loss: 2849.3824
cellbender:remove-background: [epoch 074]  average training loss: 2839.3811
cellbender:remove-background: [epoch 075]  average training loss: 2836.2386
cellbender:remove-background: [epoch 075] average test loss: 2830.2069
cellbender:remove-background: [epoch 076]  average training loss: 2838.3744
cellbender:remove-background: [epoch 077]  average training loss: 2839.5001
cellbender:remove-background: [epoch 078]  average training loss: 2844.7966
cellbender:remove-background: [epoch 079]  average training loss: 2835.8262
cellbender:remove-background: [epoch 080]  average training loss: 2833.0449
cellbender:remove-background: [epoch 080] average test loss: 2821.6638
cellbender:remove-background: [epoch 081]  average training loss: 2829.4711
cellbender:remove-background: [epoch 082]  average training loss: 2830.2948
cellbender:remove-background: [epoch 083]  average training loss: 2835.2345
cellbender:remove-background: [epoch 084]  average training loss: 2833.0221
cellbender:remove-background: [epoch 085]  average training loss: 2829.2806
cellbender:remove-background: [epoch 085] average test loss: 2840.5039
cellbender:remove-background: [epoch 086]  average training loss: 2829.0836
cellbender:remove-background: [epoch 087]  average training loss: 2829.4514
cellbender:remove-background: [epoch 088]  average training loss: 2834.9956
cellbender:remove-background: [epoch 089]  average training loss: 2841.5729
cellbender:remove-background: [epoch 090]  average training loss: 2829.2199
cellbender:remove-background: [epoch 090] average test loss: 2826.8986
cellbender:remove-background: [epoch 091]  average training loss: 2836.2549
cellbender:remove-background: [epoch 092]  average training loss: 2831.2214
cellbender:remove-background: [epoch 093]  average training loss: 2823.0353
cellbender:remove-background: [epoch 094]  average training loss: 2827.3859
cellbender:remove-background: [epoch 095]  average training loss: 2826.7916
cellbender:remove-background: [epoch 095] average test loss: 2838.5374
cellbender:remove-background: [epoch 096]  average training loss: 2823.4176
cellbender:remove-background: [epoch 097]  average training loss: 2825.1872
cellbender:remove-background: [epoch 098]  average training loss: 2826.2260
cellbender:remove-background: [epoch 099]  average training loss: 2824.5408
cellbender:remove-background: [epoch 100]  average training loss: 2822.7701
cellbender:remove-background: [epoch 100] average test loss: 2816.7444
cellbender:remove-background: [epoch 101]  average training loss: 2819.7477
cellbender:remove-background: [epoch 102]  average training loss: 2820.5350
cellbender:remove-background: [epoch 103]  average training loss: 2823.8016
cellbender:remove-background: [epoch 104]  average training loss: 2825.9591
cellbender:remove-background: [epoch 105]  average training loss: 2817.9462
cellbender:remove-background: [epoch 105] average test loss: 2809.3676
cellbender:remove-background: [epoch 106]  average training loss: 2818.0235
cellbender:remove-background: [epoch 107]  average training loss: 2820.0961
cellbender:remove-background: [epoch 108]  average training loss: 2815.9657
cellbender:remove-background: [epoch 109]  average training loss: 2818.9956
cellbender:remove-background: [epoch 110]  average training loss: 2815.0743
cellbender:remove-background: [epoch 110] average test loss: 2817.0948
cellbender:remove-background: [epoch 111]  average training loss: 2814.9213
cellbender:remove-background: [epoch 112]  average training loss: 2814.3182
cellbender:remove-background: [epoch 113]  average training loss: 2814.2591
cellbender:remove-background: [epoch 114]  average training loss: 2814.0887
cellbender:remove-background: [epoch 115]  average training loss: 2814.9744
cellbender:remove-background: [epoch 115] average test loss: 2807.7088
cellbender:remove-background: [epoch 116]  average training loss: 2812.8863
cellbender:remove-background: [epoch 117]  average training loss: 2812.0327
cellbender:remove-background: [epoch 118]  average training loss: 2817.0086
cellbender:remove-background: [epoch 119]  average training loss: 2813.6236
cellbender:remove-background: [epoch 120]  average training loss: 2810.1648
cellbender:remove-background: [epoch 120] average test loss: 2838.3260
cellbender:remove-background: Saving a checkpoint...
cellbender:remove-background: Saved checkpoint as /weka/scratch/scratch/Mon/mabdel03/Tsai_Data/Cellbender_Outputs/50100806/ckpt.tar.gz
cellbender:remove-background: [epoch 121]  average training loss: 2811.1282
cellbender:remove-background: [epoch 122]  average training loss: 2813.3352
cellbender:remove-background: [epoch 123]  average training loss: 2809.1671
cellbender:remove-background: [epoch 124]  average training loss: 2816.0616
cellbender:remove-background: [epoch 125]  average training loss: 2811.4038
cellbender:remove-background: [epoch 125] average test loss: 2825.8069
cellbender:remove-background: [epoch 126]  average training loss: 2811.8261
cellbender:remove-background: [epoch 127]  average training loss: 2814.2919
cellbender:remove-background: [epoch 128]  average training loss: 2813.6643
cellbender:remove-background: [epoch 129]  average training loss: 2808.9065
cellbender:remove-background: [epoch 130]  average training loss: 2812.2689
cellbender:remove-background: [epoch 130] average test loss: 2820.1877
cellbender:remove-background: [epoch 131]  average training loss: 2807.6173
cellbender:remove-background: [epoch 132]  average training loss: 2809.0542
cellbender:remove-background: [epoch 133]  average training loss: 2809.7369
cellbender:remove-background: [epoch 134]  average training loss: 2812.3296
cellbender:remove-background: [epoch 135]  average training loss: 2810.2188
cellbender:remove-background: [epoch 135] average test loss: 2805.9471
cellbender:remove-background: [epoch 136]  average training loss: 2809.9412
cellbender:remove-background: [epoch 137]  average training loss: 2806.0628
cellbender:remove-background: [epoch 138]  average training loss: 2808.4557
cellbender:remove-background: [epoch 139]  average training loss: 2810.1488
cellbender:remove-background: [epoch 140]  average training loss: 2809.5086
cellbender:remove-background: [epoch 140] average test loss: 2814.1929
cellbender:remove-background: [epoch 141]  average training loss: 2810.3286
cellbender:remove-background: [epoch 142]  average training loss: 2805.0033
cellbender:remove-background: [epoch 143]  average training loss: 2804.1567
cellbender:remove-background: [epoch 144]  average training loss: 2803.2497
cellbender:remove-background: [epoch 145]  average training loss: 2805.7228
cellbender:remove-background: [epoch 145] average test loss: 2803.7492
cellbender:remove-background: [epoch 146]  average training loss: 2807.8292
cellbender:remove-background: [epoch 147]  average training loss: 2804.0661
cellbender:remove-background: [epoch 148]  average training loss: 2808.2871
cellbender:remove-background: [epoch 149]  average training loss: 2807.4799
cellbender:remove-background: [epoch 150]  average training loss: 2808.1270
cellbender:remove-background: [epoch 150] average test loss: 2808.8658
cellbender:remove-background: Saving a checkpoint...
cellbender:remove-background: Saved checkpoint as /weka/scratch/scratch/Mon/mabdel03/Tsai_Data/Cellbender_Outputs/50100806/ckpt.tar.gz
cellbender:remove-background: 2026-02-01 00:52:01
cellbender:remove-background: Inference procedure complete.
cellbender:remove-background: Attempting to unpack tarball "ckpt.tar.gz" to /tmp/tmp9pukk46y
cellbender:remove-background: Successfully unpacked tarball to /tmp/tmp9pukk46y
/tmp/tmp9pukk46y/60fd83d9d2_random.pyro
/tmp/tmp9pukk46y/60fd83d9d2_random.cuda
/tmp/tmp9pukk46y/60fd83d9d2_model.torch
/tmp/tmp9pukk46y/60fd83d9d2_optim.torch
/tmp/tmp9pukk46y/60fd83d9d2_optim.pyro
/tmp/tmp9pukk46y/60fd83d9d2_params.pyro
/tmp/tmp9pukk46y/60fd83d9d2_train.loaderstate
/tmp/tmp9pukk46y/60fd83d9d2_test.loaderstate
/tmp/tmp9pukk46y/60fd83d9d2_args.npy
cellbender:remove-background: Posterior not currently included in checkpoint.
cellbender:remove-background: Computing posterior noise count probabilities in mini-batches.
cellbender:remove-background: Working on chunk (1/42)
cellbender:remove-background:     [0.04 mins per chunk]
cellbender:remove-background: Working on chunk (2/42)
cellbender:remove-background: Working on chunk (3/42)
cellbender:remove-background: Working on chunk (4/42)
cellbender:remove-background: Working on chunk (5/42)
cellbender:remove-background: Working on chunk (6/42)
cellbender:remove-background: Working on chunk (7/42)
cellbender:remove-background: Working on chunk (8/42)
cellbender:remove-background: Working on chunk (9/42)
cellbender:remove-background: Working on chunk (10/42)
cellbender:remove-background: Working on chunk (11/42)
cellbender:remove-background: Working on chunk (12/42)
cellbender:remove-background: Working on chunk (13/42)
cellbender:remove-background: Working on chunk (14/42)
cellbender:remove-background: Working on chunk (15/42)
cellbender:remove-background: Working on chunk (16/42)
cellbender:remove-background: Working on chunk (17/42)
cellbender:remove-background: Working on chunk (18/42)
cellbender:remove-background: Working on chunk (19/42)
cellbender:remove-background: Working on chunk (20/42)
cellbender:remove-background: Working on chunk (21/42)
cellbender:remove-background: Working on chunk (22/42)
cellbender:remove-background: Working on chunk (23/42)
cellbender:remove-background: Working on chunk (24/42)
cellbender:remove-background: Working on chunk (25/42)
cellbender:remove-background: Working on chunk (26/42)
cellbender:remove-background: Working on chunk (27/42)
cellbender:remove-background: Working on chunk (28/42)
cellbender:remove-background: Working on chunk (29/42)
cellbender:remove-background: Working on chunk (30/42)
cellbender:remove-background: Working on chunk (31/42)
cellbender:remove-background: Working on chunk (32/42)
cellbender:remove-background: Working on chunk (33/42)
cellbender:remove-background: Working on chunk (34/42)
cellbender:remove-background: Working on chunk (35/42)
cellbender:remove-background: Working on chunk (36/42)
cellbender:remove-background: Working on chunk (37/42)
cellbender:remove-background: Working on chunk (38/42)
cellbender:remove-background: Working on chunk (39/42)
cellbender:remove-background: Working on chunk (40/42)
cellbender:remove-background: Working on chunk (41/42)
cellbender:remove-background: Working on chunk (42/42)
cellbender:remove-background: Writing full posterior to /om/scratch/Mon/mabdel03/Tsai_Data/Cellbender_Outputs/50100806/processed_feature_bc_matrix_posterior.h5
Traceback (most recent call last):
  File "/om2/user/mabdel03/conda_envs/Cellbender_env/bin/cellbender", line 8, in <module>
    sys.exit(main())
  File "/om2/user/mabdel03/conda_envs/Cellbender_env/lib/python3.7/site-packages/cellbender/base_cli.py", line 118, in main
    cli_dict[args.tool].run(args)
  File "/om2/user/mabdel03/conda_envs/Cellbender_env/lib/python3.7/site-packages/cellbender/remove_background/cli.py", line 185, in run
    return main(args)
  File "/om2/user/mabdel03/conda_envs/Cellbender_env/lib/python3.7/site-packages/cellbender/remove_background/cli.py", line 230, in main
    posterior = run_remove_background(args)
  File "/om2/user/mabdel03/conda_envs/Cellbender_env/lib/python3.7/site-packages/cellbender/remove_background/run.py", line 107, in run_remove_background
    args=args,
  File "/om2/user/mabdel03/conda_envs/Cellbender_env/lib/python3.7/site-packages/cellbender/remove_background/posterior.py", line 130, in load_or_compute_posterior_and_save
    saved = posterior.save(file=posterior_file)
  File "/om2/user/mabdel03/conda_envs/Cellbender_env/lib/python3.7/site-packages/cellbender/remove_background/posterior.py", line 234, in save
    return write_posterior_coo_to_h5(output_file=file, **d)
  File "/om2/user/mabdel03/conda_envs/Cellbender_env/lib/python3.7/site-packages/cellbender/remove_background/data/io.py", line 275, in write_posterior_coo_to_h5
    title="CellBender remove-background posterior noise count probabilities"
  File "/om2/user/mabdel03/conda_envs/Cellbender_env/lib/python3.7/site-packages/tables/file.py", line 300, in open_file
    return File(filename, mode, title, root_uep, filters, **kwargs)
  File "/om2/user/mabdel03/conda_envs/Cellbender_env/lib/python3.7/site-packages/tables/file.py", line 750, in __init__
    self._g_new(filename, mode, **params)
  File "tables/hdf5extension.pyx", line 486, in tables.hdf5extension.File._g_new
tables.exceptions.HDF5ExtError: HDF5 error back trace

  File "H5F.c", line 532, in H5Fcreate
    unable to create file
  File "H5VLcallback.c", line 3282, in H5VL_file_create
    file create failed
  File "H5VLcallback.c", line 3248, in H5VL__file_create
    file create failed
  File "H5VLnative_file.c", line 63, in H5VL__native_file_create
    unable to create file
  File "H5Fint.c", line 1898, in H5F_open
    unable to lock the file
  File "H5FD.c", line 1625, in H5FD_lock
    driver lock request failed
  File "H5FDsec2.c", line 1002, in H5FD__sec2_lock
    unable to lock file, errno = 5, error message = 'Input/output error'

End of HDF5 error back trace

Unable to open/create file '/om/scratch/Mon/mabdel03/Tsai_Data/Cellbender_Outputs/50100806/processed_feature_bc_matrix_posterior.h5'
