cellbender:remove-background: Command:
cellbender remove-background --cuda --input /om/scratch/Mon/mabdel03/Tsai_Data/Cellranger_Outputs/10102206/outs/raw_feature_bc_matrix.h5 --fpr 0 --output /om/scratch/Mon/mabdel03/Tsai_Data/Cellbender_Outputs/10102206/processed_feature_bc_matrix.h5
cellbender:remove-background: CellBender 0.3.0
cellbender:remove-background: (Workflow hash 4977b71236)
cellbender:remove-background: 2026-02-01 13:21:40
cellbender:remove-background: Running remove-background
cellbender:remove-background: Loading data from /om/scratch/Mon/mabdel03/Tsai_Data/Cellranger_Outputs/10102206/outs/raw_feature_bc_matrix.h5
cellbender:remove-background: CellRanger v3 format
cellbender:remove-background: Features in dataset: 36601 Gene Expression
cellbender:remove-background: Trimming features for inference.
cellbender:remove-background: 23707 features have nonzero counts.
cellbender:remove-background: Prior on counts for cells is 1198
cellbender:remove-background: Prior on counts for empty droplets is 89
cellbender:remove-background: Excluding 4508 features that are estimated to have <= 0.1 background counts in cells.
cellbender:remove-background: Including 19199 features in the analysis.
cellbender:remove-background: Trimming barcodes for inference.
cellbender:remove-background: Excluding barcodes with counts below 44
cellbender:remove-background: Using 723 probable cell barcodes, plus an additional 2862 barcodes, and 25421 empty droplets.
cellbender:remove-background: Largest surely-empty droplet has 120 UMI counts.
cellbender:remove-background: Attempting to unpack tarball "ckpt.tar.gz" to /tmp/tmpa64dfu9z
cellbender:remove-background: Successfully unpacked tarball to /tmp/tmpa64dfu9z
/tmp/tmpa64dfu9z/60d1157154_random.pyro
/tmp/tmpa64dfu9z/60d1157154_random.cuda
/tmp/tmpa64dfu9z/60d1157154_model.torch
/tmp/tmpa64dfu9z/60d1157154_optim.torch
/tmp/tmpa64dfu9z/60d1157154_optim.pyro
/tmp/tmpa64dfu9z/60d1157154_params.pyro
/tmp/tmpa64dfu9z/60d1157154_train.loaderstate
/tmp/tmpa64dfu9z/60d1157154_test.loaderstate
/tmp/tmpa64dfu9z/60d1157154_args.npy
cellbender:remove-background: Workflow hash does not match that of checkpoint.
cellbender:remove-background: No checkpoint loaded.
cellbender:remove-background: Running inference...
cellbender:remove-background: [epoch 001]  average training loss: 1911.5912
cellbender:remove-background: [epoch 002]  average training loss: 1854.8992  (1.6 seconds per epoch)
cellbender:remove-background: Will not checkpoint due to projected run completion in under 7.0 min
cellbender:remove-background: [epoch 003]  average training loss: 1820.5020
cellbender:remove-background: [epoch 004]  average training loss: 1792.8837
cellbender:remove-background: [epoch 005]  average training loss: 1767.5408
cellbender:remove-background: [epoch 005] average test loss: 1920.4319
cellbender:remove-background: [epoch 006]  average training loss: 1748.6161
cellbender:remove-background: [epoch 007]  average training loss: 1719.0327
cellbender:remove-background: [epoch 008]  average training loss: 1691.0062
cellbender:remove-background: [epoch 009]  average training loss: 1644.8355
cellbender:remove-background: [epoch 010]  average training loss: 1614.3318
cellbender:remove-background: [epoch 010] average test loss: 1790.8108
cellbender:remove-background: [epoch 011]  average training loss: 1584.2408
cellbender:remove-background: [epoch 012]  average training loss: 1522.5851
cellbender:remove-background: [epoch 013]  average training loss: 1429.1436
cellbender:remove-background: [epoch 014]  average training loss: 1399.6372
cellbender:remove-background: [epoch 015]  average training loss: 1354.9161
cellbender:remove-background: [epoch 015] average test loss: 1454.7114
cellbender:remove-background: [epoch 016]  average training loss: 1344.8124
cellbender:remove-background: [epoch 017]  average training loss: 1347.6196
cellbender:remove-background: [epoch 018]  average training loss: 1335.5087
cellbender:remove-background: [epoch 019]  average training loss: 1334.3677
cellbender:remove-background: [epoch 020]  average training loss: 1334.2764
cellbender:remove-background: [epoch 020] average test loss: 1369.5416
cellbender:remove-background: [epoch 021]  average training loss: 1326.7610
cellbender:remove-background: [epoch 022]  average training loss: 1335.0075
cellbender:remove-background: [epoch 023]  average training loss: 1324.2292
cellbender:remove-background: [epoch 024]  average training loss: 1324.0589
cellbender:remove-background: [epoch 025]  average training loss: 1308.1043
cellbender:remove-background: [epoch 025] average test loss: 1360.3823
cellbender:remove-background: [epoch 026]  average training loss: 1304.8965
cellbender:remove-background: [epoch 027]  average training loss: 1293.6287
cellbender:remove-background: [epoch 028]  average training loss: 1292.5286
cellbender:remove-background: [epoch 029]  average training loss: 1289.2628
cellbender:remove-background: [epoch 030]  average training loss: 1290.1442
cellbender:remove-background: [epoch 030] average test loss: 1314.9057
cellbender:remove-background: [epoch 031]  average training loss: 1281.2357
cellbender:remove-background: [epoch 032]  average training loss: 1282.1201
cellbender:remove-background: [epoch 033]  average training loss: 1282.4397
cellbender:remove-background: [epoch 034]  average training loss: 1282.6002
cellbender:remove-background: [epoch 035]  average training loss: 1282.6848
cellbender:remove-background: [epoch 035] average test loss: 1305.4783
cellbender:remove-background: [epoch 036]  average training loss: 1284.2187
cellbender:remove-background: [epoch 037]  average training loss: 1279.3630
cellbender:remove-background: [epoch 038]  average training loss: 1280.7645
cellbender:remove-background: [epoch 039]  average training loss: 1282.3951
cellbender:remove-background: [epoch 040]  average training loss: 1282.9007
cellbender:remove-background: [epoch 040] average test loss: 1305.7122
cellbender:remove-background: [epoch 041]  average training loss: 1274.7002
cellbender:remove-background: [epoch 042]  average training loss: 1279.4203
cellbender:remove-background: [epoch 043]  average training loss: 1280.9219
cellbender:remove-background: [epoch 044]  average training loss: 1277.2778
cellbender:remove-background: [epoch 045]  average training loss: 1277.6988
cellbender:remove-background: [epoch 045] average test loss: 1312.2920
cellbender:remove-background: [epoch 046]  average training loss: 1276.8130
cellbender:remove-background: [epoch 047]  average training loss: 1273.9422
cellbender:remove-background: [epoch 048]  average training loss: 1274.6834
cellbender:remove-background: [epoch 049]  average training loss: 1275.0941
cellbender:remove-background: [epoch 050]  average training loss: 1271.1727
cellbender:remove-background: [epoch 050] average test loss: 1314.3576
cellbender:remove-background: [epoch 051]  average training loss: 1274.9302
cellbender:remove-background: [epoch 052]  average training loss: 1273.8672
cellbender:remove-background: [epoch 053]  average training loss: 1274.8436
cellbender:remove-background: [epoch 054]  average training loss: 1273.3758
cellbender:remove-background: [epoch 055]  average training loss: 1276.1483
cellbender:remove-background: [epoch 055] average test loss: 1306.3983
cellbender:remove-background: [epoch 056]  average training loss: 1270.2716
cellbender:remove-background: [epoch 057]  average training loss: 1273.5085
cellbender:remove-background: [epoch 058]  average training loss: 1273.6800
cellbender:remove-background: [epoch 059]  average training loss: 1273.7551
cellbender:remove-background: [epoch 060]  average training loss: 1270.4475
cellbender:remove-background: [epoch 060] average test loss: 1304.5160
cellbender:remove-background: [epoch 061]  average training loss: 1267.8317
cellbender:remove-background: [epoch 062]  average training loss: 1273.5030
cellbender:remove-background: [epoch 063]  average training loss: 1270.9494
cellbender:remove-background: [epoch 064]  average training loss: 1272.1542
cellbender:remove-background: [epoch 065]  average training loss: 1266.2964
cellbender:remove-background: [epoch 065] average test loss: 1296.8677
cellbender:remove-background: [epoch 066]  average training loss: 1271.1564
cellbender:remove-background: [epoch 067]  average training loss: 1272.7134
cellbender:remove-background: [epoch 068]  average training loss: 1264.6021
cellbender:remove-background: [epoch 069]  average training loss: 1268.9212
cellbender:remove-background: [epoch 070]  average training loss: 1268.3484
cellbender:remove-background: [epoch 070] average test loss: 1296.7774
cellbender:remove-background: [epoch 071]  average training loss: 1269.3720
cellbender:remove-background: [epoch 072]  average training loss: 1271.1750
cellbender:remove-background: [epoch 073]  average training loss: 1270.2511
cellbender:remove-background: [epoch 074]  average training loss: 1267.0035
cellbender:remove-background: [epoch 075]  average training loss: 1261.8872
cellbender:remove-background: [epoch 075] average test loss: 1297.0239
cellbender:remove-background: [epoch 076]  average training loss: 1267.6349
cellbender:remove-background: [epoch 077]  average training loss: 1265.2112
cellbender:remove-background: [epoch 078]  average training loss: 1267.9651
cellbender:remove-background: [epoch 079]  average training loss: 1271.2176
cellbender:remove-background: [epoch 080]  average training loss: 1265.2749
cellbender:remove-background: [epoch 080] average test loss: 1293.2422
cellbender:remove-background: [epoch 081]  average training loss: 1268.1788
cellbender:remove-background: [epoch 082]  average training loss: 1265.5093
cellbender:remove-background: [epoch 083]  average training loss: 1267.8497
cellbender:remove-background: [epoch 084]  average training loss: 1264.6490
cellbender:remove-background: [epoch 085]  average training loss: 1267.2297
cellbender:remove-background: [epoch 085] average test loss: 1296.8589
cellbender:remove-background: [epoch 086]  average training loss: 1263.4718
cellbender:remove-background: [epoch 087]  average training loss: 1258.0701
cellbender:remove-background: [epoch 088]  average training loss: 1263.8726
cellbender:remove-background: [epoch 089]  average training loss: 1264.3490
cellbender:remove-background: [epoch 090]  average training loss: 1264.9525
cellbender:remove-background: [epoch 090] average test loss: 1290.2343
cellbender:remove-background: [epoch 091]  average training loss: 1263.1876
cellbender:remove-background: [epoch 092]  average training loss: 1267.2398
cellbender:remove-background: [epoch 093]  average training loss: 1262.4755
cellbender:remove-background: [epoch 094]  average training loss: 1261.2026
cellbender:remove-background: [epoch 095]  average training loss: 1261.3649
cellbender:remove-background: [epoch 095] average test loss: 1303.9545
cellbender:remove-background: [epoch 096]  average training loss: 1269.2356
cellbender:remove-background: [epoch 097]  average training loss: 1259.2089
cellbender:remove-background: [epoch 098]  average training loss: 1263.0019
cellbender:remove-background: [epoch 099]  average training loss: 1259.7315
cellbender:remove-background: [epoch 100]  average training loss: 1264.8545
cellbender:remove-background: [epoch 100] average test loss: 1290.0365
cellbender:remove-background: [epoch 101]  average training loss: 1259.8227
cellbender:remove-background: [epoch 102]  average training loss: 1267.9975
cellbender:remove-background: [epoch 103]  average training loss: 1261.5152
cellbender:remove-background: [epoch 104]  average training loss: 1262.1571
cellbender:remove-background: [epoch 105]  average training loss: 1262.9403
cellbender:remove-background: [epoch 105] average test loss: 1298.1108
cellbender:remove-background: [epoch 106]  average training loss: 1267.2572
cellbender:remove-background: [epoch 107]  average training loss: 1259.0276
cellbender:remove-background: [epoch 108]  average training loss: 1261.2379
cellbender:remove-background: [epoch 109]  average training loss: 1262.0260
cellbender:remove-background: [epoch 110]  average training loss: 1260.4440
cellbender:remove-background: [epoch 110] average test loss: 1298.2776
cellbender:remove-background: [epoch 111]  average training loss: 1260.5688
cellbender:remove-background: [epoch 112]  average training loss: 1259.7412
cellbender:remove-background: [epoch 113]  average training loss: 1264.0174
cellbender:remove-background: [epoch 114]  average training loss: 1259.6793
cellbender:remove-background: [epoch 115]  average training loss: 1261.1350
cellbender:remove-background: [epoch 115] average test loss: 1301.9328
cellbender:remove-background: [epoch 116]  average training loss: 1265.5608
cellbender:remove-background: [epoch 117]  average training loss: 1263.8582
cellbender:remove-background: [epoch 118]  average training loss: 1260.4181
cellbender:remove-background: [epoch 119]  average training loss: 1264.6547
cellbender:remove-background: [epoch 120]  average training loss: 1262.1184
cellbender:remove-background: [epoch 120] average test loss: 1290.5820
cellbender:remove-background: [epoch 121]  average training loss: 1257.3838
cellbender:remove-background: [epoch 122]  average training loss: 1264.3723
cellbender:remove-background: [epoch 123]  average training loss: 1264.8714
cellbender:remove-background: [epoch 124]  average training loss: 1257.6988
cellbender:remove-background: [epoch 125]  average training loss: 1262.0407
cellbender:remove-background: [epoch 125] average test loss: 1295.7560
cellbender:remove-background: [epoch 126]  average training loss: 1263.7295
cellbender:remove-background: [epoch 127]  average training loss: 1257.5123
cellbender:remove-background: [epoch 128]  average training loss: 1260.0402
cellbender:remove-background: [epoch 129]  average training loss: 1262.8650
cellbender:remove-background: [epoch 130]  average training loss: 1262.2266
cellbender:remove-background: [epoch 130] average test loss: 1294.8328
cellbender:remove-background: [epoch 131]  average training loss: 1260.0780
cellbender:remove-background: [epoch 132]  average training loss: 1260.9252
cellbender:remove-background: [epoch 133]  average training loss: 1263.4956
cellbender:remove-background: [epoch 134]  average training loss: 1262.0552
cellbender:remove-background: [epoch 135]  average training loss: 1261.3480
cellbender:remove-background: [epoch 135] average test loss: 1298.4068
cellbender:remove-background: [epoch 136]  average training loss: 1262.5522
cellbender:remove-background: [epoch 137]  average training loss: 1260.7566
cellbender:remove-background: [epoch 138]  average training loss: 1263.0000
cellbender:remove-background: [epoch 139]  average training loss: 1262.0275
cellbender:remove-background: [epoch 140]  average training loss: 1262.3347
cellbender:remove-background: [epoch 140] average test loss: 1292.5515
cellbender:remove-background: [epoch 141]  average training loss: 1261.5177
cellbender:remove-background: [epoch 142]  average training loss: 1262.2167
cellbender:remove-background: [epoch 143]  average training loss: 1261.5888
cellbender:remove-background: [epoch 144]  average training loss: 1263.2904
cellbender:remove-background: [epoch 145]  average training loss: 1261.7420
cellbender:remove-background: [epoch 145] average test loss: 1292.5469
cellbender:remove-background: [epoch 146]  average training loss: 1260.7684
cellbender:remove-background: [epoch 147]  average training loss: 1260.5171
cellbender:remove-background: [epoch 148]  average training loss: 1262.3863
cellbender:remove-background: [epoch 149]  average training loss: 1262.2673
cellbender:remove-background: [epoch 150]  average training loss: 1261.5612
cellbender:remove-background: [epoch 150] average test loss: 1293.2015
cellbender:remove-background: Saving a checkpoint...
cellbender:remove-background: Saved checkpoint as /weka/scratch/scratch/Mon/mabdel03/Tsai_Data/Cellbender_Outputs/10102206/ckpt.tar.gz
cellbender:remove-background: 2026-02-01 13:27:07
cellbender:remove-background: Inference procedure complete.
cellbender:remove-background: Attempting to unpack tarball "ckpt.tar.gz" to /tmp/tmpq1ft0dcn
cellbender:remove-background: Successfully unpacked tarball to /tmp/tmpq1ft0dcn
/tmp/tmpq1ft0dcn/4977b71236_random.pyro
/tmp/tmpq1ft0dcn/4977b71236_random.cuda
/tmp/tmpq1ft0dcn/4977b71236_model.torch
/tmp/tmpq1ft0dcn/4977b71236_optim.torch
/tmp/tmpq1ft0dcn/4977b71236_optim.pyro
/tmp/tmpq1ft0dcn/4977b71236_params.pyro
/tmp/tmpq1ft0dcn/4977b71236_train.loaderstate
/tmp/tmpq1ft0dcn/4977b71236_test.loaderstate
/tmp/tmpq1ft0dcn/4977b71236_args.npy
cellbender:remove-background: Posterior not currently included in checkpoint.
cellbender:remove-background: Computing posterior noise count probabilities in mini-batches.
cellbender:remove-background: Working on chunk (1/12)
cellbender:remove-background:     [0.03 mins per chunk]
cellbender:remove-background: Working on chunk (2/12)
cellbender:remove-background: Working on chunk (3/12)
cellbender:remove-background: Working on chunk (4/12)
cellbender:remove-background: Working on chunk (5/12)
cellbender:remove-background: Working on chunk (6/12)
cellbender:remove-background: Working on chunk (7/12)
cellbender:remove-background: Working on chunk (8/12)
cellbender:remove-background: Working on chunk (9/12)
cellbender:remove-background: Working on chunk (10/12)
cellbender:remove-background: Working on chunk (11/12)
cellbender:remove-background: Working on chunk (12/12)
cellbender:remove-background: Writing full posterior to /om/scratch/Mon/mabdel03/Tsai_Data/Cellbender_Outputs/10102206/processed_feature_bc_matrix_posterior.h5
cellbender:remove-background: Succeeded in writing posterior to file /om/scratch/Mon/mabdel03/Tsai_Data/Cellbender_Outputs/10102206/processed_feature_bc_matrix_posterior.h5
cellbender:remove-background: Added posterior object to checkpoint file.
cellbender:remove-background: 2026-02-01 13:28:56

cellbender:remove-background: Saved summary plots as /om/scratch/Mon/mabdel03/Tsai_Data/Cellbender_Outputs/10102206/processed_feature_bc_matrix.pdf
cellbender:remove-background: Saved cell barcodes in /om/scratch/Mon/mabdel03/Tsai_Data/Cellbender_Outputs/10102206/processed_feature_bc_matrix_cell_barcodes.csv
cellbender:remove-background: Computing target noise counts per gene for MCKP estimator
cellbender:remove-background: Using MCKP noise targets computed for FPR 0.0
cellbender:remove-background: Computing denoised counts using mckp estimator
cellbender:remove-background: Working on chunk (1/7)
cellbender:remove-background:     [0.13 mins per chunk]
cellbender:remove-background: Working on chunk (2/7)
cellbender:remove-background: Working on chunk (3/7)
cellbender:remove-background: Working on chunk (4/7)
cellbender:remove-background: Working on chunk (5/7)
cellbender:remove-background: Working on chunk (6/7)
cellbender:remove-background: Working on chunk (7/7)
cellbender:remove-background: 2026-02-01 13:29:51 Total MCKP estimation time = 51.99 sec
cellbender:remove-background: Succeeded in writing CellRanger format output to file /om/scratch/Mon/mabdel03/Tsai_Data/Cellbender_Outputs/10102206/processed_feature_bc_matrix.h5
cellbender:remove-background: Succeeded in writing CellRanger format output to file /om/scratch/Mon/mabdel03/Tsai_Data/Cellbender_Outputs/10102206/processed_feature_bc_matrix_filtered.h5
cellbender:remove-background: Saved output metrics as /om/scratch/Mon/mabdel03/Tsai_Data/Cellbender_Outputs/10102206/processed_feature_bc_matrix_metrics.csv
[NbConvertApp] Converting notebook tmp.report.ipynb to notebook
[NbConvertApp] Writing 425525 bytes to tmp.report.nbconvert.ipynb
[NbConvertApp] Converting notebook tmp.report.nbconvert.ipynb to html
[NbConvertApp] Writing 1000212 bytes to tmp.report.nbconvert.html
cellbender:remove-background: Succeeded in writing report to /om/scratch/Mon/mabdel03/Tsai_Data/Cellbender_Outputs/10102206/processed_feature_bc_matrix_report.html
cellbender:remove-background: Completed remove-background.
cellbender:remove-background: 2026-02-01 13:30:15

