cellbender:remove-background: Command:
cellbender remove-background --cuda --input /tmp/cellbender_44648919_69/raw_feature_bc_matrix.h5 --fpr 0 --output /om/scratch/Mon/mabdel03/Tsai_Data/Cellbender_Outputs/11606935/processed_feature_bc_matrix.h5
cellbender:remove-background: CellBender 0.3.0
cellbender:remove-background: (Workflow hash db3948b5d7)
cellbender:remove-background: 2026-01-31 18:13:50
cellbender:remove-background: Running remove-background
cellbender:remove-background: Loading data from /tmp/cellbender_44648919_69/raw_feature_bc_matrix.h5
cellbender:remove-background: CellRanger v3 format
cellbender:remove-background: Features in dataset: 36601 Gene Expression
cellbender:remove-background: Trimming features for inference.
cellbender:remove-background: 31706 features have nonzero counts.
cellbender:remove-background: Prior on counts for cells is 9066
cellbender:remove-background: Prior on counts for empty droplets is 146
cellbender:remove-background: Excluding 9740 features that are estimated to have <= 0.1 background counts in cells.
cellbender:remove-background: Including 21966 features in the analysis.
cellbender:remove-background: Trimming barcodes for inference.
cellbender:remove-background: Excluding barcodes with counts below 73
cellbender:remove-background: Using 2818 probable cell barcodes, plus an additional 8461 barcodes, and 62874 empty droplets.
cellbender:remove-background: Largest surely-empty droplet has 179 UMI counts.
cellbender:remove-background: Attempting to unpack tarball "ckpt.tar.gz" to /tmp/tmpkpogsfks
cellbender:remove-background: No saved checkpoint.
cellbender:remove-background: No checkpoint loaded.
cellbender:remove-background: Running inference...
cellbender:remove-background: [epoch 001]  average training loss: 10741.9804
cellbender:remove-background: [epoch 002]  average training loss: 9359.0804  (4.0 seconds per epoch)
cellbender:remove-background: Will checkpoint every 106 epochs
cellbender:remove-background: [epoch 003]  average training loss: 8051.5237
cellbender:remove-background: [epoch 004]  average training loss: 7348.0996
cellbender:remove-background: [epoch 005]  average training loss: 6808.8233
cellbender:remove-background: [epoch 005] average test loss: 7063.6209
cellbender:remove-background: [epoch 006]  average training loss: 6434.2276
cellbender:remove-background: [epoch 007]  average training loss: 6174.3072
cellbender:remove-background: [epoch 008]  average training loss: 6099.8727
cellbender:remove-background: [epoch 009]  average training loss: 6098.3426
cellbender:remove-background: [epoch 010]  average training loss: 6032.7742
cellbender:remove-background: [epoch 010] average test loss: 6053.6817
cellbender:remove-background: [epoch 011]  average training loss: 6003.6498
cellbender:remove-background: [epoch 012]  average training loss: 6031.7939
cellbender:remove-background: [epoch 013]  average training loss: 5986.0236
cellbender:remove-background: [epoch 014]  average training loss: 5947.7486
cellbender:remove-background: [epoch 015]  average training loss: 5917.3692
cellbender:remove-background: [epoch 015] average test loss: 5960.1674
cellbender:remove-background: [epoch 016]  average training loss: 5753.3735
cellbender:remove-background: [epoch 017]  average training loss: 5717.2320
cellbender:remove-background: [epoch 018]  average training loss: 5698.9324
cellbender:remove-background: [epoch 019]  average training loss: 5692.9087
cellbender:remove-background: [epoch 020]  average training loss: 5659.7198
cellbender:remove-background: [epoch 020] average test loss: 5619.9386
cellbender:remove-background: [epoch 021]  average training loss: 5653.4722
cellbender:remove-background: [epoch 022]  average training loss: 5638.6706
cellbender:remove-background: [epoch 023]  average training loss: 5623.6737
cellbender:remove-background: [epoch 024]  average training loss: 5621.2009
cellbender:remove-background: [epoch 025]  average training loss: 5598.5417
cellbender:remove-background: [epoch 025] average test loss: 5484.8192
cellbender:remove-background: [epoch 026]  average training loss: 5582.1482
cellbender:remove-background: [epoch 027]  average training loss: 5577.3931
cellbender:remove-background: [epoch 028]  average training loss: 5544.5117
cellbender:remove-background: [epoch 029]  average training loss: 5519.6530
cellbender:remove-background: [epoch 030]  average training loss: 5499.9282
cellbender:remove-background: [epoch 030] average test loss: 5401.6498
cellbender:remove-background: [epoch 031]  average training loss: 5488.6724
cellbender:remove-background: [epoch 032]  average training loss: 5471.4095
cellbender:remove-background: [epoch 033]  average training loss: 5463.8266
cellbender:remove-background: [epoch 034]  average training loss: 5449.1241
cellbender:remove-background: [epoch 035]  average training loss: 5449.4096
cellbender:remove-background: [epoch 035] average test loss: 5378.3255
cellbender:remove-background: [epoch 036]  average training loss: 5447.8148
cellbender:remove-background: [epoch 037]  average training loss: 5433.7021
cellbender:remove-background: [epoch 038]  average training loss: 5432.4045
cellbender:remove-background: [epoch 039]  average training loss: 5431.4360
cellbender:remove-background: [epoch 040]  average training loss: 5428.0455
cellbender:remove-background: [epoch 040] average test loss: 5359.6795
cellbender:remove-background: [epoch 041]  average training loss: 5425.2413
cellbender:remove-background: [epoch 042]  average training loss: 5421.6319
cellbender:remove-background: [epoch 043]  average training loss: 5415.4555
cellbender:remove-background: [epoch 044]  average training loss: 5416.4305
cellbender:remove-background: [epoch 045]  average training loss: 5410.9144
cellbender:remove-background: [epoch 045] average test loss: 5331.1115
cellbender:remove-background: [epoch 046]  average training loss: 5406.2192
cellbender:remove-background: [epoch 047]  average training loss: 5405.1417
cellbender:remove-background: [epoch 048]  average training loss: 5403.2892
cellbender:remove-background: [epoch 049]  average training loss: 5397.3702
cellbender:remove-background: [epoch 050]  average training loss: 5393.9360
cellbender:remove-background: [epoch 050] average test loss: 5340.6224
cellbender:remove-background: [epoch 051]  average training loss: 5395.2241
cellbender:remove-background: [epoch 052]  average training loss: 5390.9100
cellbender:remove-background: [epoch 053]  average training loss: 5390.7929
cellbender:remove-background: [epoch 054]  average training loss: 5384.2961
cellbender:remove-background: [epoch 055]  average training loss: 5390.6507
cellbender:remove-background: [epoch 055] average test loss: 5313.8456
cellbender:remove-background: [epoch 056]  average training loss: 5381.4766
cellbender:remove-background: [epoch 057]  average training loss: 5375.3692
cellbender:remove-background: [epoch 058]  average training loss: 5373.3470
cellbender:remove-background: [epoch 059]  average training loss: 5367.3835
cellbender:remove-background: [epoch 060]  average training loss: 5363.7832
cellbender:remove-background: [epoch 060] average test loss: 5294.3959
cellbender:remove-background: [epoch 061]  average training loss: 5357.3987
cellbender:remove-background: [epoch 062]  average training loss: 5359.7203
cellbender:remove-background: [epoch 063]  average training loss: 5355.5297
cellbender:remove-background: [epoch 064]  average training loss: 5354.5862
cellbender:remove-background: [epoch 065]  average training loss: 5349.9558
cellbender:remove-background: [epoch 065] average test loss: 5297.2587
cellbender:remove-background: [epoch 066]  average training loss: 5347.3791
cellbender:remove-background: [epoch 067]  average training loss: 5350.6984
cellbender:remove-background: [epoch 068]  average training loss: 5356.7630
cellbender:remove-background: [epoch 069]  average training loss: 5349.8570
cellbender:remove-background: [epoch 070]  average training loss: 5351.4129
cellbender:remove-background: [epoch 070] average test loss: 5321.6201
cellbender:remove-background: [epoch 071]  average training loss: 5348.7670
cellbender:remove-background: [epoch 072]  average training loss: 5337.9388
cellbender:remove-background: [epoch 073]  average training loss: 5339.2536
cellbender:remove-background: [epoch 074]  average training loss: 5350.5822
cellbender:remove-background: [epoch 075]  average training loss: 5340.7371
cellbender:remove-background: [epoch 075] average test loss: 5279.6200
cellbender:remove-background: [epoch 076]  average training loss: 5341.3427
cellbender:remove-background: [epoch 077]  average training loss: 5333.0123
cellbender:remove-background: [epoch 078]  average training loss: 5341.6746
cellbender:remove-background: [epoch 079]  average training loss: 5342.0661
cellbender:remove-background: [epoch 080]  average training loss: 5332.5799
cellbender:remove-background: [epoch 080] average test loss: 5275.7540
cellbender:remove-background: [epoch 081]  average training loss: 5328.9229
cellbender:remove-background: [epoch 082]  average training loss: 5327.6118
cellbender:remove-background: [epoch 083]  average training loss: 5329.5500
cellbender:remove-background: [epoch 084]  average training loss: 5329.7681
cellbender:remove-background: [epoch 085]  average training loss: 5318.7000
cellbender:remove-background: [epoch 085] average test loss: 5311.7282
cellbender:remove-background: [epoch 086]  average training loss: 5329.2597
cellbender:remove-background: [epoch 087]  average training loss: 5331.3175
cellbender:remove-background: [epoch 088]  average training loss: 5327.1744
cellbender:remove-background: [epoch 089]  average training loss: 5330.3938
cellbender:remove-background: [epoch 090]  average training loss: 5322.4238
cellbender:remove-background: [epoch 090] average test loss: 5266.0697
cellbender:remove-background: [epoch 091]  average training loss: 5326.4524
cellbender:remove-background: [epoch 092]  average training loss: 5343.8736
cellbender:remove-background: [epoch 093]  average training loss: 5330.7155
cellbender:remove-background: [epoch 094]  average training loss: 5331.1167
cellbender:remove-background: [epoch 095]  average training loss: 5333.8010
cellbender:remove-background: [epoch 095] average test loss: 5258.4933
cellbender:remove-background: [epoch 096]  average training loss: 5329.5838
cellbender:remove-background: [epoch 097]  average training loss: 5325.7545
cellbender:remove-background: [epoch 098]  average training loss: 5329.0916
cellbender:remove-background: [epoch 099]  average training loss: 5329.6390
cellbender:remove-background: [epoch 100]  average training loss: 5323.4866
cellbender:remove-background: [epoch 100] average test loss: 5307.1852
cellbender:remove-background: [epoch 101]  average training loss: 5321.9122
cellbender:remove-background: [epoch 102]  average training loss: 5322.5290
cellbender:remove-background: [epoch 103]  average training loss: 5322.1335
cellbender:remove-background: [epoch 104]  average training loss: 5338.0365
cellbender:remove-background: [epoch 105]  average training loss: 5341.8549
cellbender:remove-background: [epoch 105] average test loss: 5277.3302
cellbender:remove-background: [epoch 106]  average training loss: 5329.4113
cellbender:remove-background: Saving a checkpoint...
cellbender:remove-background: Saved checkpoint as /weka/scratch/scratch/Mon/mabdel03/Tsai_Data/Cellbender_Outputs/11606935/ckpt.tar.gz
cellbender:remove-background: [epoch 107]  average training loss: 5334.4816
cellbender:remove-background: [epoch 108]  average training loss: 5319.3673
cellbender:remove-background: [epoch 109]  average training loss: 5321.9038
cellbender:remove-background: [epoch 110]  average training loss: 5322.5579
cellbender:remove-background: [epoch 110] average test loss: 5311.1638
cellbender:remove-background: [epoch 111]  average training loss: 5316.2718
cellbender:remove-background: [epoch 112]  average training loss: 5319.6325
cellbender:remove-background: [epoch 113]  average training loss: 5311.4794
cellbender:remove-background: [epoch 114]  average training loss: 5319.5132
cellbender:remove-background: [epoch 115]  average training loss: 5313.6173
cellbender:remove-background: [epoch 115] average test loss: 5301.2143
cellbender:remove-background: [epoch 116]  average training loss: 5315.2706
cellbender:remove-background: [epoch 117]  average training loss: 5313.7825
cellbender:remove-background: [epoch 118]  average training loss: 5317.8864
cellbender:remove-background: [epoch 119]  average training loss: 5312.2912
cellbender:remove-background: [epoch 120]  average training loss: 5320.8337
cellbender:remove-background: [epoch 120] average test loss: 5292.5333
cellbender:remove-background: [epoch 121]  average training loss: 5323.1164
cellbender:remove-background: [epoch 122]  average training loss: 5303.7315
cellbender:remove-background: [epoch 123]  average training loss: 5317.8176
cellbender:remove-background: [epoch 124]  average training loss: 5310.3096
cellbender:remove-background: [epoch 125]  average training loss: 5302.8806
cellbender:remove-background: [epoch 125] average test loss: 5288.4567
cellbender:remove-background: [epoch 126]  average training loss: 5315.6373
cellbender:remove-background: [epoch 127]  average training loss: 5310.6537
cellbender:remove-background: [epoch 128]  average training loss: 5315.5678
cellbender:remove-background: [epoch 129]  average training loss: 5303.8545
cellbender:remove-background: [epoch 130]  average training loss: 5314.8371
cellbender:remove-background: [epoch 130] average test loss: 5306.0475
cellbender:remove-background: [epoch 131]  average training loss: 5300.8771
cellbender:remove-background: [epoch 132]  average training loss: 5298.5358
cellbender:remove-background: [epoch 133]  average training loss: 5328.0316
cellbender:remove-background: [epoch 134]  average training loss: 5304.1870
cellbender:remove-background: [epoch 135]  average training loss: 5316.1072
cellbender:remove-background: [epoch 135] average test loss: 5304.5987
cellbender:remove-background: [epoch 136]  average training loss: 5299.6337
cellbender:remove-background: [epoch 137]  average training loss: 5310.5815
cellbender:remove-background: [epoch 138]  average training loss: 5301.9438
cellbender:remove-background: [epoch 139]  average training loss: 5315.6490
cellbender:remove-background: [epoch 140]  average training loss: 5308.8957
cellbender:remove-background: [epoch 140] average test loss: 5286.2226
cellbender:remove-background: [epoch 141]  average training loss: 5317.2962
cellbender:remove-background: [epoch 142]  average training loss: 5313.5044
cellbender:remove-background: [epoch 143]  average training loss: 5306.8790
cellbender:remove-background: [epoch 144]  average training loss: 5301.6896
cellbender:remove-background: [epoch 145]  average training loss: 5301.6334
cellbender:remove-background: [epoch 145] average test loss: 5304.5781
cellbender:remove-background: [epoch 146]  average training loss: 5300.1765
cellbender:remove-background: [epoch 147]  average training loss: 5309.8205
cellbender:remove-background: [epoch 148]  average training loss: 5303.5465
cellbender:remove-background: [epoch 149]  average training loss: 5300.4374
cellbender:remove-background: [epoch 150]  average training loss: 5306.8082
cellbender:remove-background: [epoch 150] average test loss: 5287.4759
cellbender:remove-background: Saving a checkpoint...
cellbender:remove-background: Saved checkpoint as /weka/scratch/scratch/Mon/mabdel03/Tsai_Data/Cellbender_Outputs/11606935/ckpt.tar.gz
cellbender:remove-background: 2026-01-31 18:26:44
cellbender:remove-background: Inference procedure complete.
cellbender:remove-background: Attempting to unpack tarball "ckpt.tar.gz" to /tmp/tmpnxt1a4a3
cellbender:remove-background: Successfully unpacked tarball to /tmp/tmpnxt1a4a3
/tmp/tmpnxt1a4a3/db3948b5d7_random.pyro
/tmp/tmpnxt1a4a3/db3948b5d7_random.cuda
/tmp/tmpnxt1a4a3/db3948b5d7_model.torch
/tmp/tmpnxt1a4a3/db3948b5d7_optim.torch
/tmp/tmpnxt1a4a3/db3948b5d7_optim.pyro
/tmp/tmpnxt1a4a3/db3948b5d7_params.pyro
/tmp/tmpnxt1a4a3/db3948b5d7_train.loaderstate
/tmp/tmpnxt1a4a3/db3948b5d7_test.loaderstate
/tmp/tmpnxt1a4a3/db3948b5d7_args.npy
cellbender:remove-background: Posterior not currently included in checkpoint.
cellbender:remove-background: Computing posterior noise count probabilities in mini-batches.
cellbender:remove-background: Working on chunk (1/48)
cellbender:remove-background:     [0.04 mins per chunk]
cellbender:remove-background: Working on chunk (2/48)
cellbender:remove-background: Working on chunk (3/48)
cellbender:remove-background: Working on chunk (4/48)
cellbender:remove-background: Working on chunk (5/48)
cellbender:remove-background: Working on chunk (6/48)
cellbender:remove-background: Working on chunk (7/48)
cellbender:remove-background: Working on chunk (8/48)
cellbender:remove-background: Working on chunk (9/48)
cellbender:remove-background: Working on chunk (10/48)
cellbender:remove-background: Working on chunk (11/48)
cellbender:remove-background: Working on chunk (12/48)
cellbender:remove-background: Working on chunk (13/48)
cellbender:remove-background: Working on chunk (14/48)
cellbender:remove-background: Working on chunk (15/48)
cellbender:remove-background: Working on chunk (16/48)
cellbender:remove-background: Working on chunk (17/48)
cellbender:remove-background: Working on chunk (18/48)
cellbender:remove-background: Working on chunk (19/48)
cellbender:remove-background: Working on chunk (20/48)
cellbender:remove-background: Working on chunk (21/48)
cellbender:remove-background: Working on chunk (22/48)
cellbender:remove-background: Working on chunk (23/48)
cellbender:remove-background: Working on chunk (24/48)
cellbender:remove-background: Working on chunk (25/48)
cellbender:remove-background: Working on chunk (26/48)
cellbender:remove-background: Working on chunk (27/48)
cellbender:remove-background: Working on chunk (28/48)
cellbender:remove-background: Working on chunk (29/48)
cellbender:remove-background: Working on chunk (30/48)
cellbender:remove-background: Working on chunk (31/48)
cellbender:remove-background: Working on chunk (32/48)
cellbender:remove-background: Working on chunk (33/48)
cellbender:remove-background: Working on chunk (34/48)
cellbender:remove-background: Working on chunk (35/48)
cellbender:remove-background: Working on chunk (36/48)
cellbender:remove-background: Working on chunk (37/48)
cellbender:remove-background: Working on chunk (38/48)
cellbender:remove-background: Working on chunk (39/48)
cellbender:remove-background: Working on chunk (40/48)
cellbender:remove-background: Working on chunk (41/48)
cellbender:remove-background: Working on chunk (42/48)
cellbender:remove-background: Working on chunk (43/48)
cellbender:remove-background: Working on chunk (44/48)
cellbender:remove-background: Working on chunk (45/48)
cellbender:remove-background: Working on chunk (46/48)
cellbender:remove-background: Working on chunk (47/48)
cellbender:remove-background: Working on chunk (48/48)
cellbender:remove-background: Writing full posterior to /om/scratch/Mon/mabdel03/Tsai_Data/Cellbender_Outputs/11606935/processed_feature_bc_matrix_posterior.h5
cellbender:remove-background: Succeeded in writing posterior to file /om/scratch/Mon/mabdel03/Tsai_Data/Cellbender_Outputs/11606935/processed_feature_bc_matrix_posterior.h5
cellbender:remove-background: Added posterior object to checkpoint file.
cellbender:remove-background: 2026-01-31 18:31:36

cellbender:remove-background: Saved summary plots as /om/scratch/Mon/mabdel03/Tsai_Data/Cellbender_Outputs/11606935/processed_feature_bc_matrix.pdf
cellbender:remove-background: Saved cell barcodes in /om/scratch/Mon/mabdel03/Tsai_Data/Cellbender_Outputs/11606935/processed_feature_bc_matrix_cell_barcodes.csv
cellbender:remove-background: Computing target noise counts per gene for MCKP estimator
cellbender:remove-background: Using MCKP noise targets computed for FPR 0.0
cellbender:remove-background: Computing denoised counts using mckp estimator
cellbender:remove-background: Working on chunk (1/7)
cellbender:remove-background:     [2.22 mins per chunk]
cellbender:remove-background: Working on chunk (2/7)
cellbender:remove-background: Working on chunk (3/7)
cellbender:remove-background: Working on chunk (4/7)
cellbender:remove-background: Working on chunk (5/7)
cellbender:remove-background: Working on chunk (6/7)
cellbender:remove-background: Working on chunk (7/7)
cellbender:remove-background: 2026-01-31 18:47:51 Total MCKP estimation time = 933.72 sec
cellbender:remove-background: Succeeded in writing CellRanger format output to file /om/scratch/Mon/mabdel03/Tsai_Data/Cellbender_Outputs/11606935/processed_feature_bc_matrix.h5
cellbender:remove-background: Succeeded in writing CellRanger format output to file /om/scratch/Mon/mabdel03/Tsai_Data/Cellbender_Outputs/11606935/processed_feature_bc_matrix_filtered.h5
cellbender:remove-background: Saved output metrics as /om/scratch/Mon/mabdel03/Tsai_Data/Cellbender_Outputs/11606935/processed_feature_bc_matrix_metrics.csv
[NbConvertApp] Converting notebook tmp.report.ipynb to notebook
[NbConvertApp] Writing 473120 bytes to tmp.report.nbconvert.ipynb
[NbConvertApp] Converting notebook tmp.report.nbconvert.ipynb to html
[NbConvertApp] Writing 1047807 bytes to tmp.report.nbconvert.html
cellbender:remove-background: Succeeded in writing report to /om/scratch/Mon/mabdel03/Tsai_Data/Cellbender_Outputs/11606935/processed_feature_bc_matrix_report.html
cellbender:remove-background: Completed remove-background.
cellbender:remove-background: 2026-01-31 18:48:40

