cellbender:remove-background: Command:
cellbender remove-background --cuda --input /om/scratch/Mon/mabdel03/Tsai_Data/Cellranger_Outputs/50101523/outs/raw_feature_bc_matrix.h5 --fpr 0 --output /om/scratch/Mon/mabdel03/Tsai_Data/Cellbender_Outputs/50101523/processed_feature_bc_matrix.h5
cellbender:remove-background: CellBender 0.3.0
cellbender:remove-background: (Workflow hash 0b1fc29af7)
cellbender:remove-background: 2026-02-01 21:14:12
cellbender:remove-background: Running remove-background
cellbender:remove-background: Loading data from /om/scratch/Mon/mabdel03/Tsai_Data/Cellranger_Outputs/50101523/outs/raw_feature_bc_matrix.h5
cellbender:remove-background: CellRanger v3 format
cellbender:remove-background: Features in dataset: 36601 Gene Expression
cellbender:remove-background: Trimming features for inference.
cellbender:remove-background: 29582 features have nonzero counts.
cellbender:remove-background: Prior on counts for cells is 382
cellbender:remove-background: Prior on counts for empty droplets is 19
cellbender:remove-background: Excluding 12391 features that are estimated to have <= 0.1 background counts in cells.
cellbender:remove-background: Including 17191 features in the analysis.
cellbender:remove-background: Trimming barcodes for inference.
cellbender:remove-background: Excluding barcodes with counts below 9
cellbender:remove-background: Using 4619 probable cell barcodes, plus an additional 13022 barcodes, and 37269 empty droplets.
cellbender:remove-background: Largest surely-empty droplet has 29 UMI counts.
cellbender:remove-background: Attempting to unpack tarball "ckpt.tar.gz" to /tmp/tmp5hfct0x5
cellbender:remove-background: No saved checkpoint.
cellbender:remove-background: No checkpoint loaded.
cellbender:remove-background: Running inference...
cellbender:remove-background: [epoch 001]  average training loss: 2471.6967
cellbender:remove-background: [epoch 002]  average training loss: 2127.3752  (4.8 seconds per epoch)
cellbender:remove-background: Will checkpoint every 88 epochs
cellbender:remove-background: [epoch 003]  average training loss: 1921.0199
cellbender:remove-background: [epoch 004]  average training loss: 1809.6719
cellbender:remove-background: [epoch 005]  average training loss: 1733.8672
cellbender:remove-background: [epoch 005] average test loss: 1751.0936
cellbender:remove-background: [epoch 006]  average training loss: 1728.2034
cellbender:remove-background: [epoch 007]  average training loss: 1709.0613
cellbender:remove-background: [epoch 008]  average training loss: 1704.4702
cellbender:remove-background: [epoch 009]  average training loss: 1693.0664
cellbender:remove-background: [epoch 010]  average training loss: 1694.5098
cellbender:remove-background: [epoch 010] average test loss: 1714.6696
cellbender:remove-background: [epoch 011]  average training loss: 1691.4436
cellbender:remove-background: [epoch 012]  average training loss: 1687.9075
cellbender:remove-background: [epoch 013]  average training loss: 1683.9111
cellbender:remove-background: [epoch 014]  average training loss: 1685.0850
cellbender:remove-background: [epoch 015]  average training loss: 1681.4413
cellbender:remove-background: [epoch 015] average test loss: 1707.7236
cellbender:remove-background: [epoch 016]  average training loss: 1682.8740
cellbender:remove-background: [epoch 017]  average training loss: 1677.7511
cellbender:remove-background: [epoch 018]  average training loss: 1677.2610
cellbender:remove-background: [epoch 019]  average training loss: 1680.5289
cellbender:remove-background: [epoch 020]  average training loss: 1678.2503
cellbender:remove-background: [epoch 020] average test loss: 1702.1849
cellbender:remove-background: [epoch 021]  average training loss: 1672.0497
cellbender:remove-background: [epoch 022]  average training loss: 1670.1694
cellbender:remove-background: [epoch 023]  average training loss: 1672.2998
cellbender:remove-background: [epoch 024]  average training loss: 1661.0937
cellbender:remove-background: [epoch 025]  average training loss: 1647.4059
cellbender:remove-background: [epoch 025] average test loss: 1662.4528
cellbender:remove-background: [epoch 026]  average training loss: 1639.2983
cellbender:remove-background: [epoch 027]  average training loss: 1629.5176
cellbender:remove-background: [epoch 028]  average training loss: 1626.3860
cellbender:remove-background: [epoch 029]  average training loss: 1622.2369
cellbender:remove-background: [epoch 030]  average training loss: 1620.8610
cellbender:remove-background: [epoch 030] average test loss: 1641.4872
cellbender:remove-background: [epoch 031]  average training loss: 1618.3844
cellbender:remove-background: [epoch 032]  average training loss: 1616.0100
cellbender:remove-background: [epoch 033]  average training loss: 1613.2660
cellbender:remove-background: [epoch 034]  average training loss: 1612.1882
cellbender:remove-background: [epoch 035]  average training loss: 1611.5630
cellbender:remove-background: [epoch 035] average test loss: 1634.5503
cellbender:remove-background: [epoch 036]  average training loss: 1608.9909
cellbender:remove-background: [epoch 037]  average training loss: 1607.8012
cellbender:remove-background: [epoch 038]  average training loss: 1607.3139
cellbender:remove-background: [epoch 039]  average training loss: 1605.3199
cellbender:remove-background: [epoch 040]  average training loss: 1604.0548
cellbender:remove-background: [epoch 040] average test loss: 1620.0880
cellbender:remove-background: [epoch 041]  average training loss: 1602.7329
cellbender:remove-background: [epoch 042]  average training loss: 1601.3070
cellbender:remove-background: [epoch 043]  average training loss: 1601.1632
cellbender:remove-background: [epoch 044]  average training loss: 1600.5151
cellbender:remove-background: [epoch 045]  average training loss: 1599.9203
cellbender:remove-background: [epoch 045] average test loss: 1617.2222
cellbender:remove-background: [epoch 046]  average training loss: 1599.7132
cellbender:remove-background: [epoch 047]  average training loss: 1597.0016
cellbender:remove-background: [epoch 048]  average training loss: 1597.7144
cellbender:remove-background: [epoch 049]  average training loss: 1595.0981
cellbender:remove-background: [epoch 050]  average training loss: 1594.7742
cellbender:remove-background: [epoch 050] average test loss: 1608.7997
cellbender:remove-background: [epoch 051]  average training loss: 1592.2458
cellbender:remove-background: [epoch 052]  average training loss: 1593.3437
cellbender:remove-background: [epoch 053]  average training loss: 1591.1181
cellbender:remove-background: [epoch 054]  average training loss: 1592.2048
cellbender:remove-background: [epoch 055]  average training loss: 1590.4254
cellbender:remove-background: [epoch 055] average test loss: 1612.5144
cellbender:remove-background: [epoch 056]  average training loss: 1589.8961
cellbender:remove-background: [epoch 057]  average training loss: 1588.2504
cellbender:remove-background: [epoch 058]  average training loss: 1588.1303
cellbender:remove-background: [epoch 059]  average training loss: 1587.3728
cellbender:remove-background: [epoch 060]  average training loss: 1586.2664
cellbender:remove-background: [epoch 060] average test loss: 1607.4817
cellbender:remove-background: [epoch 061]  average training loss: 1586.7027
cellbender:remove-background: [epoch 062]  average training loss: 1585.8237
cellbender:remove-background: [epoch 063]  average training loss: 1584.5143
cellbender:remove-background: [epoch 064]  average training loss: 1585.8227
cellbender:remove-background: [epoch 065]  average training loss: 1583.3815
cellbender:remove-background: [epoch 065] average test loss: 1605.8506
cellbender:remove-background: [epoch 066]  average training loss: 1583.7216
cellbender:remove-background: [epoch 067]  average training loss: 1583.8363
cellbender:remove-background: [epoch 068]  average training loss: 1583.7243
cellbender:remove-background: [epoch 069]  average training loss: 1581.6111
cellbender:remove-background: [epoch 070]  average training loss: 1583.0201
cellbender:remove-background: [epoch 070] average test loss: 1610.1951
cellbender:remove-background: [epoch 071]  average training loss: 1582.9539
cellbender:remove-background: [epoch 072]  average training loss: 1580.8753
cellbender:remove-background: [epoch 073]  average training loss: 1581.7565
cellbender:remove-background: [epoch 074]  average training loss: 1581.2030
cellbender:remove-background: [epoch 075]  average training loss: 1580.4142
cellbender:remove-background: [epoch 075] average test loss: 1599.1350
cellbender:remove-background: [epoch 076]  average training loss: 1580.8511
cellbender:remove-background: [epoch 077]  average training loss: 1579.8909
cellbender:remove-background: [epoch 078]  average training loss: 1579.5242
cellbender:remove-background: [epoch 079]  average training loss: 1580.3480
cellbender:remove-background: [epoch 080]  average training loss: 1579.0817
cellbender:remove-background: [epoch 080] average test loss: 1600.9179
cellbender:remove-background: [epoch 081]  average training loss: 1577.6159
cellbender:remove-background: [epoch 082]  average training loss: 1579.0285
cellbender:remove-background: [epoch 083]  average training loss: 1577.8108
cellbender:remove-background: [epoch 084]  average training loss: 1578.5228
cellbender:remove-background: [epoch 085]  average training loss: 1579.8109
cellbender:remove-background: [epoch 085] average test loss: 1603.2485
cellbender:remove-background: [epoch 086]  average training loss: 1576.9776
cellbender:remove-background: [epoch 087]  average training loss: 1575.7169
cellbender:remove-background: [epoch 088]  average training loss: 1577.5494
cellbender:remove-background: Saving a checkpoint...
cellbender:remove-background: Saved checkpoint as /weka/scratch/scratch/Mon/mabdel03/Tsai_Data/Cellbender_Outputs/50101523/ckpt.tar.gz
cellbender:remove-background: [epoch 089]  average training loss: 1577.0108
cellbender:remove-background: [epoch 090]  average training loss: 1576.1677
cellbender:remove-background: [epoch 090] average test loss: 1601.6517
cellbender:remove-background: [epoch 091]  average training loss: 1575.5821
cellbender:remove-background: [epoch 092]  average training loss: 1575.9127
cellbender:remove-background: [epoch 093]  average training loss: 1577.1775
cellbender:remove-background: [epoch 094]  average training loss: 1574.9313
cellbender:remove-background: [epoch 095]  average training loss: 1574.3090
cellbender:remove-background: [epoch 095] average test loss: 1598.6808
cellbender:remove-background: [epoch 096]  average training loss: 1576.0208
cellbender:remove-background: [epoch 097]  average training loss: 1574.7261
cellbender:remove-background: [epoch 098]  average training loss: 1574.0871
cellbender:remove-background: [epoch 099]  average training loss: 1574.2482
cellbender:remove-background: [epoch 100]  average training loss: 1575.1876
cellbender:remove-background: [epoch 100] average test loss: 1605.0825
cellbender:remove-background: [epoch 101]  average training loss: 1574.9521
cellbender:remove-background: [epoch 102]  average training loss: 1574.3486
cellbender:remove-background: [epoch 103]  average training loss: 1572.9669
cellbender:remove-background: [epoch 104]  average training loss: 1573.7080
cellbender:remove-background: [epoch 105]  average training loss: 1572.5578
cellbender:remove-background: [epoch 105] average test loss: 1599.3652
cellbender:remove-background: [epoch 106]  average training loss: 1573.6758
cellbender:remove-background: [epoch 107]  average training loss: 1572.5533
cellbender:remove-background: [epoch 108]  average training loss: 1572.4447
cellbender:remove-background: [epoch 109]  average training loss: 1573.7708
cellbender:remove-background: [epoch 110]  average training loss: 1572.5894
cellbender:remove-background: [epoch 110] average test loss: 1597.6995
cellbender:remove-background: [epoch 111]  average training loss: 1572.0317
cellbender:remove-background: [epoch 112]  average training loss: 1572.1342
cellbender:remove-background: [epoch 113]  average training loss: 1572.7161
cellbender:remove-background: [epoch 114]  average training loss: 1571.9574
cellbender:remove-background: [epoch 115]  average training loss: 1572.1889
cellbender:remove-background: [epoch 115] average test loss: 1598.1294
cellbender:remove-background: [epoch 116]  average training loss: 1571.6442
cellbender:remove-background: [epoch 117]  average training loss: 1571.5216
cellbender:remove-background: [epoch 118]  average training loss: 1572.3996
cellbender:remove-background: [epoch 119]  average training loss: 1571.4812
cellbender:remove-background: [epoch 120]  average training loss: 1571.5319
cellbender:remove-background: [epoch 120] average test loss: 1597.0930
cellbender:remove-background: [epoch 121]  average training loss: 1570.7822
cellbender:remove-background: [epoch 122]  average training loss: 1571.1979
cellbender:remove-background: [epoch 123]  average training loss: 1570.1526
cellbender:remove-background: [epoch 124]  average training loss: 1571.6314
cellbender:remove-background: [epoch 125]  average training loss: 1570.7027
cellbender:remove-background: [epoch 125] average test loss: 1597.4682
cellbender:remove-background: [epoch 126]  average training loss: 1570.6252
cellbender:remove-background: [epoch 127]  average training loss: 1571.3036
cellbender:remove-background: [epoch 128]  average training loss: 1570.9226
cellbender:remove-background: [epoch 129]  average training loss: 1570.5174
cellbender:remove-background: [epoch 130]  average training loss: 1570.8108
cellbender:remove-background: [epoch 130] average test loss: 1600.7475
cellbender:remove-background: [epoch 131]  average training loss: 1570.7338
cellbender:remove-background: [epoch 132]  average training loss: 1569.3690
cellbender:remove-background: [epoch 133]  average training loss: 1569.5539
cellbender:remove-background: [epoch 134]  average training loss: 1570.2633
cellbender:remove-background: [epoch 135]  average training loss: 1569.6173
cellbender:remove-background: [epoch 135] average test loss: 1598.6984
cellbender:remove-background: [epoch 136]  average training loss: 1568.7366
cellbender:remove-background: [epoch 137]  average training loss: 1569.0623
cellbender:remove-background: [epoch 138]  average training loss: 1569.3916
cellbender:remove-background: [epoch 139]  average training loss: 1569.8116
cellbender:remove-background: [epoch 140]  average training loss: 1569.5339
cellbender:remove-background: [epoch 140] average test loss: 1599.7351
cellbender:remove-background: [epoch 141]  average training loss: 1570.5981
cellbender:remove-background: [epoch 142]  average training loss: 1570.4916
cellbender:remove-background: [epoch 143]  average training loss: 1569.4794
cellbender:remove-background: [epoch 144]  average training loss: 1569.3716
cellbender:remove-background: [epoch 145]  average training loss: 1569.1692
cellbender:remove-background: [epoch 145] average test loss: 1599.9685
cellbender:remove-background: [epoch 146]  average training loss: 1569.1750
cellbender:remove-background: [epoch 147]  average training loss: 1569.6667
cellbender:remove-background: [epoch 148]  average training loss: 1569.9108
cellbender:remove-background: [epoch 149]  average training loss: 1569.8719
cellbender:remove-background: [epoch 150]  average training loss: 1569.6729
cellbender:remove-background: [epoch 150] average test loss: 1599.3475
cellbender:remove-background: Saving a checkpoint...
cellbender:remove-background: Saved checkpoint as /weka/scratch/scratch/Mon/mabdel03/Tsai_Data/Cellbender_Outputs/50101523/ckpt.tar.gz
cellbender:remove-background: 2026-02-01 21:28:08
cellbender:remove-background: Inference procedure complete.
cellbender:remove-background: Attempting to unpack tarball "ckpt.tar.gz" to /tmp/tmpp5ri1q3s
cellbender:remove-background: Successfully unpacked tarball to /tmp/tmpp5ri1q3s
/tmp/tmpp5ri1q3s/0b1fc29af7_random.pyro
/tmp/tmpp5ri1q3s/0b1fc29af7_random.cuda
/tmp/tmpp5ri1q3s/0b1fc29af7_model.torch
/tmp/tmpp5ri1q3s/0b1fc29af7_optim.torch
/tmp/tmpp5ri1q3s/0b1fc29af7_optim.pyro
/tmp/tmpp5ri1q3s/0b1fc29af7_params.pyro
/tmp/tmpp5ri1q3s/0b1fc29af7_train.loaderstate
/tmp/tmpp5ri1q3s/0b1fc29af7_test.loaderstate
/tmp/tmpp5ri1q3s/0b1fc29af7_args.npy
cellbender:remove-background: Posterior not currently included in checkpoint.
cellbender:remove-background: Computing posterior noise count probabilities in mini-batches.
cellbender:remove-background: Working on chunk (1/81)
cellbender:remove-background:     [0.03 mins per chunk]
cellbender:remove-background: Working on chunk (2/81)
cellbender:remove-background: Working on chunk (3/81)
cellbender:remove-background: Working on chunk (4/81)
cellbender:remove-background: Working on chunk (5/81)
cellbender:remove-background: Working on chunk (6/81)
cellbender:remove-background: Working on chunk (7/81)
cellbender:remove-background: Working on chunk (8/81)
cellbender:remove-background: Working on chunk (9/81)
cellbender:remove-background: Working on chunk (10/81)
cellbender:remove-background: Working on chunk (11/81)
cellbender:remove-background: Working on chunk (12/81)
cellbender:remove-background: Working on chunk (13/81)
cellbender:remove-background: Working on chunk (14/81)
cellbender:remove-background: Working on chunk (15/81)
cellbender:remove-background: Working on chunk (16/81)
cellbender:remove-background: Working on chunk (17/81)
cellbender:remove-background: Working on chunk (18/81)
cellbender:remove-background: Working on chunk (19/81)
cellbender:remove-background: Working on chunk (20/81)
cellbender:remove-background: Working on chunk (21/81)
cellbender:remove-background: Working on chunk (22/81)
cellbender:remove-background: Working on chunk (23/81)
cellbender:remove-background: Working on chunk (24/81)
cellbender:remove-background: Working on chunk (25/81)
cellbender:remove-background: Working on chunk (26/81)
cellbender:remove-background: Working on chunk (27/81)
cellbender:remove-background: Working on chunk (28/81)
cellbender:remove-background: Working on chunk (29/81)
cellbender:remove-background: Working on chunk (30/81)
cellbender:remove-background: Working on chunk (31/81)
cellbender:remove-background: Working on chunk (32/81)
cellbender:remove-background: Working on chunk (33/81)
cellbender:remove-background: Working on chunk (34/81)
cellbender:remove-background: Working on chunk (35/81)
cellbender:remove-background: Working on chunk (36/81)
cellbender:remove-background: Working on chunk (37/81)
cellbender:remove-background: Working on chunk (38/81)
cellbender:remove-background: Working on chunk (39/81)
cellbender:remove-background: Working on chunk (40/81)
cellbender:remove-background: Working on chunk (41/81)
cellbender:remove-background: Working on chunk (42/81)
cellbender:remove-background: Working on chunk (43/81)
cellbender:remove-background: Working on chunk (44/81)
cellbender:remove-background: Working on chunk (45/81)
cellbender:remove-background: Working on chunk (46/81)
cellbender:remove-background: Working on chunk (47/81)
cellbender:remove-background: Working on chunk (48/81)
cellbender:remove-background: Working on chunk (49/81)
cellbender:remove-background: Working on chunk (50/81)
cellbender:remove-background: Working on chunk (51/81)
cellbender:remove-background: Working on chunk (52/81)
cellbender:remove-background: Working on chunk (53/81)
cellbender:remove-background: Working on chunk (54/81)
cellbender:remove-background: Working on chunk (55/81)
cellbender:remove-background: Working on chunk (56/81)
cellbender:remove-background: Working on chunk (57/81)
cellbender:remove-background: Working on chunk (58/81)
cellbender:remove-background: Working on chunk (59/81)
cellbender:remove-background: Working on chunk (60/81)
cellbender:remove-background: Working on chunk (61/81)
cellbender:remove-background: Working on chunk (62/81)
cellbender:remove-background: Working on chunk (63/81)
cellbender:remove-background: Working on chunk (64/81)
cellbender:remove-background: Working on chunk (65/81)
cellbender:remove-background: Working on chunk (66/81)
cellbender:remove-background: Working on chunk (67/81)
cellbender:remove-background: Working on chunk (68/81)
cellbender:remove-background: Working on chunk (69/81)
cellbender:remove-background: Working on chunk (70/81)
cellbender:remove-background: Working on chunk (71/81)
cellbender:remove-background: Working on chunk (72/81)
cellbender:remove-background: Working on chunk (73/81)
cellbender:remove-background: Working on chunk (74/81)
cellbender:remove-background: Working on chunk (75/81)
cellbender:remove-background: Working on chunk (76/81)
cellbender:remove-background: Working on chunk (77/81)
cellbender:remove-background: Working on chunk (78/81)
cellbender:remove-background: Working on chunk (79/81)
cellbender:remove-background: Working on chunk (80/81)
cellbender:remove-background: Working on chunk (81/81)
cellbender:remove-background: Writing full posterior to /om/scratch/Mon/mabdel03/Tsai_Data/Cellbender_Outputs/50101523/processed_feature_bc_matrix_posterior.h5
cellbender:remove-background: Succeeded in writing posterior to file /om/scratch/Mon/mabdel03/Tsai_Data/Cellbender_Outputs/50101523/processed_feature_bc_matrix_posterior.h5
cellbender:remove-background: Added posterior object to checkpoint file.
cellbender:remove-background: 2026-02-01 21:31:34

cellbender:remove-background: Saved summary plots as /om/scratch/Mon/mabdel03/Tsai_Data/Cellbender_Outputs/50101523/processed_feature_bc_matrix.pdf
cellbender:remove-background: Saved cell barcodes in /om/scratch/Mon/mabdel03/Tsai_Data/Cellbender_Outputs/50101523/processed_feature_bc_matrix_cell_barcodes.csv
cellbender:remove-background: Computing target noise counts per gene for MCKP estimator
cellbender:remove-background: Using MCKP noise targets computed for FPR 0.0
cellbender:remove-background: Computing denoised counts using mckp estimator
cellbender:remove-background: Working on chunk (1/7)
cellbender:remove-background:     [0.65 mins per chunk]
cellbender:remove-background: Working on chunk (2/7)
cellbender:remove-background: Working on chunk (3/7)
cellbender:remove-background: Working on chunk (4/7)
cellbender:remove-background: Working on chunk (5/7)
cellbender:remove-background: Working on chunk (6/7)
cellbender:remove-background: Working on chunk (7/7)
cellbender:remove-background: 2026-02-01 21:36:18 Total MCKP estimation time = 269.04 sec
cellbender:remove-background: Succeeded in writing CellRanger format output to file /om/scratch/Mon/mabdel03/Tsai_Data/Cellbender_Outputs/50101523/processed_feature_bc_matrix.h5
cellbender:remove-background: Succeeded in writing CellRanger format output to file /om/scratch/Mon/mabdel03/Tsai_Data/Cellbender_Outputs/50101523/processed_feature_bc_matrix_filtered.h5
cellbender:remove-background: Saved output metrics as /om/scratch/Mon/mabdel03/Tsai_Data/Cellbender_Outputs/50101523/processed_feature_bc_matrix_metrics.csv
[NbConvertApp] Converting notebook tmp.report.ipynb to notebook
[NbConvertApp] Writing 444468 bytes to tmp.report.nbconvert.ipynb
[NbConvertApp] Converting notebook tmp.report.nbconvert.ipynb to html
[NbConvertApp] Writing 1019155 bytes to tmp.report.nbconvert.html
cellbender:remove-background: Succeeded in writing report to /om/scratch/Mon/mabdel03/Tsai_Data/Cellbender_Outputs/50101523/processed_feature_bc_matrix_report.html
cellbender:remove-background: Completed remove-background.
cellbender:remove-background: 2026-02-01 21:36:45

