cellbender:remove-background: Command:
cellbender remove-background --cuda --input /tmp/cellbender_44649088_76/raw_feature_bc_matrix.h5 --fpr 0 --output /om/scratch/Mon/mabdel03/Tsai_Data/Cellbender_Outputs/11652071/processed_feature_bc_matrix.h5
cellbender:remove-background: CellBender 0.3.0
cellbender:remove-background: (Workflow hash ad2c94cfc3)
cellbender:remove-background: 2026-01-31 18:30:40
cellbender:remove-background: Running remove-background
cellbender:remove-background: Loading data from /tmp/cellbender_44649088_76/raw_feature_bc_matrix.h5
cellbender:remove-background: CellRanger v3 format
cellbender:remove-background: Features in dataset: 36601 Gene Expression
cellbender:remove-background: Trimming features for inference.
cellbender:remove-background: 31446 features have nonzero counts.
cellbender:remove-background: Prior on counts for cells is 8560
cellbender:remove-background: Prior on counts for empty droplets is 98
cellbender:remove-background: Excluding 9817 features that are estimated to have <= 0.1 background counts in cells.
cellbender:remove-background: Including 21629 features in the analysis.
cellbender:remove-background: Trimming barcodes for inference.
cellbender:remove-background: Excluding barcodes with counts below 49
cellbender:remove-background: Using 1770 probable cell barcodes, plus an additional 8799 barcodes, and 66516 empty droplets.
cellbender:remove-background: Largest surely-empty droplet has 120 UMI counts.
cellbender:remove-background: Attempting to unpack tarball "ckpt.tar.gz" to /tmp/tmpspt4020_
cellbender:remove-background: No saved checkpoint.
cellbender:remove-background: No checkpoint loaded.
cellbender:remove-background: Running inference...
cellbender:remove-background: [epoch 001]  average training loss: 8300.0349
cellbender:remove-background: [epoch 002]  average training loss: 7169.9801  (3.5 seconds per epoch)
cellbender:remove-background: Will checkpoint every 121 epochs
cellbender:remove-background: [epoch 003]  average training loss: 6290.9902
cellbender:remove-background: [epoch 004]  average training loss: 5647.7531
cellbender:remove-background: [epoch 005]  average training loss: 5150.5661
cellbender:remove-background: [epoch 005] average test loss: 5764.0061
cellbender:remove-background: [epoch 006]  average training loss: 4976.7433
cellbender:remove-background: [epoch 007]  average training loss: 4764.9195
cellbender:remove-background: [epoch 008]  average training loss: 4664.8465
cellbender:remove-background: [epoch 009]  average training loss: 4722.2903
cellbender:remove-background: [epoch 010]  average training loss: 4716.1561
cellbender:remove-background: [epoch 010] average test loss: 4602.4841
cellbender:remove-background: [epoch 011]  average training loss: 4665.2010
cellbender:remove-background: [epoch 012]  average training loss: 4591.7572
cellbender:remove-background: [epoch 013]  average training loss: 4556.2518
cellbender:remove-background: [epoch 014]  average training loss: 4360.4351
cellbender:remove-background: [epoch 015]  average training loss: 4270.5922
cellbender:remove-background: [epoch 015] average test loss: 4324.7423
cellbender:remove-background: [epoch 016]  average training loss: 4257.2313
cellbender:remove-background: [epoch 017]  average training loss: 4233.9947
cellbender:remove-background: [epoch 018]  average training loss: 4228.3685
cellbender:remove-background: [epoch 019]  average training loss: 4210.1599
cellbender:remove-background: [epoch 020]  average training loss: 4205.8856
cellbender:remove-background: [epoch 020] average test loss: 4370.2635
cellbender:remove-background: [epoch 021]  average training loss: 4168.4006
cellbender:remove-background: [epoch 022]  average training loss: 4152.9104
cellbender:remove-background: [epoch 023]  average training loss: 4162.3906
cellbender:remove-background: [epoch 024]  average training loss: 4135.4055
cellbender:remove-background: [epoch 025]  average training loss: 4127.6056
cellbender:remove-background: [epoch 025] average test loss: 4082.0976
cellbender:remove-background: [epoch 026]  average training loss: 4118.3730
cellbender:remove-background: [epoch 027]  average training loss: 4089.8071
cellbender:remove-background: [epoch 028]  average training loss: 4065.8336
cellbender:remove-background: [epoch 029]  average training loss: 4052.7881
cellbender:remove-background: [epoch 030]  average training loss: 4029.1269
cellbender:remove-background: [epoch 030] average test loss: 4019.5498
cellbender:remove-background: [epoch 031]  average training loss: 4032.9858
cellbender:remove-background: [epoch 032]  average training loss: 4021.5062
cellbender:remove-background: [epoch 033]  average training loss: 4018.6099
cellbender:remove-background: [epoch 034]  average training loss: 4008.3433
cellbender:remove-background: [epoch 035]  average training loss: 4008.5924
cellbender:remove-background: [epoch 035] average test loss: 3971.5162
cellbender:remove-background: [epoch 036]  average training loss: 3998.7617
cellbender:remove-background: [epoch 037]  average training loss: 3995.7634
cellbender:remove-background: [epoch 038]  average training loss: 3995.0988
cellbender:remove-background: [epoch 039]  average training loss: 3990.0404
cellbender:remove-background: [epoch 040]  average training loss: 3983.9875
cellbender:remove-background: [epoch 040] average test loss: 3990.2904
cellbender:remove-background: [epoch 041]  average training loss: 3986.9931
cellbender:remove-background: [epoch 042]  average training loss: 3981.4921
cellbender:remove-background: [epoch 043]  average training loss: 3975.9479
cellbender:remove-background: [epoch 044]  average training loss: 3977.1449
cellbender:remove-background: [epoch 045]  average training loss: 3973.7625
cellbender:remove-background: [epoch 045] average test loss: 3960.1385
cellbender:remove-background: [epoch 046]  average training loss: 3969.5132
cellbender:remove-background: [epoch 047]  average training loss: 3973.8986
cellbender:remove-background: [epoch 048]  average training loss: 3970.8578
cellbender:remove-background: [epoch 049]  average training loss: 3965.5278
cellbender:remove-background: [epoch 050]  average training loss: 3965.9197
cellbender:remove-background: [epoch 050] average test loss: 3938.4957
cellbender:remove-background: [epoch 051]  average training loss: 3962.4686
cellbender:remove-background: [epoch 052]  average training loss: 3961.3861
cellbender:remove-background: [epoch 053]  average training loss: 3962.2272
cellbender:remove-background: [epoch 054]  average training loss: 3957.5238
cellbender:remove-background: [epoch 055]  average training loss: 3955.9146
cellbender:remove-background: [epoch 055] average test loss: 3934.7855
cellbender:remove-background: [epoch 056]  average training loss: 3956.0662
cellbender:remove-background: [epoch 057]  average training loss: 3957.4137
cellbender:remove-background: [epoch 058]  average training loss: 3954.6372
cellbender:remove-background: [epoch 059]  average training loss: 3951.2670
cellbender:remove-background: [epoch 060]  average training loss: 3959.7923
cellbender:remove-background: [epoch 060] average test loss: 3919.8418
cellbender:remove-background: [epoch 061]  average training loss: 3945.4480
cellbender:remove-background: [epoch 062]  average training loss: 3945.1203
cellbender:remove-background: [epoch 063]  average training loss: 3943.3584
cellbender:remove-background: [epoch 064]  average training loss: 3945.2605
cellbender:remove-background: [epoch 065]  average training loss: 3943.1966
cellbender:remove-background: [epoch 065] average test loss: 3924.8913
cellbender:remove-background: [epoch 066]  average training loss: 3948.4623
cellbender:remove-background: [epoch 067]  average training loss: 3945.1458
cellbender:remove-background: [epoch 068]  average training loss: 3949.6554
cellbender:remove-background: [epoch 069]  average training loss: 3941.8983
cellbender:remove-background: [epoch 070]  average training loss: 3938.7825
cellbender:remove-background: [epoch 070] average test loss: 3911.6697
cellbender:remove-background: [epoch 071]  average training loss: 3933.5329
cellbender:remove-background: [epoch 072]  average training loss: 3933.2505
cellbender:remove-background: [epoch 073]  average training loss: 3929.2926
cellbender:remove-background: [epoch 074]  average training loss: 3927.4274
cellbender:remove-background: [epoch 075]  average training loss: 3927.4963
cellbender:remove-background: [epoch 075] average test loss: 3912.6231
cellbender:remove-background: [epoch 076]  average training loss: 3927.6432
cellbender:remove-background: [epoch 077]  average training loss: 3923.8078
cellbender:remove-background: [epoch 078]  average training loss: 3931.0482
cellbender:remove-background: [epoch 079]  average training loss: 3927.4610
cellbender:remove-background: [epoch 080]  average training loss: 3920.8643
cellbender:remove-background: [epoch 080] average test loss: 3910.3404
cellbender:remove-background: [epoch 081]  average training loss: 3921.2463
cellbender:remove-background: [epoch 082]  average training loss: 3918.7301
cellbender:remove-background: [epoch 083]  average training loss: 3919.9581
cellbender:remove-background: [epoch 084]  average training loss: 3920.7019
cellbender:remove-background: [epoch 085]  average training loss: 3919.9887
cellbender:remove-background: [epoch 085] average test loss: 3900.8618
cellbender:remove-background: [epoch 086]  average training loss: 3919.0113
cellbender:remove-background: [epoch 087]  average training loss: 3914.5652
cellbender:remove-background: [epoch 088]  average training loss: 3920.9325
cellbender:remove-background: [epoch 089]  average training loss: 3916.7089
cellbender:remove-background: [epoch 090]  average training loss: 3912.2092
cellbender:remove-background: [epoch 090] average test loss: 3897.7685
cellbender:remove-background: [epoch 091]  average training loss: 3912.9799
cellbender:remove-background: [epoch 092]  average training loss: 3912.6584
cellbender:remove-background: [epoch 093]  average training loss: 3912.2476
cellbender:remove-background: [epoch 094]  average training loss: 3910.8070
cellbender:remove-background: [epoch 095]  average training loss: 3911.8285
cellbender:remove-background: [epoch 095] average test loss: 3906.1078
cellbender:remove-background: [epoch 096]  average training loss: 3909.0525
cellbender:remove-background: [epoch 097]  average training loss: 3908.0856
cellbender:remove-background: [epoch 098]  average training loss: 3909.4669
cellbender:remove-background: [epoch 099]  average training loss: 3906.0064
cellbender:remove-background: [epoch 100]  average training loss: 3909.0788
cellbender:remove-background: [epoch 100] average test loss: 3904.7899
cellbender:remove-background: [epoch 101]  average training loss: 3907.0682
cellbender:remove-background: [epoch 102]  average training loss: 3909.4746
cellbender:remove-background: [epoch 103]  average training loss: 3906.0558
cellbender:remove-background: [epoch 104]  average training loss: 3904.1217
cellbender:remove-background: [epoch 105]  average training loss: 3907.3705
cellbender:remove-background: [epoch 105] average test loss: 3899.3889
cellbender:remove-background: [epoch 106]  average training loss: 3902.3431
cellbender:remove-background: [epoch 107]  average training loss: 3903.1759
cellbender:remove-background: [epoch 108]  average training loss: 3903.3523
cellbender:remove-background: [epoch 109]  average training loss: 3900.2554
cellbender:remove-background: [epoch 110]  average training loss: 3902.6367
cellbender:remove-background: [epoch 110] average test loss: 3905.5572
cellbender:remove-background: [epoch 111]  average training loss: 3903.4183
cellbender:remove-background: [epoch 112]  average training loss: 3899.0108
cellbender:remove-background: [epoch 113]  average training loss: 3901.4358
cellbender:remove-background: [epoch 114]  average training loss: 3900.7032
cellbender:remove-background: [epoch 115]  average training loss: 3902.8164
cellbender:remove-background: [epoch 115] average test loss: 3902.4693
cellbender:remove-background: [epoch 116]  average training loss: 3901.3994
cellbender:remove-background: [epoch 117]  average training loss: 3901.1647
cellbender:remove-background: [epoch 118]  average training loss: 3900.4279
cellbender:remove-background: [epoch 119]  average training loss: 3896.8314
cellbender:remove-background: [epoch 120]  average training loss: 3895.6000
cellbender:remove-background: [epoch 120] average test loss: 3893.2338
cellbender:remove-background: [epoch 121]  average training loss: 3898.8441
cellbender:remove-background: Saving a checkpoint...
cellbender:remove-background: Saved checkpoint as /weka/scratch/scratch/Mon/mabdel03/Tsai_Data/Cellbender_Outputs/11652071/ckpt.tar.gz
cellbender:remove-background: [epoch 122]  average training loss: 3896.6738
cellbender:remove-background: [epoch 123]  average training loss: 3896.5283
cellbender:remove-background: [epoch 124]  average training loss: 3893.6306
cellbender:remove-background: [epoch 125]  average training loss: 3896.6105
cellbender:remove-background: [epoch 125] average test loss: 3893.6643
cellbender:remove-background: [epoch 126]  average training loss: 3895.9217
cellbender:remove-background: [epoch 127]  average training loss: 3896.0209
cellbender:remove-background: [epoch 128]  average training loss: 3896.4987
cellbender:remove-background: [epoch 129]  average training loss: 3895.2924
cellbender:remove-background: [epoch 130]  average training loss: 3894.9452
cellbender:remove-background: [epoch 130] average test loss: 3896.4514
cellbender:remove-background: [epoch 131]  average training loss: 3894.4081
cellbender:remove-background: [epoch 132]  average training loss: 3892.8464
cellbender:remove-background: [epoch 133]  average training loss: 3896.0695
cellbender:remove-background: [epoch 134]  average training loss: 3894.0665
cellbender:remove-background: [epoch 135]  average training loss: 3892.6000
cellbender:remove-background: [epoch 135] average test loss: 3892.4130
cellbender:remove-background: [epoch 136]  average training loss: 3894.5268
cellbender:remove-background: [epoch 137]  average training loss: 3892.2411
cellbender:remove-background: [epoch 138]  average training loss: 3891.1026
cellbender:remove-background: [epoch 139]  average training loss: 3893.5057
cellbender:remove-background: [epoch 140]  average training loss: 3892.4767
cellbender:remove-background: [epoch 140] average test loss: 3898.1010
cellbender:remove-background: [epoch 141]  average training loss: 3890.0475
cellbender:remove-background: [epoch 142]  average training loss: 3891.1962
cellbender:remove-background: [epoch 143]  average training loss: 3891.7050
cellbender:remove-background: [epoch 144]  average training loss: 3892.6091
cellbender:remove-background: [epoch 145]  average training loss: 3891.1721
cellbender:remove-background: [epoch 145] average test loss: 3894.8928
cellbender:remove-background: [epoch 146]  average training loss: 3894.5526
cellbender:remove-background: [epoch 147]  average training loss: 3891.0869
cellbender:remove-background: [epoch 148]  average training loss: 3894.3371
cellbender:remove-background: [epoch 149]  average training loss: 3894.3251
cellbender:remove-background: [epoch 150]  average training loss: 3890.2056
cellbender:remove-background: [epoch 150] average test loss: 3898.4492
cellbender:remove-background: Saving a checkpoint...
cellbender:remove-background: Saved checkpoint as /weka/scratch/scratch/Mon/mabdel03/Tsai_Data/Cellbender_Outputs/11652071/ckpt.tar.gz
cellbender:remove-background: 2026-01-31 18:41:43
cellbender:remove-background: Inference procedure complete.
cellbender:remove-background: Attempting to unpack tarball "ckpt.tar.gz" to /tmp/tmpis1pb38s
cellbender:remove-background: Successfully unpacked tarball to /tmp/tmpis1pb38s
/tmp/tmpis1pb38s/ad2c94cfc3_random.pyro
/tmp/tmpis1pb38s/ad2c94cfc3_random.cuda
/tmp/tmpis1pb38s/ad2c94cfc3_model.torch
/tmp/tmpis1pb38s/ad2c94cfc3_optim.torch
/tmp/tmpis1pb38s/ad2c94cfc3_optim.pyro
/tmp/tmpis1pb38s/ad2c94cfc3_params.pyro
/tmp/tmpis1pb38s/ad2c94cfc3_train.loaderstate
/tmp/tmpis1pb38s/ad2c94cfc3_test.loaderstate
/tmp/tmpis1pb38s/ad2c94cfc3_args.npy
cellbender:remove-background: Posterior not currently included in checkpoint.
cellbender:remove-background: Computing posterior noise count probabilities in mini-batches.
cellbender:remove-background: Working on chunk (1/30)
cellbender:remove-background:     [0.04 mins per chunk]
cellbender:remove-background: Working on chunk (2/30)
cellbender:remove-background: Working on chunk (3/30)
cellbender:remove-background: Working on chunk (4/30)
cellbender:remove-background: Working on chunk (5/30)
cellbender:remove-background: Working on chunk (6/30)
cellbender:remove-background: Working on chunk (7/30)
cellbender:remove-background: Working on chunk (8/30)
cellbender:remove-background: Working on chunk (9/30)
cellbender:remove-background: Working on chunk (10/30)
cellbender:remove-background: Working on chunk (11/30)
cellbender:remove-background: Working on chunk (12/30)
cellbender:remove-background: Working on chunk (13/30)
cellbender:remove-background: Working on chunk (14/30)
cellbender:remove-background: Working on chunk (15/30)
cellbender:remove-background: Working on chunk (16/30)
cellbender:remove-background: Working on chunk (17/30)
cellbender:remove-background: Working on chunk (18/30)
cellbender:remove-background: Working on chunk (19/30)
cellbender:remove-background: Working on chunk (20/30)
cellbender:remove-background: Working on chunk (21/30)
cellbender:remove-background: Working on chunk (22/30)
cellbender:remove-background: Working on chunk (23/30)
cellbender:remove-background: Working on chunk (24/30)
cellbender:remove-background: Working on chunk (25/30)
cellbender:remove-background: Working on chunk (26/30)
cellbender:remove-background: Working on chunk (27/30)
cellbender:remove-background: Working on chunk (28/30)
cellbender:remove-background: Working on chunk (29/30)
cellbender:remove-background: Working on chunk (30/30)
cellbender:remove-background: Writing full posterior to /om/scratch/Mon/mabdel03/Tsai_Data/Cellbender_Outputs/11652071/processed_feature_bc_matrix_posterior.h5
cellbender:remove-background: Succeeded in writing posterior to file /om/scratch/Mon/mabdel03/Tsai_Data/Cellbender_Outputs/11652071/processed_feature_bc_matrix_posterior.h5
cellbender:remove-background: Added posterior object to checkpoint file.
cellbender:remove-background: 2026-01-31 18:44:56

cellbender:remove-background: Saved summary plots as /om/scratch/Mon/mabdel03/Tsai_Data/Cellbender_Outputs/11652071/processed_feature_bc_matrix.pdf
cellbender:remove-background: Saved cell barcodes in /om/scratch/Mon/mabdel03/Tsai_Data/Cellbender_Outputs/11652071/processed_feature_bc_matrix_cell_barcodes.csv
cellbender:remove-background: Computing target noise counts per gene for MCKP estimator
cellbender:remove-background: Using MCKP noise targets computed for FPR 0.0
cellbender:remove-background: Computing denoised counts using mckp estimator
cellbender:remove-background: Working on chunk (1/7)
cellbender:remove-background:     [1.19 mins per chunk]
cellbender:remove-background: Working on chunk (2/7)
cellbender:remove-background: Working on chunk (3/7)
cellbender:remove-background: Working on chunk (4/7)
cellbender:remove-background: Working on chunk (5/7)
cellbender:remove-background: Working on chunk (6/7)
cellbender:remove-background: Working on chunk (7/7)
cellbender:remove-background: 2026-01-31 18:53:31 Total MCKP estimation time = 490.20 sec
cellbender:remove-background: Succeeded in writing CellRanger format output to file /om/scratch/Mon/mabdel03/Tsai_Data/Cellbender_Outputs/11652071/processed_feature_bc_matrix.h5
cellbender:remove-background: Succeeded in writing CellRanger format output to file /om/scratch/Mon/mabdel03/Tsai_Data/Cellbender_Outputs/11652071/processed_feature_bc_matrix_filtered.h5
cellbender:remove-background: Saved output metrics as /om/scratch/Mon/mabdel03/Tsai_Data/Cellbender_Outputs/11652071/processed_feature_bc_matrix_metrics.csv
[NbConvertApp] Converting notebook tmp.report.ipynb to notebook
[NbConvertApp] Writing 432083 bytes to tmp.report.nbconvert.ipynb
[NbConvertApp] Converting notebook tmp.report.nbconvert.ipynb to html
[NbConvertApp] Writing 1006770 bytes to tmp.report.nbconvert.html
cellbender:remove-background: Succeeded in writing report to /om/scratch/Mon/mabdel03/Tsai_Data/Cellbender_Outputs/11652071/processed_feature_bc_matrix_report.html
cellbender:remove-background: Completed remove-background.
cellbender:remove-background: 2026-01-31 18:54:05

