cellbender:remove-background: Command:
cellbender remove-background --cuda --input /tmp/cellbender_44651121_151/raw_feature_bc_matrix.h5 --fpr 0 --output /om/scratch/Mon/mabdel03/Tsai_Data/Cellbender_Outputs/20611993/processed_feature_bc_matrix.h5
cellbender:remove-background: CellBender 0.3.0
cellbender:remove-background: (Workflow hash 8569fe3a5c)
cellbender:remove-background: 2026-01-31 22:13:15
cellbender:remove-background: Running remove-background
cellbender:remove-background: Loading data from /tmp/cellbender_44651121_151/raw_feature_bc_matrix.h5
cellbender:remove-background: CellRanger v3 format
cellbender:remove-background: Features in dataset: 36601 Gene Expression
cellbender:remove-background: Trimming features for inference.
cellbender:remove-background: 30925 features have nonzero counts.
cellbender:remove-background: Prior on counts for cells is 6605
cellbender:remove-background: Prior on counts for empty droplets is 80
cellbender:remove-background: Excluding 9042 features that are estimated to have <= 0.1 background counts in cells.
cellbender:remove-background: Including 21883 features in the analysis.
cellbender:remove-background: Trimming barcodes for inference.
cellbender:remove-background: Excluding barcodes with counts below 40
cellbender:remove-background: Using 2807 probable cell barcodes, plus an additional 11750 barcodes, and 67133 empty droplets.
cellbender:remove-background: Largest surely-empty droplet has 98 UMI counts.
cellbender:remove-background: Attempting to unpack tarball "ckpt.tar.gz" to /tmp/tmp1jtlvela
cellbender:remove-background: No saved checkpoint.
cellbender:remove-background: No checkpoint loaded.
cellbender:remove-background: Running inference...
cellbender:remove-background: [epoch 001]  average training loss: 7359.1719
cellbender:remove-background: [epoch 002]  average training loss: 6218.7028  (7.7 seconds per epoch)
cellbender:remove-background: Will checkpoint every 55 epochs
cellbender:remove-background: [epoch 003]  average training loss: 5237.9277
cellbender:remove-background: [epoch 004]  average training loss: 4721.9808
cellbender:remove-background: [epoch 005]  average training loss: 4376.0435
cellbender:remove-background: [epoch 005] average test loss: 4326.6516
cellbender:remove-background: [epoch 006]  average training loss: 4178.0000
cellbender:remove-background: [epoch 007]  average training loss: 4170.5458
cellbender:remove-background: [epoch 008]  average training loss: 4118.3831
cellbender:remove-background: [epoch 009]  average training loss: 4089.9011
cellbender:remove-background: [epoch 010]  average training loss: 4095.2211
cellbender:remove-background: [epoch 010] average test loss: 3936.3467
cellbender:remove-background: [epoch 011]  average training loss: 4041.6974
cellbender:remove-background: [epoch 012]  average training loss: 4031.7648
cellbender:remove-background: [epoch 013]  average training loss: 3975.3205
cellbender:remove-background: [epoch 014]  average training loss: 3916.3891
cellbender:remove-background: [epoch 015]  average training loss: 3909.5281
cellbender:remove-background: [epoch 015] average test loss: 3760.3674
cellbender:remove-background: [epoch 016]  average training loss: 3888.6539
cellbender:remove-background: [epoch 017]  average training loss: 3885.1863
cellbender:remove-background: [epoch 018]  average training loss: 3871.0786
cellbender:remove-background: [epoch 019]  average training loss: 3876.8718
cellbender:remove-background: [epoch 020]  average training loss: 3851.9353
cellbender:remove-background: [epoch 020] average test loss: 3724.0460
cellbender:remove-background: [epoch 021]  average training loss: 3853.4832
cellbender:remove-background: [epoch 022]  average training loss: 3842.3717
cellbender:remove-background: [epoch 023]  average training loss: 3849.2271
cellbender:remove-background: [epoch 024]  average training loss: 3838.9634
cellbender:remove-background: [epoch 025]  average training loss: 3826.6967
cellbender:remove-background: [epoch 025] average test loss: 3703.3055
cellbender:remove-background: [epoch 026]  average training loss: 3823.0077
cellbender:remove-background: [epoch 027]  average training loss: 3803.1133
cellbender:remove-background: [epoch 028]  average training loss: 3796.3295
cellbender:remove-background: [epoch 029]  average training loss: 3778.9799
cellbender:remove-background: [epoch 030]  average training loss: 3766.1046
cellbender:remove-background: [epoch 030] average test loss: 3638.7003
cellbender:remove-background: [epoch 031]  average training loss: 3756.0754
cellbender:remove-background: [epoch 032]  average training loss: 3747.2388
cellbender:remove-background: [epoch 033]  average training loss: 3743.0925
cellbender:remove-background: [epoch 034]  average training loss: 3735.5856
cellbender:remove-background: [epoch 035]  average training loss: 3731.9576
cellbender:remove-background: [epoch 035] average test loss: 3627.5905
cellbender:remove-background: [epoch 036]  average training loss: 3728.0956
cellbender:remove-background: [epoch 037]  average training loss: 3722.0454
cellbender:remove-background: [epoch 038]  average training loss: 3717.0812
cellbender:remove-background: [epoch 039]  average training loss: 3712.2179
cellbender:remove-background: [epoch 040]  average training loss: 3706.5527
cellbender:remove-background: [epoch 040] average test loss: 3612.0994
cellbender:remove-background: [epoch 041]  average training loss: 3706.4616
cellbender:remove-background: [epoch 042]  average training loss: 3701.9293
cellbender:remove-background: [epoch 043]  average training loss: 3698.5824
cellbender:remove-background: [epoch 044]  average training loss: 3696.0938
cellbender:remove-background: [epoch 045]  average training loss: 3692.2541
cellbender:remove-background: [epoch 045] average test loss: 3601.6517
cellbender:remove-background: [epoch 046]  average training loss: 3689.8650
cellbender:remove-background: [epoch 047]  average training loss: 3686.9545
cellbender:remove-background: [epoch 048]  average training loss: 3684.5911
cellbender:remove-background: [epoch 049]  average training loss: 3684.0026
cellbender:remove-background: [epoch 050]  average training loss: 3683.9763
cellbender:remove-background: [epoch 050] average test loss: 3579.2414
cellbender:remove-background: [epoch 051]  average training loss: 3678.2375
cellbender:remove-background: [epoch 052]  average training loss: 3676.1694
cellbender:remove-background: [epoch 053]  average training loss: 3672.8178
cellbender:remove-background: [epoch 054]  average training loss: 3670.6424
cellbender:remove-background: [epoch 055]  average training loss: 3670.8923
cellbender:remove-background: [epoch 055] average test loss: 3565.3641
cellbender:remove-background: Saving a checkpoint...
cellbender:remove-background: Saved checkpoint as /weka/scratch/scratch/Mon/mabdel03/Tsai_Data/Cellbender_Outputs/20611993/ckpt.tar.gz
cellbender:remove-background: [epoch 056]  average training loss: 3670.9375
cellbender:remove-background: [epoch 057]  average training loss: 3666.4866
cellbender:remove-background: [epoch 058]  average training loss: 3666.1329
cellbender:remove-background: [epoch 059]  average training loss: 3665.1012
cellbender:remove-background: [epoch 060]  average training loss: 3664.8903
cellbender:remove-background: [epoch 060] average test loss: 3572.9589
cellbender:remove-background: [epoch 061]  average training loss: 3661.6692
cellbender:remove-background: [epoch 062]  average training loss: 3664.7106
cellbender:remove-background: [epoch 063]  average training loss: 3664.1031
cellbender:remove-background: [epoch 064]  average training loss: 3668.9242
cellbender:remove-background: [epoch 065]  average training loss: 3665.3365
cellbender:remove-background: [epoch 065] average test loss: 3579.4580
cellbender:remove-background: [epoch 066]  average training loss: 3674.9785
cellbender:remove-background: [epoch 067]  average training loss: 3657.1882
cellbender:remove-background: [epoch 068]  average training loss: 3659.7739
cellbender:remove-background: [epoch 069]  average training loss: 3658.0116
cellbender:remove-background: [epoch 070]  average training loss: 3664.5333
cellbender:remove-background: [epoch 070] average test loss: 3568.4416
cellbender:remove-background: [epoch 071]  average training loss: 3656.3275
cellbender:remove-background: [epoch 072]  average training loss: 3662.9761
cellbender:remove-background: [epoch 073]  average training loss: 3658.2683
cellbender:remove-background: [epoch 074]  average training loss: 3661.2942
cellbender:remove-background: [epoch 075]  average training loss: 3664.6903
cellbender:remove-background: [epoch 075] average test loss: 3573.8562
cellbender:remove-background: [epoch 076]  average training loss: 3652.3319
cellbender:remove-background: [epoch 077]  average training loss: 3652.6615
cellbender:remove-background: [epoch 078]  average training loss: 3654.2559
cellbender:remove-background: [epoch 079]  average training loss: 3648.8923
cellbender:remove-background: [epoch 080]  average training loss: 3649.7135
cellbender:remove-background: [epoch 080] average test loss: 3583.4406
cellbender:remove-background: [epoch 081]  average training loss: 3647.6135
cellbender:remove-background: [epoch 082]  average training loss: 3647.6723
cellbender:remove-background: [epoch 083]  average training loss: 3649.7222
cellbender:remove-background: [epoch 084]  average training loss: 3652.4225
cellbender:remove-background: [epoch 085]  average training loss: 3653.8071
cellbender:remove-background: [epoch 085] average test loss: 3588.2229
cellbender:remove-background: [epoch 086]  average training loss: 3644.5724
cellbender:remove-background: [epoch 087]  average training loss: 3650.0704
cellbender:remove-background: [epoch 088]  average training loss: 3646.2819
cellbender:remove-background: [epoch 089]  average training loss: 3647.6535
cellbender:remove-background: [epoch 090]  average training loss: 3641.6038
cellbender:remove-background: [epoch 090] average test loss: 3575.8486
cellbender:remove-background: [epoch 091]  average training loss: 3641.2524
cellbender:remove-background: [epoch 092]  average training loss: 3641.0496
cellbender:remove-background: [epoch 093]  average training loss: 3639.0895
cellbender:remove-background: [epoch 094]  average training loss: 3639.4224
cellbender:remove-background: [epoch 095]  average training loss: 3639.2699
cellbender:remove-background: [epoch 095] average test loss: 3573.7330
cellbender:remove-background: [epoch 096]  average training loss: 3637.2327
cellbender:remove-background: [epoch 097]  average training loss: 3642.3918
cellbender:remove-background: [epoch 098]  average training loss: 3643.4240
cellbender:remove-background: [epoch 099]  average training loss: 3637.9725
cellbender:remove-background: [epoch 100]  average training loss: 3639.7309
cellbender:remove-background: [epoch 100] average test loss: 3559.2462
cellbender:remove-background: [epoch 101]  average training loss: 3639.1719
cellbender:remove-background: [epoch 102]  average training loss: 3635.8593
cellbender:remove-background: [epoch 103]  average training loss: 3638.1119
cellbender:remove-background: [epoch 104]  average training loss: 3639.5025
cellbender:remove-background: [epoch 105]  average training loss: 3639.3039
cellbender:remove-background: [epoch 105] average test loss: 3583.8485
cellbender:remove-background: [epoch 106]  average training loss: 3633.3993
cellbender:remove-background: [epoch 107]  average training loss: 3640.2758
cellbender:remove-background: [epoch 108]  average training loss: 3634.0436
cellbender:remove-background: [epoch 109]  average training loss: 3634.3651
cellbender:remove-background: [epoch 110]  average training loss: 3639.3875
cellbender:remove-background: [epoch 110] average test loss: 3581.5925
cellbender:remove-background: Saving a checkpoint...
cellbender:remove-background: Saved checkpoint as /weka/scratch/scratch/Mon/mabdel03/Tsai_Data/Cellbender_Outputs/20611993/ckpt.tar.gz
cellbender:remove-background: [epoch 111]  average training loss: 3634.8692
cellbender:remove-background: [epoch 112]  average training loss: 3634.0221
cellbender:remove-background: [epoch 113]  average training loss: 3632.2828
cellbender:remove-background: [epoch 114]  average training loss: 3634.1989
cellbender:remove-background: [epoch 115]  average training loss: 3630.4740
cellbender:remove-background: [epoch 115] average test loss: 3595.6894
cellbender:remove-background: [epoch 116]  average training loss: 3636.1928
cellbender:remove-background: [epoch 117]  average training loss: 3630.5456
cellbender:remove-background: [epoch 118]  average training loss: 3628.5661
cellbender:remove-background: [epoch 119]  average training loss: 3632.4250
cellbender:remove-background: [epoch 120]  average training loss: 3630.0453
cellbender:remove-background: [epoch 120] average test loss: 3572.3512
cellbender:remove-background: [epoch 121]  average training loss: 3630.0224
cellbender:remove-background: [epoch 122]  average training loss: 3633.3876
cellbender:remove-background: [epoch 123]  average training loss: 3627.1789
cellbender:remove-background: [epoch 124]  average training loss: 3632.3469
cellbender:remove-background: [epoch 125]  average training loss: 3627.0678
cellbender:remove-background: [epoch 125] average test loss: 3569.6859
cellbender:remove-background: [epoch 126]  average training loss: 3629.8868
cellbender:remove-background: [epoch 127]  average training loss: 3629.4050
cellbender:remove-background: [epoch 128]  average training loss: 3628.7338
cellbender:remove-background: [epoch 129]  average training loss: 3630.1071
cellbender:remove-background: [epoch 130]  average training loss: 3633.0358
cellbender:remove-background: [epoch 130] average test loss: 3570.0535
cellbender:remove-background: [epoch 131]  average training loss: 3625.4878
cellbender:remove-background: [epoch 132]  average training loss: 3623.1808
cellbender:remove-background: [epoch 133]  average training loss: 3625.5461
cellbender:remove-background: [epoch 134]  average training loss: 3627.3103
cellbender:remove-background: [epoch 135]  average training loss: 3621.3242
cellbender:remove-background: [epoch 135] average test loss: 3576.9060
cellbender:remove-background: [epoch 136]  average training loss: 3627.8245
cellbender:remove-background: [epoch 137]  average training loss: 3626.0725
cellbender:remove-background: [epoch 138]  average training loss: 3631.0222
cellbender:remove-background: [epoch 139]  average training loss: 3626.5626
cellbender:remove-background: [epoch 140]  average training loss: 3622.4254
cellbender:remove-background: [epoch 140] average test loss: 3566.3755
cellbender:remove-background: [epoch 141]  average training loss: 3625.8185
cellbender:remove-background: [epoch 142]  average training loss: 3623.5776
cellbender:remove-background: [epoch 143]  average training loss: 3626.8261
cellbender:remove-background: [epoch 144]  average training loss: 3625.3624
cellbender:remove-background: [epoch 145]  average training loss: 3622.5428
cellbender:remove-background: [epoch 145] average test loss: 3568.2770
cellbender:remove-background: [epoch 146]  average training loss: 3625.0086
cellbender:remove-background: [epoch 147]  average training loss: 3625.7687
cellbender:remove-background: [epoch 148]  average training loss: 3623.8474
cellbender:remove-background: [epoch 149]  average training loss: 3623.7686
cellbender:remove-background: [epoch 150]  average training loss: 3626.3106
cellbender:remove-background: [epoch 150] average test loss: 3571.0685
cellbender:remove-background: Saving a checkpoint...
cellbender:remove-background: Saved checkpoint as /weka/scratch/scratch/Mon/mabdel03/Tsai_Data/Cellbender_Outputs/20611993/ckpt.tar.gz
cellbender:remove-background: 2026-01-31 22:37:11
cellbender:remove-background: Inference procedure complete.
cellbender:remove-background: Attempting to unpack tarball "ckpt.tar.gz" to /tmp/tmpim06547r
cellbender:remove-background: Successfully unpacked tarball to /tmp/tmpim06547r
/tmp/tmpim06547r/8569fe3a5c_random.pyro
/tmp/tmpim06547r/8569fe3a5c_random.cuda
/tmp/tmpim06547r/8569fe3a5c_model.torch
/tmp/tmpim06547r/8569fe3a5c_optim.torch
/tmp/tmpim06547r/8569fe3a5c_optim.pyro
/tmp/tmpim06547r/8569fe3a5c_params.pyro
/tmp/tmpim06547r/8569fe3a5c_train.loaderstate
/tmp/tmpim06547r/8569fe3a5c_test.loaderstate
/tmp/tmpim06547r/8569fe3a5c_args.npy
cellbender:remove-background: Posterior not currently included in checkpoint.
cellbender:remove-background: Computing posterior noise count probabilities in mini-batches.
cellbender:remove-background: Working on chunk (1/50)
cellbender:remove-background:     [0.04 mins per chunk]
cellbender:remove-background: Working on chunk (2/50)
cellbender:remove-background: Working on chunk (3/50)
cellbender:remove-background: Working on chunk (4/50)
cellbender:remove-background: Working on chunk (5/50)
cellbender:remove-background: Working on chunk (6/50)
cellbender:remove-background: Working on chunk (7/50)
cellbender:remove-background: Working on chunk (8/50)
cellbender:remove-background: Working on chunk (9/50)
cellbender:remove-background: Working on chunk (10/50)
cellbender:remove-background: Working on chunk (11/50)
cellbender:remove-background: Working on chunk (12/50)
cellbender:remove-background: Working on chunk (13/50)
cellbender:remove-background: Working on chunk (14/50)
cellbender:remove-background: Working on chunk (15/50)
cellbender:remove-background: Working on chunk (16/50)
cellbender:remove-background: Working on chunk (17/50)
cellbender:remove-background: Working on chunk (18/50)
cellbender:remove-background: Working on chunk (19/50)
cellbender:remove-background: Working on chunk (20/50)
cellbender:remove-background: Working on chunk (21/50)
cellbender:remove-background: Working on chunk (22/50)
cellbender:remove-background: Working on chunk (23/50)
cellbender:remove-background: Working on chunk (24/50)
cellbender:remove-background: Working on chunk (25/50)
cellbender:remove-background: Working on chunk (26/50)
cellbender:remove-background: Working on chunk (27/50)
cellbender:remove-background: Working on chunk (28/50)
cellbender:remove-background: Working on chunk (29/50)
cellbender:remove-background: Working on chunk (30/50)
cellbender:remove-background: Working on chunk (31/50)
cellbender:remove-background: Working on chunk (32/50)
cellbender:remove-background: Working on chunk (33/50)
cellbender:remove-background: Working on chunk (34/50)
cellbender:remove-background: Working on chunk (35/50)
cellbender:remove-background: Working on chunk (36/50)
cellbender:remove-background: Working on chunk (37/50)
cellbender:remove-background: Working on chunk (38/50)
cellbender:remove-background: Working on chunk (39/50)
cellbender:remove-background: Working on chunk (40/50)
cellbender:remove-background: Working on chunk (41/50)
cellbender:remove-background: Working on chunk (42/50)
cellbender:remove-background: Working on chunk (43/50)
cellbender:remove-background: Working on chunk (44/50)
cellbender:remove-background: Working on chunk (45/50)
cellbender:remove-background: Working on chunk (46/50)
cellbender:remove-background: Working on chunk (47/50)
cellbender:remove-background: Working on chunk (48/50)
cellbender:remove-background: Working on chunk (49/50)
cellbender:remove-background: Working on chunk (50/50)
cellbender:remove-background: Writing full posterior to /om/scratch/Mon/mabdel03/Tsai_Data/Cellbender_Outputs/20611993/processed_feature_bc_matrix_posterior.h5
Traceback (most recent call last):
  File "/om2/user/mabdel03/conda_envs/Cellbender_env/bin/cellbender", line 8, in <module>
    sys.exit(main())
  File "/om2/user/mabdel03/conda_envs/Cellbender_env/lib/python3.7/site-packages/cellbender/base_cli.py", line 118, in main
    cli_dict[args.tool].run(args)
  File "/om2/user/mabdel03/conda_envs/Cellbender_env/lib/python3.7/site-packages/cellbender/remove_background/cli.py", line 185, in run
    return main(args)
  File "/om2/user/mabdel03/conda_envs/Cellbender_env/lib/python3.7/site-packages/cellbender/remove_background/cli.py", line 230, in main
    posterior = run_remove_background(args)
  File "/om2/user/mabdel03/conda_envs/Cellbender_env/lib/python3.7/site-packages/cellbender/remove_background/run.py", line 107, in run_remove_background
    args=args,
  File "/om2/user/mabdel03/conda_envs/Cellbender_env/lib/python3.7/site-packages/cellbender/remove_background/posterior.py", line 130, in load_or_compute_posterior_and_save
    saved = posterior.save(file=posterior_file)
  File "/om2/user/mabdel03/conda_envs/Cellbender_env/lib/python3.7/site-packages/cellbender/remove_background/posterior.py", line 234, in save
    return write_posterior_coo_to_h5(output_file=file, **d)
  File "/om2/user/mabdel03/conda_envs/Cellbender_env/lib/python3.7/site-packages/cellbender/remove_background/data/io.py", line 275, in write_posterior_coo_to_h5
    title="CellBender remove-background posterior noise count probabilities"
  File "/om2/user/mabdel03/conda_envs/Cellbender_env/lib/python3.7/site-packages/tables/file.py", line 300, in open_file
    return File(filename, mode, title, root_uep, filters, **kwargs)
  File "/om2/user/mabdel03/conda_envs/Cellbender_env/lib/python3.7/site-packages/tables/file.py", line 750, in __init__
    self._g_new(filename, mode, **params)
  File "tables/hdf5extension.pyx", line 486, in tables.hdf5extension.File._g_new
tables.exceptions.HDF5ExtError: HDF5 error back trace

  File "H5F.c", line 532, in H5Fcreate
    unable to create file
  File "H5VLcallback.c", line 3282, in H5VL_file_create
    file create failed
  File "H5VLcallback.c", line 3248, in H5VL__file_create
    file create failed
  File "H5VLnative_file.c", line 63, in H5VL__native_file_create
    unable to create file
  File "H5Fint.c", line 1898, in H5F_open
    unable to lock the file
  File "H5FD.c", line 1625, in H5FD_lock
    driver lock request failed
  File "H5FDsec2.c", line 1002, in H5FD__sec2_lock
    unable to lock file, errno = 5, error message = 'Input/output error'

End of HDF5 error back trace

Unable to open/create file '/om/scratch/Mon/mabdel03/Tsai_Data/Cellbender_Outputs/20611993/processed_feature_bc_matrix_posterior.h5'
