cellbender:remove-background: Command:
cellbender remove-background --cuda --input /tmp/cellbender_44651224_154/raw_feature_bc_matrix.h5 --fpr 0 --output /om/scratch/Mon/mabdel03/Tsai_Data/Cellbender_Outputs/20646778/processed_feature_bc_matrix.h5
cellbender:remove-background: CellBender 0.3.0
cellbender:remove-background: (Workflow hash a3bffb20b5)
cellbender:remove-background: 2026-01-31 22:30:06
cellbender:remove-background: Running remove-background
cellbender:remove-background: Loading data from /tmp/cellbender_44651224_154/raw_feature_bc_matrix.h5
cellbender:remove-background: CellRanger v3 format
cellbender:remove-background: Features in dataset: 36601 Gene Expression
cellbender:remove-background: Trimming features for inference.
cellbender:remove-background: 28047 features have nonzero counts.
cellbender:remove-background: Prior on counts for cells is 1571
cellbender:remove-background: Prior on counts for empty droplets is 40
cellbender:remove-background: Excluding 8327 features that are estimated to have <= 0.1 background counts in cells.
cellbender:remove-background: Including 19720 features in the analysis.
cellbender:remove-background: Trimming barcodes for inference.
cellbender:remove-background: Excluding barcodes with counts below 20
cellbender:remove-background: Using 3177 probable cell barcodes, plus an additional 15547 barcodes, and 68830 empty droplets.
cellbender:remove-background: Largest surely-empty droplet has 46 UMI counts.
cellbender:remove-background: Attempting to unpack tarball "ckpt.tar.gz" to /tmp/tmpowmwa64w
cellbender:remove-background: No saved checkpoint.
cellbender:remove-background: No checkpoint loaded.
cellbender:remove-background: Running inference...
cellbender:remove-background: [epoch 001]  average training loss: 2510.6863
cellbender:remove-background: [epoch 002]  average training loss: 2205.8569  (6.5 seconds per epoch)
cellbender:remove-background: Will checkpoint every 65 epochs
cellbender:remove-background: [epoch 003]  average training loss: 2001.8724
cellbender:remove-background: [epoch 004]  average training loss: 1845.9495
cellbender:remove-background: [epoch 005]  average training loss: 1736.0322
cellbender:remove-background: [epoch 005] average test loss: 1720.7387
cellbender:remove-background: [epoch 006]  average training loss: 1688.8019
cellbender:remove-background: [epoch 007]  average training loss: 1673.2358
cellbender:remove-background: [epoch 008]  average training loss: 1671.1989
cellbender:remove-background: [epoch 009]  average training loss: 1667.3576
cellbender:remove-background: [epoch 010]  average training loss: 1663.6097
cellbender:remove-background: [epoch 010] average test loss: 1647.3574
cellbender:remove-background: [epoch 011]  average training loss: 1661.2159
cellbender:remove-background: [epoch 012]  average training loss: 1658.5168
cellbender:remove-background: [epoch 013]  average training loss: 1656.9044
cellbender:remove-background: [epoch 014]  average training loss: 1655.3782
cellbender:remove-background: [epoch 015]  average training loss: 1653.0066
cellbender:remove-background: [epoch 015] average test loss: 1632.0244
cellbender:remove-background: [epoch 016]  average training loss: 1628.1833
cellbender:remove-background: [epoch 017]  average training loss: 1613.0509
cellbender:remove-background: [epoch 018]  average training loss: 1608.9203
cellbender:remove-background: [epoch 019]  average training loss: 1606.9232
cellbender:remove-background: [epoch 020]  average training loss: 1603.8824
cellbender:remove-background: [epoch 020] average test loss: 1597.8286
cellbender:remove-background: [epoch 021]  average training loss: 1601.0996
cellbender:remove-background: [epoch 022]  average training loss: 1600.9196
cellbender:remove-background: [epoch 023]  average training loss: 1598.9481
cellbender:remove-background: [epoch 024]  average training loss: 1597.0868
cellbender:remove-background: [epoch 025]  average training loss: 1592.8161
cellbender:remove-background: [epoch 025] average test loss: 1589.2921
cellbender:remove-background: [epoch 026]  average training loss: 1586.5752
cellbender:remove-background: [epoch 027]  average training loss: 1584.4248
cellbender:remove-background: [epoch 028]  average training loss: 1581.0674
cellbender:remove-background: [epoch 029]  average training loss: 1577.9866
cellbender:remove-background: [epoch 030]  average training loss: 1578.1500
cellbender:remove-background: [epoch 030] average test loss: 1578.3647
cellbender:remove-background: [epoch 031]  average training loss: 1576.1515
cellbender:remove-background: [epoch 032]  average training loss: 1576.2812
cellbender:remove-background: [epoch 033]  average training loss: 1572.9275
cellbender:remove-background: [epoch 034]  average training loss: 1571.6219
cellbender:remove-background: [epoch 035]  average training loss: 1570.9018
cellbender:remove-background: [epoch 035] average test loss: 1569.0327
cellbender:remove-background: [epoch 036]  average training loss: 1568.8684
cellbender:remove-background: [epoch 037]  average training loss: 1567.9514
cellbender:remove-background: [epoch 038]  average training loss: 1567.9531
cellbender:remove-background: [epoch 039]  average training loss: 1567.1926
cellbender:remove-background: [epoch 040]  average training loss: 1568.4875
cellbender:remove-background: [epoch 040] average test loss: 1564.9392
cellbender:remove-background: [epoch 041]  average training loss: 1564.1493
cellbender:remove-background: [epoch 042]  average training loss: 1564.4832
cellbender:remove-background: [epoch 043]  average training loss: 1564.7861
cellbender:remove-background: [epoch 044]  average training loss: 1559.4023
cellbender:remove-background: [epoch 045]  average training loss: 1562.1441
cellbender:remove-background: [epoch 045] average test loss: 1561.2703
cellbender:remove-background: [epoch 046]  average training loss: 1559.4120
cellbender:remove-background: [epoch 047]  average training loss: 1558.0668
cellbender:remove-background: [epoch 048]  average training loss: 1558.2023
cellbender:remove-background: [epoch 049]  average training loss: 1558.3240
cellbender:remove-background: [epoch 050]  average training loss: 1555.1646
cellbender:remove-background: [epoch 050] average test loss: 1555.2677
cellbender:remove-background: [epoch 051]  average training loss: 1552.4421
cellbender:remove-background: [epoch 052]  average training loss: 1551.3268
cellbender:remove-background: [epoch 053]  average training loss: 1551.8466
cellbender:remove-background: [epoch 054]  average training loss: 1553.2290
cellbender:remove-background: [epoch 055]  average training loss: 1555.6196
cellbender:remove-background: [epoch 055] average test loss: 1562.9943
cellbender:remove-background: [epoch 056]  average training loss: 1556.2817
cellbender:remove-background: [epoch 057]  average training loss: 1552.3502
cellbender:remove-background: [epoch 058]  average training loss: 1550.0454
cellbender:remove-background: [epoch 059]  average training loss: 1547.4022
cellbender:remove-background: [epoch 060]  average training loss: 1551.0512
cellbender:remove-background: [epoch 060] average test loss: 1550.5520
cellbender:remove-background: [epoch 061]  average training loss: 1545.8913
cellbender:remove-background: [epoch 062]  average training loss: 1557.4299
cellbender:remove-background: [epoch 063]  average training loss: 1546.6059
cellbender:remove-background: [epoch 064]  average training loss: 1549.9173
cellbender:remove-background: [epoch 065]  average training loss: 1557.6977
cellbender:remove-background: [epoch 065] average test loss: 1585.0565
cellbender:remove-background: Saving a checkpoint...
cellbender:remove-background: Saved checkpoint as /weka/scratch/scratch/Mon/mabdel03/Tsai_Data/Cellbender_Outputs/20646778/ckpt.tar.gz
cellbender:remove-background: [epoch 066]  average training loss: 1552.3714
cellbender:remove-background: [epoch 067]  average training loss: 1545.9964
cellbender:remove-background: [epoch 068]  average training loss: 1546.5693
cellbender:remove-background: [epoch 069]  average training loss: 1545.3798
cellbender:remove-background: [epoch 070]  average training loss: 1545.7801
cellbender:remove-background: [epoch 070] average test loss: 1565.1281
cellbender:remove-background: [epoch 071]  average training loss: 1552.2799
cellbender:remove-background: [epoch 072]  average training loss: 1555.5555
cellbender:remove-background: [epoch 073]  average training loss: 1546.4795
cellbender:remove-background: [epoch 074]  average training loss: 1549.5912
cellbender:remove-background: [epoch 075]  average training loss: 1550.7113
cellbender:remove-background: [epoch 075] average test loss: 1566.4148
cellbender:remove-background: [epoch 076]  average training loss: 1546.6506
cellbender:remove-background: [epoch 077]  average training loss: 1545.9820
cellbender:remove-background: [epoch 078]  average training loss: 1543.7018
cellbender:remove-background: [epoch 079]  average training loss: 1541.8227
cellbender:remove-background: [epoch 080]  average training loss: 1541.0633
cellbender:remove-background: [epoch 080] average test loss: 1565.0217
cellbender:remove-background: [epoch 081]  average training loss: 1545.7462
cellbender:remove-background: [epoch 082]  average training loss: 1547.9490
cellbender:remove-background: [epoch 083]  average training loss: 1544.2481
cellbender:remove-background: [epoch 084]  average training loss: 1539.2501
cellbender:remove-background: [epoch 085]  average training loss: 1541.0769
cellbender:remove-background: [epoch 085] average test loss: 1559.8188
cellbender:remove-background: [epoch 086]  average training loss: 1538.3464
cellbender:remove-background: [epoch 087]  average training loss: 1542.2976
cellbender:remove-background: [epoch 088]  average training loss: 1542.0587
cellbender:remove-background: [epoch 089]  average training loss: 1542.4721
cellbender:remove-background: [epoch 090]  average training loss: 1537.5684
cellbender:remove-background: [epoch 090] average test loss: 1562.5053
cellbender:remove-background: [epoch 091]  average training loss: 1541.3317
cellbender:remove-background: [epoch 092]  average training loss: 1539.0550
cellbender:remove-background: [epoch 093]  average training loss: 1540.7002
cellbender:remove-background: [epoch 094]  average training loss: 1543.6076
cellbender:remove-background: [epoch 095]  average training loss: 1535.3938
cellbender:remove-background: [epoch 095] average test loss: 1567.7947
cellbender:remove-background: [epoch 096]  average training loss: 1533.5823
cellbender:remove-background: [epoch 097]  average training loss: 1534.3852
cellbender:remove-background: [epoch 098]  average training loss: 1534.8406
cellbender:remove-background: [epoch 099]  average training loss: 1539.3470
cellbender:remove-background: [epoch 100]  average training loss: 1536.7162
cellbender:remove-background: [epoch 100] average test loss: 1547.8230
cellbender:remove-background: [epoch 101]  average training loss: 1535.2821
cellbender:remove-background: [epoch 102]  average training loss: 1535.1509
cellbender:remove-background: [epoch 103]  average training loss: 1533.2114
cellbender:remove-background: [epoch 104]  average training loss: 1545.2970
cellbender:remove-background: [epoch 105]  average training loss: 1535.0513
cellbender:remove-background: [epoch 105] average test loss: 1575.7613
cellbender:remove-background: [epoch 106]  average training loss: 1536.0346
cellbender:remove-background: [epoch 107]  average training loss: 1531.6418
cellbender:remove-background: [epoch 108]  average training loss: 1530.0819
cellbender:remove-background: [epoch 109]  average training loss: 1533.1534
cellbender:remove-background: [epoch 110]  average training loss: 1537.4521
cellbender:remove-background: [epoch 110] average test loss: 1563.3809
cellbender:remove-background: [epoch 111]  average training loss: 1530.9864
cellbender:remove-background: [epoch 112]  average training loss: 1531.5901
cellbender:remove-background: [epoch 113]  average training loss: 1534.6140
cellbender:remove-background: [epoch 114]  average training loss: 1532.7109
cellbender:remove-background: [epoch 115]  average training loss: 1533.5670
cellbender:remove-background: [epoch 115] average test loss: 1560.8246
cellbender:remove-background: [epoch 116]  average training loss: 1538.8844
cellbender:remove-background: [epoch 117]  average training loss: 1529.6196
cellbender:remove-background: [epoch 118]  average training loss: 1532.8028
cellbender:remove-background: [epoch 119]  average training loss: 1533.4063
cellbender:remove-background: [epoch 120]  average training loss: 1530.9880
cellbender:remove-background: [epoch 120] average test loss: 1571.4229
cellbender:remove-background: [epoch 121]  average training loss: 1529.9854
cellbender:remove-background: [epoch 122]  average training loss: 1532.3519
cellbender:remove-background: [epoch 123]  average training loss: 1531.4934
cellbender:remove-background: [epoch 124]  average training loss: 1529.5694
cellbender:remove-background: [epoch 125]  average training loss: 1530.2550
cellbender:remove-background: [epoch 125] average test loss: 1558.5741
cellbender:remove-background: [epoch 126]  average training loss: 1530.4088
cellbender:remove-background: [epoch 127]  average training loss: 1529.8637
cellbender:remove-background: [epoch 128]  average training loss: 1530.3910
cellbender:remove-background: [epoch 129]  average training loss: 1528.1404
cellbender:remove-background: [epoch 130]  average training loss: 1527.7670
cellbender:remove-background: [epoch 130] average test loss: 1555.4619
cellbender:remove-background: Saving a checkpoint...
cellbender:remove-background: Saved checkpoint as /weka/scratch/scratch/Mon/mabdel03/Tsai_Data/Cellbender_Outputs/20646778/ckpt.tar.gz
cellbender:remove-background: [epoch 131]  average training loss: 1528.6546
cellbender:remove-background: [epoch 132]  average training loss: 1527.9085
cellbender:remove-background: [epoch 133]  average training loss: 1529.7941
cellbender:remove-background: [epoch 134]  average training loss: 1527.2503
cellbender:remove-background: [epoch 135]  average training loss: 1527.6027
cellbender:remove-background: [epoch 135] average test loss: 1547.7587
cellbender:remove-background: [epoch 136]  average training loss: 1528.7568
cellbender:remove-background: [epoch 137]  average training loss: 1529.4381
cellbender:remove-background: [epoch 138]  average training loss: 1529.4782
cellbender:remove-background: [epoch 139]  average training loss: 1527.4838
cellbender:remove-background: [epoch 140]  average training loss: 1527.5324
cellbender:remove-background: [epoch 140] average test loss: 1564.0692
cellbender:remove-background: [epoch 141]  average training loss: 1528.4012
cellbender:remove-background: [epoch 142]  average training loss: 1527.7394
cellbender:remove-background: [epoch 143]  average training loss: 1528.7117
cellbender:remove-background: [epoch 144]  average training loss: 1525.8104
cellbender:remove-background: [epoch 145]  average training loss: 1529.3198
cellbender:remove-background: [epoch 145] average test loss: 1555.4337
cellbender:remove-background: [epoch 146]  average training loss: 1527.6165
cellbender:remove-background: [epoch 147]  average training loss: 1531.2346
cellbender:remove-background: [epoch 148]  average training loss: 1528.3677
cellbender:remove-background: [epoch 149]  average training loss: 1526.7254
cellbender:remove-background: [epoch 150]  average training loss: 1528.8702
cellbender:remove-background: [epoch 150] average test loss: 1558.3133
cellbender:remove-background: Saving a checkpoint...
cellbender:remove-background: Saved checkpoint as /weka/scratch/scratch/Mon/mabdel03/Tsai_Data/Cellbender_Outputs/20646778/ckpt.tar.gz
cellbender:remove-background: 2026-01-31 22:49:34
cellbender:remove-background: Inference procedure complete.
cellbender:remove-background: Attempting to unpack tarball "ckpt.tar.gz" to /tmp/tmplbp2phfu
cellbender:remove-background: Successfully unpacked tarball to /tmp/tmplbp2phfu
/tmp/tmplbp2phfu/a3bffb20b5_random.pyro
/tmp/tmplbp2phfu/a3bffb20b5_random.cuda
/tmp/tmplbp2phfu/a3bffb20b5_model.torch
/tmp/tmplbp2phfu/a3bffb20b5_optim.torch
/tmp/tmplbp2phfu/a3bffb20b5_optim.pyro
/tmp/tmplbp2phfu/a3bffb20b5_params.pyro
/tmp/tmplbp2phfu/a3bffb20b5_train.loaderstate
/tmp/tmplbp2phfu/a3bffb20b5_test.loaderstate
/tmp/tmplbp2phfu/a3bffb20b5_args.npy
cellbender:remove-background: Posterior not currently included in checkpoint.
cellbender:remove-background: Computing posterior noise count probabilities in mini-batches.
cellbender:remove-background: Working on chunk (1/54)
cellbender:remove-background:     [0.03 mins per chunk]
cellbender:remove-background: Working on chunk (2/54)
cellbender:remove-background: Working on chunk (3/54)
cellbender:remove-background: Working on chunk (4/54)
cellbender:remove-background: Working on chunk (5/54)
cellbender:remove-background: Working on chunk (6/54)
cellbender:remove-background: Working on chunk (7/54)
cellbender:remove-background: Working on chunk (8/54)
cellbender:remove-background: Working on chunk (9/54)
cellbender:remove-background: Working on chunk (10/54)
cellbender:remove-background: Working on chunk (11/54)
cellbender:remove-background: Working on chunk (12/54)
cellbender:remove-background: Working on chunk (13/54)
cellbender:remove-background: Working on chunk (14/54)
cellbender:remove-background: Working on chunk (15/54)
cellbender:remove-background: Working on chunk (16/54)
cellbender:remove-background: Working on chunk (17/54)
cellbender:remove-background: Working on chunk (18/54)
cellbender:remove-background: Working on chunk (19/54)
cellbender:remove-background: Working on chunk (20/54)
cellbender:remove-background: Working on chunk (21/54)
cellbender:remove-background: Working on chunk (22/54)
cellbender:remove-background: Working on chunk (23/54)
cellbender:remove-background: Working on chunk (24/54)
cellbender:remove-background: Working on chunk (25/54)
cellbender:remove-background: Working on chunk (26/54)
cellbender:remove-background: Working on chunk (27/54)
cellbender:remove-background: Working on chunk (28/54)
cellbender:remove-background: Working on chunk (29/54)
cellbender:remove-background: Working on chunk (30/54)
cellbender:remove-background: Working on chunk (31/54)
cellbender:remove-background: Working on chunk (32/54)
cellbender:remove-background: Working on chunk (33/54)
cellbender:remove-background: Working on chunk (34/54)
cellbender:remove-background: Working on chunk (35/54)
cellbender:remove-background: Working on chunk (36/54)
cellbender:remove-background: Working on chunk (37/54)
cellbender:remove-background: Working on chunk (38/54)
cellbender:remove-background: Working on chunk (39/54)
cellbender:remove-background: Working on chunk (40/54)
cellbender:remove-background: Working on chunk (41/54)
cellbender:remove-background: Working on chunk (42/54)
cellbender:remove-background: Working on chunk (43/54)
cellbender:remove-background: Working on chunk (44/54)
cellbender:remove-background: Working on chunk (45/54)
cellbender:remove-background: Working on chunk (46/54)
cellbender:remove-background: Working on chunk (47/54)
cellbender:remove-background: Working on chunk (48/54)
cellbender:remove-background: Working on chunk (49/54)
cellbender:remove-background: Working on chunk (50/54)
cellbender:remove-background: Working on chunk (51/54)
cellbender:remove-background: Working on chunk (52/54)
cellbender:remove-background: Working on chunk (53/54)
cellbender:remove-background: Working on chunk (54/54)
cellbender:remove-background: Writing full posterior to /om/scratch/Mon/mabdel03/Tsai_Data/Cellbender_Outputs/20646778/processed_feature_bc_matrix_posterior.h5
Traceback (most recent call last):
  File "/om2/user/mabdel03/conda_envs/Cellbender_env/bin/cellbender", line 8, in <module>
    sys.exit(main())
  File "/om2/user/mabdel03/conda_envs/Cellbender_env/lib/python3.7/site-packages/cellbender/base_cli.py", line 118, in main
    cli_dict[args.tool].run(args)
  File "/om2/user/mabdel03/conda_envs/Cellbender_env/lib/python3.7/site-packages/cellbender/remove_background/cli.py", line 185, in run
    return main(args)
  File "/om2/user/mabdel03/conda_envs/Cellbender_env/lib/python3.7/site-packages/cellbender/remove_background/cli.py", line 230, in main
    posterior = run_remove_background(args)
  File "/om2/user/mabdel03/conda_envs/Cellbender_env/lib/python3.7/site-packages/cellbender/remove_background/run.py", line 107, in run_remove_background
    args=args,
  File "/om2/user/mabdel03/conda_envs/Cellbender_env/lib/python3.7/site-packages/cellbender/remove_background/posterior.py", line 130, in load_or_compute_posterior_and_save
    saved = posterior.save(file=posterior_file)
  File "/om2/user/mabdel03/conda_envs/Cellbender_env/lib/python3.7/site-packages/cellbender/remove_background/posterior.py", line 234, in save
    return write_posterior_coo_to_h5(output_file=file, **d)
  File "/om2/user/mabdel03/conda_envs/Cellbender_env/lib/python3.7/site-packages/cellbender/remove_background/data/io.py", line 275, in write_posterior_coo_to_h5
    title="CellBender remove-background posterior noise count probabilities"
  File "/om2/user/mabdel03/conda_envs/Cellbender_env/lib/python3.7/site-packages/tables/file.py", line 300, in open_file
    return File(filename, mode, title, root_uep, filters, **kwargs)
  File "/om2/user/mabdel03/conda_envs/Cellbender_env/lib/python3.7/site-packages/tables/file.py", line 750, in __init__
    self._g_new(filename, mode, **params)
  File "tables/hdf5extension.pyx", line 486, in tables.hdf5extension.File._g_new
tables.exceptions.HDF5ExtError: HDF5 error back trace

  File "H5F.c", line 532, in H5Fcreate
    unable to create file
  File "H5VLcallback.c", line 3282, in H5VL_file_create
    file create failed
  File "H5VLcallback.c", line 3248, in H5VL__file_create
    file create failed
  File "H5VLnative_file.c", line 63, in H5VL__native_file_create
    unable to create file
  File "H5Fint.c", line 1898, in H5F_open
    unable to lock the file
  File "H5FD.c", line 1625, in H5FD_lock
    driver lock request failed
  File "H5FDsec2.c", line 1002, in H5FD__sec2_lock
    unable to lock file, errno = 5, error message = 'Input/output error'

End of HDF5 error back trace

Unable to open/create file '/om/scratch/Mon/mabdel03/Tsai_Data/Cellbender_Outputs/20646778/processed_feature_bc_matrix_posterior.h5'
