cellbender:remove-background: Command:
cellbender remove-background --cuda --input /tmp/cellbender_44651289_162/raw_feature_bc_matrix.h5 --fpr 0 --output /om/scratch/Mon/mabdel03/Tsai_Data/Cellbender_Outputs/20798913/processed_feature_bc_matrix.h5
cellbender:remove-background: CellBender 0.3.0
cellbender:remove-background: (Workflow hash 7a7020fe0a)
cellbender:remove-background: 2026-01-31 22:47:45
cellbender:remove-background: Running remove-background
cellbender:remove-background: Loading data from /tmp/cellbender_44651289_162/raw_feature_bc_matrix.h5
cellbender:remove-background: CellRanger v3 format
cellbender:remove-background: Features in dataset: 36601 Gene Expression
cellbender:remove-background: Trimming features for inference.
cellbender:remove-background: 31318 features have nonzero counts.
cellbender:remove-background: Prior on counts for cells is 5496
cellbender:remove-background: Prior on counts for empty droplets is 59
cellbender:remove-background: Excluding 9596 features that are estimated to have <= 0.1 background counts in cells.
cellbender:remove-background: Including 21722 features in the analysis.
cellbender:remove-background: Trimming barcodes for inference.
cellbender:remove-background: Excluding barcodes with counts below 29
cellbender:remove-background: Using 2674 probable cell barcodes, plus an additional 14264 barcodes, and 75809 empty droplets.
cellbender:remove-background: Largest surely-empty droplet has 72 UMI counts.
cellbender:remove-background: Attempting to unpack tarball "ckpt.tar.gz" to /tmp/tmpofeqmtbc
cellbender:remove-background: No saved checkpoint.
cellbender:remove-background: No checkpoint loaded.
cellbender:remove-background: Running inference...
cellbender:remove-background: [epoch 001]  average training loss: 5640.6458
cellbender:remove-background: [epoch 002]  average training loss: 4600.9839  (8.6 seconds per epoch)
cellbender:remove-background: Will checkpoint every 50 epochs
cellbender:remove-background: [epoch 003]  average training loss: 3954.5766
cellbender:remove-background: [epoch 004]  average training loss: 3596.2098
cellbender:remove-background: [epoch 005]  average training loss: 3316.1738
cellbender:remove-background: [epoch 005] average test loss: 3382.0273
cellbender:remove-background: [epoch 006]  average training loss: 3288.7272
cellbender:remove-background: [epoch 007]  average training loss: 3231.6867
cellbender:remove-background: [epoch 008]  average training loss: 3200.9226
cellbender:remove-background: [epoch 009]  average training loss: 3176.5272
cellbender:remove-background: [epoch 010]  average training loss: 3161.2635
cellbender:remove-background: [epoch 010] average test loss: 3107.7672
cellbender:remove-background: [epoch 011]  average training loss: 3119.8315
cellbender:remove-background: [epoch 012]  average training loss: 3005.3742
cellbender:remove-background: [epoch 013]  average training loss: 2954.0902
cellbender:remove-background: [epoch 014]  average training loss: 2932.6798
cellbender:remove-background: [epoch 015]  average training loss: 2928.0974
cellbender:remove-background: [epoch 015] average test loss: 2883.9661
cellbender:remove-background: [epoch 016]  average training loss: 2927.5320
cellbender:remove-background: [epoch 017]  average training loss: 2906.6347
cellbender:remove-background: [epoch 018]  average training loss: 2900.0195
cellbender:remove-background: [epoch 019]  average training loss: 2884.7834
cellbender:remove-background: [epoch 020]  average training loss: 2892.5877
cellbender:remove-background: [epoch 020] average test loss: 2831.9456
cellbender:remove-background: [epoch 021]  average training loss: 2874.7326
cellbender:remove-background: [epoch 022]  average training loss: 2853.8381
cellbender:remove-background: [epoch 023]  average training loss: 2831.6808
cellbender:remove-background: [epoch 024]  average training loss: 2812.8454
cellbender:remove-background: [epoch 025]  average training loss: 2793.2203
cellbender:remove-background: [epoch 025] average test loss: 2771.6926
cellbender:remove-background: [epoch 026]  average training loss: 2785.8783
cellbender:remove-background: [epoch 027]  average training loss: 2774.7679
cellbender:remove-background: [epoch 028]  average training loss: 2770.5913
cellbender:remove-background: [epoch 029]  average training loss: 2761.1850
cellbender:remove-background: [epoch 030]  average training loss: 2760.8100
cellbender:remove-background: [epoch 030] average test loss: 2741.3864
cellbender:remove-background: [epoch 031]  average training loss: 2755.8413
cellbender:remove-background: [epoch 032]  average training loss: 2751.0105
cellbender:remove-background: [epoch 033]  average training loss: 2749.6472
cellbender:remove-background: [epoch 034]  average training loss: 2741.7328
cellbender:remove-background: [epoch 035]  average training loss: 2740.8953
cellbender:remove-background: [epoch 035] average test loss: 2714.6543
cellbender:remove-background: [epoch 036]  average training loss: 2734.8957
cellbender:remove-background: [epoch 037]  average training loss: 2734.8520
cellbender:remove-background: [epoch 038]  average training loss: 2731.9649
cellbender:remove-background: [epoch 039]  average training loss: 2727.3553
cellbender:remove-background: [epoch 040]  average training loss: 2726.8012
cellbender:remove-background: [epoch 040] average test loss: 2703.2344
cellbender:remove-background: [epoch 041]  average training loss: 2723.9898
cellbender:remove-background: [epoch 042]  average training loss: 2722.9369
cellbender:remove-background: [epoch 043]  average training loss: 2720.0327
cellbender:remove-background: [epoch 044]  average training loss: 2717.2616
cellbender:remove-background: [epoch 045]  average training loss: 2717.3014
cellbender:remove-background: [epoch 045] average test loss: 2706.2795
cellbender:remove-background: [epoch 046]  average training loss: 2718.6927
cellbender:remove-background: [epoch 047]  average training loss: 2715.3801
cellbender:remove-background: [epoch 048]  average training loss: 2715.2207
cellbender:remove-background: [epoch 049]  average training loss: 2712.6911
cellbender:remove-background: [epoch 050]  average training loss: 2710.4115
cellbender:remove-background: [epoch 050] average test loss: 2717.0523
cellbender:remove-background: Saving a checkpoint...
cellbender:remove-background: Saved checkpoint as /weka/scratch/scratch/Mon/mabdel03/Tsai_Data/Cellbender_Outputs/20798913/ckpt.tar.gz
cellbender:remove-background: [epoch 051]  average training loss: 2709.3285
cellbender:remove-background: [epoch 052]  average training loss: 2710.1927
cellbender:remove-background: [epoch 053]  average training loss: 2711.4261
cellbender:remove-background: [epoch 054]  average training loss: 2705.1807
cellbender:remove-background: [epoch 055]  average training loss: 2710.3552
cellbender:remove-background: [epoch 055] average test loss: 2697.7640
cellbender:remove-background: [epoch 056]  average training loss: 2707.3606
cellbender:remove-background: [epoch 057]  average training loss: 2712.2196
cellbender:remove-background: [epoch 058]  average training loss: 2710.9883
cellbender:remove-background: [epoch 059]  average training loss: 2707.2496
cellbender:remove-background: [epoch 060]  average training loss: 2706.9956
cellbender:remove-background: [epoch 060] average test loss: 2718.9716
cellbender:remove-background: [epoch 061]  average training loss: 2708.9756
cellbender:remove-background: [epoch 062]  average training loss: 2707.6907
cellbender:remove-background: [epoch 063]  average training loss: 2711.7095
cellbender:remove-background: [epoch 064]  average training loss: 2711.7808
cellbender:remove-background: [epoch 065]  average training loss: 2717.1037
cellbender:remove-background: [epoch 065] average test loss: 2699.4789
cellbender:remove-background: [epoch 066]  average training loss: 2713.4188
cellbender:remove-background: [epoch 067]  average training loss: 2717.9355
cellbender:remove-background: [epoch 068]  average training loss: 2712.5538
cellbender:remove-background: [epoch 069]  average training loss: 2721.3939
cellbender:remove-background: [epoch 070]  average training loss: 2721.0003
cellbender:remove-background: [epoch 070] average test loss: 2704.1450
cellbender:remove-background: [epoch 071]  average training loss: 2713.5409
cellbender:remove-background: [epoch 072]  average training loss: 2712.4212
cellbender:remove-background: [epoch 073]  average training loss: 2710.9652
cellbender:remove-background: [epoch 074]  average training loss: 2714.1631
cellbender:remove-background: [epoch 075]  average training loss: 2714.9833
cellbender:remove-background: [epoch 075] average test loss: 2741.1998
cellbender:remove-background: [epoch 076]  average training loss: 2714.5700
cellbender:remove-background: [epoch 077]  average training loss: 2707.4780
cellbender:remove-background: [epoch 078]  average training loss: 2710.3444
cellbender:remove-background: [epoch 079]  average training loss: 2709.5257
cellbender:remove-background: [epoch 080]  average training loss: 2704.6395
cellbender:remove-background: [epoch 080] average test loss: 2699.1982
cellbender:remove-background: [epoch 081]  average training loss: 2713.9936
cellbender:remove-background: [epoch 082]  average training loss: 2706.6824
cellbender:remove-background: [epoch 083]  average training loss: 2706.8618
cellbender:remove-background: [epoch 084]  average training loss: 2709.9990
cellbender:remove-background: [epoch 085]  average training loss: 2708.1613
cellbender:remove-background: [epoch 085] average test loss: 2694.1307
cellbender:remove-background: [epoch 086]  average training loss: 2703.0344
cellbender:remove-background: [epoch 087]  average training loss: 2705.1056
cellbender:remove-background: [epoch 088]  average training loss: 2707.0669
cellbender:remove-background: [epoch 089]  average training loss: 2704.0626
cellbender:remove-background: [epoch 090]  average training loss: 2702.8277
cellbender:remove-background: [epoch 090] average test loss: 2696.8885
cellbender:remove-background: [epoch 091]  average training loss: 2701.3618
cellbender:remove-background: [epoch 092]  average training loss: 2704.4507
cellbender:remove-background: [epoch 093]  average training loss: 2701.9980
cellbender:remove-background: [epoch 094]  average training loss: 2703.7215
cellbender:remove-background: [epoch 095]  average training loss: 2699.7552
cellbender:remove-background: [epoch 095] average test loss: 2716.6305
cellbender:remove-background: [epoch 096]  average training loss: 2698.2257
cellbender:remove-background: [epoch 097]  average training loss: 2701.4267
cellbender:remove-background: [epoch 098]  average training loss: 2699.6034
cellbender:remove-background: [epoch 099]  average training loss: 2698.2471
cellbender:remove-background: [epoch 100]  average training loss: 2698.0712
cellbender:remove-background: [epoch 100] average test loss: 2696.5473
cellbender:remove-background: Saving a checkpoint...
cellbender:remove-background: Saved checkpoint as /weka/scratch/scratch/Mon/mabdel03/Tsai_Data/Cellbender_Outputs/20798913/ckpt.tar.gz
cellbender:remove-background: [epoch 101]  average training loss: 2697.4066
cellbender:remove-background: [epoch 102]  average training loss: 2698.6857
cellbender:remove-background: [epoch 103]  average training loss: 2695.2978
cellbender:remove-background: [epoch 104]  average training loss: 2694.1326
cellbender:remove-background: [epoch 105]  average training loss: 2696.8997
cellbender:remove-background: [epoch 105] average test loss: 2700.4869
cellbender:remove-background: [epoch 106]  average training loss: 2697.2732
cellbender:remove-background: [epoch 107]  average training loss: 2698.1719
cellbender:remove-background: [epoch 108]  average training loss: 2696.5385
cellbender:remove-background: [epoch 109]  average training loss: 2696.4083
cellbender:remove-background: [epoch 110]  average training loss: 2696.3430
cellbender:remove-background: [epoch 110] average test loss: 2693.4240
cellbender:remove-background: [epoch 111]  average training loss: 2695.0956
cellbender:remove-background: [epoch 112]  average training loss: 2695.2166
cellbender:remove-background: [epoch 113]  average training loss: 2694.6569
cellbender:remove-background: [epoch 114]  average training loss: 2695.4439
cellbender:remove-background: [epoch 115]  average training loss: 2689.5880
cellbender:remove-background: [epoch 115] average test loss: 2699.9259
cellbender:remove-background: [epoch 116]  average training loss: 2691.1824
cellbender:remove-background: [epoch 117]  average training loss: 2691.6347
cellbender:remove-background: [epoch 118]  average training loss: 2689.0047
cellbender:remove-background: [epoch 119]  average training loss: 2690.7760
cellbender:remove-background: [epoch 120]  average training loss: 2690.1174
cellbender:remove-background: [epoch 120] average test loss: 2702.0150
cellbender:remove-background: [epoch 121]  average training loss: 2688.5010
cellbender:remove-background: [epoch 122]  average training loss: 2692.0664
cellbender:remove-background: [epoch 123]  average training loss: 2689.0359
cellbender:remove-background: [epoch 124]  average training loss: 2689.5060
cellbender:remove-background: [epoch 125]  average training loss: 2690.6272
cellbender:remove-background: [epoch 125] average test loss: 2694.2979
cellbender:remove-background: [epoch 126]  average training loss: 2689.4505
cellbender:remove-background: [epoch 127]  average training loss: 2688.7652
cellbender:remove-background: [epoch 128]  average training loss: 2688.3083
cellbender:remove-background: [epoch 129]  average training loss: 2690.1726
cellbender:remove-background: [epoch 130]  average training loss: 2684.5540
cellbender:remove-background: [epoch 130] average test loss: 2700.1674
cellbender:remove-background: [epoch 131]  average training loss: 2687.8497
cellbender:remove-background: [epoch 132]  average training loss: 2690.6879
cellbender:remove-background: [epoch 133]  average training loss: 2684.9345
cellbender:remove-background: [epoch 134]  average training loss: 2687.8014
cellbender:remove-background: [epoch 135]  average training loss: 2690.4204
cellbender:remove-background: [epoch 135] average test loss: 2702.6789
cellbender:remove-background: [epoch 136]  average training loss: 2688.2907
cellbender:remove-background: [epoch 137]  average training loss: 2687.1885
cellbender:remove-background: [epoch 138]  average training loss: 2687.0915
cellbender:remove-background: [epoch 139]  average training loss: 2685.2000
cellbender:remove-background: [epoch 140]  average training loss: 2686.7699
cellbender:remove-background: [epoch 140] average test loss: 2703.9531
cellbender:remove-background: [epoch 141]  average training loss: 2686.9068
cellbender:remove-background: [epoch 142]  average training loss: 2686.4049
cellbender:remove-background: [epoch 143]  average training loss: 2684.6845
cellbender:remove-background: [epoch 144]  average training loss: 2685.5862
cellbender:remove-background: [epoch 145]  average training loss: 2685.6773
cellbender:remove-background: [epoch 145] average test loss: 2696.7035
cellbender:remove-background: [epoch 146]  average training loss: 2686.9590
cellbender:remove-background: [epoch 147]  average training loss: 2687.5814
cellbender:remove-background: [epoch 148]  average training loss: 2686.0507
cellbender:remove-background: [epoch 149]  average training loss: 2686.6572
cellbender:remove-background: [epoch 150]  average training loss: 2684.7793
cellbender:remove-background: [epoch 150] average test loss: 2697.4148
cellbender:remove-background: Saving a checkpoint...
cellbender:remove-background: Saved checkpoint as /weka/scratch/scratch/Mon/mabdel03/Tsai_Data/Cellbender_Outputs/20798913/ckpt.tar.gz
cellbender:remove-background: 2026-01-31 23:13:47
cellbender:remove-background: Inference procedure complete.
cellbender:remove-background: Attempting to unpack tarball "ckpt.tar.gz" to /tmp/tmp1b_sva42
cellbender:remove-background: Successfully unpacked tarball to /tmp/tmp1b_sva42
/tmp/tmp1b_sva42/7a7020fe0a_random.pyro
/tmp/tmp1b_sva42/7a7020fe0a_random.cuda
/tmp/tmp1b_sva42/7a7020fe0a_model.torch
/tmp/tmp1b_sva42/7a7020fe0a_optim.torch
/tmp/tmp1b_sva42/7a7020fe0a_optim.pyro
/tmp/tmp1b_sva42/7a7020fe0a_params.pyro
/tmp/tmp1b_sva42/7a7020fe0a_train.loaderstate
/tmp/tmp1b_sva42/7a7020fe0a_test.loaderstate
/tmp/tmp1b_sva42/7a7020fe0a_args.npy
cellbender:remove-background: Posterior not currently included in checkpoint.
cellbender:remove-background: Computing posterior noise count probabilities in mini-batches.
cellbender:remove-background: Working on chunk (1/52)
cellbender:remove-background:     [0.04 mins per chunk]
cellbender:remove-background: Working on chunk (2/52)
cellbender:remove-background: Working on chunk (3/52)
cellbender:remove-background: Working on chunk (4/52)
cellbender:remove-background: Working on chunk (5/52)
cellbender:remove-background: Working on chunk (6/52)
cellbender:remove-background: Working on chunk (7/52)
cellbender:remove-background: Working on chunk (8/52)
cellbender:remove-background: Working on chunk (9/52)
cellbender:remove-background: Working on chunk (10/52)
cellbender:remove-background: Working on chunk (11/52)
cellbender:remove-background: Working on chunk (12/52)
cellbender:remove-background: Working on chunk (13/52)
cellbender:remove-background: Working on chunk (14/52)
cellbender:remove-background: Working on chunk (15/52)
cellbender:remove-background: Working on chunk (16/52)
cellbender:remove-background: Working on chunk (17/52)
cellbender:remove-background: Working on chunk (18/52)
cellbender:remove-background: Working on chunk (19/52)
cellbender:remove-background: Working on chunk (20/52)
cellbender:remove-background: Working on chunk (21/52)
cellbender:remove-background: Working on chunk (22/52)
cellbender:remove-background: Working on chunk (23/52)
cellbender:remove-background: Working on chunk (24/52)
cellbender:remove-background: Working on chunk (25/52)
cellbender:remove-background: Working on chunk (26/52)
cellbender:remove-background: Working on chunk (27/52)
cellbender:remove-background: Working on chunk (28/52)
cellbender:remove-background: Working on chunk (29/52)
cellbender:remove-background: Working on chunk (30/52)
cellbender:remove-background: Working on chunk (31/52)
cellbender:remove-background: Working on chunk (32/52)
cellbender:remove-background: Working on chunk (33/52)
cellbender:remove-background: Working on chunk (34/52)
cellbender:remove-background: Working on chunk (35/52)
cellbender:remove-background: Working on chunk (36/52)
cellbender:remove-background: Working on chunk (37/52)
cellbender:remove-background: Working on chunk (38/52)
cellbender:remove-background: Working on chunk (39/52)
cellbender:remove-background: Working on chunk (40/52)
cellbender:remove-background: Working on chunk (41/52)
cellbender:remove-background: Working on chunk (42/52)
cellbender:remove-background: Working on chunk (43/52)
cellbender:remove-background: Working on chunk (44/52)
cellbender:remove-background: Working on chunk (45/52)
cellbender:remove-background: Working on chunk (46/52)
cellbender:remove-background: Working on chunk (47/52)
cellbender:remove-background: Working on chunk (48/52)
cellbender:remove-background: Working on chunk (49/52)
cellbender:remove-background: Working on chunk (50/52)
cellbender:remove-background: Working on chunk (51/52)
cellbender:remove-background: Working on chunk (52/52)
cellbender:remove-background: Writing full posterior to /om/scratch/Mon/mabdel03/Tsai_Data/Cellbender_Outputs/20798913/processed_feature_bc_matrix_posterior.h5
Traceback (most recent call last):
  File "/om2/user/mabdel03/conda_envs/Cellbender_env/bin/cellbender", line 8, in <module>
    sys.exit(main())
  File "/om2/user/mabdel03/conda_envs/Cellbender_env/lib/python3.7/site-packages/cellbender/base_cli.py", line 118, in main
    cli_dict[args.tool].run(args)
  File "/om2/user/mabdel03/conda_envs/Cellbender_env/lib/python3.7/site-packages/cellbender/remove_background/cli.py", line 185, in run
    return main(args)
  File "/om2/user/mabdel03/conda_envs/Cellbender_env/lib/python3.7/site-packages/cellbender/remove_background/cli.py", line 230, in main
    posterior = run_remove_background(args)
  File "/om2/user/mabdel03/conda_envs/Cellbender_env/lib/python3.7/site-packages/cellbender/remove_background/run.py", line 107, in run_remove_background
    args=args,
  File "/om2/user/mabdel03/conda_envs/Cellbender_env/lib/python3.7/site-packages/cellbender/remove_background/posterior.py", line 130, in load_or_compute_posterior_and_save
    saved = posterior.save(file=posterior_file)
  File "/om2/user/mabdel03/conda_envs/Cellbender_env/lib/python3.7/site-packages/cellbender/remove_background/posterior.py", line 234, in save
    return write_posterior_coo_to_h5(output_file=file, **d)
  File "/om2/user/mabdel03/conda_envs/Cellbender_env/lib/python3.7/site-packages/cellbender/remove_background/data/io.py", line 275, in write_posterior_coo_to_h5
    title="CellBender remove-background posterior noise count probabilities"
  File "/om2/user/mabdel03/conda_envs/Cellbender_env/lib/python3.7/site-packages/tables/file.py", line 300, in open_file
    return File(filename, mode, title, root_uep, filters, **kwargs)
  File "/om2/user/mabdel03/conda_envs/Cellbender_env/lib/python3.7/site-packages/tables/file.py", line 750, in __init__
    self._g_new(filename, mode, **params)
  File "tables/hdf5extension.pyx", line 486, in tables.hdf5extension.File._g_new
tables.exceptions.HDF5ExtError: HDF5 error back trace

  File "H5F.c", line 532, in H5Fcreate
    unable to create file
  File "H5VLcallback.c", line 3282, in H5VL_file_create
    file create failed
  File "H5VLcallback.c", line 3248, in H5VL__file_create
    file create failed
  File "H5VLnative_file.c", line 63, in H5VL__native_file_create
    unable to create file
  File "H5Fint.c", line 1898, in H5F_open
    unable to lock the file
  File "H5FD.c", line 1625, in H5FD_lock
    driver lock request failed
  File "H5FDsec2.c", line 1002, in H5FD__sec2_lock
    unable to lock file, errno = 5, error message = 'Input/output error'

End of HDF5 error back trace

Unable to open/create file '/om/scratch/Mon/mabdel03/Tsai_Data/Cellbender_Outputs/20798913/processed_feature_bc_matrix_posterior.h5'
