cellbender:remove-background: Command:
cellbender remove-background --cuda --input /om/scratch/Mon/mabdel03/Tsai_Data/Cellranger_Outputs/21000054/outs/raw_feature_bc_matrix.h5 --fpr 0 --output /om/scratch/Mon/mabdel03/Tsai_Data/Cellbender_Outputs/21000054/processed_feature_bc_matrix.h5
cellbender:remove-background: CellBender 0.3.0
cellbender:remove-background: (Workflow hash 10a2a58adf)
cellbender:remove-background: 2026-02-01 16:52:14
cellbender:remove-background: Running remove-background
cellbender:remove-background: Loading data from /om/scratch/Mon/mabdel03/Tsai_Data/Cellranger_Outputs/21000054/outs/raw_feature_bc_matrix.h5
cellbender:remove-background: CellRanger v3 format
cellbender:remove-background: Features in dataset: 36601 Gene Expression
cellbender:remove-background: Trimming features for inference.
cellbender:remove-background: 30833 features have nonzero counts.
cellbender:remove-background: Prior on counts for cells is 12638
cellbender:remove-background: Prior on counts for empty droplets is 399
cellbender:remove-background: Excluding 7102 features that are estimated to have <= 0.1 background counts in cells.
cellbender:remove-background: Including 23731 features in the analysis.
cellbender:remove-background: Trimming barcodes for inference.
cellbender:remove-background: Excluding barcodes with counts below 199
cellbender:remove-background: Using 1485 probable cell barcodes, plus an additional 3155 barcodes, and 27191 empty droplets.
cellbender:remove-background: Largest surely-empty droplet has 512 UMI counts.
cellbender:remove-background: Attempting to unpack tarball "ckpt.tar.gz" to /tmp/tmpochaqdkb
cellbender:remove-background: No saved checkpoint.
cellbender:remove-background: No checkpoint loaded.
cellbender:remove-background: Running inference...
cellbender:remove-background: [epoch 001]  average training loss: 20025.8024
cellbender:remove-background: [epoch 002]  average training loss: 18945.3728  (2.8 seconds per epoch)
cellbender:remove-background: Will checkpoint every 149 epochs
cellbender:remove-background: [epoch 003]  average training loss: 17351.2403
cellbender:remove-background: [epoch 004]  average training loss: 15872.0713
cellbender:remove-background: [epoch 005]  average training loss: 15241.9904
cellbender:remove-background: [epoch 005] average test loss: 14456.3884
cellbender:remove-background: [epoch 006]  average training loss: 12970.4949
cellbender:remove-background: [epoch 007]  average training loss: 11464.8230
cellbender:remove-background: [epoch 008]  average training loss: 11054.5815
cellbender:remove-background: [epoch 009]  average training loss: 10442.0575
cellbender:remove-background: [epoch 010]  average training loss: 9548.6033
cellbender:remove-background: [epoch 010] average test loss: 10948.7564
cellbender:remove-background: [epoch 011]  average training loss: 9831.2115
cellbender:remove-background: [epoch 012]  average training loss: 9719.2557
cellbender:remove-background: [epoch 013]  average training loss: 9462.8061
cellbender:remove-background: [epoch 014]  average training loss: 9276.5721
cellbender:remove-background: [epoch 015]  average training loss: 9430.8066
cellbender:remove-background: [epoch 015] average test loss: 9369.7763
cellbender:remove-background: [epoch 016]  average training loss: 9144.6078
cellbender:remove-background: [epoch 017]  average training loss: 9273.9307
cellbender:remove-background: [epoch 018]  average training loss: 9223.4546
cellbender:remove-background: [epoch 019]  average training loss: 9327.3927
cellbender:remove-background: [epoch 020]  average training loss: 9446.6308
cellbender:remove-background: [epoch 020] average test loss: 9610.8130
cellbender:remove-background: [epoch 021]  average training loss: 9224.5714
cellbender:remove-background: [epoch 022]  average training loss: 8998.9216
cellbender:remove-background: [epoch 023]  average training loss: 8820.8580
cellbender:remove-background: [epoch 024]  average training loss: 8822.4690
cellbender:remove-background: [epoch 025]  average training loss: 8743.0703
cellbender:remove-background: [epoch 025] average test loss: 9201.7770
cellbender:remove-background: [epoch 026]  average training loss: 8656.3240
cellbender:remove-background: [epoch 027]  average training loss: 8694.5537
cellbender:remove-background: [epoch 028]  average training loss: 8860.1565
cellbender:remove-background: [epoch 029]  average training loss: 8660.7943
cellbender:remove-background: [epoch 030]  average training loss: 8791.2139
cellbender:remove-background: [epoch 030] average test loss: 9386.0353
cellbender:remove-background: [epoch 031]  average training loss: 8642.4686
cellbender:remove-background: [epoch 032]  average training loss: 8633.2344
cellbender:remove-background: [epoch 033]  average training loss: 8632.1351
cellbender:remove-background: [epoch 034]  average training loss: 8647.0439
cellbender:remove-background: [epoch 035]  average training loss: 8628.1881
cellbender:remove-background: [epoch 035] average test loss: 9149.3527
cellbender:remove-background: [epoch 036]  average training loss: 8594.1016
cellbender:remove-background: [epoch 037]  average training loss: 8568.3913
cellbender:remove-background: [epoch 038]  average training loss: 8544.9332
cellbender:remove-background: [epoch 039]  average training loss: 8569.2296
cellbender:remove-background: [epoch 040]  average training loss: 8563.6857
cellbender:remove-background: [epoch 040] average test loss: 8752.5920
cellbender:remove-background: [epoch 041]  average training loss: 8538.0721
cellbender:remove-background: [epoch 042]  average training loss: 8524.7677
cellbender:remove-background: [epoch 043]  average training loss: 8540.5048
cellbender:remove-background: [epoch 044]  average training loss: 8561.4000
cellbender:remove-background: [epoch 045]  average training loss: 8530.7110
cellbender:remove-background: [epoch 045] average test loss: 8807.8815
cellbender:remove-background: [epoch 046]  average training loss: 8463.0938
cellbender:remove-background: [epoch 047]  average training loss: 8468.5684
cellbender:remove-background: [epoch 048]  average training loss: 8450.2447
cellbender:remove-background: [epoch 049]  average training loss: 8448.8659
cellbender:remove-background: [epoch 050]  average training loss: 8434.0318
cellbender:remove-background: [epoch 050] average test loss: 8737.6058
cellbender:remove-background: [epoch 051]  average training loss: 8393.5079
cellbender:remove-background: [epoch 052]  average training loss: 8355.8946
cellbender:remove-background: [epoch 053]  average training loss: 8315.3577
cellbender:remove-background: [epoch 054]  average training loss: 8311.5607
cellbender:remove-background: [epoch 055]  average training loss: 8268.0490
cellbender:remove-background: [epoch 055] average test loss: 8654.1091
cellbender:remove-background: [epoch 056]  average training loss: 8270.9918
cellbender:remove-background: [epoch 057]  average training loss: 8260.3445
cellbender:remove-background: [epoch 058]  average training loss: 8231.2652
cellbender:remove-background: [epoch 059]  average training loss: 8219.7438
cellbender:remove-background: [epoch 060]  average training loss: 8212.3909
cellbender:remove-background: [epoch 060] average test loss: 8517.7792
cellbender:remove-background: [epoch 061]  average training loss: 8229.5783
cellbender:remove-background: [epoch 062]  average training loss: 8245.2568
cellbender:remove-background: [epoch 063]  average training loss: 8236.8947
cellbender:remove-background: [epoch 064]  average training loss: 8223.3508
cellbender:remove-background: [epoch 065]  average training loss: 8198.3038
cellbender:remove-background: [epoch 065] average test loss: 8544.5944
cellbender:remove-background: [epoch 066]  average training loss: 8215.6063
cellbender:remove-background: [epoch 067]  average training loss: 8175.3989
cellbender:remove-background: [epoch 068]  average training loss: 8174.9513
cellbender:remove-background: [epoch 069]  average training loss: 8181.2295
cellbender:remove-background: [epoch 070]  average training loss: 8168.7961
cellbender:remove-background: [epoch 070] average test loss: 8449.4619
cellbender:remove-background: [epoch 071]  average training loss: 8150.4055
cellbender:remove-background: [epoch 072]  average training loss: 8161.7570
cellbender:remove-background: [epoch 073]  average training loss: 8169.0216
cellbender:remove-background: [epoch 074]  average training loss: 8171.1759
cellbender:remove-background: [epoch 075]  average training loss: 8159.7322
cellbender:remove-background: [epoch 075] average test loss: 8453.9445
cellbender:remove-background: [epoch 076]  average training loss: 8148.2659
cellbender:remove-background: [epoch 077]  average training loss: 8152.6744
cellbender:remove-background: [epoch 078]  average training loss: 8164.0615
cellbender:remove-background: [epoch 079]  average training loss: 8133.8648
cellbender:remove-background: [epoch 080]  average training loss: 8135.5538
cellbender:remove-background: [epoch 080] average test loss: 8424.8417
cellbender:remove-background: [epoch 081]  average training loss: 8156.6449
cellbender:remove-background: [epoch 082]  average training loss: 8138.3161
cellbender:remove-background: [epoch 083]  average training loss: 8135.8099
cellbender:remove-background: [epoch 084]  average training loss: 8140.5178
cellbender:remove-background: [epoch 085]  average training loss: 8120.8226
cellbender:remove-background: [epoch 085] average test loss: 8451.5123
cellbender:remove-background: [epoch 086]  average training loss: 8130.9360
cellbender:remove-background: [epoch 087]  average training loss: 8136.1999
cellbender:remove-background: [epoch 088]  average training loss: 8126.5154
cellbender:remove-background: [epoch 089]  average training loss: 8112.9090
cellbender:remove-background: [epoch 090]  average training loss: 8123.5366
cellbender:remove-background: [epoch 090] average test loss: 8426.9641
cellbender:remove-background: [epoch 091]  average training loss: 8124.2878
cellbender:remove-background: [epoch 092]  average training loss: 8110.6555
cellbender:remove-background: [epoch 093]  average training loss: 8123.4638
cellbender:remove-background: [epoch 094]  average training loss: 8101.0597
cellbender:remove-background: [epoch 095]  average training loss: 8112.8891
cellbender:remove-background: [epoch 095] average test loss: 8383.3961
cellbender:remove-background: [epoch 096]  average training loss: 8102.6172
cellbender:remove-background: [epoch 097]  average training loss: 8099.2273
cellbender:remove-background: [epoch 098]  average training loss: 8109.7386
cellbender:remove-background: [epoch 099]  average training loss: 8105.2685
cellbender:remove-background: [epoch 100]  average training loss: 8077.9194
cellbender:remove-background: [epoch 100] average test loss: 8430.5030
cellbender:remove-background: [epoch 101]  average training loss: 8090.1359
cellbender:remove-background: [epoch 102]  average training loss: 8087.1561
cellbender:remove-background: [epoch 103]  average training loss: 8088.6100
cellbender:remove-background: [epoch 104]  average training loss: 8094.5890
cellbender:remove-background: [epoch 105]  average training loss: 8072.0436
cellbender:remove-background: [epoch 105] average test loss: 8409.3414
cellbender:remove-background: [epoch 106]  average training loss: 8085.1354
cellbender:remove-background: [epoch 107]  average training loss: 8080.8624
cellbender:remove-background: [epoch 108]  average training loss: 8087.4363
cellbender:remove-background: [epoch 109]  average training loss: 8078.7864
cellbender:remove-background: [epoch 110]  average training loss: 8072.9192
cellbender:remove-background: [epoch 110] average test loss: 8400.5471
cellbender:remove-background: [epoch 111]  average training loss: 8070.1868
cellbender:remove-background: [epoch 112]  average training loss: 8077.2446
cellbender:remove-background: [epoch 113]  average training loss: 8070.2370
cellbender:remove-background: [epoch 114]  average training loss: 8059.7782
cellbender:remove-background: [epoch 115]  average training loss: 8070.4335
cellbender:remove-background: [epoch 115] average test loss: 8395.2655
cellbender:remove-background: [epoch 116]  average training loss: 8068.3823
cellbender:remove-background: [epoch 117]  average training loss: 8061.7380
cellbender:remove-background: [epoch 118]  average training loss: 8055.1432
cellbender:remove-background: [epoch 119]  average training loss: 8060.3748
cellbender:remove-background: [epoch 120]  average training loss: 8058.8024
cellbender:remove-background: [epoch 120] average test loss: 8377.3503
cellbender:remove-background: [epoch 121]  average training loss: 8066.3178
cellbender:remove-background: [epoch 122]  average training loss: 8060.1502
cellbender:remove-background: [epoch 123]  average training loss: 8069.9012
cellbender:remove-background: [epoch 124]  average training loss: 8067.6906
cellbender:remove-background: [epoch 125]  average training loss: 8060.3286
cellbender:remove-background: [epoch 125] average test loss: 8375.2911
cellbender:remove-background: [epoch 126]  average training loss: 8059.5497
cellbender:remove-background: [epoch 127]  average training loss: 8060.0086
cellbender:remove-background: [epoch 128]  average training loss: 8054.9584
cellbender:remove-background: [epoch 129]  average training loss: 8061.2927
cellbender:remove-background: [epoch 130]  average training loss: 8055.0287
cellbender:remove-background: [epoch 130] average test loss: 8383.1858
cellbender:remove-background: [epoch 131]  average training loss: 8059.4093
cellbender:remove-background: [epoch 132]  average training loss: 8060.3794
cellbender:remove-background: [epoch 133]  average training loss: 8052.3913
cellbender:remove-background: [epoch 134]  average training loss: 8052.8663
cellbender:remove-background: [epoch 135]  average training loss: 8051.0248
cellbender:remove-background: [epoch 135] average test loss: 8390.1929
cellbender:remove-background: [epoch 136]  average training loss: 8060.3126
cellbender:remove-background: [epoch 137]  average training loss: 8059.7593
cellbender:remove-background: [epoch 138]  average training loss: 8052.5572
cellbender:remove-background: [epoch 139]  average training loss: 8053.2492
cellbender:remove-background: [epoch 140]  average training loss: 8053.5225
cellbender:remove-background: [epoch 140] average test loss: 8393.8120
cellbender:remove-background: [epoch 141]  average training loss: 8055.0448
cellbender:remove-background: [epoch 142]  average training loss: 8056.5824
cellbender:remove-background: [epoch 143]  average training loss: 8053.9398
cellbender:remove-background: [epoch 144]  average training loss: 8048.8926
cellbender:remove-background: [epoch 145]  average training loss: 8050.4694
cellbender:remove-background: [epoch 145] average test loss: 8397.3162
cellbender:remove-background: [epoch 146]  average training loss: 8048.8878
cellbender:remove-background: [epoch 147]  average training loss: 8052.3019
cellbender:remove-background: [epoch 148]  average training loss: 8048.5180
cellbender:remove-background: [epoch 149]  average training loss: 8051.5164
cellbender:remove-background: Saving a checkpoint...
cellbender:remove-background: Saved checkpoint as /weka/scratch/scratch/Mon/mabdel03/Tsai_Data/Cellbender_Outputs/21000054/ckpt.tar.gz
cellbender:remove-background: [epoch 150]  average training loss: 8051.8126
cellbender:remove-background: [epoch 150] average test loss: 8386.0346
cellbender:remove-background: Saving a checkpoint...
cellbender:remove-background: Saved checkpoint as /weka/scratch/scratch/Mon/mabdel03/Tsai_Data/Cellbender_Outputs/21000054/ckpt.tar.gz
cellbender:remove-background: 2026-02-01 17:02:37
cellbender:remove-background: Inference procedure complete.
cellbender:remove-background: Attempting to unpack tarball "ckpt.tar.gz" to /tmp/tmp3t0n2vbh
cellbender:remove-background: Successfully unpacked tarball to /tmp/tmp3t0n2vbh
/tmp/tmp3t0n2vbh/10a2a58adf_random.pyro
/tmp/tmp3t0n2vbh/10a2a58adf_random.cuda
/tmp/tmp3t0n2vbh/10a2a58adf_model.torch
/tmp/tmp3t0n2vbh/10a2a58adf_optim.torch
/tmp/tmp3t0n2vbh/10a2a58adf_optim.pyro
/tmp/tmp3t0n2vbh/10a2a58adf_params.pyro
/tmp/tmp3t0n2vbh/10a2a58adf_train.loaderstate
/tmp/tmp3t0n2vbh/10a2a58adf_test.loaderstate
/tmp/tmp3t0n2vbh/10a2a58adf_args.npy
cellbender:remove-background: Posterior not currently included in checkpoint.
cellbender:remove-background: Computing posterior noise count probabilities in mini-batches.
cellbender:remove-background: Working on chunk (1/27)
cellbender:remove-background:     [0.05 mins per chunk]
cellbender:remove-background: Working on chunk (2/27)
cellbender:remove-background: Working on chunk (3/27)
cellbender:remove-background: Working on chunk (4/27)
cellbender:remove-background: Working on chunk (5/27)
cellbender:remove-background: Working on chunk (6/27)
cellbender:remove-background: Working on chunk (7/27)
cellbender:remove-background: Working on chunk (8/27)
cellbender:remove-background: Working on chunk (9/27)
cellbender:remove-background: Working on chunk (10/27)
cellbender:remove-background: Working on chunk (11/27)
cellbender:remove-background: Working on chunk (12/27)
cellbender:remove-background: Working on chunk (13/27)
cellbender:remove-background: Working on chunk (14/27)
cellbender:remove-background: Working on chunk (15/27)
cellbender:remove-background: Working on chunk (16/27)
cellbender:remove-background: Working on chunk (17/27)
cellbender:remove-background: Working on chunk (18/27)
cellbender:remove-background: Working on chunk (19/27)
cellbender:remove-background: Working on chunk (20/27)
cellbender:remove-background: Working on chunk (21/27)
cellbender:remove-background: Working on chunk (22/27)
cellbender:remove-background: Working on chunk (23/27)
cellbender:remove-background: Working on chunk (24/27)
cellbender:remove-background: Working on chunk (25/27)
cellbender:remove-background: Working on chunk (26/27)
cellbender:remove-background: Working on chunk (27/27)
cellbender:remove-background: Writing full posterior to /om/scratch/Mon/mabdel03/Tsai_Data/Cellbender_Outputs/21000054/processed_feature_bc_matrix_posterior.h5
cellbender:remove-background: Succeeded in writing posterior to file /om/scratch/Mon/mabdel03/Tsai_Data/Cellbender_Outputs/21000054/processed_feature_bc_matrix_posterior.h5
cellbender:remove-background: Added posterior object to checkpoint file.
cellbender:remove-background: 2026-02-01 17:06:54

cellbender:remove-background: Saved summary plots as /om/scratch/Mon/mabdel03/Tsai_Data/Cellbender_Outputs/21000054/processed_feature_bc_matrix.pdf
cellbender:remove-background: Saved cell barcodes in /om/scratch/Mon/mabdel03/Tsai_Data/Cellbender_Outputs/21000054/processed_feature_bc_matrix_cell_barcodes.csv
cellbender:remove-background: Computing target noise counts per gene for MCKP estimator
cellbender:remove-background: Using MCKP noise targets computed for FPR 0.0
cellbender:remove-background: Computing denoised counts using mckp estimator
cellbender:remove-background: Working on chunk (1/7)
cellbender:remove-background:     [1.83 mins per chunk]
cellbender:remove-background: Working on chunk (2/7)
cellbender:remove-background: Working on chunk (3/7)
cellbender:remove-background: Working on chunk (4/7)
cellbender:remove-background: Working on chunk (5/7)
cellbender:remove-background: Working on chunk (6/7)
cellbender:remove-background: Working on chunk (7/7)
cellbender:remove-background: 2026-02-01 17:20:24 Total MCKP estimation time = 776.85 sec
cellbender:remove-background: Succeeded in writing CellRanger format output to file /om/scratch/Mon/mabdel03/Tsai_Data/Cellbender_Outputs/21000054/processed_feature_bc_matrix.h5
cellbender:remove-background: Succeeded in writing CellRanger format output to file /om/scratch/Mon/mabdel03/Tsai_Data/Cellbender_Outputs/21000054/processed_feature_bc_matrix_filtered.h5
cellbender:remove-background: Saved output metrics as /om/scratch/Mon/mabdel03/Tsai_Data/Cellbender_Outputs/21000054/processed_feature_bc_matrix_metrics.csv
[NbConvertApp] Converting notebook tmp.report.ipynb to notebook
[NbConvertApp] Writing 444563 bytes to tmp.report.nbconvert.ipynb
[NbConvertApp] Converting notebook tmp.report.nbconvert.ipynb to html
[NbConvertApp] Writing 1019250 bytes to tmp.report.nbconvert.html
cellbender:remove-background: Succeeded in writing report to /om/scratch/Mon/mabdel03/Tsai_Data/Cellbender_Outputs/21000054/processed_feature_bc_matrix_report.html
cellbender:remove-background: Completed remove-background.
cellbender:remove-background: 2026-02-01 17:21:15

