cellbender:remove-background: Command:
cellbender remove-background --cuda --input /om/scratch/Mon/mabdel03/Tsai_Data/Cellranger_Outputs/65652206/outs/raw_feature_bc_matrix.h5 --fpr 0 --output /om/scratch/Mon/mabdel03/Tsai_Data/Cellbender_Outputs/65652206/processed_feature_bc_matrix.h5
cellbender:remove-background: CellBender 0.3.0
cellbender:remove-background: (Workflow hash 207e298181)
cellbender:remove-background: 2026-02-02 01:54:37
cellbender:remove-background: Running remove-background
cellbender:remove-background: Loading data from /om/scratch/Mon/mabdel03/Tsai_Data/Cellranger_Outputs/65652206/outs/raw_feature_bc_matrix.h5
cellbender:remove-background: CellRanger v3 format
cellbender:remove-background: Features in dataset: 36601 Gene Expression
cellbender:remove-background: Trimming features for inference.
cellbender:remove-background: 29561 features have nonzero counts.
cellbender:remove-background: Prior on counts for cells is 1203
cellbender:remove-background: Prior on counts for empty droplets is 487
cellbender:remove-background: Excluding 3400 features that are estimated to have <= 0.1 background counts in cells.
cellbender:remove-background: Including 26161 features in the analysis.
cellbender:remove-background: Trimming barcodes for inference.
cellbender:remove-background: Excluding barcodes with counts below 243
cellbender:remove-background: Using 4229 probable cell barcodes, plus an additional 12685 barcodes, and 29558 empty droplets.
cellbender:remove-background: Largest surely-empty droplet has 595 UMI counts.
cellbender:remove-background: Attempting to unpack tarball "ckpt.tar.gz" to /tmp/tmp9xzo7c7w
cellbender:remove-background: No saved checkpoint.
cellbender:remove-background: No checkpoint loaded.
cellbender:remove-background: Running inference...
cellbender:remove-background: [epoch 001]  average training loss: 3137.3067
cellbender:remove-background: [epoch 002]  average training loss: 3019.6257  (10.0 seconds per epoch)
cellbender:remove-background: Will checkpoint every 43 epochs
cellbender:remove-background: [epoch 003]  average training loss: 2985.0223
cellbender:remove-background: [epoch 004]  average training loss: 2958.1165
cellbender:remove-background: [epoch 005]  average training loss: 2868.2032
cellbender:remove-background: [epoch 005] average test loss: 2831.0933
cellbender:remove-background: [epoch 006]  average training loss: 2829.4806
cellbender:remove-background: [epoch 007]  average training loss: 2929.0662
cellbender:remove-background: [epoch 008]  average training loss: 3215.3257
cellbender:remove-background: [epoch 009]  average training loss: 3275.5375
cellbender:remove-background: [epoch 010]  average training loss: 3133.2534
cellbender:remove-background: [epoch 010] average test loss: 2982.1687
cellbender:remove-background: [epoch 011]  average training loss: 3013.9033
cellbender:remove-background: [epoch 012]  average training loss: 2946.2225
cellbender:remove-background: [epoch 013]  average training loss: 2862.5842
cellbender:remove-background: [epoch 014]  average training loss: 2816.7413
cellbender:remove-background: [epoch 015]  average training loss: 2809.0963
cellbender:remove-background: [epoch 015] average test loss: 2770.8637
cellbender:remove-background: [epoch 016]  average training loss: 2794.5620
cellbender:remove-background: [epoch 017]  average training loss: 2772.1682
cellbender:remove-background: [epoch 018]  average training loss: 2758.3518
cellbender:remove-background: [epoch 019]  average training loss: 2748.5392
cellbender:remove-background: [epoch 020]  average training loss: 2755.7438
cellbender:remove-background: [epoch 020] average test loss: 2753.7040
cellbender:remove-background: [epoch 021]  average training loss: 2756.0340
cellbender:remove-background: [epoch 022]  average training loss: 2750.1401
cellbender:remove-background: [epoch 023]  average training loss: 2757.4897
cellbender:remove-background: [epoch 024]  average training loss: 2760.7157
cellbender:remove-background: [epoch 025]  average training loss: 2761.0610
cellbender:remove-background: [epoch 025] average test loss: 2774.7828
cellbender:remove-background: [epoch 026]  average training loss: 2764.2529
cellbender:remove-background: [epoch 027]  average training loss: 2768.6821
cellbender:remove-background: [epoch 028]  average training loss: 2767.0267
cellbender:remove-background: [epoch 029]  average training loss: 2786.0743
cellbender:remove-background: [epoch 030]  average training loss: 2778.7185
cellbender:remove-background: [epoch 030] average test loss: 2819.7014
cellbender:remove-background: [epoch 031]  average training loss: 2820.2968
cellbender:remove-background: [epoch 032]  average training loss: 2868.1333
cellbender:remove-background: [epoch 033]  average training loss: 2909.9722
cellbender:remove-background: [epoch 034]  average training loss: 2923.0391
cellbender:remove-background: [epoch 035]  average training loss: 2920.4687
cellbender:remove-background: [epoch 035] average test loss: 2926.2314
cellbender:remove-background: [epoch 036]  average training loss: 2925.2243
cellbender:remove-background: [epoch 037]  average training loss: 2926.5344
cellbender:remove-background: [epoch 038]  average training loss: 2928.5490
cellbender:remove-background: [epoch 039]  average training loss: 2928.8608
cellbender:remove-background: [epoch 040]  average training loss: 2930.6385
cellbender:remove-background: [epoch 040] average test loss: 2931.6982
cellbender:remove-background: [epoch 041]  average training loss: 2930.0601
cellbender:remove-background: [epoch 042]  average training loss: 2926.8463
cellbender:remove-background: [epoch 043]  average training loss: 2928.6845
cellbender:remove-background: Saving a checkpoint...
cellbender:remove-background: Saved checkpoint as /weka/scratch/scratch/Mon/mabdel03/Tsai_Data/Cellbender_Outputs/65652206/ckpt.tar.gz
cellbender:remove-background: [epoch 044]  average training loss: 2928.6765
cellbender:remove-background: [epoch 045]  average training loss: 2928.8720
cellbender:remove-background: [epoch 045] average test loss: 2930.1729
cellbender:remove-background: [epoch 046]  average training loss: 2932.3841
cellbender:remove-background: [epoch 047]  average training loss: 2930.6835
cellbender:remove-background: [epoch 048]  average training loss: 2928.2065
cellbender:remove-background: [epoch 049]  average training loss: 2925.1324
cellbender:remove-background: [epoch 050]  average training loss: 2924.6609
cellbender:remove-background: [epoch 050] average test loss: 2908.4970
cellbender:remove-background: [epoch 051]  average training loss: 2924.3195
cellbender:remove-background: [epoch 052]  average training loss: 2926.4212
cellbender:remove-background: [epoch 053]  average training loss: 2927.7170
cellbender:remove-background: [epoch 054]  average training loss: 2926.6830
cellbender:remove-background: [epoch 055]  average training loss: 2931.8641
cellbender:remove-background: [epoch 055] average test loss: 2915.4024
cellbender:remove-background: [epoch 056]  average training loss: 2925.8856
cellbender:remove-background: [epoch 057]  average training loss: 2925.1227
cellbender:remove-background: [epoch 058]  average training loss: 2930.0283
cellbender:remove-background: [epoch 059]  average training loss: 2927.8668
cellbender:remove-background: [epoch 060]  average training loss: 2927.1341
cellbender:remove-background: [epoch 060] average test loss: 2916.5070
cellbender:remove-background: [epoch 061]  average training loss: 2927.3174
cellbender:remove-background: [epoch 062]  average training loss: 2925.0097
cellbender:remove-background: [epoch 063]  average training loss: 2924.8040
cellbender:remove-background: [epoch 064]  average training loss: 2925.1473
cellbender:remove-background: [epoch 065]  average training loss: 2926.9160
cellbender:remove-background: [epoch 065] average test loss: 2901.1654
cellbender:remove-background: [epoch 066]  average training loss: 2927.2692
cellbender:remove-background: [epoch 067]  average training loss: 2929.6989
cellbender:remove-background: [epoch 068]  average training loss: 2927.7963
cellbender:remove-background: [epoch 069]  average training loss: 2927.7421
cellbender:remove-background: [epoch 070]  average training loss: 2924.8187
cellbender:remove-background: [epoch 070] average test loss: 2921.1413
cellbender:remove-background: [epoch 071]  average training loss: 2928.5513
cellbender:remove-background: [epoch 072]  average training loss: 2924.4521
cellbender:remove-background: [epoch 073]  average training loss: 2923.5416
cellbender:remove-background: [epoch 074]  average training loss: 2930.3138
cellbender:remove-background: [epoch 075]  average training loss: 2923.2220
cellbender:remove-background: [epoch 075] average test loss: 2921.4664
cellbender:remove-background: [epoch 076]  average training loss: 2927.6339
cellbender:remove-background: [epoch 077]  average training loss: 2924.2573
cellbender:remove-background: [epoch 078]  average training loss: 2926.6501
cellbender:remove-background: [epoch 079]  average training loss: 2924.2638
cellbender:remove-background: [epoch 080]  average training loss: 2926.2116
cellbender:remove-background: [epoch 080] average test loss: 2910.0267
cellbender:remove-background: [epoch 081]  average training loss: 2925.3039
cellbender:remove-background: [epoch 082]  average training loss: 2922.4562
cellbender:remove-background: [epoch 083]  average training loss: 2924.6917
cellbender:remove-background: [epoch 084]  average training loss: 2926.3664
cellbender:remove-background: [epoch 085]  average training loss: 2922.8931
cellbender:remove-background: [epoch 085] average test loss: 2908.4886
cellbender:remove-background: [epoch 086]  average training loss: 2922.9187
cellbender:remove-background: Saving a checkpoint...
cellbender:remove-background: Saved checkpoint as /weka/scratch/scratch/Mon/mabdel03/Tsai_Data/Cellbender_Outputs/65652206/ckpt.tar.gz
cellbender:remove-background: [epoch 087]  average training loss: 2924.1234
cellbender:remove-background: [epoch 088]  average training loss: 2923.4771
cellbender:remove-background: [epoch 089]  average training loss: 2923.9974
cellbender:remove-background: [epoch 090]  average training loss: 2923.7244
cellbender:remove-background: [epoch 090] average test loss: 2940.4071
cellbender:remove-background: [epoch 091]  average training loss: 2926.0599
cellbender:remove-background: [epoch 092]  average training loss: 2926.7443
cellbender:remove-background: [epoch 093]  average training loss: 2923.7139
cellbender:remove-background: [epoch 094]  average training loss: 2924.2332
cellbender:remove-background: [epoch 095]  average training loss: 2924.2642
cellbender:remove-background: [epoch 095] average test loss: 2918.2798
cellbender:remove-background: [epoch 096]  average training loss: 2920.7465
cellbender:remove-background: [epoch 097]  average training loss: 2923.2606
cellbender:remove-background: [epoch 098]  average training loss: 2922.4291
cellbender:remove-background: [epoch 099]  average training loss: 2923.5561
cellbender:remove-background: [epoch 100]  average training loss: 2924.9674
cellbender:remove-background: [epoch 100] average test loss: 2917.5491
cellbender:remove-background: [epoch 101]  average training loss: 2921.7424
cellbender:remove-background: [epoch 102]  average training loss: 2925.9308
cellbender:remove-background: [epoch 103]  average training loss: 2921.4713
cellbender:remove-background: [epoch 104]  average training loss: 2924.6526
cellbender:remove-background: [epoch 105]  average training loss: 2925.1267
cellbender:remove-background: [epoch 105] average test loss: 2917.1293
cellbender:remove-background: [epoch 106]  average training loss: 2925.4068
cellbender:remove-background: [epoch 107]  average training loss: 2925.1193
cellbender:remove-background: [epoch 108]  average training loss: 2922.2166
cellbender:remove-background: [epoch 109]  average training loss: 2924.4173
cellbender:remove-background: [epoch 110]  average training loss: 2928.8672
cellbender:remove-background: [epoch 110] average test loss: 2918.2715
cellbender:remove-background: [epoch 111]  average training loss: 2922.7960
cellbender:remove-background: [epoch 112]  average training loss: 2925.4490
cellbender:remove-background: [epoch 113]  average training loss: 2923.1266
cellbender:remove-background: [epoch 114]  average training loss: 2923.0325
cellbender:remove-background: [epoch 115]  average training loss: 2924.6205
cellbender:remove-background: [epoch 115] average test loss: 2916.7257
cellbender:remove-background: [epoch 116]  average training loss: 2922.2161
cellbender:remove-background: [epoch 117]  average training loss: 2922.0418
cellbender:remove-background: [epoch 118]  average training loss: 2926.8772
cellbender:remove-background: [epoch 119]  average training loss: 2923.5050
cellbender:remove-background: [epoch 120]  average training loss: 2923.1526
cellbender:remove-background: [epoch 120] average test loss: 2921.9609
cellbender:remove-background: [epoch 121]  average training loss: 2925.0000
cellbender:remove-background: [epoch 122]  average training loss: 2923.0116
cellbender:remove-background: [epoch 123]  average training loss: 2923.5261
cellbender:remove-background: [epoch 124]  average training loss: 2923.0194
cellbender:remove-background: [epoch 125]  average training loss: 2927.6794
cellbender:remove-background: [epoch 125] average test loss: 2918.1832
cellbender:remove-background: [epoch 126]  average training loss: 2923.5247
cellbender:remove-background: [epoch 127]  average training loss: 2922.4145
cellbender:remove-background: [epoch 128]  average training loss: 2924.4958
cellbender:remove-background: [epoch 129]  average training loss: 2924.7103
cellbender:remove-background: Saving a checkpoint...
cellbender:remove-background: Saved checkpoint as /weka/scratch/scratch/Mon/mabdel03/Tsai_Data/Cellbender_Outputs/65652206/ckpt.tar.gz
cellbender:remove-background: [epoch 130]  average training loss: 2926.7664
cellbender:remove-background: [epoch 130] average test loss: 2930.5281
cellbender:remove-background: [epoch 131]  average training loss: 2924.3090
cellbender:remove-background: [epoch 132]  average training loss: 2923.6957
cellbender:remove-background: [epoch 133]  average training loss: 2924.3434
cellbender:remove-background: [epoch 134]  average training loss: 2924.3865
cellbender:remove-background: [epoch 135]  average training loss: 2922.2835
cellbender:remove-background: [epoch 135] average test loss: 2918.7674
cellbender:remove-background: [epoch 136]  average training loss: 2922.9927
cellbender:remove-background: [epoch 137]  average training loss: 2923.0642
cellbender:remove-background: [epoch 138]  average training loss: 2925.5729
cellbender:remove-background: [epoch 139]  average training loss: 2921.3489
cellbender:remove-background: [epoch 140]  average training loss: 2922.1437
cellbender:remove-background: [epoch 140] average test loss: 2920.8672
cellbender:remove-background: [epoch 141]  average training loss: 2922.0948
cellbender:remove-background: [epoch 142]  average training loss: 2923.1204
cellbender:remove-background: [epoch 143]  average training loss: 2921.4426
cellbender:remove-background: [epoch 144]  average training loss: 2923.1899
cellbender:remove-background: [epoch 145]  average training loss: 2923.1393
cellbender:remove-background: [epoch 145] average test loss: 2920.2294
cellbender:remove-background: [epoch 146]  average training loss: 2922.4457
cellbender:remove-background: [epoch 147]  average training loss: 2922.1226
cellbender:remove-background: [epoch 148]  average training loss: 2921.6578
cellbender:remove-background: [epoch 149]  average training loss: 2922.5047
cellbender:remove-background: [epoch 150]  average training loss: 2922.3145
cellbender:remove-background: [epoch 150] average test loss: 2924.4708
cellbender:remove-background: Saving a checkpoint...
cellbender:remove-background: Saved checkpoint as /weka/scratch/scratch/Mon/mabdel03/Tsai_Data/Cellbender_Outputs/65652206/ckpt.tar.gz
cellbender:remove-background: 2026-02-02 02:25:03
cellbender:remove-background: Inference procedure complete.
cellbender:remove-background: Attempting to unpack tarball "ckpt.tar.gz" to /tmp/tmpewnh6jqx
cellbender:remove-background: Successfully unpacked tarball to /tmp/tmpewnh6jqx
/tmp/tmpewnh6jqx/207e298181_random.pyro
/tmp/tmpewnh6jqx/207e298181_random.cuda
/tmp/tmpewnh6jqx/207e298181_model.torch
/tmp/tmpewnh6jqx/207e298181_optim.torch
/tmp/tmpewnh6jqx/207e298181_optim.pyro
/tmp/tmpewnh6jqx/207e298181_params.pyro
/tmp/tmpewnh6jqx/207e298181_train.loaderstate
/tmp/tmpewnh6jqx/207e298181_test.loaderstate
/tmp/tmpewnh6jqx/207e298181_args.npy
cellbender:remove-background: Posterior not currently included in checkpoint.
cellbender:remove-background: Computing posterior noise count probabilities in mini-batches.
cellbender:remove-background: Working on chunk (1/130)
cellbender:remove-background:     [0.04 mins per chunk]
cellbender:remove-background: Working on chunk (2/130)
cellbender:remove-background: Working on chunk (3/130)
cellbender:remove-background: Working on chunk (4/130)
cellbender:remove-background: Working on chunk (5/130)
cellbender:remove-background: Working on chunk (6/130)
cellbender:remove-background: Working on chunk (7/130)
cellbender:remove-background: Working on chunk (8/130)
cellbender:remove-background: Working on chunk (9/130)
cellbender:remove-background: Working on chunk (10/130)
cellbender:remove-background: Working on chunk (11/130)
cellbender:remove-background: Working on chunk (12/130)
cellbender:remove-background: Working on chunk (13/130)
cellbender:remove-background: Working on chunk (14/130)
cellbender:remove-background: Working on chunk (15/130)
cellbender:remove-background: Working on chunk (16/130)
cellbender:remove-background: Working on chunk (17/130)
cellbender:remove-background: Working on chunk (18/130)
cellbender:remove-background: Working on chunk (19/130)
cellbender:remove-background: Working on chunk (20/130)
cellbender:remove-background: Working on chunk (21/130)
cellbender:remove-background: Working on chunk (22/130)
cellbender:remove-background: Working on chunk (23/130)
cellbender:remove-background: Working on chunk (24/130)
cellbender:remove-background: Working on chunk (25/130)
cellbender:remove-background: Working on chunk (26/130)
cellbender:remove-background: Working on chunk (27/130)
cellbender:remove-background: Working on chunk (28/130)
cellbender:remove-background: Working on chunk (29/130)
cellbender:remove-background: Working on chunk (30/130)
cellbender:remove-background: Working on chunk (31/130)
cellbender:remove-background: Working on chunk (32/130)
cellbender:remove-background: Working on chunk (33/130)
cellbender:remove-background: Working on chunk (34/130)
cellbender:remove-background: Working on chunk (35/130)
cellbender:remove-background: Working on chunk (36/130)
cellbender:remove-background: Working on chunk (37/130)
cellbender:remove-background: Working on chunk (38/130)
cellbender:remove-background: Working on chunk (39/130)
cellbender:remove-background: Working on chunk (40/130)
cellbender:remove-background: Working on chunk (41/130)
cellbender:remove-background: Working on chunk (42/130)
cellbender:remove-background: Working on chunk (43/130)
cellbender:remove-background: Working on chunk (44/130)
cellbender:remove-background: Working on chunk (45/130)
cellbender:remove-background: Working on chunk (46/130)
cellbender:remove-background: Working on chunk (47/130)
cellbender:remove-background: Working on chunk (48/130)
cellbender:remove-background: Working on chunk (49/130)
cellbender:remove-background: Working on chunk (50/130)
cellbender:remove-background: Working on chunk (51/130)
cellbender:remove-background: Working on chunk (52/130)
cellbender:remove-background: Working on chunk (53/130)
cellbender:remove-background: Working on chunk (54/130)
cellbender:remove-background: Working on chunk (55/130)
cellbender:remove-background: Working on chunk (56/130)
cellbender:remove-background: Working on chunk (57/130)
cellbender:remove-background: Working on chunk (58/130)
cellbender:remove-background: Working on chunk (59/130)
cellbender:remove-background: Working on chunk (60/130)
cellbender:remove-background: Working on chunk (61/130)
cellbender:remove-background: Working on chunk (62/130)
cellbender:remove-background: Working on chunk (63/130)
cellbender:remove-background: Working on chunk (64/130)
cellbender:remove-background: Working on chunk (65/130)
cellbender:remove-background: Working on chunk (66/130)
cellbender:remove-background: Working on chunk (67/130)
cellbender:remove-background: Working on chunk (68/130)
cellbender:remove-background: Working on chunk (69/130)
cellbender:remove-background: Working on chunk (70/130)
cellbender:remove-background: Working on chunk (71/130)
cellbender:remove-background: Working on chunk (72/130)
cellbender:remove-background: Working on chunk (73/130)
cellbender:remove-background: Working on chunk (74/130)
cellbender:remove-background: Working on chunk (75/130)
cellbender:remove-background: Working on chunk (76/130)
cellbender:remove-background: Working on chunk (77/130)
cellbender:remove-background: Working on chunk (78/130)
cellbender:remove-background: Working on chunk (79/130)
cellbender:remove-background: Working on chunk (80/130)
cellbender:remove-background: Working on chunk (81/130)
cellbender:remove-background: Working on chunk (82/130)
cellbender:remove-background: Working on chunk (83/130)
cellbender:remove-background: Working on chunk (84/130)
cellbender:remove-background: Working on chunk (85/130)
cellbender:remove-background: Working on chunk (86/130)
cellbender:remove-background: Working on chunk (87/130)
cellbender:remove-background: Working on chunk (88/130)
cellbender:remove-background: Working on chunk (89/130)
cellbender:remove-background: Working on chunk (90/130)
cellbender:remove-background: Working on chunk (91/130)
cellbender:remove-background: Working on chunk (92/130)
cellbender:remove-background: Working on chunk (93/130)
cellbender:remove-background: Working on chunk (94/130)
cellbender:remove-background: Working on chunk (95/130)
cellbender:remove-background: Working on chunk (96/130)
cellbender:remove-background: Working on chunk (97/130)
cellbender:remove-background: Working on chunk (98/130)
cellbender:remove-background: Working on chunk (99/130)
cellbender:remove-background: Working on chunk (100/130)
cellbender:remove-background: Working on chunk (101/130)
cellbender:remove-background: Working on chunk (102/130)
cellbender:remove-background: Working on chunk (103/130)
cellbender:remove-background: Working on chunk (104/130)
cellbender:remove-background: Working on chunk (105/130)
cellbender:remove-background: Working on chunk (106/130)
cellbender:remove-background: Working on chunk (107/130)
cellbender:remove-background: Working on chunk (108/130)
cellbender:remove-background: Working on chunk (109/130)
cellbender:remove-background: Working on chunk (110/130)
cellbender:remove-background: Working on chunk (111/130)
cellbender:remove-background: Working on chunk (112/130)
cellbender:remove-background: Working on chunk (113/130)
cellbender:remove-background: Working on chunk (114/130)
cellbender:remove-background: Working on chunk (115/130)
cellbender:remove-background: Working on chunk (116/130)
cellbender:remove-background: Working on chunk (117/130)
cellbender:remove-background: Working on chunk (118/130)
cellbender:remove-background: Working on chunk (119/130)
cellbender:remove-background: Working on chunk (120/130)
cellbender:remove-background: Working on chunk (121/130)
cellbender:remove-background: Working on chunk (122/130)
cellbender:remove-background: Working on chunk (123/130)
cellbender:remove-background: Working on chunk (124/130)
cellbender:remove-background: Working on chunk (125/130)
cellbender:remove-background: Working on chunk (126/130)
cellbender:remove-background: Working on chunk (127/130)
cellbender:remove-background: Working on chunk (128/130)
cellbender:remove-background: Working on chunk (129/130)
cellbender:remove-background: Working on chunk (130/130)
cellbender:remove-background: Writing full posterior to /om/scratch/Mon/mabdel03/Tsai_Data/Cellbender_Outputs/65652206/processed_feature_bc_matrix_posterior.h5
cellbender:remove-background: Succeeded in writing posterior to file /om/scratch/Mon/mabdel03/Tsai_Data/Cellbender_Outputs/65652206/processed_feature_bc_matrix_posterior.h5
cellbender:remove-background: Added posterior object to checkpoint file.
cellbender:remove-background: 2026-02-02 02:33:00

cellbender:remove-background: Saved summary plots as /om/scratch/Mon/mabdel03/Tsai_Data/Cellbender_Outputs/65652206/processed_feature_bc_matrix.pdf
cellbender:remove-background: Saved cell barcodes in /om/scratch/Mon/mabdel03/Tsai_Data/Cellbender_Outputs/65652206/processed_feature_bc_matrix_cell_barcodes.csv
cellbender:remove-background: Computing target noise counts per gene for MCKP estimator
cellbender:remove-background: Using MCKP noise targets computed for FPR 0.0
cellbender:remove-background: Computing denoised counts using mckp estimator
cellbender:remove-background: Working on chunk (1/7)
cellbender:remove-background:     [1.38 mins per chunk]
cellbender:remove-background: Working on chunk (2/7)
cellbender:remove-background: Working on chunk (3/7)
cellbender:remove-background: Working on chunk (4/7)
cellbender:remove-background: Working on chunk (5/7)
cellbender:remove-background: Working on chunk (6/7)
cellbender:remove-background: Working on chunk (7/7)
cellbender:remove-background: 2026-02-02 02:43:00 Total MCKP estimation time = 571.13 sec
cellbender:remove-background: Succeeded in writing CellRanger format output to file /om/scratch/Mon/mabdel03/Tsai_Data/Cellbender_Outputs/65652206/processed_feature_bc_matrix.h5
cellbender:remove-background: Succeeded in writing CellRanger format output to file /om/scratch/Mon/mabdel03/Tsai_Data/Cellbender_Outputs/65652206/processed_feature_bc_matrix_filtered.h5
cellbender:remove-background: Saved output metrics as /om/scratch/Mon/mabdel03/Tsai_Data/Cellbender_Outputs/65652206/processed_feature_bc_matrix_metrics.csv
[NbConvertApp] Converting notebook tmp.report.ipynb to notebook
[NbConvertApp] Writing 529370 bytes to tmp.report.nbconvert.ipynb
[NbConvertApp] Converting notebook tmp.report.nbconvert.ipynb to html
[NbConvertApp] Writing 1104215 bytes to tmp.report.nbconvert.html
cellbender:remove-background: Succeeded in writing report to /om/scratch/Mon/mabdel03/Tsai_Data/Cellbender_Outputs/65652206/processed_feature_bc_matrix_report.html
cellbender:remove-background: Completed remove-background.
cellbender:remove-background: 2026-02-02 02:43:35

