cellbender:remove-background: Command:
cellbender remove-background --cuda --input /om/scratch/Mon/mabdel03/Tsai_Data/Cellranger_Outputs/50400259/outs/raw_feature_bc_matrix.h5 --fpr 0 --output /om/scratch/Mon/mabdel03/Tsai_Data/Cellbender_Outputs/50400259/processed_feature_bc_matrix.h5
cellbender:remove-background: CellBender 0.3.0
cellbender:remove-background: (Workflow hash eb009b5d30)
cellbender:remove-background: 2026-02-01 23:30:05
cellbender:remove-background: Running remove-background
cellbender:remove-background: Loading data from /om/scratch/Mon/mabdel03/Tsai_Data/Cellranger_Outputs/50400259/outs/raw_feature_bc_matrix.h5
cellbender:remove-background: CellRanger v3 format
cellbender:remove-background: Features in dataset: 36601 Gene Expression
cellbender:remove-background: Trimming features for inference.
cellbender:remove-background: 31190 features have nonzero counts.
cellbender:remove-background: Prior on counts for cells is 8212
cellbender:remove-background: Prior on counts for empty droplets is 98
cellbender:remove-background: Excluding 8570 features that are estimated to have <= 0.1 background counts in cells.
cellbender:remove-background: Including 22620 features in the analysis.
cellbender:remove-background: Trimming barcodes for inference.
cellbender:remove-background: Excluding barcodes with counts below 49
cellbender:remove-background: Using 1796 probable cell barcodes, plus an additional 7732 barcodes, and 58708 empty droplets.
cellbender:remove-background: Largest surely-empty droplet has 120 UMI counts.
cellbender:remove-background: Attempting to unpack tarball "ckpt.tar.gz" to /tmp/tmp2e35hsk5
cellbender:remove-background: No saved checkpoint.
cellbender:remove-background: No checkpoint loaded.
cellbender:remove-background: Running inference...
cellbender:remove-background: [epoch 001]  average training loss: 9897.7790
cellbender:remove-background: [epoch 002]  average training loss: 8663.9271  (4.9 seconds per epoch)
cellbender:remove-background: Will checkpoint every 86 epochs
cellbender:remove-background: [epoch 003]  average training loss: 7746.8596
cellbender:remove-background: [epoch 004]  average training loss: 6530.1661
cellbender:remove-background: [epoch 005]  average training loss: 6013.8884
cellbender:remove-background: [epoch 005] average test loss: 6191.9605
cellbender:remove-background: [epoch 006]  average training loss: 5750.0598
cellbender:remove-background: [epoch 007]  average training loss: 5267.0381
cellbender:remove-background: [epoch 008]  average training loss: 5095.6567
cellbender:remove-background: [epoch 009]  average training loss: 4978.5494
cellbender:remove-background: [epoch 010]  average training loss: 5047.2386
cellbender:remove-background: [epoch 010] average test loss: 4949.4121
cellbender:remove-background: [epoch 011]  average training loss: 5040.6766
cellbender:remove-background: [epoch 012]  average training loss: 4985.3725
cellbender:remove-background: [epoch 013]  average training loss: 4922.4654
cellbender:remove-background: [epoch 014]  average training loss: 4946.9719
cellbender:remove-background: [epoch 015]  average training loss: 4915.1170
cellbender:remove-background: [epoch 015] average test loss: 5123.9993
cellbender:remove-background: [epoch 016]  average training loss: 4566.8950
cellbender:remove-background: [epoch 017]  average training loss: 4462.7168
cellbender:remove-background: [epoch 018]  average training loss: 4429.5740
cellbender:remove-background: [epoch 019]  average training loss: 4398.8428
cellbender:remove-background: [epoch 020]  average training loss: 4384.7712
cellbender:remove-background: [epoch 020] average test loss: 4586.3523
cellbender:remove-background: [epoch 021]  average training loss: 4364.0379
cellbender:remove-background: [epoch 022]  average training loss: 4358.3381
cellbender:remove-background: [epoch 023]  average training loss: 4339.2501
cellbender:remove-background: [epoch 024]  average training loss: 4323.9429
cellbender:remove-background: [epoch 025]  average training loss: 4319.3874
cellbender:remove-background: [epoch 025] average test loss: 4439.5243
cellbender:remove-background: [epoch 026]  average training loss: 4302.7985
cellbender:remove-background: [epoch 027]  average training loss: 4296.7209
cellbender:remove-background: [epoch 028]  average training loss: 4274.2000
cellbender:remove-background: [epoch 029]  average training loss: 4280.6116
cellbender:remove-background: [epoch 030]  average training loss: 4235.8167
cellbender:remove-background: [epoch 030] average test loss: 4285.7047
cellbender:remove-background: [epoch 031]  average training loss: 4230.6522
cellbender:remove-background: [epoch 032]  average training loss: 4228.2774
cellbender:remove-background: [epoch 033]  average training loss: 4201.6433
cellbender:remove-background: [epoch 034]  average training loss: 4185.7075
cellbender:remove-background: [epoch 035]  average training loss: 4195.3244
cellbender:remove-background: [epoch 035] average test loss: 4232.3344
cellbender:remove-background: [epoch 036]  average training loss: 4174.8551
cellbender:remove-background: [epoch 037]  average training loss: 4173.2095
cellbender:remove-background: [epoch 038]  average training loss: 4162.6202
cellbender:remove-background: [epoch 039]  average training loss: 4156.4038
cellbender:remove-background: [epoch 040]  average training loss: 4152.6791
cellbender:remove-background: [epoch 040] average test loss: 4210.4736
cellbender:remove-background: [epoch 041]  average training loss: 4145.9221
cellbender:remove-background: [epoch 042]  average training loss: 4144.3697
cellbender:remove-background: [epoch 043]  average training loss: 4138.2461
cellbender:remove-background: [epoch 044]  average training loss: 4131.2821
cellbender:remove-background: [epoch 045]  average training loss: 4135.3512
cellbender:remove-background: [epoch 045] average test loss: 4206.9100
cellbender:remove-background: [epoch 046]  average training loss: 4131.7994
cellbender:remove-background: [epoch 047]  average training loss: 4126.7860
cellbender:remove-background: [epoch 048]  average training loss: 4120.0899
cellbender:remove-background: [epoch 049]  average training loss: 4118.0160
cellbender:remove-background: [epoch 050]  average training loss: 4116.6646
cellbender:remove-background: [epoch 050] average test loss: 4153.4010
cellbender:remove-background: [epoch 051]  average training loss: 4111.8639
cellbender:remove-background: [epoch 052]  average training loss: 4112.7196
cellbender:remove-background: [epoch 053]  average training loss: 4108.7615
cellbender:remove-background: [epoch 054]  average training loss: 4106.9530
cellbender:remove-background: [epoch 055]  average training loss: 4106.6069
cellbender:remove-background: [epoch 055] average test loss: 4141.2514
cellbender:remove-background: [epoch 056]  average training loss: 4106.9571
cellbender:remove-background: [epoch 057]  average training loss: 4102.2835
cellbender:remove-background: [epoch 058]  average training loss: 4101.1133
cellbender:remove-background: [epoch 059]  average training loss: 4095.0055
cellbender:remove-background: [epoch 060]  average training loss: 4094.6885
cellbender:remove-background: [epoch 060] average test loss: 4147.9611
cellbender:remove-background: [epoch 061]  average training loss: 4091.8567
cellbender:remove-background: [epoch 062]  average training loss: 4093.9760
cellbender:remove-background: [epoch 063]  average training loss: 4095.6154
cellbender:remove-background: [epoch 064]  average training loss: 4091.1411
cellbender:remove-background: [epoch 065]  average training loss: 4089.1404
cellbender:remove-background: [epoch 065] average test loss: 4131.9221
cellbender:remove-background: [epoch 066]  average training loss: 4086.9396
cellbender:remove-background: [epoch 067]  average training loss: 4084.7980
cellbender:remove-background: [epoch 068]  average training loss: 4087.9192
cellbender:remove-background: [epoch 069]  average training loss: 4083.5331
cellbender:remove-background: [epoch 070]  average training loss: 4082.0774
cellbender:remove-background: [epoch 070] average test loss: 4130.0151
cellbender:remove-background: [epoch 071]  average training loss: 4088.5192
cellbender:remove-background: [epoch 072]  average training loss: 4083.0272
cellbender:remove-background: [epoch 073]  average training loss: 4088.5397
cellbender:remove-background: [epoch 074]  average training loss: 4086.7703
cellbender:remove-background: [epoch 075]  average training loss: 4085.4982
cellbender:remove-background: [epoch 075] average test loss: 4126.4991
cellbender:remove-background: [epoch 076]  average training loss: 4081.1091
cellbender:remove-background: [epoch 077]  average training loss: 4086.2695
cellbender:remove-background: [epoch 078]  average training loss: 4090.5044
cellbender:remove-background: [epoch 079]  average training loss: 4078.4521
cellbender:remove-background: [epoch 080]  average training loss: 4076.8168
cellbender:remove-background: [epoch 080] average test loss: 4148.4511
cellbender:remove-background: [epoch 081]  average training loss: 4074.9406
cellbender:remove-background: [epoch 082]  average training loss: 4073.0135
cellbender:remove-background: [epoch 083]  average training loss: 4075.9622
cellbender:remove-background: [epoch 084]  average training loss: 4075.6751
cellbender:remove-background: [epoch 085]  average training loss: 4077.5089
cellbender:remove-background: [epoch 085] average test loss: 4114.6236
cellbender:remove-background: [epoch 086]  average training loss: 4083.0790
cellbender:remove-background: Saving a checkpoint...
cellbender:remove-background: Saved checkpoint as /om/scratch/Mon/mabdel03/Tsai_Data/Cellbender_Outputs/50400259/ckpt.tar.gz
cellbender:remove-background: [epoch 087]  average training loss: 4068.8378
cellbender:remove-background: [epoch 088]  average training loss: 4071.4327
cellbender:remove-background: [epoch 089]  average training loss: 4069.5296
cellbender:remove-background: [epoch 090]  average training loss: 4064.4214
cellbender:remove-background: [epoch 090] average test loss: 4112.3439
cellbender:remove-background: [epoch 091]  average training loss: 4066.0309
cellbender:remove-background: [epoch 092]  average training loss: 4065.0176
cellbender:remove-background: [epoch 093]  average training loss: 4061.5007
cellbender:remove-background: [epoch 094]  average training loss: 4067.5884
cellbender:remove-background: [epoch 095]  average training loss: 4060.1000
cellbender:remove-background: [epoch 095] average test loss: 4105.3146
cellbender:remove-background: [epoch 096]  average training loss: 4059.5816
cellbender:remove-background: [epoch 097]  average training loss: 4059.5720
cellbender:remove-background: [epoch 098]  average training loss: 4052.2973
cellbender:remove-background: [epoch 099]  average training loss: 4055.3574
cellbender:remove-background: [epoch 100]  average training loss: 4054.7869
cellbender:remove-background: [epoch 100] average test loss: 4115.0372
cellbender:remove-background: [epoch 101]  average training loss: 4052.1495
cellbender:remove-background: [epoch 102]  average training loss: 4054.7828
cellbender:remove-background: [epoch 103]  average training loss: 4054.1865
cellbender:remove-background: [epoch 104]  average training loss: 4053.6838
cellbender:remove-background: [epoch 105]  average training loss: 4051.7722
cellbender:remove-background: [epoch 105] average test loss: 4117.5364
cellbender:remove-background: [epoch 106]  average training loss: 4058.4735
cellbender:remove-background: [epoch 107]  average training loss: 4051.8072
cellbender:remove-background: [epoch 108]  average training loss: 4054.2582
cellbender:remove-background: [epoch 109]  average training loss: 4054.4165
cellbender:remove-background: [epoch 110]  average training loss: 4051.6715
cellbender:remove-background: [epoch 110] average test loss: 4102.2768
cellbender:remove-background: [epoch 111]  average training loss: 4051.9165
cellbender:remove-background: [epoch 112]  average training loss: 4050.8940
cellbender:remove-background: [epoch 113]  average training loss: 4055.3831
cellbender:remove-background: [epoch 114]  average training loss: 4042.8144
cellbender:remove-background: [epoch 115]  average training loss: 4044.4702
cellbender:remove-background: [epoch 115] average test loss: 4103.7801
cellbender:remove-background: [epoch 116]  average training loss: 4045.5076
cellbender:remove-background: [epoch 117]  average training loss: 4051.2888
cellbender:remove-background: [epoch 118]  average training loss: 4044.0446
cellbender:remove-background: [epoch 119]  average training loss: 4050.9185
cellbender:remove-background: [epoch 120]  average training loss: 4045.8906
cellbender:remove-background: [epoch 120] average test loss: 4100.6605
cellbender:remove-background: [epoch 121]  average training loss: 4051.4908
cellbender:remove-background: [epoch 122]  average training loss: 4045.1440
cellbender:remove-background: [epoch 123]  average training loss: 4041.1940
cellbender:remove-background: [epoch 124]  average training loss: 4052.7614
cellbender:remove-background: [epoch 125]  average training loss: 4050.1712
cellbender:remove-background: [epoch 125] average test loss: 4112.8824
cellbender:remove-background: [epoch 126]  average training loss: 4044.7105
cellbender:remove-background: [epoch 127]  average training loss: 4044.8199
cellbender:remove-background: [epoch 128]  average training loss: 4047.8002
cellbender:remove-background: [epoch 129]  average training loss: 4046.6687
cellbender:remove-background: [epoch 130]  average training loss: 4040.4735
cellbender:remove-background: [epoch 130] average test loss: 4108.7645
cellbender:remove-background: [epoch 131]  average training loss: 4042.5803
cellbender:remove-background: [epoch 132]  average training loss: 4040.6975
cellbender:remove-background: [epoch 133]  average training loss: 4045.0090
cellbender:remove-background: [epoch 134]  average training loss: 4043.2132
cellbender:remove-background: [epoch 135]  average training loss: 4040.1350
cellbender:remove-background: [epoch 135] average test loss: 4095.6968
cellbender:remove-background: [epoch 136]  average training loss: 4038.9040
cellbender:remove-background: [epoch 137]  average training loss: 4040.2431
cellbender:remove-background: [epoch 138]  average training loss: 4042.5545
cellbender:remove-background: [epoch 139]  average training loss: 4041.8957
cellbender:remove-background: [epoch 140]  average training loss: 4041.1577
cellbender:remove-background: [epoch 140] average test loss: 4097.2056
cellbender:remove-background: [epoch 141]  average training loss: 4040.8467
cellbender:remove-background: [epoch 142]  average training loss: 4042.1682
cellbender:remove-background: [epoch 143]  average training loss: 4040.0479
cellbender:remove-background: [epoch 144]  average training loss: 4041.8653
cellbender:remove-background: [epoch 145]  average training loss: 4038.9981
cellbender:remove-background: [epoch 145] average test loss: 4118.7895
cellbender:remove-background: [epoch 146]  average training loss: 4040.1756
cellbender:remove-background: [epoch 147]  average training loss: 4038.5338
cellbender:remove-background: [epoch 148]  average training loss: 4039.5084
cellbender:remove-background: [epoch 149]  average training loss: 4039.8589
cellbender:remove-background: [epoch 150]  average training loss: 4038.0144
cellbender:remove-background: [epoch 150] average test loss: 4100.7917
cellbender:remove-background: Saving a checkpoint...
cellbender:remove-background: Saved checkpoint as /om/scratch/Mon/mabdel03/Tsai_Data/Cellbender_Outputs/50400259/ckpt.tar.gz
cellbender:remove-background: 2026-02-01 23:45:30
cellbender:remove-background: Inference procedure complete.
cellbender:remove-background: Attempting to unpack tarball "ckpt.tar.gz" to /tmp/tmpehyog7bw
cellbender:remove-background: Successfully unpacked tarball to /tmp/tmpehyog7bw
/tmp/tmpehyog7bw/eb009b5d30_random.pyro
/tmp/tmpehyog7bw/eb009b5d30_random.cuda
/tmp/tmpehyog7bw/eb009b5d30_model.torch
/tmp/tmpehyog7bw/eb009b5d30_optim.torch
/tmp/tmpehyog7bw/eb009b5d30_optim.pyro
/tmp/tmpehyog7bw/eb009b5d30_params.pyro
/tmp/tmpehyog7bw/eb009b5d30_train.loaderstate
/tmp/tmpehyog7bw/eb009b5d30_test.loaderstate
/tmp/tmpehyog7bw/eb009b5d30_args.npy
cellbender:remove-background: Posterior not currently included in checkpoint.
cellbender:remove-background: Computing posterior noise count probabilities in mini-batches.
cellbender:remove-background: Working on chunk (1/30)
cellbender:remove-background:     [0.05 mins per chunk]
cellbender:remove-background: Working on chunk (2/30)
cellbender:remove-background: Working on chunk (3/30)
cellbender:remove-background: Working on chunk (4/30)
cellbender:remove-background: Working on chunk (5/30)
cellbender:remove-background: Working on chunk (6/30)
cellbender:remove-background: Working on chunk (7/30)
cellbender:remove-background: Working on chunk (8/30)
cellbender:remove-background: Working on chunk (9/30)
cellbender:remove-background: Working on chunk (10/30)
cellbender:remove-background: Working on chunk (11/30)
cellbender:remove-background: Working on chunk (12/30)
cellbender:remove-background: Working on chunk (13/30)
cellbender:remove-background: Working on chunk (14/30)
cellbender:remove-background: Working on chunk (15/30)
cellbender:remove-background: Working on chunk (16/30)
cellbender:remove-background: Working on chunk (17/30)
cellbender:remove-background: Working on chunk (18/30)
cellbender:remove-background: Working on chunk (19/30)
cellbender:remove-background: Working on chunk (20/30)
cellbender:remove-background: Working on chunk (21/30)
cellbender:remove-background: Working on chunk (22/30)
cellbender:remove-background: Working on chunk (23/30)
cellbender:remove-background: Working on chunk (24/30)
cellbender:remove-background: Working on chunk (25/30)
cellbender:remove-background: Working on chunk (26/30)
cellbender:remove-background: Working on chunk (27/30)
cellbender:remove-background: Working on chunk (28/30)
cellbender:remove-background: Working on chunk (29/30)
cellbender:remove-background: Working on chunk (30/30)
cellbender:remove-background: Writing full posterior to /om/scratch/Mon/mabdel03/Tsai_Data/Cellbender_Outputs/50400259/processed_feature_bc_matrix_posterior.h5
cellbender:remove-background: Succeeded in writing posterior to file /om/scratch/Mon/mabdel03/Tsai_Data/Cellbender_Outputs/50400259/processed_feature_bc_matrix_posterior.h5
cellbender:remove-background: Added posterior object to checkpoint file.
cellbender:remove-background: 2026-02-01 23:49:35

cellbender:remove-background: Saved summary plots as /om/scratch/Mon/mabdel03/Tsai_Data/Cellbender_Outputs/50400259/processed_feature_bc_matrix.pdf
cellbender:remove-background: Saved cell barcodes in /om/scratch/Mon/mabdel03/Tsai_Data/Cellbender_Outputs/50400259/processed_feature_bc_matrix_cell_barcodes.csv
cellbender:remove-background: Computing target noise counts per gene for MCKP estimator
cellbender:remove-background: Using MCKP noise targets computed for FPR 0.0
cellbender:remove-background: Computing denoised counts using mckp estimator
cellbender:remove-background: Working on chunk (1/7)
cellbender:remove-background:     [1.64 mins per chunk]
cellbender:remove-background: Working on chunk (2/7)
cellbender:remove-background: Working on chunk (3/7)
cellbender:remove-background: Working on chunk (4/7)
cellbender:remove-background: Working on chunk (5/7)
cellbender:remove-background: Working on chunk (6/7)
cellbender:remove-background: Working on chunk (7/7)
cellbender:remove-background: 2026-02-02 00:01:37 Total MCKP estimation time = 683.96 sec
cellbender:remove-background: Succeeded in writing CellRanger format output to file /om/scratch/Mon/mabdel03/Tsai_Data/Cellbender_Outputs/50400259/processed_feature_bc_matrix.h5
cellbender:remove-background: Succeeded in writing CellRanger format output to file /om/scratch/Mon/mabdel03/Tsai_Data/Cellbender_Outputs/50400259/processed_feature_bc_matrix_filtered.h5
cellbender:remove-background: Saved output metrics as /om/scratch/Mon/mabdel03/Tsai_Data/Cellbender_Outputs/50400259/processed_feature_bc_matrix_metrics.csv
/bin/sh: /home/mabdel03/.local/bin/jupyter: /usr/bin/python3: bad interpreter: No such file or directory
/bin/sh: /home/mabdel03/.local/bin/jupyter: /usr/bin/python3: bad interpreter: No such file or directory
mv: cannot stat ‘tmp.report.nbconvert.html’: No such file or directory
rm: cannot remove ‘tmp.report.nbconvert.ipynb’: No such file or directory
cellbender:remove-background: Unable to create report.
cellbender:remove-background: Traceback (most recent call last):
  File "/om2/user/mabdel03/conda_envs/Cellbender_env/lib/python3.7/site-packages/cellbender/remove_background/run.py", line 351, in compute_output_denoised_counts_reports_metrics
    output=html_report_file,
  File "/om2/user/mabdel03/conda_envs/Cellbender_env/lib/python3.7/site-packages/cellbender/remove_background/report.py", line 82, in run_notebook_make_html
    title=('CellBender: ' + os.path.basename(output).replace('_report.html', '')),
  File "/om2/user/mabdel03/conda_envs/Cellbender_env/lib/python3.7/site-packages/cellbender/remove_background/report.py", line 59, in _postprocess_html
    with open(file, mode='r') as f:
FileNotFoundError: [Errno 2] No such file or directory: '/om/scratch/Mon/mabdel03/Tsai_Data/Cellbender_Outputs/50400259/processed_feature_bc_matrix_report.html'

cellbender:remove-background: Completed remove-background.
cellbender:remove-background: 2026-02-02 00:01:59

