cellbender:remove-background: Command:
cellbender remove-background --cuda --input /tmp/cellbender_44648613_58/raw_feature_bc_matrix.h5 --fpr 0 --output /om/scratch/Mon/mabdel03/Tsai_Data/Cellbender_Outputs/11395417/processed_feature_bc_matrix.h5
cellbender:remove-background: CellBender 0.3.0
cellbender:remove-background: (Workflow hash 05ebd422f3)
cellbender:remove-background: 2026-01-31 17:40:07
cellbender:remove-background: Running remove-background
cellbender:remove-background: Loading data from /tmp/cellbender_44648613_58/raw_feature_bc_matrix.h5
cellbender:remove-background: CellRanger v3 format
cellbender:remove-background: Features in dataset: 36601 Gene Expression
cellbender:remove-background: Trimming features for inference.
cellbender:remove-background: 32524 features have nonzero counts.
cellbender:remove-background: Prior on counts for cells is 9187
cellbender:remove-background: Prior on counts for empty droplets is 242
cellbender:remove-background: Excluding 9804 features that are estimated to have <= 0.1 background counts in cells.
cellbender:remove-background: Including 22720 features in the analysis.
cellbender:remove-background: Trimming barcodes for inference.
cellbender:remove-background: Excluding barcodes with counts below 121
cellbender:remove-background: Using 4396 probable cell barcodes, plus an additional 10283 barcodes, and 65962 empty droplets.
cellbender:remove-background: Largest surely-empty droplet has 311 UMI counts.
cellbender:remove-background: Attempting to unpack tarball "ckpt.tar.gz" to /tmp/tmpk1cof50u
cellbender:remove-background: No saved checkpoint.
cellbender:remove-background: No checkpoint loaded.
cellbender:remove-background: Running inference...
cellbender:remove-background: [epoch 001]  average training loss: 11624.7424
cellbender:remove-background: [epoch 002]  average training loss: 9940.2959  (4.9 seconds per epoch)
cellbender:remove-background: Will checkpoint every 87 epochs
cellbender:remove-background: [epoch 003]  average training loss: 8565.6065
cellbender:remove-background: [epoch 004]  average training loss: 7871.9811
cellbender:remove-background: [epoch 005]  average training loss: 7382.6038
cellbender:remove-background: [epoch 005] average test loss: 7164.8941
cellbender:remove-background: [epoch 006]  average training loss: 7131.8776
cellbender:remove-background: [epoch 007]  average training loss: 7133.0708
cellbender:remove-background: [epoch 008]  average training loss: 7044.4692
cellbender:remove-background: [epoch 009]  average training loss: 6995.5409
cellbender:remove-background: [epoch 010]  average training loss: 6998.8414
cellbender:remove-background: [epoch 010] average test loss: 6793.1577
cellbender:remove-background: [epoch 011]  average training loss: 6949.1192
cellbender:remove-background: [epoch 012]  average training loss: 6937.4443
cellbender:remove-background: [epoch 013]  average training loss: 6923.6043
cellbender:remove-background: [epoch 014]  average training loss: 6885.0499
cellbender:remove-background: [epoch 015]  average training loss: 6791.8013
cellbender:remove-background: [epoch 015] average test loss: 6659.4957
cellbender:remove-background: [epoch 016]  average training loss: 6696.5651
cellbender:remove-background: [epoch 017]  average training loss: 6686.0046
cellbender:remove-background: [epoch 018]  average training loss: 6665.5578
cellbender:remove-background: [epoch 019]  average training loss: 6659.8904
cellbender:remove-background: [epoch 020]  average training loss: 6615.2236
cellbender:remove-background: [epoch 020] average test loss: 6434.3343
cellbender:remove-background: [epoch 021]  average training loss: 6611.2784
cellbender:remove-background: [epoch 022]  average training loss: 6580.3131
cellbender:remove-background: [epoch 023]  average training loss: 6585.7970
cellbender:remove-background: [epoch 024]  average training loss: 6565.9159
cellbender:remove-background: [epoch 025]  average training loss: 6549.1553
cellbender:remove-background: [epoch 025] average test loss: 6367.7553
cellbender:remove-background: [epoch 026]  average training loss: 6544.9163
cellbender:remove-background: [epoch 027]  average training loss: 6533.5682
cellbender:remove-background: [epoch 028]  average training loss: 6527.2309
cellbender:remove-background: [epoch 029]  average training loss: 6507.2999
cellbender:remove-background: [epoch 030]  average training loss: 6478.1591
cellbender:remove-background: [epoch 030] average test loss: 6333.4405
cellbender:remove-background: [epoch 031]  average training loss: 6455.5836
cellbender:remove-background: [epoch 032]  average training loss: 6439.8894
cellbender:remove-background: [epoch 033]  average training loss: 6424.3004
cellbender:remove-background: [epoch 034]  average training loss: 6425.7150
cellbender:remove-background: [epoch 035]  average training loss: 6412.9962
cellbender:remove-background: [epoch 035] average test loss: 6237.3893
cellbender:remove-background: [epoch 036]  average training loss: 6411.9097
cellbender:remove-background: [epoch 037]  average training loss: 6408.9666
cellbender:remove-background: [epoch 038]  average training loss: 6402.0486
cellbender:remove-background: [epoch 039]  average training loss: 6395.1858
cellbender:remove-background: [epoch 040]  average training loss: 6397.5255
cellbender:remove-background: [epoch 040] average test loss: 6254.0227
cellbender:remove-background: [epoch 041]  average training loss: 6394.1807
cellbender:remove-background: [epoch 042]  average training loss: 6384.1646
cellbender:remove-background: [epoch 043]  average training loss: 6381.9609
cellbender:remove-background: [epoch 044]  average training loss: 6377.8198
cellbender:remove-background: [epoch 045]  average training loss: 6373.4611
cellbender:remove-background: [epoch 045] average test loss: 6195.1625
cellbender:remove-background: [epoch 046]  average training loss: 6371.2856
cellbender:remove-background: [epoch 047]  average training loss: 6358.5039
cellbender:remove-background: [epoch 048]  average training loss: 6348.7781
cellbender:remove-background: [epoch 049]  average training loss: 6343.5239
cellbender:remove-background: [epoch 050]  average training loss: 6338.2332
cellbender:remove-background: [epoch 050] average test loss: 6160.4521
cellbender:remove-background: [epoch 051]  average training loss: 6331.6206
cellbender:remove-background: [epoch 052]  average training loss: 6330.0510
cellbender:remove-background: [epoch 053]  average training loss: 6335.6978
cellbender:remove-background: [epoch 054]  average training loss: 6324.6988
cellbender:remove-background: [epoch 055]  average training loss: 6315.1758
cellbender:remove-background: [epoch 055] average test loss: 6136.1671
cellbender:remove-background: [epoch 056]  average training loss: 6315.1431
cellbender:remove-background: [epoch 057]  average training loss: 6314.6388
cellbender:remove-background: [epoch 058]  average training loss: 6306.9025
cellbender:remove-background: [epoch 059]  average training loss: 6305.8818
cellbender:remove-background: [epoch 060]  average training loss: 6300.8577
cellbender:remove-background: [epoch 060] average test loss: 6169.9547
cellbender:remove-background: [epoch 061]  average training loss: 6298.6973
cellbender:remove-background: [epoch 062]  average training loss: 6293.1129
cellbender:remove-background: [epoch 063]  average training loss: 6291.8447
cellbender:remove-background: [epoch 064]  average training loss: 6296.9925
cellbender:remove-background: [epoch 065]  average training loss: 6292.0706
cellbender:remove-background: [epoch 065] average test loss: 6147.3302
cellbender:remove-background: [epoch 066]  average training loss: 6294.6926
cellbender:remove-background: [epoch 067]  average training loss: 6293.1098
cellbender:remove-background: [epoch 068]  average training loss: 6291.2135
cellbender:remove-background: [epoch 069]  average training loss: 6293.2722
cellbender:remove-background: [epoch 070]  average training loss: 6285.1538
cellbender:remove-background: [epoch 070] average test loss: 6164.5230
cellbender:remove-background: [epoch 071]  average training loss: 6289.3299
cellbender:remove-background: [epoch 072]  average training loss: 6290.9646
cellbender:remove-background: [epoch 073]  average training loss: 6287.0598
cellbender:remove-background: [epoch 074]  average training loss: 6277.1744
cellbender:remove-background: [epoch 075]  average training loss: 6275.6355
cellbender:remove-background: [epoch 075] average test loss: 6113.0920
cellbender:remove-background: [epoch 076]  average training loss: 6273.8303
cellbender:remove-background: [epoch 077]  average training loss: 6276.4525
cellbender:remove-background: [epoch 078]  average training loss: 6276.7806
cellbender:remove-background: [epoch 079]  average training loss: 6277.4697
cellbender:remove-background: [epoch 080]  average training loss: 6273.1270
cellbender:remove-background: [epoch 080] average test loss: 6124.7865
cellbender:remove-background: [epoch 081]  average training loss: 6273.9826
cellbender:remove-background: [epoch 082]  average training loss: 6279.8220
cellbender:remove-background: [epoch 083]  average training loss: 6274.1394
cellbender:remove-background: [epoch 084]  average training loss: 6271.9225
cellbender:remove-background: [epoch 085]  average training loss: 6278.9709
cellbender:remove-background: [epoch 085] average test loss: 6120.9911
cellbender:remove-background: [epoch 086]  average training loss: 6273.4531
cellbender:remove-background: [epoch 087]  average training loss: 6270.9091
cellbender:remove-background: Saving a checkpoint...
cellbender:remove-background: Saved checkpoint as /weka/scratch/scratch/Mon/mabdel03/Tsai_Data/Cellbender_Outputs/11395417/ckpt.tar.gz
cellbender:remove-background: [epoch 088]  average training loss: 6261.9785
cellbender:remove-background: [epoch 089]  average training loss: 6269.1697
cellbender:remove-background: [epoch 090]  average training loss: 6268.0225
cellbender:remove-background: [epoch 090] average test loss: 6104.9409
cellbender:remove-background: [epoch 091]  average training loss: 6263.7451
cellbender:remove-background: [epoch 092]  average training loss: 6268.0568
cellbender:remove-background: [epoch 093]  average training loss: 6256.6807
cellbender:remove-background: [epoch 094]  average training loss: 6269.4561
cellbender:remove-background: [epoch 095]  average training loss: 6262.5773
cellbender:remove-background: [epoch 095] average test loss: 6097.6731
cellbender:remove-background: [epoch 096]  average training loss: 6260.0221
cellbender:remove-background: [epoch 097]  average training loss: 6257.6026
cellbender:remove-background: [epoch 098]  average training loss: 6266.3024
cellbender:remove-background: [epoch 099]  average training loss: 6256.7311
cellbender:remove-background: [epoch 100]  average training loss: 6268.9345
cellbender:remove-background: [epoch 100] average test loss: 6116.5587
cellbender:remove-background: [epoch 101]  average training loss: 6258.7965
cellbender:remove-background: [epoch 102]  average training loss: 6256.0398
cellbender:remove-background: [epoch 103]  average training loss: 6254.8442
cellbender:remove-background: [epoch 104]  average training loss: 6262.4495
cellbender:remove-background: [epoch 105]  average training loss: 6258.4850
cellbender:remove-background: [epoch 105] average test loss: 6102.2224
cellbender:remove-background: [epoch 106]  average training loss: 6256.9800
cellbender:remove-background: [epoch 107]  average training loss: 6257.5348
cellbender:remove-background: [epoch 108]  average training loss: 6253.4432
cellbender:remove-background: [epoch 109]  average training loss: 6250.3769
cellbender:remove-background: [epoch 110]  average training loss: 6254.4580
cellbender:remove-background: [epoch 110] average test loss: 6113.2769
cellbender:remove-background: [epoch 111]  average training loss: 6256.9251
cellbender:remove-background: [epoch 112]  average training loss: 6257.4680
cellbender:remove-background: [epoch 113]  average training loss: 6250.0017
cellbender:remove-background: [epoch 114]  average training loss: 6251.1152
cellbender:remove-background: [epoch 115]  average training loss: 6252.8356
cellbender:remove-background: [epoch 115] average test loss: 6126.3162
cellbender:remove-background: [epoch 116]  average training loss: 6255.2814
cellbender:remove-background: [epoch 117]  average training loss: 6251.1981
cellbender:remove-background: [epoch 118]  average training loss: 6251.3852
cellbender:remove-background: [epoch 119]  average training loss: 6250.7414
cellbender:remove-background: [epoch 120]  average training loss: 6249.4536
cellbender:remove-background: [epoch 120] average test loss: 6114.2600
cellbender:remove-background: [epoch 121]  average training loss: 6255.4351
cellbender:remove-background: [epoch 122]  average training loss: 6247.1188
cellbender:remove-background: [epoch 123]  average training loss: 6245.5973
cellbender:remove-background: [epoch 124]  average training loss: 6246.5944
cellbender:remove-background: [epoch 125]  average training loss: 6247.4380
cellbender:remove-background: [epoch 125] average test loss: 6121.0727
cellbender:remove-background: [epoch 126]  average training loss: 6248.7087
cellbender:remove-background: [epoch 127]  average training loss: 6243.7441
cellbender:remove-background: [epoch 128]  average training loss: 6248.3040
cellbender:remove-background: [epoch 129]  average training loss: 6244.5217
cellbender:remove-background: [epoch 130]  average training loss: 6246.5323
cellbender:remove-background: [epoch 130] average test loss: 6131.0523
cellbender:remove-background: [epoch 131]  average training loss: 6245.8905
cellbender:remove-background: [epoch 132]  average training loss: 6242.1714
cellbender:remove-background: [epoch 133]  average training loss: 6246.6839
cellbender:remove-background: [epoch 134]  average training loss: 6239.6538
cellbender:remove-background: [epoch 135]  average training loss: 6246.5249
cellbender:remove-background: [epoch 135] average test loss: 6125.0443
cellbender:remove-background: [epoch 136]  average training loss: 6242.2922
cellbender:remove-background: [epoch 137]  average training loss: 6242.9005
cellbender:remove-background: [epoch 138]  average training loss: 6240.1525
cellbender:remove-background: [epoch 139]  average training loss: 6237.8290
cellbender:remove-background: [epoch 140]  average training loss: 6231.8131
cellbender:remove-background: [epoch 140] average test loss: 6119.5084
cellbender:remove-background: [epoch 141]  average training loss: 6245.1449
cellbender:remove-background: [epoch 142]  average training loss: 6242.9671
cellbender:remove-background: [epoch 143]  average training loss: 6243.5102
cellbender:remove-background: [epoch 144]  average training loss: 6247.4808
cellbender:remove-background: [epoch 145]  average training loss: 6244.6508
cellbender:remove-background: [epoch 145] average test loss: 6112.5403
cellbender:remove-background: [epoch 146]  average training loss: 6240.0215
cellbender:remove-background: [epoch 147]  average training loss: 6239.1577
cellbender:remove-background: [epoch 148]  average training loss: 6240.8010
cellbender:remove-background: [epoch 149]  average training loss: 6238.0675
cellbender:remove-background: [epoch 150]  average training loss: 6239.9847
cellbender:remove-background: [epoch 150] average test loss: 6108.0374
cellbender:remove-background: Saving a checkpoint...
cellbender:remove-background: Saved checkpoint as /weka/scratch/scratch/Mon/mabdel03/Tsai_Data/Cellbender_Outputs/11395417/ckpt.tar.gz
cellbender:remove-background: 2026-01-31 17:55:00
cellbender:remove-background: Inference procedure complete.
cellbender:remove-background: Attempting to unpack tarball "ckpt.tar.gz" to /tmp/tmpc1cv0t02
cellbender:remove-background: Successfully unpacked tarball to /tmp/tmpc1cv0t02
/tmp/tmpc1cv0t02/05ebd422f3_random.pyro
/tmp/tmpc1cv0t02/05ebd422f3_random.cuda
/tmp/tmpc1cv0t02/05ebd422f3_model.torch
/tmp/tmpc1cv0t02/05ebd422f3_optim.torch
/tmp/tmpc1cv0t02/05ebd422f3_optim.pyro
/tmp/tmpc1cv0t02/05ebd422f3_params.pyro
/tmp/tmpc1cv0t02/05ebd422f3_train.loaderstate
/tmp/tmpc1cv0t02/05ebd422f3_test.loaderstate
/tmp/tmpc1cv0t02/05ebd422f3_args.npy
cellbender:remove-background: Posterior not currently included in checkpoint.
cellbender:remove-background: Computing posterior noise count probabilities in mini-batches.
cellbender:remove-background: Working on chunk (1/78)
cellbender:remove-background:     [0.04 mins per chunk]
cellbender:remove-background: Working on chunk (2/78)
cellbender:remove-background: Working on chunk (3/78)
cellbender:remove-background: Working on chunk (4/78)
cellbender:remove-background: Working on chunk (5/78)
cellbender:remove-background: Working on chunk (6/78)
cellbender:remove-background: Working on chunk (7/78)
cellbender:remove-background: Working on chunk (8/78)
cellbender:remove-background: Working on chunk (9/78)
cellbender:remove-background: Working on chunk (10/78)
cellbender:remove-background: Working on chunk (11/78)
cellbender:remove-background: Working on chunk (12/78)
cellbender:remove-background: Working on chunk (13/78)
cellbender:remove-background: Working on chunk (14/78)
cellbender:remove-background: Working on chunk (15/78)
cellbender:remove-background: Working on chunk (16/78)
cellbender:remove-background: Working on chunk (17/78)
cellbender:remove-background: Working on chunk (18/78)
cellbender:remove-background: Working on chunk (19/78)
cellbender:remove-background: Working on chunk (20/78)
cellbender:remove-background: Working on chunk (21/78)
cellbender:remove-background: Working on chunk (22/78)
cellbender:remove-background: Working on chunk (23/78)
cellbender:remove-background: Working on chunk (24/78)
cellbender:remove-background: Working on chunk (25/78)
cellbender:remove-background: Working on chunk (26/78)
cellbender:remove-background: Working on chunk (27/78)
cellbender:remove-background: Working on chunk (28/78)
cellbender:remove-background: Working on chunk (29/78)
cellbender:remove-background: Working on chunk (30/78)
cellbender:remove-background: Working on chunk (31/78)
cellbender:remove-background: Working on chunk (32/78)
cellbender:remove-background: Working on chunk (33/78)
cellbender:remove-background: Working on chunk (34/78)
cellbender:remove-background: Working on chunk (35/78)
cellbender:remove-background: Working on chunk (36/78)
cellbender:remove-background: Working on chunk (37/78)
cellbender:remove-background: Working on chunk (38/78)
cellbender:remove-background: Working on chunk (39/78)
cellbender:remove-background: Working on chunk (40/78)
cellbender:remove-background: Working on chunk (41/78)
cellbender:remove-background: Working on chunk (42/78)
cellbender:remove-background: Working on chunk (43/78)
cellbender:remove-background: Working on chunk (44/78)
cellbender:remove-background: Working on chunk (45/78)
cellbender:remove-background: Working on chunk (46/78)
cellbender:remove-background: Working on chunk (47/78)
cellbender:remove-background: Working on chunk (48/78)
cellbender:remove-background: Working on chunk (49/78)
cellbender:remove-background: Working on chunk (50/78)
cellbender:remove-background: Working on chunk (51/78)
cellbender:remove-background: Working on chunk (52/78)
cellbender:remove-background: Working on chunk (53/78)
cellbender:remove-background: Working on chunk (54/78)
cellbender:remove-background: Working on chunk (55/78)
cellbender:remove-background: Working on chunk (56/78)
cellbender:remove-background: Working on chunk (57/78)
cellbender:remove-background: Working on chunk (58/78)
cellbender:remove-background: Working on chunk (59/78)
cellbender:remove-background: Working on chunk (60/78)
cellbender:remove-background: Working on chunk (61/78)
cellbender:remove-background: Working on chunk (62/78)
cellbender:remove-background: Working on chunk (63/78)
cellbender:remove-background: Working on chunk (64/78)
cellbender:remove-background: Working on chunk (65/78)
cellbender:remove-background: Working on chunk (66/78)
cellbender:remove-background: Working on chunk (67/78)
cellbender:remove-background: Working on chunk (68/78)
cellbender:remove-background: Working on chunk (69/78)
cellbender:remove-background: Working on chunk (70/78)
cellbender:remove-background: Working on chunk (71/78)
cellbender:remove-background: Working on chunk (72/78)
cellbender:remove-background: Working on chunk (73/78)
cellbender:remove-background: Working on chunk (74/78)
cellbender:remove-background: Working on chunk (75/78)
cellbender:remove-background: Working on chunk (76/78)
cellbender:remove-background: Working on chunk (77/78)
cellbender:remove-background: Working on chunk (78/78)
cellbender:remove-background: Writing full posterior to /om/scratch/Mon/mabdel03/Tsai_Data/Cellbender_Outputs/11395417/processed_feature_bc_matrix_posterior.h5
cellbender:remove-background: Succeeded in writing posterior to file /om/scratch/Mon/mabdel03/Tsai_Data/Cellbender_Outputs/11395417/processed_feature_bc_matrix_posterior.h5
cellbender:remove-background: Added posterior object to checkpoint file.
cellbender:remove-background: 2026-01-31 18:01:11

cellbender:remove-background: Saved summary plots as /om/scratch/Mon/mabdel03/Tsai_Data/Cellbender_Outputs/11395417/processed_feature_bc_matrix.pdf
cellbender:remove-background: Saved cell barcodes in /om/scratch/Mon/mabdel03/Tsai_Data/Cellbender_Outputs/11395417/processed_feature_bc_matrix_cell_barcodes.csv
cellbender:remove-background: Computing target noise counts per gene for MCKP estimator
cellbender:remove-background: Using MCKP noise targets computed for FPR 0.0
cellbender:remove-background: Computing denoised counts using mckp estimator
cellbender:remove-background: Working on chunk (1/7)
cellbender:remove-background:     [2.94 mins per chunk]
cellbender:remove-background: Working on chunk (2/7)
cellbender:remove-background: Working on chunk (3/7)
cellbender:remove-background: Working on chunk (4/7)
cellbender:remove-background: Working on chunk (5/7)
cellbender:remove-background: Working on chunk (6/7)
cellbender:remove-background: Working on chunk (7/7)
cellbender:remove-background: 2026-01-31 18:22:40 Total MCKP estimation time = 1227.70 sec
cellbender:remove-background: Succeeded in writing CellRanger format output to file /om/scratch/Mon/mabdel03/Tsai_Data/Cellbender_Outputs/11395417/processed_feature_bc_matrix.h5
cellbender:remove-background: Succeeded in writing CellRanger format output to file /om/scratch/Mon/mabdel03/Tsai_Data/Cellbender_Outputs/11395417/processed_feature_bc_matrix_filtered.h5
cellbender:remove-background: Saved output metrics as /om/scratch/Mon/mabdel03/Tsai_Data/Cellbender_Outputs/11395417/processed_feature_bc_matrix_metrics.csv
[NbConvertApp] Converting notebook tmp.report.ipynb to notebook
[NbConvertApp] Writing 538027 bytes to tmp.report.nbconvert.ipynb
[NbConvertApp] Converting notebook tmp.report.nbconvert.ipynb to html
[NbConvertApp] Writing 1112714 bytes to tmp.report.nbconvert.html
cellbender:remove-background: Succeeded in writing report to /om/scratch/Mon/mabdel03/Tsai_Data/Cellbender_Outputs/11395417/processed_feature_bc_matrix_report.html
cellbender:remove-background: Completed remove-background.
cellbender:remove-background: 2026-01-31 18:23:40

