cellbender:remove-background: Command:
cellbender remove-background --cuda --input /tmp/cellbender_44650083_109/raw_feature_bc_matrix.h5 --fpr 0 --output /om/scratch/Mon/mabdel03/Tsai_Data/Cellbender_Outputs/20156469/processed_feature_bc_matrix.h5
cellbender:remove-background: CellBender 0.3.0
cellbender:remove-background: (Workflow hash 79fcb3d640)
cellbender:remove-background: 2026-01-31 20:16:46
cellbender:remove-background: Running remove-background
cellbender:remove-background: Loading data from /tmp/cellbender_44650083_109/raw_feature_bc_matrix.h5
cellbender:remove-background: CellRanger v3 format
cellbender:remove-background: Features in dataset: 36601 Gene Expression
cellbender:remove-background: Trimming features for inference.
cellbender:remove-background: 31622 features have nonzero counts.
cellbender:remove-background: Prior on counts for cells is 9033
cellbender:remove-background: Prior on counts for empty droplets is 98
cellbender:remove-background: Excluding 9620 features that are estimated to have <= 0.1 background counts in cells.
cellbender:remove-background: Including 22002 features in the analysis.
cellbender:remove-background: Trimming barcodes for inference.
cellbender:remove-background: Excluding barcodes with counts below 49
cellbender:remove-background: Using 2453 probable cell barcodes, plus an additional 10006 barcodes, and 67986 empty droplets.
cellbender:remove-background: Largest surely-empty droplet has 126 UMI counts.
cellbender:remove-background: Attempting to unpack tarball "ckpt.tar.gz" to /tmp/tmpr5rz6suj
cellbender:remove-background: No saved checkpoint.
cellbender:remove-background: No checkpoint loaded.
cellbender:remove-background: Running inference...
cellbender:remove-background: [epoch 001]  average training loss: 9853.0777
cellbender:remove-background: [epoch 002]  average training loss: 8452.9868  (3.9 seconds per epoch)
cellbender:remove-background: Will checkpoint every 107 epochs
cellbender:remove-background: [epoch 003]  average training loss: 7102.6379
cellbender:remove-background: [epoch 004]  average training loss: 6370.6535
cellbender:remove-background: [epoch 005]  average training loss: 5956.3212
cellbender:remove-background: [epoch 005] average test loss: 5849.4931
cellbender:remove-background: [epoch 006]  average training loss: 5476.1486
cellbender:remove-background: [epoch 007]  average training loss: 5238.6212
cellbender:remove-background: [epoch 008]  average training loss: 5151.1319
cellbender:remove-background: [epoch 009]  average training loss: 5051.2975
cellbender:remove-background: [epoch 010]  average training loss: 4990.1358
cellbender:remove-background: [epoch 010] average test loss: 4756.9102
cellbender:remove-background: [epoch 011]  average training loss: 4961.8202
cellbender:remove-background: [epoch 012]  average training loss: 4807.7051
cellbender:remove-background: [epoch 013]  average training loss: 4652.2338
cellbender:remove-background: [epoch 014]  average training loss: 4619.9692
cellbender:remove-background: [epoch 015]  average training loss: 4590.4291
cellbender:remove-background: [epoch 015] average test loss: 4479.9519
cellbender:remove-background: [epoch 016]  average training loss: 4589.7575
cellbender:remove-background: [epoch 017]  average training loss: 4591.3775
cellbender:remove-background: [epoch 018]  average training loss: 4562.7829
cellbender:remove-background: [epoch 019]  average training loss: 4532.4431
cellbender:remove-background: [epoch 020]  average training loss: 4547.7802
cellbender:remove-background: [epoch 020] average test loss: 4443.9759
cellbender:remove-background: [epoch 021]  average training loss: 4517.6072
cellbender:remove-background: [epoch 022]  average training loss: 4514.8122
cellbender:remove-background: [epoch 023]  average training loss: 4456.7355
cellbender:remove-background: [epoch 024]  average training loss: 4438.1946
cellbender:remove-background: [epoch 025]  average training loss: 4415.4519
cellbender:remove-background: [epoch 025] average test loss: 4315.8826
cellbender:remove-background: [epoch 026]  average training loss: 4391.1271
cellbender:remove-background: [epoch 027]  average training loss: 4386.2085
cellbender:remove-background: [epoch 028]  average training loss: 4364.7183
cellbender:remove-background: [epoch 029]  average training loss: 4348.4627
cellbender:remove-background: [epoch 030]  average training loss: 4345.2637
cellbender:remove-background: [epoch 030] average test loss: 4238.5307
cellbender:remove-background: [epoch 031]  average training loss: 4332.1672
cellbender:remove-background: [epoch 032]  average training loss: 4331.5616
cellbender:remove-background: [epoch 033]  average training loss: 4327.9829
cellbender:remove-background: [epoch 034]  average training loss: 4320.8441
cellbender:remove-background: [epoch 035]  average training loss: 4317.3442
cellbender:remove-background: [epoch 035] average test loss: 4261.1614
cellbender:remove-background: [epoch 036]  average training loss: 4313.8967
cellbender:remove-background: [epoch 037]  average training loss: 4304.7737
cellbender:remove-background: [epoch 038]  average training loss: 4302.1867
cellbender:remove-background: [epoch 039]  average training loss: 4300.3084
cellbender:remove-background: [epoch 040]  average training loss: 4297.1257
cellbender:remove-background: [epoch 040] average test loss: 4210.4405
cellbender:remove-background: [epoch 041]  average training loss: 4292.7170
cellbender:remove-background: [epoch 042]  average training loss: 4291.5223
cellbender:remove-background: [epoch 043]  average training loss: 4287.6898
cellbender:remove-background: [epoch 044]  average training loss: 4285.4384
cellbender:remove-background: [epoch 045]  average training loss: 4284.1747
cellbender:remove-background: [epoch 045] average test loss: 4205.4820
cellbender:remove-background: [epoch 046]  average training loss: 4279.7844
cellbender:remove-background: [epoch 047]  average training loss: 4277.5282
cellbender:remove-background: [epoch 048]  average training loss: 4276.7051
cellbender:remove-background: [epoch 049]  average training loss: 4278.2428
cellbender:remove-background: [epoch 050]  average training loss: 4271.7090
cellbender:remove-background: [epoch 050] average test loss: 4176.8498
cellbender:remove-background: [epoch 051]  average training loss: 4273.7685
cellbender:remove-background: [epoch 052]  average training loss: 4274.5520
cellbender:remove-background: [epoch 053]  average training loss: 4267.7880
cellbender:remove-background: [epoch 054]  average training loss: 4274.4066
cellbender:remove-background: [epoch 055]  average training loss: 4270.1910
cellbender:remove-background: [epoch 055] average test loss: 4187.7995
cellbender:remove-background: [epoch 056]  average training loss: 4268.2382
cellbender:remove-background: [epoch 057]  average training loss: 4265.2548
cellbender:remove-background: [epoch 058]  average training loss: 4272.3113
cellbender:remove-background: [epoch 059]  average training loss: 4270.0872
cellbender:remove-background: [epoch 060]  average training loss: 4271.0162
cellbender:remove-background: [epoch 060] average test loss: 4183.2548
cellbender:remove-background: [epoch 061]  average training loss: 4267.4014
cellbender:remove-background: [epoch 062]  average training loss: 4262.2569
cellbender:remove-background: [epoch 063]  average training loss: 4285.7599
cellbender:remove-background: [epoch 064]  average training loss: 4290.0632
cellbender:remove-background: [epoch 065]  average training loss: 4264.4743
cellbender:remove-background: [epoch 065] average test loss: 4200.6810
cellbender:remove-background: [epoch 066]  average training loss: 4267.0669
cellbender:remove-background: [epoch 067]  average training loss: 4272.4063
cellbender:remove-background: [epoch 068]  average training loss: 4270.2590
cellbender:remove-background: [epoch 069]  average training loss: 4275.9112
cellbender:remove-background: [epoch 070]  average training loss: 4268.2025
cellbender:remove-background: [epoch 070] average test loss: 4202.6625
cellbender:remove-background: [epoch 071]  average training loss: 4281.0956
cellbender:remove-background: [epoch 072]  average training loss: 4269.0342
cellbender:remove-background: [epoch 073]  average training loss: 4274.9711
cellbender:remove-background: [epoch 074]  average training loss: 4270.1227
cellbender:remove-background: [epoch 075]  average training loss: 4275.3186
cellbender:remove-background: [epoch 075] average test loss: 4233.8401
cellbender:remove-background: [epoch 076]  average training loss: 4266.0361
cellbender:remove-background: [epoch 077]  average training loss: 4272.9537
cellbender:remove-background: [epoch 078]  average training loss: 4279.4576
cellbender:remove-background: [epoch 079]  average training loss: 4261.5248
cellbender:remove-background: [epoch 080]  average training loss: 4375.2891
cellbender:remove-background: [epoch 080] average test loss: 4192.8648
cellbender:remove-background: [epoch 081]  average training loss: 4279.6586
cellbender:remove-background: [epoch 082]  average training loss: 4269.0550
cellbender:remove-background: [epoch 083]  average training loss: 4273.6125
cellbender:remove-background: [epoch 084]  average training loss: 4264.0833
cellbender:remove-background: [epoch 085]  average training loss: 4271.6306
cellbender:remove-background: [epoch 085] average test loss: 4246.7789
cellbender:remove-background: [epoch 086]  average training loss: 4305.2460
cellbender:remove-background: [epoch 087]  average training loss: 4276.3989
cellbender:remove-background: [epoch 088]  average training loss: 4273.9515
cellbender:remove-background: [epoch 089]  average training loss: 4277.5427
cellbender:remove-background: [epoch 090]  average training loss: 4276.4845
cellbender:remove-background: [epoch 090] average test loss: 4196.5700
cellbender:remove-background: [epoch 091]  average training loss: 4279.8081
cellbender:remove-background: [epoch 092]  average training loss: 4296.6371
cellbender:remove-background: [epoch 093]  average training loss: 4273.8338
cellbender:remove-background: [epoch 094]  average training loss: 4310.8358
cellbender:remove-background: [epoch 095]  average training loss: 4271.5484
cellbender:remove-background: [epoch 095] average test loss: 4251.7145
cellbender:remove-background: [epoch 096]  average training loss: 4288.5874
cellbender:remove-background: [epoch 097]  average training loss: 4330.4853
cellbender:remove-background: [epoch 098]  average training loss: 4296.5215
cellbender:remove-background: [epoch 099]  average training loss: 4277.8959
cellbender:remove-background: [epoch 100]  average training loss: 4295.1218
cellbender:remove-background: [epoch 100] average test loss: 4205.5941
cellbender:remove-background: [epoch 101]  average training loss: 4303.2577
cellbender:remove-background: [epoch 102]  average training loss: 4277.4432
cellbender:remove-background: [epoch 103]  average training loss: 4293.4562
cellbender:remove-background: [epoch 104]  average training loss: 4292.4361
cellbender:remove-background: [epoch 105]  average training loss: 4310.2799
cellbender:remove-background: [epoch 105] average test loss: 4271.7840
cellbender:remove-background: [epoch 106]  average training loss: 4302.8198
cellbender:remove-background: [epoch 107]  average training loss: 4380.1073
cellbender:remove-background: Saving a checkpoint...
cellbender:remove-background: Saved checkpoint as /weka/scratch/scratch/Mon/mabdel03/Tsai_Data/Cellbender_Outputs/20156469/ckpt.tar.gz
cellbender:remove-background: [epoch 108]  average training loss: 4324.1377
cellbender:remove-background: [epoch 109]  average training loss: 4299.4861
cellbender:remove-background: [epoch 110]  average training loss: 4290.4286
cellbender:remove-background: [epoch 110] average test loss: 4245.2916
cellbender:remove-background: [epoch 111]  average training loss: 4281.5381
cellbender:remove-background: [epoch 112]  average training loss: 4283.3383
cellbender:remove-background: [epoch 113]  average training loss: 4299.2497
cellbender:remove-background: [epoch 114]  average training loss: 4270.8199
cellbender:remove-background: [epoch 115]  average training loss: 4296.8912
cellbender:remove-background: [epoch 115] average test loss: 4286.5922
cellbender:remove-background: [epoch 116]  average training loss: 4269.3118
cellbender:remove-background: [epoch 117]  average training loss: 4281.2230
cellbender:remove-background: [epoch 118]  average training loss: 4274.2192
cellbender:remove-background: [epoch 119]  average training loss: 4327.1536
cellbender:remove-background: [epoch 120]  average training loss: 4282.1268
cellbender:remove-background: [epoch 120] average test loss: 4219.1212
cellbender:remove-background: [epoch 121]  average training loss: 4316.3278
cellbender:remove-background: [epoch 122]  average training loss: 4277.5154
cellbender:remove-background: [epoch 123]  average training loss: 4270.0283
cellbender:remove-background: [epoch 124]  average training loss: 4300.3177
cellbender:remove-background: [epoch 125]  average training loss: 4302.8757
cellbender:remove-background: [epoch 125] average test loss: 4237.1574
cellbender:remove-background: [epoch 126]  average training loss: 4271.6544
cellbender:remove-background: [epoch 127]  average training loss: 4275.1410
cellbender:remove-background: [epoch 128]  average training loss: 4298.1532
cellbender:remove-background: [epoch 129]  average training loss: 4300.1389
cellbender:remove-background: [epoch 130]  average training loss: 4277.2074
cellbender:remove-background: [epoch 130] average test loss: 4205.6728
cellbender:remove-background: [epoch 131]  average training loss: 4316.3316
cellbender:remove-background: [epoch 132]  average training loss: 4291.3482
cellbender:remove-background: [epoch 133]  average training loss: 4272.9909
cellbender:remove-background: [epoch 134]  average training loss: 4275.1995
cellbender:remove-background: [epoch 135]  average training loss: 4293.6408
cellbender:remove-background: [epoch 135] average test loss: 4266.8098
cellbender:remove-background: [epoch 136]  average training loss: 4262.9523
cellbender:remove-background: [epoch 137]  average training loss: 4300.3565
cellbender:remove-background: [epoch 138]  average training loss: 4267.3083
cellbender:remove-background: [epoch 139]  average training loss: 4299.4098
cellbender:remove-background: [epoch 140]  average training loss: 4286.1002
cellbender:remove-background: [epoch 140] average test loss: 4236.9152
cellbender:remove-background: [epoch 141]  average training loss: 4272.7534
cellbender:remove-background: [epoch 142]  average training loss: 4275.7312
cellbender:remove-background: [epoch 143]  average training loss: 4270.5670
cellbender:remove-background: [epoch 144]  average training loss: 4270.3748
cellbender:remove-background: [epoch 145]  average training loss: 4283.6768
cellbender:remove-background: [epoch 145] average test loss: 4231.2435
cellbender:remove-background: [epoch 146]  average training loss: 4276.0253
cellbender:remove-background: [epoch 147]  average training loss: 4273.5043
cellbender:remove-background: [epoch 148]  average training loss: 4262.7949
cellbender:remove-background: [epoch 149]  average training loss: 4266.6202
cellbender:remove-background: [epoch 150]  average training loss: 4276.1753
cellbender:remove-background: [epoch 150] average test loss: 4324.5901
cellbender:remove-background: Saving a checkpoint...
cellbender:remove-background: Saved checkpoint as /weka/scratch/scratch/Mon/mabdel03/Tsai_Data/Cellbender_Outputs/20156469/ckpt.tar.gz
cellbender:remove-background: 2026-01-31 20:28:54
cellbender:remove-background: Inference procedure complete.
cellbender:remove-background: Attempting to unpack tarball "ckpt.tar.gz" to /tmp/tmpxudjclkx
cellbender:remove-background: Successfully unpacked tarball to /tmp/tmpxudjclkx
/tmp/tmpxudjclkx/79fcb3d640_random.pyro
/tmp/tmpxudjclkx/79fcb3d640_random.cuda
/tmp/tmpxudjclkx/79fcb3d640_model.torch
/tmp/tmpxudjclkx/79fcb3d640_optim.torch
/tmp/tmpxudjclkx/79fcb3d640_optim.pyro
/tmp/tmpxudjclkx/79fcb3d640_params.pyro
/tmp/tmpxudjclkx/79fcb3d640_train.loaderstate
/tmp/tmpxudjclkx/79fcb3d640_test.loaderstate
/tmp/tmpxudjclkx/79fcb3d640_args.npy
cellbender:remove-background: Posterior not currently included in checkpoint.
cellbender:remove-background: Computing posterior noise count probabilities in mini-batches.
cellbender:remove-background: Working on chunk (1/42)
cellbender:remove-background:     [0.04 mins per chunk]
cellbender:remove-background: Working on chunk (2/42)
cellbender:remove-background: Working on chunk (3/42)
cellbender:remove-background: Working on chunk (4/42)
cellbender:remove-background: Working on chunk (5/42)
cellbender:remove-background: Working on chunk (6/42)
cellbender:remove-background: Working on chunk (7/42)
cellbender:remove-background: Working on chunk (8/42)
cellbender:remove-background: Working on chunk (9/42)
cellbender:remove-background: Working on chunk (10/42)
cellbender:remove-background: Working on chunk (11/42)
cellbender:remove-background: Working on chunk (12/42)
cellbender:remove-background: Working on chunk (13/42)
cellbender:remove-background: Working on chunk (14/42)
cellbender:remove-background: Working on chunk (15/42)
cellbender:remove-background: Working on chunk (16/42)
cellbender:remove-background: Working on chunk (17/42)
cellbender:remove-background: Working on chunk (18/42)
cellbender:remove-background: Working on chunk (19/42)
cellbender:remove-background: Working on chunk (20/42)
cellbender:remove-background: Working on chunk (21/42)
cellbender:remove-background: Working on chunk (22/42)
cellbender:remove-background: Working on chunk (23/42)
cellbender:remove-background: Working on chunk (24/42)
cellbender:remove-background: Working on chunk (25/42)
cellbender:remove-background: Working on chunk (26/42)
cellbender:remove-background: Working on chunk (27/42)
cellbender:remove-background: Working on chunk (28/42)
cellbender:remove-background: Working on chunk (29/42)
cellbender:remove-background: Working on chunk (30/42)
cellbender:remove-background: Working on chunk (31/42)
cellbender:remove-background: Working on chunk (32/42)
cellbender:remove-background: Working on chunk (33/42)
cellbender:remove-background: Working on chunk (34/42)
cellbender:remove-background: Working on chunk (35/42)
cellbender:remove-background: Working on chunk (36/42)
cellbender:remove-background: Working on chunk (37/42)
cellbender:remove-background: Working on chunk (38/42)
cellbender:remove-background: Working on chunk (39/42)
cellbender:remove-background: Working on chunk (40/42)
cellbender:remove-background: Working on chunk (41/42)
cellbender:remove-background: Working on chunk (42/42)
cellbender:remove-background: Writing full posterior to /om/scratch/Mon/mabdel03/Tsai_Data/Cellbender_Outputs/20156469/processed_feature_bc_matrix_posterior.h5
cellbender:remove-background: Succeeded in writing posterior to file /om/scratch/Mon/mabdel03/Tsai_Data/Cellbender_Outputs/20156469/processed_feature_bc_matrix_posterior.h5
cellbender:remove-background: Added posterior object to checkpoint file.
cellbender:remove-background: 2026-01-31 20:32:44

cellbender:remove-background: Saved summary plots as /om/scratch/Mon/mabdel03/Tsai_Data/Cellbender_Outputs/20156469/processed_feature_bc_matrix.pdf
cellbender:remove-background: Saved cell barcodes in /om/scratch/Mon/mabdel03/Tsai_Data/Cellbender_Outputs/20156469/processed_feature_bc_matrix_cell_barcodes.csv
cellbender:remove-background: Computing target noise counts per gene for MCKP estimator
cellbender:remove-background: Using MCKP noise targets computed for FPR 0.0
cellbender:remove-background: Computing denoised counts using mckp estimator
cellbender:remove-background: Working on chunk (1/7)
cellbender:remove-background:     [1.49 mins per chunk]
cellbender:remove-background: Working on chunk (2/7)
cellbender:remove-background: Working on chunk (3/7)
cellbender:remove-background: Working on chunk (4/7)
cellbender:remove-background: Working on chunk (5/7)
cellbender:remove-background: Working on chunk (6/7)
cellbender:remove-background: Working on chunk (7/7)
cellbender:remove-background: 2026-01-31 20:43:40 Total MCKP estimation time = 623.14 sec
cellbender:remove-background: Succeeded in writing CellRanger format output to file /om/scratch/Mon/mabdel03/Tsai_Data/Cellbender_Outputs/20156469/processed_feature_bc_matrix.h5
cellbender:remove-background: Succeeded in writing CellRanger format output to file /om/scratch/Mon/mabdel03/Tsai_Data/Cellbender_Outputs/20156469/processed_feature_bc_matrix_filtered.h5
cellbender:remove-background: Saved output metrics as /om/scratch/Mon/mabdel03/Tsai_Data/Cellbender_Outputs/20156469/processed_feature_bc_matrix_metrics.csv
[NbConvertApp] Converting notebook tmp.report.ipynb to notebook
[NbConvertApp] Writing 486106 bytes to tmp.report.nbconvert.ipynb
[NbConvertApp] Converting notebook tmp.report.nbconvert.ipynb to html
[NbConvertApp] Writing 1060829 bytes to tmp.report.nbconvert.html
cellbender:remove-background: Succeeded in writing report to /om/scratch/Mon/mabdel03/Tsai_Data/Cellbender_Outputs/20156469/processed_feature_bc_matrix_report.html
cellbender:remove-background: Completed remove-background.
cellbender:remove-background: 2026-01-31 20:44:19

