cellbender:remove-background: Command:
cellbender remove-background --cuda --input /tmp/cellbender_44650460_124/raw_feature_bc_matrix.h5 --fpr 0 --output /om/scratch/Mon/mabdel03/Tsai_Data/Cellbender_Outputs/20254588/processed_feature_bc_matrix.h5
cellbender:remove-background: CellBender 0.3.0
cellbender:remove-background: (Workflow hash c39c1f16e1)
cellbender:remove-background: 2026-01-31 20:57:03
cellbender:remove-background: Running remove-background
cellbender:remove-background: Loading data from /tmp/cellbender_44650460_124/raw_feature_bc_matrix.h5
cellbender:remove-background: CellRanger v3 format
cellbender:remove-background: Features in dataset: 36601 Gene Expression
cellbender:remove-background: Trimming features for inference.
cellbender:remove-background: 32387 features have nonzero counts.
cellbender:remove-background: Prior on counts for cells is 4537
cellbender:remove-background: Prior on counts for empty droplets is 120
cellbender:remove-background: Excluding 9563 features that are estimated to have <= 0.1 background counts in cells.
cellbender:remove-background: Including 22824 features in the analysis.
cellbender:remove-background: Trimming barcodes for inference.
cellbender:remove-background: Excluding barcodes with counts below 60
cellbender:remove-background: Using 5300 probable cell barcodes, plus an additional 18248 barcodes, and 70234 empty droplets.
cellbender:remove-background: Largest surely-empty droplet has 146 UMI counts.
cellbender:remove-background: Attempting to unpack tarball "ckpt.tar.gz" to /tmp/tmpdcqwavzm
cellbender:remove-background: No saved checkpoint.
cellbender:remove-background: No checkpoint loaded.
cellbender:remove-background: Running inference...
cellbender:remove-background: [epoch 001]  average training loss: 6946.5323
cellbender:remove-background: [epoch 002]  average training loss: 5489.7539  (8.3 seconds per epoch)
cellbender:remove-background: Will checkpoint every 51 epochs
cellbender:remove-background: [epoch 003]  average training loss: 4891.4012
cellbender:remove-background: [epoch 004]  average training loss: 4557.8209
cellbender:remove-background: [epoch 005]  average training loss: 4495.5375
cellbender:remove-background: [epoch 005] average test loss: 4364.2641
cellbender:remove-background: [epoch 006]  average training loss: 4437.9500
cellbender:remove-background: [epoch 007]  average training loss: 4397.9667
cellbender:remove-background: [epoch 008]  average training loss: 4368.8643
cellbender:remove-background: [epoch 009]  average training loss: 4360.7673
cellbender:remove-background: [epoch 010]  average training loss: 4287.1708
cellbender:remove-background: [epoch 010] average test loss: 4316.6109
cellbender:remove-background: [epoch 011]  average training loss: 4137.2538
cellbender:remove-background: [epoch 012]  average training loss: 4114.3529
cellbender:remove-background: [epoch 013]  average training loss: 4086.5782
cellbender:remove-background: [epoch 014]  average training loss: 4080.1291
cellbender:remove-background: [epoch 015]  average training loss: 4072.5149
cellbender:remove-background: [epoch 015] average test loss: 4004.1965
cellbender:remove-background: [epoch 016]  average training loss: 4056.8400
cellbender:remove-background: [epoch 017]  average training loss: 4033.6930
cellbender:remove-background: [epoch 018]  average training loss: 4024.3309
cellbender:remove-background: [epoch 019]  average training loss: 4026.9093
cellbender:remove-background: [epoch 020]  average training loss: 4018.4066
cellbender:remove-background: [epoch 020] average test loss: 3935.8853
cellbender:remove-background: [epoch 021]  average training loss: 4006.6664
cellbender:remove-background: [epoch 022]  average training loss: 3994.6718
cellbender:remove-background: [epoch 023]  average training loss: 3979.1525
cellbender:remove-background: [epoch 024]  average training loss: 3962.1110
cellbender:remove-background: [epoch 025]  average training loss: 3951.3821
cellbender:remove-background: [epoch 025] average test loss: 3860.6150
cellbender:remove-background: [epoch 026]  average training loss: 3942.0293
cellbender:remove-background: [epoch 027]  average training loss: 3933.0875
cellbender:remove-background: [epoch 028]  average training loss: 3926.0450
cellbender:remove-background: [epoch 029]  average training loss: 3921.7644
cellbender:remove-background: [epoch 030]  average training loss: 3917.9113
cellbender:remove-background: [epoch 030] average test loss: 3831.6973
cellbender:remove-background: [epoch 031]  average training loss: 3915.7238
cellbender:remove-background: [epoch 032]  average training loss: 3913.4184
cellbender:remove-background: [epoch 033]  average training loss: 3911.4989
cellbender:remove-background: [epoch 034]  average training loss: 3908.4862
cellbender:remove-background: [epoch 035]  average training loss: 3907.3241
cellbender:remove-background: [epoch 035] average test loss: 3807.0794
cellbender:remove-background: [epoch 036]  average training loss: 3904.0826
cellbender:remove-background: [epoch 037]  average training loss: 3901.5403
cellbender:remove-background: [epoch 038]  average training loss: 3899.0320
cellbender:remove-background: [epoch 039]  average training loss: 3895.7373
cellbender:remove-background: [epoch 040]  average training loss: 3890.7318
cellbender:remove-background: [epoch 040] average test loss: 3788.3608
cellbender:remove-background: [epoch 041]  average training loss: 3888.3126
cellbender:remove-background: [epoch 042]  average training loss: 3886.4668
cellbender:remove-background: [epoch 043]  average training loss: 3884.8760
cellbender:remove-background: [epoch 044]  average training loss: 3882.8670
cellbender:remove-background: [epoch 045]  average training loss: 3877.0002
cellbender:remove-background: [epoch 045] average test loss: 3794.7486
cellbender:remove-background: [epoch 046]  average training loss: 3878.1147
cellbender:remove-background: [epoch 047]  average training loss: 3874.8640
cellbender:remove-background: [epoch 048]  average training loss: 3873.4925
cellbender:remove-background: [epoch 049]  average training loss: 3874.5368
cellbender:remove-background: [epoch 050]  average training loss: 3872.1892
cellbender:remove-background: [epoch 050] average test loss: 3777.0306
cellbender:remove-background: [epoch 051]  average training loss: 3874.5358
cellbender:remove-background: Saving a checkpoint...
cellbender:remove-background: Saved checkpoint as /weka/scratch/scratch/Mon/mabdel03/Tsai_Data/Cellbender_Outputs/20254588/ckpt.tar.gz
cellbender:remove-background: [epoch 052]  average training loss: 3876.3736
cellbender:remove-background: [epoch 053]  average training loss: 3882.7114
cellbender:remove-background: [epoch 054]  average training loss: 3882.6053
cellbender:remove-background: [epoch 055]  average training loss: 3880.2404
cellbender:remove-background: [epoch 055] average test loss: 3788.7220
cellbender:remove-background: [epoch 056]  average training loss: 3880.6441
cellbender:remove-background: [epoch 057]  average training loss: 3883.9946
cellbender:remove-background: [epoch 058]  average training loss: 3881.2195
cellbender:remove-background: [epoch 059]  average training loss: 3887.2652
cellbender:remove-background: [epoch 060]  average training loss: 3884.4709
cellbender:remove-background: [epoch 060] average test loss: 3864.0815
cellbender:remove-background: [epoch 061]  average training loss: 3889.0934
cellbender:remove-background: [epoch 062]  average training loss: 3883.5155
cellbender:remove-background: [epoch 063]  average training loss: 3892.4618
cellbender:remove-background: [epoch 064]  average training loss: 3886.7488
cellbender:remove-background: [epoch 065]  average training loss: 3881.5213
cellbender:remove-background: [epoch 065] average test loss: 3824.3106
cellbender:remove-background: [epoch 066]  average training loss: 3881.5029
cellbender:remove-background: [epoch 067]  average training loss: 3881.1295
cellbender:remove-background: [epoch 068]  average training loss: 3881.5353
cellbender:remove-background: [epoch 069]  average training loss: 3876.2691
cellbender:remove-background: [epoch 070]  average training loss: 3873.4976
cellbender:remove-background: [epoch 070] average test loss: 3795.7198
cellbender:remove-background: [epoch 071]  average training loss: 3874.4583
cellbender:remove-background: [epoch 072]  average training loss: 3881.9226
cellbender:remove-background: [epoch 073]  average training loss: 3878.4430
cellbender:remove-background: [epoch 074]  average training loss: 3873.4016
cellbender:remove-background: [epoch 075]  average training loss: 3874.5617
cellbender:remove-background: [epoch 075] average test loss: 3819.1630
cellbender:remove-background: [epoch 076]  average training loss: 3872.6378
cellbender:remove-background: [epoch 077]  average training loss: 3871.5471
cellbender:remove-background: [epoch 078]  average training loss: 3870.0520
cellbender:remove-background: [epoch 079]  average training loss: 3865.9410
cellbender:remove-background: [epoch 080]  average training loss: 3865.9290
cellbender:remove-background: [epoch 080] average test loss: 3778.0711
cellbender:remove-background: [epoch 081]  average training loss: 3862.6364
cellbender:remove-background: [epoch 082]  average training loss: 3858.4680
cellbender:remove-background: [epoch 083]  average training loss: 3857.7550
cellbender:remove-background: [epoch 084]  average training loss: 3852.3601
cellbender:remove-background: [epoch 085]  average training loss: 3852.7875
cellbender:remove-background: [epoch 085] average test loss: 3784.7235
cellbender:remove-background: [epoch 086]  average training loss: 3852.8162
cellbender:remove-background: [epoch 087]  average training loss: 3858.4356
cellbender:remove-background: [epoch 088]  average training loss: 3857.3143
cellbender:remove-background: [epoch 089]  average training loss: 3856.6531
cellbender:remove-background: [epoch 090]  average training loss: 3856.4031
cellbender:remove-background: [epoch 090] average test loss: 3783.4890
cellbender:remove-background: [epoch 091]  average training loss: 3849.8865
cellbender:remove-background: [epoch 092]  average training loss: 3853.7407
cellbender:remove-background: [epoch 093]  average training loss: 3854.3949
cellbender:remove-background: [epoch 094]  average training loss: 3851.3199
cellbender:remove-background: [epoch 095]  average training loss: 3852.1639
cellbender:remove-background: [epoch 095] average test loss: 3818.6177
cellbender:remove-background: [epoch 096]  average training loss: 3849.2017
cellbender:remove-background: [epoch 097]  average training loss: 3848.7027
cellbender:remove-background: [epoch 098]  average training loss: 3850.5714
cellbender:remove-background: [epoch 099]  average training loss: 3847.4555
cellbender:remove-background: [epoch 100]  average training loss: 3845.3181
cellbender:remove-background: [epoch 100] average test loss: 3774.7177
cellbender:remove-background: [epoch 101]  average training loss: 3842.7221
cellbender:remove-background: [epoch 102]  average training loss: 3841.1652
cellbender:remove-background: Saving a checkpoint...
cellbender:remove-background: Saved checkpoint as /weka/scratch/scratch/Mon/mabdel03/Tsai_Data/Cellbender_Outputs/20254588/ckpt.tar.gz
cellbender:remove-background: [epoch 103]  average training loss: 3839.6422
cellbender:remove-background: [epoch 104]  average training loss: 3841.3139
cellbender:remove-background: [epoch 105]  average training loss: 3838.4860
cellbender:remove-background: [epoch 105] average test loss: 3782.9431
cellbender:remove-background: [epoch 106]  average training loss: 3843.5069
cellbender:remove-background: [epoch 107]  average training loss: 3837.6271
cellbender:remove-background: [epoch 108]  average training loss: 3837.1158
cellbender:remove-background: [epoch 109]  average training loss: 3835.6601
cellbender:remove-background: [epoch 110]  average training loss: 3835.2784
cellbender:remove-background: [epoch 110] average test loss: 3770.5049
cellbender:remove-background: [epoch 111]  average training loss: 3836.7229
cellbender:remove-background: [epoch 112]  average training loss: 3838.1454
cellbender:remove-background: [epoch 113]  average training loss: 3839.2726
cellbender:remove-background: [epoch 114]  average training loss: 3836.9752
cellbender:remove-background: [epoch 115]  average training loss: 3833.5703
cellbender:remove-background: [epoch 115] average test loss: 3783.6829
cellbender:remove-background: [epoch 116]  average training loss: 3835.1919
cellbender:remove-background: [epoch 117]  average training loss: 3838.9717
cellbender:remove-background: [epoch 118]  average training loss: 3834.9609
cellbender:remove-background: [epoch 119]  average training loss: 3836.4070
cellbender:remove-background: [epoch 120]  average training loss: 3835.4197
cellbender:remove-background: [epoch 120] average test loss: 3780.1870
cellbender:remove-background: [epoch 121]  average training loss: 3834.8497
cellbender:remove-background: [epoch 122]  average training loss: 3833.7797
cellbender:remove-background: [epoch 123]  average training loss: 3835.7642
cellbender:remove-background: [epoch 124]  average training loss: 3832.5683
cellbender:remove-background: [epoch 125]  average training loss: 3833.3371
cellbender:remove-background: [epoch 125] average test loss: 3770.0022
cellbender:remove-background: [epoch 126]  average training loss: 3835.8008
cellbender:remove-background: [epoch 127]  average training loss: 3833.7659
cellbender:remove-background: [epoch 128]  average training loss: 3833.9870
cellbender:remove-background: [epoch 129]  average training loss: 3835.4143
cellbender:remove-background: [epoch 130]  average training loss: 3832.1801
cellbender:remove-background: [epoch 130] average test loss: 3777.0950
cellbender:remove-background: [epoch 131]  average training loss: 3833.2095
cellbender:remove-background: [epoch 132]  average training loss: 3831.6864
cellbender:remove-background: [epoch 133]  average training loss: 3831.0988
cellbender:remove-background: [epoch 134]  average training loss: 3831.1699
cellbender:remove-background: [epoch 135]  average training loss: 3831.4460
cellbender:remove-background: [epoch 135] average test loss: 3781.0851
cellbender:remove-background: [epoch 136]  average training loss: 3832.4471
cellbender:remove-background: [epoch 137]  average training loss: 3830.9408
cellbender:remove-background: [epoch 138]  average training loss: 3832.7964
cellbender:remove-background: [epoch 139]  average training loss: 3829.8514
cellbender:remove-background: [epoch 140]  average training loss: 3832.0359
cellbender:remove-background: [epoch 140] average test loss: 3781.6477
cellbender:remove-background: [epoch 141]  average training loss: 3831.1295
cellbender:remove-background: [epoch 142]  average training loss: 3831.9420
cellbender:remove-background: [epoch 143]  average training loss: 3829.4137
cellbender:remove-background: [epoch 144]  average training loss: 3831.7237
cellbender:remove-background: [epoch 145]  average training loss: 3831.3570
cellbender:remove-background: [epoch 145] average test loss: 3779.5286
cellbender:remove-background: [epoch 146]  average training loss: 3833.1156
cellbender:remove-background: [epoch 147]  average training loss: 3830.2324
cellbender:remove-background: [epoch 148]  average training loss: 3830.1972
cellbender:remove-background: [epoch 149]  average training loss: 3830.1645
cellbender:remove-background: [epoch 150]  average training loss: 3829.5578
cellbender:remove-background: [epoch 150] average test loss: 3777.9572
cellbender:remove-background: Saving a checkpoint...
cellbender:remove-background: Saved checkpoint as /weka/scratch/scratch/Mon/mabdel03/Tsai_Data/Cellbender_Outputs/20254588/ckpt.tar.gz
cellbender:remove-background: 2026-01-31 21:22:37
cellbender:remove-background: Inference procedure complete.
cellbender:remove-background: Attempting to unpack tarball "ckpt.tar.gz" to /tmp/tmpis5b7go1
cellbender:remove-background: Successfully unpacked tarball to /tmp/tmpis5b7go1
/tmp/tmpis5b7go1/c39c1f16e1_random.pyro
/tmp/tmpis5b7go1/c39c1f16e1_random.cuda
/tmp/tmpis5b7go1/c39c1f16e1_model.torch
/tmp/tmpis5b7go1/c39c1f16e1_optim.torch
/tmp/tmpis5b7go1/c39c1f16e1_optim.pyro
/tmp/tmpis5b7go1/c39c1f16e1_params.pyro
/tmp/tmpis5b7go1/c39c1f16e1_train.loaderstate
/tmp/tmpis5b7go1/c39c1f16e1_test.loaderstate
/tmp/tmpis5b7go1/c39c1f16e1_args.npy
cellbender:remove-background: Posterior not currently included in checkpoint.
cellbender:remove-background: Computing posterior noise count probabilities in mini-batches.
cellbender:remove-background: Working on chunk (1/102)
cellbender:remove-background:     [0.04 mins per chunk]
cellbender:remove-background: Working on chunk (2/102)
cellbender:remove-background: Working on chunk (3/102)
cellbender:remove-background: Working on chunk (4/102)
cellbender:remove-background: Working on chunk (5/102)
cellbender:remove-background: Working on chunk (6/102)
cellbender:remove-background: Working on chunk (7/102)
cellbender:remove-background: Working on chunk (8/102)
cellbender:remove-background: Working on chunk (9/102)
cellbender:remove-background: Working on chunk (10/102)
cellbender:remove-background: Working on chunk (11/102)
cellbender:remove-background: Working on chunk (12/102)
cellbender:remove-background: Working on chunk (13/102)
cellbender:remove-background: Working on chunk (14/102)
cellbender:remove-background: Working on chunk (15/102)
cellbender:remove-background: Working on chunk (16/102)
cellbender:remove-background: Working on chunk (17/102)
cellbender:remove-background: Working on chunk (18/102)
cellbender:remove-background: Working on chunk (19/102)
cellbender:remove-background: Working on chunk (20/102)
cellbender:remove-background: Working on chunk (21/102)
cellbender:remove-background: Working on chunk (22/102)
cellbender:remove-background: Working on chunk (23/102)
cellbender:remove-background: Working on chunk (24/102)
cellbender:remove-background: Working on chunk (25/102)
cellbender:remove-background: Working on chunk (26/102)
cellbender:remove-background: Working on chunk (27/102)
cellbender:remove-background: Working on chunk (28/102)
cellbender:remove-background: Working on chunk (29/102)
cellbender:remove-background: Working on chunk (30/102)
cellbender:remove-background: Working on chunk (31/102)
cellbender:remove-background: Working on chunk (32/102)
cellbender:remove-background: Working on chunk (33/102)
cellbender:remove-background: Working on chunk (34/102)
cellbender:remove-background: Working on chunk (35/102)
cellbender:remove-background: Working on chunk (36/102)
cellbender:remove-background: Working on chunk (37/102)
cellbender:remove-background: Working on chunk (38/102)
cellbender:remove-background: Working on chunk (39/102)
cellbender:remove-background: Working on chunk (40/102)
cellbender:remove-background: Working on chunk (41/102)
cellbender:remove-background: Working on chunk (42/102)
cellbender:remove-background: Working on chunk (43/102)
cellbender:remove-background: Working on chunk (44/102)
cellbender:remove-background: Working on chunk (45/102)
cellbender:remove-background: Working on chunk (46/102)
cellbender:remove-background: Working on chunk (47/102)
cellbender:remove-background: Working on chunk (48/102)
cellbender:remove-background: Working on chunk (49/102)
cellbender:remove-background: Working on chunk (50/102)
cellbender:remove-background: Working on chunk (51/102)
cellbender:remove-background: Working on chunk (52/102)
cellbender:remove-background: Working on chunk (53/102)
cellbender:remove-background: Working on chunk (54/102)
cellbender:remove-background: Working on chunk (55/102)
cellbender:remove-background: Working on chunk (56/102)
cellbender:remove-background: Working on chunk (57/102)
cellbender:remove-background: Working on chunk (58/102)
cellbender:remove-background: Working on chunk (59/102)
cellbender:remove-background: Working on chunk (60/102)
cellbender:remove-background: Working on chunk (61/102)
cellbender:remove-background: Working on chunk (62/102)
cellbender:remove-background: Working on chunk (63/102)
cellbender:remove-background: Working on chunk (64/102)
cellbender:remove-background: Working on chunk (65/102)
cellbender:remove-background: Working on chunk (66/102)
cellbender:remove-background: Working on chunk (67/102)
cellbender:remove-background: Working on chunk (68/102)
cellbender:remove-background: Working on chunk (69/102)
cellbender:remove-background: Working on chunk (70/102)
cellbender:remove-background: Working on chunk (71/102)
cellbender:remove-background: Working on chunk (72/102)
cellbender:remove-background: Working on chunk (73/102)
cellbender:remove-background: Working on chunk (74/102)
cellbender:remove-background: Working on chunk (75/102)
cellbender:remove-background: Working on chunk (76/102)
cellbender:remove-background: Working on chunk (77/102)
cellbender:remove-background: Working on chunk (78/102)
cellbender:remove-background: Working on chunk (79/102)
cellbender:remove-background: Working on chunk (80/102)
cellbender:remove-background: Working on chunk (81/102)
cellbender:remove-background: Working on chunk (82/102)
cellbender:remove-background: Working on chunk (83/102)
cellbender:remove-background: Working on chunk (84/102)
cellbender:remove-background: Working on chunk (85/102)
cellbender:remove-background: Working on chunk (86/102)
cellbender:remove-background: Working on chunk (87/102)
cellbender:remove-background: Working on chunk (88/102)
cellbender:remove-background: Working on chunk (89/102)
cellbender:remove-background: Working on chunk (90/102)
cellbender:remove-background: Working on chunk (91/102)
cellbender:remove-background: Working on chunk (92/102)
cellbender:remove-background: Working on chunk (93/102)
cellbender:remove-background: Working on chunk (94/102)
cellbender:remove-background: Working on chunk (95/102)
cellbender:remove-background: Working on chunk (96/102)
cellbender:remove-background: Working on chunk (97/102)
cellbender:remove-background: Working on chunk (98/102)
cellbender:remove-background: Working on chunk (99/102)
cellbender:remove-background: Working on chunk (100/102)
cellbender:remove-background: Working on chunk (101/102)
cellbender:remove-background: Working on chunk (102/102)
cellbender:remove-background: Writing full posterior to /om/scratch/Mon/mabdel03/Tsai_Data/Cellbender_Outputs/20254588/processed_feature_bc_matrix_posterior.h5
cellbender:remove-background: Succeeded in writing posterior to file /om/scratch/Mon/mabdel03/Tsai_Data/Cellbender_Outputs/20254588/processed_feature_bc_matrix_posterior.h5
cellbender:remove-background: Added posterior object to checkpoint file.
cellbender:remove-background: 2026-01-31 21:30:03

cellbender:remove-background: Saved summary plots as /om/scratch/Mon/mabdel03/Tsai_Data/Cellbender_Outputs/20254588/processed_feature_bc_matrix.pdf
cellbender:remove-background: Saved cell barcodes in /om/scratch/Mon/mabdel03/Tsai_Data/Cellbender_Outputs/20254588/processed_feature_bc_matrix_cell_barcodes.csv
cellbender:remove-background: Computing target noise counts per gene for MCKP estimator
cellbender:remove-background: Using MCKP noise targets computed for FPR 0.0
cellbender:remove-background: Computing denoised counts using mckp estimator
cellbender:remove-background: Working on chunk (1/7)
cellbender:remove-background:     [3.03 mins per chunk]
cellbender:remove-background: Working on chunk (2/7)
cellbender:remove-background: Working on chunk (3/7)
cellbender:remove-background: Working on chunk (4/7)
cellbender:remove-background: Working on chunk (5/7)
cellbender:remove-background: Working on chunk (6/7)
cellbender:remove-background: Working on chunk (7/7)
cellbender:remove-background: 2026-01-31 21:52:03 Total MCKP estimation time = 1261.12 sec
cellbender:remove-background: Succeeded in writing CellRanger format output to file /om/scratch/Mon/mabdel03/Tsai_Data/Cellbender_Outputs/20254588/processed_feature_bc_matrix.h5
cellbender:remove-background: Succeeded in writing CellRanger format output to file /om/scratch/Mon/mabdel03/Tsai_Data/Cellbender_Outputs/20254588/processed_feature_bc_matrix_filtered.h5
cellbender:remove-background: Saved output metrics as /om/scratch/Mon/mabdel03/Tsai_Data/Cellbender_Outputs/20254588/processed_feature_bc_matrix_metrics.csv
[NbConvertApp] Converting notebook tmp.report.ipynb to notebook
[NbConvertApp] Writing 558002 bytes to tmp.report.nbconvert.ipynb
[NbConvertApp] Converting notebook tmp.report.nbconvert.ipynb to html
[NbConvertApp] Writing 1132689 bytes to tmp.report.nbconvert.html
cellbender:remove-background: Succeeded in writing report to /om/scratch/Mon/mabdel03/Tsai_Data/Cellbender_Outputs/20254588/processed_feature_bc_matrix_report.html
cellbender:remove-background: Completed remove-background.
cellbender:remove-background: 2026-01-31 21:53:01

