cellbender:remove-background: Command:
cellbender remove-background --cuda --input /om/scratch/Mon/mabdel03/Tsai_Data/Cellranger_Outputs/10490993/outs/raw_feature_bc_matrix.h5 --fpr 0 --output /om/scratch/Mon/mabdel03/Tsai_Data/Cellbender_Outputs/10490993/processed_feature_bc_matrix.h5
cellbender:remove-background: CellBender 0.3.0
cellbender:remove-background: (Workflow hash dc10548e19)
cellbender:remove-background: 2026-02-01 13:51:25
cellbender:remove-background: Running remove-background
cellbender:remove-background: Loading data from /om/scratch/Mon/mabdel03/Tsai_Data/Cellranger_Outputs/10490993/outs/raw_feature_bc_matrix.h5
cellbender:remove-background: CellRanger v3 format
cellbender:remove-background: Features in dataset: 36601 Gene Expression
cellbender:remove-background: Trimming features for inference.
cellbender:remove-background: 32866 features have nonzero counts.
cellbender:remove-background: Prior on counts for cells is 8013
cellbender:remove-background: Prior on counts for empty droplets is 162
cellbender:remove-background: Excluding 9152 features that are estimated to have <= 0.1 background counts in cells.
cellbender:remove-background: Including 23714 features in the analysis.
cellbender:remove-background: Trimming barcodes for inference.
cellbender:remove-background: Excluding barcodes with counts below 81
cellbender:remove-background: Using 6456 probable cell barcodes, plus an additional 18597 barcodes, and 121178 empty droplets.
cellbender:remove-background: Largest surely-empty droplet has 198 UMI counts.
cellbender:remove-background: Attempting to unpack tarball "ckpt.tar.gz" to /tmp/tmp9ob3z8j_
cellbender:remove-background: Successfully unpacked tarball to /tmp/tmp9ob3z8j_
/tmp/tmp9ob3z8j_/c746615221_random.pyro
/tmp/tmp9ob3z8j_/c746615221_random.cuda
/tmp/tmp9ob3z8j_/c746615221_model.torch
/tmp/tmp9ob3z8j_/c746615221_optim.torch
/tmp/tmp9ob3z8j_/c746615221_optim.pyro
/tmp/tmp9ob3z8j_/c746615221_params.pyro
/tmp/tmp9ob3z8j_/c746615221_train.loaderstate
/tmp/tmp9ob3z8j_/c746615221_test.loaderstate
/tmp/tmp9ob3z8j_/c746615221_args.npy
cellbender:remove-background: Workflow hash does not match that of checkpoint.
cellbender:remove-background: No checkpoint loaded.
cellbender:remove-background: Running inference...
cellbender:remove-background: [epoch 001]  average training loss: 10244.6205
cellbender:remove-background: [epoch 002]  average training loss: 7864.2776  (9.9 seconds per epoch)
cellbender:remove-background: Will checkpoint every 43 epochs
cellbender:remove-background: [epoch 003]  average training loss: 6905.4998
cellbender:remove-background: [epoch 004]  average training loss: 6357.4488
cellbender:remove-background: [epoch 005]  average training loss: 6121.7045
cellbender:remove-background: [epoch 005] average test loss: 5858.0046
cellbender:remove-background: [epoch 006]  average training loss: 5988.4526
cellbender:remove-background: [epoch 007]  average training loss: 5910.6820
cellbender:remove-background: [epoch 008]  average training loss: 5863.4551
cellbender:remove-background: [epoch 009]  average training loss: 5817.4476
cellbender:remove-background: [epoch 010]  average training loss: 5675.9812
cellbender:remove-background: [epoch 010] average test loss: 5512.9800
cellbender:remove-background: [epoch 011]  average training loss: 5640.8849
cellbender:remove-background: [epoch 012]  average training loss: 5590.3940
cellbender:remove-background: [epoch 013]  average training loss: 5569.6195
cellbender:remove-background: [epoch 014]  average training loss: 5573.8135
cellbender:remove-background: [epoch 015]  average training loss: 5545.6352
cellbender:remove-background: [epoch 015] average test loss: 5434.1612
cellbender:remove-background: [epoch 016]  average training loss: 5520.4362
cellbender:remove-background: [epoch 017]  average training loss: 5513.7722
cellbender:remove-background: [epoch 018]  average training loss: 5509.3412
cellbender:remove-background: [epoch 019]  average training loss: 5497.7596
cellbender:remove-background: [epoch 020]  average training loss: 5490.8144
cellbender:remove-background: [epoch 020] average test loss: 5387.1541
cellbender:remove-background: [epoch 021]  average training loss: 5468.8662
cellbender:remove-background: [epoch 022]  average training loss: 5456.1394
cellbender:remove-background: [epoch 023]  average training loss: 5390.9790
cellbender:remove-background: [epoch 024]  average training loss: 5352.7708
cellbender:remove-background: [epoch 025]  average training loss: 5326.2275
cellbender:remove-background: [epoch 025] average test loss: 5238.1397
cellbender:remove-background: [epoch 026]  average training loss: 5313.3361
cellbender:remove-background: [epoch 027]  average training loss: 5304.2240
cellbender:remove-background: [epoch 028]  average training loss: 5299.2505
cellbender:remove-background: [epoch 029]  average training loss: 5291.3455
cellbender:remove-background: [epoch 030]  average training loss: 5285.0937
cellbender:remove-background: [epoch 030] average test loss: 5209.6632
cellbender:remove-background: [epoch 031]  average training loss: 5278.3374
cellbender:remove-background: [epoch 032]  average training loss: 5268.7404
cellbender:remove-background: [epoch 033]  average training loss: 5266.5543
cellbender:remove-background: [epoch 034]  average training loss: 5259.8490
cellbender:remove-background: [epoch 035]  average training loss: 5252.8222
cellbender:remove-background: [epoch 035] average test loss: 5142.5839
cellbender:remove-background: [epoch 036]  average training loss: 5252.2788
cellbender:remove-background: [epoch 037]  average training loss: 5250.5728
cellbender:remove-background: [epoch 038]  average training loss: 5240.7309
cellbender:remove-background: [epoch 039]  average training loss: 5240.5911
cellbender:remove-background: [epoch 040]  average training loss: 5239.7658
cellbender:remove-background: [epoch 040] average test loss: 5131.2222
cellbender:remove-background: [epoch 041]  average training loss: 5238.7522
cellbender:remove-background: [epoch 042]  average training loss: 5235.6796
cellbender:remove-background: [epoch 043]  average training loss: 5239.5481
cellbender:remove-background: Saving a checkpoint...
cellbender:remove-background: Saved checkpoint as /weka/scratch/scratch/Mon/mabdel03/Tsai_Data/Cellbender_Outputs/10490993/ckpt.tar.gz
cellbender:remove-background: [epoch 044]  average training loss: 5238.1337
cellbender:remove-background: [epoch 045]  average training loss: 5243.2937
cellbender:remove-background: [epoch 045] average test loss: 5152.5887
cellbender:remove-background: [epoch 046]  average training loss: 5234.2759
cellbender:remove-background: [epoch 047]  average training loss: 5246.0026
cellbender:remove-background: [epoch 048]  average training loss: 5243.9084
cellbender:remove-background: [epoch 049]  average training loss: 5248.6166
cellbender:remove-background: [epoch 050]  average training loss: 5256.2905
cellbender:remove-background: [epoch 050] average test loss: 5138.1432
cellbender:remove-background: [epoch 051]  average training loss: 5251.6328
cellbender:remove-background: [epoch 052]  average training loss: 5272.9679
cellbender:remove-background: [epoch 053]  average training loss: 5285.7202
cellbender:remove-background: [epoch 054]  average training loss: 5302.0225
cellbender:remove-background: [epoch 055]  average training loss: 5288.1736
cellbender:remove-background: [epoch 055] average test loss: 5214.7245
cellbender:remove-background: [epoch 056]  average training loss: 5311.9754
cellbender:remove-background: [epoch 057]  average training loss: 5329.5408
cellbender:remove-background: [epoch 058]  average training loss: 5312.9496
cellbender:remove-background: [epoch 059]  average training loss: 5322.6431
cellbender:remove-background: [epoch 060]  average training loss: 5346.4771
cellbender:remove-background: [epoch 060] average test loss: 5203.5348
cellbender:remove-background: [epoch 061]  average training loss: 5334.6085
cellbender:remove-background: [epoch 062]  average training loss: 5322.8653
cellbender:remove-background: [epoch 063]  average training loss: 5340.3816
cellbender:remove-background: [epoch 064]  average training loss: 5316.1512
cellbender:remove-background: [epoch 065]  average training loss: 5296.1174
cellbender:remove-background: [epoch 065] average test loss: 5240.5589
cellbender:remove-background: [epoch 066]  average training loss: 5366.4597
cellbender:remove-background: [epoch 067]  average training loss: 5337.9727
cellbender:remove-background: [epoch 068]  average training loss: 5319.7678
cellbender:remove-background: [epoch 069]  average training loss: 5320.8260
cellbender:remove-background: [epoch 070]  average training loss: 5340.6472
cellbender:remove-background: [epoch 070] average test loss: 5216.1011
cellbender:remove-background: [epoch 071]  average training loss: 5388.3622
cellbender:remove-background: [epoch 072]  average training loss: 5341.1401
cellbender:remove-background: [epoch 073]  average training loss: 5340.1901
cellbender:remove-background: [epoch 074]  average training loss: 5371.1376
cellbender:remove-background: [epoch 075]  average training loss: 5337.3976
cellbender:remove-background: [epoch 075] average test loss: 5301.9698
cellbender:remove-background: [epoch 076]  average training loss: 5319.2306
cellbender:remove-background: [epoch 077]  average training loss: 5363.0078
cellbender:remove-background: [epoch 078]  average training loss: 5341.4850
cellbender:remove-background: [epoch 079]  average training loss: 5332.7260
cellbender:remove-background: [epoch 080]  average training loss: 5340.5023
cellbender:remove-background: [epoch 080] average test loss: 5421.2151
cellbender:remove-background: [epoch 081]  average training loss: 5366.6510
cellbender:remove-background: [epoch 082]  average training loss: 5340.4079
cellbender:remove-background: [epoch 083]  average training loss: 5338.9666
cellbender:remove-background: [epoch 084]  average training loss: 5331.3197
cellbender:remove-background: [epoch 085]  average training loss: 5353.8642
cellbender:remove-background: [epoch 085] average test loss: 5247.2778
cellbender:remove-background: [epoch 086]  average training loss: 5351.0399
cellbender:remove-background: Saving a checkpoint...
cellbender:remove-background: Saved checkpoint as /weka/scratch/scratch/Mon/mabdel03/Tsai_Data/Cellbender_Outputs/10490993/ckpt.tar.gz
cellbender:remove-background: [epoch 087]  average training loss: 5360.0091
cellbender:remove-background: [epoch 088]  average training loss: 5347.1092
cellbender:remove-background: [epoch 089]  average training loss: 5333.5651
cellbender:remove-background: [epoch 090]  average training loss: 5329.8121
cellbender:remove-background: [epoch 090] average test loss: 5217.9954
cellbender:remove-background: [epoch 091]  average training loss: 5367.5908
cellbender:remove-background: [epoch 092]  average training loss: 5330.2361
cellbender:remove-background: [epoch 093]  average training loss: 5348.7898
cellbender:remove-background: [epoch 094]  average training loss: 5291.7978
cellbender:remove-background: [epoch 095]  average training loss: 5339.2332
cellbender:remove-background: [epoch 095] average test loss: 5215.0378
cellbender:remove-background: [epoch 096]  average training loss: 5359.9960
cellbender:remove-background: [epoch 097]  average training loss: 5327.8536
cellbender:remove-background: [epoch 098]  average training loss: 5345.6982
cellbender:remove-background: [epoch 099]  average training loss: 5339.9634
cellbender:remove-background: [epoch 100]  average training loss: 5327.9953
cellbender:remove-background: [epoch 100] average test loss: 5328.1964
cellbender:remove-background: [epoch 101]  average training loss: 5354.1541
cellbender:remove-background: [epoch 102]  average training loss: 5325.1843
cellbender:remove-background: [epoch 103]  average training loss: 5325.1290
cellbender:remove-background: [epoch 104]  average training loss: 5323.5601
cellbender:remove-background: [epoch 105]  average training loss: 5327.0158
cellbender:remove-background: [epoch 105] average test loss: 5269.3365
cellbender:remove-background: [epoch 106]  average training loss: 5302.7283
cellbender:remove-background: [epoch 107]  average training loss: 5326.8012
cellbender:remove-background: [epoch 108]  average training loss: 5333.4406
cellbender:remove-background: [epoch 109]  average training loss: 5308.2725
cellbender:remove-background: [epoch 110]  average training loss: 5315.0615
cellbender:remove-background: [epoch 110] average test loss: 5276.1536
cellbender:remove-background: [epoch 111]  average training loss: 5312.8447
cellbender:remove-background: [epoch 112]  average training loss: 5312.0618
cellbender:remove-background: [epoch 113]  average training loss: 5313.4105
cellbender:remove-background: [epoch 114]  average training loss: 5300.8335
cellbender:remove-background: [epoch 115]  average training loss: 5325.9093
cellbender:remove-background: [epoch 115] average test loss: 5242.4153
cellbender:remove-background: [epoch 116]  average training loss: 5311.3910
cellbender:remove-background: [epoch 117]  average training loss: 5341.9235
cellbender:remove-background: [epoch 118]  average training loss: 5318.1465
cellbender:remove-background: [epoch 119]  average training loss: 5306.3574
cellbender:remove-background: [epoch 120]  average training loss: 5350.2149
cellbender:remove-background: [epoch 120] average test loss: 5242.0073
cellbender:remove-background: [epoch 121]  average training loss: 5300.6637
cellbender:remove-background: [epoch 122]  average training loss: 5312.5653
cellbender:remove-background: [epoch 123]  average training loss: 5299.3815
cellbender:remove-background: [epoch 124]  average training loss: 5305.8410
cellbender:remove-background: [epoch 125]  average training loss: 5328.8282
cellbender:remove-background: [epoch 125] average test loss: 5295.9783
cellbender:remove-background: [epoch 126]  average training loss: 5304.0264
cellbender:remove-background: [epoch 127]  average training loss: 5301.4567
cellbender:remove-background: [epoch 128]  average training loss: 5296.5771
cellbender:remove-background: [epoch 129]  average training loss: 5320.1377
cellbender:remove-background: Saving a checkpoint...
cellbender:remove-background: Saved checkpoint as /weka/scratch/scratch/Mon/mabdel03/Tsai_Data/Cellbender_Outputs/10490993/ckpt.tar.gz
cellbender:remove-background: [epoch 130]  average training loss: 5313.9898
cellbender:remove-background: [epoch 130] average test loss: 5269.8765
cellbender:remove-background: [epoch 131]  average training loss: 5323.7110
cellbender:remove-background: [epoch 132]  average training loss: 5323.2879
cellbender:remove-background: [epoch 133]  average training loss: 5307.2749
cellbender:remove-background: [epoch 134]  average training loss: 5319.0259
cellbender:remove-background: [epoch 135]  average training loss: 5300.0266
cellbender:remove-background: [epoch 135] average test loss: 5229.2761
cellbender:remove-background: [epoch 136]  average training loss: 5293.2210
cellbender:remove-background: [epoch 137]  average training loss: 5294.1352
cellbender:remove-background: [epoch 138]  average training loss: 5321.4063
cellbender:remove-background: [epoch 139]  average training loss: 5290.6407
cellbender:remove-background: [epoch 140]  average training loss: 5305.5806
cellbender:remove-background: [epoch 140] average test loss: 5394.0666
cellbender:remove-background: [epoch 141]  average training loss: 5290.9324
cellbender:remove-background: [epoch 142]  average training loss: 5296.7565
cellbender:remove-background: [epoch 143]  average training loss: 5313.4477
cellbender:remove-background: [epoch 144]  average training loss: 5283.3162
cellbender:remove-background: [epoch 145]  average training loss: 5327.8907
cellbender:remove-background: [epoch 145] average test loss: 5292.5376
cellbender:remove-background: [epoch 146]  average training loss: 5308.2965
cellbender:remove-background: [epoch 147]  average training loss: 5305.1610
cellbender:remove-background: [epoch 148]  average training loss: 5297.3898
cellbender:remove-background: [epoch 149]  average training loss: 5292.8425
cellbender:remove-background: [epoch 150]  average training loss: 5284.8224
cellbender:remove-background: [epoch 150] average test loss: 5319.4493
cellbender:remove-background: Saving a checkpoint...
cellbender:remove-background: Saved checkpoint as /weka/scratch/scratch/Mon/mabdel03/Tsai_Data/Cellbender_Outputs/10490993/ckpt.tar.gz
cellbender:remove-background: 2026-02-01 14:22:00
cellbender:remove-background: Inference procedure complete.
cellbender:remove-background: Attempting to unpack tarball "ckpt.tar.gz" to /tmp/tmp0w2b08gn
cellbender:remove-background: Successfully unpacked tarball to /tmp/tmp0w2b08gn
/tmp/tmp0w2b08gn/dc10548e19_random.pyro
/tmp/tmp0w2b08gn/dc10548e19_random.cuda
/tmp/tmp0w2b08gn/dc10548e19_model.torch
/tmp/tmp0w2b08gn/dc10548e19_optim.torch
/tmp/tmp0w2b08gn/dc10548e19_optim.pyro
/tmp/tmp0w2b08gn/dc10548e19_params.pyro
/tmp/tmp0w2b08gn/dc10548e19_train.loaderstate
/tmp/tmp0w2b08gn/dc10548e19_test.loaderstate
/tmp/tmp0w2b08gn/dc10548e19_args.npy
cellbender:remove-background: Posterior not currently included in checkpoint.
cellbender:remove-background: Computing posterior noise count probabilities in mini-batches.
cellbender:remove-background: Working on chunk (1/122)
cellbender:remove-background:     [0.04 mins per chunk]
cellbender:remove-background: Working on chunk (2/122)
cellbender:remove-background: Working on chunk (3/122)
cellbender:remove-background: Working on chunk (4/122)
cellbender:remove-background: Working on chunk (5/122)
cellbender:remove-background: Working on chunk (6/122)
cellbender:remove-background: Working on chunk (7/122)
cellbender:remove-background: Working on chunk (8/122)
cellbender:remove-background: Working on chunk (9/122)
cellbender:remove-background: Working on chunk (10/122)
cellbender:remove-background: Working on chunk (11/122)
cellbender:remove-background: Working on chunk (12/122)
cellbender:remove-background: Working on chunk (13/122)
cellbender:remove-background: Working on chunk (14/122)
cellbender:remove-background: Working on chunk (15/122)
cellbender:remove-background: Working on chunk (16/122)
cellbender:remove-background: Working on chunk (17/122)
cellbender:remove-background: Working on chunk (18/122)
cellbender:remove-background: Working on chunk (19/122)
cellbender:remove-background: Working on chunk (20/122)
cellbender:remove-background: Working on chunk (21/122)
cellbender:remove-background: Working on chunk (22/122)
cellbender:remove-background: Working on chunk (23/122)
cellbender:remove-background: Working on chunk (24/122)
cellbender:remove-background: Working on chunk (25/122)
cellbender:remove-background: Working on chunk (26/122)
cellbender:remove-background: Working on chunk (27/122)
cellbender:remove-background: Working on chunk (28/122)
cellbender:remove-background: Working on chunk (29/122)
cellbender:remove-background: Working on chunk (30/122)
cellbender:remove-background: Working on chunk (31/122)
cellbender:remove-background: Working on chunk (32/122)
cellbender:remove-background: Working on chunk (33/122)
cellbender:remove-background: Working on chunk (34/122)
cellbender:remove-background: Working on chunk (35/122)
cellbender:remove-background: Working on chunk (36/122)
cellbender:remove-background: Working on chunk (37/122)
cellbender:remove-background: Working on chunk (38/122)
cellbender:remove-background: Working on chunk (39/122)
cellbender:remove-background: Working on chunk (40/122)
cellbender:remove-background: Working on chunk (41/122)
cellbender:remove-background: Working on chunk (42/122)
cellbender:remove-background: Working on chunk (43/122)
cellbender:remove-background: Working on chunk (44/122)
cellbender:remove-background: Working on chunk (45/122)
cellbender:remove-background: Working on chunk (46/122)
cellbender:remove-background: Working on chunk (47/122)
cellbender:remove-background: Working on chunk (48/122)
cellbender:remove-background: Working on chunk (49/122)
cellbender:remove-background: Working on chunk (50/122)
cellbender:remove-background: Working on chunk (51/122)
cellbender:remove-background: Working on chunk (52/122)
cellbender:remove-background: Working on chunk (53/122)
cellbender:remove-background: Working on chunk (54/122)
cellbender:remove-background: Working on chunk (55/122)
cellbender:remove-background: Working on chunk (56/122)
cellbender:remove-background: Working on chunk (57/122)
cellbender:remove-background: Working on chunk (58/122)
cellbender:remove-background: Working on chunk (59/122)
cellbender:remove-background: Working on chunk (60/122)
cellbender:remove-background: Working on chunk (61/122)
cellbender:remove-background: Working on chunk (62/122)
cellbender:remove-background: Working on chunk (63/122)
cellbender:remove-background: Working on chunk (64/122)
cellbender:remove-background: Working on chunk (65/122)
cellbender:remove-background: Working on chunk (66/122)
cellbender:remove-background: Working on chunk (67/122)
cellbender:remove-background: Working on chunk (68/122)
cellbender:remove-background: Working on chunk (69/122)
cellbender:remove-background: Working on chunk (70/122)
cellbender:remove-background: Working on chunk (71/122)
cellbender:remove-background: Working on chunk (72/122)
cellbender:remove-background: Working on chunk (73/122)
cellbender:remove-background: Working on chunk (74/122)
cellbender:remove-background: Working on chunk (75/122)
cellbender:remove-background: Working on chunk (76/122)
cellbender:remove-background: Working on chunk (77/122)
cellbender:remove-background: Working on chunk (78/122)
cellbender:remove-background: Working on chunk (79/122)
cellbender:remove-background: Working on chunk (80/122)
cellbender:remove-background: Working on chunk (81/122)
cellbender:remove-background: Working on chunk (82/122)
cellbender:remove-background: Working on chunk (83/122)
cellbender:remove-background: Working on chunk (84/122)
cellbender:remove-background: Working on chunk (85/122)
cellbender:remove-background: Working on chunk (86/122)
cellbender:remove-background: Working on chunk (87/122)
cellbender:remove-background: Working on chunk (88/122)
cellbender:remove-background: Working on chunk (89/122)
cellbender:remove-background: Working on chunk (90/122)
cellbender:remove-background: Working on chunk (91/122)
cellbender:remove-background: Working on chunk (92/122)
cellbender:remove-background: Working on chunk (93/122)
cellbender:remove-background: Working on chunk (94/122)
cellbender:remove-background: Working on chunk (95/122)
cellbender:remove-background: Working on chunk (96/122)
cellbender:remove-background: Working on chunk (97/122)
cellbender:remove-background: Working on chunk (98/122)
cellbender:remove-background: Working on chunk (99/122)
cellbender:remove-background: Working on chunk (100/122)
cellbender:remove-background: Working on chunk (101/122)
cellbender:remove-background: Working on chunk (102/122)
cellbender:remove-background: Working on chunk (103/122)
cellbender:remove-background: Working on chunk (104/122)
cellbender:remove-background: Working on chunk (105/122)
cellbender:remove-background: Working on chunk (106/122)
cellbender:remove-background: Working on chunk (107/122)
cellbender:remove-background: Working on chunk (108/122)
cellbender:remove-background: Working on chunk (109/122)
cellbender:remove-background: Working on chunk (110/122)
cellbender:remove-background: Working on chunk (111/122)
cellbender:remove-background: Working on chunk (112/122)
cellbender:remove-background: Working on chunk (113/122)
cellbender:remove-background: Working on chunk (114/122)
cellbender:remove-background: Working on chunk (115/122)
cellbender:remove-background: Working on chunk (116/122)
cellbender:remove-background: Working on chunk (117/122)
cellbender:remove-background: Working on chunk (118/122)
cellbender:remove-background: Working on chunk (119/122)
cellbender:remove-background: Working on chunk (120/122)
cellbender:remove-background: Working on chunk (121/122)
cellbender:remove-background: Working on chunk (122/122)
cellbender:remove-background: Writing full posterior to /om/scratch/Mon/mabdel03/Tsai_Data/Cellbender_Outputs/10490993/processed_feature_bc_matrix_posterior.h5
cellbender:remove-background: Succeeded in writing posterior to file /om/scratch/Mon/mabdel03/Tsai_Data/Cellbender_Outputs/10490993/processed_feature_bc_matrix_posterior.h5
cellbender:remove-background: Added posterior object to checkpoint file.
cellbender:remove-background: 2026-02-01 14:31:55

cellbender:remove-background: Saved summary plots as /om/scratch/Mon/mabdel03/Tsai_Data/Cellbender_Outputs/10490993/processed_feature_bc_matrix.pdf
cellbender:remove-background: Saved cell barcodes in /om/scratch/Mon/mabdel03/Tsai_Data/Cellbender_Outputs/10490993/processed_feature_bc_matrix_cell_barcodes.csv
cellbender:remove-background: Computing target noise counts per gene for MCKP estimator
cellbender:remove-background: Using MCKP noise targets computed for FPR 0.0
cellbender:remove-background: Computing denoised counts using mckp estimator
cellbender:remove-background: Working on chunk (1/7)
cellbender:remove-background:     [5.02 mins per chunk]
cellbender:remove-background: Working on chunk (2/7)
cellbender:remove-background: Working on chunk (3/7)
cellbender:remove-background: Working on chunk (4/7)
cellbender:remove-background: Working on chunk (5/7)
cellbender:remove-background: Working on chunk (6/7)
cellbender:remove-background: Working on chunk (7/7)
cellbender:remove-background: 2026-02-01 15:08:34 Total MCKP estimation time = 2093.14 sec
cellbender:remove-background: Succeeded in writing CellRanger format output to file /om/scratch/Mon/mabdel03/Tsai_Data/Cellbender_Outputs/10490993/processed_feature_bc_matrix.h5
cellbender:remove-background: Succeeded in writing CellRanger format output to file /om/scratch/Mon/mabdel03/Tsai_Data/Cellbender_Outputs/10490993/processed_feature_bc_matrix_filtered.h5
cellbender:remove-background: Saved output metrics as /om/scratch/Mon/mabdel03/Tsai_Data/Cellbender_Outputs/10490993/processed_feature_bc_matrix_metrics.csv
[NbConvertApp] Converting notebook tmp.report.ipynb to notebook
[NbConvertApp] Writing 612753 bytes to tmp.report.nbconvert.ipynb
[NbConvertApp] Converting notebook tmp.report.nbconvert.ipynb to html
[NbConvertApp] Writing 1187476 bytes to tmp.report.nbconvert.html
cellbender:remove-background: Succeeded in writing report to /om/scratch/Mon/mabdel03/Tsai_Data/Cellbender_Outputs/10490993/processed_feature_bc_matrix_report.html
cellbender:remove-background: Completed remove-background.
cellbender:remove-background: 2026-02-01 15:10:01

