cellbender:remove-background: Command:
cellbender remove-background --cuda --input /tmp/cellbender_44650221_115/raw_feature_bc_matrix.h5 --fpr 0 --output /om/scratch/Mon/mabdel03/Tsai_Data/Cellbender_Outputs/20201189/processed_feature_bc_matrix.h5
cellbender:remove-background: CellBender 0.3.0
cellbender:remove-background: (Workflow hash b1f9460a63)
cellbender:remove-background: 2026-01-31 20:31:45
cellbender:remove-background: Running remove-background
cellbender:remove-background: Loading data from /tmp/cellbender_44650221_115/raw_feature_bc_matrix.h5
cellbender:remove-background: CellRanger v3 format
cellbender:remove-background: Features in dataset: 36601 Gene Expression
cellbender:remove-background: Trimming features for inference.
cellbender:remove-background: 31755 features have nonzero counts.
cellbender:remove-background: Prior on counts for cells is 5628
cellbender:remove-background: Prior on counts for empty droplets is 80
cellbender:remove-background: Excluding 11079 features that are estimated to have <= 0.1 background counts in cells.
cellbender:remove-background: Including 20676 features in the analysis.
cellbender:remove-background: Trimming barcodes for inference.
cellbender:remove-background: Excluding barcodes with counts below 40
cellbender:remove-background: Using 4267 probable cell barcodes, plus an additional 10397 barcodes, and 55521 empty droplets.
cellbender:remove-background: Largest surely-empty droplet has 98 UMI counts.
cellbender:remove-background: Attempting to unpack tarball "ckpt.tar.gz" to /tmp/tmpzte00v08
cellbender:remove-background: No saved checkpoint.
cellbender:remove-background: No checkpoint loaded.
cellbender:remove-background: Running inference...
cellbender:remove-background: [epoch 001]  average training loss: 8270.3529
cellbender:remove-background: [epoch 002]  average training loss: 7103.0185  (4.8 seconds per epoch)
cellbender:remove-background: Will checkpoint every 88 epochs
cellbender:remove-background: [epoch 003]  average training loss: 6199.7814
cellbender:remove-background: [epoch 004]  average training loss: 5689.9000
cellbender:remove-background: [epoch 005]  average training loss: 5304.3603
cellbender:remove-background: [epoch 005] average test loss: 5090.3087
cellbender:remove-background: [epoch 006]  average training loss: 5040.7423
cellbender:remove-background: [epoch 007]  average training loss: 4967.5374
cellbender:remove-background: [epoch 008]  average training loss: 4878.8315
cellbender:remove-background: [epoch 009]  average training loss: 4841.1506
cellbender:remove-background: [epoch 010]  average training loss: 4843.1349
cellbender:remove-background: [epoch 010] average test loss: 4677.8711
cellbender:remove-background: [epoch 011]  average training loss: 4811.5376
cellbender:remove-background: [epoch 012]  average training loss: 4806.3747
cellbender:remove-background: [epoch 013]  average training loss: 4791.6655
cellbender:remove-background: [epoch 014]  average training loss: 4775.2068
cellbender:remove-background: [epoch 015]  average training loss: 4735.3644
cellbender:remove-background: [epoch 015] average test loss: 4809.9344
cellbender:remove-background: [epoch 016]  average training loss: 4635.9574
cellbender:remove-background: [epoch 017]  average training loss: 4620.8134
cellbender:remove-background: [epoch 018]  average training loss: 4607.2260
cellbender:remove-background: [epoch 019]  average training loss: 4607.5659
cellbender:remove-background: [epoch 020]  average training loss: 4583.3352
cellbender:remove-background: [epoch 020] average test loss: 4473.9001
cellbender:remove-background: [epoch 021]  average training loss: 4581.7025
cellbender:remove-background: [epoch 022]  average training loss: 4566.5571
cellbender:remove-background: [epoch 023]  average training loss: 4568.6938
cellbender:remove-background: [epoch 024]  average training loss: 4554.3256
cellbender:remove-background: [epoch 025]  average training loss: 4539.3211
cellbender:remove-background: [epoch 025] average test loss: 4427.5966
cellbender:remove-background: [epoch 026]  average training loss: 4529.9242
cellbender:remove-background: [epoch 027]  average training loss: 4508.4416
cellbender:remove-background: [epoch 028]  average training loss: 4481.0511
cellbender:remove-background: [epoch 029]  average training loss: 4463.6986
cellbender:remove-background: [epoch 030]  average training loss: 4452.8450
cellbender:remove-background: [epoch 030] average test loss: 4333.7351
cellbender:remove-background: [epoch 031]  average training loss: 4448.8327
cellbender:remove-background: [epoch 032]  average training loss: 4441.5847
cellbender:remove-background: [epoch 033]  average training loss: 4436.3379
cellbender:remove-background: [epoch 034]  average training loss: 4434.3171
cellbender:remove-background: [epoch 035]  average training loss: 4430.3895
cellbender:remove-background: [epoch 035] average test loss: 4313.5711
cellbender:remove-background: [epoch 036]  average training loss: 4426.8662
cellbender:remove-background: [epoch 037]  average training loss: 4422.0669
cellbender:remove-background: [epoch 038]  average training loss: 4420.8592
cellbender:remove-background: [epoch 039]  average training loss: 4416.4187
cellbender:remove-background: [epoch 040]  average training loss: 4411.0819
cellbender:remove-background: [epoch 040] average test loss: 4296.0670
cellbender:remove-background: [epoch 041]  average training loss: 4406.9343
cellbender:remove-background: [epoch 042]  average training loss: 4402.0053
cellbender:remove-background: [epoch 043]  average training loss: 4395.7405
cellbender:remove-background: [epoch 044]  average training loss: 4389.6970
cellbender:remove-background: [epoch 045]  average training loss: 4386.3707
cellbender:remove-background: [epoch 045] average test loss: 4280.7041
cellbender:remove-background: [epoch 046]  average training loss: 4380.3605
cellbender:remove-background: [epoch 047]  average training loss: 4373.6992
cellbender:remove-background: [epoch 048]  average training loss: 4371.4255
cellbender:remove-background: [epoch 049]  average training loss: 4367.3476
cellbender:remove-background: [epoch 050]  average training loss: 4364.3696
cellbender:remove-background: [epoch 050] average test loss: 4246.2591
cellbender:remove-background: [epoch 051]  average training loss: 4358.3792
cellbender:remove-background: [epoch 052]  average training loss: 4355.2947
cellbender:remove-background: [epoch 053]  average training loss: 4354.0722
cellbender:remove-background: [epoch 054]  average training loss: 4351.0686
cellbender:remove-background: [epoch 055]  average training loss: 4347.4677
cellbender:remove-background: [epoch 055] average test loss: 4238.6453
cellbender:remove-background: [epoch 056]  average training loss: 4346.5958
cellbender:remove-background: [epoch 057]  average training loss: 4342.7666
cellbender:remove-background: [epoch 058]  average training loss: 4342.9917
cellbender:remove-background: [epoch 059]  average training loss: 4342.4372
cellbender:remove-background: [epoch 060]  average training loss: 4342.2708
cellbender:remove-background: [epoch 060] average test loss: 4237.9958
cellbender:remove-background: [epoch 061]  average training loss: 4338.7869
cellbender:remove-background: [epoch 062]  average training loss: 4335.1389
cellbender:remove-background: [epoch 063]  average training loss: 4335.2835
cellbender:remove-background: [epoch 064]  average training loss: 4338.1254
cellbender:remove-background: [epoch 065]  average training loss: 4332.6494
cellbender:remove-background: [epoch 065] average test loss: 4227.1023
cellbender:remove-background: [epoch 066]  average training loss: 4331.8168
cellbender:remove-background: [epoch 067]  average training loss: 4334.7918
cellbender:remove-background: [epoch 068]  average training loss: 4330.4514
cellbender:remove-background: [epoch 069]  average training loss: 4336.6202
cellbender:remove-background: [epoch 070]  average training loss: 4334.1162
cellbender:remove-background: [epoch 070] average test loss: 4248.7967
cellbender:remove-background: [epoch 071]  average training loss: 4349.7481
cellbender:remove-background: [epoch 072]  average training loss: 4332.7226
cellbender:remove-background: [epoch 073]  average training loss: 4338.8357
cellbender:remove-background: [epoch 074]  average training loss: 4335.1212
cellbender:remove-background: [epoch 075]  average training loss: 4329.5861
cellbender:remove-background: [epoch 075] average test loss: 4226.9988
cellbender:remove-background: [epoch 076]  average training loss: 4339.0356
cellbender:remove-background: [epoch 077]  average training loss: 4328.0171
cellbender:remove-background: [epoch 078]  average training loss: 4333.0704
cellbender:remove-background: [epoch 079]  average training loss: 4328.0402
cellbender:remove-background: [epoch 080]  average training loss: 4319.9211
cellbender:remove-background: [epoch 080] average test loss: 4262.0565
cellbender:remove-background: [epoch 081]  average training loss: 4327.3938
cellbender:remove-background: [epoch 082]  average training loss: 4328.9941
cellbender:remove-background: [epoch 083]  average training loss: 4323.4326
cellbender:remove-background: [epoch 084]  average training loss: 4317.8270
cellbender:remove-background: [epoch 085]  average training loss: 4327.0965
cellbender:remove-background: [epoch 085] average test loss: 4245.5091
cellbender:remove-background: [epoch 086]  average training loss: 4322.6929
cellbender:remove-background: [epoch 087]  average training loss: 4333.0516
cellbender:remove-background: [epoch 088]  average training loss: 4325.8624
cellbender:remove-background: Saving a checkpoint...
cellbender:remove-background: Saved checkpoint as /weka/scratch/scratch/Mon/mabdel03/Tsai_Data/Cellbender_Outputs/20201189/ckpt.tar.gz
cellbender:remove-background: [epoch 089]  average training loss: 4321.6858
cellbender:remove-background: [epoch 090]  average training loss: 4325.8531
cellbender:remove-background: [epoch 090] average test loss: 4229.0273
cellbender:remove-background: [epoch 091]  average training loss: 4322.9959
cellbender:remove-background: [epoch 092]  average training loss: 4323.3539
cellbender:remove-background: [epoch 093]  average training loss: 4326.1979
cellbender:remove-background: [epoch 094]  average training loss: 4324.7382
cellbender:remove-background: [epoch 095]  average training loss: 4323.0680
cellbender:remove-background: [epoch 095] average test loss: 4239.9219
cellbender:remove-background: [epoch 096]  average training loss: 4328.1932
cellbender:remove-background: [epoch 097]  average training loss: 4319.3004
cellbender:remove-background: [epoch 098]  average training loss: 4310.2073
cellbender:remove-background: [epoch 099]  average training loss: 4312.7737
cellbender:remove-background: [epoch 100]  average training loss: 4319.9532
cellbender:remove-background: [epoch 100] average test loss: 4248.3382
cellbender:remove-background: [epoch 101]  average training loss: 4308.6774
cellbender:remove-background: [epoch 102]  average training loss: 4317.7953
cellbender:remove-background: [epoch 103]  average training loss: 4313.9313
cellbender:remove-background: [epoch 104]  average training loss: 4308.7745
cellbender:remove-background: [epoch 105]  average training loss: 4325.0783
cellbender:remove-background: [epoch 105] average test loss: 4241.0361
cellbender:remove-background: [epoch 106]  average training loss: 4309.4585
cellbender:remove-background: [epoch 107]  average training loss: 4314.7846
cellbender:remove-background: [epoch 108]  average training loss: 4327.2876
cellbender:remove-background: [epoch 109]  average training loss: 4317.1270
cellbender:remove-background: [epoch 110]  average training loss: 4307.3956
cellbender:remove-background: [epoch 110] average test loss: 4251.5715
cellbender:remove-background: [epoch 111]  average training loss: 4323.6484
cellbender:remove-background: [epoch 112]  average training loss: 4307.2292
cellbender:remove-background: [epoch 113]  average training loss: 4307.1024
cellbender:remove-background: [epoch 114]  average training loss: 4330.5416
cellbender:remove-background: [epoch 115]  average training loss: 4320.8323
cellbender:remove-background: [epoch 115] average test loss: 4231.6833
cellbender:remove-background: [epoch 116]  average training loss: 4311.4636
cellbender:remove-background: [epoch 117]  average training loss: 4305.7252
cellbender:remove-background: [epoch 118]  average training loss: 4304.3496
cellbender:remove-background: [epoch 119]  average training loss: 4304.6397
cellbender:remove-background: [epoch 120]  average training loss: 4305.2144
cellbender:remove-background: [epoch 120] average test loss: 4222.0880
cellbender:remove-background: [epoch 121]  average training loss: 4310.4291
cellbender:remove-background: [epoch 122]  average training loss: 4303.4176
cellbender:remove-background: [epoch 123]  average training loss: 4316.6783
cellbender:remove-background: [epoch 124]  average training loss: 4309.0548
cellbender:remove-background: [epoch 125]  average training loss: 4300.0730
cellbender:remove-background: [epoch 125] average test loss: 4219.7186
cellbender:remove-background: [epoch 126]  average training loss: 4298.6701
cellbender:remove-background: [epoch 127]  average training loss: 4294.5100
cellbender:remove-background: [epoch 128]  average training loss: 4293.8685
cellbender:remove-background: [epoch 129]  average training loss: 4300.5459
cellbender:remove-background: [epoch 130]  average training loss: 4292.3386
cellbender:remove-background: [epoch 130] average test loss: 4221.3202
cellbender:remove-background: [epoch 131]  average training loss: 4299.8953
cellbender:remove-background: [epoch 132]  average training loss: 4297.6623
cellbender:remove-background: [epoch 133]  average training loss: 4308.6115
cellbender:remove-background: [epoch 134]  average training loss: 4300.1257
cellbender:remove-background: [epoch 135]  average training loss: 4298.5807
cellbender:remove-background: [epoch 135] average test loss: 4246.4881
cellbender:remove-background: [epoch 136]  average training loss: 4311.5692
cellbender:remove-background: [epoch 137]  average training loss: 4299.5014
cellbender:remove-background: [epoch 138]  average training loss: 4313.7805
cellbender:remove-background: [epoch 139]  average training loss: 4296.4841
cellbender:remove-background: [epoch 140]  average training loss: 4298.4568
cellbender:remove-background: [epoch 140] average test loss: 4224.7421
cellbender:remove-background: [epoch 141]  average training loss: 4291.5093
cellbender:remove-background: [epoch 142]  average training loss: 4293.8743
cellbender:remove-background: [epoch 143]  average training loss: 4294.1438
cellbender:remove-background: [epoch 144]  average training loss: 4300.1716
cellbender:remove-background: [epoch 145]  average training loss: 4296.3274
cellbender:remove-background: [epoch 145] average test loss: 4214.5883
cellbender:remove-background: [epoch 146]  average training loss: 4290.0464
cellbender:remove-background: [epoch 147]  average training loss: 4297.1496
cellbender:remove-background: [epoch 148]  average training loss: 4287.4138
cellbender:remove-background: [epoch 149]  average training loss: 4290.5812
cellbender:remove-background: [epoch 150]  average training loss: 4299.5025
cellbender:remove-background: [epoch 150] average test loss: 4222.3306
cellbender:remove-background: Saving a checkpoint...
cellbender:remove-background: Saved checkpoint as /weka/scratch/scratch/Mon/mabdel03/Tsai_Data/Cellbender_Outputs/20201189/ckpt.tar.gz
cellbender:remove-background: 2026-01-31 20:45:58
cellbender:remove-background: Inference procedure complete.
cellbender:remove-background: Attempting to unpack tarball "ckpt.tar.gz" to /tmp/tmpy0szovpy
cellbender:remove-background: Successfully unpacked tarball to /tmp/tmpy0szovpy
/tmp/tmpy0szovpy/b1f9460a63_random.pyro
/tmp/tmpy0szovpy/b1f9460a63_random.cuda
/tmp/tmpy0szovpy/b1f9460a63_model.torch
/tmp/tmpy0szovpy/b1f9460a63_optim.torch
/tmp/tmpy0szovpy/b1f9460a63_optim.pyro
/tmp/tmpy0szovpy/b1f9460a63_params.pyro
/tmp/tmpy0szovpy/b1f9460a63_train.loaderstate
/tmp/tmpy0szovpy/b1f9460a63_test.loaderstate
/tmp/tmpy0szovpy/b1f9460a63_args.npy
cellbender:remove-background: Posterior not currently included in checkpoint.
cellbender:remove-background: Computing posterior noise count probabilities in mini-batches.
cellbender:remove-background: Working on chunk (1/68)
cellbender:remove-background:     [0.04 mins per chunk]
cellbender:remove-background: Working on chunk (2/68)
cellbender:remove-background: Working on chunk (3/68)
cellbender:remove-background: Working on chunk (4/68)
cellbender:remove-background: Working on chunk (5/68)
cellbender:remove-background: Working on chunk (6/68)
cellbender:remove-background: Working on chunk (7/68)
cellbender:remove-background: Working on chunk (8/68)
cellbender:remove-background: Working on chunk (9/68)
cellbender:remove-background: Working on chunk (10/68)
cellbender:remove-background: Working on chunk (11/68)
cellbender:remove-background: Working on chunk (12/68)
cellbender:remove-background: Working on chunk (13/68)
cellbender:remove-background: Working on chunk (14/68)
cellbender:remove-background: Working on chunk (15/68)
cellbender:remove-background: Working on chunk (16/68)
cellbender:remove-background: Working on chunk (17/68)
cellbender:remove-background: Working on chunk (18/68)
cellbender:remove-background: Working on chunk (19/68)
cellbender:remove-background: Working on chunk (20/68)
cellbender:remove-background: Working on chunk (21/68)
cellbender:remove-background: Working on chunk (22/68)
cellbender:remove-background: Working on chunk (23/68)
cellbender:remove-background: Working on chunk (24/68)
cellbender:remove-background: Working on chunk (25/68)
cellbender:remove-background: Working on chunk (26/68)
cellbender:remove-background: Working on chunk (27/68)
cellbender:remove-background: Working on chunk (28/68)
cellbender:remove-background: Working on chunk (29/68)
cellbender:remove-background: Working on chunk (30/68)
cellbender:remove-background: Working on chunk (31/68)
cellbender:remove-background: Working on chunk (32/68)
cellbender:remove-background: Working on chunk (33/68)
cellbender:remove-background: Working on chunk (34/68)
cellbender:remove-background: Working on chunk (35/68)
cellbender:remove-background: Working on chunk (36/68)
cellbender:remove-background: Working on chunk (37/68)
cellbender:remove-background: Working on chunk (38/68)
cellbender:remove-background: Working on chunk (39/68)
cellbender:remove-background: Working on chunk (40/68)
cellbender:remove-background: Working on chunk (41/68)
cellbender:remove-background: Working on chunk (42/68)
cellbender:remove-background: Working on chunk (43/68)
cellbender:remove-background: Working on chunk (44/68)
cellbender:remove-background: Working on chunk (45/68)
cellbender:remove-background: Working on chunk (46/68)
cellbender:remove-background: Working on chunk (47/68)
cellbender:remove-background: Working on chunk (48/68)
cellbender:remove-background: Working on chunk (49/68)
cellbender:remove-background: Working on chunk (50/68)
cellbender:remove-background: Working on chunk (51/68)
cellbender:remove-background: Working on chunk (52/68)
cellbender:remove-background: Working on chunk (53/68)
cellbender:remove-background: Working on chunk (54/68)
cellbender:remove-background: Working on chunk (55/68)
cellbender:remove-background: Working on chunk (56/68)
cellbender:remove-background: Working on chunk (57/68)
cellbender:remove-background: Working on chunk (58/68)
cellbender:remove-background: Working on chunk (59/68)
cellbender:remove-background: Working on chunk (60/68)
cellbender:remove-background: Working on chunk (61/68)
cellbender:remove-background: Working on chunk (62/68)
cellbender:remove-background: Working on chunk (63/68)
cellbender:remove-background: Working on chunk (64/68)
cellbender:remove-background: Working on chunk (65/68)
cellbender:remove-background: Working on chunk (66/68)
cellbender:remove-background: Working on chunk (67/68)
cellbender:remove-background: Working on chunk (68/68)
cellbender:remove-background: Writing full posterior to /om/scratch/Mon/mabdel03/Tsai_Data/Cellbender_Outputs/20201189/processed_feature_bc_matrix_posterior.h5
cellbender:remove-background: Succeeded in writing posterior to file /om/scratch/Mon/mabdel03/Tsai_Data/Cellbender_Outputs/20201189/processed_feature_bc_matrix_posterior.h5
cellbender:remove-background: Added posterior object to checkpoint file.
cellbender:remove-background: 2026-01-31 20:50:54

cellbender:remove-background: Saved summary plots as /om/scratch/Mon/mabdel03/Tsai_Data/Cellbender_Outputs/20201189/processed_feature_bc_matrix.pdf
cellbender:remove-background: Saved cell barcodes in /om/scratch/Mon/mabdel03/Tsai_Data/Cellbender_Outputs/20201189/processed_feature_bc_matrix_cell_barcodes.csv
cellbender:remove-background: Computing target noise counts per gene for MCKP estimator
cellbender:remove-background: Using MCKP noise targets computed for FPR 0.0
cellbender:remove-background: Computing denoised counts using mckp estimator
cellbender:remove-background: Working on chunk (1/7)
cellbender:remove-background:     [1.97 mins per chunk]
cellbender:remove-background: Working on chunk (2/7)
cellbender:remove-background: Working on chunk (3/7)
cellbender:remove-background: Working on chunk (4/7)
cellbender:remove-background: Working on chunk (5/7)
cellbender:remove-background: Working on chunk (6/7)
cellbender:remove-background: Working on chunk (7/7)
cellbender:remove-background: 2026-01-31 21:05:18 Total MCKP estimation time = 824.12 sec
cellbender:remove-background: Succeeded in writing CellRanger format output to file /om/scratch/Mon/mabdel03/Tsai_Data/Cellbender_Outputs/20201189/processed_feature_bc_matrix.h5
cellbender:remove-background: Succeeded in writing CellRanger format output to file /om/scratch/Mon/mabdel03/Tsai_Data/Cellbender_Outputs/20201189/processed_feature_bc_matrix_filtered.h5
cellbender:remove-background: Saved output metrics as /om/scratch/Mon/mabdel03/Tsai_Data/Cellbender_Outputs/20201189/processed_feature_bc_matrix_metrics.csv
[NbConvertApp] Converting notebook tmp.report.ipynb to notebook
[NbConvertApp] Writing 516442 bytes to tmp.report.nbconvert.ipynb
[NbConvertApp] Converting notebook tmp.report.nbconvert.ipynb to html
[NbConvertApp] Writing 1091129 bytes to tmp.report.nbconvert.html
cellbender:remove-background: Succeeded in writing report to /om/scratch/Mon/mabdel03/Tsai_Data/Cellbender_Outputs/20201189/processed_feature_bc_matrix_report.html
cellbender:remove-background: Completed remove-background.
cellbender:remove-background: 2026-01-31 21:06:02

