cellbender:remove-background: Command:
cellbender remove-background --cuda --input /tmp/cellbender_44648325_44/raw_feature_bc_matrix.h5 --fpr 0 --output /om/scratch/Mon/mabdel03/Tsai_Data/Cellbender_Outputs/11165535/processed_feature_bc_matrix.h5
cellbender:remove-background: CellBender 0.3.0
cellbender:remove-background: (Workflow hash 51d1b43df1)
cellbender:remove-background: 2026-01-31 17:10:36
cellbender:remove-background: Running remove-background
cellbender:remove-background: Loading data from /tmp/cellbender_44648325_44/raw_feature_bc_matrix.h5
cellbender:remove-background: CellRanger v3 format
cellbender:remove-background: Features in dataset: 36601 Gene Expression
cellbender:remove-background: Trimming features for inference.
cellbender:remove-background: 31488 features have nonzero counts.
cellbender:remove-background: Prior on counts for cells is 8350
cellbender:remove-background: Prior on counts for empty droplets is 120
cellbender:remove-background: Excluding 9945 features that are estimated to have <= 0.1 background counts in cells.
cellbender:remove-background: Including 21543 features in the analysis.
cellbender:remove-background: Trimming barcodes for inference.
cellbender:remove-background: Excluding barcodes with counts below 60
cellbender:remove-background: Using 2773 probable cell barcodes, plus an additional 9933 barcodes, and 68147 empty droplets.
cellbender:remove-background: Largest surely-empty droplet has 146 UMI counts.
cellbender:remove-background: Attempting to unpack tarball "ckpt.tar.gz" to /tmp/tmp7td3ei5q
cellbender:remove-background: No saved checkpoint.
cellbender:remove-background: No checkpoint loaded.
cellbender:remove-background: Running inference...
cellbender:remove-background: [epoch 001]  average training loss: 10045.9927
cellbender:remove-background: [epoch 002]  average training loss: 8626.5602  (4.4 seconds per epoch)
cellbender:remove-background: Will checkpoint every 96 epochs
cellbender:remove-background: [epoch 003]  average training loss: 7247.8987
cellbender:remove-background: [epoch 004]  average training loss: 6601.6705
cellbender:remove-background: [epoch 005]  average training loss: 6251.5448
cellbender:remove-background: [epoch 005] average test loss: 6100.2709
cellbender:remove-background: [epoch 006]  average training loss: 5868.3758
cellbender:remove-background: [epoch 007]  average training loss: 5761.1161
cellbender:remove-background: [epoch 008]  average training loss: 5797.2476
cellbender:remove-background: [epoch 009]  average training loss: 5727.2472
cellbender:remove-background: [epoch 010]  average training loss: 5676.6033
cellbender:remove-background: [epoch 010] average test loss: 5536.6402
cellbender:remove-background: [epoch 011]  average training loss: 5735.6363
cellbender:remove-background: [epoch 012]  average training loss: 5628.3020
cellbender:remove-background: [epoch 013]  average training loss: 5609.5594
cellbender:remove-background: [epoch 014]  average training loss: 5347.9602
cellbender:remove-background: [epoch 015]  average training loss: 5241.8259
cellbender:remove-background: [epoch 015] average test loss: 5241.1377
cellbender:remove-background: [epoch 016]  average training loss: 5221.4179
cellbender:remove-background: [epoch 017]  average training loss: 5224.1821
cellbender:remove-background: [epoch 018]  average training loss: 5171.5084
cellbender:remove-background: [epoch 019]  average training loss: 5173.0365
cellbender:remove-background: [epoch 020]  average training loss: 5140.5953
cellbender:remove-background: [epoch 020] average test loss: 5099.4599
cellbender:remove-background: [epoch 021]  average training loss: 5144.0971
cellbender:remove-background: [epoch 022]  average training loss: 5143.1031
cellbender:remove-background: [epoch 023]  average training loss: 5109.0519
cellbender:remove-background: [epoch 024]  average training loss: 5107.2209
cellbender:remove-background: [epoch 025]  average training loss: 5097.1518
cellbender:remove-background: [epoch 025] average test loss: 4979.4861
cellbender:remove-background: [epoch 026]  average training loss: 5098.0652
cellbender:remove-background: [epoch 027]  average training loss: 5076.6461
cellbender:remove-background: [epoch 028]  average training loss: 5065.8292
cellbender:remove-background: [epoch 029]  average training loss: 5039.3986
cellbender:remove-background: [epoch 030]  average training loss: 5026.3237
cellbender:remove-background: [epoch 030] average test loss: 4897.2020
cellbender:remove-background: [epoch 031]  average training loss: 5004.1354
cellbender:remove-background: [epoch 032]  average training loss: 4992.9362
cellbender:remove-background: [epoch 033]  average training loss: 4978.1386
cellbender:remove-background: [epoch 034]  average training loss: 4972.7077
cellbender:remove-background: [epoch 035]  average training loss: 4964.1220
cellbender:remove-background: [epoch 035] average test loss: 4911.7172
cellbender:remove-background: [epoch 036]  average training loss: 4958.5324
cellbender:remove-background: [epoch 037]  average training loss: 4954.6280
cellbender:remove-background: [epoch 038]  average training loss: 4945.3166
cellbender:remove-background: [epoch 039]  average training loss: 4939.6920
cellbender:remove-background: [epoch 040]  average training loss: 4932.5591
cellbender:remove-background: [epoch 040] average test loss: 4849.8712
cellbender:remove-background: [epoch 041]  average training loss: 4928.3452
cellbender:remove-background: [epoch 042]  average training loss: 4922.8468
cellbender:remove-background: [epoch 043]  average training loss: 4920.7788
cellbender:remove-background: [epoch 044]  average training loss: 4916.4348
cellbender:remove-background: [epoch 045]  average training loss: 4914.0708
cellbender:remove-background: [epoch 045] average test loss: 4826.4064
cellbender:remove-background: [epoch 046]  average training loss: 4909.7857
cellbender:remove-background: [epoch 047]  average training loss: 4908.1764
cellbender:remove-background: [epoch 048]  average training loss: 4904.0961
cellbender:remove-background: [epoch 049]  average training loss: 4902.4193
cellbender:remove-background: [epoch 050]  average training loss: 4894.1398
cellbender:remove-background: [epoch 050] average test loss: 4821.3297
cellbender:remove-background: [epoch 051]  average training loss: 4896.3878
cellbender:remove-background: [epoch 052]  average training loss: 4890.1335
cellbender:remove-background: [epoch 053]  average training loss: 4891.8790
cellbender:remove-background: [epoch 054]  average training loss: 4884.0973
cellbender:remove-background: [epoch 055]  average training loss: 4882.9975
cellbender:remove-background: [epoch 055] average test loss: 4801.9319
cellbender:remove-background: [epoch 056]  average training loss: 4874.7602
cellbender:remove-background: [epoch 057]  average training loss: 4873.0245
cellbender:remove-background: [epoch 058]  average training loss: 4868.7033
cellbender:remove-background: [epoch 059]  average training loss: 4864.8087
cellbender:remove-background: [epoch 060]  average training loss: 4864.4023
cellbender:remove-background: [epoch 060] average test loss: 4794.0712
cellbender:remove-background: [epoch 061]  average training loss: 4860.6499
cellbender:remove-background: [epoch 062]  average training loss: 4863.1817
cellbender:remove-background: [epoch 063]  average training loss: 4861.1039
cellbender:remove-background: [epoch 064]  average training loss: 4856.0010
cellbender:remove-background: [epoch 065]  average training loss: 4858.9552
cellbender:remove-background: [epoch 065] average test loss: 4801.3345
cellbender:remove-background: [epoch 066]  average training loss: 4856.8201
cellbender:remove-background: [epoch 067]  average training loss: 4858.9337
cellbender:remove-background: [epoch 068]  average training loss: 4849.0261
cellbender:remove-background: [epoch 069]  average training loss: 4856.1155
cellbender:remove-background: [epoch 070]  average training loss: 4851.5378
cellbender:remove-background: [epoch 070] average test loss: 4779.0947
cellbender:remove-background: [epoch 071]  average training loss: 4855.2100
cellbender:remove-background: [epoch 072]  average training loss: 4855.7720
cellbender:remove-background: [epoch 073]  average training loss: 4848.1729
cellbender:remove-background: [epoch 074]  average training loss: 4846.3477
cellbender:remove-background: [epoch 075]  average training loss: 4848.1826
cellbender:remove-background: [epoch 075] average test loss: 4772.5309
cellbender:remove-background: [epoch 076]  average training loss: 4849.8671
cellbender:remove-background: [epoch 077]  average training loss: 4850.9633
cellbender:remove-background: [epoch 078]  average training loss: 4852.7811
cellbender:remove-background: [epoch 079]  average training loss: 4856.9738
cellbender:remove-background: [epoch 080]  average training loss: 4854.4276
cellbender:remove-background: [epoch 080] average test loss: 4789.2811
cellbender:remove-background: [epoch 081]  average training loss: 4843.0611
cellbender:remove-background: [epoch 082]  average training loss: 4840.7507
cellbender:remove-background: [epoch 083]  average training loss: 4850.5668
cellbender:remove-background: [epoch 084]  average training loss: 4845.1253
cellbender:remove-background: [epoch 085]  average training loss: 4844.3581
cellbender:remove-background: [epoch 085] average test loss: 4799.9737
cellbender:remove-background: [epoch 086]  average training loss: 4845.0138
cellbender:remove-background: [epoch 087]  average training loss: 4843.1139
cellbender:remove-background: [epoch 088]  average training loss: 4838.9912
cellbender:remove-background: [epoch 089]  average training loss: 4842.3552
cellbender:remove-background: [epoch 090]  average training loss: 4840.4989
cellbender:remove-background: [epoch 090] average test loss: 4805.3444
cellbender:remove-background: [epoch 091]  average training loss: 4838.3174
cellbender:remove-background: [epoch 092]  average training loss: 4835.5284
cellbender:remove-background: [epoch 093]  average training loss: 4840.7411
cellbender:remove-background: [epoch 094]  average training loss: 4838.5266
cellbender:remove-background: [epoch 095]  average training loss: 4833.0675
cellbender:remove-background: [epoch 095] average test loss: 4788.0751
cellbender:remove-background: [epoch 096]  average training loss: 4835.8847
cellbender:remove-background: Saving a checkpoint...
cellbender:remove-background: Saved checkpoint as /weka/scratch/scratch/Mon/mabdel03/Tsai_Data/Cellbender_Outputs/11165535/ckpt.tar.gz
cellbender:remove-background: [epoch 097]  average training loss: 4833.3256
cellbender:remove-background: [epoch 098]  average training loss: 4835.1286
cellbender:remove-background: [epoch 099]  average training loss: 4825.3861
cellbender:remove-background: [epoch 100]  average training loss: 4834.3926
cellbender:remove-background: [epoch 100] average test loss: 4802.4456
cellbender:remove-background: [epoch 101]  average training loss: 4830.6403
cellbender:remove-background: [epoch 102]  average training loss: 4825.7566
cellbender:remove-background: [epoch 103]  average training loss: 4828.7757
cellbender:remove-background: [epoch 104]  average training loss: 4827.8374
cellbender:remove-background: [epoch 105]  average training loss: 4821.6064
cellbender:remove-background: [epoch 105] average test loss: 4791.6968
cellbender:remove-background: [epoch 106]  average training loss: 4825.7610
cellbender:remove-background: [epoch 107]  average training loss: 4817.6801
cellbender:remove-background: [epoch 108]  average training loss: 4816.0073
cellbender:remove-background: [epoch 109]  average training loss: 4824.1649
cellbender:remove-background: [epoch 110]  average training loss: 4827.0891
cellbender:remove-background: [epoch 110] average test loss: 4794.4676
cellbender:remove-background: [epoch 111]  average training loss: 4822.1662
cellbender:remove-background: [epoch 112]  average training loss: 4814.3147
cellbender:remove-background: [epoch 113]  average training loss: 4820.5280
cellbender:remove-background: [epoch 114]  average training loss: 4816.5070
cellbender:remove-background: [epoch 115]  average training loss: 4821.3295
cellbender:remove-background: [epoch 115] average test loss: 4788.4951
cellbender:remove-background: [epoch 116]  average training loss: 4824.2248
cellbender:remove-background: [epoch 117]  average training loss: 4815.2961
cellbender:remove-background: [epoch 118]  average training loss: 4812.1203
cellbender:remove-background: [epoch 119]  average training loss: 4813.4737
cellbender:remove-background: [epoch 120]  average training loss: 4814.8364
cellbender:remove-background: [epoch 120] average test loss: 4772.2409
cellbender:remove-background: [epoch 121]  average training loss: 4812.0174
cellbender:remove-background: [epoch 122]  average training loss: 4810.9214
cellbender:remove-background: [epoch 123]  average training loss: 4815.0993
cellbender:remove-background: [epoch 124]  average training loss: 4811.7978
cellbender:remove-background: [epoch 125]  average training loss: 4812.4784
cellbender:remove-background: [epoch 125] average test loss: 4788.6715
cellbender:remove-background: [epoch 126]  average training loss: 4813.3620
cellbender:remove-background: [epoch 127]  average training loss: 4814.0823
cellbender:remove-background: [epoch 128]  average training loss: 4814.1890
cellbender:remove-background: [epoch 129]  average training loss: 4805.7982
cellbender:remove-background: [epoch 130]  average training loss: 4809.7896
cellbender:remove-background: [epoch 130] average test loss: 4775.4835
cellbender:remove-background: [epoch 131]  average training loss: 4808.7118
cellbender:remove-background: [epoch 132]  average training loss: 4812.7383
cellbender:remove-background: [epoch 133]  average training loss: 4807.7688
cellbender:remove-background: [epoch 134]  average training loss: 4815.6690
cellbender:remove-background: [epoch 135]  average training loss: 4810.4822
cellbender:remove-background: [epoch 135] average test loss: 4793.6467
cellbender:remove-background: [epoch 136]  average training loss: 4808.7831
cellbender:remove-background: [epoch 137]  average training loss: 4806.9863
cellbender:remove-background: [epoch 138]  average training loss: 4812.2569
cellbender:remove-background: [epoch 139]  average training loss: 4805.9932
cellbender:remove-background: [epoch 140]  average training loss: 4811.8908
cellbender:remove-background: [epoch 140] average test loss: 4773.3686
cellbender:remove-background: [epoch 141]  average training loss: 4807.2295
cellbender:remove-background: [epoch 142]  average training loss: 4805.2215
cellbender:remove-background: [epoch 143]  average training loss: 4807.0658
cellbender:remove-background: [epoch 144]  average training loss: 4803.0570
cellbender:remove-background: [epoch 145]  average training loss: 4810.5797
cellbender:remove-background: [epoch 145] average test loss: 4783.9599
cellbender:remove-background: [epoch 146]  average training loss: 4805.9153
cellbender:remove-background: [epoch 147]  average training loss: 4808.3422
cellbender:remove-background: [epoch 148]  average training loss: 4804.2269
cellbender:remove-background: [epoch 149]  average training loss: 4803.7348
cellbender:remove-background: [epoch 150]  average training loss: 4805.2551
cellbender:remove-background: [epoch 150] average test loss: 4774.3187
cellbender:remove-background: Saving a checkpoint...
cellbender:remove-background: Saved checkpoint as /weka/scratch/scratch/Mon/mabdel03/Tsai_Data/Cellbender_Outputs/11165535/ckpt.tar.gz
cellbender:remove-background: 2026-01-31 17:24:31
cellbender:remove-background: Inference procedure complete.
cellbender:remove-background: Attempting to unpack tarball "ckpt.tar.gz" to /tmp/tmpo7926kzx
cellbender:remove-background: Successfully unpacked tarball to /tmp/tmpo7926kzx
/tmp/tmpo7926kzx/51d1b43df1_random.pyro
/tmp/tmpo7926kzx/51d1b43df1_random.cuda
/tmp/tmpo7926kzx/51d1b43df1_model.torch
/tmp/tmpo7926kzx/51d1b43df1_optim.torch
/tmp/tmpo7926kzx/51d1b43df1_optim.pyro
/tmp/tmpo7926kzx/51d1b43df1_params.pyro
/tmp/tmpo7926kzx/51d1b43df1_train.loaderstate
/tmp/tmpo7926kzx/51d1b43df1_test.loaderstate
/tmp/tmpo7926kzx/51d1b43df1_args.npy
cellbender:remove-background: Posterior not currently included in checkpoint.
cellbender:remove-background: Computing posterior noise count probabilities in mini-batches.
cellbender:remove-background: Working on chunk (1/49)
cellbender:remove-background:     [0.04 mins per chunk]
cellbender:remove-background: Working on chunk (2/49)
cellbender:remove-background: Working on chunk (3/49)
cellbender:remove-background: Working on chunk (4/49)
cellbender:remove-background: Working on chunk (5/49)
cellbender:remove-background: Working on chunk (6/49)
cellbender:remove-background: Working on chunk (7/49)
cellbender:remove-background: Working on chunk (8/49)
cellbender:remove-background: Working on chunk (9/49)
cellbender:remove-background: Working on chunk (10/49)
cellbender:remove-background: Working on chunk (11/49)
cellbender:remove-background: Working on chunk (12/49)
cellbender:remove-background: Working on chunk (13/49)
cellbender:remove-background: Working on chunk (14/49)
cellbender:remove-background: Working on chunk (15/49)
cellbender:remove-background: Working on chunk (16/49)
cellbender:remove-background: Working on chunk (17/49)
cellbender:remove-background: Working on chunk (18/49)
cellbender:remove-background: Working on chunk (19/49)
cellbender:remove-background: Working on chunk (20/49)
cellbender:remove-background: Working on chunk (21/49)
cellbender:remove-background: Working on chunk (22/49)
cellbender:remove-background: Working on chunk (23/49)
cellbender:remove-background: Working on chunk (24/49)
cellbender:remove-background: Working on chunk (25/49)
cellbender:remove-background: Working on chunk (26/49)
cellbender:remove-background: Working on chunk (27/49)
cellbender:remove-background: Working on chunk (28/49)
cellbender:remove-background: Working on chunk (29/49)
cellbender:remove-background: Working on chunk (30/49)
cellbender:remove-background: Working on chunk (31/49)
cellbender:remove-background: Working on chunk (32/49)
cellbender:remove-background: Working on chunk (33/49)
cellbender:remove-background: Working on chunk (34/49)
cellbender:remove-background: Working on chunk (35/49)
cellbender:remove-background: Working on chunk (36/49)
cellbender:remove-background: Working on chunk (37/49)
cellbender:remove-background: Working on chunk (38/49)
cellbender:remove-background: Working on chunk (39/49)
cellbender:remove-background: Working on chunk (40/49)
cellbender:remove-background: Working on chunk (41/49)
cellbender:remove-background: Working on chunk (42/49)
cellbender:remove-background: Working on chunk (43/49)
cellbender:remove-background: Working on chunk (44/49)
cellbender:remove-background: Working on chunk (45/49)
cellbender:remove-background: Working on chunk (46/49)
cellbender:remove-background: Working on chunk (47/49)
cellbender:remove-background: Working on chunk (48/49)
cellbender:remove-background: Working on chunk (49/49)
cellbender:remove-background: Writing full posterior to /om/scratch/Mon/mabdel03/Tsai_Data/Cellbender_Outputs/11165535/processed_feature_bc_matrix_posterior.h5
cellbender:remove-background: Succeeded in writing posterior to file /om/scratch/Mon/mabdel03/Tsai_Data/Cellbender_Outputs/11165535/processed_feature_bc_matrix_posterior.h5
cellbender:remove-background: Added posterior object to checkpoint file.
cellbender:remove-background: 2026-01-31 17:29:20

cellbender:remove-background: Saved summary plots as /om/scratch/Mon/mabdel03/Tsai_Data/Cellbender_Outputs/11165535/processed_feature_bc_matrix.pdf
cellbender:remove-background: Saved cell barcodes in /om/scratch/Mon/mabdel03/Tsai_Data/Cellbender_Outputs/11165535/processed_feature_bc_matrix_cell_barcodes.csv
cellbender:remove-background: Computing target noise counts per gene for MCKP estimator
cellbender:remove-background: Using MCKP noise targets computed for FPR 0.0
cellbender:remove-background: Computing denoised counts using mckp estimator
cellbender:remove-background: Working on chunk (1/7)
cellbender:remove-background:     [2.23 mins per chunk]
cellbender:remove-background: Working on chunk (2/7)
cellbender:remove-background: Working on chunk (3/7)
cellbender:remove-background: Working on chunk (4/7)
cellbender:remove-background: Working on chunk (5/7)
cellbender:remove-background: Working on chunk (6/7)
cellbender:remove-background: Working on chunk (7/7)
cellbender:remove-background: 2026-01-31 17:45:25 Total MCKP estimation time = 923.20 sec
cellbender:remove-background: Succeeded in writing CellRanger format output to file /om/scratch/Mon/mabdel03/Tsai_Data/Cellbender_Outputs/11165535/processed_feature_bc_matrix.h5
cellbender:remove-background: Succeeded in writing CellRanger format output to file /om/scratch/Mon/mabdel03/Tsai_Data/Cellbender_Outputs/11165535/processed_feature_bc_matrix_filtered.h5
cellbender:remove-background: Saved output metrics as /om/scratch/Mon/mabdel03/Tsai_Data/Cellbender_Outputs/11165535/processed_feature_bc_matrix_metrics.csv
[NbConvertApp] Converting notebook tmp.report.ipynb to notebook
[NbConvertApp] Writing 467612 bytes to tmp.report.nbconvert.ipynb
[NbConvertApp] Converting notebook tmp.report.nbconvert.ipynb to html
[NbConvertApp] Writing 1042299 bytes to tmp.report.nbconvert.html
cellbender:remove-background: Succeeded in writing report to /om/scratch/Mon/mabdel03/Tsai_Data/Cellbender_Outputs/11165535/processed_feature_bc_matrix_report.html
cellbender:remove-background: Completed remove-background.
cellbender:remove-background: 2026-01-31 17:46:12

