cellbender:remove-background: Command:
cellbender remove-background --cuda --input /om/scratch/Mon/mabdel03/Tsai_Data/Cellranger_Outputs/90780976/outs/raw_feature_bc_matrix.h5 --fpr 0 --output /om/scratch/Mon/mabdel03/Tsai_Data/Cellbender_Outputs/90780976/processed_feature_bc_matrix.h5
cellbender:remove-background: CellBender 0.3.0
cellbender:remove-background: (Workflow hash 36c1c6855b)
cellbender:remove-background: 2026-03-08 18:39:43
cellbender:remove-background: Running remove-background
cellbender:remove-background: Loading data from /om/scratch/Mon/mabdel03/Tsai_Data/Cellranger_Outputs/90780976/outs/raw_feature_bc_matrix.h5
cellbender:remove-background: CellRanger v3 format
cellbender:remove-background: Features in dataset: 36601 Gene Expression
cellbender:remove-background: Trimming features for inference.
cellbender:remove-background: 28840 features have nonzero counts.
cellbender:remove-background: Prior on counts for cells is 3079
cellbender:remove-background: Prior on counts for empty droplets is 54
cellbender:remove-background: Excluding 9032 features that are estimated to have <= 0.1 background counts in cells.
cellbender:remove-background: Including 19808 features in the analysis.
cellbender:remove-background: Trimming barcodes for inference.
cellbender:remove-background: Excluding barcodes with counts below 27
cellbender:remove-background: Using 2303 probable cell barcodes, plus an additional 12324 barcodes, and 62822 empty droplets.
cellbender:remove-background: Largest surely-empty droplet has 62 UMI counts.
cellbender:remove-background: Attempting to unpack tarball "ckpt.tar.gz" to /tmp/tmp2gip0evf
cellbender:remove-background: No saved checkpoint.
cellbender:remove-background: No checkpoint loaded.
cellbender:remove-background: Running inference...
cellbender:remove-background: [epoch 001]  average training loss: 3327.9809
cellbender:remove-background: [epoch 002]  average training loss: 2957.3067  (3.8 seconds per epoch)
cellbender:remove-background: Will checkpoint every 110 epochs
cellbender:remove-background: [epoch 003]  average training loss: 2643.7278
cellbender:remove-background: [epoch 004]  average training loss: 2429.4536
cellbender:remove-background: [epoch 005]  average training loss: 2242.3563
cellbender:remove-background: [epoch 005] average test loss: 2253.7038
cellbender:remove-background: [epoch 006]  average training loss: 2132.8544
cellbender:remove-background: [epoch 007]  average training loss: 2107.8395
cellbender:remove-background: [epoch 008]  average training loss: 2074.4848
cellbender:remove-background: [epoch 009]  average training loss: 2064.6510
cellbender:remove-background: [epoch 010]  average training loss: 2062.1395
cellbender:remove-background: [epoch 010] average test loss: 2021.1789
cellbender:remove-background: [epoch 011]  average training loss: 2054.2374
cellbender:remove-background: [epoch 012]  average training loss: 2049.8836
cellbender:remove-background: [epoch 013]  average training loss: 2045.5845
cellbender:remove-background: [epoch 014]  average training loss: 2037.8223
cellbender:remove-background: [epoch 015]  average training loss: 2019.4788
cellbender:remove-background: [epoch 015] average test loss: 1955.4688
cellbender:remove-background: [epoch 016]  average training loss: 2002.5320
cellbender:remove-background: [epoch 017]  average training loss: 1998.0945
cellbender:remove-background: [epoch 018]  average training loss: 1991.6862
cellbender:remove-background: [epoch 019]  average training loss: 1990.3772
cellbender:remove-background: [epoch 020]  average training loss: 1986.0544
cellbender:remove-background: [epoch 020] average test loss: 1927.6088
cellbender:remove-background: [epoch 021]  average training loss: 1986.3152
cellbender:remove-background: [epoch 022]  average training loss: 1982.0840
cellbender:remove-background: [epoch 023]  average training loss: 1984.1497
cellbender:remove-background: [epoch 024]  average training loss: 1980.7689
cellbender:remove-background: [epoch 025]  average training loss: 1978.9526
cellbender:remove-background: [epoch 025] average test loss: 1922.9816
cellbender:remove-background: [epoch 026]  average training loss: 1979.1267
cellbender:remove-background: [epoch 027]  average training loss: 1976.6991
cellbender:remove-background: [epoch 028]  average training loss: 1977.3910
cellbender:remove-background: [epoch 029]  average training loss: 1973.8850
cellbender:remove-background: [epoch 030]  average training loss: 1974.5098
cellbender:remove-background: [epoch 030] average test loss: 1916.5540
cellbender:remove-background: [epoch 031]  average training loss: 1974.4125
cellbender:remove-background: [epoch 032]  average training loss: 1973.4604
cellbender:remove-background: [epoch 033]  average training loss: 1970.9983
cellbender:remove-background: [epoch 034]  average training loss: 1971.2600
cellbender:remove-background: [epoch 035]  average training loss: 1968.9601
cellbender:remove-background: [epoch 035] average test loss: 1914.6535
cellbender:remove-background: [epoch 036]  average training loss: 1969.1422
cellbender:remove-background: [epoch 037]  average training loss: 1972.8784
cellbender:remove-background: [epoch 038]  average training loss: 1966.9143
cellbender:remove-background: [epoch 039]  average training loss: 1965.4737
cellbender:remove-background: [epoch 040]  average training loss: 1964.5176
cellbender:remove-background: [epoch 040] average test loss: 1909.7191
cellbender:remove-background: [epoch 041]  average training loss: 1962.0197
cellbender:remove-background: [epoch 042]  average training loss: 1961.3169
cellbender:remove-background: [epoch 043]  average training loss: 1957.2854
cellbender:remove-background: [epoch 044]  average training loss: 1957.8124
cellbender:remove-background: [epoch 045]  average training loss: 1953.7539
cellbender:remove-background: [epoch 045] average test loss: 1908.0805
cellbender:remove-background: [epoch 046]  average training loss: 1956.8708
cellbender:remove-background: [epoch 047]  average training loss: 1946.7290
cellbender:remove-background: [epoch 048]  average training loss: 1944.1411
cellbender:remove-background: [epoch 049]  average training loss: 1956.7194
cellbender:remove-background: [epoch 050]  average training loss: 1948.1553
cellbender:remove-background: [epoch 050] average test loss: 1895.7828
cellbender:remove-background: [epoch 051]  average training loss: 1940.4075
cellbender:remove-background: [epoch 052]  average training loss: 1939.7989
cellbender:remove-background: [epoch 053]  average training loss: 1939.8257
cellbender:remove-background: [epoch 054]  average training loss: 1939.1856
cellbender:remove-background: [epoch 055]  average training loss: 1943.7258
cellbender:remove-background: [epoch 055] average test loss: 1887.5379
cellbender:remove-background: [epoch 056]  average training loss: 1933.2099
cellbender:remove-background: [epoch 057]  average training loss: 1940.5056
cellbender:remove-background: [epoch 058]  average training loss: 1940.4475
cellbender:remove-background: [epoch 059]  average training loss: 1931.2625
cellbender:remove-background: [epoch 060]  average training loss: 1942.4451
cellbender:remove-background: [epoch 060] average test loss: 1888.8350
cellbender:remove-background: [epoch 061]  average training loss: 1932.0042
cellbender:remove-background: [epoch 062]  average training loss: 1925.6470
cellbender:remove-background: [epoch 063]  average training loss: 1924.9663
cellbender:remove-background: [epoch 064]  average training loss: 1923.8191
cellbender:remove-background: [epoch 065]  average training loss: 1925.1084
cellbender:remove-background: [epoch 065] average test loss: 1891.1486
cellbender:remove-background: [epoch 066]  average training loss: 1931.4163
cellbender:remove-background: [epoch 067]  average training loss: 1929.5150
cellbender:remove-background: [epoch 068]  average training loss: 1924.1923
cellbender:remove-background: [epoch 069]  average training loss: 1925.1985
cellbender:remove-background: [epoch 070]  average training loss: 1935.2236
cellbender:remove-background: [epoch 070] average test loss: 1902.0730
cellbender:remove-background: [epoch 071]  average training loss: 1922.1883
cellbender:remove-background: [epoch 072]  average training loss: 1923.8397
cellbender:remove-background: [epoch 073]  average training loss: 1921.4182
cellbender:remove-background: [epoch 074]  average training loss: 1924.7479
cellbender:remove-background: [epoch 075]  average training loss: 1919.4630
cellbender:remove-background: [epoch 075] average test loss: 1891.0753
cellbender:remove-background: [epoch 076]  average training loss: 1927.7864
cellbender:remove-background: [epoch 077]  average training loss: 1922.3277
cellbender:remove-background: [epoch 078]  average training loss: 1918.1967
cellbender:remove-background: [epoch 079]  average training loss: 1930.4200
cellbender:remove-background: [epoch 080]  average training loss: 1921.9639
cellbender:remove-background: [epoch 080] average test loss: 1887.9189
cellbender:remove-background: [epoch 081]  average training loss: 1921.7455
cellbender:remove-background: [epoch 082]  average training loss: 1921.0158
cellbender:remove-background: [epoch 083]  average training loss: 1923.5394
cellbender:remove-background: [epoch 084]  average training loss: 1930.3344
cellbender:remove-background: [epoch 085]  average training loss: 1927.0121
cellbender:remove-background: [epoch 085] average test loss: 1902.3235
cellbender:remove-background: [epoch 086]  average training loss: 1930.4417
cellbender:remove-background: [epoch 087]  average training loss: 1927.6449
cellbender:remove-background: [epoch 088]  average training loss: 1928.9357
cellbender:remove-background: [epoch 089]  average training loss: 1928.2671
cellbender:remove-background: [epoch 090]  average training loss: 1923.3115
cellbender:remove-background: [epoch 090] average test loss: 1903.0053
cellbender:remove-background: [epoch 091]  average training loss: 1931.3346
cellbender:remove-background: [epoch 092]  average training loss: 1931.4328
cellbender:remove-background: [epoch 093]  average training loss: 1930.5509
cellbender:remove-background: [epoch 094]  average training loss: 1931.6491
cellbender:remove-background: [epoch 095]  average training loss: 1929.0128
cellbender:remove-background: [epoch 095] average test loss: 1904.5518
cellbender:remove-background: [epoch 096]  average training loss: 1923.2928
cellbender:remove-background: [epoch 097]  average training loss: 1925.3331
cellbender:remove-background: [epoch 098]  average training loss: 1930.3070
cellbender:remove-background: [epoch 099]  average training loss: 1925.2322
cellbender:remove-background: [epoch 100]  average training loss: 1926.3148
cellbender:remove-background: [epoch 100] average test loss: 1900.8469
cellbender:remove-background: [epoch 101]  average training loss: 1925.0793
cellbender:remove-background: [epoch 102]  average training loss: 1922.5440
cellbender:remove-background: [epoch 103]  average training loss: 1926.8872
cellbender:remove-background: [epoch 104]  average training loss: 1929.5424
cellbender:remove-background: [epoch 105]  average training loss: 1928.7234
cellbender:remove-background: [epoch 105] average test loss: 1907.5257
cellbender:remove-background: [epoch 106]  average training loss: 1927.7586
cellbender:remove-background: [epoch 107]  average training loss: 1930.2152
cellbender:remove-background: [epoch 108]  average training loss: 1929.2938
cellbender:remove-background: [epoch 109]  average training loss: 1932.0814
cellbender:remove-background: [epoch 110]  average training loss: 1930.0482
cellbender:remove-background: [epoch 110] average test loss: 1910.8469
cellbender:remove-background: Saving a checkpoint...
cellbender:remove-background: Saved checkpoint as /weka/scratch/scratch/Mon/mabdel03/Tsai_Data/Cellbender_Outputs/90780976/ckpt.tar.gz
cellbender:remove-background: [epoch 111]  average training loss: 1930.2262
cellbender:remove-background: [epoch 112]  average training loss: 1928.7007
cellbender:remove-background: [epoch 113]  average training loss: 1929.2928
cellbender:remove-background: [epoch 114]  average training loss: 1925.7146
cellbender:remove-background: [epoch 115]  average training loss: 1927.9086
cellbender:remove-background: [epoch 115] average test loss: 1909.8009
cellbender:remove-background: [epoch 116]  average training loss: 1928.6011
cellbender:remove-background: [epoch 117]  average training loss: 1926.1465
cellbender:remove-background: [epoch 118]  average training loss: 1923.1505
cellbender:remove-background: [epoch 119]  average training loss: 1925.8553
cellbender:remove-background: [epoch 120]  average training loss: 1923.3058
cellbender:remove-background: [epoch 120] average test loss: 1904.6991
cellbender:remove-background: [epoch 121]  average training loss: 1923.9737
cellbender:remove-background: [epoch 122]  average training loss: 1926.3165
cellbender:remove-background: [epoch 123]  average training loss: 1924.3808
cellbender:remove-background: [epoch 124]  average training loss: 1924.1785
cellbender:remove-background: [epoch 125]  average training loss: 1922.4821
cellbender:remove-background: [epoch 125] average test loss: 1905.7507
cellbender:remove-background: [epoch 126]  average training loss: 1923.2956
cellbender:remove-background: [epoch 127]  average training loss: 1925.7505
cellbender:remove-background: [epoch 128]  average training loss: 1922.8293
cellbender:remove-background: [epoch 129]  average training loss: 1922.8430
cellbender:remove-background: [epoch 130]  average training loss: 1924.4964
cellbender:remove-background: [epoch 130] average test loss: 1904.4112
cellbender:remove-background: [epoch 131]  average training loss: 1922.8648
cellbender:remove-background: [epoch 132]  average training loss: 1921.4714
cellbender:remove-background: [epoch 133]  average training loss: 1922.6509
cellbender:remove-background: [epoch 134]  average training loss: 1921.9812
cellbender:remove-background: [epoch 135]  average training loss: 1922.9971
cellbender:remove-background: [epoch 135] average test loss: 1902.3076
cellbender:remove-background: [epoch 136]  average training loss: 1922.5644
cellbender:remove-background: [epoch 137]  average training loss: 1923.1765
cellbender:remove-background: [epoch 138]  average training loss: 1924.0567
cellbender:remove-background: [epoch 139]  average training loss: 1922.3053
cellbender:remove-background: [epoch 140]  average training loss: 1921.5112
cellbender:remove-background: [epoch 140] average test loss: 1900.4686
cellbender:remove-background: [epoch 141]  average training loss: 1922.2928
cellbender:remove-background: [epoch 142]  average training loss: 1922.0759
cellbender:remove-background: [epoch 143]  average training loss: 1923.2326
cellbender:remove-background: [epoch 144]  average training loss: 1922.7248
cellbender:remove-background: [epoch 145]  average training loss: 1922.7052
cellbender:remove-background: [epoch 145] average test loss: 1904.1159
cellbender:remove-background: [epoch 146]  average training loss: 1921.9185
cellbender:remove-background: [epoch 147]  average training loss: 1922.4758
cellbender:remove-background: [epoch 148]  average training loss: 1922.4416
cellbender:remove-background: [epoch 149]  average training loss: 1922.6214
cellbender:remove-background: [epoch 150]  average training loss: 1921.7849
cellbender:remove-background: [epoch 150] average test loss: 1905.4142
cellbender:remove-background: Saving a checkpoint...
cellbender:remove-background: Saved checkpoint as /weka/scratch/scratch/Mon/mabdel03/Tsai_Data/Cellbender_Outputs/90780976/ckpt.tar.gz
cellbender:remove-background: 2026-03-08 18:51:19
cellbender:remove-background: Inference procedure complete.
cellbender:remove-background: Attempting to unpack tarball "ckpt.tar.gz" to /tmp/tmpnuwrtb7c
cellbender:remove-background: Successfully unpacked tarball to /tmp/tmpnuwrtb7c
/tmp/tmpnuwrtb7c/36c1c6855b_random.pyro
/tmp/tmpnuwrtb7c/36c1c6855b_random.cuda
/tmp/tmpnuwrtb7c/36c1c6855b_model.torch
/tmp/tmpnuwrtb7c/36c1c6855b_optim.torch
/tmp/tmpnuwrtb7c/36c1c6855b_optim.pyro
/tmp/tmpnuwrtb7c/36c1c6855b_params.pyro
/tmp/tmpnuwrtb7c/36c1c6855b_train.loaderstate
/tmp/tmpnuwrtb7c/36c1c6855b_test.loaderstate
/tmp/tmpnuwrtb7c/36c1c6855b_args.npy
cellbender:remove-background: Posterior not currently included in checkpoint.
cellbender:remove-background: Computing posterior noise count probabilities in mini-batches.
cellbender:remove-background: Working on chunk (1/38)
cellbender:remove-background:     [0.03 mins per chunk]
cellbender:remove-background: Working on chunk (2/38)
cellbender:remove-background: Working on chunk (3/38)
cellbender:remove-background: Working on chunk (4/38)
cellbender:remove-background: Working on chunk (5/38)
cellbender:remove-background: Working on chunk (6/38)
cellbender:remove-background: Working on chunk (7/38)
cellbender:remove-background: Working on chunk (8/38)
cellbender:remove-background: Working on chunk (9/38)
cellbender:remove-background: Working on chunk (10/38)
cellbender:remove-background: Working on chunk (11/38)
cellbender:remove-background: Working on chunk (12/38)
cellbender:remove-background: Working on chunk (13/38)
cellbender:remove-background: Working on chunk (14/38)
cellbender:remove-background: Working on chunk (15/38)
cellbender:remove-background: Working on chunk (16/38)
cellbender:remove-background: Working on chunk (17/38)
cellbender:remove-background: Working on chunk (18/38)
cellbender:remove-background: Working on chunk (19/38)
cellbender:remove-background: Working on chunk (20/38)
cellbender:remove-background: Working on chunk (21/38)
cellbender:remove-background: Working on chunk (22/38)
cellbender:remove-background: Working on chunk (23/38)
cellbender:remove-background: Working on chunk (24/38)
cellbender:remove-background: Working on chunk (25/38)
cellbender:remove-background: Working on chunk (26/38)
cellbender:remove-background: Working on chunk (27/38)
cellbender:remove-background: Working on chunk (28/38)
cellbender:remove-background: Working on chunk (29/38)
cellbender:remove-background: Working on chunk (30/38)
cellbender:remove-background: Working on chunk (31/38)
cellbender:remove-background: Working on chunk (32/38)
cellbender:remove-background: Working on chunk (33/38)
cellbender:remove-background: Working on chunk (34/38)
cellbender:remove-background: Working on chunk (35/38)
cellbender:remove-background: Working on chunk (36/38)
cellbender:remove-background: Working on chunk (37/38)
cellbender:remove-background: Working on chunk (38/38)
cellbender:remove-background: Writing full posterior to /om/scratch/Mon/mabdel03/Tsai_Data/Cellbender_Outputs/90780976/processed_feature_bc_matrix_posterior.h5
cellbender:remove-background: Succeeded in writing posterior to file /om/scratch/Mon/mabdel03/Tsai_Data/Cellbender_Outputs/90780976/processed_feature_bc_matrix_posterior.h5
cellbender:remove-background: Added posterior object to checkpoint file.
cellbender:remove-background: 2026-03-08 18:54:08

cellbender:remove-background: Saved summary plots as /om/scratch/Mon/mabdel03/Tsai_Data/Cellbender_Outputs/90780976/processed_feature_bc_matrix.pdf
cellbender:remove-background: Saved cell barcodes in /om/scratch/Mon/mabdel03/Tsai_Data/Cellbender_Outputs/90780976/processed_feature_bc_matrix_cell_barcodes.csv
cellbender:remove-background: Computing target noise counts per gene for MCKP estimator
cellbender:remove-background: Using MCKP noise targets computed for FPR 0.0
cellbender:remove-background: Computing denoised counts using mckp estimator
cellbender:remove-background: Working on chunk (1/7)
cellbender:remove-background:     [0.68 mins per chunk]
cellbender:remove-background: Working on chunk (2/7)
cellbender:remove-background: Working on chunk (3/7)
cellbender:remove-background: Working on chunk (4/7)
cellbender:remove-background: Working on chunk (5/7)
cellbender:remove-background: Working on chunk (6/7)
cellbender:remove-background: Working on chunk (7/7)
cellbender:remove-background: 2026-03-08 18:59:06 Total MCKP estimation time = 283.49 sec
cellbender:remove-background: Succeeded in writing CellRanger format output to file /om/scratch/Mon/mabdel03/Tsai_Data/Cellbender_Outputs/90780976/processed_feature_bc_matrix.h5
cellbender:remove-background: Succeeded in writing CellRanger format output to file /om/scratch/Mon/mabdel03/Tsai_Data/Cellbender_Outputs/90780976/processed_feature_bc_matrix_filtered.h5
cellbender:remove-background: Saved output metrics as /om/scratch/Mon/mabdel03/Tsai_Data/Cellbender_Outputs/90780976/processed_feature_bc_matrix_metrics.csv
[NbConvertApp] Converting notebook tmp.report.ipynb to notebook
[NbConvertApp] Writing 527899 bytes to tmp.report.nbconvert.ipynb
[NbConvertApp] Converting notebook tmp.report.nbconvert.ipynb to html
[NbConvertApp] Writing 1102586 bytes to tmp.report.nbconvert.html
cellbender:remove-background: Succeeded in writing report to /om/scratch/Mon/mabdel03/Tsai_Data/Cellbender_Outputs/90780976/processed_feature_bc_matrix_report.html
cellbender:remove-background: Completed remove-background.
cellbender:remove-background: 2026-03-08 18:59:29

