cellbender:remove-background: Command:
cellbender remove-background --cuda --input /tmp/cellbender_44651654_236/raw_feature_bc_matrix.h5 --fpr 0 --output /om/scratch/Mon/mabdel03/Tsai_Data/Cellbender_Outputs/37436329/processed_feature_bc_matrix.h5
cellbender:remove-background: CellBender 0.3.0
cellbender:remove-background: (Workflow hash 6eed849fbd)
cellbender:remove-background: 2026-02-01 00:16:56
cellbender:remove-background: Running remove-background
cellbender:remove-background: Loading data from /tmp/cellbender_44651654_236/raw_feature_bc_matrix.h5
cellbender:remove-background: CellRanger v3 format
cellbender:remove-background: Features in dataset: 36601 Gene Expression
cellbender:remove-background: Trimming features for inference.
cellbender:remove-background: 32368 features have nonzero counts.
cellbender:remove-background: Prior on counts for cells is 4600
cellbender:remove-background: Prior on counts for empty droplets is 179
cellbender:remove-background: Excluding 7773 features that are estimated to have <= 0.1 background counts in cells.
cellbender:remove-background: Including 24595 features in the analysis.
cellbender:remove-background: Trimming barcodes for inference.
cellbender:remove-background: Excluding barcodes with counts below 89
cellbender:remove-background: Using 7273 probable cell barcodes, plus an additional 11911 barcodes, and 48882 empty droplets.
cellbender:remove-background: Largest surely-empty droplet has 230 UMI counts.
cellbender:remove-background: Attempting to unpack tarball "ckpt.tar.gz" to /tmp/tmpq4yr6hbb
cellbender:remove-background: No saved checkpoint.
cellbender:remove-background: No checkpoint loaded.
cellbender:remove-background: Running inference...
cellbender:remove-background: [epoch 001]  average training loss: 10772.8334
cellbender:remove-background: [epoch 002]  average training loss: 8759.2600  (7.2 seconds per epoch)
cellbender:remove-background: Will checkpoint every 59 epochs
cellbender:remove-background: [epoch 003]  average training loss: 7610.2051
cellbender:remove-background: [epoch 004]  average training loss: 6899.4114
cellbender:remove-background: [epoch 005]  average training loss: 6612.0139
cellbender:remove-background: [epoch 005] average test loss: 6549.5029
cellbender:remove-background: [epoch 006]  average training loss: 6484.1380
cellbender:remove-background: [epoch 007]  average training loss: 6398.0726
cellbender:remove-background: [epoch 008]  average training loss: 6349.2521
cellbender:remove-background: [epoch 009]  average training loss: 6330.9049
cellbender:remove-background: [epoch 010]  average training loss: 6296.1905
cellbender:remove-background: [epoch 010] average test loss: 6274.2314
cellbender:remove-background: [epoch 011]  average training loss: 6195.1709
cellbender:remove-background: [epoch 012]  average training loss: 6034.5725
cellbender:remove-background: [epoch 013]  average training loss: 5997.0370
cellbender:remove-background: [epoch 014]  average training loss: 5984.3664
cellbender:remove-background: [epoch 015]  average training loss: 5966.3149
cellbender:remove-background: [epoch 015] average test loss: 5973.8862
cellbender:remove-background: [epoch 016]  average training loss: 5943.3017
cellbender:remove-background: [epoch 017]  average training loss: 5922.3597
cellbender:remove-background: [epoch 018]  average training loss: 5922.3661
cellbender:remove-background: [epoch 019]  average training loss: 5899.3142
cellbender:remove-background: [epoch 020]  average training loss: 5890.9625
cellbender:remove-background: [epoch 020] average test loss: 5885.1603
cellbender:remove-background: [epoch 021]  average training loss: 5882.1163
cellbender:remove-background: [epoch 022]  average training loss: 5870.7719
cellbender:remove-background: [epoch 023]  average training loss: 5871.9835
cellbender:remove-background: [epoch 024]  average training loss: 5865.0627
cellbender:remove-background: [epoch 025]  average training loss: 5853.4573
cellbender:remove-background: [epoch 025] average test loss: 5823.1526
cellbender:remove-background: [epoch 026]  average training loss: 5851.5859
cellbender:remove-background: [epoch 027]  average training loss: 5824.7906
cellbender:remove-background: [epoch 028]  average training loss: 5808.4679
cellbender:remove-background: [epoch 029]  average training loss: 5790.3063
cellbender:remove-background: [epoch 030]  average training loss: 5776.2325
cellbender:remove-background: [epoch 030] average test loss: 5745.2128
cellbender:remove-background: [epoch 031]  average training loss: 5767.0638
cellbender:remove-background: [epoch 032]  average training loss: 5753.8748
cellbender:remove-background: [epoch 033]  average training loss: 5746.4484
cellbender:remove-background: [epoch 034]  average training loss: 5736.9133
cellbender:remove-background: [epoch 035]  average training loss: 5729.2746
cellbender:remove-background: [epoch 035] average test loss: 5713.7742
cellbender:remove-background: [epoch 036]  average training loss: 5724.1529
cellbender:remove-background: [epoch 037]  average training loss: 5721.0704
cellbender:remove-background: [epoch 038]  average training loss: 5715.4958
cellbender:remove-background: [epoch 039]  average training loss: 5712.0222
cellbender:remove-background: [epoch 040]  average training loss: 5712.3663
cellbender:remove-background: [epoch 040] average test loss: 5694.1210
cellbender:remove-background: [epoch 041]  average training loss: 5706.4459
cellbender:remove-background: [epoch 042]  average training loss: 5702.2817
cellbender:remove-background: [epoch 043]  average training loss: 5698.4066
cellbender:remove-background: [epoch 044]  average training loss: 5693.5416
cellbender:remove-background: [epoch 045]  average training loss: 5686.5418
cellbender:remove-background: [epoch 045] average test loss: 5690.3805
cellbender:remove-background: [epoch 046]  average training loss: 5681.1187
cellbender:remove-background: [epoch 047]  average training loss: 5677.3815
cellbender:remove-background: [epoch 048]  average training loss: 5673.3728
cellbender:remove-background: [epoch 049]  average training loss: 5668.1181
cellbender:remove-background: [epoch 050]  average training loss: 5661.3659
cellbender:remove-background: [epoch 050] average test loss: 5642.8028
cellbender:remove-background: [epoch 051]  average training loss: 5658.9805
cellbender:remove-background: [epoch 052]  average training loss: 5657.3738
cellbender:remove-background: [epoch 053]  average training loss: 5650.5451
cellbender:remove-background: [epoch 054]  average training loss: 5648.1862
cellbender:remove-background: [epoch 055]  average training loss: 5646.1355
cellbender:remove-background: [epoch 055] average test loss: 5642.4902
cellbender:remove-background: [epoch 056]  average training loss: 5643.3145
cellbender:remove-background: [epoch 057]  average training loss: 5639.1097
cellbender:remove-background: [epoch 058]  average training loss: 5638.6460
cellbender:remove-background: [epoch 059]  average training loss: 5636.9681
cellbender:remove-background: Saving a checkpoint...
cellbender:remove-background: Saved checkpoint as /weka/scratch/scratch/Mon/mabdel03/Tsai_Data/Cellbender_Outputs/37436329/ckpt.tar.gz
cellbender:remove-background: [epoch 060]  average training loss: 5633.4382
cellbender:remove-background: [epoch 060] average test loss: 5631.5203
cellbender:remove-background: [epoch 061]  average training loss: 5629.9294
cellbender:remove-background: [epoch 062]  average training loss: 5627.8606
cellbender:remove-background: [epoch 063]  average training loss: 5626.4096
cellbender:remove-background: [epoch 064]  average training loss: 5624.9656
cellbender:remove-background: [epoch 065]  average training loss: 5623.9625
cellbender:remove-background: [epoch 065] average test loss: 5622.3529
cellbender:remove-background: [epoch 066]  average training loss: 5620.8743
cellbender:remove-background: [epoch 067]  average training loss: 5621.1366
cellbender:remove-background: [epoch 068]  average training loss: 5616.3614
cellbender:remove-background: [epoch 069]  average training loss: 5614.5270
cellbender:remove-background: [epoch 070]  average training loss: 5612.6480
cellbender:remove-background: [epoch 070] average test loss: 5612.9028
cellbender:remove-background: [epoch 071]  average training loss: 5611.4773
cellbender:remove-background: [epoch 072]  average training loss: 5610.7551
cellbender:remove-background: [epoch 073]  average training loss: 5608.3085
cellbender:remove-background: [epoch 074]  average training loss: 5606.8919
cellbender:remove-background: [epoch 075]  average training loss: 5605.9162
cellbender:remove-background: [epoch 075] average test loss: 5611.6805
cellbender:remove-background: [epoch 076]  average training loss: 5602.5855
cellbender:remove-background: [epoch 077]  average training loss: 5602.6348
cellbender:remove-background: [epoch 078]  average training loss: 5599.8424
cellbender:remove-background: [epoch 079]  average training loss: 5597.3353
cellbender:remove-background: [epoch 080]  average training loss: 5596.1868
cellbender:remove-background: [epoch 080] average test loss: 5591.3770
cellbender:remove-background: [epoch 081]  average training loss: 5593.6319
cellbender:remove-background: [epoch 082]  average training loss: 5592.5793
cellbender:remove-background: [epoch 083]  average training loss: 5589.3899
cellbender:remove-background: [epoch 084]  average training loss: 5586.7934
cellbender:remove-background: [epoch 085]  average training loss: 5584.4792
cellbender:remove-background: [epoch 085] average test loss: 5583.4329
cellbender:remove-background: [epoch 086]  average training loss: 5583.6315
cellbender:remove-background: [epoch 087]  average training loss: 5580.8377
cellbender:remove-background: [epoch 088]  average training loss: 5581.6778
cellbender:remove-background: [epoch 089]  average training loss: 5580.2085
cellbender:remove-background: [epoch 090]  average training loss: 5576.9469
cellbender:remove-background: [epoch 090] average test loss: 5585.6083
cellbender:remove-background: [epoch 091]  average training loss: 5578.2116
cellbender:remove-background: [epoch 092]  average training loss: 5576.7752
cellbender:remove-background: [epoch 093]  average training loss: 5574.0753
cellbender:remove-background: [epoch 094]  average training loss: 5572.6940
cellbender:remove-background: [epoch 095]  average training loss: 5571.9372
cellbender:remove-background: [epoch 095] average test loss: 5572.2691
cellbender:remove-background: [epoch 096]  average training loss: 5572.4415
cellbender:remove-background: [epoch 097]  average training loss: 5570.5853
cellbender:remove-background: [epoch 098]  average training loss: 5571.4862
cellbender:remove-background: [epoch 099]  average training loss: 5570.1354
cellbender:remove-background: [epoch 100]  average training loss: 5568.4673
cellbender:remove-background: [epoch 100] average test loss: 5579.0015
cellbender:remove-background: [epoch 101]  average training loss: 5565.3391
cellbender:remove-background: [epoch 102]  average training loss: 5564.1322
cellbender:remove-background: [epoch 103]  average training loss: 5565.9267
cellbender:remove-background: [epoch 104]  average training loss: 5564.0954
cellbender:remove-background: [epoch 105]  average training loss: 5564.0607
cellbender:remove-background: [epoch 105] average test loss: 5561.6884
cellbender:remove-background: [epoch 106]  average training loss: 5562.5124
cellbender:remove-background: [epoch 107]  average training loss: 5561.7803
cellbender:remove-background: [epoch 108]  average training loss: 5561.3925
cellbender:remove-background: [epoch 109]  average training loss: 5559.1194
cellbender:remove-background: [epoch 110]  average training loss: 5560.0180
cellbender:remove-background: [epoch 110] average test loss: 5567.0183
cellbender:remove-background: [epoch 111]  average training loss: 5558.4837
cellbender:remove-background: [epoch 112]  average training loss: 5556.9516
cellbender:remove-background: [epoch 113]  average training loss: 5556.8387
cellbender:remove-background: [epoch 114]  average training loss: 5555.2846
cellbender:remove-background: [epoch 115]  average training loss: 5556.2409
cellbender:remove-background: [epoch 115] average test loss: 5562.3612
cellbender:remove-background: [epoch 116]  average training loss: 5555.1242
cellbender:remove-background: [epoch 117]  average training loss: 5554.7960
cellbender:remove-background: [epoch 118]  average training loss: 5552.7273
cellbender:remove-background: Saving a checkpoint...
cellbender:remove-background: Saved checkpoint as /weka/scratch/scratch/Mon/mabdel03/Tsai_Data/Cellbender_Outputs/37436329/ckpt.tar.gz
cellbender:remove-background: [epoch 119]  average training loss: 5554.2458
cellbender:remove-background: [epoch 120]  average training loss: 5551.8232
cellbender:remove-background: [epoch 120] average test loss: 5560.3793
cellbender:remove-background: [epoch 121]  average training loss: 5553.0104
cellbender:remove-background: [epoch 122]  average training loss: 5550.7377
cellbender:remove-background: [epoch 123]  average training loss: 5552.5718
cellbender:remove-background: [epoch 124]  average training loss: 5550.3562
cellbender:remove-background: [epoch 125]  average training loss: 5550.8094
cellbender:remove-background: [epoch 125] average test loss: 5560.7136
cellbender:remove-background: [epoch 126]  average training loss: 5549.9628
cellbender:remove-background: [epoch 127]  average training loss: 5549.1971
cellbender:remove-background: [epoch 128]  average training loss: 5549.5315
cellbender:remove-background: [epoch 129]  average training loss: 5548.9147
cellbender:remove-background: [epoch 130]  average training loss: 5548.4914
cellbender:remove-background: [epoch 130] average test loss: 5566.1352
cellbender:remove-background: [epoch 131]  average training loss: 5547.8094
cellbender:remove-background: [epoch 132]  average training loss: 5547.8371
cellbender:remove-background: [epoch 133]  average training loss: 5547.9449
cellbender:remove-background: [epoch 134]  average training loss: 5548.8268
cellbender:remove-background: [epoch 135]  average training loss: 5550.2009
cellbender:remove-background: [epoch 135] average test loss: 5564.5063
cellbender:remove-background: [epoch 136]  average training loss: 5546.7936
cellbender:remove-background: [epoch 137]  average training loss: 5548.5546
cellbender:remove-background: [epoch 138]  average training loss: 5546.9853
cellbender:remove-background: [epoch 139]  average training loss: 5545.2754
cellbender:remove-background: [epoch 140]  average training loss: 5546.2170
cellbender:remove-background: [epoch 140] average test loss: 5559.5964
cellbender:remove-background: [epoch 141]  average training loss: 5545.2604
cellbender:remove-background: [epoch 142]  average training loss: 5544.3153
cellbender:remove-background: [epoch 143]  average training loss: 5547.0038
cellbender:remove-background: [epoch 144]  average training loss: 5546.3919
cellbender:remove-background: [epoch 145]  average training loss: 5545.2198
cellbender:remove-background: [epoch 145] average test loss: 5558.3852
cellbender:remove-background: [epoch 146]  average training loss: 5545.2785
cellbender:remove-background: [epoch 147]  average training loss: 5546.0085
cellbender:remove-background: [epoch 148]  average training loss: 5545.7830
cellbender:remove-background: [epoch 149]  average training loss: 5544.6950
cellbender:remove-background: [epoch 150]  average training loss: 5545.4757
cellbender:remove-background: [epoch 150] average test loss: 5561.6709
cellbender:remove-background: Saving a checkpoint...
cellbender:remove-background: Saved checkpoint as /weka/scratch/scratch/Mon/mabdel03/Tsai_Data/Cellbender_Outputs/37436329/ckpt.tar.gz
cellbender:remove-background: 2026-02-01 00:40:23
cellbender:remove-background: Inference procedure complete.
cellbender:remove-background: Attempting to unpack tarball "ckpt.tar.gz" to /tmp/tmpme_3wiid
cellbender:remove-background: Successfully unpacked tarball to /tmp/tmpme_3wiid
/tmp/tmpme_3wiid/6eed849fbd_random.pyro
/tmp/tmpme_3wiid/6eed849fbd_random.cuda
/tmp/tmpme_3wiid/6eed849fbd_model.torch
/tmp/tmpme_3wiid/6eed849fbd_optim.torch
/tmp/tmpme_3wiid/6eed849fbd_optim.pyro
/tmp/tmpme_3wiid/6eed849fbd_params.pyro
/tmp/tmpme_3wiid/6eed849fbd_train.loaderstate
/tmp/tmpme_3wiid/6eed849fbd_test.loaderstate
/tmp/tmpme_3wiid/6eed849fbd_args.npy
cellbender:remove-background: Posterior not currently included in checkpoint.
cellbender:remove-background: Computing posterior noise count probabilities in mini-batches.
cellbender:remove-background: Working on chunk (1/120)
cellbender:remove-background:     [0.04 mins per chunk]
cellbender:remove-background: Working on chunk (2/120)
cellbender:remove-background: Working on chunk (3/120)
cellbender:remove-background: Working on chunk (4/120)
cellbender:remove-background: Working on chunk (5/120)
cellbender:remove-background: Working on chunk (6/120)
cellbender:remove-background: Working on chunk (7/120)
cellbender:remove-background: Working on chunk (8/120)
cellbender:remove-background: Working on chunk (9/120)
cellbender:remove-background: Working on chunk (10/120)
cellbender:remove-background: Working on chunk (11/120)
cellbender:remove-background: Working on chunk (12/120)
cellbender:remove-background: Working on chunk (13/120)
cellbender:remove-background: Working on chunk (14/120)
cellbender:remove-background: Working on chunk (15/120)
cellbender:remove-background: Working on chunk (16/120)
cellbender:remove-background: Working on chunk (17/120)
cellbender:remove-background: Working on chunk (18/120)
cellbender:remove-background: Working on chunk (19/120)
cellbender:remove-background: Working on chunk (20/120)
cellbender:remove-background: Working on chunk (21/120)
cellbender:remove-background: Working on chunk (22/120)
cellbender:remove-background: Working on chunk (23/120)
cellbender:remove-background: Working on chunk (24/120)
cellbender:remove-background: Working on chunk (25/120)
cellbender:remove-background: Working on chunk (26/120)
cellbender:remove-background: Working on chunk (27/120)
cellbender:remove-background: Working on chunk (28/120)
cellbender:remove-background: Working on chunk (29/120)
cellbender:remove-background: Working on chunk (30/120)
cellbender:remove-background: Working on chunk (31/120)
cellbender:remove-background: Working on chunk (32/120)
cellbender:remove-background: Working on chunk (33/120)
cellbender:remove-background: Working on chunk (34/120)
cellbender:remove-background: Working on chunk (35/120)
cellbender:remove-background: Working on chunk (36/120)
cellbender:remove-background: Working on chunk (37/120)
cellbender:remove-background: Working on chunk (38/120)
cellbender:remove-background: Working on chunk (39/120)
cellbender:remove-background: Working on chunk (40/120)
cellbender:remove-background: Working on chunk (41/120)
cellbender:remove-background: Working on chunk (42/120)
cellbender:remove-background: Working on chunk (43/120)
cellbender:remove-background: Working on chunk (44/120)
cellbender:remove-background: Working on chunk (45/120)
cellbender:remove-background: Working on chunk (46/120)
cellbender:remove-background: Working on chunk (47/120)
cellbender:remove-background: Working on chunk (48/120)
cellbender:remove-background: Working on chunk (49/120)
cellbender:remove-background: Working on chunk (50/120)
cellbender:remove-background: Working on chunk (51/120)
cellbender:remove-background: Working on chunk (52/120)
cellbender:remove-background: Working on chunk (53/120)
cellbender:remove-background: Working on chunk (54/120)
cellbender:remove-background: Working on chunk (55/120)
cellbender:remove-background: Working on chunk (56/120)
cellbender:remove-background: Working on chunk (57/120)
cellbender:remove-background: Working on chunk (58/120)
cellbender:remove-background: Working on chunk (59/120)
cellbender:remove-background: Working on chunk (60/120)
cellbender:remove-background: Working on chunk (61/120)
cellbender:remove-background: Working on chunk (62/120)
cellbender:remove-background: Working on chunk (63/120)
cellbender:remove-background: Working on chunk (64/120)
cellbender:remove-background: Working on chunk (65/120)
cellbender:remove-background: Working on chunk (66/120)
cellbender:remove-background: Working on chunk (67/120)
cellbender:remove-background: Working on chunk (68/120)
cellbender:remove-background: Working on chunk (69/120)
cellbender:remove-background: Working on chunk (70/120)
cellbender:remove-background: Working on chunk (71/120)
cellbender:remove-background: Working on chunk (72/120)
cellbender:remove-background: Working on chunk (73/120)
cellbender:remove-background: Working on chunk (74/120)
cellbender:remove-background: Working on chunk (75/120)
cellbender:remove-background: Working on chunk (76/120)
cellbender:remove-background: Working on chunk (77/120)
cellbender:remove-background: Working on chunk (78/120)
cellbender:remove-background: Working on chunk (79/120)
cellbender:remove-background: Working on chunk (80/120)
cellbender:remove-background: Working on chunk (81/120)
cellbender:remove-background: Working on chunk (82/120)
cellbender:remove-background: Working on chunk (83/120)
cellbender:remove-background: Working on chunk (84/120)
cellbender:remove-background: Working on chunk (85/120)
cellbender:remove-background: Working on chunk (86/120)
cellbender:remove-background: Working on chunk (87/120)
cellbender:remove-background: Working on chunk (88/120)
cellbender:remove-background: Working on chunk (89/120)
cellbender:remove-background: Working on chunk (90/120)
cellbender:remove-background: Working on chunk (91/120)
cellbender:remove-background: Working on chunk (92/120)
cellbender:remove-background: Working on chunk (93/120)
cellbender:remove-background: Working on chunk (94/120)
cellbender:remove-background: Working on chunk (95/120)
cellbender:remove-background: Working on chunk (96/120)
cellbender:remove-background: Working on chunk (97/120)
cellbender:remove-background: Working on chunk (98/120)
cellbender:remove-background: Working on chunk (99/120)
cellbender:remove-background: Working on chunk (100/120)
cellbender:remove-background: Working on chunk (101/120)
cellbender:remove-background: Working on chunk (102/120)
cellbender:remove-background: Working on chunk (103/120)
cellbender:remove-background: Working on chunk (104/120)
cellbender:remove-background: Working on chunk (105/120)
cellbender:remove-background: Working on chunk (106/120)
cellbender:remove-background: Working on chunk (107/120)
cellbender:remove-background: Working on chunk (108/120)
cellbender:remove-background: Working on chunk (109/120)
cellbender:remove-background: Working on chunk (110/120)
cellbender:remove-background: Working on chunk (111/120)
cellbender:remove-background: Working on chunk (112/120)
cellbender:remove-background: Working on chunk (113/120)
cellbender:remove-background: Working on chunk (114/120)
cellbender:remove-background: Working on chunk (115/120)
cellbender:remove-background: Working on chunk (116/120)
cellbender:remove-background: Working on chunk (117/120)
cellbender:remove-background: Working on chunk (118/120)
cellbender:remove-background: Working on chunk (119/120)
cellbender:remove-background: Working on chunk (120/120)
cellbender:remove-background: Writing full posterior to /om/scratch/Mon/mabdel03/Tsai_Data/Cellbender_Outputs/37436329/processed_feature_bc_matrix_posterior.h5
Traceback (most recent call last):
  File "/om2/user/mabdel03/conda_envs/Cellbender_env/bin/cellbender", line 8, in <module>
    sys.exit(main())
  File "/om2/user/mabdel03/conda_envs/Cellbender_env/lib/python3.7/site-packages/cellbender/base_cli.py", line 118, in main
    cli_dict[args.tool].run(args)
  File "/om2/user/mabdel03/conda_envs/Cellbender_env/lib/python3.7/site-packages/cellbender/remove_background/cli.py", line 185, in run
    return main(args)
  File "/om2/user/mabdel03/conda_envs/Cellbender_env/lib/python3.7/site-packages/cellbender/remove_background/cli.py", line 230, in main
    posterior = run_remove_background(args)
  File "/om2/user/mabdel03/conda_envs/Cellbender_env/lib/python3.7/site-packages/cellbender/remove_background/run.py", line 107, in run_remove_background
    args=args,
  File "/om2/user/mabdel03/conda_envs/Cellbender_env/lib/python3.7/site-packages/cellbender/remove_background/posterior.py", line 130, in load_or_compute_posterior_and_save
    saved = posterior.save(file=posterior_file)
  File "/om2/user/mabdel03/conda_envs/Cellbender_env/lib/python3.7/site-packages/cellbender/remove_background/posterior.py", line 234, in save
    return write_posterior_coo_to_h5(output_file=file, **d)
  File "/om2/user/mabdel03/conda_envs/Cellbender_env/lib/python3.7/site-packages/cellbender/remove_background/data/io.py", line 275, in write_posterior_coo_to_h5
    title="CellBender remove-background posterior noise count probabilities"
  File "/om2/user/mabdel03/conda_envs/Cellbender_env/lib/python3.7/site-packages/tables/file.py", line 300, in open_file
    return File(filename, mode, title, root_uep, filters, **kwargs)
  File "/om2/user/mabdel03/conda_envs/Cellbender_env/lib/python3.7/site-packages/tables/file.py", line 750, in __init__
    self._g_new(filename, mode, **params)
  File "tables/hdf5extension.pyx", line 486, in tables.hdf5extension.File._g_new
tables.exceptions.HDF5ExtError: HDF5 error back trace

  File "H5F.c", line 532, in H5Fcreate
    unable to create file
  File "H5VLcallback.c", line 3282, in H5VL_file_create
    file create failed
  File "H5VLcallback.c", line 3248, in H5VL__file_create
    file create failed
  File "H5VLnative_file.c", line 63, in H5VL__native_file_create
    unable to create file
  File "H5Fint.c", line 1898, in H5F_open
    unable to lock the file
  File "H5FD.c", line 1625, in H5FD_lock
    driver lock request failed
  File "H5FDsec2.c", line 1002, in H5FD__sec2_lock
    unable to lock file, errno = 5, error message = 'Input/output error'

End of HDF5 error back trace

Unable to open/create file '/om/scratch/Mon/mabdel03/Tsai_Data/Cellbender_Outputs/37436329/processed_feature_bc_matrix_posterior.h5'
