cellbender:remove-background: Command:
cellbender remove-background --cuda --input /tmp/cellbender_44647804_23/raw_feature_bc_matrix.h5 --fpr 0 --output /om/scratch/Mon/mabdel03/Tsai_Data/Cellbender_Outputs/10383017/processed_feature_bc_matrix.h5
cellbender:remove-background: CellBender 0.3.0
cellbender:remove-background: (Workflow hash b1040f0fc0)
cellbender:remove-background: 2026-01-31 15:58:54
cellbender:remove-background: Running remove-background
cellbender:remove-background: Loading data from /tmp/cellbender_44647804_23/raw_feature_bc_matrix.h5
cellbender:remove-background: CellRanger v3 format
cellbender:remove-background: Features in dataset: 36601 Gene Expression
cellbender:remove-background: Trimming features for inference.
cellbender:remove-background: 31919 features have nonzero counts.
cellbender:remove-background: Prior on counts for cells is 8793
cellbender:remove-background: Prior on counts for empty droplets is 162
cellbender:remove-background: Excluding 9679 features that are estimated to have <= 0.1 background counts in cells.
cellbender:remove-background: Including 22240 features in the analysis.
cellbender:remove-background: Trimming barcodes for inference.
cellbender:remove-background: Excluding barcodes with counts below 81
cellbender:remove-background: Using 4799 probable cell barcodes, plus an additional 10260 barcodes, and 56970 empty droplets.
cellbender:remove-background: Largest surely-empty droplet has 198 UMI counts.
cellbender:remove-background: Attempting to unpack tarball "ckpt.tar.gz" to /tmp/tmpvsqhh6cs
cellbender:remove-background: No saved checkpoint.
cellbender:remove-background: No checkpoint loaded.
cellbender:remove-background: Running inference...
cellbender:remove-background: [epoch 001]  average training loss: 13179.9285
cellbender:remove-background: [epoch 002]  average training loss: 10832.1855  (7.6 seconds per epoch)
cellbender:remove-background: Will checkpoint every 56 epochs
cellbender:remove-background: [epoch 003]  average training loss: 8951.0005
cellbender:remove-background: [epoch 004]  average training loss: 8063.4633
cellbender:remove-background: [epoch 005]  average training loss: 7425.5822
cellbender:remove-background: [epoch 005] average test loss: 7051.3069
cellbender:remove-background: [epoch 006]  average training loss: 7171.9746
cellbender:remove-background: [epoch 007]  average training loss: 7130.5413
cellbender:remove-background: [epoch 008]  average training loss: 7031.7846
cellbender:remove-background: [epoch 009]  average training loss: 7008.5170
cellbender:remove-background: [epoch 010]  average training loss: 6963.4914
cellbender:remove-background: [epoch 010] average test loss: 6770.2190
cellbender:remove-background: [epoch 011]  average training loss: 6944.0930
cellbender:remove-background: [epoch 012]  average training loss: 6906.0243
cellbender:remove-background: [epoch 013]  average training loss: 6841.9290
cellbender:remove-background: [epoch 014]  average training loss: 6673.8850
cellbender:remove-background: [epoch 015]  average training loss: 6597.6726
cellbender:remove-background: [epoch 015] average test loss: 6441.1130
cellbender:remove-background: [epoch 016]  average training loss: 6587.7051
cellbender:remove-background: [epoch 017]  average training loss: 6558.2041
cellbender:remove-background: [epoch 018]  average training loss: 6567.8929
cellbender:remove-background: [epoch 019]  average training loss: 6521.1347
cellbender:remove-background: [epoch 020]  average training loss: 6496.9937
cellbender:remove-background: [epoch 020] average test loss: 6360.6775
cellbender:remove-background: [epoch 021]  average training loss: 6486.9542
cellbender:remove-background: [epoch 022]  average training loss: 6489.0356
cellbender:remove-background: [epoch 023]  average training loss: 6467.4733
cellbender:remove-background: [epoch 024]  average training loss: 6447.4753
cellbender:remove-background: [epoch 025]  average training loss: 6427.5410
cellbender:remove-background: [epoch 025] average test loss: 6220.4736
cellbender:remove-background: [epoch 026]  average training loss: 6391.1279
cellbender:remove-background: [epoch 027]  average training loss: 6368.4522
cellbender:remove-background: [epoch 028]  average training loss: 6333.2441
cellbender:remove-background: [epoch 029]  average training loss: 6321.5203
cellbender:remove-background: [epoch 030]  average training loss: 6309.7121
cellbender:remove-background: [epoch 030] average test loss: 6143.1296
cellbender:remove-background: [epoch 031]  average training loss: 6304.6805
cellbender:remove-background: [epoch 032]  average training loss: 6290.0905
cellbender:remove-background: [epoch 033]  average training loss: 6288.9360
cellbender:remove-background: [epoch 034]  average training loss: 6278.7682
cellbender:remove-background: [epoch 035]  average training loss: 6274.9767
cellbender:remove-background: [epoch 035] average test loss: 6119.9312
cellbender:remove-background: [epoch 036]  average training loss: 6268.4043
cellbender:remove-background: [epoch 037]  average training loss: 6262.7366
cellbender:remove-background: [epoch 038]  average training loss: 6255.5102
cellbender:remove-background: [epoch 039]  average training loss: 6252.0943
cellbender:remove-background: [epoch 040]  average training loss: 6244.4252
cellbender:remove-background: [epoch 040] average test loss: 6074.6466
cellbender:remove-background: [epoch 041]  average training loss: 6243.3691
cellbender:remove-background: [epoch 042]  average training loss: 6237.0705
cellbender:remove-background: [epoch 043]  average training loss: 6232.4038
cellbender:remove-background: [epoch 044]  average training loss: 6230.9702
cellbender:remove-background: [epoch 045]  average training loss: 6224.9750
cellbender:remove-background: [epoch 045] average test loss: 6074.0761
cellbender:remove-background: [epoch 046]  average training loss: 6220.5742
cellbender:remove-background: [epoch 047]  average training loss: 6220.5597
cellbender:remove-background: [epoch 048]  average training loss: 6218.1537
cellbender:remove-background: [epoch 049]  average training loss: 6213.9691
cellbender:remove-background: [epoch 050]  average training loss: 6210.0216
cellbender:remove-background: [epoch 050] average test loss: 6046.9526
cellbender:remove-background: [epoch 051]  average training loss: 6208.0246
cellbender:remove-background: [epoch 052]  average training loss: 6207.4928
cellbender:remove-background: [epoch 053]  average training loss: 6204.9522
cellbender:remove-background: [epoch 054]  average training loss: 6198.1481
cellbender:remove-background: [epoch 055]  average training loss: 6196.0366
cellbender:remove-background: [epoch 055] average test loss: 6034.8913
cellbender:remove-background: [epoch 056]  average training loss: 6195.2577
cellbender:remove-background: Saving a checkpoint...
cellbender:remove-background: Saved checkpoint as /weka/scratch/scratch/Mon/mabdel03/Tsai_Data/Cellbender_Outputs/10383017/ckpt.tar.gz
cellbender:remove-background: [epoch 057]  average training loss: 6193.2541
cellbender:remove-background: [epoch 058]  average training loss: 6191.9581
cellbender:remove-background: [epoch 059]  average training loss: 6192.6907
cellbender:remove-background: [epoch 060]  average training loss: 6190.8658
cellbender:remove-background: [epoch 060] average test loss: 6047.8864
cellbender:remove-background: [epoch 061]  average training loss: 6191.4892
cellbender:remove-background: [epoch 062]  average training loss: 6188.9941
cellbender:remove-background: [epoch 063]  average training loss: 6184.2949
cellbender:remove-background: [epoch 064]  average training loss: 6184.2456
cellbender:remove-background: [epoch 065]  average training loss: 6179.5906
cellbender:remove-background: [epoch 065] average test loss: 6041.6488
cellbender:remove-background: [epoch 066]  average training loss: 6179.3532
cellbender:remove-background: [epoch 067]  average training loss: 6173.2277
cellbender:remove-background: [epoch 068]  average training loss: 6180.0748
cellbender:remove-background: [epoch 069]  average training loss: 6174.4429
cellbender:remove-background: [epoch 070]  average training loss: 6174.2814
cellbender:remove-background: [epoch 070] average test loss: 6010.5129
cellbender:remove-background: [epoch 071]  average training loss: 6160.0491
cellbender:remove-background: [epoch 072]  average training loss: 6158.8750
cellbender:remove-background: [epoch 073]  average training loss: 6153.3148
cellbender:remove-background: [epoch 074]  average training loss: 6150.2415
cellbender:remove-background: [epoch 075]  average training loss: 6150.0560
cellbender:remove-background: [epoch 075] average test loss: 5998.4302
cellbender:remove-background: [epoch 076]  average training loss: 6146.7944
cellbender:remove-background: [epoch 077]  average training loss: 6146.3922
cellbender:remove-background: [epoch 078]  average training loss: 6145.3679
cellbender:remove-background: [epoch 079]  average training loss: 6143.5846
cellbender:remove-background: [epoch 080]  average training loss: 6137.5853
cellbender:remove-background: [epoch 080] average test loss: 5997.3470
cellbender:remove-background: [epoch 081]  average training loss: 6136.0473
cellbender:remove-background: [epoch 082]  average training loss: 6137.9184
cellbender:remove-background: [epoch 083]  average training loss: 6136.2974
cellbender:remove-background: [epoch 084]  average training loss: 6135.1876
cellbender:remove-background: [epoch 085]  average training loss: 6131.6405
cellbender:remove-background: [epoch 085] average test loss: 5985.8234
cellbender:remove-background: [epoch 086]  average training loss: 6129.3624
cellbender:remove-background: [epoch 087]  average training loss: 6131.9208
cellbender:remove-background: [epoch 088]  average training loss: 6129.2001
cellbender:remove-background: [epoch 089]  average training loss: 6124.9893
cellbender:remove-background: [epoch 090]  average training loss: 6131.5720
cellbender:remove-background: [epoch 090] average test loss: 5985.1116
cellbender:remove-background: [epoch 091]  average training loss: 6130.7195
cellbender:remove-background: [epoch 092]  average training loss: 6122.9830
cellbender:remove-background: [epoch 093]  average training loss: 6118.7058
cellbender:remove-background: [epoch 094]  average training loss: 6119.4841
cellbender:remove-background: [epoch 095]  average training loss: 6119.0820
cellbender:remove-background: [epoch 095] average test loss: 6007.3885
cellbender:remove-background: [epoch 096]  average training loss: 6113.5064
cellbender:remove-background: [epoch 097]  average training loss: 6119.4262
cellbender:remove-background: [epoch 098]  average training loss: 6115.2380
cellbender:remove-background: [epoch 099]  average training loss: 6117.8205
cellbender:remove-background: [epoch 100]  average training loss: 6115.0392
cellbender:remove-background: [epoch 100] average test loss: 5976.7357
cellbender:remove-background: [epoch 101]  average training loss: 6119.1430
cellbender:remove-background: [epoch 102]  average training loss: 6115.4784
cellbender:remove-background: [epoch 103]  average training loss: 6115.4639
cellbender:remove-background: [epoch 104]  average training loss: 6109.4308
cellbender:remove-background: [epoch 105]  average training loss: 6115.3599
cellbender:remove-background: [epoch 105] average test loss: 6008.4634
cellbender:remove-background: [epoch 106]  average training loss: 6118.4692
cellbender:remove-background: [epoch 107]  average training loss: 6112.2679
cellbender:remove-background: [epoch 108]  average training loss: 6115.4442
cellbender:remove-background: [epoch 109]  average training loss: 6118.3721
cellbender:remove-background: [epoch 110]  average training loss: 6121.7732
cellbender:remove-background: [epoch 110] average test loss: 6012.7720
cellbender:remove-background: [epoch 111]  average training loss: 6112.8831
cellbender:remove-background: [epoch 112]  average training loss: 6117.2435
cellbender:remove-background: Saving a checkpoint...
cellbender:remove-background: Saved checkpoint as /weka/scratch/scratch/Mon/mabdel03/Tsai_Data/Cellbender_Outputs/10383017/ckpt.tar.gz
cellbender:remove-background: [epoch 113]  average training loss: 6112.9423
cellbender:remove-background: [epoch 114]  average training loss: 6109.0388
cellbender:remove-background: [epoch 115]  average training loss: 6118.8550
cellbender:remove-background: [epoch 115] average test loss: 5985.1604
cellbender:remove-background: [epoch 116]  average training loss: 6115.8400
cellbender:remove-background: [epoch 117]  average training loss: 6109.5225
cellbender:remove-background: [epoch 118]  average training loss: 6104.6750
cellbender:remove-background: [epoch 119]  average training loss: 6109.8262
cellbender:remove-background: [epoch 120]  average training loss: 6110.6533
cellbender:remove-background: [epoch 120] average test loss: 5990.6919
cellbender:remove-background: [epoch 121]  average training loss: 6110.7361
cellbender:remove-background: [epoch 122]  average training loss: 6093.7294
cellbender:remove-background: [epoch 123]  average training loss: 6103.4617
cellbender:remove-background: [epoch 124]  average training loss: 6106.2517
cellbender:remove-background: [epoch 125]  average training loss: 6112.7618
cellbender:remove-background: [epoch 125] average test loss: 5997.7127
cellbender:remove-background: [epoch 126]  average training loss: 6103.9701
cellbender:remove-background: [epoch 127]  average training loss: 6101.9180
cellbender:remove-background: [epoch 128]  average training loss: 6098.9300
cellbender:remove-background: [epoch 129]  average training loss: 6097.4324
cellbender:remove-background: [epoch 130]  average training loss: 6092.0582
cellbender:remove-background: [epoch 130] average test loss: 5966.5132
cellbender:remove-background: [epoch 131]  average training loss: 6109.0360
cellbender:remove-background: [epoch 132]  average training loss: 6108.2375
cellbender:remove-background: [epoch 133]  average training loss: 6099.5013
cellbender:remove-background: [epoch 134]  average training loss: 6100.2915
cellbender:remove-background: [epoch 135]  average training loss: 6100.3744
cellbender:remove-background: [epoch 135] average test loss: 5978.4553
cellbender:remove-background: [epoch 136]  average training loss: 6099.7236
cellbender:remove-background: [epoch 137]  average training loss: 6104.8184
cellbender:remove-background: [epoch 138]  average training loss: 6097.0418
cellbender:remove-background: [epoch 139]  average training loss: 6095.2438
cellbender:remove-background: [epoch 140]  average training loss: 6094.5389
cellbender:remove-background: [epoch 140] average test loss: 5979.1787
cellbender:remove-background: [epoch 141]  average training loss: 6100.4036
cellbender:remove-background: [epoch 142]  average training loss: 6099.8674
cellbender:remove-background: [epoch 143]  average training loss: 6096.9909
cellbender:remove-background: [epoch 144]  average training loss: 6103.6295
cellbender:remove-background: [epoch 145]  average training loss: 6099.7808
cellbender:remove-background: [epoch 145] average test loss: 5976.7095
cellbender:remove-background: [epoch 146]  average training loss: 6096.1821
cellbender:remove-background: [epoch 147]  average training loss: 6106.1808
cellbender:remove-background: [epoch 148]  average training loss: 6093.5300
cellbender:remove-background: [epoch 149]  average training loss: 6103.4061
cellbender:remove-background: [epoch 150]  average training loss: 6102.2114
cellbender:remove-background: [epoch 150] average test loss: 5977.9271
cellbender:remove-background: Saving a checkpoint...
cellbender:remove-background: Saved checkpoint as /weka/scratch/scratch/Mon/mabdel03/Tsai_Data/Cellbender_Outputs/10383017/ckpt.tar.gz
cellbender:remove-background: 2026-01-31 16:23:01
cellbender:remove-background: Inference procedure complete.
cellbender:remove-background: Attempting to unpack tarball "ckpt.tar.gz" to /tmp/tmp8wl2lj81
cellbender:remove-background: Successfully unpacked tarball to /tmp/tmp8wl2lj81
/tmp/tmp8wl2lj81/b1040f0fc0_random.pyro
/tmp/tmp8wl2lj81/b1040f0fc0_random.cuda
/tmp/tmp8wl2lj81/b1040f0fc0_model.torch
/tmp/tmp8wl2lj81/b1040f0fc0_optim.torch
/tmp/tmp8wl2lj81/b1040f0fc0_optim.pyro
/tmp/tmp8wl2lj81/b1040f0fc0_params.pyro
/tmp/tmp8wl2lj81/b1040f0fc0_train.loaderstate
/tmp/tmp8wl2lj81/b1040f0fc0_test.loaderstate
/tmp/tmp8wl2lj81/b1040f0fc0_args.npy
cellbender:remove-background: Posterior not currently included in checkpoint.
cellbender:remove-background: Computing posterior noise count probabilities in mini-batches.
cellbender:remove-background: Working on chunk (1/78)
cellbender:remove-background:     [0.04 mins per chunk]
cellbender:remove-background: Working on chunk (2/78)
cellbender:remove-background: Working on chunk (3/78)
cellbender:remove-background: Working on chunk (4/78)
cellbender:remove-background: Working on chunk (5/78)
cellbender:remove-background: Working on chunk (6/78)
cellbender:remove-background: Working on chunk (7/78)
cellbender:remove-background: Working on chunk (8/78)
cellbender:remove-background: Working on chunk (9/78)
cellbender:remove-background: Working on chunk (10/78)
cellbender:remove-background: Working on chunk (11/78)
cellbender:remove-background: Working on chunk (12/78)
cellbender:remove-background: Working on chunk (13/78)
cellbender:remove-background: Working on chunk (14/78)
cellbender:remove-background: Working on chunk (15/78)
cellbender:remove-background: Working on chunk (16/78)
cellbender:remove-background: Working on chunk (17/78)
cellbender:remove-background: Working on chunk (18/78)
cellbender:remove-background: Working on chunk (19/78)
cellbender:remove-background: Working on chunk (20/78)
cellbender:remove-background: Working on chunk (21/78)
cellbender:remove-background: Working on chunk (22/78)
cellbender:remove-background: Working on chunk (23/78)
cellbender:remove-background: Working on chunk (24/78)
cellbender:remove-background: Working on chunk (25/78)
cellbender:remove-background: Working on chunk (26/78)
cellbender:remove-background: Working on chunk (27/78)
cellbender:remove-background: Working on chunk (28/78)
cellbender:remove-background: Working on chunk (29/78)
cellbender:remove-background: Working on chunk (30/78)
cellbender:remove-background: Working on chunk (31/78)
cellbender:remove-background: Working on chunk (32/78)
cellbender:remove-background: Working on chunk (33/78)
cellbender:remove-background: Working on chunk (34/78)
cellbender:remove-background: Working on chunk (35/78)
cellbender:remove-background: Working on chunk (36/78)
cellbender:remove-background: Working on chunk (37/78)
cellbender:remove-background: Working on chunk (38/78)
cellbender:remove-background: Working on chunk (39/78)
cellbender:remove-background: Working on chunk (40/78)
cellbender:remove-background: Working on chunk (41/78)
cellbender:remove-background: Working on chunk (42/78)
cellbender:remove-background: Working on chunk (43/78)
cellbender:remove-background: Working on chunk (44/78)
cellbender:remove-background: Working on chunk (45/78)
cellbender:remove-background: Working on chunk (46/78)
cellbender:remove-background: Working on chunk (47/78)
cellbender:remove-background: Working on chunk (48/78)
cellbender:remove-background: Working on chunk (49/78)
cellbender:remove-background: Working on chunk (50/78)
cellbender:remove-background: Working on chunk (51/78)
cellbender:remove-background: Working on chunk (52/78)
cellbender:remove-background: Working on chunk (53/78)
cellbender:remove-background: Working on chunk (54/78)
cellbender:remove-background: Working on chunk (55/78)
cellbender:remove-background: Working on chunk (56/78)
cellbender:remove-background: Working on chunk (57/78)
cellbender:remove-background: Working on chunk (58/78)
cellbender:remove-background: Working on chunk (59/78)
cellbender:remove-background: Working on chunk (60/78)
cellbender:remove-background: Working on chunk (61/78)
cellbender:remove-background: Working on chunk (62/78)
cellbender:remove-background: Working on chunk (63/78)
cellbender:remove-background: Working on chunk (64/78)
cellbender:remove-background: Working on chunk (65/78)
cellbender:remove-background: Working on chunk (66/78)
cellbender:remove-background: Working on chunk (67/78)
cellbender:remove-background: Working on chunk (68/78)
cellbender:remove-background: Working on chunk (69/78)
cellbender:remove-background: Working on chunk (70/78)
cellbender:remove-background: Working on chunk (71/78)
cellbender:remove-background: Working on chunk (72/78)
cellbender:remove-background: Working on chunk (73/78)
cellbender:remove-background: Working on chunk (74/78)
cellbender:remove-background: Working on chunk (75/78)
cellbender:remove-background: Working on chunk (76/78)
cellbender:remove-background: Working on chunk (77/78)
cellbender:remove-background: Working on chunk (78/78)
cellbender:remove-background: Writing full posterior to /om/scratch/Mon/mabdel03/Tsai_Data/Cellbender_Outputs/10383017/processed_feature_bc_matrix_posterior.h5
Traceback (most recent call last):
  File "/om2/user/mabdel03/conda_envs/Cellbender_env/bin/cellbender", line 8, in <module>
    sys.exit(main())
  File "/om2/user/mabdel03/conda_envs/Cellbender_env/lib/python3.7/site-packages/cellbender/base_cli.py", line 118, in main
    cli_dict[args.tool].run(args)
  File "/om2/user/mabdel03/conda_envs/Cellbender_env/lib/python3.7/site-packages/cellbender/remove_background/cli.py", line 185, in run
    return main(args)
  File "/om2/user/mabdel03/conda_envs/Cellbender_env/lib/python3.7/site-packages/cellbender/remove_background/cli.py", line 230, in main
    posterior = run_remove_background(args)
  File "/om2/user/mabdel03/conda_envs/Cellbender_env/lib/python3.7/site-packages/cellbender/remove_background/run.py", line 107, in run_remove_background
    args=args,
  File "/om2/user/mabdel03/conda_envs/Cellbender_env/lib/python3.7/site-packages/cellbender/remove_background/posterior.py", line 130, in load_or_compute_posterior_and_save
    saved = posterior.save(file=posterior_file)
  File "/om2/user/mabdel03/conda_envs/Cellbender_env/lib/python3.7/site-packages/cellbender/remove_background/posterior.py", line 234, in save
    return write_posterior_coo_to_h5(output_file=file, **d)
  File "/om2/user/mabdel03/conda_envs/Cellbender_env/lib/python3.7/site-packages/cellbender/remove_background/data/io.py", line 275, in write_posterior_coo_to_h5
    title="CellBender remove-background posterior noise count probabilities"
  File "/om2/user/mabdel03/conda_envs/Cellbender_env/lib/python3.7/site-packages/tables/file.py", line 300, in open_file
    return File(filename, mode, title, root_uep, filters, **kwargs)
  File "/om2/user/mabdel03/conda_envs/Cellbender_env/lib/python3.7/site-packages/tables/file.py", line 750, in __init__
    self._g_new(filename, mode, **params)
  File "tables/hdf5extension.pyx", line 486, in tables.hdf5extension.File._g_new
tables.exceptions.HDF5ExtError: HDF5 error back trace

  File "H5F.c", line 532, in H5Fcreate
    unable to create file
  File "H5VLcallback.c", line 3282, in H5VL_file_create
    file create failed
  File "H5VLcallback.c", line 3248, in H5VL__file_create
    file create failed
  File "H5VLnative_file.c", line 63, in H5VL__native_file_create
    unable to create file
  File "H5Fint.c", line 1898, in H5F_open
    unable to lock the file
  File "H5FD.c", line 1625, in H5FD_lock
    driver lock request failed
  File "H5FDsec2.c", line 1002, in H5FD__sec2_lock
    unable to lock file, errno = 5, error message = 'Input/output error'

End of HDF5 error back trace

Unable to open/create file '/om/scratch/Mon/mabdel03/Tsai_Data/Cellbender_Outputs/10383017/processed_feature_bc_matrix_posterior.h5'
