cellbender:remove-background: Command:
cellbender remove-background --cuda --input /tmp/cellbender_44648308_43/raw_feature_bc_matrix.h5 --fpr 0 --output /om/scratch/Mon/mabdel03/Tsai_Data/Cellbender_Outputs/11157783/processed_feature_bc_matrix.h5
cellbender:remove-background: CellBender 0.3.0
cellbender:remove-background: (Workflow hash 708e803d70)
cellbender:remove-background: 2026-01-31 17:06:24
cellbender:remove-background: Running remove-background
cellbender:remove-background: Loading data from /tmp/cellbender_44648308_43/raw_feature_bc_matrix.h5
cellbender:remove-background: CellRanger v3 format
cellbender:remove-background: Features in dataset: 36601 Gene Expression
cellbender:remove-background: Trimming features for inference.
cellbender:remove-background: 31592 features have nonzero counts.
cellbender:remove-background: Prior on counts for cells is 6699
cellbender:remove-background: Prior on counts for empty droplets is 80
cellbender:remove-background: Excluding 9803 features that are estimated to have <= 0.1 background counts in cells.
cellbender:remove-background: Including 21789 features in the analysis.
cellbender:remove-background: Trimming barcodes for inference.
cellbender:remove-background: Excluding barcodes with counts below 40
cellbender:remove-background: Using 2976 probable cell barcodes, plus an additional 11711 barcodes, and 69235 empty droplets.
cellbender:remove-background: Largest surely-empty droplet has 98 UMI counts.
cellbender:remove-background: Attempting to unpack tarball "ckpt.tar.gz" to /tmp/tmpl4diovg5
cellbender:remove-background: No saved checkpoint.
cellbender:remove-background: No checkpoint loaded.
cellbender:remove-background: Running inference...
cellbender:remove-background: [epoch 001]  average training loss: 8097.5274
cellbender:remove-background: [epoch 002]  average training loss: 6509.7115  (4.8 seconds per epoch)
cellbender:remove-background: Will checkpoint every 88 epochs
cellbender:remove-background: [epoch 003]  average training loss: 5425.6480
cellbender:remove-background: [epoch 004]  average training loss: 4897.3230
cellbender:remove-background: [epoch 005]  average training loss: 4519.4763
cellbender:remove-background: [epoch 005] average test loss: 4435.9169
cellbender:remove-background: [epoch 006]  average training loss: 4306.9563
cellbender:remove-background: [epoch 007]  average training loss: 4318.8806
cellbender:remove-background: [epoch 008]  average training loss: 4257.3763
cellbender:remove-background: [epoch 009]  average training loss: 4215.1251
cellbender:remove-background: [epoch 010]  average training loss: 4221.5068
cellbender:remove-background: [epoch 010] average test loss: 4056.6927
cellbender:remove-background: [epoch 011]  average training loss: 4175.9967
cellbender:remove-background: [epoch 012]  average training loss: 4153.4461
cellbender:remove-background: [epoch 013]  average training loss: 4025.4266
cellbender:remove-background: [epoch 014]  average training loss: 3931.2470
cellbender:remove-background: [epoch 015]  average training loss: 3924.2840
cellbender:remove-background: [epoch 015] average test loss: 3796.3125
cellbender:remove-background: [epoch 016]  average training loss: 3901.1729
cellbender:remove-background: [epoch 017]  average training loss: 3895.9151
cellbender:remove-background: [epoch 018]  average training loss: 3879.8683
cellbender:remove-background: [epoch 019]  average training loss: 3877.9056
cellbender:remove-background: [epoch 020]  average training loss: 3846.4213
cellbender:remove-background: [epoch 020] average test loss: 3750.5410
cellbender:remove-background: [epoch 021]  average training loss: 3842.4672
cellbender:remove-background: [epoch 022]  average training loss: 3828.6136
cellbender:remove-background: [epoch 023]  average training loss: 3842.7511
cellbender:remove-background: [epoch 024]  average training loss: 3822.0484
cellbender:remove-background: [epoch 025]  average training loss: 3803.9572
cellbender:remove-background: [epoch 025] average test loss: 3696.4670
cellbender:remove-background: [epoch 026]  average training loss: 3789.0730
cellbender:remove-background: [epoch 027]  average training loss: 3773.5859
cellbender:remove-background: [epoch 028]  average training loss: 3761.2097
cellbender:remove-background: [epoch 029]  average training loss: 3744.4350
cellbender:remove-background: [epoch 030]  average training loss: 3736.8952
cellbender:remove-background: [epoch 030] average test loss: 3635.6447
cellbender:remove-background: [epoch 031]  average training loss: 3731.0144
cellbender:remove-background: [epoch 032]  average training loss: 3724.4528
cellbender:remove-background: [epoch 033]  average training loss: 3715.9072
cellbender:remove-background: [epoch 034]  average training loss: 3712.2349
cellbender:remove-background: [epoch 035]  average training loss: 3704.3611
cellbender:remove-background: [epoch 035] average test loss: 3608.6093
cellbender:remove-background: [epoch 036]  average training loss: 3702.4461
cellbender:remove-background: [epoch 037]  average training loss: 3699.3561
cellbender:remove-background: [epoch 038]  average training loss: 3695.9595
cellbender:remove-background: [epoch 039]  average training loss: 3692.1504
cellbender:remove-background: [epoch 040]  average training loss: 3690.8125
cellbender:remove-background: [epoch 040] average test loss: 3595.4043
cellbender:remove-background: [epoch 041]  average training loss: 3689.9132
cellbender:remove-background: [epoch 042]  average training loss: 3685.3184
cellbender:remove-background: [epoch 043]  average training loss: 3682.1497
cellbender:remove-background: [epoch 044]  average training loss: 3677.8800
cellbender:remove-background: [epoch 045]  average training loss: 3674.8374
cellbender:remove-background: [epoch 045] average test loss: 3571.8815
cellbender:remove-background: [epoch 046]  average training loss: 3671.4969
cellbender:remove-background: [epoch 047]  average training loss: 3664.9509
cellbender:remove-background: [epoch 048]  average training loss: 3663.8705
cellbender:remove-background: [epoch 049]  average training loss: 3661.5741
cellbender:remove-background: [epoch 050]  average training loss: 3660.3295
cellbender:remove-background: [epoch 050] average test loss: 3562.7713
cellbender:remove-background: [epoch 051]  average training loss: 3652.3282
cellbender:remove-background: [epoch 052]  average training loss: 3653.4299
cellbender:remove-background: [epoch 053]  average training loss: 3653.0015
cellbender:remove-background: [epoch 054]  average training loss: 3649.3184
cellbender:remove-background: [epoch 055]  average training loss: 3648.5549
cellbender:remove-background: [epoch 055] average test loss: 3552.1057
cellbender:remove-background: [epoch 056]  average training loss: 3646.9692
cellbender:remove-background: [epoch 057]  average training loss: 3644.4137
cellbender:remove-background: [epoch 058]  average training loss: 3644.7106
cellbender:remove-background: [epoch 059]  average training loss: 3642.8149
cellbender:remove-background: [epoch 060]  average training loss: 3642.6170
cellbender:remove-background: [epoch 060] average test loss: 3544.6739
cellbender:remove-background: [epoch 061]  average training loss: 3641.2639
cellbender:remove-background: [epoch 062]  average training loss: 3641.2164
cellbender:remove-background: [epoch 063]  average training loss: 3636.5989
cellbender:remove-background: [epoch 064]  average training loss: 3637.9108
cellbender:remove-background: [epoch 065]  average training loss: 3639.9775
cellbender:remove-background: [epoch 065] average test loss: 3537.2472
cellbender:remove-background: [epoch 066]  average training loss: 3637.1810
cellbender:remove-background: [epoch 067]  average training loss: 3637.3219
cellbender:remove-background: [epoch 068]  average training loss: 3640.6951
cellbender:remove-background: [epoch 069]  average training loss: 3637.9939
cellbender:remove-background: [epoch 070]  average training loss: 3637.9721
cellbender:remove-background: [epoch 070] average test loss: 3528.1364
cellbender:remove-background: [epoch 071]  average training loss: 3635.9568
cellbender:remove-background: [epoch 072]  average training loss: 3634.5586
cellbender:remove-background: [epoch 073]  average training loss: 3636.8082
cellbender:remove-background: [epoch 074]  average training loss: 3635.1403
cellbender:remove-background: [epoch 075]  average training loss: 3637.4546
cellbender:remove-background: [epoch 075] average test loss: 3552.9762
cellbender:remove-background: [epoch 076]  average training loss: 3636.3989
cellbender:remove-background: [epoch 077]  average training loss: 3640.5213
cellbender:remove-background: [epoch 078]  average training loss: 3640.1309
cellbender:remove-background: [epoch 079]  average training loss: 3639.7874
cellbender:remove-background: [epoch 080]  average training loss: 3638.8468
cellbender:remove-background: [epoch 080] average test loss: 3538.3859
cellbender:remove-background: [epoch 081]  average training loss: 3638.8251
cellbender:remove-background: [epoch 082]  average training loss: 3632.8035
cellbender:remove-background: [epoch 083]  average training loss: 3637.0836
cellbender:remove-background: [epoch 084]  average training loss: 3642.2230
cellbender:remove-background: [epoch 085]  average training loss: 3640.7779
cellbender:remove-background: [epoch 085] average test loss: 3536.6454
cellbender:remove-background: [epoch 086]  average training loss: 3638.5688
cellbender:remove-background: [epoch 087]  average training loss: 3637.1989
cellbender:remove-background: [epoch 088]  average training loss: 3639.4869
cellbender:remove-background: Saving a checkpoint...
cellbender:remove-background: Saved checkpoint as /weka/scratch/scratch/Mon/mabdel03/Tsai_Data/Cellbender_Outputs/11157783/ckpt.tar.gz
cellbender:remove-background: [epoch 089]  average training loss: 3638.0096
cellbender:remove-background: [epoch 090]  average training loss: 3640.0733
cellbender:remove-background: [epoch 090] average test loss: 3564.8859
cellbender:remove-background: [epoch 091]  average training loss: 3642.8926
cellbender:remove-background: [epoch 092]  average training loss: 3638.7802
cellbender:remove-background: [epoch 093]  average training loss: 3635.1249
cellbender:remove-background: [epoch 094]  average training loss: 3633.2336
cellbender:remove-background: [epoch 095]  average training loss: 3637.5491
cellbender:remove-background: [epoch 095] average test loss: 3580.6085
cellbender:remove-background: [epoch 096]  average training loss: 3641.0284
cellbender:remove-background: [epoch 097]  average training loss: 3636.4674
cellbender:remove-background: [epoch 098]  average training loss: 3637.7855
cellbender:remove-background: [epoch 099]  average training loss: 3635.6089
cellbender:remove-background: [epoch 100]  average training loss: 3637.0035
cellbender:remove-background: [epoch 100] average test loss: 3570.8394
cellbender:remove-background: [epoch 101]  average training loss: 3636.2182
cellbender:remove-background: [epoch 102]  average training loss: 3640.2304
cellbender:remove-background: [epoch 103]  average training loss: 3632.6384
cellbender:remove-background: [epoch 104]  average training loss: 3637.5036
cellbender:remove-background: [epoch 105]  average training loss: 3634.9853
cellbender:remove-background: [epoch 105] average test loss: 3556.5582
cellbender:remove-background: [epoch 106]  average training loss: 3634.5367
cellbender:remove-background: [epoch 107]  average training loss: 3633.4376
cellbender:remove-background: [epoch 108]  average training loss: 3632.3355
cellbender:remove-background: [epoch 109]  average training loss: 3638.2182
cellbender:remove-background: [epoch 110]  average training loss: 3632.4837
cellbender:remove-background: [epoch 110] average test loss: 3566.1329
cellbender:remove-background: [epoch 111]  average training loss: 3637.4269
cellbender:remove-background: [epoch 112]  average training loss: 3634.7159
cellbender:remove-background: [epoch 113]  average training loss: 3633.1465
cellbender:remove-background: [epoch 114]  average training loss: 3630.8590
cellbender:remove-background: [epoch 115]  average training loss: 3631.4673
cellbender:remove-background: [epoch 115] average test loss: 3563.4745
cellbender:remove-background: [epoch 116]  average training loss: 3632.6547
cellbender:remove-background: [epoch 117]  average training loss: 3633.9160
cellbender:remove-background: [epoch 118]  average training loss: 3625.2719
cellbender:remove-background: [epoch 119]  average training loss: 3633.0813
cellbender:remove-background: [epoch 120]  average training loss: 3627.8032
cellbender:remove-background: [epoch 120] average test loss: 3552.0051
cellbender:remove-background: [epoch 121]  average training loss: 3627.1903
cellbender:remove-background: [epoch 122]  average training loss: 3629.1633
cellbender:remove-background: [epoch 123]  average training loss: 3628.7405
cellbender:remove-background: [epoch 124]  average training loss: 3628.1601
cellbender:remove-background: [epoch 125]  average training loss: 3626.4071
cellbender:remove-background: [epoch 125] average test loss: 3559.3016
cellbender:remove-background: [epoch 126]  average training loss: 3628.3074
cellbender:remove-background: [epoch 127]  average training loss: 3627.0601
cellbender:remove-background: [epoch 128]  average training loss: 3626.6073
cellbender:remove-background: [epoch 129]  average training loss: 3628.3279
cellbender:remove-background: [epoch 130]  average training loss: 3623.0895
cellbender:remove-background: [epoch 130] average test loss: 3565.2271
cellbender:remove-background: [epoch 131]  average training loss: 3623.8004
cellbender:remove-background: [epoch 132]  average training loss: 3623.5277
cellbender:remove-background: [epoch 133]  average training loss: 3628.8418
cellbender:remove-background: [epoch 134]  average training loss: 3621.7137
cellbender:remove-background: [epoch 135]  average training loss: 3625.9658
cellbender:remove-background: [epoch 135] average test loss: 3569.1803
cellbender:remove-background: [epoch 136]  average training loss: 3624.9644
cellbender:remove-background: [epoch 137]  average training loss: 3626.3256
cellbender:remove-background: [epoch 138]  average training loss: 3625.0081
cellbender:remove-background: [epoch 139]  average training loss: 3622.4222
cellbender:remove-background: [epoch 140]  average training loss: 3623.0468
cellbender:remove-background: [epoch 140] average test loss: 3560.0848
cellbender:remove-background: [epoch 141]  average training loss: 3624.6435
cellbender:remove-background: [epoch 142]  average training loss: 3622.5295
cellbender:remove-background: [epoch 143]  average training loss: 3622.9490
cellbender:remove-background: [epoch 144]  average training loss: 3622.1224
cellbender:remove-background: [epoch 145]  average training loss: 3623.1799
cellbender:remove-background: [epoch 145] average test loss: 3565.2140
cellbender:remove-background: [epoch 146]  average training loss: 3623.9992
cellbender:remove-background: [epoch 147]  average training loss: 3623.3060
cellbender:remove-background: [epoch 148]  average training loss: 3621.8556
cellbender:remove-background: [epoch 149]  average training loss: 3624.0337
cellbender:remove-background: [epoch 150]  average training loss: 3623.5130
cellbender:remove-background: [epoch 150] average test loss: 3564.3325
cellbender:remove-background: Saving a checkpoint...
cellbender:remove-background: Saved checkpoint as /weka/scratch/scratch/Mon/mabdel03/Tsai_Data/Cellbender_Outputs/11157783/ckpt.tar.gz
cellbender:remove-background: 2026-01-31 17:20:57
cellbender:remove-background: Inference procedure complete.
cellbender:remove-background: Attempting to unpack tarball "ckpt.tar.gz" to /tmp/tmpu9pxhjie
cellbender:remove-background: Successfully unpacked tarball to /tmp/tmpu9pxhjie
/tmp/tmpu9pxhjie/708e803d70_random.pyro
/tmp/tmpu9pxhjie/708e803d70_random.cuda
/tmp/tmpu9pxhjie/708e803d70_model.torch
/tmp/tmpu9pxhjie/708e803d70_optim.torch
/tmp/tmpu9pxhjie/708e803d70_optim.pyro
/tmp/tmpu9pxhjie/708e803d70_params.pyro
/tmp/tmpu9pxhjie/708e803d70_train.loaderstate
/tmp/tmpu9pxhjie/708e803d70_test.loaderstate
/tmp/tmpu9pxhjie/708e803d70_args.npy
cellbender:remove-background: Posterior not currently included in checkpoint.
cellbender:remove-background: Computing posterior noise count probabilities in mini-batches.
cellbender:remove-background: Working on chunk (1/54)
cellbender:remove-background:     [0.04 mins per chunk]
cellbender:remove-background: Working on chunk (2/54)
cellbender:remove-background: Working on chunk (3/54)
cellbender:remove-background: Working on chunk (4/54)
cellbender:remove-background: Working on chunk (5/54)
cellbender:remove-background: Working on chunk (6/54)
cellbender:remove-background: Working on chunk (7/54)
cellbender:remove-background: Working on chunk (8/54)
cellbender:remove-background: Working on chunk (9/54)
cellbender:remove-background: Working on chunk (10/54)
cellbender:remove-background: Working on chunk (11/54)
cellbender:remove-background: Working on chunk (12/54)
cellbender:remove-background: Working on chunk (13/54)
cellbender:remove-background: Working on chunk (14/54)
cellbender:remove-background: Working on chunk (15/54)
cellbender:remove-background: Working on chunk (16/54)
cellbender:remove-background: Working on chunk (17/54)
cellbender:remove-background: Working on chunk (18/54)
cellbender:remove-background: Working on chunk (19/54)
cellbender:remove-background: Working on chunk (20/54)
cellbender:remove-background: Working on chunk (21/54)
cellbender:remove-background: Working on chunk (22/54)
cellbender:remove-background: Working on chunk (23/54)
cellbender:remove-background: Working on chunk (24/54)
cellbender:remove-background: Working on chunk (25/54)
cellbender:remove-background: Working on chunk (26/54)
cellbender:remove-background: Working on chunk (27/54)
cellbender:remove-background: Working on chunk (28/54)
cellbender:remove-background: Working on chunk (29/54)
cellbender:remove-background: Working on chunk (30/54)
cellbender:remove-background: Working on chunk (31/54)
cellbender:remove-background: Working on chunk (32/54)
cellbender:remove-background: Working on chunk (33/54)
cellbender:remove-background: Working on chunk (34/54)
cellbender:remove-background: Working on chunk (35/54)
cellbender:remove-background: Working on chunk (36/54)
cellbender:remove-background: Working on chunk (37/54)
cellbender:remove-background: Working on chunk (38/54)
cellbender:remove-background: Working on chunk (39/54)
cellbender:remove-background: Working on chunk (40/54)
cellbender:remove-background: Working on chunk (41/54)
cellbender:remove-background: Working on chunk (42/54)
cellbender:remove-background: Working on chunk (43/54)
cellbender:remove-background: Working on chunk (44/54)
cellbender:remove-background: Working on chunk (45/54)
cellbender:remove-background: Working on chunk (46/54)
cellbender:remove-background: Working on chunk (47/54)
cellbender:remove-background: Working on chunk (48/54)
cellbender:remove-background: Working on chunk (49/54)
cellbender:remove-background: Working on chunk (50/54)
cellbender:remove-background: Working on chunk (51/54)
cellbender:remove-background: Working on chunk (52/54)
cellbender:remove-background: Working on chunk (53/54)
cellbender:remove-background: Working on chunk (54/54)
cellbender:remove-background: Writing full posterior to /om/scratch/Mon/mabdel03/Tsai_Data/Cellbender_Outputs/11157783/processed_feature_bc_matrix_posterior.h5
cellbender:remove-background: Succeeded in writing posterior to file /om/scratch/Mon/mabdel03/Tsai_Data/Cellbender_Outputs/11157783/processed_feature_bc_matrix_posterior.h5
cellbender:remove-background: Added posterior object to checkpoint file.
cellbender:remove-background: 2026-01-31 17:25:06

cellbender:remove-background: Saved summary plots as /om/scratch/Mon/mabdel03/Tsai_Data/Cellbender_Outputs/11157783/processed_feature_bc_matrix.pdf
cellbender:remove-background: Saved cell barcodes in /om/scratch/Mon/mabdel03/Tsai_Data/Cellbender_Outputs/11157783/processed_feature_bc_matrix_cell_barcodes.csv
cellbender:remove-background: Computing target noise counts per gene for MCKP estimator
cellbender:remove-background: Using MCKP noise targets computed for FPR 0.0
cellbender:remove-background: Computing denoised counts using mckp estimator
cellbender:remove-background: Working on chunk (1/7)
cellbender:remove-background:     [1.53 mins per chunk]
cellbender:remove-background: Working on chunk (2/7)
cellbender:remove-background: Working on chunk (3/7)
cellbender:remove-background: Working on chunk (4/7)
cellbender:remove-background: Working on chunk (5/7)
cellbender:remove-background: Working on chunk (6/7)
cellbender:remove-background: Working on chunk (7/7)
cellbender:remove-background: 2026-01-31 17:36:26 Total MCKP estimation time = 646.11 sec
cellbender:remove-background: Succeeded in writing CellRanger format output to file /om/scratch/Mon/mabdel03/Tsai_Data/Cellbender_Outputs/11157783/processed_feature_bc_matrix.h5
cellbender:remove-background: Succeeded in writing CellRanger format output to file /om/scratch/Mon/mabdel03/Tsai_Data/Cellbender_Outputs/11157783/processed_feature_bc_matrix_filtered.h5
cellbender:remove-background: Saved output metrics as /om/scratch/Mon/mabdel03/Tsai_Data/Cellbender_Outputs/11157783/processed_feature_bc_matrix_metrics.csv
[NbConvertApp] Converting notebook tmp.report.ipynb to notebook
[NbConvertApp] Writing 523929 bytes to tmp.report.nbconvert.ipynb
[NbConvertApp] Converting notebook tmp.report.nbconvert.ipynb to html
[NbConvertApp] Writing 1098616 bytes to tmp.report.nbconvert.html
cellbender:remove-background: Succeeded in writing report to /om/scratch/Mon/mabdel03/Tsai_Data/Cellbender_Outputs/11157783/processed_feature_bc_matrix_report.html
cellbender:remove-background: Completed remove-background.
cellbender:remove-background: 2026-01-31 17:37:05

