cellbender:remove-background: Command:
cellbender remove-background --cuda --input /om/scratch/Mon/mabdel03/Tsai_Data/Cellranger_Outputs/50402567/outs/raw_feature_bc_matrix.h5 --fpr 0 --output /om/scratch/Mon/mabdel03/Tsai_Data/Cellbender_Outputs/50402567/processed_feature_bc_matrix.h5
cellbender:remove-background: CellBender 0.3.0
cellbender:remove-background: (Workflow hash 425aa4bf91)
cellbender:remove-background: 2026-02-01 23:45:12
cellbender:remove-background: Running remove-background
cellbender:remove-background: Loading data from /om/scratch/Mon/mabdel03/Tsai_Data/Cellranger_Outputs/50402567/outs/raw_feature_bc_matrix.h5
cellbender:remove-background: CellRanger v3 format
cellbender:remove-background: Features in dataset: 36601 Gene Expression
cellbender:remove-background: Trimming features for inference.
cellbender:remove-background: 31728 features have nonzero counts.
cellbender:remove-background: Prior on counts for cells is 11238
cellbender:remove-background: Prior on counts for empty droplets is 120
cellbender:remove-background: Excluding 8762 features that are estimated to have <= 0.1 background counts in cells.
cellbender:remove-background: Including 22966 features in the analysis.
cellbender:remove-background: Trimming barcodes for inference.
cellbender:remove-background: Excluding barcodes with counts below 60
cellbender:remove-background: Using 2304 probable cell barcodes, plus an additional 10605 barcodes, and 63678 empty droplets.
cellbender:remove-background: Largest surely-empty droplet has 154 UMI counts.
cellbender:remove-background: Attempting to unpack tarball "ckpt.tar.gz" to /tmp/tmp4ndbas6_
cellbender:remove-background: No saved checkpoint.
cellbender:remove-background: No checkpoint loaded.
cellbender:remove-background: Running inference...
cellbender:remove-background: [epoch 001]  average training loss: 9431.5260
cellbender:remove-background: [epoch 002]  average training loss: 8147.7726  (6.4 seconds per epoch)
cellbender:remove-background: Will checkpoint every 66 epochs
cellbender:remove-background: [epoch 003]  average training loss: 6834.0776
cellbender:remove-background: [epoch 004]  average training loss: 6161.2718
cellbender:remove-background: [epoch 005]  average training loss: 5781.4160
cellbender:remove-background: [epoch 005] average test loss: 5778.1136
cellbender:remove-background: [epoch 006]  average training loss: 5394.6407
cellbender:remove-background: [epoch 007]  average training loss: 5289.6168
cellbender:remove-background: [epoch 008]  average training loss: 5297.7148
cellbender:remove-background: [epoch 009]  average training loss: 5213.2196
cellbender:remove-background: [epoch 010]  average training loss: 5167.9661
cellbender:remove-background: [epoch 010] average test loss: 5102.0455
cellbender:remove-background: [epoch 011]  average training loss: 5197.2449
cellbender:remove-background: [epoch 012]  average training loss: 5105.6343
cellbender:remove-background: [epoch 013]  average training loss: 5058.3766
cellbender:remove-background: [epoch 014]  average training loss: 4940.6367
cellbender:remove-background: [epoch 015]  average training loss: 4900.8329
cellbender:remove-background: [epoch 015] average test loss: 4790.0421
cellbender:remove-background: [epoch 016]  average training loss: 4879.3363
cellbender:remove-background: [epoch 017]  average training loss: 4871.0064
cellbender:remove-background: [epoch 018]  average training loss: 4847.2680
cellbender:remove-background: [epoch 019]  average training loss: 4836.0604
cellbender:remove-background: [epoch 020]  average training loss: 4821.5063
cellbender:remove-background: [epoch 020] average test loss: 4794.1066
cellbender:remove-background: [epoch 021]  average training loss: 4825.0300
cellbender:remove-background: [epoch 022]  average training loss: 4800.1873
cellbender:remove-background: [epoch 023]  average training loss: 4793.0739
cellbender:remove-background: [epoch 024]  average training loss: 4774.9182
cellbender:remove-background: [epoch 025]  average training loss: 4726.1600
cellbender:remove-background: [epoch 025] average test loss: 4615.9792
cellbender:remove-background: [epoch 026]  average training loss: 4704.2613
cellbender:remove-background: [epoch 027]  average training loss: 4668.3588
cellbender:remove-background: [epoch 028]  average training loss: 4649.7691
cellbender:remove-background: [epoch 029]  average training loss: 4642.7964
cellbender:remove-background: [epoch 030]  average training loss: 4628.5749
cellbender:remove-background: [epoch 030] average test loss: 4532.1512
cellbender:remove-background: [epoch 031]  average training loss: 4631.7051
cellbender:remove-background: [epoch 032]  average training loss: 4623.3545
cellbender:remove-background: [epoch 033]  average training loss: 4614.7057
cellbender:remove-background: [epoch 034]  average training loss: 4609.9974
cellbender:remove-background: [epoch 035]  average training loss: 4607.5693
cellbender:remove-background: [epoch 035] average test loss: 4504.0284
cellbender:remove-background: [epoch 036]  average training loss: 4604.3750
cellbender:remove-background: [epoch 037]  average training loss: 4599.1103
cellbender:remove-background: [epoch 038]  average training loss: 4595.1129
cellbender:remove-background: [epoch 039]  average training loss: 4591.6191
cellbender:remove-background: [epoch 040]  average training loss: 4587.5829
cellbender:remove-background: [epoch 040] average test loss: 4483.7056
cellbender:remove-background: [epoch 041]  average training loss: 4586.5354
cellbender:remove-background: [epoch 042]  average training loss: 4581.3314
cellbender:remove-background: [epoch 043]  average training loss: 4576.8869
cellbender:remove-background: [epoch 044]  average training loss: 4573.0057
cellbender:remove-background: [epoch 045]  average training loss: 4568.0204
cellbender:remove-background: [epoch 045] average test loss: 4469.9960
cellbender:remove-background: [epoch 046]  average training loss: 4563.7448
cellbender:remove-background: [epoch 047]  average training loss: 4558.4235
cellbender:remove-background: [epoch 048]  average training loss: 4550.4002
cellbender:remove-background: [epoch 049]  average training loss: 4544.5668
cellbender:remove-background: [epoch 050]  average training loss: 4542.1212
cellbender:remove-background: [epoch 050] average test loss: 4447.3948
cellbender:remove-background: [epoch 051]  average training loss: 4538.9106
cellbender:remove-background: [epoch 052]  average training loss: 4532.6931
cellbender:remove-background: [epoch 053]  average training loss: 4531.7974
cellbender:remove-background: [epoch 054]  average training loss: 4527.6900
cellbender:remove-background: [epoch 055]  average training loss: 4521.4738
cellbender:remove-background: [epoch 055] average test loss: 4439.0179
cellbender:remove-background: [epoch 056]  average training loss: 4521.7898
cellbender:remove-background: [epoch 057]  average training loss: 4515.1366
cellbender:remove-background: [epoch 058]  average training loss: 4511.6601
cellbender:remove-background: [epoch 059]  average training loss: 4507.8300
cellbender:remove-background: [epoch 060]  average training loss: 4508.6466
cellbender:remove-background: [epoch 060] average test loss: 4416.6939
cellbender:remove-background: [epoch 061]  average training loss: 4504.2734
cellbender:remove-background: [epoch 062]  average training loss: 4498.5869
cellbender:remove-background: [epoch 063]  average training loss: 4498.1420
cellbender:remove-background: [epoch 064]  average training loss: 4498.6008
cellbender:remove-background: [epoch 065]  average training loss: 4494.3880
cellbender:remove-background: [epoch 065] average test loss: 4412.1674
cellbender:remove-background: [epoch 066]  average training loss: 4494.6054
cellbender:remove-background: Saving a checkpoint...
cellbender:remove-background: Saved checkpoint as /weka/scratch/scratch/Mon/mabdel03/Tsai_Data/Cellbender_Outputs/50402567/ckpt.tar.gz
cellbender:remove-background: [epoch 067]  average training loss: 4486.7416
cellbender:remove-background: [epoch 068]  average training loss: 4490.9455
cellbender:remove-background: [epoch 069]  average training loss: 4488.4194
cellbender:remove-background: [epoch 070]  average training loss: 4489.0388
cellbender:remove-background: [epoch 070] average test loss: 4430.2780
cellbender:remove-background: [epoch 071]  average training loss: 4486.9467
cellbender:remove-background: [epoch 072]  average training loss: 4485.3143
cellbender:remove-background: [epoch 073]  average training loss: 4482.5266
cellbender:remove-background: [epoch 074]  average training loss: 4481.3883
cellbender:remove-background: [epoch 075]  average training loss: 4485.2545
cellbender:remove-background: [epoch 075] average test loss: 4395.6289
cellbender:remove-background: [epoch 076]  average training loss: 4483.2273
cellbender:remove-background: [epoch 077]  average training loss: 4485.4154
cellbender:remove-background: [epoch 078]  average training loss: 4505.6819
cellbender:remove-background: [epoch 079]  average training loss: 4496.8983
cellbender:remove-background: [epoch 080]  average training loss: 4478.0857
cellbender:remove-background: [epoch 080] average test loss: 4414.6207
cellbender:remove-background: [epoch 081]  average training loss: 4482.6380
cellbender:remove-background: [epoch 082]  average training loss: 4479.2349
cellbender:remove-background: [epoch 083]  average training loss: 4480.0288
cellbender:remove-background: [epoch 084]  average training loss: 4477.3402
cellbender:remove-background: [epoch 085]  average training loss: 4481.4610
cellbender:remove-background: [epoch 085] average test loss: 4406.9515
cellbender:remove-background: [epoch 086]  average training loss: 4487.6490
cellbender:remove-background: [epoch 087]  average training loss: 4483.7412
cellbender:remove-background: [epoch 088]  average training loss: 4492.0780
cellbender:remove-background: [epoch 089]  average training loss: 4489.5994
cellbender:remove-background: [epoch 090]  average training loss: 4488.6254
cellbender:remove-background: [epoch 090] average test loss: 4424.0653
cellbender:remove-background: [epoch 091]  average training loss: 4482.4598
cellbender:remove-background: [epoch 092]  average training loss: 4484.1223
cellbender:remove-background: [epoch 093]  average training loss: 4490.9177
cellbender:remove-background: [epoch 094]  average training loss: 4479.6092
cellbender:remove-background: [epoch 095]  average training loss: 4486.8819
cellbender:remove-background: [epoch 095] average test loss: 4399.8120
cellbender:remove-background: [epoch 096]  average training loss: 4482.8372
cellbender:remove-background: [epoch 097]  average training loss: 4482.6004
cellbender:remove-background: [epoch 098]  average training loss: 4481.7744
cellbender:remove-background: [epoch 099]  average training loss: 4476.8224
cellbender:remove-background: [epoch 100]  average training loss: 4472.5131
cellbender:remove-background: [epoch 100] average test loss: 4424.3687
cellbender:remove-background: [epoch 101]  average training loss: 4477.5462
cellbender:remove-background: [epoch 102]  average training loss: 4476.2142
cellbender:remove-background: [epoch 103]  average training loss: 4470.8734
cellbender:remove-background: [epoch 104]  average training loss: 4476.4788
cellbender:remove-background: [epoch 105]  average training loss: 4482.3564
cellbender:remove-background: [epoch 105] average test loss: 4425.7470
cellbender:remove-background: [epoch 106]  average training loss: 4474.8307
cellbender:remove-background: [epoch 107]  average training loss: 4473.8635
cellbender:remove-background: [epoch 108]  average training loss: 4471.9674
cellbender:remove-background: [epoch 109]  average training loss: 4466.7896
cellbender:remove-background: [epoch 110]  average training loss: 4466.7548
cellbender:remove-background: [epoch 110] average test loss: 4427.3445
cellbender:remove-background: [epoch 111]  average training loss: 4470.1768
cellbender:remove-background: [epoch 112]  average training loss: 4465.2511
cellbender:remove-background: [epoch 113]  average training loss: 4470.7182
cellbender:remove-background: [epoch 114]  average training loss: 4464.9268
cellbender:remove-background: [epoch 115]  average training loss: 4465.5349
cellbender:remove-background: [epoch 115] average test loss: 4420.5589
cellbender:remove-background: [epoch 116]  average training loss: 4463.9110
cellbender:remove-background: [epoch 117]  average training loss: 4462.7641
cellbender:remove-background: [epoch 118]  average training loss: 4462.8440
cellbender:remove-background: [epoch 119]  average training loss: 4464.0460
cellbender:remove-background: [epoch 120]  average training loss: 4471.9744
cellbender:remove-background: [epoch 120] average test loss: 4434.5952
cellbender:remove-background: [epoch 121]  average training loss: 4464.0259
cellbender:remove-background: [epoch 122]  average training loss: 4462.1697
cellbender:remove-background: [epoch 123]  average training loss: 4466.2850
cellbender:remove-background: [epoch 124]  average training loss: 4464.6214
cellbender:remove-background: [epoch 125]  average training loss: 4478.3267
cellbender:remove-background: [epoch 125] average test loss: 4425.8313
cellbender:remove-background: [epoch 126]  average training loss: 4462.5631
cellbender:remove-background: [epoch 127]  average training loss: 4459.4338
cellbender:remove-background: [epoch 128]  average training loss: 4460.5472
cellbender:remove-background: [epoch 129]  average training loss: 4462.2032
cellbender:remove-background: [epoch 130]  average training loss: 4461.6184
cellbender:remove-background: [epoch 130] average test loss: 4422.6561
cellbender:remove-background: [epoch 131]  average training loss: 4465.8449
cellbender:remove-background: [epoch 132]  average training loss: 4461.9121
cellbender:remove-background: Saving a checkpoint...
cellbender:remove-background: Saved checkpoint as /weka/scratch/scratch/Mon/mabdel03/Tsai_Data/Cellbender_Outputs/50402567/ckpt.tar.gz
cellbender:remove-background: [epoch 133]  average training loss: 4462.2566
cellbender:remove-background: [epoch 134]  average training loss: 4454.4450
cellbender:remove-background: [epoch 135]  average training loss: 4461.4206
cellbender:remove-background: [epoch 135] average test loss: 4437.7089
cellbender:remove-background: [epoch 136]  average training loss: 4456.2414
cellbender:remove-background: [epoch 137]  average training loss: 4457.5985
cellbender:remove-background: [epoch 138]  average training loss: 4467.4416
cellbender:remove-background: [epoch 139]  average training loss: 4455.7645
cellbender:remove-background: [epoch 140]  average training loss: 4458.6670
cellbender:remove-background: [epoch 140] average test loss: 4423.3435
cellbender:remove-background: [epoch 141]  average training loss: 4460.3128
cellbender:remove-background: [epoch 142]  average training loss: 4460.4704
cellbender:remove-background: [epoch 143]  average training loss: 4454.6468
cellbender:remove-background: [epoch 144]  average training loss: 4468.6362
cellbender:remove-background: [epoch 145]  average training loss: 4462.0349
cellbender:remove-background: [epoch 145] average test loss: 4432.9248
cellbender:remove-background: [epoch 146]  average training loss: 4461.9103
cellbender:remove-background: [epoch 147]  average training loss: 4459.2766
cellbender:remove-background: [epoch 148]  average training loss: 4465.6822
cellbender:remove-background: [epoch 149]  average training loss: 4457.0425
cellbender:remove-background: [epoch 150]  average training loss: 4458.3693
cellbender:remove-background: [epoch 150] average test loss: 4421.1007
cellbender:remove-background: Saving a checkpoint...
cellbender:remove-background: Saved checkpoint as /weka/scratch/scratch/Mon/mabdel03/Tsai_Data/Cellbender_Outputs/50402567/ckpt.tar.gz
cellbender:remove-background: 2026-02-02 00:05:29
cellbender:remove-background: Inference procedure complete.
cellbender:remove-background: Attempting to unpack tarball "ckpt.tar.gz" to /tmp/tmp984s2tq8
cellbender:remove-background: Successfully unpacked tarball to /tmp/tmp984s2tq8
/tmp/tmp984s2tq8/425aa4bf91_random.pyro
/tmp/tmp984s2tq8/425aa4bf91_random.cuda
/tmp/tmp984s2tq8/425aa4bf91_model.torch
/tmp/tmp984s2tq8/425aa4bf91_optim.torch
/tmp/tmp984s2tq8/425aa4bf91_optim.pyro
/tmp/tmp984s2tq8/425aa4bf91_params.pyro
/tmp/tmp984s2tq8/425aa4bf91_train.loaderstate
/tmp/tmp984s2tq8/425aa4bf91_test.loaderstate
/tmp/tmp984s2tq8/425aa4bf91_args.npy
cellbender:remove-background: Posterior not currently included in checkpoint.
cellbender:remove-background: Computing posterior noise count probabilities in mini-batches.
cellbender:remove-background: Working on chunk (1/40)
cellbender:remove-background:     [0.04 mins per chunk]
cellbender:remove-background: Working on chunk (2/40)
cellbender:remove-background: Working on chunk (3/40)
cellbender:remove-background: Working on chunk (4/40)
cellbender:remove-background: Working on chunk (5/40)
cellbender:remove-background: Working on chunk (6/40)
cellbender:remove-background: Working on chunk (7/40)
cellbender:remove-background: Working on chunk (8/40)
cellbender:remove-background: Working on chunk (9/40)
cellbender:remove-background: Working on chunk (10/40)
cellbender:remove-background: Working on chunk (11/40)
cellbender:remove-background: Working on chunk (12/40)
cellbender:remove-background: Working on chunk (13/40)
cellbender:remove-background: Working on chunk (14/40)
cellbender:remove-background: Working on chunk (15/40)
cellbender:remove-background: Working on chunk (16/40)
cellbender:remove-background: Working on chunk (17/40)
cellbender:remove-background: Working on chunk (18/40)
cellbender:remove-background: Working on chunk (19/40)
cellbender:remove-background: Working on chunk (20/40)
cellbender:remove-background: Working on chunk (21/40)
cellbender:remove-background: Working on chunk (22/40)
cellbender:remove-background: Working on chunk (23/40)
cellbender:remove-background: Working on chunk (24/40)
cellbender:remove-background: Working on chunk (25/40)
cellbender:remove-background: Working on chunk (26/40)
cellbender:remove-background: Working on chunk (27/40)
cellbender:remove-background: Working on chunk (28/40)
cellbender:remove-background: Working on chunk (29/40)
cellbender:remove-background: Working on chunk (30/40)
cellbender:remove-background: Working on chunk (31/40)
cellbender:remove-background: Working on chunk (32/40)
cellbender:remove-background: Working on chunk (33/40)
cellbender:remove-background: Working on chunk (34/40)
cellbender:remove-background: Working on chunk (35/40)
cellbender:remove-background: Working on chunk (36/40)
cellbender:remove-background: Working on chunk (37/40)
cellbender:remove-background: Working on chunk (38/40)
cellbender:remove-background: Working on chunk (39/40)
cellbender:remove-background: Working on chunk (40/40)
cellbender:remove-background: Writing full posterior to /om/scratch/Mon/mabdel03/Tsai_Data/Cellbender_Outputs/50402567/processed_feature_bc_matrix_posterior.h5
cellbender:remove-background: Succeeded in writing posterior to file /om/scratch/Mon/mabdel03/Tsai_Data/Cellbender_Outputs/50402567/processed_feature_bc_matrix_posterior.h5
cellbender:remove-background: Added posterior object to checkpoint file.
cellbender:remove-background: 2026-02-02 00:10:09

cellbender:remove-background: Saved summary plots as /om/scratch/Mon/mabdel03/Tsai_Data/Cellbender_Outputs/50402567/processed_feature_bc_matrix.pdf
cellbender:remove-background: Saved cell barcodes in /om/scratch/Mon/mabdel03/Tsai_Data/Cellbender_Outputs/50402567/processed_feature_bc_matrix_cell_barcodes.csv
cellbender:remove-background: Computing target noise counts per gene for MCKP estimator
cellbender:remove-background: Using MCKP noise targets computed for FPR 0.0
cellbender:remove-background: Computing denoised counts using mckp estimator
cellbender:remove-background: Working on chunk (1/7)
cellbender:remove-background:     [2.43 mins per chunk]
cellbender:remove-background: Working on chunk (2/7)
cellbender:remove-background: Working on chunk (3/7)
cellbender:remove-background: Working on chunk (4/7)
cellbender:remove-background: Working on chunk (5/7)
cellbender:remove-background: Working on chunk (6/7)
cellbender:remove-background: Working on chunk (7/7)
cellbender:remove-background: 2026-02-02 00:27:47 Total MCKP estimation time = 1015.90 sec
cellbender:remove-background: Succeeded in writing CellRanger format output to file /om/scratch/Mon/mabdel03/Tsai_Data/Cellbender_Outputs/50402567/processed_feature_bc_matrix.h5
cellbender:remove-background: Succeeded in writing CellRanger format output to file /om/scratch/Mon/mabdel03/Tsai_Data/Cellbender_Outputs/50402567/processed_feature_bc_matrix_filtered.h5
cellbender:remove-background: Saved output metrics as /om/scratch/Mon/mabdel03/Tsai_Data/Cellbender_Outputs/50402567/processed_feature_bc_matrix_metrics.csv
[NbConvertApp] Converting notebook tmp.report.ipynb to notebook
[NbConvertApp] Writing 503349 bytes to tmp.report.nbconvert.ipynb
[NbConvertApp] Converting notebook tmp.report.nbconvert.ipynb to html
[NbConvertApp] Writing 1078036 bytes to tmp.report.nbconvert.html
cellbender:remove-background: Succeeded in writing report to /om/scratch/Mon/mabdel03/Tsai_Data/Cellbender_Outputs/50402567/processed_feature_bc_matrix_report.html
cellbender:remove-background: Completed remove-background.
cellbender:remove-background: 2026-02-02 00:28:45

