cellbender:remove-background: Command:
cellbender remove-background --cuda --input /tmp/cellbender_44647656_15/raw_feature_bc_matrix.h5 --fpr 0 --output /om/scratch/Mon/mabdel03/Tsai_Data/Cellbender_Outputs/10288185/processed_feature_bc_matrix.h5
cellbender:remove-background: CellBender 0.3.0
cellbender:remove-background: (Workflow hash b1a605a503)
cellbender:remove-background: 2026-01-31 15:33:44
cellbender:remove-background: Running remove-background
cellbender:remove-background: Loading data from /tmp/cellbender_44647656_15/raw_feature_bc_matrix.h5
cellbender:remove-background: CellRanger v3 format
cellbender:remove-background: Features in dataset: 36601 Gene Expression
cellbender:remove-background: Trimming features for inference.
cellbender:remove-background: 29368 features have nonzero counts.
cellbender:remove-background: Prior on counts for cells is 6412
cellbender:remove-background: Prior on counts for empty droplets is 59
cellbender:remove-background: Excluding 10145 features that are estimated to have <= 0.1 background counts in cells.
cellbender:remove-background: Including 19223 features in the analysis.
cellbender:remove-background: Trimming barcodes for inference.
cellbender:remove-background: Excluding barcodes with counts below 29
cellbender:remove-background: Using 1684 probable cell barcodes, plus an additional 8835 barcodes, and 60736 empty droplets.
cellbender:remove-background: Largest surely-empty droplet has 69 UMI counts.
cellbender:remove-background: Attempting to unpack tarball "ckpt.tar.gz" to /tmp/tmp7ky46lcu
cellbender:remove-background: No saved checkpoint.
cellbender:remove-background: No checkpoint loaded.
cellbender:remove-background: Running inference...
cellbender:remove-background: [epoch 001]  average training loss: 4873.0928
cellbender:remove-background: [epoch 002]  average training loss: 4359.1159  (4.0 seconds per epoch)
cellbender:remove-background: Will checkpoint every 106 epochs
cellbender:remove-background: [epoch 003]  average training loss: 3936.5661
cellbender:remove-background: [epoch 004]  average training loss: 3608.1580
cellbender:remove-background: [epoch 005]  average training loss: 3350.8930
cellbender:remove-background: [epoch 005] average test loss: 3664.9227
cellbender:remove-background: [epoch 006]  average training loss: 3202.0202
cellbender:remove-background: [epoch 007]  average training loss: 3060.0047
cellbender:remove-background: [epoch 008]  average training loss: 2979.5455
cellbender:remove-background: [epoch 009]  average training loss: 2962.1127
cellbender:remove-background: [epoch 010]  average training loss: 2942.3168
cellbender:remove-background: [epoch 010] average test loss: 2926.7389
cellbender:remove-background: [epoch 011]  average training loss: 2928.8404
cellbender:remove-background: [epoch 012]  average training loss: 2910.3380
cellbender:remove-background: [epoch 013]  average training loss: 2916.2662
cellbender:remove-background: [epoch 014]  average training loss: 2914.2772
cellbender:remove-background: [epoch 015]  average training loss: 2901.2463
cellbender:remove-background: [epoch 015] average test loss: 2904.2498
cellbender:remove-background: [epoch 016]  average training loss: 2900.1316
cellbender:remove-background: [epoch 017]  average training loss: 2897.7144
cellbender:remove-background: [epoch 018]  average training loss: 2899.2965
cellbender:remove-background: [epoch 019]  average training loss: 2895.4839
cellbender:remove-background: [epoch 020]  average training loss: 2896.9575
cellbender:remove-background: [epoch 020] average test loss: 2885.7347
cellbender:remove-background: [epoch 021]  average training loss: 2886.7672
cellbender:remove-background: [epoch 022]  average training loss: 2867.0902
cellbender:remove-background: [epoch 023]  average training loss: 2835.0290
cellbender:remove-background: [epoch 024]  average training loss: 2820.5731
cellbender:remove-background: [epoch 025]  average training loss: 2814.5640
cellbender:remove-background: [epoch 025] average test loss: 2801.4102
cellbender:remove-background: [epoch 026]  average training loss: 2812.5250
cellbender:remove-background: [epoch 027]  average training loss: 2802.5641
cellbender:remove-background: [epoch 028]  average training loss: 2794.3708
cellbender:remove-background: [epoch 029]  average training loss: 2789.1050
cellbender:remove-background: [epoch 030]  average training loss: 2776.5950
cellbender:remove-background: [epoch 030] average test loss: 2770.1733
cellbender:remove-background: [epoch 031]  average training loss: 2768.7827
cellbender:remove-background: [epoch 032]  average training loss: 2762.9303
cellbender:remove-background: [epoch 033]  average training loss: 2759.5260
cellbender:remove-background: [epoch 034]  average training loss: 2753.3648
cellbender:remove-background: [epoch 035]  average training loss: 2751.7541
cellbender:remove-background: [epoch 035] average test loss: 2737.9309
cellbender:remove-background: [epoch 036]  average training loss: 2745.0774
cellbender:remove-background: [epoch 037]  average training loss: 2744.3698
cellbender:remove-background: [epoch 038]  average training loss: 2743.5544
cellbender:remove-background: [epoch 039]  average training loss: 2743.2419
cellbender:remove-background: [epoch 040]  average training loss: 2735.1419
cellbender:remove-background: [epoch 040] average test loss: 2736.2646
cellbender:remove-background: [epoch 041]  average training loss: 2734.1077
cellbender:remove-background: [epoch 042]  average training loss: 2730.6987
cellbender:remove-background: [epoch 043]  average training loss: 2730.3531
cellbender:remove-background: [epoch 044]  average training loss: 2730.5048
cellbender:remove-background: [epoch 045]  average training loss: 2728.8523
cellbender:remove-background: [epoch 045] average test loss: 2716.8163
cellbender:remove-background: [epoch 046]  average training loss: 2721.4424
cellbender:remove-background: [epoch 047]  average training loss: 2724.2555
cellbender:remove-background: [epoch 048]  average training loss: 2720.1013
cellbender:remove-background: [epoch 049]  average training loss: 2724.6708
cellbender:remove-background: [epoch 050]  average training loss: 2721.0459
cellbender:remove-background: [epoch 050] average test loss: 2710.9154
cellbender:remove-background: [epoch 051]  average training loss: 2719.7974
cellbender:remove-background: [epoch 052]  average training loss: 2713.9070
cellbender:remove-background: [epoch 053]  average training loss: 2713.2961
cellbender:remove-background: [epoch 054]  average training loss: 2721.3768
cellbender:remove-background: [epoch 055]  average training loss: 2722.3208
cellbender:remove-background: [epoch 055] average test loss: 2717.0874
cellbender:remove-background: [epoch 056]  average training loss: 2718.6324
cellbender:remove-background: [epoch 057]  average training loss: 2721.8015
cellbender:remove-background: [epoch 058]  average training loss: 2713.0633
cellbender:remove-background: [epoch 059]  average training loss: 2712.9483
cellbender:remove-background: [epoch 060]  average training loss: 2710.9395
cellbender:remove-background: [epoch 060] average test loss: 2715.9166
cellbender:remove-background: [epoch 061]  average training loss: 2714.7952
cellbender:remove-background: [epoch 062]  average training loss: 2707.7711
cellbender:remove-background: [epoch 063]  average training loss: 2703.2457
cellbender:remove-background: [epoch 064]  average training loss: 2713.6524
cellbender:remove-background: [epoch 065]  average training loss: 2705.2759
cellbender:remove-background: [epoch 065] average test loss: 2717.8395
cellbender:remove-background: [epoch 066]  average training loss: 2703.8247
cellbender:remove-background: [epoch 067]  average training loss: 2700.6771
cellbender:remove-background: [epoch 068]  average training loss: 2712.0673
cellbender:remove-background: [epoch 069]  average training loss: 2708.6829
cellbender:remove-background: [epoch 070]  average training loss: 2700.3919
cellbender:remove-background: [epoch 070] average test loss: 2711.9663
cellbender:remove-background: [epoch 071]  average training loss: 2702.0273
cellbender:remove-background: [epoch 072]  average training loss: 2700.9067
cellbender:remove-background: [epoch 073]  average training loss: 2701.5268
cellbender:remove-background: [epoch 074]  average training loss: 2697.9262
cellbender:remove-background: [epoch 075]  average training loss: 2699.4999
cellbender:remove-background: [epoch 075] average test loss: 2700.6568
cellbender:remove-background: [epoch 076]  average training loss: 2698.7857
cellbender:remove-background: [epoch 077]  average training loss: 2700.5909
cellbender:remove-background: [epoch 078]  average training loss: 2699.5014
cellbender:remove-background: [epoch 079]  average training loss: 2699.4883
cellbender:remove-background: [epoch 080]  average training loss: 2697.0216
cellbender:remove-background: [epoch 080] average test loss: 2698.5160
cellbender:remove-background: [epoch 081]  average training loss: 2698.6935
cellbender:remove-background: [epoch 082]  average training loss: 2700.6717
cellbender:remove-background: [epoch 083]  average training loss: 2700.1143
cellbender:remove-background: [epoch 084]  average training loss: 2696.4424
cellbender:remove-background: [epoch 085]  average training loss: 2698.1835
cellbender:remove-background: [epoch 085] average test loss: 2699.8278
cellbender:remove-background: [epoch 086]  average training loss: 2696.4662
cellbender:remove-background: [epoch 087]  average training loss: 2691.9330
cellbender:remove-background: [epoch 088]  average training loss: 2697.0941
cellbender:remove-background: [epoch 089]  average training loss: 2692.6891
cellbender:remove-background: [epoch 090]  average training loss: 2693.9615
cellbender:remove-background: [epoch 090] average test loss: 2700.8162
cellbender:remove-background: [epoch 091]  average training loss: 2701.6480
cellbender:remove-background: [epoch 092]  average training loss: 2700.8785
cellbender:remove-background: [epoch 093]  average training loss: 2695.4395
cellbender:remove-background: [epoch 094]  average training loss: 2693.7431
cellbender:remove-background: [epoch 095]  average training loss: 2695.7540
cellbender:remove-background: [epoch 095] average test loss: 2715.1200
cellbender:remove-background: [epoch 096]  average training loss: 2701.7490
cellbender:remove-background: [epoch 097]  average training loss: 2694.5983
cellbender:remove-background: [epoch 098]  average training loss: 2699.4613
cellbender:remove-background: [epoch 099]  average training loss: 2694.4955
cellbender:remove-background: [epoch 100]  average training loss: 2691.5588
cellbender:remove-background: [epoch 100] average test loss: 2715.1406
cellbender:remove-background: [epoch 101]  average training loss: 2693.3743
cellbender:remove-background: [epoch 102]  average training loss: 2690.6211
cellbender:remove-background: [epoch 103]  average training loss: 2700.9087
cellbender:remove-background: [epoch 104]  average training loss: 2697.0600
cellbender:remove-background: [epoch 105]  average training loss: 2694.3283
cellbender:remove-background: [epoch 105] average test loss: 2704.8700
cellbender:remove-background: [epoch 106]  average training loss: 2695.6627
cellbender:remove-background: Saving a checkpoint...
cellbender:remove-background: Saved checkpoint as /om/scratch/Mon/mabdel03/Tsai_Data/Cellbender_Outputs/10288185/ckpt.tar.gz
cellbender:remove-background: [epoch 107]  average training loss: 2690.6374
cellbender:remove-background: [epoch 108]  average training loss: 2692.4007
cellbender:remove-background: [epoch 109]  average training loss: 2685.2021
cellbender:remove-background: [epoch 110]  average training loss: 2689.4036
cellbender:remove-background: [epoch 110] average test loss: 2710.6083
cellbender:remove-background: [epoch 111]  average training loss: 2691.6628
cellbender:remove-background: [epoch 112]  average training loss: 2691.1034
cellbender:remove-background: [epoch 113]  average training loss: 2687.3603
cellbender:remove-background: [epoch 114]  average training loss: 2686.8080
cellbender:remove-background: [epoch 115]  average training loss: 2685.4825
cellbender:remove-background: [epoch 115] average test loss: 2701.2780
cellbender:remove-background: [epoch 116]  average training loss: 2686.9848
cellbender:remove-background: [epoch 117]  average training loss: 2687.6457
cellbender:remove-background: [epoch 118]  average training loss: 2689.0795
cellbender:remove-background: [epoch 119]  average training loss: 2690.5427
cellbender:remove-background: [epoch 120]  average training loss: 2687.9422
cellbender:remove-background: [epoch 120] average test loss: 2702.2434
cellbender:remove-background: [epoch 121]  average training loss: 2687.2964
cellbender:remove-background: [epoch 122]  average training loss: 2685.8884
cellbender:remove-background: [epoch 123]  average training loss: 2696.3322
cellbender:remove-background: [epoch 124]  average training loss: 2686.3178
cellbender:remove-background: [epoch 125]  average training loss: 2689.1531
cellbender:remove-background: [epoch 125] average test loss: 2715.7221
cellbender:remove-background: [epoch 126]  average training loss: 2687.6128
cellbender:remove-background: [epoch 127]  average training loss: 2685.5518
cellbender:remove-background: [epoch 128]  average training loss: 2690.6632
cellbender:remove-background: [epoch 129]  average training loss: 2687.1378
cellbender:remove-background: [epoch 130]  average training loss: 2685.3126
cellbender:remove-background: [epoch 130] average test loss: 2702.4224
cellbender:remove-background: [epoch 131]  average training loss: 2688.0228
cellbender:remove-background: [epoch 132]  average training loss: 2685.3955
cellbender:remove-background: [epoch 133]  average training loss: 2689.1955
cellbender:remove-background: [epoch 134]  average training loss: 2683.9554
cellbender:remove-background: [epoch 135]  average training loss: 2691.0841
cellbender:remove-background: [epoch 135] average test loss: 2701.5158
cellbender:remove-background: [epoch 136]  average training loss: 2684.6579
cellbender:remove-background: [epoch 137]  average training loss: 2687.3399
cellbender:remove-background: [epoch 138]  average training loss: 2685.6674
cellbender:remove-background: [epoch 139]  average training loss: 2687.5653
cellbender:remove-background: [epoch 140]  average training loss: 2684.9474
cellbender:remove-background: [epoch 140] average test loss: 2702.8237
cellbender:remove-background: [epoch 141]  average training loss: 2685.8378
cellbender:remove-background: [epoch 142]  average training loss: 2684.4000
cellbender:remove-background: [epoch 143]  average training loss: 2684.4647
cellbender:remove-background: [epoch 144]  average training loss: 2684.4224
cellbender:remove-background: [epoch 145]  average training loss: 2683.4612
cellbender:remove-background: [epoch 145] average test loss: 2698.5933
cellbender:remove-background: [epoch 146]  average training loss: 2685.1795
cellbender:remove-background: [epoch 147]  average training loss: 2682.8907
cellbender:remove-background: [epoch 148]  average training loss: 2684.5591
cellbender:remove-background: [epoch 149]  average training loss: 2684.1308
cellbender:remove-background: [epoch 150]  average training loss: 2684.4538
cellbender:remove-background: [epoch 150] average test loss: 2706.5483
cellbender:remove-background: Saving a checkpoint...
cellbender:remove-background: Saved checkpoint as /om/scratch/Mon/mabdel03/Tsai_Data/Cellbender_Outputs/10288185/ckpt.tar.gz
cellbender:remove-background: 2026-01-31 15:45:49
cellbender:remove-background: Inference procedure complete.
cellbender:remove-background: Attempting to unpack tarball "ckpt.tar.gz" to /tmp/tmpzmmo8xam
cellbender:remove-background: Successfully unpacked tarball to /tmp/tmpzmmo8xam
/tmp/tmpzmmo8xam/b1a605a503_random.pyro
/tmp/tmpzmmo8xam/b1a605a503_random.cuda
/tmp/tmpzmmo8xam/b1a605a503_model.torch
/tmp/tmpzmmo8xam/b1a605a503_optim.torch
/tmp/tmpzmmo8xam/b1a605a503_optim.pyro
/tmp/tmpzmmo8xam/b1a605a503_params.pyro
/tmp/tmpzmmo8xam/b1a605a503_train.loaderstate
/tmp/tmpzmmo8xam/b1a605a503_test.loaderstate
/tmp/tmpzmmo8xam/b1a605a503_args.npy
cellbender:remove-background: Posterior not currently included in checkpoint.
cellbender:remove-background: Computing posterior noise count probabilities in mini-batches.
cellbender:remove-background: Working on chunk (1/28)
cellbender:remove-background:     [0.04 mins per chunk]
cellbender:remove-background: Working on chunk (2/28)
cellbender:remove-background: Working on chunk (3/28)
cellbender:remove-background: Working on chunk (4/28)
cellbender:remove-background: Working on chunk (5/28)
cellbender:remove-background: Working on chunk (6/28)
cellbender:remove-background: Working on chunk (7/28)
cellbender:remove-background: Working on chunk (8/28)
cellbender:remove-background: Working on chunk (9/28)
cellbender:remove-background: Working on chunk (10/28)
cellbender:remove-background: Working on chunk (11/28)
cellbender:remove-background: Working on chunk (12/28)
cellbender:remove-background: Working on chunk (13/28)
cellbender:remove-background: Working on chunk (14/28)
cellbender:remove-background: Working on chunk (15/28)
cellbender:remove-background: Working on chunk (16/28)
cellbender:remove-background: Working on chunk (17/28)
cellbender:remove-background: Working on chunk (18/28)
cellbender:remove-background: Working on chunk (19/28)
cellbender:remove-background: Working on chunk (20/28)
cellbender:remove-background: Working on chunk (21/28)
cellbender:remove-background: Working on chunk (22/28)
cellbender:remove-background: Working on chunk (23/28)
cellbender:remove-background: Working on chunk (24/28)
cellbender:remove-background: Working on chunk (25/28)
cellbender:remove-background: Working on chunk (26/28)
cellbender:remove-background: Working on chunk (27/28)
cellbender:remove-background: Working on chunk (28/28)
cellbender:remove-background: Writing full posterior to /om/scratch/Mon/mabdel03/Tsai_Data/Cellbender_Outputs/10288185/processed_feature_bc_matrix_posterior.h5
Traceback (most recent call last):
  File "/om2/user/mabdel03/conda_envs/Cellbender_env/bin/cellbender", line 8, in <module>
    sys.exit(main())
  File "/om2/user/mabdel03/conda_envs/Cellbender_env/lib/python3.7/site-packages/cellbender/base_cli.py", line 118, in main
    cli_dict[args.tool].run(args)
  File "/om2/user/mabdel03/conda_envs/Cellbender_env/lib/python3.7/site-packages/cellbender/remove_background/cli.py", line 185, in run
    return main(args)
  File "/om2/user/mabdel03/conda_envs/Cellbender_env/lib/python3.7/site-packages/cellbender/remove_background/cli.py", line 230, in main
    posterior = run_remove_background(args)
  File "/om2/user/mabdel03/conda_envs/Cellbender_env/lib/python3.7/site-packages/cellbender/remove_background/run.py", line 107, in run_remove_background
    args=args,
  File "/om2/user/mabdel03/conda_envs/Cellbender_env/lib/python3.7/site-packages/cellbender/remove_background/posterior.py", line 130, in load_or_compute_posterior_and_save
    saved = posterior.save(file=posterior_file)
  File "/om2/user/mabdel03/conda_envs/Cellbender_env/lib/python3.7/site-packages/cellbender/remove_background/posterior.py", line 234, in save
    return write_posterior_coo_to_h5(output_file=file, **d)
  File "/om2/user/mabdel03/conda_envs/Cellbender_env/lib/python3.7/site-packages/cellbender/remove_background/data/io.py", line 275, in write_posterior_coo_to_h5
    title="CellBender remove-background posterior noise count probabilities"
  File "/om2/user/mabdel03/conda_envs/Cellbender_env/lib/python3.7/site-packages/tables/file.py", line 300, in open_file
    return File(filename, mode, title, root_uep, filters, **kwargs)
  File "/om2/user/mabdel03/conda_envs/Cellbender_env/lib/python3.7/site-packages/tables/file.py", line 750, in __init__
    self._g_new(filename, mode, **params)
  File "tables/hdf5extension.pyx", line 486, in tables.hdf5extension.File._g_new
tables.exceptions.HDF5ExtError: HDF5 error back trace

  File "H5F.c", line 532, in H5Fcreate
    unable to create file
  File "H5VLcallback.c", line 3282, in H5VL_file_create
    file create failed
  File "H5VLcallback.c", line 3248, in H5VL__file_create
    file create failed
  File "H5VLnative_file.c", line 63, in H5VL__native_file_create
    unable to create file
  File "H5Fint.c", line 1898, in H5F_open
    unable to lock the file
  File "H5FD.c", line 1625, in H5FD_lock
    driver lock request failed
  File "H5FDsec2.c", line 1002, in H5FD__sec2_lock
    unable to lock file, errno = 5, error message = 'Input/output error'

End of HDF5 error back trace

Unable to open/create file '/om/scratch/Mon/mabdel03/Tsai_Data/Cellbender_Outputs/10288185/processed_feature_bc_matrix_posterior.h5'
