cellbender:remove-background: Command:
cellbender remove-background --cuda --input /tmp/cellbender_44651815_289/raw_feature_bc_matrix.h5 --fpr 0 --output /om/scratch/Mon/mabdel03/Tsai_Data/Cellbender_Outputs/50301963/processed_feature_bc_matrix.h5
cellbender:remove-background: CellBender 0.3.0
cellbender:remove-background: (Workflow hash 4900f6e54e)
cellbender:remove-background: 2026-02-01 00:59:21
cellbender:remove-background: Running remove-background
cellbender:remove-background: Loading data from /tmp/cellbender_44651815_289/raw_feature_bc_matrix.h5
cellbender:remove-background: CellRanger v3 format
cellbender:remove-background: Features in dataset: 36601 Gene Expression
cellbender:remove-background: Trimming features for inference.
cellbender:remove-background: 32424 features have nonzero counts.
cellbender:remove-background: Prior on counts for cells is 7875
cellbender:remove-background: Prior on counts for empty droplets is 219
cellbender:remove-background: Excluding 9589 features that are estimated to have <= 0.1 background counts in cells.
cellbender:remove-background: Including 22835 features in the analysis.
cellbender:remove-background: Trimming barcodes for inference.
cellbender:remove-background: Excluding barcodes with counts below 109
cellbender:remove-background: Using 4273 probable cell barcodes, plus an additional 7867 barcodes, and 58237 empty droplets.
cellbender:remove-background: Largest surely-empty droplet has 267 UMI counts.
cellbender:remove-background: Attempting to unpack tarball "ckpt.tar.gz" to /tmp/tmp2vepqas1
cellbender:remove-background: No saved checkpoint.
cellbender:remove-background: No checkpoint loaded.
cellbender:remove-background: Running inference...
cellbender:remove-background: [epoch 001]  average training loss: 14082.6258
cellbender:remove-background: [epoch 002]  average training loss: 12053.7382  (4.8 seconds per epoch)
cellbender:remove-background: Will checkpoint every 88 epochs
cellbender:remove-background: [epoch 003]  average training loss: 10161.2401
cellbender:remove-background: [epoch 004]  average training loss: 9122.3844
cellbender:remove-background: [epoch 005]  average training loss: 8567.8784
cellbender:remove-background: [epoch 005] average test loss: 8611.5266
cellbender:remove-background: [epoch 006]  average training loss: 8037.4926
cellbender:remove-background: [epoch 007]  average training loss: 7785.8233
cellbender:remove-background: [epoch 008]  average training loss: 7843.0668
cellbender:remove-background: [epoch 009]  average training loss: 7787.9886
cellbender:remove-background: [epoch 010]  average training loss: 7708.3962
cellbender:remove-background: [epoch 010] average test loss: 7543.8804
cellbender:remove-background: [epoch 011]  average training loss: 7728.8680
cellbender:remove-background: [epoch 012]  average training loss: 7674.0053
cellbender:remove-background: [epoch 013]  average training loss: 7622.2310
cellbender:remove-background: [epoch 014]  average training loss: 7594.9059
cellbender:remove-background: [epoch 015]  average training loss: 7341.3120
cellbender:remove-background: [epoch 015] average test loss: 7626.8363
cellbender:remove-background: [epoch 016]  average training loss: 7254.1627
cellbender:remove-background: [epoch 017]  average training loss: 7233.0017
cellbender:remove-background: [epoch 018]  average training loss: 7211.4081
cellbender:remove-background: [epoch 019]  average training loss: 7181.7284
cellbender:remove-background: [epoch 020]  average training loss: 7172.3783
cellbender:remove-background: [epoch 020] average test loss: 7298.0106
cellbender:remove-background: [epoch 021]  average training loss: 7139.2875
cellbender:remove-background: [epoch 022]  average training loss: 7132.8798
cellbender:remove-background: [epoch 023]  average training loss: 7125.3492
cellbender:remove-background: [epoch 024]  average training loss: 7089.1149
cellbender:remove-background: [epoch 025]  average training loss: 7095.3188
cellbender:remove-background: [epoch 025] average test loss: 7043.6616
cellbender:remove-background: [epoch 026]  average training loss: 7062.1766
cellbender:remove-background: [epoch 027]  average training loss: 7083.3242
cellbender:remove-background: [epoch 028]  average training loss: 7062.2068
cellbender:remove-background: [epoch 029]  average training loss: 7052.2730
cellbender:remove-background: [epoch 030]  average training loss: 7028.0411
cellbender:remove-background: [epoch 030] average test loss: 6893.0406
cellbender:remove-background: [epoch 031]  average training loss: 7016.3506
cellbender:remove-background: [epoch 032]  average training loss: 6987.8461
cellbender:remove-background: [epoch 033]  average training loss: 6963.6590
cellbender:remove-background: [epoch 034]  average training loss: 6937.3911
cellbender:remove-background: [epoch 035]  average training loss: 6927.2519
cellbender:remove-background: [epoch 035] average test loss: 6801.5870
cellbender:remove-background: [epoch 036]  average training loss: 6924.9425
cellbender:remove-background: [epoch 037]  average training loss: 6914.7200
cellbender:remove-background: [epoch 038]  average training loss: 6907.1304
cellbender:remove-background: [epoch 039]  average training loss: 6901.9143
cellbender:remove-background: [epoch 040]  average training loss: 6893.6787
cellbender:remove-background: [epoch 040] average test loss: 6782.8839
cellbender:remove-background: [epoch 041]  average training loss: 6891.4380
cellbender:remove-background: [epoch 042]  average training loss: 6883.5719
cellbender:remove-background: [epoch 043]  average training loss: 6880.1934
cellbender:remove-background: [epoch 044]  average training loss: 6871.0582
cellbender:remove-background: [epoch 045]  average training loss: 6870.4990
cellbender:remove-background: [epoch 045] average test loss: 6741.6957
cellbender:remove-background: [epoch 046]  average training loss: 6861.8181
cellbender:remove-background: [epoch 047]  average training loss: 6855.4145
cellbender:remove-background: [epoch 048]  average training loss: 6856.1016
cellbender:remove-background: [epoch 049]  average training loss: 6850.4061
cellbender:remove-background: [epoch 050]  average training loss: 6839.9644
cellbender:remove-background: [epoch 050] average test loss: 6703.1297
cellbender:remove-background: [epoch 051]  average training loss: 6835.2469
cellbender:remove-background: [epoch 052]  average training loss: 6829.4964
cellbender:remove-background: [epoch 053]  average training loss: 6823.7520
cellbender:remove-background: [epoch 054]  average training loss: 6825.3235
cellbender:remove-background: [epoch 055]  average training loss: 6815.7630
cellbender:remove-background: [epoch 055] average test loss: 6697.8502
cellbender:remove-background: [epoch 056]  average training loss: 6815.9843
cellbender:remove-background: [epoch 057]  average training loss: 6807.5460
cellbender:remove-background: [epoch 058]  average training loss: 6802.3376
cellbender:remove-background: [epoch 059]  average training loss: 6805.3019
cellbender:remove-background: [epoch 060]  average training loss: 6799.0621
cellbender:remove-background: [epoch 060] average test loss: 6692.3587
cellbender:remove-background: [epoch 061]  average training loss: 6788.3284
cellbender:remove-background: [epoch 062]  average training loss: 6793.1288
cellbender:remove-background: [epoch 063]  average training loss: 6788.1889
cellbender:remove-background: [epoch 064]  average training loss: 6788.4336
cellbender:remove-background: [epoch 065]  average training loss: 6786.4238
cellbender:remove-background: [epoch 065] average test loss: 6683.5367
cellbender:remove-background: [epoch 066]  average training loss: 6789.2092
cellbender:remove-background: [epoch 067]  average training loss: 6778.4604
cellbender:remove-background: [epoch 068]  average training loss: 6778.3913
cellbender:remove-background: [epoch 069]  average training loss: 6775.6749
cellbender:remove-background: [epoch 070]  average training loss: 6779.3199
cellbender:remove-background: [epoch 070] average test loss: 6639.5181
cellbender:remove-background: [epoch 071]  average training loss: 6770.4474
cellbender:remove-background: [epoch 072]  average training loss: 6773.8313
cellbender:remove-background: [epoch 073]  average training loss: 6768.1673
cellbender:remove-background: [epoch 074]  average training loss: 6770.7905
cellbender:remove-background: [epoch 075]  average training loss: 6769.3170
cellbender:remove-background: [epoch 075] average test loss: 6659.6918
cellbender:remove-background: [epoch 076]  average training loss: 6765.8999
cellbender:remove-background: [epoch 077]  average training loss: 6760.9068
cellbender:remove-background: [epoch 078]  average training loss: 6760.5854
cellbender:remove-background: [epoch 079]  average training loss: 6757.1892
cellbender:remove-background: [epoch 080]  average training loss: 6758.2070
cellbender:remove-background: [epoch 080] average test loss: 6641.0426
cellbender:remove-background: [epoch 081]  average training loss: 6754.9124
cellbender:remove-background: [epoch 082]  average training loss: 6750.9821
cellbender:remove-background: [epoch 083]  average training loss: 6749.0602
cellbender:remove-background: [epoch 084]  average training loss: 6746.2937
cellbender:remove-background: [epoch 085]  average training loss: 6744.1118
cellbender:remove-background: [epoch 085] average test loss: 6646.2147
cellbender:remove-background: [epoch 086]  average training loss: 6744.5763
cellbender:remove-background: [epoch 087]  average training loss: 6744.0993
cellbender:remove-background: [epoch 088]  average training loss: 6738.1082
cellbender:remove-background: Saving a checkpoint...
cellbender:remove-background: Saved checkpoint as /weka/scratch/scratch/Mon/mabdel03/Tsai_Data/Cellbender_Outputs/50301963/ckpt.tar.gz
cellbender:remove-background: [epoch 089]  average training loss: 6735.9389
cellbender:remove-background: [epoch 090]  average training loss: 6738.7164
cellbender:remove-background: [epoch 090] average test loss: 6635.8508
cellbender:remove-background: [epoch 091]  average training loss: 6735.6544
cellbender:remove-background: [epoch 092]  average training loss: 6740.5991
cellbender:remove-background: [epoch 093]  average training loss: 6735.8072
cellbender:remove-background: [epoch 094]  average training loss: 6737.3608
cellbender:remove-background: [epoch 095]  average training loss: 6731.9831
cellbender:remove-background: [epoch 095] average test loss: 6614.7991
cellbender:remove-background: [epoch 096]  average training loss: 6730.1343
cellbender:remove-background: [epoch 097]  average training loss: 6726.1732
cellbender:remove-background: [epoch 098]  average training loss: 6727.3845
cellbender:remove-background: [epoch 099]  average training loss: 6728.9240
cellbender:remove-background: [epoch 100]  average training loss: 6722.3176
cellbender:remove-background: [epoch 100] average test loss: 6626.8536
cellbender:remove-background: [epoch 101]  average training loss: 6724.4386
cellbender:remove-background: [epoch 102]  average training loss: 6725.3901
cellbender:remove-background: [epoch 103]  average training loss: 6722.7758
cellbender:remove-background: [epoch 104]  average training loss: 6719.8542
cellbender:remove-background: [epoch 105]  average training loss: 6721.0544
cellbender:remove-background: [epoch 105] average test loss: 6617.2426
cellbender:remove-background: [epoch 106]  average training loss: 6721.9985
cellbender:remove-background: [epoch 107]  average training loss: 6716.9162
cellbender:remove-background: [epoch 108]  average training loss: 6717.8742
cellbender:remove-background: [epoch 109]  average training loss: 6715.8933
cellbender:remove-background: [epoch 110]  average training loss: 6713.8306
cellbender:remove-background: [epoch 110] average test loss: 6620.3094
cellbender:remove-background: [epoch 111]  average training loss: 6713.5990
cellbender:remove-background: [epoch 112]  average training loss: 6710.2602
cellbender:remove-background: [epoch 113]  average training loss: 6713.6510
cellbender:remove-background: [epoch 114]  average training loss: 6710.5165
cellbender:remove-background: [epoch 115]  average training loss: 6715.7966
cellbender:remove-background: [epoch 115] average test loss: 6613.1840
cellbender:remove-background: [epoch 116]  average training loss: 6713.3331
cellbender:remove-background: [epoch 117]  average training loss: 6708.9715
cellbender:remove-background: [epoch 118]  average training loss: 6713.4687
cellbender:remove-background: [epoch 119]  average training loss: 6710.1728
cellbender:remove-background: [epoch 120]  average training loss: 6707.3186
cellbender:remove-background: [epoch 120] average test loss: 6606.3213
cellbender:remove-background: [epoch 121]  average training loss: 6708.1424
cellbender:remove-background: [epoch 122]  average training loss: 6707.4261
cellbender:remove-background: [epoch 123]  average training loss: 6702.7614
cellbender:remove-background: [epoch 124]  average training loss: 6701.5908
cellbender:remove-background: [epoch 125]  average training loss: 6708.7554
cellbender:remove-background: [epoch 125] average test loss: 6617.2089
cellbender:remove-background: [epoch 126]  average training loss: 6704.7103
cellbender:remove-background: [epoch 127]  average training loss: 6705.5257
cellbender:remove-background: [epoch 128]  average training loss: 6706.0482
cellbender:remove-background: [epoch 129]  average training loss: 6701.9655
cellbender:remove-background: [epoch 130]  average training loss: 6704.7787
cellbender:remove-background: [epoch 130] average test loss: 6608.9376
cellbender:remove-background: [epoch 131]  average training loss: 6701.8843
cellbender:remove-background: [epoch 132]  average training loss: 6702.7995
cellbender:remove-background: [epoch 133]  average training loss: 6702.8383
cellbender:remove-background: [epoch 134]  average training loss: 6704.2829
cellbender:remove-background: [epoch 135]  average training loss: 6702.5656
cellbender:remove-background: [epoch 135] average test loss: 6613.4969
cellbender:remove-background: [epoch 136]  average training loss: 6701.5582
cellbender:remove-background: [epoch 137]  average training loss: 6698.0609
cellbender:remove-background: [epoch 138]  average training loss: 6700.6205
cellbender:remove-background: [epoch 139]  average training loss: 6700.5822
cellbender:remove-background: [epoch 140]  average training loss: 6703.3685
cellbender:remove-background: [epoch 140] average test loss: 6606.7207
cellbender:remove-background: [epoch 141]  average training loss: 6697.9977
cellbender:remove-background: [epoch 142]  average training loss: 6699.1978
cellbender:remove-background: [epoch 143]  average training loss: 6698.8229
cellbender:remove-background: [epoch 144]  average training loss: 6696.9580
cellbender:remove-background: [epoch 145]  average training loss: 6701.7183
cellbender:remove-background: [epoch 145] average test loss: 6609.5827
cellbender:remove-background: [epoch 146]  average training loss: 6701.5718
cellbender:remove-background: [epoch 147]  average training loss: 6698.4101
cellbender:remove-background: [epoch 148]  average training loss: 6698.9042
cellbender:remove-background: [epoch 149]  average training loss: 6701.4266
cellbender:remove-background: [epoch 150]  average training loss: 6697.1114
cellbender:remove-background: [epoch 150] average test loss: 6600.6307
cellbender:remove-background: Saving a checkpoint...
cellbender:remove-background: Saved checkpoint as /weka/scratch/scratch/Mon/mabdel03/Tsai_Data/Cellbender_Outputs/50301963/ckpt.tar.gz
cellbender:remove-background: 2026-02-01 01:14:29
cellbender:remove-background: Inference procedure complete.
cellbender:remove-background: Attempting to unpack tarball "ckpt.tar.gz" to /tmp/tmp99g0z39g
cellbender:remove-background: Successfully unpacked tarball to /tmp/tmp99g0z39g
/tmp/tmp99g0z39g/4900f6e54e_random.pyro
/tmp/tmp99g0z39g/4900f6e54e_random.cuda
/tmp/tmp99g0z39g/4900f6e54e_model.torch
/tmp/tmp99g0z39g/4900f6e54e_optim.torch
/tmp/tmp99g0z39g/4900f6e54e_optim.pyro
/tmp/tmp99g0z39g/4900f6e54e_params.pyro
/tmp/tmp99g0z39g/4900f6e54e_train.loaderstate
/tmp/tmp99g0z39g/4900f6e54e_test.loaderstate
/tmp/tmp99g0z39g/4900f6e54e_args.npy
cellbender:remove-background: Posterior not currently included in checkpoint.
cellbender:remove-background: Computing posterior noise count probabilities in mini-batches.
cellbender:remove-background: Working on chunk (1/73)
cellbender:remove-background:     [0.04 mins per chunk]
cellbender:remove-background: Working on chunk (2/73)
cellbender:remove-background: Working on chunk (3/73)
cellbender:remove-background: Working on chunk (4/73)
cellbender:remove-background: Working on chunk (5/73)
cellbender:remove-background: Working on chunk (6/73)
cellbender:remove-background: Working on chunk (7/73)
cellbender:remove-background: Working on chunk (8/73)
cellbender:remove-background: Working on chunk (9/73)
cellbender:remove-background: Working on chunk (10/73)
cellbender:remove-background: Working on chunk (11/73)
cellbender:remove-background: Working on chunk (12/73)
cellbender:remove-background: Working on chunk (13/73)
cellbender:remove-background: Working on chunk (14/73)
cellbender:remove-background: Working on chunk (15/73)
cellbender:remove-background: Working on chunk (16/73)
cellbender:remove-background: Working on chunk (17/73)
cellbender:remove-background: Working on chunk (18/73)
cellbender:remove-background: Working on chunk (19/73)
cellbender:remove-background: Working on chunk (20/73)
cellbender:remove-background: Working on chunk (21/73)
cellbender:remove-background: Working on chunk (22/73)
cellbender:remove-background: Working on chunk (23/73)
cellbender:remove-background: Working on chunk (24/73)
cellbender:remove-background: Working on chunk (25/73)
cellbender:remove-background: Working on chunk (26/73)
cellbender:remove-background: Working on chunk (27/73)
cellbender:remove-background: Working on chunk (28/73)
cellbender:remove-background: Working on chunk (29/73)
cellbender:remove-background: Working on chunk (30/73)
cellbender:remove-background: Working on chunk (31/73)
cellbender:remove-background: Working on chunk (32/73)
cellbender:remove-background: Working on chunk (33/73)
cellbender:remove-background: Working on chunk (34/73)
cellbender:remove-background: Working on chunk (35/73)
cellbender:remove-background: Working on chunk (36/73)
cellbender:remove-background: Working on chunk (37/73)
cellbender:remove-background: Working on chunk (38/73)
cellbender:remove-background: Working on chunk (39/73)
cellbender:remove-background: Working on chunk (40/73)
cellbender:remove-background: Working on chunk (41/73)
cellbender:remove-background: Working on chunk (42/73)
cellbender:remove-background: Working on chunk (43/73)
cellbender:remove-background: Working on chunk (44/73)
cellbender:remove-background: Working on chunk (45/73)
cellbender:remove-background: Working on chunk (46/73)
cellbender:remove-background: Working on chunk (47/73)
cellbender:remove-background: Working on chunk (48/73)
cellbender:remove-background: Working on chunk (49/73)
cellbender:remove-background: Working on chunk (50/73)
cellbender:remove-background: Working on chunk (51/73)
cellbender:remove-background: Working on chunk (52/73)
cellbender:remove-background: Working on chunk (53/73)
cellbender:remove-background: Working on chunk (54/73)
cellbender:remove-background: Working on chunk (55/73)
cellbender:remove-background: Working on chunk (56/73)
cellbender:remove-background: Working on chunk (57/73)
cellbender:remove-background: Working on chunk (58/73)
cellbender:remove-background: Working on chunk (59/73)
cellbender:remove-background: Working on chunk (60/73)
cellbender:remove-background: Working on chunk (61/73)
cellbender:remove-background: Working on chunk (62/73)
cellbender:remove-background: Working on chunk (63/73)
cellbender:remove-background: Working on chunk (64/73)
cellbender:remove-background: Working on chunk (65/73)
cellbender:remove-background: Working on chunk (66/73)
cellbender:remove-background: Working on chunk (67/73)
cellbender:remove-background: Working on chunk (68/73)
cellbender:remove-background: Working on chunk (69/73)
cellbender:remove-background: Working on chunk (70/73)
cellbender:remove-background: Working on chunk (71/73)
cellbender:remove-background: Working on chunk (72/73)
cellbender:remove-background: Working on chunk (73/73)
cellbender:remove-background: Writing full posterior to /om/scratch/Mon/mabdel03/Tsai_Data/Cellbender_Outputs/50301963/processed_feature_bc_matrix_posterior.h5
cellbender:remove-background: Succeeded in writing posterior to file /om/scratch/Mon/mabdel03/Tsai_Data/Cellbender_Outputs/50301963/processed_feature_bc_matrix_posterior.h5
cellbender:remove-background: Added posterior object to checkpoint file.
cellbender:remove-background: 2026-02-01 01:21:08

cellbender:remove-background: Saved summary plots as /om/scratch/Mon/mabdel03/Tsai_Data/Cellbender_Outputs/50301963/processed_feature_bc_matrix.pdf
cellbender:remove-background: Saved cell barcodes in /om/scratch/Mon/mabdel03/Tsai_Data/Cellbender_Outputs/50301963/processed_feature_bc_matrix_cell_barcodes.csv
cellbender:remove-background: Computing target noise counts per gene for MCKP estimator
cellbender:remove-background: Using MCKP noise targets computed for FPR 0.0
cellbender:remove-background: Computing denoised counts using mckp estimator
cellbender:remove-background: Working on chunk (1/7)
cellbender:remove-background:     [3.56 mins per chunk]
cellbender:remove-background: Working on chunk (2/7)
cellbender:remove-background: Working on chunk (3/7)
cellbender:remove-background: Working on chunk (4/7)
cellbender:remove-background: Working on chunk (5/7)
cellbender:remove-background: Working on chunk (6/7)
cellbender:remove-background: Working on chunk (7/7)
cellbender:remove-background: 2026-02-01 01:47:01 Total MCKP estimation time = 1490.99 sec
cellbender:remove-background: Succeeded in writing CellRanger format output to file /om/scratch/Mon/mabdel03/Tsai_Data/Cellbender_Outputs/50301963/processed_feature_bc_matrix.h5
cellbender:remove-background: Succeeded in writing CellRanger format output to file /om/scratch/Mon/mabdel03/Tsai_Data/Cellbender_Outputs/50301963/processed_feature_bc_matrix_filtered.h5
cellbender:remove-background: Saved output metrics as /om/scratch/Mon/mabdel03/Tsai_Data/Cellbender_Outputs/50301963/processed_feature_bc_matrix_metrics.csv
[NbConvertApp] Converting notebook tmp.report.ipynb to notebook
[NbConvertApp] Writing 539135 bytes to tmp.report.nbconvert.ipynb
[NbConvertApp] Converting notebook tmp.report.nbconvert.ipynb to html
[NbConvertApp] Writing 1113822 bytes to tmp.report.nbconvert.html
cellbender:remove-background: Succeeded in writing report to /om/scratch/Mon/mabdel03/Tsai_Data/Cellbender_Outputs/50301963/processed_feature_bc_matrix_report.html
cellbender:remove-background: Completed remove-background.
cellbender:remove-background: 2026-02-01 01:48:02

