cellbender:remove-background: Command:
cellbender remove-background --cuda --input /tmp/cellbender_44649923_103/raw_feature_bc_matrix.h5 --fpr 0 --output /om/scratch/Mon/mabdel03/Tsai_Data/Cellbender_Outputs/20128523/processed_feature_bc_matrix.h5
cellbender:remove-background: CellBender 0.3.0
cellbender:remove-background: (Workflow hash 7faf3aa6ce)
cellbender:remove-background: 2026-01-31 19:59:52
cellbender:remove-background: Running remove-background
cellbender:remove-background: Loading data from /tmp/cellbender_44649923_103/raw_feature_bc_matrix.h5
cellbender:remove-background: CellRanger v3 format
cellbender:remove-background: Features in dataset: 36601 Gene Expression
cellbender:remove-background: Trimming features for inference.
cellbender:remove-background: 28285 features have nonzero counts.
cellbender:remove-background: Prior on counts for cells is 1255
cellbender:remove-background: Prior on counts for empty droplets is 36
cellbender:remove-background: Excluding 9867 features that are estimated to have <= 0.1 background counts in cells.
cellbender:remove-background: Including 18418 features in the analysis.
cellbender:remove-background: Trimming barcodes for inference.
cellbender:remove-background: Excluding barcodes with counts below 18
cellbender:remove-background: Using 3425 probable cell barcodes, plus an additional 12044 barcodes, and 52720 empty droplets.
cellbender:remove-background: Largest surely-empty droplet has 42 UMI counts.
cellbender:remove-background: Attempting to unpack tarball "ckpt.tar.gz" to /tmp/tmppm5zq4ep
cellbender:remove-background: No saved checkpoint.
cellbender:remove-background: No checkpoint loaded.
cellbender:remove-background: Running inference...
cellbender:remove-background: [epoch 001]  average training loss: 2172.3847
cellbender:remove-background: [epoch 002]  average training loss: 1993.5843  (5.0 seconds per epoch)
cellbender:remove-background: Will checkpoint every 85 epochs
cellbender:remove-background: [epoch 003]  average training loss: 1866.1734
cellbender:remove-background: [epoch 004]  average training loss: 1786.4655
cellbender:remove-background: [epoch 005]  average training loss: 1706.5947
cellbender:remove-background: [epoch 005] average test loss: 1689.2059
cellbender:remove-background: [epoch 006]  average training loss: 1660.1505
cellbender:remove-background: [epoch 007]  average training loss: 1627.3643
cellbender:remove-background: [epoch 008]  average training loss: 1600.5012
cellbender:remove-background: [epoch 009]  average training loss: 1597.2242
cellbender:remove-background: [epoch 010]  average training loss: 1590.4558
cellbender:remove-background: [epoch 010] average test loss: 1566.6844
cellbender:remove-background: [epoch 011]  average training loss: 1589.2697
cellbender:remove-background: [epoch 012]  average training loss: 1586.9753
cellbender:remove-background: [epoch 013]  average training loss: 1587.1239
cellbender:remove-background: [epoch 014]  average training loss: 1584.5921
cellbender:remove-background: [epoch 015]  average training loss: 1583.8799
cellbender:remove-background: [epoch 015] average test loss: 1552.2036
cellbender:remove-background: [epoch 016]  average training loss: 1583.3648
cellbender:remove-background: [epoch 017]  average training loss: 1583.4889
cellbender:remove-background: [epoch 018]  average training loss: 1582.7153
cellbender:remove-background: [epoch 019]  average training loss: 1579.2563
cellbender:remove-background: [epoch 020]  average training loss: 1581.2403
cellbender:remove-background: [epoch 020] average test loss: 1560.7031
cellbender:remove-background: [epoch 021]  average training loss: 1578.7999
cellbender:remove-background: [epoch 022]  average training loss: 1569.2718
cellbender:remove-background: [epoch 023]  average training loss: 1553.1742
cellbender:remove-background: [epoch 024]  average training loss: 1547.4716
cellbender:remove-background: [epoch 025]  average training loss: 1542.9305
cellbender:remove-background: [epoch 025] average test loss: 1524.1417
cellbender:remove-background: [epoch 026]  average training loss: 1540.7646
cellbender:remove-background: [epoch 027]  average training loss: 1538.2445
cellbender:remove-background: [epoch 028]  average training loss: 1536.6953
cellbender:remove-background: [epoch 029]  average training loss: 1535.5270
cellbender:remove-background: [epoch 030]  average training loss: 1534.2912
cellbender:remove-background: [epoch 030] average test loss: 1506.3442
cellbender:remove-background: [epoch 031]  average training loss: 1531.1067
cellbender:remove-background: [epoch 032]  average training loss: 1528.2056
cellbender:remove-background: [epoch 033]  average training loss: 1524.7654
cellbender:remove-background: [epoch 034]  average training loss: 1522.4619
cellbender:remove-background: [epoch 035]  average training loss: 1520.2895
cellbender:remove-background: [epoch 035] average test loss: 1491.5557
cellbender:remove-background: [epoch 036]  average training loss: 1518.1171
cellbender:remove-background: [epoch 037]  average training loss: 1516.4504
cellbender:remove-background: [epoch 038]  average training loss: 1515.9891
cellbender:remove-background: [epoch 039]  average training loss: 1514.2646
cellbender:remove-background: [epoch 040]  average training loss: 1512.7946
cellbender:remove-background: [epoch 040] average test loss: 1494.2337
cellbender:remove-background: [epoch 041]  average training loss: 1511.9374
cellbender:remove-background: [epoch 042]  average training loss: 1511.1184
cellbender:remove-background: [epoch 043]  average training loss: 1509.8803
cellbender:remove-background: [epoch 044]  average training loss: 1508.5894
cellbender:remove-background: [epoch 045]  average training loss: 1507.2292
cellbender:remove-background: [epoch 045] average test loss: 1475.7841
cellbender:remove-background: [epoch 046]  average training loss: 1506.4909
cellbender:remove-background: [epoch 047]  average training loss: 1504.4942
cellbender:remove-background: [epoch 048]  average training loss: 1502.6988
cellbender:remove-background: [epoch 049]  average training loss: 1501.1854
cellbender:remove-background: [epoch 050]  average training loss: 1501.7740
cellbender:remove-background: [epoch 050] average test loss: 1487.0098
cellbender:remove-background: [epoch 051]  average training loss: 1501.4412
cellbender:remove-background: [epoch 052]  average training loss: 1500.7038
cellbender:remove-background: [epoch 053]  average training loss: 1499.7575
cellbender:remove-background: [epoch 054]  average training loss: 1501.1711
cellbender:remove-background: [epoch 055]  average training loss: 1498.4738
cellbender:remove-background: [epoch 055] average test loss: 1469.4259
cellbender:remove-background: [epoch 056]  average training loss: 1498.8962
cellbender:remove-background: [epoch 057]  average training loss: 1497.3961
cellbender:remove-background: [epoch 058]  average training loss: 1497.3398
cellbender:remove-background: [epoch 059]  average training loss: 1498.4247
cellbender:remove-background: [epoch 060]  average training loss: 1496.4863
cellbender:remove-background: [epoch 060] average test loss: 1467.1985
cellbender:remove-background: [epoch 061]  average training loss: 1495.5412
cellbender:remove-background: [epoch 062]  average training loss: 1497.0267
cellbender:remove-background: [epoch 063]  average training loss: 1493.3815
cellbender:remove-background: [epoch 064]  average training loss: 1492.4471
cellbender:remove-background: [epoch 065]  average training loss: 1492.8918
cellbender:remove-background: [epoch 065] average test loss: 1465.9693
cellbender:remove-background: [epoch 066]  average training loss: 1491.8864
cellbender:remove-background: [epoch 067]  average training loss: 1490.3612
cellbender:remove-background: [epoch 068]  average training loss: 1492.8984
cellbender:remove-background: [epoch 069]  average training loss: 1491.2261
cellbender:remove-background: [epoch 070]  average training loss: 1491.6089
cellbender:remove-background: [epoch 070] average test loss: 1471.5810
cellbender:remove-background: [epoch 071]  average training loss: 1490.1677
cellbender:remove-background: [epoch 072]  average training loss: 1488.5125
cellbender:remove-background: [epoch 073]  average training loss: 1489.1015
cellbender:remove-background: [epoch 074]  average training loss: 1485.5881
cellbender:remove-background: [epoch 075]  average training loss: 1488.8704
cellbender:remove-background: [epoch 075] average test loss: 1472.7230
cellbender:remove-background: [epoch 076]  average training loss: 1488.3151
cellbender:remove-background: [epoch 077]  average training loss: 1485.5254
cellbender:remove-background: [epoch 078]  average training loss: 1484.7223
cellbender:remove-background: [epoch 079]  average training loss: 1484.2026
cellbender:remove-background: [epoch 080]  average training loss: 1485.8827
cellbender:remove-background: [epoch 080] average test loss: 1466.0022
cellbender:remove-background: [epoch 081]  average training loss: 1484.1282
cellbender:remove-background: [epoch 082]  average training loss: 1483.6834
cellbender:remove-background: [epoch 083]  average training loss: 1483.5415
cellbender:remove-background: [epoch 084]  average training loss: 1483.1172
cellbender:remove-background: [epoch 085]  average training loss: 1483.8190
cellbender:remove-background: [epoch 085] average test loss: 1466.7877
cellbender:remove-background: Saving a checkpoint...
cellbender:remove-background: Saved checkpoint as /weka/scratch/scratch/Mon/mabdel03/Tsai_Data/Cellbender_Outputs/20128523/ckpt.tar.gz
cellbender:remove-background: [epoch 086]  average training loss: 1483.1381
cellbender:remove-background: [epoch 087]  average training loss: 1481.6612
cellbender:remove-background: [epoch 088]  average training loss: 1484.3387
cellbender:remove-background: [epoch 089]  average training loss: 1481.7487
cellbender:remove-background: [epoch 090]  average training loss: 1481.6298
cellbender:remove-background: [epoch 090] average test loss: 1466.5511
cellbender:remove-background: [epoch 091]  average training loss: 1480.4415
cellbender:remove-background: [epoch 092]  average training loss: 1480.7650
cellbender:remove-background: [epoch 093]  average training loss: 1480.0714
cellbender:remove-background: [epoch 094]  average training loss: 1479.8391
cellbender:remove-background: [epoch 095]  average training loss: 1478.3348
cellbender:remove-background: [epoch 095] average test loss: 1468.0174
cellbender:remove-background: [epoch 096]  average training loss: 1480.0162
cellbender:remove-background: [epoch 097]  average training loss: 1479.4004
cellbender:remove-background: [epoch 098]  average training loss: 1480.6010
cellbender:remove-background: [epoch 099]  average training loss: 1477.8588
cellbender:remove-background: [epoch 100]  average training loss: 1479.2510
cellbender:remove-background: [epoch 100] average test loss: 1464.9457
cellbender:remove-background: [epoch 101]  average training loss: 1479.1457
cellbender:remove-background: [epoch 102]  average training loss: 1477.0775
cellbender:remove-background: [epoch 103]  average training loss: 1478.4827
cellbender:remove-background: [epoch 104]  average training loss: 1478.4604
cellbender:remove-background: [epoch 105]  average training loss: 1476.8694
cellbender:remove-background: [epoch 105] average test loss: 1465.4847
cellbender:remove-background: [epoch 106]  average training loss: 1479.2534
cellbender:remove-background: [epoch 107]  average training loss: 1479.0080
cellbender:remove-background: [epoch 108]  average training loss: 1476.2951
cellbender:remove-background: [epoch 109]  average training loss: 1477.3229
cellbender:remove-background: [epoch 110]  average training loss: 1478.8870
cellbender:remove-background: [epoch 110] average test loss: 1462.9465
cellbender:remove-background: [epoch 111]  average training loss: 1477.4348
cellbender:remove-background: [epoch 112]  average training loss: 1476.6684
cellbender:remove-background: [epoch 113]  average training loss: 1477.8335
cellbender:remove-background: [epoch 114]  average training loss: 1476.7181
cellbender:remove-background: [epoch 115]  average training loss: 1477.5558
cellbender:remove-background: [epoch 115] average test loss: 1466.1673
cellbender:remove-background: [epoch 116]  average training loss: 1479.0381
cellbender:remove-background: [epoch 117]  average training loss: 1476.8594
cellbender:remove-background: [epoch 118]  average training loss: 1478.1009
cellbender:remove-background: [epoch 119]  average training loss: 1476.6200
cellbender:remove-background: [epoch 120]  average training loss: 1477.0689
cellbender:remove-background: [epoch 120] average test loss: 1468.6166
cellbender:remove-background: [epoch 121]  average training loss: 1477.3406
cellbender:remove-background: [epoch 122]  average training loss: 1477.4703
cellbender:remove-background: [epoch 123]  average training loss: 1477.0882
cellbender:remove-background: [epoch 124]  average training loss: 1476.1495
cellbender:remove-background: [epoch 125]  average training loss: 1475.8228
cellbender:remove-background: [epoch 125] average test loss: 1465.1277
cellbender:remove-background: [epoch 126]  average training loss: 1476.6304
cellbender:remove-background: [epoch 127]  average training loss: 1476.5103
cellbender:remove-background: [epoch 128]  average training loss: 1476.7119
cellbender:remove-background: [epoch 129]  average training loss: 1476.3902
cellbender:remove-background: [epoch 130]  average training loss: 1476.4130
cellbender:remove-background: [epoch 130] average test loss: 1469.3237
cellbender:remove-background: [epoch 131]  average training loss: 1476.4584
cellbender:remove-background: [epoch 132]  average training loss: 1476.2729
cellbender:remove-background: [epoch 133]  average training loss: 1475.8361
cellbender:remove-background: [epoch 134]  average training loss: 1476.6372
cellbender:remove-background: [epoch 135]  average training loss: 1475.7282
cellbender:remove-background: [epoch 135] average test loss: 1469.2539
cellbender:remove-background: [epoch 136]  average training loss: 1474.6098
cellbender:remove-background: [epoch 137]  average training loss: 1475.6846
cellbender:remove-background: [epoch 138]  average training loss: 1476.4986
cellbender:remove-background: [epoch 139]  average training loss: 1475.1254
cellbender:remove-background: [epoch 140]  average training loss: 1475.5525
cellbender:remove-background: [epoch 140] average test loss: 1466.7895
cellbender:remove-background: [epoch 141]  average training loss: 1474.2060
cellbender:remove-background: [epoch 142]  average training loss: 1475.3545
cellbender:remove-background: [epoch 143]  average training loss: 1474.4848
cellbender:remove-background: [epoch 144]  average training loss: 1474.9008
cellbender:remove-background: [epoch 145]  average training loss: 1475.2889
cellbender:remove-background: [epoch 145] average test loss: 1467.6552
cellbender:remove-background: [epoch 146]  average training loss: 1474.2935
cellbender:remove-background: [epoch 147]  average training loss: 1475.0128
cellbender:remove-background: [epoch 148]  average training loss: 1475.1434
cellbender:remove-background: [epoch 149]  average training loss: 1474.9348
cellbender:remove-background: [epoch 150]  average training loss: 1473.8983
cellbender:remove-background: [epoch 150] average test loss: 1466.0449
cellbender:remove-background: Saving a checkpoint...
cellbender:remove-background: Saved checkpoint as /weka/scratch/scratch/Mon/mabdel03/Tsai_Data/Cellbender_Outputs/20128523/ckpt.tar.gz
cellbender:remove-background: 2026-01-31 20:14:38
cellbender:remove-background: Inference procedure complete.
cellbender:remove-background: Attempting to unpack tarball "ckpt.tar.gz" to /tmp/tmpiuqa6qkv
cellbender:remove-background: Successfully unpacked tarball to /tmp/tmpiuqa6qkv
/tmp/tmpiuqa6qkv/7faf3aa6ce_random.pyro
/tmp/tmpiuqa6qkv/7faf3aa6ce_random.cuda
/tmp/tmpiuqa6qkv/7faf3aa6ce_model.torch
/tmp/tmpiuqa6qkv/7faf3aa6ce_optim.torch
/tmp/tmpiuqa6qkv/7faf3aa6ce_optim.pyro
/tmp/tmpiuqa6qkv/7faf3aa6ce_params.pyro
/tmp/tmpiuqa6qkv/7faf3aa6ce_train.loaderstate
/tmp/tmpiuqa6qkv/7faf3aa6ce_test.loaderstate
/tmp/tmpiuqa6qkv/7faf3aa6ce_args.npy
cellbender:remove-background: Posterior not currently included in checkpoint.
cellbender:remove-background: Computing posterior noise count probabilities in mini-batches.
cellbender:remove-background: Working on chunk (1/57)
cellbender:remove-background:     [0.03 mins per chunk]
cellbender:remove-background: Working on chunk (2/57)
cellbender:remove-background: Working on chunk (3/57)
cellbender:remove-background: Working on chunk (4/57)
cellbender:remove-background: Working on chunk (5/57)
cellbender:remove-background: Working on chunk (6/57)
cellbender:remove-background: Working on chunk (7/57)
cellbender:remove-background: Working on chunk (8/57)
cellbender:remove-background: Working on chunk (9/57)
cellbender:remove-background: Working on chunk (10/57)
cellbender:remove-background: Working on chunk (11/57)
cellbender:remove-background: Working on chunk (12/57)
cellbender:remove-background: Working on chunk (13/57)
cellbender:remove-background: Working on chunk (14/57)
cellbender:remove-background: Working on chunk (15/57)
cellbender:remove-background: Working on chunk (16/57)
cellbender:remove-background: Working on chunk (17/57)
cellbender:remove-background: Working on chunk (18/57)
cellbender:remove-background: Working on chunk (19/57)
cellbender:remove-background: Working on chunk (20/57)
cellbender:remove-background: Working on chunk (21/57)
cellbender:remove-background: Working on chunk (22/57)
cellbender:remove-background: Working on chunk (23/57)
cellbender:remove-background: Working on chunk (24/57)
cellbender:remove-background: Working on chunk (25/57)
cellbender:remove-background: Working on chunk (26/57)
cellbender:remove-background: Working on chunk (27/57)
cellbender:remove-background: Working on chunk (28/57)
cellbender:remove-background: Working on chunk (29/57)
cellbender:remove-background: Working on chunk (30/57)
cellbender:remove-background: Working on chunk (31/57)
cellbender:remove-background: Working on chunk (32/57)
cellbender:remove-background: Working on chunk (33/57)
cellbender:remove-background: Working on chunk (34/57)
cellbender:remove-background: Working on chunk (35/57)
cellbender:remove-background: Working on chunk (36/57)
cellbender:remove-background: Working on chunk (37/57)
cellbender:remove-background: Working on chunk (38/57)
cellbender:remove-background: Working on chunk (39/57)
cellbender:remove-background: Working on chunk (40/57)
cellbender:remove-background: Working on chunk (41/57)
cellbender:remove-background: Working on chunk (42/57)
cellbender:remove-background: Working on chunk (43/57)
cellbender:remove-background: Working on chunk (44/57)
cellbender:remove-background: Working on chunk (45/57)
cellbender:remove-background: Working on chunk (46/57)
cellbender:remove-background: Working on chunk (47/57)
cellbender:remove-background: Working on chunk (48/57)
cellbender:remove-background: Working on chunk (49/57)
cellbender:remove-background: Working on chunk (50/57)
cellbender:remove-background: Working on chunk (51/57)
cellbender:remove-background: Working on chunk (52/57)
cellbender:remove-background: Working on chunk (53/57)
cellbender:remove-background: Working on chunk (54/57)
cellbender:remove-background: Working on chunk (55/57)
cellbender:remove-background: Working on chunk (56/57)
cellbender:remove-background: Working on chunk (57/57)
cellbender:remove-background: Writing full posterior to /om/scratch/Mon/mabdel03/Tsai_Data/Cellbender_Outputs/20128523/processed_feature_bc_matrix_posterior.h5
cellbender:remove-background: Succeeded in writing posterior to file /om/scratch/Mon/mabdel03/Tsai_Data/Cellbender_Outputs/20128523/processed_feature_bc_matrix_posterior.h5
cellbender:remove-background: Added posterior object to checkpoint file.
cellbender:remove-background: 2026-01-31 20:17:59

cellbender:remove-background: Saved summary plots as /om/scratch/Mon/mabdel03/Tsai_Data/Cellbender_Outputs/20128523/processed_feature_bc_matrix.pdf
cellbender:remove-background: Saved cell barcodes in /om/scratch/Mon/mabdel03/Tsai_Data/Cellbender_Outputs/20128523/processed_feature_bc_matrix_cell_barcodes.csv
cellbender:remove-background: Computing target noise counts per gene for MCKP estimator
cellbender:remove-background: Using MCKP noise targets computed for FPR 0.0
cellbender:remove-background: Computing denoised counts using mckp estimator
cellbender:remove-background: Working on chunk (1/7)
cellbender:remove-background:     [0.59 mins per chunk]
cellbender:remove-background: Working on chunk (2/7)
cellbender:remove-background: Working on chunk (3/7)
cellbender:remove-background: Working on chunk (4/7)
cellbender:remove-background: Working on chunk (5/7)
cellbender:remove-background: Working on chunk (6/7)
cellbender:remove-background: Working on chunk (7/7)
cellbender:remove-background: 2026-01-31 20:22:22 Total MCKP estimation time = 250.75 sec
cellbender:remove-background: Succeeded in writing CellRanger format output to file /om/scratch/Mon/mabdel03/Tsai_Data/Cellbender_Outputs/20128523/processed_feature_bc_matrix.h5
cellbender:remove-background: Succeeded in writing CellRanger format output to file /om/scratch/Mon/mabdel03/Tsai_Data/Cellbender_Outputs/20128523/processed_feature_bc_matrix_filtered.h5
cellbender:remove-background: Saved output metrics as /om/scratch/Mon/mabdel03/Tsai_Data/Cellbender_Outputs/20128523/processed_feature_bc_matrix_metrics.csv
[NbConvertApp] Converting notebook tmp.report.ipynb to notebook
[NbConvertApp] Writing 528426 bytes to tmp.report.nbconvert.ipynb
[NbConvertApp] Converting notebook tmp.report.nbconvert.ipynb to html
[NbConvertApp] Writing 1103113 bytes to tmp.report.nbconvert.html
cellbender:remove-background: Succeeded in writing report to /om/scratch/Mon/mabdel03/Tsai_Data/Cellbender_Outputs/20128523/processed_feature_bc_matrix_report.html
cellbender:remove-background: Completed remove-background.
cellbender:remove-background: 2026-01-31 20:22:47

