cellbender:remove-background: Command:
cellbender remove-background --cuda --input /tmp/cellbender_44649335_83/raw_feature_bc_matrix.h5 --fpr 0 --output /om/scratch/Mon/mabdel03/Tsai_Data/Cellbender_Outputs/15113169/processed_feature_bc_matrix.h5
cellbender:remove-background: CellBender 0.3.0
cellbender:remove-background: (Workflow hash e06c22f0f5)
cellbender:remove-background: 2026-01-31 18:56:00
cellbender:remove-background: Running remove-background
cellbender:remove-background: Loading data from /tmp/cellbender_44649335_83/raw_feature_bc_matrix.h5
cellbender:remove-background: CellRanger v3 format
cellbender:remove-background: Features in dataset: 36601 Gene Expression
cellbender:remove-background: Trimming features for inference.
cellbender:remove-background: 31712 features have nonzero counts.
cellbender:remove-background: Prior on counts for cells is 7320
cellbender:remove-background: Prior on counts for empty droplets is 108
cellbender:remove-background: Excluding 8782 features that are estimated to have <= 0.1 background counts in cells.
cellbender:remove-background: Including 22930 features in the analysis.
cellbender:remove-background: Trimming barcodes for inference.
cellbender:remove-background: Excluding barcodes with counts below 54
cellbender:remove-background: Using 3389 probable cell barcodes, plus an additional 11314 barcodes, and 65029 empty droplets.
cellbender:remove-background: Largest surely-empty droplet has 139 UMI counts.
cellbender:remove-background: Attempting to unpack tarball "ckpt.tar.gz" to /tmp/tmp0z2sztsh
cellbender:remove-background: No saved checkpoint.
cellbender:remove-background: No checkpoint loaded.
cellbender:remove-background: Running inference...
cellbender:remove-background: [epoch 001]  average training loss: 9651.7682
cellbender:remove-background: [epoch 002]  average training loss: 8070.1146  (5.0 seconds per epoch)
cellbender:remove-background: Will checkpoint every 85 epochs
cellbender:remove-background: [epoch 003]  average training loss: 6722.4627
cellbender:remove-background: [epoch 004]  average training loss: 6061.2261
cellbender:remove-background: [epoch 005]  average training loss: 5579.0526
cellbender:remove-background: [epoch 005] average test loss: 5413.9348
cellbender:remove-background: [epoch 006]  average training loss: 5291.9507
cellbender:remove-background: [epoch 007]  average training loss: 5252.0152
cellbender:remove-background: [epoch 008]  average training loss: 5173.9102
cellbender:remove-background: [epoch 009]  average training loss: 5128.0381
cellbender:remove-background: [epoch 010]  average training loss: 5133.3576
cellbender:remove-background: [epoch 010] average test loss: 4898.8479
cellbender:remove-background: [epoch 011]  average training loss: 5087.1838
cellbender:remove-background: [epoch 012]  average training loss: 5059.4639
cellbender:remove-background: [epoch 013]  average training loss: 4945.9847
cellbender:remove-background: [epoch 014]  average training loss: 4856.6555
cellbender:remove-background: [epoch 015]  average training loss: 4849.2285
cellbender:remove-background: [epoch 015] average test loss: 4687.2093
cellbender:remove-background: [epoch 016]  average training loss: 4813.9478
cellbender:remove-background: [epoch 017]  average training loss: 4805.3020
cellbender:remove-background: [epoch 018]  average training loss: 4788.6078
cellbender:remove-background: [epoch 019]  average training loss: 4782.9111
cellbender:remove-background: [epoch 020]  average training loss: 4745.7804
cellbender:remove-background: [epoch 020] average test loss: 4604.9320
cellbender:remove-background: [epoch 021]  average training loss: 4745.6128
cellbender:remove-background: [epoch 022]  average training loss: 4725.6043
cellbender:remove-background: [epoch 023]  average training loss: 4736.5691
cellbender:remove-background: [epoch 024]  average training loss: 4713.6264
cellbender:remove-background: [epoch 025]  average training loss: 4687.7808
cellbender:remove-background: [epoch 025] average test loss: 4550.5879
cellbender:remove-background: [epoch 026]  average training loss: 4672.8084
cellbender:remove-background: [epoch 027]  average training loss: 4657.2264
cellbender:remove-background: [epoch 028]  average training loss: 4641.5815
cellbender:remove-background: [epoch 029]  average training loss: 4624.9099
cellbender:remove-background: [epoch 030]  average training loss: 4618.4273
cellbender:remove-background: [epoch 030] average test loss: 4492.2513
cellbender:remove-background: [epoch 031]  average training loss: 4615.6991
cellbender:remove-background: [epoch 032]  average training loss: 4609.2492
cellbender:remove-background: [epoch 033]  average training loss: 4600.0459
cellbender:remove-background: [epoch 034]  average training loss: 4598.4355
cellbender:remove-background: [epoch 035]  average training loss: 4592.4155
cellbender:remove-background: [epoch 035] average test loss: 4464.1793
cellbender:remove-background: [epoch 036]  average training loss: 4590.5051
cellbender:remove-background: [epoch 037]  average training loss: 4586.3827
cellbender:remove-background: [epoch 038]  average training loss: 4581.6698
cellbender:remove-background: [epoch 039]  average training loss: 4578.1901
cellbender:remove-background: [epoch 040]  average training loss: 4575.9371
cellbender:remove-background: [epoch 040] average test loss: 4436.5329
cellbender:remove-background: [epoch 041]  average training loss: 4569.8075
cellbender:remove-background: [epoch 042]  average training loss: 4567.6003
cellbender:remove-background: [epoch 043]  average training loss: 4563.9138
cellbender:remove-background: [epoch 044]  average training loss: 4563.3995
cellbender:remove-background: [epoch 045]  average training loss: 4561.9201
cellbender:remove-background: [epoch 045] average test loss: 4431.0197
cellbender:remove-background: [epoch 046]  average training loss: 4559.5595
cellbender:remove-background: [epoch 047]  average training loss: 4559.7246
cellbender:remove-background: [epoch 048]  average training loss: 4559.0939
cellbender:remove-background: [epoch 049]  average training loss: 4559.1120
cellbender:remove-background: [epoch 050]  average training loss: 4559.5400
cellbender:remove-background: [epoch 050] average test loss: 4450.3427
cellbender:remove-background: [epoch 051]  average training loss: 4553.9956
cellbender:remove-background: [epoch 052]  average training loss: 4551.4279
cellbender:remove-background: [epoch 053]  average training loss: 4556.2348
cellbender:remove-background: [epoch 054]  average training loss: 4547.6235
cellbender:remove-background: [epoch 055]  average training loss: 4557.8510
cellbender:remove-background: [epoch 055] average test loss: 4418.2177
cellbender:remove-background: [epoch 056]  average training loss: 4550.4250
cellbender:remove-background: [epoch 057]  average training loss: 4550.5749
cellbender:remove-background: [epoch 058]  average training loss: 4552.9267
cellbender:remove-background: [epoch 059]  average training loss: 4556.3797
cellbender:remove-background: [epoch 060]  average training loss: 4563.0208
cellbender:remove-background: [epoch 060] average test loss: 4421.5000
cellbender:remove-background: [epoch 061]  average training loss: 4555.4199
cellbender:remove-background: [epoch 062]  average training loss: 4553.3075
cellbender:remove-background: [epoch 063]  average training loss: 4563.5735
cellbender:remove-background: [epoch 064]  average training loss: 4557.8546
cellbender:remove-background: [epoch 065]  average training loss: 4556.7156
cellbender:remove-background: [epoch 065] average test loss: 4416.4698
cellbender:remove-background: [epoch 066]  average training loss: 4550.1661
cellbender:remove-background: [epoch 067]  average training loss: 4552.1420
cellbender:remove-background: [epoch 068]  average training loss: 4555.1181
cellbender:remove-background: [epoch 069]  average training loss: 4547.8440
cellbender:remove-background: [epoch 070]  average training loss: 4558.9351
cellbender:remove-background: [epoch 070] average test loss: 4453.0402
cellbender:remove-background: [epoch 071]  average training loss: 4548.5008
cellbender:remove-background: [epoch 072]  average training loss: 4545.1456
cellbender:remove-background: [epoch 073]  average training loss: 4552.8502
cellbender:remove-background: [epoch 074]  average training loss: 4553.4807
cellbender:remove-background: [epoch 075]  average training loss: 4575.7626
cellbender:remove-background: [epoch 075] average test loss: 4467.7589
cellbender:remove-background: [epoch 076]  average training loss: 4571.6929
cellbender:remove-background: [epoch 077]  average training loss: 4570.1332
cellbender:remove-background: [epoch 078]  average training loss: 4559.2665
cellbender:remove-background: [epoch 079]  average training loss: 4565.5442
cellbender:remove-background: [epoch 080]  average training loss: 4550.3085
cellbender:remove-background: [epoch 080] average test loss: 4496.7071
cellbender:remove-background: [epoch 081]  average training loss: 4568.7004
cellbender:remove-background: [epoch 082]  average training loss: 4545.5108
cellbender:remove-background: [epoch 083]  average training loss: 4577.9461
cellbender:remove-background: [epoch 084]  average training loss: 4571.3253
cellbender:remove-background: [epoch 085]  average training loss: 4570.4142
cellbender:remove-background: [epoch 085] average test loss: 4527.1882
cellbender:remove-background: Saving a checkpoint...
cellbender:remove-background: Saved checkpoint as /weka/scratch/scratch/Mon/mabdel03/Tsai_Data/Cellbender_Outputs/15113169/ckpt.tar.gz
cellbender:remove-background: [epoch 086]  average training loss: 4584.6104
cellbender:remove-background: [epoch 087]  average training loss: 4594.0823
cellbender:remove-background: [epoch 088]  average training loss: 4567.8988
cellbender:remove-background: [epoch 089]  average training loss: 4585.6656
cellbender:remove-background: [epoch 090]  average training loss: 4579.5564
cellbender:remove-background: [epoch 090] average test loss: 4565.2799
cellbender:remove-background: [epoch 091]  average training loss: 4563.9998
cellbender:remove-background: [epoch 092]  average training loss: 4599.7472
cellbender:remove-background: [epoch 093]  average training loss: 4609.5973
cellbender:remove-background: [epoch 094]  average training loss: 4578.5494
cellbender:remove-background: [epoch 095]  average training loss: 4597.5083
cellbender:remove-background: [epoch 095] average test loss: 4522.3720
cellbender:remove-background: [epoch 096]  average training loss: 4579.7020
cellbender:remove-background: [epoch 097]  average training loss: 4575.9113
cellbender:remove-background: [epoch 098]  average training loss: 4581.9974
cellbender:remove-background: [epoch 099]  average training loss: 4570.9755
cellbender:remove-background: [epoch 100]  average training loss: 4570.3246
cellbender:remove-background: [epoch 100] average test loss: 4527.2092
cellbender:remove-background: [epoch 101]  average training loss: 4557.9880
cellbender:remove-background: [epoch 102]  average training loss: 4564.7139
cellbender:remove-background: [epoch 103]  average training loss: 4587.9407
cellbender:remove-background: [epoch 104]  average training loss: 4571.1568
cellbender:remove-background: [epoch 105]  average training loss: 4568.7542
cellbender:remove-background: [epoch 105] average test loss: 4539.0758
cellbender:remove-background: [epoch 106]  average training loss: 4555.4698
cellbender:remove-background: [epoch 107]  average training loss: 4583.5000
cellbender:remove-background: [epoch 108]  average training loss: 4584.8669
cellbender:remove-background: [epoch 109]  average training loss: 4575.6440
cellbender:remove-background: [epoch 110]  average training loss: 4552.2918
cellbender:remove-background: [epoch 110] average test loss: 4497.2172
cellbender:remove-background: [epoch 111]  average training loss: 4579.3655
cellbender:remove-background: [epoch 112]  average training loss: 4564.0704
cellbender:remove-background: [epoch 113]  average training loss: 4557.3588
cellbender:remove-background: [epoch 114]  average training loss: 4575.2104
cellbender:remove-background: [epoch 115]  average training loss: 4552.5300
cellbender:remove-background: [epoch 115] average test loss: 4460.9834
cellbender:remove-background: [epoch 116]  average training loss: 4559.9450
cellbender:remove-background: [epoch 117]  average training loss: 4558.4658
cellbender:remove-background: [epoch 118]  average training loss: 4565.2975
cellbender:remove-background: [epoch 119]  average training loss: 4566.1178
cellbender:remove-background: [epoch 120]  average training loss: 4567.1944
cellbender:remove-background: [epoch 120] average test loss: 4515.8192
cellbender:remove-background: [epoch 121]  average training loss: 4569.4928
cellbender:remove-background: [epoch 122]  average training loss: 4548.9354
cellbender:remove-background: [epoch 123]  average training loss: 4579.5370
cellbender:remove-background: [epoch 124]  average training loss: 4549.3789
cellbender:remove-background: [epoch 125]  average training loss: 4567.4841
cellbender:remove-background: [epoch 125] average test loss: 4495.9311
cellbender:remove-background: [epoch 126]  average training loss: 4586.8302
cellbender:remove-background: [epoch 127]  average training loss: 4577.6164
cellbender:remove-background: [epoch 128]  average training loss: 4559.3296
cellbender:remove-background: [epoch 129]  average training loss: 4552.5084
cellbender:remove-background: [epoch 130]  average training loss: 4589.5152
cellbender:remove-background: [epoch 130] average test loss: 4546.1942
cellbender:remove-background: [epoch 131]  average training loss: 4553.4375
cellbender:remove-background: [epoch 132]  average training loss: 4557.8363
cellbender:remove-background: [epoch 133]  average training loss: 4582.5601
cellbender:remove-background: [epoch 134]  average training loss: 4558.0185
cellbender:remove-background: [epoch 135]  average training loss: 4549.3783
cellbender:remove-background: [epoch 135] average test loss: 4543.4688
cellbender:remove-background: [epoch 136]  average training loss: 4588.4839
cellbender:remove-background: [epoch 137]  average training loss: 4546.8491
cellbender:remove-background: [epoch 138]  average training loss: 4587.0799
cellbender:remove-background: [epoch 139]  average training loss: 4553.4887
cellbender:remove-background: [epoch 140]  average training loss: 4559.3208
cellbender:remove-background: [epoch 140] average test loss: 4505.7782
cellbender:remove-background: [epoch 141]  average training loss: 4569.3890
cellbender:remove-background: [epoch 142]  average training loss: 4552.1635
cellbender:remove-background: [epoch 143]  average training loss: 4564.0732
cellbender:remove-background: [epoch 144]  average training loss: 4564.0274
cellbender:remove-background: [epoch 145]  average training loss: 4557.4726
cellbender:remove-background: [epoch 145] average test loss: 4517.4411
cellbender:remove-background: [epoch 146]  average training loss: 4561.4936
cellbender:remove-background: [epoch 147]  average training loss: 4565.6483
cellbender:remove-background: [epoch 148]  average training loss: 4545.8590
cellbender:remove-background: [epoch 149]  average training loss: 4553.7153
cellbender:remove-background: [epoch 150]  average training loss: 4567.8471
cellbender:remove-background: [epoch 150] average test loss: 4511.0961
cellbender:remove-background: Saving a checkpoint...
cellbender:remove-background: Saved checkpoint as /weka/scratch/scratch/Mon/mabdel03/Tsai_Data/Cellbender_Outputs/15113169/ckpt.tar.gz
cellbender:remove-background: 2026-01-31 19:11:16
cellbender:remove-background: Inference procedure complete.
cellbender:remove-background: Attempting to unpack tarball "ckpt.tar.gz" to /tmp/tmp6zliijl8
cellbender:remove-background: Successfully unpacked tarball to /tmp/tmp6zliijl8
/tmp/tmp6zliijl8/e06c22f0f5_random.pyro
/tmp/tmp6zliijl8/e06c22f0f5_random.cuda
/tmp/tmp6zliijl8/e06c22f0f5_model.torch
/tmp/tmp6zliijl8/e06c22f0f5_optim.torch
/tmp/tmp6zliijl8/e06c22f0f5_optim.pyro
/tmp/tmp6zliijl8/e06c22f0f5_params.pyro
/tmp/tmp6zliijl8/e06c22f0f5_train.loaderstate
/tmp/tmp6zliijl8/e06c22f0f5_test.loaderstate
/tmp/tmp6zliijl8/e06c22f0f5_args.npy
cellbender:remove-background: Posterior not currently included in checkpoint.
cellbender:remove-background: Computing posterior noise count probabilities in mini-batches.
cellbender:remove-background: Working on chunk (1/60)
cellbender:remove-background:     [0.04 mins per chunk]
cellbender:remove-background: Working on chunk (2/60)
cellbender:remove-background: Working on chunk (3/60)
cellbender:remove-background: Working on chunk (4/60)
cellbender:remove-background: Working on chunk (5/60)
cellbender:remove-background: Working on chunk (6/60)
cellbender:remove-background: Working on chunk (7/60)
cellbender:remove-background: Working on chunk (8/60)
cellbender:remove-background: Working on chunk (9/60)
cellbender:remove-background: Working on chunk (10/60)
cellbender:remove-background: Working on chunk (11/60)
cellbender:remove-background: Working on chunk (12/60)
cellbender:remove-background: Working on chunk (13/60)
cellbender:remove-background: Working on chunk (14/60)
cellbender:remove-background: Working on chunk (15/60)
cellbender:remove-background: Working on chunk (16/60)
cellbender:remove-background: Working on chunk (17/60)
cellbender:remove-background: Working on chunk (18/60)
cellbender:remove-background: Working on chunk (19/60)
cellbender:remove-background: Working on chunk (20/60)
cellbender:remove-background: Working on chunk (21/60)
cellbender:remove-background: Working on chunk (22/60)
cellbender:remove-background: Working on chunk (23/60)
cellbender:remove-background: Working on chunk (24/60)
cellbender:remove-background: Working on chunk (25/60)
cellbender:remove-background: Working on chunk (26/60)
cellbender:remove-background: Working on chunk (27/60)
cellbender:remove-background: Working on chunk (28/60)
cellbender:remove-background: Working on chunk (29/60)
cellbender:remove-background: Working on chunk (30/60)
cellbender:remove-background: Working on chunk (31/60)
cellbender:remove-background: Working on chunk (32/60)
cellbender:remove-background: Working on chunk (33/60)
cellbender:remove-background: Working on chunk (34/60)
cellbender:remove-background: Working on chunk (35/60)
cellbender:remove-background: Working on chunk (36/60)
cellbender:remove-background: Working on chunk (37/60)
cellbender:remove-background: Working on chunk (38/60)
cellbender:remove-background: Working on chunk (39/60)
cellbender:remove-background: Working on chunk (40/60)
cellbender:remove-background: Working on chunk (41/60)
cellbender:remove-background: Working on chunk (42/60)
cellbender:remove-background: Working on chunk (43/60)
cellbender:remove-background: Working on chunk (44/60)
cellbender:remove-background: Working on chunk (45/60)
cellbender:remove-background: Working on chunk (46/60)
cellbender:remove-background: Working on chunk (47/60)
cellbender:remove-background: Working on chunk (48/60)
cellbender:remove-background: Working on chunk (49/60)
cellbender:remove-background: Working on chunk (50/60)
cellbender:remove-background: Working on chunk (51/60)
cellbender:remove-background: Working on chunk (52/60)
cellbender:remove-background: Working on chunk (53/60)
cellbender:remove-background: Working on chunk (54/60)
cellbender:remove-background: Working on chunk (55/60)
cellbender:remove-background: Working on chunk (56/60)
cellbender:remove-background: Working on chunk (57/60)
cellbender:remove-background: Working on chunk (58/60)
cellbender:remove-background: Working on chunk (59/60)
cellbender:remove-background: Working on chunk (60/60)
cellbender:remove-background: Writing full posterior to /om/scratch/Mon/mabdel03/Tsai_Data/Cellbender_Outputs/15113169/processed_feature_bc_matrix_posterior.h5
cellbender:remove-background: Succeeded in writing posterior to file /om/scratch/Mon/mabdel03/Tsai_Data/Cellbender_Outputs/15113169/processed_feature_bc_matrix_posterior.h5
cellbender:remove-background: Added posterior object to checkpoint file.
cellbender:remove-background: 2026-01-31 19:16:22

cellbender:remove-background: Saved summary plots as /om/scratch/Mon/mabdel03/Tsai_Data/Cellbender_Outputs/15113169/processed_feature_bc_matrix.pdf
cellbender:remove-background: Saved cell barcodes in /om/scratch/Mon/mabdel03/Tsai_Data/Cellbender_Outputs/15113169/processed_feature_bc_matrix_cell_barcodes.csv
cellbender:remove-background: Computing target noise counts per gene for MCKP estimator
cellbender:remove-background: Using MCKP noise targets computed for FPR 0.0
cellbender:remove-background: Computing denoised counts using mckp estimator
cellbender:remove-background: Working on chunk (1/7)
cellbender:remove-background:     [2.03 mins per chunk]
cellbender:remove-background: Working on chunk (2/7)
cellbender:remove-background: Working on chunk (3/7)
cellbender:remove-background: Working on chunk (4/7)
cellbender:remove-background: Working on chunk (5/7)
cellbender:remove-background: Working on chunk (6/7)
cellbender:remove-background: Working on chunk (7/7)
cellbender:remove-background: 2026-01-31 19:30:58 Total MCKP estimation time = 832.66 sec
cellbender:remove-background: Succeeded in writing CellRanger format output to file /om/scratch/Mon/mabdel03/Tsai_Data/Cellbender_Outputs/15113169/processed_feature_bc_matrix.h5
cellbender:remove-background: Succeeded in writing CellRanger format output to file /om/scratch/Mon/mabdel03/Tsai_Data/Cellbender_Outputs/15113169/processed_feature_bc_matrix_filtered.h5
cellbender:remove-background: Saved output metrics as /om/scratch/Mon/mabdel03/Tsai_Data/Cellbender_Outputs/15113169/processed_feature_bc_matrix_metrics.csv
[NbConvertApp] Converting notebook tmp.report.ipynb to notebook
[NbConvertApp] Writing 493681 bytes to tmp.report.nbconvert.ipynb
[NbConvertApp] Converting notebook tmp.report.nbconvert.ipynb to html
[NbConvertApp] Writing 1068404 bytes to tmp.report.nbconvert.html
cellbender:remove-background: Succeeded in writing report to /om/scratch/Mon/mabdel03/Tsai_Data/Cellbender_Outputs/15113169/processed_feature_bc_matrix_report.html
cellbender:remove-background: Completed remove-background.
cellbender:remove-background: 2026-01-31 19:31:42

