cellbender:remove-background: Command:
cellbender remove-background --cuda --input /om/scratch/Mon/mabdel03/Tsai_Data/Cellranger_Outputs/50102376/outs/raw_feature_bc_matrix.h5 --fpr 0 --output /om/scratch/Mon/mabdel03/Tsai_Data/Cellbender_Outputs/50102376/processed_feature_bc_matrix.h5
cellbender:remove-background: CellBender 0.3.0
cellbender:remove-background: (Workflow hash 197f56f16c)
cellbender:remove-background: 2026-02-01 21:29:04
cellbender:remove-background: Running remove-background
cellbender:remove-background: Loading data from /om/scratch/Mon/mabdel03/Tsai_Data/Cellranger_Outputs/50102376/outs/raw_feature_bc_matrix.h5
cellbender:remove-background: CellRanger v3 format
cellbender:remove-background: Features in dataset: 36601 Gene Expression
cellbender:remove-background: Trimming features for inference.
cellbender:remove-background: 30290 features have nonzero counts.
cellbender:remove-background: Prior on counts for cells is 1445
cellbender:remove-background: Prior on counts for empty droplets is 539
cellbender:remove-background: Excluding 3707 features that are estimated to have <= 0.1 background counts in cells.
cellbender:remove-background: Including 26583 features in the analysis.
cellbender:remove-background: Trimming barcodes for inference.
cellbender:remove-background: Excluding barcodes with counts below 269
cellbender:remove-background: Using 5242 probable cell barcodes, plus an additional 16440 barcodes, and 31904 empty droplets.
cellbender:remove-background: Largest surely-empty droplet has 658 UMI counts.
cellbender:remove-background: Attempting to unpack tarball "ckpt.tar.gz" to /tmp/tmp5jlf1dgr
cellbender:remove-background: No saved checkpoint.
cellbender:remove-background: No checkpoint loaded.
cellbender:remove-background: Running inference...
cellbender:remove-background: [epoch 001]  average training loss: 3498.1352
cellbender:remove-background: [epoch 002]  average training loss: 3351.5008  (12.7 seconds per epoch)
cellbender:remove-background: Will checkpoint every 34 epochs
cellbender:remove-background: [epoch 003]  average training loss: 3281.9930
cellbender:remove-background: [epoch 004]  average training loss: 3159.1830
cellbender:remove-background: [epoch 005]  average training loss: 3091.6031
cellbender:remove-background: [epoch 005] average test loss: 3052.7641
cellbender:remove-background: [epoch 006]  average training loss: 3051.3953
cellbender:remove-background: [epoch 007]  average training loss: 3035.9984
cellbender:remove-background: [epoch 008]  average training loss: 3020.8652
cellbender:remove-background: [epoch 009]  average training loss: 3032.3665
cellbender:remove-background: [epoch 010]  average training loss: 3046.7868
cellbender:remove-background: [epoch 010] average test loss: 3018.5013
cellbender:remove-background: [epoch 011]  average training loss: 3038.4818
cellbender:remove-background: [epoch 012]  average training loss: 3036.6009
cellbender:remove-background: [epoch 013]  average training loss: 3033.8971
cellbender:remove-background: [epoch 014]  average training loss: 3048.1348
cellbender:remove-background: [epoch 015]  average training loss: 3051.0726
cellbender:remove-background: [epoch 015] average test loss: 3049.6860
cellbender:remove-background: [epoch 016]  average training loss: 3052.3222
cellbender:remove-background: [epoch 017]  average training loss: 3052.6582
cellbender:remove-background: [epoch 018]  average training loss: 3051.6936
cellbender:remove-background: [epoch 019]  average training loss: 3066.6972
cellbender:remove-background: [epoch 020]  average training loss: 3072.8762
cellbender:remove-background: [epoch 020] average test loss: 3043.4744
cellbender:remove-background: [epoch 021]  average training loss: 3122.2473
cellbender:remove-background: [epoch 022]  average training loss: 3221.0140
cellbender:remove-background: [epoch 023]  average training loss: 3240.2903
cellbender:remove-background: [epoch 024]  average training loss: 3249.7432
cellbender:remove-background: [epoch 025]  average training loss: 3251.8026
cellbender:remove-background: [epoch 025] average test loss: 3208.9619
cellbender:remove-background: [epoch 026]  average training loss: 3249.6148
cellbender:remove-background: [epoch 027]  average training loss: 3252.8469
cellbender:remove-background: [epoch 028]  average training loss: 3257.4047
cellbender:remove-background: [epoch 029]  average training loss: 3257.0230
cellbender:remove-background: [epoch 030]  average training loss: 3251.0885
cellbender:remove-background: [epoch 030] average test loss: 3243.9637
cellbender:remove-background: [epoch 031]  average training loss: 3253.8341
cellbender:remove-background: [epoch 032]  average training loss: 3259.9966
cellbender:remove-background: [epoch 033]  average training loss: 3258.9060
cellbender:remove-background: [epoch 034]  average training loss: 3254.6146
cellbender:remove-background: Saving a checkpoint...
cellbender:remove-background: Saved checkpoint as /weka/scratch/scratch/Mon/mabdel03/Tsai_Data/Cellbender_Outputs/50102376/ckpt.tar.gz
cellbender:remove-background: [epoch 035]  average training loss: 3256.7448
cellbender:remove-background: [epoch 035] average test loss: 3255.8389
cellbender:remove-background: [epoch 036]  average training loss: 3251.4742
cellbender:remove-background: [epoch 037]  average training loss: 3249.4363
cellbender:remove-background: [epoch 038]  average training loss: 3252.5690
cellbender:remove-background: [epoch 039]  average training loss: 3255.6659
cellbender:remove-background: [epoch 040]  average training loss: 3244.4025
cellbender:remove-background: [epoch 040] average test loss: 3218.9680
cellbender:remove-background: [epoch 041]  average training loss: 3243.1079
cellbender:remove-background: [epoch 042]  average training loss: 3246.1901
cellbender:remove-background: [epoch 043]  average training loss: 3241.9581
cellbender:remove-background: [epoch 044]  average training loss: 3241.8155
cellbender:remove-background: [epoch 045]  average training loss: 3250.0629
cellbender:remove-background: [epoch 045] average test loss: 3239.4324
cellbender:remove-background: [epoch 046]  average training loss: 3252.1312
cellbender:remove-background: [epoch 047]  average training loss: 3247.6522
cellbender:remove-background: [epoch 048]  average training loss: 3243.8560
cellbender:remove-background: [epoch 049]  average training loss: 3246.2827
cellbender:remove-background: [epoch 050]  average training loss: 3245.5258
cellbender:remove-background: [epoch 050] average test loss: 3239.2095
cellbender:remove-background: [epoch 051]  average training loss: 3245.3403
cellbender:remove-background: [epoch 052]  average training loss: 3245.5364
cellbender:remove-background: [epoch 053]  average training loss: 3248.1638
cellbender:remove-background: [epoch 054]  average training loss: 3243.2621
cellbender:remove-background: [epoch 055]  average training loss: 3243.3400
cellbender:remove-background: [epoch 055] average test loss: 3215.3395
cellbender:remove-background: [epoch 056]  average training loss: 3236.1269
cellbender:remove-background: [epoch 057]  average training loss: 3235.2431
cellbender:remove-background: [epoch 058]  average training loss: 3236.9541
cellbender:remove-background: [epoch 059]  average training loss: 3241.1707
cellbender:remove-background: [epoch 060]  average training loss: 3240.4724
cellbender:remove-background: [epoch 060] average test loss: 3214.9662
cellbender:remove-background: [epoch 061]  average training loss: 3238.8205
cellbender:remove-background: [epoch 062]  average training loss: 3237.1769
cellbender:remove-background: [epoch 063]  average training loss: 3234.8776
cellbender:remove-background: [epoch 064]  average training loss: 3237.6996
cellbender:remove-background: [epoch 065]  average training loss: 3238.8118
cellbender:remove-background: [epoch 065] average test loss: 3222.0707
cellbender:remove-background: [epoch 066]  average training loss: 3240.7694
cellbender:remove-background: [epoch 067]  average training loss: 3238.0199
cellbender:remove-background: [epoch 068]  average training loss: 3234.8390
cellbender:remove-background: Saving a checkpoint...
cellbender:remove-background: Saved checkpoint as /weka/scratch/scratch/Mon/mabdel03/Tsai_Data/Cellbender_Outputs/50102376/ckpt.tar.gz
cellbender:remove-background: [epoch 069]  average training loss: 3234.8827
cellbender:remove-background: [epoch 070]  average training loss: 3236.7000
cellbender:remove-background: [epoch 070] average test loss: 3222.7903
cellbender:remove-background: [epoch 071]  average training loss: 3234.8640
cellbender:remove-background: [epoch 072]  average training loss: 3236.5579
cellbender:remove-background: [epoch 073]  average training loss: 3234.7201
cellbender:remove-background: [epoch 074]  average training loss: 3236.2898
cellbender:remove-background: [epoch 075]  average training loss: 3232.9144
cellbender:remove-background: [epoch 075] average test loss: 3215.0791
cellbender:remove-background: [epoch 076]  average training loss: 3233.9779
cellbender:remove-background: [epoch 077]  average training loss: 3233.4761
cellbender:remove-background: [epoch 078]  average training loss: 3233.4471
cellbender:remove-background: [epoch 079]  average training loss: 3239.2728
cellbender:remove-background: [epoch 080]  average training loss: 3231.4361
cellbender:remove-background: [epoch 080] average test loss: 3225.3672
cellbender:remove-background: [epoch 081]  average training loss: 3234.6225
cellbender:remove-background: [epoch 082]  average training loss: 3230.7067
cellbender:remove-background: [epoch 083]  average training loss: 3232.0196
cellbender:remove-background: [epoch 084]  average training loss: 3233.3396
cellbender:remove-background: [epoch 085]  average training loss: 3231.9481
cellbender:remove-background: [epoch 085] average test loss: 3208.5460
cellbender:remove-background: [epoch 086]  average training loss: 3232.0008
cellbender:remove-background: [epoch 087]  average training loss: 3230.4138
cellbender:remove-background: [epoch 088]  average training loss: 3232.4206
cellbender:remove-background: [epoch 089]  average training loss: 3234.6006
cellbender:remove-background: [epoch 090]  average training loss: 3231.3928
cellbender:remove-background: [epoch 090] average test loss: 3223.9473
cellbender:remove-background: [epoch 091]  average training loss: 3229.8690
cellbender:remove-background: [epoch 092]  average training loss: 3232.3025
cellbender:remove-background: [epoch 093]  average training loss: 3233.2783
cellbender:remove-background: [epoch 094]  average training loss: 3230.5252
cellbender:remove-background: [epoch 095]  average training loss: 3232.6188
cellbender:remove-background: [epoch 095] average test loss: 3206.2334
cellbender:remove-background: [epoch 096]  average training loss: 3228.4572
cellbender:remove-background: [epoch 097]  average training loss: 3230.9209
cellbender:remove-background: [epoch 098]  average training loss: 3233.3614
cellbender:remove-background: [epoch 099]  average training loss: 3231.3533
cellbender:remove-background: [epoch 100]  average training loss: 3232.1194
cellbender:remove-background: [epoch 100] average test loss: 3212.4608
cellbender:remove-background: [epoch 101]  average training loss: 3230.4130
cellbender:remove-background: [epoch 102]  average training loss: 3233.3182
cellbender:remove-background: Saving a checkpoint...
cellbender:remove-background: Saved checkpoint as /weka/scratch/scratch/Mon/mabdel03/Tsai_Data/Cellbender_Outputs/50102376/ckpt.tar.gz
cellbender:remove-background: [epoch 103]  average training loss: 3232.5428
cellbender:remove-background: [epoch 104]  average training loss: 3234.4754
cellbender:remove-background: [epoch 105]  average training loss: 3227.1975
cellbender:remove-background: [epoch 105] average test loss: 3218.2723
cellbender:remove-background: [epoch 106]  average training loss: 3228.0767
cellbender:remove-background: [epoch 107]  average training loss: 3230.8047
cellbender:remove-background: [epoch 108]  average training loss: 3227.7871
cellbender:remove-background: [epoch 109]  average training loss: 3227.9726
cellbender:remove-background: [epoch 110]  average training loss: 3228.7296
cellbender:remove-background: [epoch 110] average test loss: 3208.3301
cellbender:remove-background: [epoch 111]  average training loss: 3225.9350
cellbender:remove-background: [epoch 112]  average training loss: 3229.5383
cellbender:remove-background: [epoch 113]  average training loss: 3227.8138
cellbender:remove-background: [epoch 114]  average training loss: 3229.0275
cellbender:remove-background: [epoch 115]  average training loss: 3231.9391
cellbender:remove-background: [epoch 115] average test loss: 3212.8527
cellbender:remove-background: [epoch 116]  average training loss: 3229.3932
cellbender:remove-background: [epoch 117]  average training loss: 3230.1511
cellbender:remove-background: [epoch 118]  average training loss: 3228.5273
cellbender:remove-background: [epoch 119]  average training loss: 3226.3947
cellbender:remove-background: [epoch 120]  average training loss: 3228.4866
cellbender:remove-background: [epoch 120] average test loss: 3228.2359
cellbender:remove-background: [epoch 121]  average training loss: 3228.2305
cellbender:remove-background: [epoch 122]  average training loss: 3227.9918
cellbender:remove-background: [epoch 123]  average training loss: 3225.8429
cellbender:remove-background: [epoch 124]  average training loss: 3226.2481
cellbender:remove-background: [epoch 125]  average training loss: 3223.9686
cellbender:remove-background: [epoch 125] average test loss: 3226.6635
cellbender:remove-background: [epoch 126]  average training loss: 3225.2174
cellbender:remove-background: [epoch 127]  average training loss: 3227.4612
cellbender:remove-background: [epoch 128]  average training loss: 3228.8504
cellbender:remove-background: [epoch 129]  average training loss: 3227.9552
cellbender:remove-background: [epoch 130]  average training loss: 3227.9206
cellbender:remove-background: [epoch 130] average test loss: 3221.8037
cellbender:remove-background: [epoch 131]  average training loss: 3226.6769
cellbender:remove-background: [epoch 132]  average training loss: 3227.6688
cellbender:remove-background: [epoch 133]  average training loss: 3226.8312
cellbender:remove-background: [epoch 134]  average training loss: 3225.6942
cellbender:remove-background: [epoch 135]  average training loss: 3227.8449
cellbender:remove-background: [epoch 135] average test loss: 3216.2921
cellbender:remove-background: [epoch 136]  average training loss: 3223.6806
cellbender:remove-background: Saving a checkpoint...
cellbender:remove-background: Saved checkpoint as /weka/scratch/scratch/Mon/mabdel03/Tsai_Data/Cellbender_Outputs/50102376/ckpt.tar.gz
cellbender:remove-background: [epoch 137]  average training loss: 3226.5433
cellbender:remove-background: [epoch 138]  average training loss: 3222.6706
cellbender:remove-background: [epoch 139]  average training loss: 3227.0379
cellbender:remove-background: [epoch 140]  average training loss: 3223.9450
cellbender:remove-background: [epoch 140] average test loss: 3217.4940
cellbender:remove-background: [epoch 141]  average training loss: 3226.9117
cellbender:remove-background: [epoch 142]  average training loss: 3226.1268
cellbender:remove-background: [epoch 143]  average training loss: 3225.3381
cellbender:remove-background: [epoch 144]  average training loss: 3224.9866
cellbender:remove-background: [epoch 145]  average training loss: 3224.8614
cellbender:remove-background: [epoch 145] average test loss: 3216.4001
cellbender:remove-background: [epoch 146]  average training loss: 3225.6958
cellbender:remove-background: [epoch 147]  average training loss: 3226.3970
cellbender:remove-background: [epoch 148]  average training loss: 3228.1445
cellbender:remove-background: [epoch 149]  average training loss: 3226.2069
cellbender:remove-background: [epoch 150]  average training loss: 3225.8532
cellbender:remove-background: [epoch 150] average test loss: 3221.9695
cellbender:remove-background: Saving a checkpoint...
cellbender:remove-background: Saved checkpoint as /weka/scratch/scratch/Mon/mabdel03/Tsai_Data/Cellbender_Outputs/50102376/ckpt.tar.gz
cellbender:remove-background: 2026-02-01 22:08:38
cellbender:remove-background: Inference procedure complete.
cellbender:remove-background: Attempting to unpack tarball "ckpt.tar.gz" to /tmp/tmpvbpl4xu7
cellbender:remove-background: Successfully unpacked tarball to /tmp/tmpvbpl4xu7
/tmp/tmpvbpl4xu7/197f56f16c_random.pyro
/tmp/tmpvbpl4xu7/197f56f16c_random.cuda
/tmp/tmpvbpl4xu7/197f56f16c_model.torch
/tmp/tmpvbpl4xu7/197f56f16c_optim.torch
/tmp/tmpvbpl4xu7/197f56f16c_optim.pyro
/tmp/tmpvbpl4xu7/197f56f16c_params.pyro
/tmp/tmpvbpl4xu7/197f56f16c_train.loaderstate
/tmp/tmpvbpl4xu7/197f56f16c_test.loaderstate
/tmp/tmpvbpl4xu7/197f56f16c_args.npy
cellbender:remove-background: Posterior not currently included in checkpoint.
cellbender:remove-background: Computing posterior noise count probabilities in mini-batches.
cellbender:remove-background: Working on chunk (1/167)
cellbender:remove-background:     [0.04 mins per chunk]
cellbender:remove-background: Working on chunk (2/167)
cellbender:remove-background: Working on chunk (3/167)
cellbender:remove-background: Working on chunk (4/167)
cellbender:remove-background: Working on chunk (5/167)
cellbender:remove-background: Working on chunk (6/167)
cellbender:remove-background: Working on chunk (7/167)
cellbender:remove-background: Working on chunk (8/167)
cellbender:remove-background: Working on chunk (9/167)
cellbender:remove-background: Working on chunk (10/167)
cellbender:remove-background: Working on chunk (11/167)
cellbender:remove-background: Working on chunk (12/167)
cellbender:remove-background: Working on chunk (13/167)
cellbender:remove-background: Working on chunk (14/167)
cellbender:remove-background: Working on chunk (15/167)
cellbender:remove-background: Working on chunk (16/167)
cellbender:remove-background: Working on chunk (17/167)
cellbender:remove-background: Working on chunk (18/167)
cellbender:remove-background: Working on chunk (19/167)
cellbender:remove-background: Working on chunk (20/167)
cellbender:remove-background: Working on chunk (21/167)
cellbender:remove-background: Working on chunk (22/167)
cellbender:remove-background: Working on chunk (23/167)
cellbender:remove-background: Working on chunk (24/167)
cellbender:remove-background: Working on chunk (25/167)
cellbender:remove-background: Working on chunk (26/167)
cellbender:remove-background: Working on chunk (27/167)
cellbender:remove-background: Working on chunk (28/167)
cellbender:remove-background: Working on chunk (29/167)
cellbender:remove-background: Working on chunk (30/167)
cellbender:remove-background: Working on chunk (31/167)
cellbender:remove-background: Working on chunk (32/167)
cellbender:remove-background: Working on chunk (33/167)
cellbender:remove-background: Working on chunk (34/167)
cellbender:remove-background: Working on chunk (35/167)
cellbender:remove-background: Working on chunk (36/167)
cellbender:remove-background: Working on chunk (37/167)
cellbender:remove-background: Working on chunk (38/167)
cellbender:remove-background: Working on chunk (39/167)
cellbender:remove-background: Working on chunk (40/167)
cellbender:remove-background: Working on chunk (41/167)
cellbender:remove-background: Working on chunk (42/167)
cellbender:remove-background: Working on chunk (43/167)
cellbender:remove-background: Working on chunk (44/167)
cellbender:remove-background: Working on chunk (45/167)
cellbender:remove-background: Working on chunk (46/167)
cellbender:remove-background: Working on chunk (47/167)
cellbender:remove-background: Working on chunk (48/167)
cellbender:remove-background: Working on chunk (49/167)
cellbender:remove-background: Working on chunk (50/167)
cellbender:remove-background: Working on chunk (51/167)
cellbender:remove-background: Working on chunk (52/167)
cellbender:remove-background: Working on chunk (53/167)
cellbender:remove-background: Working on chunk (54/167)
cellbender:remove-background: Working on chunk (55/167)
cellbender:remove-background: Working on chunk (56/167)
cellbender:remove-background: Working on chunk (57/167)
cellbender:remove-background: Working on chunk (58/167)
cellbender:remove-background: Working on chunk (59/167)
cellbender:remove-background: Working on chunk (60/167)
cellbender:remove-background: Working on chunk (61/167)
cellbender:remove-background: Working on chunk (62/167)
cellbender:remove-background: Working on chunk (63/167)
cellbender:remove-background: Working on chunk (64/167)
cellbender:remove-background: Working on chunk (65/167)
cellbender:remove-background: Working on chunk (66/167)
cellbender:remove-background: Working on chunk (67/167)
cellbender:remove-background: Working on chunk (68/167)
cellbender:remove-background: Working on chunk (69/167)
cellbender:remove-background: Working on chunk (70/167)
cellbender:remove-background: Working on chunk (71/167)
cellbender:remove-background: Working on chunk (72/167)
cellbender:remove-background: Working on chunk (73/167)
cellbender:remove-background: Working on chunk (74/167)
cellbender:remove-background: Working on chunk (75/167)
cellbender:remove-background: Working on chunk (76/167)
cellbender:remove-background: Working on chunk (77/167)
cellbender:remove-background: Working on chunk (78/167)
cellbender:remove-background: Working on chunk (79/167)
cellbender:remove-background: Working on chunk (80/167)
cellbender:remove-background: Working on chunk (81/167)
cellbender:remove-background: Working on chunk (82/167)
cellbender:remove-background: Working on chunk (83/167)
cellbender:remove-background: Working on chunk (84/167)
cellbender:remove-background: Working on chunk (85/167)
cellbender:remove-background: Working on chunk (86/167)
cellbender:remove-background: Working on chunk (87/167)
cellbender:remove-background: Working on chunk (88/167)
cellbender:remove-background: Working on chunk (89/167)
cellbender:remove-background: Working on chunk (90/167)
cellbender:remove-background: Working on chunk (91/167)
cellbender:remove-background: Working on chunk (92/167)
cellbender:remove-background: Working on chunk (93/167)
cellbender:remove-background: Working on chunk (94/167)
cellbender:remove-background: Working on chunk (95/167)
cellbender:remove-background: Working on chunk (96/167)
cellbender:remove-background: Working on chunk (97/167)
cellbender:remove-background: Working on chunk (98/167)
cellbender:remove-background: Working on chunk (99/167)
cellbender:remove-background: Working on chunk (100/167)
cellbender:remove-background: Working on chunk (101/167)
cellbender:remove-background: Working on chunk (102/167)
cellbender:remove-background: Working on chunk (103/167)
cellbender:remove-background: Working on chunk (104/167)
cellbender:remove-background: Working on chunk (105/167)
cellbender:remove-background: Working on chunk (106/167)
cellbender:remove-background: Working on chunk (107/167)
cellbender:remove-background: Working on chunk (108/167)
cellbender:remove-background: Working on chunk (109/167)
cellbender:remove-background: Working on chunk (110/167)
cellbender:remove-background: Working on chunk (111/167)
cellbender:remove-background: Working on chunk (112/167)
cellbender:remove-background: Working on chunk (113/167)
cellbender:remove-background: Working on chunk (114/167)
cellbender:remove-background: Working on chunk (115/167)
cellbender:remove-background: Working on chunk (116/167)
cellbender:remove-background: Working on chunk (117/167)
cellbender:remove-background: Working on chunk (118/167)
cellbender:remove-background: Working on chunk (119/167)
cellbender:remove-background: Working on chunk (120/167)
cellbender:remove-background: Working on chunk (121/167)
cellbender:remove-background: Working on chunk (122/167)
cellbender:remove-background: Working on chunk (123/167)
cellbender:remove-background: Working on chunk (124/167)
cellbender:remove-background: Working on chunk (125/167)
cellbender:remove-background: Working on chunk (126/167)
cellbender:remove-background: Working on chunk (127/167)
cellbender:remove-background: Working on chunk (128/167)
cellbender:remove-background: Working on chunk (129/167)
cellbender:remove-background: Working on chunk (130/167)
cellbender:remove-background: Working on chunk (131/167)
cellbender:remove-background: Working on chunk (132/167)
cellbender:remove-background: Working on chunk (133/167)
cellbender:remove-background: Working on chunk (134/167)
cellbender:remove-background: Working on chunk (135/167)
cellbender:remove-background: Working on chunk (136/167)
cellbender:remove-background: Working on chunk (137/167)
cellbender:remove-background: Working on chunk (138/167)
cellbender:remove-background: Working on chunk (139/167)
cellbender:remove-background: Working on chunk (140/167)
cellbender:remove-background: Working on chunk (141/167)
cellbender:remove-background: Working on chunk (142/167)
cellbender:remove-background: Working on chunk (143/167)
cellbender:remove-background: Working on chunk (144/167)
cellbender:remove-background: Working on chunk (145/167)
cellbender:remove-background: Working on chunk (146/167)
cellbender:remove-background: Working on chunk (147/167)
cellbender:remove-background: Working on chunk (148/167)
cellbender:remove-background: Working on chunk (149/167)
cellbender:remove-background: Working on chunk (150/167)
cellbender:remove-background: Working on chunk (151/167)
cellbender:remove-background: Working on chunk (152/167)
cellbender:remove-background: Working on chunk (153/167)
cellbender:remove-background: Working on chunk (154/167)
cellbender:remove-background: Working on chunk (155/167)
cellbender:remove-background: Working on chunk (156/167)
cellbender:remove-background: Working on chunk (157/167)
cellbender:remove-background: Working on chunk (158/167)
cellbender:remove-background: Working on chunk (159/167)
cellbender:remove-background: Working on chunk (160/167)
cellbender:remove-background: Working on chunk (161/167)
cellbender:remove-background: Working on chunk (162/167)
cellbender:remove-background: Working on chunk (163/167)
cellbender:remove-background: Working on chunk (164/167)
cellbender:remove-background: Working on chunk (165/167)
cellbender:remove-background: Working on chunk (166/167)
cellbender:remove-background: Working on chunk (167/167)
cellbender:remove-background: Writing full posterior to /om/scratch/Mon/mabdel03/Tsai_Data/Cellbender_Outputs/50102376/processed_feature_bc_matrix_posterior.h5
cellbender:remove-background: Succeeded in writing posterior to file /om/scratch/Mon/mabdel03/Tsai_Data/Cellbender_Outputs/50102376/processed_feature_bc_matrix_posterior.h5
cellbender:remove-background: Added posterior object to checkpoint file.
cellbender:remove-background: 2026-02-01 22:18:42

cellbender:remove-background: Saved summary plots as /om/scratch/Mon/mabdel03/Tsai_Data/Cellbender_Outputs/50102376/processed_feature_bc_matrix.pdf
cellbender:remove-background: Saved cell barcodes in /om/scratch/Mon/mabdel03/Tsai_Data/Cellbender_Outputs/50102376/processed_feature_bc_matrix_cell_barcodes.csv
cellbender:remove-background: Computing target noise counts per gene for MCKP estimator
cellbender:remove-background: Using MCKP noise targets computed for FPR 0.0
cellbender:remove-background: Computing denoised counts using mckp estimator
cellbender:remove-background: Working on chunk (1/7)
cellbender:remove-background:     [2.01 mins per chunk]
cellbender:remove-background: Working on chunk (2/7)
cellbender:remove-background: Working on chunk (3/7)
cellbender:remove-background: Working on chunk (4/7)
cellbender:remove-background: Working on chunk (5/7)
cellbender:remove-background: Working on chunk (6/7)
cellbender:remove-background: Working on chunk (7/7)
cellbender:remove-background: 2026-02-01 22:33:20 Total MCKP estimation time = 836.25 sec
cellbender:remove-background: Succeeded in writing CellRanger format output to file /om/scratch/Mon/mabdel03/Tsai_Data/Cellbender_Outputs/50102376/processed_feature_bc_matrix.h5
cellbender:remove-background: Succeeded in writing CellRanger format output to file /om/scratch/Mon/mabdel03/Tsai_Data/Cellbender_Outputs/50102376/processed_feature_bc_matrix_filtered.h5
cellbender:remove-background: Saved output metrics as /om/scratch/Mon/mabdel03/Tsai_Data/Cellbender_Outputs/50102376/processed_feature_bc_matrix_metrics.csv
[NbConvertApp] Converting notebook tmp.report.ipynb to notebook
[NbConvertApp] Writing 520081 bytes to tmp.report.nbconvert.ipynb
[NbConvertApp] Converting notebook tmp.report.nbconvert.ipynb to html
[NbConvertApp] Writing 1094926 bytes to tmp.report.nbconvert.html
cellbender:remove-background: Succeeded in writing report to /om/scratch/Mon/mabdel03/Tsai_Data/Cellbender_Outputs/50102376/processed_feature_bc_matrix_report.html
cellbender:remove-background: Completed remove-background.
cellbender:remove-background: 2026-02-01 22:34:02

