cellbender:remove-background: Command:
cellbender remove-background --cuda --input /om/scratch/Mon/mabdel03/Tsai_Data/Cellranger_Outputs/34962204/outs/raw_feature_bc_matrix.h5 --fpr 0 --output /om/scratch/Mon/mabdel03/Tsai_Data/Cellbender_Outputs/34962204/processed_feature_bc_matrix.h5
cellbender:remove-background: CellBender 0.3.0
cellbender:remove-background: (Workflow hash 0deb9f6aea)
cellbender:remove-background: 2026-02-01 19:29:58
cellbender:remove-background: Running remove-background
cellbender:remove-background: Loading data from /om/scratch/Mon/mabdel03/Tsai_Data/Cellranger_Outputs/34962204/outs/raw_feature_bc_matrix.h5
cellbender:remove-background: CellRanger v3 format
cellbender:remove-background: Features in dataset: 36601 Gene Expression
cellbender:remove-background: Trimming features for inference.
cellbender:remove-background: 32077 features have nonzero counts.
cellbender:remove-background: Prior on counts for cells is 13463
cellbender:remove-background: Prior on counts for empty droplets is 198
cellbender:remove-background: Excluding 9138 features that are estimated to have <= 0.1 background counts in cells.
cellbender:remove-background: Including 22939 features in the analysis.
cellbender:remove-background: Trimming barcodes for inference.
cellbender:remove-background: Excluding barcodes with counts below 99
cellbender:remove-background: Using 2889 probable cell barcodes, plus an additional 6607 barcodes, and 64168 empty droplets.
cellbender:remove-background: Largest surely-empty droplet has 242 UMI counts.
cellbender:remove-background: Attempting to unpack tarball "ckpt.tar.gz" to /tmp/tmp2rsmudnz
cellbender:remove-background: No saved checkpoint.
cellbender:remove-background: No checkpoint loaded.
cellbender:remove-background: Running inference...
cellbender:remove-background: [epoch 001]  average training loss: 15514.4041
cellbender:remove-background: [epoch 002]  average training loss: 13563.2498  (5.2 seconds per epoch)
cellbender:remove-background: Will checkpoint every 81 epochs
cellbender:remove-background: [epoch 003]  average training loss: 12039.3082
cellbender:remove-background: [epoch 004]  average training loss: 10265.7526
cellbender:remove-background: [epoch 005]  average training loss: 9398.8716
cellbender:remove-background: [epoch 005] average test loss: 9290.7771
cellbender:remove-background: [epoch 006]  average training loss: 8966.5306
cellbender:remove-background: [epoch 007]  average training loss: 8360.3790
cellbender:remove-background: [epoch 008]  average training loss: 8117.7957
cellbender:remove-background: [epoch 009]  average training loss: 8011.8786
cellbender:remove-background: [epoch 010]  average training loss: 8033.4641
cellbender:remove-background: [epoch 010] average test loss: 7799.2862
cellbender:remove-background: [epoch 011]  average training loss: 8003.1341
cellbender:remove-background: [epoch 012]  average training loss: 7943.3504
cellbender:remove-background: [epoch 013]  average training loss: 7879.9780
cellbender:remove-background: [epoch 014]  average training loss: 7908.7077
cellbender:remove-background: [epoch 015]  average training loss: 7901.9575
cellbender:remove-background: [epoch 015] average test loss: 7840.2878
cellbender:remove-background: [epoch 016]  average training loss: 7822.4645
cellbender:remove-background: [epoch 017]  average training loss: 7829.0327
cellbender:remove-background: [epoch 018]  average training loss: 7782.6262
cellbender:remove-background: [epoch 019]  average training loss: 7657.0519
cellbender:remove-background: [epoch 020]  average training loss: 7567.9760
cellbender:remove-background: [epoch 020] average test loss: 7539.2293
cellbender:remove-background: [epoch 021]  average training loss: 7540.4931
cellbender:remove-background: [epoch 022]  average training loss: 7542.4505
cellbender:remove-background: [epoch 023]  average training loss: 7501.4086
cellbender:remove-background: [epoch 024]  average training loss: 7474.1122
cellbender:remove-background: [epoch 025]  average training loss: 7462.6070
cellbender:remove-background: [epoch 025] average test loss: 7494.5636
cellbender:remove-background: [epoch 026]  average training loss: 7432.4654
cellbender:remove-background: [epoch 027]  average training loss: 7422.7900
cellbender:remove-background: [epoch 028]  average training loss: 7398.8684
cellbender:remove-background: [epoch 029]  average training loss: 7415.9163
cellbender:remove-background: [epoch 030]  average training loss: 7352.7335
cellbender:remove-background: [epoch 030] average test loss: 7254.3505
cellbender:remove-background: [epoch 031]  average training loss: 7360.9335
cellbender:remove-background: [epoch 032]  average training loss: 7359.3043
cellbender:remove-background: [epoch 033]  average training loss: 7336.1548
cellbender:remove-background: [epoch 034]  average training loss: 7332.6655
cellbender:remove-background: [epoch 035]  average training loss: 7338.3370
cellbender:remove-background: [epoch 035] average test loss: 7228.8150
cellbender:remove-background: [epoch 036]  average training loss: 7321.4711
cellbender:remove-background: [epoch 037]  average training loss: 7313.2865
cellbender:remove-background: [epoch 038]  average training loss: 7288.6826
cellbender:remove-background: [epoch 039]  average training loss: 7277.0107
cellbender:remove-background: [epoch 040]  average training loss: 7254.3412
cellbender:remove-background: [epoch 040] average test loss: 7128.9915
cellbender:remove-background: [epoch 041]  average training loss: 7241.2254
cellbender:remove-background: [epoch 042]  average training loss: 7235.8451
cellbender:remove-background: [epoch 043]  average training loss: 7220.3106
cellbender:remove-background: [epoch 044]  average training loss: 7212.0703
cellbender:remove-background: [epoch 045]  average training loss: 7196.1594
cellbender:remove-background: [epoch 045] average test loss: 7112.2006
cellbender:remove-background: [epoch 046]  average training loss: 7200.6522
cellbender:remove-background: [epoch 047]  average training loss: 7187.6489
cellbender:remove-background: [epoch 048]  average training loss: 7183.8823
cellbender:remove-background: [epoch 049]  average training loss: 7184.2681
cellbender:remove-background: [epoch 050]  average training loss: 7182.5131
cellbender:remove-background: [epoch 050] average test loss: 7090.7219
cellbender:remove-background: [epoch 051]  average training loss: 7171.8921
cellbender:remove-background: [epoch 052]  average training loss: 7172.8157
cellbender:remove-background: [epoch 053]  average training loss: 7162.7068
cellbender:remove-background: [epoch 054]  average training loss: 7164.8557
cellbender:remove-background: [epoch 055]  average training loss: 7159.2977
cellbender:remove-background: [epoch 055] average test loss: 7076.8053
cellbender:remove-background: [epoch 056]  average training loss: 7149.1453
cellbender:remove-background: [epoch 057]  average training loss: 7151.1007
cellbender:remove-background: [epoch 058]  average training loss: 7152.5371
cellbender:remove-background: [epoch 059]  average training loss: 7147.5544
cellbender:remove-background: [epoch 060]  average training loss: 7141.7379
cellbender:remove-background: [epoch 060] average test loss: 7050.7938
cellbender:remove-background: [epoch 061]  average training loss: 7138.0575
cellbender:remove-background: [epoch 062]  average training loss: 7141.0025
cellbender:remove-background: [epoch 063]  average training loss: 7135.6560
cellbender:remove-background: [epoch 064]  average training loss: 7134.1699
cellbender:remove-background: [epoch 065]  average training loss: 7127.7808
cellbender:remove-background: [epoch 065] average test loss: 7026.1211
cellbender:remove-background: [epoch 066]  average training loss: 7129.2208
cellbender:remove-background: [epoch 067]  average training loss: 7126.8126
cellbender:remove-background: [epoch 068]  average training loss: 7119.7663
cellbender:remove-background: [epoch 069]  average training loss: 7116.5705
cellbender:remove-background: [epoch 070]  average training loss: 7115.7091
cellbender:remove-background: [epoch 070] average test loss: 7027.2190
cellbender:remove-background: [epoch 071]  average training loss: 7115.9493
cellbender:remove-background: [epoch 072]  average training loss: 7107.7566
cellbender:remove-background: [epoch 073]  average training loss: 7110.8338
cellbender:remove-background: [epoch 074]  average training loss: 7104.7597
cellbender:remove-background: [epoch 075]  average training loss: 7104.0609
cellbender:remove-background: [epoch 075] average test loss: 7024.5348
cellbender:remove-background: [epoch 076]  average training loss: 7106.8152
cellbender:remove-background: [epoch 077]  average training loss: 7107.8909
cellbender:remove-background: [epoch 078]  average training loss: 7097.7420
cellbender:remove-background: [epoch 079]  average training loss: 7098.6021
cellbender:remove-background: [epoch 080]  average training loss: 7099.8162
cellbender:remove-background: [epoch 080] average test loss: 6996.7365
cellbender:remove-background: [epoch 081]  average training loss: 7090.1931
cellbender:remove-background: Saving a checkpoint...
cellbender:remove-background: Saved checkpoint as /weka/scratch/scratch/Mon/mabdel03/Tsai_Data/Cellbender_Outputs/34962204/ckpt.tar.gz
cellbender:remove-background: [epoch 082]  average training loss: 7092.6649
cellbender:remove-background: [epoch 083]  average training loss: 7093.4730
cellbender:remove-background: [epoch 084]  average training loss: 7095.1670
cellbender:remove-background: [epoch 085]  average training loss: 7087.7256
cellbender:remove-background: [epoch 085] average test loss: 6987.9245
cellbender:remove-background: [epoch 086]  average training loss: 7092.4031
cellbender:remove-background: [epoch 087]  average training loss: 7086.9131
cellbender:remove-background: [epoch 088]  average training loss: 7094.1940
cellbender:remove-background: [epoch 089]  average training loss: 7085.6334
cellbender:remove-background: [epoch 090]  average training loss: 7084.2329
cellbender:remove-background: [epoch 090] average test loss: 6980.5461
cellbender:remove-background: [epoch 091]  average training loss: 7084.4988
cellbender:remove-background: [epoch 092]  average training loss: 7073.6312
cellbender:remove-background: [epoch 093]  average training loss: 7081.6482
cellbender:remove-background: [epoch 094]  average training loss: 7079.8764
cellbender:remove-background: [epoch 095]  average training loss: 7079.0683
cellbender:remove-background: [epoch 095] average test loss: 6974.8023
cellbender:remove-background: [epoch 096]  average training loss: 7076.5060
cellbender:remove-background: [epoch 097]  average training loss: 7075.5530
cellbender:remove-background: [epoch 098]  average training loss: 7070.3085
cellbender:remove-background: [epoch 099]  average training loss: 7068.4060
cellbender:remove-background: [epoch 100]  average training loss: 7072.2159
cellbender:remove-background: [epoch 100] average test loss: 6972.9577
cellbender:remove-background: [epoch 101]  average training loss: 7066.7501
cellbender:remove-background: [epoch 102]  average training loss: 7061.0818
cellbender:remove-background: [epoch 103]  average training loss: 7065.5009
cellbender:remove-background: [epoch 104]  average training loss: 7064.0107
cellbender:remove-background: [epoch 105]  average training loss: 7057.5145
cellbender:remove-background: [epoch 105] average test loss: 6978.8011
cellbender:remove-background: [epoch 106]  average training loss: 7061.1745
cellbender:remove-background: [epoch 107]  average training loss: 7060.7403
cellbender:remove-background: [epoch 108]  average training loss: 7057.6755
cellbender:remove-background: [epoch 109]  average training loss: 7057.3642
cellbender:remove-background: [epoch 110]  average training loss: 7053.5430
cellbender:remove-background: [epoch 110] average test loss: 6968.7576
cellbender:remove-background: [epoch 111]  average training loss: 7056.8690
cellbender:remove-background: [epoch 112]  average training loss: 7049.5074
cellbender:remove-background: [epoch 113]  average training loss: 7060.3719
cellbender:remove-background: [epoch 114]  average training loss: 7049.4383
cellbender:remove-background: [epoch 115]  average training loss: 7053.3848
cellbender:remove-background: [epoch 115] average test loss: 6966.7174
cellbender:remove-background: [epoch 116]  average training loss: 7050.9739
cellbender:remove-background: [epoch 117]  average training loss: 7051.6929
cellbender:remove-background: [epoch 118]  average training loss: 7047.0724
cellbender:remove-background: [epoch 119]  average training loss: 7050.0233
cellbender:remove-background: [epoch 120]  average training loss: 7046.8636
cellbender:remove-background: [epoch 120] average test loss: 6963.7862
cellbender:remove-background: [epoch 121]  average training loss: 7048.5991
cellbender:remove-background: [epoch 122]  average training loss: 7046.0300
cellbender:remove-background: [epoch 123]  average training loss: 7044.7234
cellbender:remove-background: [epoch 124]  average training loss: 7045.7376
cellbender:remove-background: [epoch 125]  average training loss: 7043.0565
cellbender:remove-background: [epoch 125] average test loss: 6964.2712
cellbender:remove-background: [epoch 126]  average training loss: 7040.8351
cellbender:remove-background: [epoch 127]  average training loss: 7045.6195
cellbender:remove-background: [epoch 128]  average training loss: 7038.7036
cellbender:remove-background: [epoch 129]  average training loss: 7040.9191
cellbender:remove-background: [epoch 130]  average training loss: 7038.7131
cellbender:remove-background: [epoch 130] average test loss: 6960.5659
cellbender:remove-background: [epoch 131]  average training loss: 7034.6480
cellbender:remove-background: [epoch 132]  average training loss: 7036.0837
cellbender:remove-background: [epoch 133]  average training loss: 7037.3393
cellbender:remove-background: [epoch 134]  average training loss: 7037.9891
cellbender:remove-background: [epoch 135]  average training loss: 7033.9418
cellbender:remove-background: [epoch 135] average test loss: 6952.6911
cellbender:remove-background: [epoch 136]  average training loss: 7033.1851
cellbender:remove-background: [epoch 137]  average training loss: 7037.4779
cellbender:remove-background: [epoch 138]  average training loss: 7038.5281
cellbender:remove-background: [epoch 139]  average training loss: 7038.3799
cellbender:remove-background: [epoch 140]  average training loss: 7032.9862
cellbender:remove-background: [epoch 140] average test loss: 6956.6483
cellbender:remove-background: [epoch 141]  average training loss: 7037.6386
cellbender:remove-background: [epoch 142]  average training loss: 7033.8256
cellbender:remove-background: [epoch 143]  average training loss: 7033.4420
cellbender:remove-background: [epoch 144]  average training loss: 7033.2095
cellbender:remove-background: [epoch 145]  average training loss: 7036.2430
cellbender:remove-background: [epoch 145] average test loss: 6945.8947
cellbender:remove-background: [epoch 146]  average training loss: 7036.1794
cellbender:remove-background: [epoch 147]  average training loss: 7032.4242
cellbender:remove-background: [epoch 148]  average training loss: 7033.0234
cellbender:remove-background: [epoch 149]  average training loss: 7034.9407
cellbender:remove-background: [epoch 150]  average training loss: 7033.6076
cellbender:remove-background: [epoch 150] average test loss: 6946.6699
cellbender:remove-background: Saving a checkpoint...
cellbender:remove-background: Saved checkpoint as /weka/scratch/scratch/Mon/mabdel03/Tsai_Data/Cellbender_Outputs/34962204/ckpt.tar.gz
cellbender:remove-background: 2026-02-01 19:45:32
cellbender:remove-background: Inference procedure complete.
cellbender:remove-background: Attempting to unpack tarball "ckpt.tar.gz" to /tmp/tmpi3bjs0ox
cellbender:remove-background: Successfully unpacked tarball to /tmp/tmpi3bjs0ox
/tmp/tmpi3bjs0ox/0deb9f6aea_random.pyro
/tmp/tmpi3bjs0ox/0deb9f6aea_random.cuda
/tmp/tmpi3bjs0ox/0deb9f6aea_model.torch
/tmp/tmpi3bjs0ox/0deb9f6aea_optim.torch
/tmp/tmpi3bjs0ox/0deb9f6aea_optim.pyro
/tmp/tmpi3bjs0ox/0deb9f6aea_params.pyro
/tmp/tmpi3bjs0ox/0deb9f6aea_train.loaderstate
/tmp/tmpi3bjs0ox/0deb9f6aea_test.loaderstate
/tmp/tmpi3bjs0ox/0deb9f6aea_args.npy
cellbender:remove-background: Posterior not currently included in checkpoint.
cellbender:remove-background: Computing posterior noise count probabilities in mini-batches.
cellbender:remove-background: Working on chunk (1/51)
cellbender:remove-background:     [0.04 mins per chunk]
cellbender:remove-background: Working on chunk (2/51)
cellbender:remove-background: Working on chunk (3/51)
cellbender:remove-background: Working on chunk (4/51)
cellbender:remove-background: Working on chunk (5/51)
cellbender:remove-background: Working on chunk (6/51)
cellbender:remove-background: Working on chunk (7/51)
cellbender:remove-background: Working on chunk (8/51)
cellbender:remove-background: Working on chunk (9/51)
cellbender:remove-background: Working on chunk (10/51)
cellbender:remove-background: Working on chunk (11/51)
cellbender:remove-background: Working on chunk (12/51)
cellbender:remove-background: Working on chunk (13/51)
cellbender:remove-background: Working on chunk (14/51)
cellbender:remove-background: Working on chunk (15/51)
cellbender:remove-background: Working on chunk (16/51)
cellbender:remove-background: Working on chunk (17/51)
cellbender:remove-background: Working on chunk (18/51)
cellbender:remove-background: Working on chunk (19/51)
cellbender:remove-background: Working on chunk (20/51)
cellbender:remove-background: Working on chunk (21/51)
cellbender:remove-background: Working on chunk (22/51)
cellbender:remove-background: Working on chunk (23/51)
cellbender:remove-background: Working on chunk (24/51)
cellbender:remove-background: Working on chunk (25/51)
cellbender:remove-background: Working on chunk (26/51)
cellbender:remove-background: Working on chunk (27/51)
cellbender:remove-background: Working on chunk (28/51)
cellbender:remove-background: Working on chunk (29/51)
cellbender:remove-background: Working on chunk (30/51)
cellbender:remove-background: Working on chunk (31/51)
cellbender:remove-background: Working on chunk (32/51)
cellbender:remove-background: Working on chunk (33/51)
cellbender:remove-background: Working on chunk (34/51)
cellbender:remove-background: Working on chunk (35/51)
cellbender:remove-background: Working on chunk (36/51)
cellbender:remove-background: Working on chunk (37/51)
cellbender:remove-background: Working on chunk (38/51)
cellbender:remove-background: Working on chunk (39/51)
cellbender:remove-background: Working on chunk (40/51)
cellbender:remove-background: Working on chunk (41/51)
cellbender:remove-background: Working on chunk (42/51)
cellbender:remove-background: Working on chunk (43/51)
cellbender:remove-background: Working on chunk (44/51)
cellbender:remove-background: Working on chunk (45/51)
cellbender:remove-background: Working on chunk (46/51)
cellbender:remove-background: Working on chunk (47/51)
cellbender:remove-background: Working on chunk (48/51)
cellbender:remove-background: Working on chunk (49/51)
cellbender:remove-background: Working on chunk (50/51)
cellbender:remove-background: Working on chunk (51/51)
cellbender:remove-background: Writing full posterior to /om/scratch/Mon/mabdel03/Tsai_Data/Cellbender_Outputs/34962204/processed_feature_bc_matrix_posterior.h5
cellbender:remove-background: Succeeded in writing posterior to file /om/scratch/Mon/mabdel03/Tsai_Data/Cellbender_Outputs/34962204/processed_feature_bc_matrix_posterior.h5
cellbender:remove-background: Added posterior object to checkpoint file.
cellbender:remove-background: 2026-02-01 19:51:18

cellbender:remove-background: Saved summary plots as /om/scratch/Mon/mabdel03/Tsai_Data/Cellbender_Outputs/34962204/processed_feature_bc_matrix.pdf
cellbender:remove-background: Saved cell barcodes in /om/scratch/Mon/mabdel03/Tsai_Data/Cellbender_Outputs/34962204/processed_feature_bc_matrix_cell_barcodes.csv
cellbender:remove-background: Computing target noise counts per gene for MCKP estimator
cellbender:remove-background: Using MCKP noise targets computed for FPR 0.0
cellbender:remove-background: Computing denoised counts using mckp estimator
cellbender:remove-background: Working on chunk (1/7)
cellbender:remove-background:     [2.99 mins per chunk]
cellbender:remove-background: Working on chunk (2/7)
cellbender:remove-background: Working on chunk (3/7)
cellbender:remove-background: Working on chunk (4/7)
cellbender:remove-background: Working on chunk (5/7)
cellbender:remove-background: Working on chunk (6/7)
cellbender:remove-background: Working on chunk (7/7)
cellbender:remove-background: 2026-02-01 20:12:55 Total MCKP estimation time = 1240.77 sec
cellbender:remove-background: Succeeded in writing CellRanger format output to file /om/scratch/Mon/mabdel03/Tsai_Data/Cellbender_Outputs/34962204/processed_feature_bc_matrix.h5
cellbender:remove-background: Succeeded in writing CellRanger format output to file /om/scratch/Mon/mabdel03/Tsai_Data/Cellbender_Outputs/34962204/processed_feature_bc_matrix_filtered.h5
cellbender:remove-background: Saved output metrics as /om/scratch/Mon/mabdel03/Tsai_Data/Cellbender_Outputs/34962204/processed_feature_bc_matrix_metrics.csv
[NbConvertApp] Converting notebook tmp.report.ipynb to notebook
[NbConvertApp] Writing 447664 bytes to tmp.report.nbconvert.ipynb
[NbConvertApp] Converting notebook tmp.report.nbconvert.ipynb to html
[NbConvertApp] Writing 1022351 bytes to tmp.report.nbconvert.html
cellbender:remove-background: Succeeded in writing report to /om/scratch/Mon/mabdel03/Tsai_Data/Cellbender_Outputs/34962204/processed_feature_bc_matrix_report.html
cellbender:remove-background: Completed remove-background.
cellbender:remove-background: 2026-02-01 20:14:01

