cellbender:remove-background: Command:
cellbender remove-background --cuda --input /om/scratch/Mon/mabdel03/Tsai_Data/Cellranger_Outputs/37527863/outs/raw_feature_bc_matrix.h5 --fpr 0 --output /om/scratch/Mon/mabdel03/Tsai_Data/Cellbender_Outputs/37527863/processed_feature_bc_matrix.h5
cellbender:remove-background: CellBender 0.3.0
cellbender:remove-background: (Workflow hash 7cfbe51b40)
cellbender:remove-background: 2026-02-01 20:14:41
cellbender:remove-background: Running remove-background
cellbender:remove-background: Loading data from /om/scratch/Mon/mabdel03/Tsai_Data/Cellranger_Outputs/37527863/outs/raw_feature_bc_matrix.h5
cellbender:remove-background: CellRanger v3 format
cellbender:remove-background: Features in dataset: 36601 Gene Expression
cellbender:remove-background: Trimming features for inference.
cellbender:remove-background: 31820 features have nonzero counts.
cellbender:remove-background: Prior on counts for cells is 8712
cellbender:remove-background: Prior on counts for empty droplets is 162
cellbender:remove-background: Excluding 8821 features that are estimated to have <= 0.1 background counts in cells.
cellbender:remove-background: Including 22999 features in the analysis.
cellbender:remove-background: Trimming barcodes for inference.
cellbender:remove-background: Excluding barcodes with counts below 81
cellbender:remove-background: Using 2674 probable cell barcodes, plus an additional 11463 barcodes, and 64917 empty droplets.
cellbender:remove-background: Largest surely-empty droplet has 208 UMI counts.
cellbender:remove-background: Attempting to unpack tarball "ckpt.tar.gz" to /tmp/tmpqdrqj9sm
cellbender:remove-background: No saved checkpoint.
cellbender:remove-background: No checkpoint loaded.
cellbender:remove-background: Running inference...
cellbender:remove-background: [epoch 001]  average training loss: 8851.1663
cellbender:remove-background: [epoch 002]  average training loss: 7547.1194  (7.7 seconds per epoch)
cellbender:remove-background: Will checkpoint every 55 epochs
cellbender:remove-background: [epoch 003]  average training loss: 6422.7275
cellbender:remove-background: [epoch 004]  average training loss: 5858.0052
cellbender:remove-background: [epoch 005]  average training loss: 5433.2723
cellbender:remove-background: [epoch 005] average test loss: 5350.2474
cellbender:remove-background: [epoch 006]  average training loss: 5140.5443
cellbender:remove-background: [epoch 007]  average training loss: 5148.0739
cellbender:remove-background: [epoch 008]  average training loss: 5079.7557
cellbender:remove-background: [epoch 009]  average training loss: 5023.5107
cellbender:remove-background: [epoch 010]  average training loss: 5063.9108
cellbender:remove-background: [epoch 010] average test loss: 4929.2997
cellbender:remove-background: [epoch 011]  average training loss: 4982.6949
cellbender:remove-background: [epoch 012]  average training loss: 4992.1170
cellbender:remove-background: [epoch 013]  average training loss: 4948.8727
cellbender:remove-background: [epoch 014]  average training loss: 4867.1082
cellbender:remove-background: [epoch 015]  average training loss: 4774.1683
cellbender:remove-background: [epoch 015] average test loss: 4693.9944
cellbender:remove-background: [epoch 016]  average training loss: 4713.7021
cellbender:remove-background: [epoch 017]  average training loss: 4715.1236
cellbender:remove-background: [epoch 018]  average training loss: 4689.8086
cellbender:remove-background: [epoch 019]  average training loss: 4697.1354
cellbender:remove-background: [epoch 020]  average training loss: 4670.7599
cellbender:remove-background: [epoch 020] average test loss: 4598.5320
cellbender:remove-background: [epoch 021]  average training loss: 4666.8229
cellbender:remove-background: [epoch 022]  average training loss: 4658.8925
cellbender:remove-background: [epoch 023]  average training loss: 4657.2429
cellbender:remove-background: [epoch 024]  average training loss: 4650.4145
cellbender:remove-background: [epoch 025]  average training loss: 4647.1168
cellbender:remove-background: [epoch 025] average test loss: 4541.7243
cellbender:remove-background: [epoch 026]  average training loss: 4632.7999
cellbender:remove-background: [epoch 027]  average training loss: 4612.5405
cellbender:remove-background: [epoch 028]  average training loss: 4590.5411
cellbender:remove-background: [epoch 029]  average training loss: 4540.3574
cellbender:remove-background: [epoch 030]  average training loss: 4515.0608
cellbender:remove-background: [epoch 030] average test loss: 4427.7062
cellbender:remove-background: [epoch 031]  average training loss: 4502.0469
cellbender:remove-background: [epoch 032]  average training loss: 4481.7243
cellbender:remove-background: [epoch 033]  average training loss: 4467.1750
cellbender:remove-background: [epoch 034]  average training loss: 4459.2410
cellbender:remove-background: [epoch 035]  average training loss: 4456.2106
cellbender:remove-background: [epoch 035] average test loss: 4390.2222
cellbender:remove-background: [epoch 036]  average training loss: 4453.3888
cellbender:remove-background: [epoch 037]  average training loss: 4454.0116
cellbender:remove-background: [epoch 038]  average training loss: 4447.2330
cellbender:remove-background: [epoch 039]  average training loss: 4445.2914
cellbender:remove-background: [epoch 040]  average training loss: 4437.0635
cellbender:remove-background: [epoch 040] average test loss: 4356.7940
cellbender:remove-background: [epoch 041]  average training loss: 4440.3923
cellbender:remove-background: [epoch 042]  average training loss: 4441.5852
cellbender:remove-background: [epoch 043]  average training loss: 4437.2748
cellbender:remove-background: [epoch 044]  average training loss: 4437.7153
cellbender:remove-background: [epoch 045]  average training loss: 4440.5534
cellbender:remove-background: [epoch 045] average test loss: 4379.4468
cellbender:remove-background: [epoch 046]  average training loss: 4443.7397
cellbender:remove-background: [epoch 047]  average training loss: 4437.7576
cellbender:remove-background: [epoch 048]  average training loss: 4434.1230
cellbender:remove-background: [epoch 049]  average training loss: 4442.5327
cellbender:remove-background: [epoch 050]  average training loss: 4440.8334
cellbender:remove-background: [epoch 050] average test loss: 4378.8454
cellbender:remove-background: [epoch 051]  average training loss: 4455.1943
cellbender:remove-background: [epoch 052]  average training loss: 4444.3539
cellbender:remove-background: [epoch 053]  average training loss: 4454.2306
cellbender:remove-background: [epoch 054]  average training loss: 4461.8141
cellbender:remove-background: [epoch 055]  average training loss: 4458.1153
cellbender:remove-background: [epoch 055] average test loss: 4385.5465
cellbender:remove-background: Saving a checkpoint...
cellbender:remove-background: Saved checkpoint as /weka/scratch/scratch/Mon/mabdel03/Tsai_Data/Cellbender_Outputs/37527863/ckpt.tar.gz
cellbender:remove-background: [epoch 056]  average training loss: 4445.9344
cellbender:remove-background: [epoch 057]  average training loss: 4453.9596
cellbender:remove-background: [epoch 058]  average training loss: 4466.4678
cellbender:remove-background: [epoch 059]  average training loss: 4447.3565
cellbender:remove-background: [epoch 060]  average training loss: 4444.2463
cellbender:remove-background: [epoch 060] average test loss: 4443.6703
cellbender:remove-background: [epoch 061]  average training loss: 4445.4513
cellbender:remove-background: [epoch 062]  average training loss: 4444.6056
cellbender:remove-background: [epoch 063]  average training loss: 4444.6325
cellbender:remove-background: [epoch 064]  average training loss: 4435.4701
cellbender:remove-background: [epoch 065]  average training loss: 4454.3025
cellbender:remove-background: [epoch 065] average test loss: 4392.7051
cellbender:remove-background: [epoch 066]  average training loss: 4440.0642
cellbender:remove-background: [epoch 067]  average training loss: 4435.3628
cellbender:remove-background: [epoch 068]  average training loss: 4442.2230
cellbender:remove-background: [epoch 069]  average training loss: 4440.4142
cellbender:remove-background: [epoch 070]  average training loss: 4442.5038
cellbender:remove-background: [epoch 070] average test loss: 4364.3316
cellbender:remove-background: [epoch 071]  average training loss: 4435.8274
cellbender:remove-background: [epoch 072]  average training loss: 4442.4518
cellbender:remove-background: [epoch 073]  average training loss: 4440.3364
cellbender:remove-background: [epoch 074]  average training loss: 4441.7010
cellbender:remove-background: [epoch 075]  average training loss: 4471.3218
cellbender:remove-background: [epoch 075] average test loss: 4481.5938
cellbender:remove-background: [epoch 076]  average training loss: 4435.4826
cellbender:remove-background: [epoch 077]  average training loss: 4448.3075
cellbender:remove-background: [epoch 078]  average training loss: 4464.4905
cellbender:remove-background: [epoch 079]  average training loss: 4471.7553
cellbender:remove-background: [epoch 080]  average training loss: 4465.0327
cellbender:remove-background: [epoch 080] average test loss: 4365.2803
cellbender:remove-background: [epoch 081]  average training loss: 4437.7141
cellbender:remove-background: [epoch 082]  average training loss: 4461.4471
cellbender:remove-background: [epoch 083]  average training loss: 4457.1007
cellbender:remove-background: [epoch 084]  average training loss: 4461.3423
cellbender:remove-background: [epoch 085]  average training loss: 4424.8948
cellbender:remove-background: [epoch 085] average test loss: 4392.6912
cellbender:remove-background: [epoch 086]  average training loss: 4429.6069
cellbender:remove-background: [epoch 087]  average training loss: 4480.3532
cellbender:remove-background: [epoch 088]  average training loss: 4416.4156
cellbender:remove-background: [epoch 089]  average training loss: 4437.3024
cellbender:remove-background: [epoch 090]  average training loss: 4438.4024
cellbender:remove-background: [epoch 090] average test loss: 4437.6587
cellbender:remove-background: [epoch 091]  average training loss: 4426.3485
cellbender:remove-background: [epoch 092]  average training loss: 4424.2828
cellbender:remove-background: [epoch 093]  average training loss: 4433.7641
cellbender:remove-background: [epoch 094]  average training loss: 4433.7022
cellbender:remove-background: [epoch 095]  average training loss: 4427.8740
cellbender:remove-background: [epoch 095] average test loss: 4458.5016
cellbender:remove-background: [epoch 096]  average training loss: 4454.9577
cellbender:remove-background: [epoch 097]  average training loss: 4465.9005
cellbender:remove-background: [epoch 098]  average training loss: 4446.9569
cellbender:remove-background: [epoch 099]  average training loss: 4420.6636
cellbender:remove-background: [epoch 100]  average training loss: 4460.0503
cellbender:remove-background: [epoch 100] average test loss: 4420.1529
cellbender:remove-background: [epoch 101]  average training loss: 4443.5893
cellbender:remove-background: [epoch 102]  average training loss: 4432.0332
cellbender:remove-background: [epoch 103]  average training loss: 4465.6773
cellbender:remove-background: [epoch 104]  average training loss: 4510.9302
cellbender:remove-background: [epoch 105]  average training loss: 4460.1977
cellbender:remove-background: [epoch 105] average test loss: 4555.7938
cellbender:remove-background: [epoch 106]  average training loss: 4456.4133
cellbender:remove-background: [epoch 107]  average training loss: 4440.3324
cellbender:remove-background: [epoch 108]  average training loss: 4445.0652
cellbender:remove-background: [epoch 109]  average training loss: 4422.1291
cellbender:remove-background: [epoch 110]  average training loss: 4459.9406
cellbender:remove-background: [epoch 110] average test loss: 4471.3915
cellbender:remove-background: Saving a checkpoint...
cellbender:remove-background: Saved checkpoint as /weka/scratch/scratch/Mon/mabdel03/Tsai_Data/Cellbender_Outputs/37527863/ckpt.tar.gz
cellbender:remove-background: [epoch 111]  average training loss: 4432.9769
cellbender:remove-background: [epoch 112]  average training loss: 4477.6157
cellbender:remove-background: [epoch 113]  average training loss: 4438.7714
cellbender:remove-background: [epoch 114]  average training loss: 4434.5032
cellbender:remove-background: [epoch 115]  average training loss: 4430.2429
cellbender:remove-background: [epoch 115] average test loss: 4392.8669
cellbender:remove-background: [epoch 116]  average training loss: 4436.0593
cellbender:remove-background: [epoch 117]  average training loss: 4469.6903
cellbender:remove-background: [epoch 118]  average training loss: 4443.2854
cellbender:remove-background: [epoch 119]  average training loss: 4436.2592
cellbender:remove-background: [epoch 120]  average training loss: 4460.3445
cellbender:remove-background: [epoch 120] average test loss: 4493.6886
cellbender:remove-background: [epoch 121]  average training loss: 4424.9659
cellbender:remove-background: [epoch 122]  average training loss: 4491.3981
cellbender:remove-background: [epoch 123]  average training loss: 4420.0203
cellbender:remove-background: [epoch 124]  average training loss: 4441.5888
cellbender:remove-background: [epoch 125]  average training loss: 4438.3421
cellbender:remove-background: [epoch 125] average test loss: 4531.6586
cellbender:remove-background: [epoch 126]  average training loss: 4441.1626
cellbender:remove-background: [epoch 127]  average training loss: 4434.2331
cellbender:remove-background: [epoch 128]  average training loss: 4461.6370
cellbender:remove-background: [epoch 129]  average training loss: 4412.3848
cellbender:remove-background: [epoch 130]  average training loss: 4439.7330
cellbender:remove-background: [epoch 130] average test loss: 4441.5488
cellbender:remove-background: [epoch 131]  average training loss: 4467.6327
cellbender:remove-background: [epoch 132]  average training loss: 4438.6882
cellbender:remove-background: [epoch 133]  average training loss: 4427.5589
cellbender:remove-background: [epoch 134]  average training loss: 4471.8131
cellbender:remove-background: [epoch 135]  average training loss: 4498.3289
cellbender:remove-background: [epoch 135] average test loss: 4491.1868
cellbender:remove-background: [epoch 136]  average training loss: 4416.2590
cellbender:remove-background: [epoch 137]  average training loss: 4446.4370
cellbender:remove-background: [epoch 138]  average training loss: 4461.8015
cellbender:remove-background: [epoch 139]  average training loss: 4449.3524
cellbender:remove-background: [epoch 140]  average training loss: 4430.4765
cellbender:remove-background: [epoch 140] average test loss: 4487.7753
cellbender:remove-background: [epoch 141]  average training loss: 4464.3555
cellbender:remove-background: [epoch 142]  average training loss: 4422.2867
cellbender:remove-background: [epoch 143]  average training loss: 4433.2088
cellbender:remove-background: [epoch 144]  average training loss: 4401.3089
cellbender:remove-background: [epoch 145]  average training loss: 4430.7677
cellbender:remove-background: [epoch 145] average test loss: 4450.3853
cellbender:remove-background: [epoch 146]  average training loss: 4420.5098
cellbender:remove-background: [epoch 147]  average training loss: 4434.8478
cellbender:remove-background: [epoch 148]  average training loss: 4418.2426
cellbender:remove-background: [epoch 149]  average training loss: 4429.8997
cellbender:remove-background: [epoch 150]  average training loss: 4442.6128
cellbender:remove-background: [epoch 150] average test loss: 4472.8503
cellbender:remove-background: Saving a checkpoint...
cellbender:remove-background: Saved checkpoint as /weka/scratch/scratch/Mon/mabdel03/Tsai_Data/Cellbender_Outputs/37527863/ckpt.tar.gz
cellbender:remove-background: 2026-02-01 20:37:25
cellbender:remove-background: Inference procedure complete.
cellbender:remove-background: Attempting to unpack tarball "ckpt.tar.gz" to /tmp/tmptw2msjj2
cellbender:remove-background: Successfully unpacked tarball to /tmp/tmptw2msjj2
/tmp/tmptw2msjj2/7cfbe51b40_random.pyro
/tmp/tmptw2msjj2/7cfbe51b40_random.cuda
/tmp/tmptw2msjj2/7cfbe51b40_model.torch
/tmp/tmptw2msjj2/7cfbe51b40_optim.torch
/tmp/tmptw2msjj2/7cfbe51b40_optim.pyro
/tmp/tmptw2msjj2/7cfbe51b40_params.pyro
/tmp/tmptw2msjj2/7cfbe51b40_train.loaderstate
/tmp/tmptw2msjj2/7cfbe51b40_test.loaderstate
/tmp/tmptw2msjj2/7cfbe51b40_args.npy
cellbender:remove-background: Posterior not currently included in checkpoint.
cellbender:remove-background: Computing posterior noise count probabilities in mini-batches.
cellbender:remove-background: Working on chunk (1/58)
cellbender:remove-background:     [0.04 mins per chunk]
cellbender:remove-background: Working on chunk (2/58)
cellbender:remove-background: Working on chunk (3/58)
cellbender:remove-background: Working on chunk (4/58)
cellbender:remove-background: Working on chunk (5/58)
cellbender:remove-background: Working on chunk (6/58)
cellbender:remove-background: Working on chunk (7/58)
cellbender:remove-background: Working on chunk (8/58)
cellbender:remove-background: Working on chunk (9/58)
cellbender:remove-background: Working on chunk (10/58)
cellbender:remove-background: Working on chunk (11/58)
cellbender:remove-background: Working on chunk (12/58)
cellbender:remove-background: Working on chunk (13/58)
cellbender:remove-background: Working on chunk (14/58)
cellbender:remove-background: Working on chunk (15/58)
cellbender:remove-background: Working on chunk (16/58)
cellbender:remove-background: Working on chunk (17/58)
cellbender:remove-background: Working on chunk (18/58)
cellbender:remove-background: Working on chunk (19/58)
cellbender:remove-background: Working on chunk (20/58)
cellbender:remove-background: Working on chunk (21/58)
cellbender:remove-background: Working on chunk (22/58)
cellbender:remove-background: Working on chunk (23/58)
cellbender:remove-background: Working on chunk (24/58)
cellbender:remove-background: Working on chunk (25/58)
cellbender:remove-background: Working on chunk (26/58)
cellbender:remove-background: Working on chunk (27/58)
cellbender:remove-background: Working on chunk (28/58)
cellbender:remove-background: Working on chunk (29/58)
cellbender:remove-background: Working on chunk (30/58)
cellbender:remove-background: Working on chunk (31/58)
cellbender:remove-background: Working on chunk (32/58)
cellbender:remove-background: Working on chunk (33/58)
cellbender:remove-background: Working on chunk (34/58)
cellbender:remove-background: Working on chunk (35/58)
cellbender:remove-background: Working on chunk (36/58)
cellbender:remove-background: Working on chunk (37/58)
cellbender:remove-background: Working on chunk (38/58)
cellbender:remove-background: Working on chunk (39/58)
cellbender:remove-background: Working on chunk (40/58)
cellbender:remove-background: Working on chunk (41/58)
cellbender:remove-background: Working on chunk (42/58)
cellbender:remove-background: Working on chunk (43/58)
cellbender:remove-background: Working on chunk (44/58)
cellbender:remove-background: Working on chunk (45/58)
cellbender:remove-background: Working on chunk (46/58)
cellbender:remove-background: Working on chunk (47/58)
cellbender:remove-background: Working on chunk (48/58)
cellbender:remove-background: Working on chunk (49/58)
cellbender:remove-background: Working on chunk (50/58)
cellbender:remove-background: Working on chunk (51/58)
cellbender:remove-background: Working on chunk (52/58)
cellbender:remove-background: Working on chunk (53/58)
cellbender:remove-background: Working on chunk (54/58)
cellbender:remove-background: Working on chunk (55/58)
cellbender:remove-background: Working on chunk (56/58)
cellbender:remove-background: Working on chunk (57/58)
cellbender:remove-background: Working on chunk (58/58)
cellbender:remove-background: Writing full posterior to /om/scratch/Mon/mabdel03/Tsai_Data/Cellbender_Outputs/37527863/processed_feature_bc_matrix_posterior.h5
cellbender:remove-background: Succeeded in writing posterior to file /om/scratch/Mon/mabdel03/Tsai_Data/Cellbender_Outputs/37527863/processed_feature_bc_matrix_posterior.h5
cellbender:remove-background: Added posterior object to checkpoint file.
cellbender:remove-background: 2026-02-01 20:43:01

cellbender:remove-background: Saved summary plots as /om/scratch/Mon/mabdel03/Tsai_Data/Cellbender_Outputs/37527863/processed_feature_bc_matrix.pdf
cellbender:remove-background: Saved cell barcodes in /om/scratch/Mon/mabdel03/Tsai_Data/Cellbender_Outputs/37527863/processed_feature_bc_matrix_cell_barcodes.csv
cellbender:remove-background: Computing target noise counts per gene for MCKP estimator
cellbender:remove-background: Using MCKP noise targets computed for FPR 0.0
cellbender:remove-background: Computing denoised counts using mckp estimator
cellbender:remove-background: Working on chunk (1/7)
cellbender:remove-background:     [2.35 mins per chunk]
cellbender:remove-background: Working on chunk (2/7)
cellbender:remove-background: Working on chunk (3/7)
cellbender:remove-background: Working on chunk (4/7)
cellbender:remove-background: Working on chunk (5/7)
cellbender:remove-background: Working on chunk (6/7)
cellbender:remove-background: Working on chunk (7/7)
cellbender:remove-background: 2026-02-01 21:00:17 Total MCKP estimation time = 992.21 sec
cellbender:remove-background: Succeeded in writing CellRanger format output to file /om/scratch/Mon/mabdel03/Tsai_Data/Cellbender_Outputs/37527863/processed_feature_bc_matrix.h5
cellbender:remove-background: Succeeded in writing CellRanger format output to file /om/scratch/Mon/mabdel03/Tsai_Data/Cellbender_Outputs/37527863/processed_feature_bc_matrix_filtered.h5
cellbender:remove-background: Saved output metrics as /om/scratch/Mon/mabdel03/Tsai_Data/Cellbender_Outputs/37527863/processed_feature_bc_matrix_metrics.csv
[NbConvertApp] Converting notebook tmp.report.ipynb to notebook
[NbConvertApp] Writing 589611 bytes to tmp.report.nbconvert.ipynb
[NbConvertApp] Converting notebook tmp.report.nbconvert.ipynb to html
[NbConvertApp] Writing 1164298 bytes to tmp.report.nbconvert.html
cellbender:remove-background: Succeeded in writing report to /om/scratch/Mon/mabdel03/Tsai_Data/Cellbender_Outputs/37527863/processed_feature_bc_matrix_report.html
cellbender:remove-background: Completed remove-background.
cellbender:remove-background: 2026-02-01 21:01:13

