cellbender:remove-background: Command:
cellbender remove-background --cuda --input /om/scratch/Mon/mabdel03/Tsai_Data/Cellranger_Outputs/50105699/outs/raw_feature_bc_matrix.h5 --fpr 0 --output /om/scratch/Mon/mabdel03/Tsai_Data/Cellbender_Outputs/50105699/processed_feature_bc_matrix.h5
cellbender:remove-background: CellBender 0.3.0
cellbender:remove-background: (Workflow hash 66a34b78f9)
cellbender:remove-background: 2026-02-01 21:41:44
cellbender:remove-background: Running remove-background
cellbender:remove-background: Loading data from /om/scratch/Mon/mabdel03/Tsai_Data/Cellranger_Outputs/50105699/outs/raw_feature_bc_matrix.h5
cellbender:remove-background: CellRanger v3 format
cellbender:remove-background: Features in dataset: 36601 Gene Expression
cellbender:remove-background: Trimming features for inference.
cellbender:remove-background: 31543 features have nonzero counts.
cellbender:remove-background: Prior on counts for cells is 7632
cellbender:remove-background: Prior on counts for empty droplets is 179
cellbender:remove-background: Excluding 8160 features that are estimated to have <= 0.1 background counts in cells.
cellbender:remove-background: Including 23383 features in the analysis.
cellbender:remove-background: Trimming barcodes for inference.
cellbender:remove-background: Excluding barcodes with counts below 89
cellbender:remove-background: Using 3062 probable cell barcodes, plus an additional 8258 barcodes, and 69351 empty droplets.
cellbender:remove-background: Largest surely-empty droplet has 219 UMI counts.
cellbender:remove-background: Attempting to unpack tarball "ckpt.tar.gz" to /tmp/tmpnt1ci0tc
cellbender:remove-background: No saved checkpoint.
cellbender:remove-background: No checkpoint loaded.
cellbender:remove-background: Running inference...
cellbender:remove-background: [epoch 001]  average training loss: 11986.5245
cellbender:remove-background: [epoch 002]  average training loss: 10447.8212  (6.4 seconds per epoch)
cellbender:remove-background: Will checkpoint every 67 epochs
cellbender:remove-background: [epoch 003]  average training loss: 8918.1482
cellbender:remove-background: [epoch 004]  average training loss: 8100.8611
cellbender:remove-background: [epoch 005]  average training loss: 7549.1893
cellbender:remove-background: [epoch 005] average test loss: 7975.2442
cellbender:remove-background: [epoch 006]  average training loss: 7067.5437
cellbender:remove-background: [epoch 007]  average training loss: 6774.4768
cellbender:remove-background: [epoch 008]  average training loss: 6687.2350
cellbender:remove-background: [epoch 009]  average training loss: 6713.2999
cellbender:remove-background: [epoch 010]  average training loss: 6595.6548
cellbender:remove-background: [epoch 010] average test loss: 6665.8372
cellbender:remove-background: [epoch 011]  average training loss: 6539.5951
cellbender:remove-background: [epoch 012]  average training loss: 6609.1836
cellbender:remove-background: [epoch 013]  average training loss: 6516.8865
cellbender:remove-background: [epoch 014]  average training loss: 6299.9754
cellbender:remove-background: [epoch 015]  average training loss: 6019.9118
cellbender:remove-background: [epoch 015] average test loss: 6221.3880
cellbender:remove-background: [epoch 016]  average training loss: 5946.9123
cellbender:remove-background: [epoch 017]  average training loss: 5943.9648
cellbender:remove-background: [epoch 018]  average training loss: 5918.7313
cellbender:remove-background: [epoch 019]  average training loss: 5916.4326
cellbender:remove-background: [epoch 020]  average training loss: 5865.6270
cellbender:remove-background: [epoch 020] average test loss: 5900.2977
cellbender:remove-background: [epoch 021]  average training loss: 5870.7227
cellbender:remove-background: [epoch 022]  average training loss: 5844.8024
cellbender:remove-background: [epoch 023]  average training loss: 5836.1828
cellbender:remove-background: [epoch 024]  average training loss: 5839.4132
cellbender:remove-background: [epoch 025]  average training loss: 5813.7358
cellbender:remove-background: [epoch 025] average test loss: 5713.4722
cellbender:remove-background: [epoch 026]  average training loss: 5793.6540
cellbender:remove-background: [epoch 027]  average training loss: 5783.6735
cellbender:remove-background: [epoch 028]  average training loss: 5751.0936
cellbender:remove-background: [epoch 029]  average training loss: 5740.8144
cellbender:remove-background: [epoch 030]  average training loss: 5725.9140
cellbender:remove-background: [epoch 030] average test loss: 5642.9717
cellbender:remove-background: [epoch 031]  average training loss: 5709.6709
cellbender:remove-background: [epoch 032]  average training loss: 5692.6236
cellbender:remove-background: [epoch 033]  average training loss: 5686.2032
cellbender:remove-background: [epoch 034]  average training loss: 5671.8563
cellbender:remove-background: [epoch 035]  average training loss: 5666.3953
cellbender:remove-background: [epoch 035] average test loss: 5616.6553
cellbender:remove-background: [epoch 036]  average training loss: 5665.4392
cellbender:remove-background: [epoch 037]  average training loss: 5652.1179
cellbender:remove-background: [epoch 038]  average training loss: 5651.1387
cellbender:remove-background: [epoch 039]  average training loss: 5644.9314
cellbender:remove-background: [epoch 040]  average training loss: 5644.0168
cellbender:remove-background: [epoch 040] average test loss: 5596.7415
cellbender:remove-background: [epoch 041]  average training loss: 5637.9976
cellbender:remove-background: [epoch 042]  average training loss: 5630.0089
cellbender:remove-background: [epoch 043]  average training loss: 5625.6073
cellbender:remove-background: [epoch 044]  average training loss: 5626.8871
cellbender:remove-background: [epoch 045]  average training loss: 5618.1131
cellbender:remove-background: [epoch 045] average test loss: 5599.2589
cellbender:remove-background: [epoch 046]  average training loss: 5618.5651
cellbender:remove-background: [epoch 047]  average training loss: 5609.7981
cellbender:remove-background: [epoch 048]  average training loss: 5609.8119
cellbender:remove-background: [epoch 049]  average training loss: 5608.3511
cellbender:remove-background: [epoch 050]  average training loss: 5605.1880
cellbender:remove-background: [epoch 050] average test loss: 5557.8337
cellbender:remove-background: [epoch 051]  average training loss: 5600.9963
cellbender:remove-background: [epoch 052]  average training loss: 5600.9589
cellbender:remove-background: [epoch 053]  average training loss: 5598.5158
cellbender:remove-background: [epoch 054]  average training loss: 5594.6069
cellbender:remove-background: [epoch 055]  average training loss: 5592.2419
cellbender:remove-background: [epoch 055] average test loss: 5549.8963
cellbender:remove-background: [epoch 056]  average training loss: 5592.0677
cellbender:remove-background: [epoch 057]  average training loss: 5587.5392
cellbender:remove-background: [epoch 058]  average training loss: 5585.2664
cellbender:remove-background: [epoch 059]  average training loss: 5587.3566
cellbender:remove-background: [epoch 060]  average training loss: 5582.4743
cellbender:remove-background: [epoch 060] average test loss: 5529.2382
cellbender:remove-background: [epoch 061]  average training loss: 5580.3328
cellbender:remove-background: [epoch 062]  average training loss: 5579.6268
cellbender:remove-background: [epoch 063]  average training loss: 5576.3747
cellbender:remove-background: [epoch 064]  average training loss: 5575.5819
cellbender:remove-background: [epoch 065]  average training loss: 5574.3683
cellbender:remove-background: [epoch 065] average test loss: 5519.9943
cellbender:remove-background: [epoch 066]  average training loss: 5575.2481
cellbender:remove-background: [epoch 067]  average training loss: 5566.9959
cellbender:remove-background: Saving a checkpoint...
cellbender:remove-background: Saved checkpoint as /weka/scratch/scratch/Mon/mabdel03/Tsai_Data/Cellbender_Outputs/50105699/ckpt.tar.gz
cellbender:remove-background: [epoch 068]  average training loss: 5569.6202
cellbender:remove-background: [epoch 069]  average training loss: 5566.6758
cellbender:remove-background: [epoch 070]  average training loss: 5567.5067
cellbender:remove-background: [epoch 070] average test loss: 5523.6836
cellbender:remove-background: [epoch 071]  average training loss: 5564.4305
cellbender:remove-background: [epoch 072]  average training loss: 5563.2511
cellbender:remove-background: [epoch 073]  average training loss: 5564.1315
cellbender:remove-background: [epoch 074]  average training loss: 5562.1295
cellbender:remove-background: [epoch 075]  average training loss: 5565.8118
cellbender:remove-background: [epoch 075] average test loss: 5554.6363
cellbender:remove-background: [epoch 076]  average training loss: 5557.9553
cellbender:remove-background: [epoch 077]  average training loss: 5559.0804
cellbender:remove-background: [epoch 078]  average training loss: 5562.0992
cellbender:remove-background: [epoch 079]  average training loss: 5563.4969
cellbender:remove-background: [epoch 080]  average training loss: 5560.3703
cellbender:remove-background: [epoch 080] average test loss: 5537.8797
cellbender:remove-background: [epoch 081]  average training loss: 5560.1935
cellbender:remove-background: [epoch 082]  average training loss: 5561.2029
cellbender:remove-background: [epoch 083]  average training loss: 5558.2982
cellbender:remove-background: [epoch 084]  average training loss: 5560.1176
cellbender:remove-background: [epoch 085]  average training loss: 5565.6678
cellbender:remove-background: [epoch 085] average test loss: 5548.2865
cellbender:remove-background: [epoch 086]  average training loss: 5572.3943
cellbender:remove-background: [epoch 087]  average training loss: 5557.3434
cellbender:remove-background: [epoch 088]  average training loss: 5561.7043
cellbender:remove-background: [epoch 089]  average training loss: 5565.8252
cellbender:remove-background: [epoch 090]  average training loss: 5596.8884
cellbender:remove-background: [epoch 090] average test loss: 5540.1399
cellbender:remove-background: [epoch 091]  average training loss: 5564.2438
cellbender:remove-background: [epoch 092]  average training loss: 5563.7560
cellbender:remove-background: [epoch 093]  average training loss: 5574.4741
cellbender:remove-background: [epoch 094]  average training loss: 5552.7969
cellbender:remove-background: [epoch 095]  average training loss: 5564.2057
cellbender:remove-background: [epoch 095] average test loss: 5526.3351
cellbender:remove-background: [epoch 096]  average training loss: 5600.4773
cellbender:remove-background: [epoch 097]  average training loss: 5567.2044
cellbender:remove-background: [epoch 098]  average training loss: 5564.3740
cellbender:remove-background: [epoch 099]  average training loss: 5569.6558
cellbender:remove-background: [epoch 100]  average training loss: 5553.4430
cellbender:remove-background: [epoch 100] average test loss: 5540.1432
cellbender:remove-background: [epoch 101]  average training loss: 5557.3819
cellbender:remove-background: [epoch 102]  average training loss: 5560.4320
cellbender:remove-background: [epoch 103]  average training loss: 5555.6121
cellbender:remove-background: [epoch 104]  average training loss: 5563.3818
cellbender:remove-background: [epoch 105]  average training loss: 5555.9913
cellbender:remove-background: [epoch 105] average test loss: 5544.3190
cellbender:remove-background: [epoch 106]  average training loss: 5560.5391
cellbender:remove-background: [epoch 107]  average training loss: 5564.3599
cellbender:remove-background: [epoch 108]  average training loss: 5554.7665
cellbender:remove-background: [epoch 109]  average training loss: 5559.0962
cellbender:remove-background: [epoch 110]  average training loss: 5559.9147
cellbender:remove-background: [epoch 110] average test loss: 5567.9335
cellbender:remove-background: [epoch 111]  average training loss: 5560.6518
cellbender:remove-background: [epoch 112]  average training loss: 5550.2266
cellbender:remove-background: [epoch 113]  average training loss: 5554.1847
cellbender:remove-background: [epoch 114]  average training loss: 5563.9874
cellbender:remove-background: [epoch 115]  average training loss: 5564.7166
cellbender:remove-background: [epoch 115] average test loss: 5571.0804
cellbender:remove-background: [epoch 116]  average training loss: 5556.4742
cellbender:remove-background: [epoch 117]  average training loss: 5554.0331
cellbender:remove-background: [epoch 118]  average training loss: 5555.7979
cellbender:remove-background: [epoch 119]  average training loss: 5551.2529
cellbender:remove-background: [epoch 120]  average training loss: 5554.6866
cellbender:remove-background: [epoch 120] average test loss: 5512.1774
cellbender:remove-background: [epoch 121]  average training loss: 5541.8889
cellbender:remove-background: [epoch 122]  average training loss: 5554.3223
cellbender:remove-background: [epoch 123]  average training loss: 5564.3601
cellbender:remove-background: [epoch 124]  average training loss: 5542.5408
cellbender:remove-background: [epoch 125]  average training loss: 5568.5361
cellbender:remove-background: [epoch 125] average test loss: 5604.3132
cellbender:remove-background: [epoch 126]  average training loss: 5581.9177
cellbender:remove-background: [epoch 127]  average training loss: 5546.5033
cellbender:remove-background: [epoch 128]  average training loss: 5546.0044
cellbender:remove-background: [epoch 129]  average training loss: 5550.3850
cellbender:remove-background: [epoch 130]  average training loss: 5556.4515
cellbender:remove-background: [epoch 130] average test loss: 5535.6776
cellbender:remove-background: [epoch 131]  average training loss: 5546.9284
cellbender:remove-background: [epoch 132]  average training loss: 5552.9487
cellbender:remove-background: [epoch 133]  average training loss: 5547.7706
cellbender:remove-background: [epoch 134]  average training loss: 5543.6471
cellbender:remove-background: Saving a checkpoint...
cellbender:remove-background: Saved checkpoint as /weka/scratch/scratch/Mon/mabdel03/Tsai_Data/Cellbender_Outputs/50105699/ckpt.tar.gz
cellbender:remove-background: [epoch 135]  average training loss: 5545.4606
cellbender:remove-background: [epoch 135] average test loss: 5548.6503
cellbender:remove-background: [epoch 136]  average training loss: 5548.8650
cellbender:remove-background: [epoch 137]  average training loss: 5544.4534
cellbender:remove-background: [epoch 138]  average training loss: 5540.4325
cellbender:remove-background: [epoch 139]  average training loss: 5551.1480
cellbender:remove-background: [epoch 140]  average training loss: 5546.1659
cellbender:remove-background: [epoch 140] average test loss: 5549.3871
cellbender:remove-background: [epoch 141]  average training loss: 5545.5371
cellbender:remove-background: [epoch 142]  average training loss: 5550.0323
cellbender:remove-background: [epoch 143]  average training loss: 5551.1527
cellbender:remove-background: [epoch 144]  average training loss: 5550.7210
cellbender:remove-background: [epoch 145]  average training loss: 5551.0491
cellbender:remove-background: [epoch 145] average test loss: 5537.5150
cellbender:remove-background: [epoch 146]  average training loss: 5547.0856
cellbender:remove-background: [epoch 147]  average training loss: 5558.5735
cellbender:remove-background: [epoch 148]  average training loss: 5547.8546
cellbender:remove-background: [epoch 149]  average training loss: 5539.1163
cellbender:remove-background: [epoch 150]  average training loss: 5546.0595
cellbender:remove-background: [epoch 150] average test loss: 5538.3520
cellbender:remove-background: Saving a checkpoint...
cellbender:remove-background: Saved checkpoint as /weka/scratch/scratch/Mon/mabdel03/Tsai_Data/Cellbender_Outputs/50105699/ckpt.tar.gz
cellbender:remove-background: 2026-02-01 22:01:31
cellbender:remove-background: Inference procedure complete.
cellbender:remove-background: Attempting to unpack tarball "ckpt.tar.gz" to /tmp/tmp_eksf3f0
cellbender:remove-background: Successfully unpacked tarball to /tmp/tmp_eksf3f0
/tmp/tmp_eksf3f0/66a34b78f9_random.pyro
/tmp/tmp_eksf3f0/66a34b78f9_random.cuda
/tmp/tmp_eksf3f0/66a34b78f9_model.torch
/tmp/tmp_eksf3f0/66a34b78f9_optim.torch
/tmp/tmp_eksf3f0/66a34b78f9_optim.pyro
/tmp/tmp_eksf3f0/66a34b78f9_params.pyro
/tmp/tmp_eksf3f0/66a34b78f9_train.loaderstate
/tmp/tmp_eksf3f0/66a34b78f9_test.loaderstate
/tmp/tmp_eksf3f0/66a34b78f9_args.npy
cellbender:remove-background: Posterior not currently included in checkpoint.
cellbender:remove-background: Computing posterior noise count probabilities in mini-batches.
cellbender:remove-background: Working on chunk (1/51)
cellbender:remove-background:     [0.05 mins per chunk]
cellbender:remove-background: Working on chunk (2/51)
cellbender:remove-background: Working on chunk (3/51)
cellbender:remove-background: Working on chunk (4/51)
cellbender:remove-background: Working on chunk (5/51)
cellbender:remove-background: Working on chunk (6/51)
cellbender:remove-background: Working on chunk (7/51)
cellbender:remove-background: Working on chunk (8/51)
cellbender:remove-background: Working on chunk (9/51)
cellbender:remove-background: Working on chunk (10/51)
cellbender:remove-background: Working on chunk (11/51)
cellbender:remove-background: Working on chunk (12/51)
cellbender:remove-background: Working on chunk (13/51)
cellbender:remove-background: Working on chunk (14/51)
cellbender:remove-background: Working on chunk (15/51)
cellbender:remove-background: Working on chunk (16/51)
cellbender:remove-background: Working on chunk (17/51)
cellbender:remove-background: Working on chunk (18/51)
cellbender:remove-background: Working on chunk (19/51)
cellbender:remove-background: Working on chunk (20/51)
cellbender:remove-background: Working on chunk (21/51)
cellbender:remove-background: Working on chunk (22/51)
cellbender:remove-background: Working on chunk (23/51)
cellbender:remove-background: Working on chunk (24/51)
cellbender:remove-background: Working on chunk (25/51)
cellbender:remove-background: Working on chunk (26/51)
cellbender:remove-background: Working on chunk (27/51)
cellbender:remove-background: Working on chunk (28/51)
cellbender:remove-background: Working on chunk (29/51)
cellbender:remove-background: Working on chunk (30/51)
cellbender:remove-background: Working on chunk (31/51)
cellbender:remove-background: Working on chunk (32/51)
cellbender:remove-background: Working on chunk (33/51)
cellbender:remove-background: Working on chunk (34/51)
cellbender:remove-background: Working on chunk (35/51)
cellbender:remove-background: Working on chunk (36/51)
cellbender:remove-background: Working on chunk (37/51)
cellbender:remove-background: Working on chunk (38/51)
cellbender:remove-background: Working on chunk (39/51)
cellbender:remove-background: Working on chunk (40/51)
cellbender:remove-background: Working on chunk (41/51)
cellbender:remove-background: Working on chunk (42/51)
cellbender:remove-background: Working on chunk (43/51)
cellbender:remove-background: Working on chunk (44/51)
cellbender:remove-background: Working on chunk (45/51)
cellbender:remove-background: Working on chunk (46/51)
cellbender:remove-background: Working on chunk (47/51)
cellbender:remove-background: Working on chunk (48/51)
cellbender:remove-background: Working on chunk (49/51)
cellbender:remove-background: Working on chunk (50/51)
cellbender:remove-background: Working on chunk (51/51)
cellbender:remove-background: Writing full posterior to /om/scratch/Mon/mabdel03/Tsai_Data/Cellbender_Outputs/50105699/processed_feature_bc_matrix_posterior.h5
cellbender:remove-background: Succeeded in writing posterior to file /om/scratch/Mon/mabdel03/Tsai_Data/Cellbender_Outputs/50105699/processed_feature_bc_matrix_posterior.h5
cellbender:remove-background: Added posterior object to checkpoint file.
cellbender:remove-background: 2026-02-01 22:07:23

cellbender:remove-background: Saved summary plots as /om/scratch/Mon/mabdel03/Tsai_Data/Cellbender_Outputs/50105699/processed_feature_bc_matrix.pdf
cellbender:remove-background: Saved cell barcodes in /om/scratch/Mon/mabdel03/Tsai_Data/Cellbender_Outputs/50105699/processed_feature_bc_matrix_cell_barcodes.csv
cellbender:remove-background: Computing target noise counts per gene for MCKP estimator
cellbender:remove-background: Using MCKP noise targets computed for FPR 0.0
cellbender:remove-background: Computing denoised counts using mckp estimator
cellbender:remove-background: Working on chunk (1/7)
cellbender:remove-background:     [2.70 mins per chunk]
cellbender:remove-background: Working on chunk (2/7)
cellbender:remove-background: Working on chunk (3/7)
cellbender:remove-background: Working on chunk (4/7)
cellbender:remove-background: Working on chunk (5/7)
cellbender:remove-background: Working on chunk (6/7)
cellbender:remove-background: Working on chunk (7/7)
cellbender:remove-background: 2026-02-01 22:27:14 Total MCKP estimation time = 1143.04 sec
cellbender:remove-background: Succeeded in writing CellRanger format output to file /om/scratch/Mon/mabdel03/Tsai_Data/Cellbender_Outputs/50105699/processed_feature_bc_matrix.h5
cellbender:remove-background: Succeeded in writing CellRanger format output to file /om/scratch/Mon/mabdel03/Tsai_Data/Cellbender_Outputs/50105699/processed_feature_bc_matrix_filtered.h5
cellbender:remove-background: Saved output metrics as /om/scratch/Mon/mabdel03/Tsai_Data/Cellbender_Outputs/50105699/processed_feature_bc_matrix_metrics.csv
[NbConvertApp] Converting notebook tmp.report.ipynb to notebook
[NbConvertApp] Writing 468191 bytes to tmp.report.nbconvert.ipynb
[NbConvertApp] Converting notebook tmp.report.nbconvert.ipynb to html
[NbConvertApp] Writing 1042878 bytes to tmp.report.nbconvert.html
cellbender:remove-background: Succeeded in writing report to /om/scratch/Mon/mabdel03/Tsai_Data/Cellbender_Outputs/50105699/processed_feature_bc_matrix_report.html
cellbender:remove-background: Completed remove-background.
cellbender:remove-background: 2026-02-01 22:28:16

