cellbender:remove-background: Command:
cellbender remove-background --cuda --input /om/scratch/Mon/mabdel03/Tsai_Data/Cellranger_Outputs/50402729/outs/raw_feature_bc_matrix.h5 --fpr 0 --output /om/scratch/Mon/mabdel03/Tsai_Data/Cellbender_Outputs/50402729/processed_feature_bc_matrix.h5
cellbender:remove-background: CellBender 0.3.0
cellbender:remove-background: (Workflow hash b0736bae3c)
cellbender:remove-background: 2026-02-01 23:45:02
cellbender:remove-background: Running remove-background
cellbender:remove-background: Loading data from /om/scratch/Mon/mabdel03/Tsai_Data/Cellranger_Outputs/50402729/outs/raw_feature_bc_matrix.h5
cellbender:remove-background: CellRanger v3 format
cellbender:remove-background: Features in dataset: 36601 Gene Expression
cellbender:remove-background: Trimming features for inference.
cellbender:remove-background: 30408 features have nonzero counts.
cellbender:remove-background: Prior on counts for cells is 5368
cellbender:remove-background: Prior on counts for empty droplets is 89
cellbender:remove-background: Excluding 8538 features that are estimated to have <= 0.1 background counts in cells.
cellbender:remove-background: Including 21870 features in the analysis.
cellbender:remove-background: Trimming barcodes for inference.
cellbender:remove-background: Excluding barcodes with counts below 44
cellbender:remove-background: Using 2166 probable cell barcodes, plus an additional 7671 barcodes, and 66903 empty droplets.
cellbender:remove-background: Largest surely-empty droplet has 103 UMI counts.
cellbender:remove-background: Attempting to unpack tarball "ckpt.tar.gz" to /tmp/tmpgvrhu6ed
cellbender:remove-background: No saved checkpoint.
cellbender:remove-background: No checkpoint loaded.
cellbender:remove-background: Running inference...
cellbender:remove-background: [epoch 001]  average training loss: 8216.3915
cellbender:remove-background: [epoch 002]  average training loss: 7257.3548  (5.4 seconds per epoch)
cellbender:remove-background: Will checkpoint every 79 epochs
cellbender:remove-background: [epoch 003]  average training loss: 6501.3448
cellbender:remove-background: [epoch 004]  average training loss: 5744.8851
cellbender:remove-background: [epoch 005]  average training loss: 5280.4877
cellbender:remove-background: [epoch 005] average test loss: 5843.5743
cellbender:remove-background: [epoch 006]  average training loss: 5007.6966
cellbender:remove-background: [epoch 007]  average training loss: 4670.6909
cellbender:remove-background: [epoch 008]  average training loss: 4457.6163
cellbender:remove-background: [epoch 009]  average training loss: 4377.6627
cellbender:remove-background: [epoch 010]  average training loss: 4368.3425
cellbender:remove-background: [epoch 010] average test loss: 4445.6235
cellbender:remove-background: [epoch 011]  average training loss: 4320.9264
cellbender:remove-background: [epoch 012]  average training loss: 4274.8263
cellbender:remove-background: [epoch 013]  average training loss: 4214.8056
cellbender:remove-background: [epoch 014]  average training loss: 4277.3264
cellbender:remove-background: [epoch 015]  average training loss: 4230.7825
cellbender:remove-background: [epoch 015] average test loss: 4253.5781
cellbender:remove-background: [epoch 016]  average training loss: 4057.1262
cellbender:remove-background: [epoch 017]  average training loss: 3846.6485
cellbender:remove-background: [epoch 018]  average training loss: 3806.2042
cellbender:remove-background: [epoch 019]  average training loss: 3790.6594
cellbender:remove-background: [epoch 020]  average training loss: 3779.6278
cellbender:remove-background: [epoch 020] average test loss: 3957.5770
cellbender:remove-background: [epoch 021]  average training loss: 3785.7792
cellbender:remove-background: [epoch 022]  average training loss: 3768.0260
cellbender:remove-background: [epoch 023]  average training loss: 3769.5493
cellbender:remove-background: [epoch 024]  average training loss: 3758.5767
cellbender:remove-background: [epoch 025]  average training loss: 3754.6583
cellbender:remove-background: [epoch 025] average test loss: 3802.2851
cellbender:remove-background: [epoch 026]  average training loss: 3746.2514
cellbender:remove-background: [epoch 027]  average training loss: 3738.4629
cellbender:remove-background: [epoch 028]  average training loss: 3744.0804
cellbender:remove-background: [epoch 029]  average training loss: 3723.1047
cellbender:remove-background: [epoch 030]  average training loss: 3720.8332
cellbender:remove-background: [epoch 030] average test loss: 3817.7620
cellbender:remove-background: [epoch 031]  average training loss: 3722.1197
cellbender:remove-background: [epoch 032]  average training loss: 3710.6123
cellbender:remove-background: [epoch 033]  average training loss: 3716.0458
cellbender:remove-background: [epoch 034]  average training loss: 3716.0894
cellbender:remove-background: [epoch 035]  average training loss: 3708.2971
cellbender:remove-background: [epoch 035] average test loss: 3769.8587
cellbender:remove-background: [epoch 036]  average training loss: 3703.4814
cellbender:remove-background: [epoch 037]  average training loss: 3694.1833
cellbender:remove-background: [epoch 038]  average training loss: 3701.0858
cellbender:remove-background: [epoch 039]  average training loss: 3689.1115
cellbender:remove-background: [epoch 040]  average training loss: 3689.4247
cellbender:remove-background: [epoch 040] average test loss: 3737.8123
cellbender:remove-background: [epoch 041]  average training loss: 3687.7131
cellbender:remove-background: [epoch 042]  average training loss: 3672.1089
cellbender:remove-background: [epoch 043]  average training loss: 3664.4435
cellbender:remove-background: [epoch 044]  average training loss: 3660.6662
cellbender:remove-background: [epoch 045]  average training loss: 3656.5791
cellbender:remove-background: [epoch 045] average test loss: 3680.9973
cellbender:remove-background: [epoch 046]  average training loss: 3653.4455
cellbender:remove-background: [epoch 047]  average training loss: 3652.0514
cellbender:remove-background: [epoch 048]  average training loss: 3644.0626
cellbender:remove-background: [epoch 049]  average training loss: 3646.0454
cellbender:remove-background: [epoch 050]  average training loss: 3654.5671
cellbender:remove-background: [epoch 050] average test loss: 3693.8400
cellbender:remove-background: [epoch 051]  average training loss: 3644.2507
cellbender:remove-background: [epoch 052]  average training loss: 3633.5858
cellbender:remove-background: [epoch 053]  average training loss: 3639.7800
cellbender:remove-background: [epoch 054]  average training loss: 3633.9646
cellbender:remove-background: [epoch 055]  average training loss: 3636.6429
cellbender:remove-background: [epoch 055] average test loss: 3669.4543
cellbender:remove-background: [epoch 056]  average training loss: 3652.8511
cellbender:remove-background: [epoch 057]  average training loss: 3635.8358
cellbender:remove-background: [epoch 058]  average training loss: 3636.7699
cellbender:remove-background: [epoch 059]  average training loss: 3649.6767
cellbender:remove-background: [epoch 060]  average training loss: 3624.9030
cellbender:remove-background: [epoch 060] average test loss: 3683.4690
cellbender:remove-background: [epoch 061]  average training loss: 3637.6808
cellbender:remove-background: [epoch 062]  average training loss: 3629.2056
cellbender:remove-background: [epoch 063]  average training loss: 3650.1125
cellbender:remove-background: [epoch 064]  average training loss: 3640.6852
cellbender:remove-background: [epoch 065]  average training loss: 3637.2753
cellbender:remove-background: [epoch 065] average test loss: 3670.1923
cellbender:remove-background: [epoch 066]  average training loss: 3643.8961
cellbender:remove-background: [epoch 067]  average training loss: 3637.9968
cellbender:remove-background: [epoch 068]  average training loss: 3656.3332
cellbender:remove-background: [epoch 069]  average training loss: 3622.4620
cellbender:remove-background: [epoch 070]  average training loss: 3687.9544
cellbender:remove-background: [epoch 070] average test loss: 3740.0549
cellbender:remove-background: [epoch 071]  average training loss: 3640.3027
cellbender:remove-background: [epoch 072]  average training loss: 3735.7372
cellbender:remove-background: [epoch 073]  average training loss: 3693.9527
cellbender:remove-background: [epoch 074]  average training loss: 3630.8562
cellbender:remove-background: [epoch 075]  average training loss: 3705.1342
cellbender:remove-background: [epoch 075] average test loss: 3691.7988
cellbender:remove-background: [epoch 076]  average training loss: 3641.4859
cellbender:remove-background: [epoch 077]  average training loss: 3641.1250
cellbender:remove-background: [epoch 078]  average training loss: 3671.4040
cellbender:remove-background: [epoch 079]  average training loss: 3631.9351
cellbender:remove-background: Saving a checkpoint...
cellbender:remove-background: Saved checkpoint as /weka/scratch/scratch/Mon/mabdel03/Tsai_Data/Cellbender_Outputs/50402729/ckpt.tar.gz
cellbender:remove-background: [epoch 080]  average training loss: 3660.0620
cellbender:remove-background: [epoch 080] average test loss: 3662.7317
cellbender:remove-background: [epoch 081]  average training loss: 3664.8359
cellbender:remove-background: [epoch 082]  average training loss: 3626.6505
cellbender:remove-background: [epoch 083]  average training loss: 3616.7873
cellbender:remove-background: [epoch 084]  average training loss: 3619.2043
cellbender:remove-background: [epoch 085]  average training loss: 3642.2428
cellbender:remove-background: [epoch 085] average test loss: 3664.7908
cellbender:remove-background: [epoch 086]  average training loss: 3638.3441
cellbender:remove-background: [epoch 087]  average training loss: 3627.3740
cellbender:remove-background: [epoch 088]  average training loss: 3624.5298
cellbender:remove-background: [epoch 089]  average training loss: 3632.6678
cellbender:remove-background: [epoch 090]  average training loss: 3679.4596
cellbender:remove-background: [epoch 090] average test loss: 3675.1159
cellbender:remove-background: [epoch 091]  average training loss: 3653.8781
cellbender:remove-background: [epoch 092]  average training loss: 3660.8865
cellbender:remove-background: [epoch 093]  average training loss: 3653.5576
cellbender:remove-background: [epoch 094]  average training loss: 3626.0861
cellbender:remove-background: [epoch 095]  average training loss: 3616.1560
cellbender:remove-background: [epoch 095] average test loss: 3663.9203
cellbender:remove-background: [epoch 096]  average training loss: 3636.3546
cellbender:remove-background: [epoch 097]  average training loss: 3633.9760
cellbender:remove-background: [epoch 098]  average training loss: 3663.7247
cellbender:remove-background: [epoch 099]  average training loss: 3612.0105
cellbender:remove-background: [epoch 100]  average training loss: 3627.3080
cellbender:remove-background: [epoch 100] average test loss: 3665.8306
cellbender:remove-background: [epoch 101]  average training loss: 3699.8900
cellbender:remove-background: [epoch 102]  average training loss: 3622.4131
cellbender:remove-background: [epoch 103]  average training loss: 3614.4760
cellbender:remove-background: [epoch 104]  average training loss: 3642.3144
cellbender:remove-background: [epoch 105]  average training loss: 3623.9683
cellbender:remove-background: [epoch 105] average test loss: 3692.5438
cellbender:remove-background: [epoch 106]  average training loss: 3616.7671
cellbender:remove-background: [epoch 107]  average training loss: 3664.6386
cellbender:remove-background: [epoch 108]  average training loss: 3611.5372
cellbender:remove-background: [epoch 109]  average training loss: 3622.0397
cellbender:remove-background: [epoch 110]  average training loss: 3636.4824
cellbender:remove-background: [epoch 110] average test loss: 3690.5567
cellbender:remove-background: [epoch 111]  average training loss: 3626.7056
cellbender:remove-background: [epoch 112]  average training loss: 3654.6761
cellbender:remove-background: [epoch 113]  average training loss: 3636.7994
cellbender:remove-background: [epoch 114]  average training loss: 3651.2040
cellbender:remove-background: [epoch 115]  average training loss: 3727.9677
cellbender:remove-background: [epoch 115] average test loss: 3681.8153
cellbender:remove-background: [epoch 116]  average training loss: 3637.3524
cellbender:remove-background: [epoch 117]  average training loss: 3626.4605
cellbender:remove-background: [epoch 118]  average training loss: 3621.8553
cellbender:remove-background: [epoch 119]  average training loss: 3644.4145
cellbender:remove-background: [epoch 120]  average training loss: 3636.9129
cellbender:remove-background: [epoch 120] average test loss: 3673.4544
cellbender:remove-background: [epoch 121]  average training loss: 3662.2698
cellbender:remove-background: [epoch 122]  average training loss: 3657.2486
cellbender:remove-background: [epoch 123]  average training loss: 3621.9983
cellbender:remove-background: [epoch 124]  average training loss: 3634.3925
cellbender:remove-background: [epoch 125]  average training loss: 3617.9510
cellbender:remove-background: [epoch 125] average test loss: 3655.5465
cellbender:remove-background: [epoch 126]  average training loss: 3613.9463
cellbender:remove-background: [epoch 127]  average training loss: 3639.9867
cellbender:remove-background: [epoch 128]  average training loss: 3631.9837
cellbender:remove-background: [epoch 129]  average training loss: 3652.1153
cellbender:remove-background: [epoch 130]  average training loss: 3646.4210
cellbender:remove-background: [epoch 130] average test loss: 3650.5111
cellbender:remove-background: [epoch 131]  average training loss: 3621.8725
cellbender:remove-background: [epoch 132]  average training loss: 3670.5488
cellbender:remove-background: [epoch 133]  average training loss: 3633.6344
cellbender:remove-background: [epoch 134]  average training loss: 3604.7140
cellbender:remove-background: [epoch 135]  average training loss: 3617.9662
cellbender:remove-background: [epoch 135] average test loss: 3661.0283
cellbender:remove-background: [epoch 136]  average training loss: 3654.4943
cellbender:remove-background: [epoch 137]  average training loss: 3618.6330
cellbender:remove-background: [epoch 138]  average training loss: 3624.7954
cellbender:remove-background: [epoch 139]  average training loss: 3609.4991
cellbender:remove-background: [epoch 140]  average training loss: 3643.9550
cellbender:remove-background: [epoch 140] average test loss: 3651.6067
cellbender:remove-background: [epoch 141]  average training loss: 3601.3720
cellbender:remove-background: [epoch 142]  average training loss: 3605.1538
cellbender:remove-background: [epoch 143]  average training loss: 3610.0910
cellbender:remove-background: [epoch 144]  average training loss: 3624.9683
cellbender:remove-background: [epoch 145]  average training loss: 3625.8847
cellbender:remove-background: [epoch 145] average test loss: 3651.5593
cellbender:remove-background: [epoch 146]  average training loss: 3639.5069
cellbender:remove-background: [epoch 147]  average training loss: 3618.7027
cellbender:remove-background: [epoch 148]  average training loss: 3603.6063
cellbender:remove-background: [epoch 149]  average training loss: 3610.1490
cellbender:remove-background: [epoch 150]  average training loss: 3635.7507
cellbender:remove-background: [epoch 150] average test loss: 3681.6520
cellbender:remove-background: Saving a checkpoint...
cellbender:remove-background: Saved checkpoint as /weka/scratch/scratch/Mon/mabdel03/Tsai_Data/Cellbender_Outputs/50402729/ckpt.tar.gz
cellbender:remove-background: 2026-02-02 00:01:16
cellbender:remove-background: Inference procedure complete.
cellbender:remove-background: Attempting to unpack tarball "ckpt.tar.gz" to /tmp/tmpu01yrpdp
cellbender:remove-background: Successfully unpacked tarball to /tmp/tmpu01yrpdp
/tmp/tmpu01yrpdp/b0736bae3c_random.pyro
/tmp/tmpu01yrpdp/b0736bae3c_random.cuda
/tmp/tmpu01yrpdp/b0736bae3c_model.torch
/tmp/tmpu01yrpdp/b0736bae3c_optim.torch
/tmp/tmpu01yrpdp/b0736bae3c_optim.pyro
/tmp/tmpu01yrpdp/b0736bae3c_params.pyro
/tmp/tmpu01yrpdp/b0736bae3c_train.loaderstate
/tmp/tmpu01yrpdp/b0736bae3c_test.loaderstate
/tmp/tmpu01yrpdp/b0736bae3c_args.npy
cellbender:remove-background: Posterior not currently included in checkpoint.
cellbender:remove-background: Computing posterior noise count probabilities in mini-batches.
cellbender:remove-background: Working on chunk (1/36)
cellbender:remove-background:     [0.04 mins per chunk]
cellbender:remove-background: Working on chunk (2/36)
cellbender:remove-background: Working on chunk (3/36)
cellbender:remove-background: Working on chunk (4/36)
cellbender:remove-background: Working on chunk (5/36)
cellbender:remove-background: Working on chunk (6/36)
cellbender:remove-background: Working on chunk (7/36)
cellbender:remove-background: Working on chunk (8/36)
cellbender:remove-background: Working on chunk (9/36)
cellbender:remove-background: Working on chunk (10/36)
cellbender:remove-background: Working on chunk (11/36)
cellbender:remove-background: Working on chunk (12/36)
cellbender:remove-background: Working on chunk (13/36)
cellbender:remove-background: Working on chunk (14/36)
cellbender:remove-background: Working on chunk (15/36)
cellbender:remove-background: Working on chunk (16/36)
cellbender:remove-background: Working on chunk (17/36)
cellbender:remove-background: Working on chunk (18/36)
cellbender:remove-background: Working on chunk (19/36)
cellbender:remove-background: Working on chunk (20/36)
cellbender:remove-background: Working on chunk (21/36)
cellbender:remove-background: Working on chunk (22/36)
cellbender:remove-background: Working on chunk (23/36)
cellbender:remove-background: Working on chunk (24/36)
cellbender:remove-background: Working on chunk (25/36)
cellbender:remove-background: Working on chunk (26/36)
cellbender:remove-background: Working on chunk (27/36)
cellbender:remove-background: Working on chunk (28/36)
cellbender:remove-background: Working on chunk (29/36)
cellbender:remove-background: Working on chunk (30/36)
cellbender:remove-background: Working on chunk (31/36)
cellbender:remove-background: Working on chunk (32/36)
cellbender:remove-background: Working on chunk (33/36)
cellbender:remove-background: Working on chunk (34/36)
cellbender:remove-background: Working on chunk (35/36)
cellbender:remove-background: Working on chunk (36/36)
cellbender:remove-background: Writing full posterior to /om/scratch/Mon/mabdel03/Tsai_Data/Cellbender_Outputs/50402729/processed_feature_bc_matrix_posterior.h5
cellbender:remove-background: Succeeded in writing posterior to file /om/scratch/Mon/mabdel03/Tsai_Data/Cellbender_Outputs/50402729/processed_feature_bc_matrix_posterior.h5
cellbender:remove-background: Added posterior object to checkpoint file.
cellbender:remove-background: 2026-02-02 00:05:22

cellbender:remove-background: Saved summary plots as /om/scratch/Mon/mabdel03/Tsai_Data/Cellbender_Outputs/50402729/processed_feature_bc_matrix.pdf
cellbender:remove-background: Saved cell barcodes in /om/scratch/Mon/mabdel03/Tsai_Data/Cellbender_Outputs/50402729/processed_feature_bc_matrix_cell_barcodes.csv
cellbender:remove-background: Computing target noise counts per gene for MCKP estimator
cellbender:remove-background: Using MCKP noise targets computed for FPR 0.0
cellbender:remove-background: Computing denoised counts using mckp estimator
cellbender:remove-background: Working on chunk (1/7)
cellbender:remove-background:     [1.46 mins per chunk]
cellbender:remove-background: Working on chunk (2/7)
cellbender:remove-background: Working on chunk (3/7)
cellbender:remove-background: Working on chunk (4/7)
cellbender:remove-background: Working on chunk (5/7)
cellbender:remove-background: Working on chunk (6/7)
cellbender:remove-background: Working on chunk (7/7)
cellbender:remove-background: 2026-02-02 00:16:05 Total MCKP estimation time = 615.84 sec
cellbender:remove-background: Succeeded in writing CellRanger format output to file /om/scratch/Mon/mabdel03/Tsai_Data/Cellbender_Outputs/50402729/processed_feature_bc_matrix.h5
cellbender:remove-background: Succeeded in writing CellRanger format output to file /om/scratch/Mon/mabdel03/Tsai_Data/Cellbender_Outputs/50402729/processed_feature_bc_matrix_filtered.h5
cellbender:remove-background: Saved output metrics as /om/scratch/Mon/mabdel03/Tsai_Data/Cellbender_Outputs/50402729/processed_feature_bc_matrix_metrics.csv
[NbConvertApp] Converting notebook tmp.report.ipynb to notebook
[NbConvertApp] Writing 440067 bytes to tmp.report.nbconvert.ipynb
[NbConvertApp] Converting notebook tmp.report.nbconvert.ipynb to html
[NbConvertApp] Writing 1014754 bytes to tmp.report.nbconvert.html
cellbender:remove-background: Succeeded in writing report to /om/scratch/Mon/mabdel03/Tsai_Data/Cellbender_Outputs/50402729/processed_feature_bc_matrix_report.html
cellbender:remove-background: Completed remove-background.
cellbender:remove-background: 2026-02-02 00:16:50

