cellbender:remove-background: Command:
cellbender remove-background --cuda --input /om/scratch/Mon/mabdel03/Tsai_Data/Cellranger_Outputs/54324848/outs/raw_feature_bc_matrix.h5 --fpr 0 --output /om/scratch/Mon/mabdel03/Tsai_Data/Cellbender_Outputs/54324848/processed_feature_bc_matrix.h5
cellbender:remove-background: CellBender 0.3.0
cellbender:remove-background: (Workflow hash ba7d4d2de1)
cellbender:remove-background: 2026-03-08 17:37:38
cellbender:remove-background: Running remove-background
cellbender:remove-background: Loading data from /om/scratch/Mon/mabdel03/Tsai_Data/Cellranger_Outputs/54324848/outs/raw_feature_bc_matrix.h5
cellbender:remove-background: CellRanger v3 format
cellbender:remove-background: Features in dataset: 36601 Gene Expression
cellbender:remove-background: Trimming features for inference.
cellbender:remove-background: 31749 features have nonzero counts.
cellbender:remove-background: Prior on counts for cells is 5782
cellbender:remove-background: Prior on counts for empty droplets is 98
cellbender:remove-background: Excluding 9279 features that are estimated to have <= 0.1 background counts in cells.
cellbender:remove-background: Including 22470 features in the analysis.
cellbender:remove-background: Trimming barcodes for inference.
cellbender:remove-background: Excluding barcodes with counts below 49
cellbender:remove-background: Using 4383 probable cell barcodes, plus an additional 16018 barcodes, and 60630 empty droplets.
cellbender:remove-background: Largest surely-empty droplet has 120 UMI counts.
cellbender:remove-background: Attempting to unpack tarball "ckpt.tar.gz" to /tmp/tmph18_4emn
cellbender:remove-background: No saved checkpoint.
cellbender:remove-background: No checkpoint loaded.
cellbender:remove-background: Running inference...
cellbender:remove-background: [epoch 001]  average training loss: 7235.8749
cellbender:remove-background: [epoch 002]  average training loss: 5803.4289  (7.1 seconds per epoch)
cellbender:remove-background: Will checkpoint every 60 epochs
cellbender:remove-background: [epoch 003]  average training loss: 5033.5986
cellbender:remove-background: [epoch 004]  average training loss: 4609.9993
cellbender:remove-background: [epoch 005]  average training loss: 4473.5883
cellbender:remove-background: [epoch 005] average test loss: 4417.2352
cellbender:remove-background: [epoch 006]  average training loss: 4401.5221
cellbender:remove-background: [epoch 007]  average training loss: 4373.0898
cellbender:remove-background: [epoch 008]  average training loss: 4324.8497
cellbender:remove-background: [epoch 009]  average training loss: 4278.4718
cellbender:remove-background: [epoch 010]  average training loss: 4164.8900
cellbender:remove-background: [epoch 010] average test loss: 4123.7184
cellbender:remove-background: [epoch 011]  average training loss: 4117.4717
cellbender:remove-background: [epoch 012]  average training loss: 4094.1027
cellbender:remove-background: [epoch 013]  average training loss: 4079.1402
cellbender:remove-background: [epoch 014]  average training loss: 4076.0243
cellbender:remove-background: [epoch 015]  average training loss: 4058.5983
cellbender:remove-background: [epoch 015] average test loss: 4053.6952
cellbender:remove-background: [epoch 016]  average training loss: 4049.7910
cellbender:remove-background: [epoch 017]  average training loss: 4050.9380
cellbender:remove-background: [epoch 018]  average training loss: 4032.8199
cellbender:remove-background: [epoch 019]  average training loss: 4023.1792
cellbender:remove-background: [epoch 020]  average training loss: 4016.3282
cellbender:remove-background: [epoch 020] average test loss: 3936.7570
cellbender:remove-background: [epoch 021]  average training loss: 4007.4134
cellbender:remove-background: [epoch 022]  average training loss: 4006.0148
cellbender:remove-background: [epoch 023]  average training loss: 3993.0693
cellbender:remove-background: [epoch 024]  average training loss: 3969.0968
cellbender:remove-background: [epoch 025]  average training loss: 3954.7367
cellbender:remove-background: [epoch 025] average test loss: 3867.2655
cellbender:remove-background: [epoch 026]  average training loss: 3934.6212
cellbender:remove-background: [epoch 027]  average training loss: 3922.0980
cellbender:remove-background: [epoch 028]  average training loss: 3913.2439
cellbender:remove-background: [epoch 029]  average training loss: 3909.4236
cellbender:remove-background: [epoch 030]  average training loss: 3903.5181
cellbender:remove-background: [epoch 030] average test loss: 3824.5585
cellbender:remove-background: [epoch 031]  average training loss: 3901.3043
cellbender:remove-background: [epoch 032]  average training loss: 3895.6443
cellbender:remove-background: [epoch 033]  average training loss: 3891.2903
cellbender:remove-background: [epoch 034]  average training loss: 3887.6688
cellbender:remove-background: [epoch 035]  average training loss: 3885.4756
cellbender:remove-background: [epoch 035] average test loss: 3812.2772
cellbender:remove-background: [epoch 036]  average training loss: 3881.0885
cellbender:remove-background: [epoch 037]  average training loss: 3877.8620
cellbender:remove-background: [epoch 038]  average training loss: 3873.5700
cellbender:remove-background: [epoch 039]  average training loss: 3871.1031
cellbender:remove-background: [epoch 040]  average training loss: 3866.6621
cellbender:remove-background: [epoch 040] average test loss: 3794.9651
cellbender:remove-background: [epoch 041]  average training loss: 3864.0357
cellbender:remove-background: [epoch 042]  average training loss: 3859.9788
cellbender:remove-background: [epoch 043]  average training loss: 3858.0545
cellbender:remove-background: [epoch 044]  average training loss: 3855.2507
cellbender:remove-background: [epoch 045]  average training loss: 3851.6717
cellbender:remove-background: [epoch 045] average test loss: 3776.5741
cellbender:remove-background: [epoch 046]  average training loss: 3850.3711
cellbender:remove-background: [epoch 047]  average training loss: 3847.9498
cellbender:remove-background: [epoch 048]  average training loss: 3845.2942
cellbender:remove-background: [epoch 049]  average training loss: 3844.4137
cellbender:remove-background: [epoch 050]  average training loss: 3844.6094
cellbender:remove-background: [epoch 050] average test loss: 3771.9863
cellbender:remove-background: [epoch 051]  average training loss: 3843.7309
cellbender:remove-background: [epoch 052]  average training loss: 3840.6047
cellbender:remove-background: [epoch 053]  average training loss: 3842.1101
cellbender:remove-background: [epoch 054]  average training loss: 3837.8752
cellbender:remove-background: [epoch 055]  average training loss: 3836.0662
cellbender:remove-background: [epoch 055] average test loss: 3777.8146
cellbender:remove-background: [epoch 056]  average training loss: 3829.6803
cellbender:remove-background: [epoch 057]  average training loss: 3829.7490
cellbender:remove-background: [epoch 058]  average training loss: 3825.8439
cellbender:remove-background: [epoch 059]  average training loss: 3827.0457
cellbender:remove-background: [epoch 060]  average training loss: 3819.7108
cellbender:remove-background: [epoch 060] average test loss: 3758.6399
cellbender:remove-background: Saving a checkpoint...
cellbender:remove-background: Saved checkpoint as /weka/scratch/scratch/Mon/mabdel03/Tsai_Data/Cellbender_Outputs/54324848/ckpt.tar.gz
cellbender:remove-background: [epoch 061]  average training loss: 3819.6523
cellbender:remove-background: [epoch 062]  average training loss: 3816.9813
cellbender:remove-background: [epoch 063]  average training loss: 3819.8807
cellbender:remove-background: [epoch 064]  average training loss: 3819.3886
cellbender:remove-background: [epoch 065]  average training loss: 3817.2001
cellbender:remove-background: [epoch 065] average test loss: 3751.1771
cellbender:remove-background: [epoch 066]  average training loss: 3818.4580
cellbender:remove-background: [epoch 067]  average training loss: 3821.2773
cellbender:remove-background: [epoch 068]  average training loss: 3821.2628
cellbender:remove-background: [epoch 069]  average training loss: 3818.0223
cellbender:remove-background: [epoch 070]  average training loss: 3817.9328
cellbender:remove-background: [epoch 070] average test loss: 3778.3220
cellbender:remove-background: [epoch 071]  average training loss: 3821.5468
cellbender:remove-background: [epoch 072]  average training loss: 3822.9061
cellbender:remove-background: [epoch 073]  average training loss: 3831.5462
cellbender:remove-background: [epoch 074]  average training loss: 3826.3564
cellbender:remove-background: [epoch 075]  average training loss: 3824.6176
cellbender:remove-background: [epoch 075] average test loss: 3767.7413
cellbender:remove-background: [epoch 076]  average training loss: 3822.3045
cellbender:remove-background: [epoch 077]  average training loss: 3826.9083
cellbender:remove-background: [epoch 078]  average training loss: 3823.2728
cellbender:remove-background: [epoch 079]  average training loss: 3830.5086
cellbender:remove-background: [epoch 080]  average training loss: 3832.9997
cellbender:remove-background: [epoch 080] average test loss: 3783.4291
cellbender:remove-background: [epoch 081]  average training loss: 3827.0458
cellbender:remove-background: [epoch 082]  average training loss: 3828.9227
cellbender:remove-background: [epoch 083]  average training loss: 3823.4034
cellbender:remove-background: [epoch 084]  average training loss: 3820.7267
cellbender:remove-background: [epoch 085]  average training loss: 3824.3067
cellbender:remove-background: [epoch 085] average test loss: 3781.3362
cellbender:remove-background: [epoch 086]  average training loss: 3822.5929
cellbender:remove-background: [epoch 087]  average training loss: 3819.5812
cellbender:remove-background: [epoch 088]  average training loss: 3821.1800
cellbender:remove-background: [epoch 089]  average training loss: 3821.9096
cellbender:remove-background: [epoch 090]  average training loss: 3817.7107
cellbender:remove-background: [epoch 090] average test loss: 3777.0647
cellbender:remove-background: [epoch 091]  average training loss: 3819.9621
cellbender:remove-background: [epoch 092]  average training loss: 3818.1549
cellbender:remove-background: [epoch 093]  average training loss: 3817.4648
cellbender:remove-background: [epoch 094]  average training loss: 3812.3470
cellbender:remove-background: [epoch 095]  average training loss: 3814.0051
cellbender:remove-background: [epoch 095] average test loss: 3772.8439
cellbender:remove-background: [epoch 096]  average training loss: 3809.2081
cellbender:remove-background: [epoch 097]  average training loss: 3807.1992
cellbender:remove-background: [epoch 098]  average training loss: 3808.1105
cellbender:remove-background: [epoch 099]  average training loss: 3806.7876
cellbender:remove-background: [epoch 100]  average training loss: 3808.7763
cellbender:remove-background: [epoch 100] average test loss: 3772.4747
cellbender:remove-background: [epoch 101]  average training loss: 3811.2652
cellbender:remove-background: [epoch 102]  average training loss: 3809.0976
cellbender:remove-background: [epoch 103]  average training loss: 3812.2841
cellbender:remove-background: [epoch 104]  average training loss: 3809.1567
cellbender:remove-background: [epoch 105]  average training loss: 3806.6101
cellbender:remove-background: [epoch 105] average test loss: 3759.7356
cellbender:remove-background: [epoch 106]  average training loss: 3807.1933
cellbender:remove-background: [epoch 107]  average training loss: 3806.1400
cellbender:remove-background: [epoch 108]  average training loss: 3804.8029
cellbender:remove-background: [epoch 109]  average training loss: 3802.8241
cellbender:remove-background: [epoch 110]  average training loss: 3798.1334
cellbender:remove-background: [epoch 110] average test loss: 3785.0979
cellbender:remove-background: [epoch 111]  average training loss: 3799.1702
cellbender:remove-background: [epoch 112]  average training loss: 3800.2404
cellbender:remove-background: [epoch 113]  average training loss: 3797.5487
cellbender:remove-background: [epoch 114]  average training loss: 3795.7626
cellbender:remove-background: [epoch 115]  average training loss: 3797.5026
cellbender:remove-background: [epoch 115] average test loss: 3776.5733
cellbender:remove-background: [epoch 116]  average training loss: 3796.6932
cellbender:remove-background: [epoch 117]  average training loss: 3794.9960
cellbender:remove-background: [epoch 118]  average training loss: 3794.6412
cellbender:remove-background: [epoch 119]  average training loss: 3793.3806
cellbender:remove-background: [epoch 120]  average training loss: 3791.2837
cellbender:remove-background: [epoch 120] average test loss: 3761.8511
cellbender:remove-background: Saving a checkpoint...
cellbender:remove-background: Saved checkpoint as /weka/scratch/scratch/Mon/mabdel03/Tsai_Data/Cellbender_Outputs/54324848/ckpt.tar.gz
cellbender:remove-background: [epoch 121]  average training loss: 3791.5965
cellbender:remove-background: [epoch 122]  average training loss: 3790.6795
cellbender:remove-background: [epoch 123]  average training loss: 3788.8574
cellbender:remove-background: [epoch 124]  average training loss: 3791.7749
cellbender:remove-background: [epoch 125]  average training loss: 3792.1986
cellbender:remove-background: [epoch 125] average test loss: 3765.6577
cellbender:remove-background: [epoch 126]  average training loss: 3791.2998
cellbender:remove-background: [epoch 127]  average training loss: 3790.0022
cellbender:remove-background: [epoch 128]  average training loss: 3789.6677
cellbender:remove-background: [epoch 129]  average training loss: 3788.8198
cellbender:remove-background: [epoch 130]  average training loss: 3789.5754
cellbender:remove-background: [epoch 130] average test loss: 3760.3412
cellbender:remove-background: [epoch 131]  average training loss: 3792.4204
cellbender:remove-background: [epoch 132]  average training loss: 3788.9966
cellbender:remove-background: [epoch 133]  average training loss: 3789.4154
cellbender:remove-background: [epoch 134]  average training loss: 3791.3436
cellbender:remove-background: [epoch 135]  average training loss: 3789.7256
cellbender:remove-background: [epoch 135] average test loss: 3761.1811
cellbender:remove-background: [epoch 136]  average training loss: 3785.2909
cellbender:remove-background: [epoch 137]  average training loss: 3786.0108
cellbender:remove-background: [epoch 138]  average training loss: 3786.0546
cellbender:remove-background: [epoch 139]  average training loss: 3788.6617
cellbender:remove-background: [epoch 140]  average training loss: 3786.8425
cellbender:remove-background: [epoch 140] average test loss: 3764.5486
cellbender:remove-background: [epoch 141]  average training loss: 3787.2505
cellbender:remove-background: [epoch 142]  average training loss: 3788.5244
cellbender:remove-background: [epoch 143]  average training loss: 3787.6628
cellbender:remove-background: [epoch 144]  average training loss: 3786.5191
cellbender:remove-background: [epoch 145]  average training loss: 3786.2817
cellbender:remove-background: [epoch 145] average test loss: 3768.5094
cellbender:remove-background: [epoch 146]  average training loss: 3787.0421
cellbender:remove-background: [epoch 147]  average training loss: 3786.1509
cellbender:remove-background: [epoch 148]  average training loss: 3787.0429
cellbender:remove-background: [epoch 149]  average training loss: 3785.6688
cellbender:remove-background: [epoch 150]  average training loss: 3786.9530
cellbender:remove-background: [epoch 150] average test loss: 3765.7081
cellbender:remove-background: Saving a checkpoint...
cellbender:remove-background: Saved checkpoint as /weka/scratch/scratch/Mon/mabdel03/Tsai_Data/Cellbender_Outputs/54324848/ckpt.tar.gz
cellbender:remove-background: 2026-03-08 17:58:24
cellbender:remove-background: Inference procedure complete.
cellbender:remove-background: Attempting to unpack tarball "ckpt.tar.gz" to /tmp/tmpy157dwry
cellbender:remove-background: Successfully unpacked tarball to /tmp/tmpy157dwry
/tmp/tmpy157dwry/ba7d4d2de1_random.pyro
/tmp/tmpy157dwry/ba7d4d2de1_random.cuda
/tmp/tmpy157dwry/ba7d4d2de1_model.torch
/tmp/tmpy157dwry/ba7d4d2de1_optim.torch
/tmp/tmpy157dwry/ba7d4d2de1_optim.pyro
/tmp/tmpy157dwry/ba7d4d2de1_params.pyro
/tmp/tmpy157dwry/ba7d4d2de1_train.loaderstate
/tmp/tmpy157dwry/ba7d4d2de1_test.loaderstate
/tmp/tmpy157dwry/ba7d4d2de1_args.npy
cellbender:remove-background: Posterior not currently included in checkpoint.
cellbender:remove-background: Computing posterior noise count probabilities in mini-batches.
cellbender:remove-background: Working on chunk (1/80)
cellbender:remove-background:     [0.04 mins per chunk]
cellbender:remove-background: Working on chunk (2/80)
cellbender:remove-background: Working on chunk (3/80)
cellbender:remove-background: Working on chunk (4/80)
cellbender:remove-background: Working on chunk (5/80)
cellbender:remove-background: Working on chunk (6/80)
cellbender:remove-background: Working on chunk (7/80)
cellbender:remove-background: Working on chunk (8/80)
cellbender:remove-background: Working on chunk (9/80)
cellbender:remove-background: Working on chunk (10/80)
cellbender:remove-background: Working on chunk (11/80)
cellbender:remove-background: Working on chunk (12/80)
cellbender:remove-background: Working on chunk (13/80)
cellbender:remove-background: Working on chunk (14/80)
cellbender:remove-background: Working on chunk (15/80)
cellbender:remove-background: Working on chunk (16/80)
cellbender:remove-background: Working on chunk (17/80)
cellbender:remove-background: Working on chunk (18/80)
cellbender:remove-background: Working on chunk (19/80)
cellbender:remove-background: Working on chunk (20/80)
cellbender:remove-background: Working on chunk (21/80)
cellbender:remove-background: Working on chunk (22/80)
cellbender:remove-background: Working on chunk (23/80)
cellbender:remove-background: Working on chunk (24/80)
cellbender:remove-background: Working on chunk (25/80)
cellbender:remove-background: Working on chunk (26/80)
cellbender:remove-background: Working on chunk (27/80)
cellbender:remove-background: Working on chunk (28/80)
cellbender:remove-background: Working on chunk (29/80)
cellbender:remove-background: Working on chunk (30/80)
cellbender:remove-background: Working on chunk (31/80)
cellbender:remove-background: Working on chunk (32/80)
cellbender:remove-background: Working on chunk (33/80)
cellbender:remove-background: Working on chunk (34/80)
cellbender:remove-background: Working on chunk (35/80)
cellbender:remove-background: Working on chunk (36/80)
cellbender:remove-background: Working on chunk (37/80)
cellbender:remove-background: Working on chunk (38/80)
cellbender:remove-background: Working on chunk (39/80)
cellbender:remove-background: Working on chunk (40/80)
cellbender:remove-background: Working on chunk (41/80)
cellbender:remove-background: Working on chunk (42/80)
cellbender:remove-background: Working on chunk (43/80)
cellbender:remove-background: Working on chunk (44/80)
cellbender:remove-background: Working on chunk (45/80)
cellbender:remove-background: Working on chunk (46/80)
cellbender:remove-background: Working on chunk (47/80)
cellbender:remove-background: Working on chunk (48/80)
cellbender:remove-background: Working on chunk (49/80)
cellbender:remove-background: Working on chunk (50/80)
cellbender:remove-background: Working on chunk (51/80)
cellbender:remove-background: Working on chunk (52/80)
cellbender:remove-background: Working on chunk (53/80)
cellbender:remove-background: Working on chunk (54/80)
cellbender:remove-background: Working on chunk (55/80)
cellbender:remove-background: Working on chunk (56/80)
cellbender:remove-background: Working on chunk (57/80)
cellbender:remove-background: Working on chunk (58/80)
cellbender:remove-background: Working on chunk (59/80)
cellbender:remove-background: Working on chunk (60/80)
cellbender:remove-background: Working on chunk (61/80)
cellbender:remove-background: Working on chunk (62/80)
cellbender:remove-background: Working on chunk (63/80)
cellbender:remove-background: Working on chunk (64/80)
cellbender:remove-background: Working on chunk (65/80)
cellbender:remove-background: Working on chunk (66/80)
cellbender:remove-background: Working on chunk (67/80)
cellbender:remove-background: Working on chunk (68/80)
cellbender:remove-background: Working on chunk (69/80)
cellbender:remove-background: Working on chunk (70/80)
cellbender:remove-background: Working on chunk (71/80)
cellbender:remove-background: Working on chunk (72/80)
cellbender:remove-background: Working on chunk (73/80)
cellbender:remove-background: Working on chunk (74/80)
cellbender:remove-background: Working on chunk (75/80)
cellbender:remove-background: Working on chunk (76/80)
cellbender:remove-background: Working on chunk (77/80)
cellbender:remove-background: Working on chunk (78/80)
cellbender:remove-background: Working on chunk (79/80)
cellbender:remove-background: Working on chunk (80/80)
cellbender:remove-background: Writing full posterior to /om/scratch/Mon/mabdel03/Tsai_Data/Cellbender_Outputs/54324848/processed_feature_bc_matrix_posterior.h5
cellbender:remove-background: Succeeded in writing posterior to file /om/scratch/Mon/mabdel03/Tsai_Data/Cellbender_Outputs/54324848/processed_feature_bc_matrix_posterior.h5
cellbender:remove-background: Added posterior object to checkpoint file.
cellbender:remove-background: 2026-03-08 18:04:06

cellbender:remove-background: Saved summary plots as /om/scratch/Mon/mabdel03/Tsai_Data/Cellbender_Outputs/54324848/processed_feature_bc_matrix.pdf
cellbender:remove-background: Saved cell barcodes in /om/scratch/Mon/mabdel03/Tsai_Data/Cellbender_Outputs/54324848/processed_feature_bc_matrix_cell_barcodes.csv
cellbender:remove-background: Computing target noise counts per gene for MCKP estimator
cellbender:remove-background: Using MCKP noise targets computed for FPR 0.0
cellbender:remove-background: Computing denoised counts using mckp estimator
cellbender:remove-background: Working on chunk (1/7)
cellbender:remove-background:     [2.27 mins per chunk]
cellbender:remove-background: Working on chunk (2/7)
cellbender:remove-background: Working on chunk (3/7)
cellbender:remove-background: Working on chunk (4/7)
cellbender:remove-background: Working on chunk (5/7)
cellbender:remove-background: Working on chunk (6/7)
cellbender:remove-background: Working on chunk (7/7)
cellbender:remove-background: 2026-03-08 18:20:51 Total MCKP estimation time = 956.94 sec
cellbender:remove-background: Succeeded in writing CellRanger format output to file /om/scratch/Mon/mabdel03/Tsai_Data/Cellbender_Outputs/54324848/processed_feature_bc_matrix.h5
cellbender:remove-background: Succeeded in writing CellRanger format output to file /om/scratch/Mon/mabdel03/Tsai_Data/Cellbender_Outputs/54324848/processed_feature_bc_matrix_filtered.h5
cellbender:remove-background: Saved output metrics as /om/scratch/Mon/mabdel03/Tsai_Data/Cellbender_Outputs/54324848/processed_feature_bc_matrix_metrics.csv
[NbConvertApp] Converting notebook tmp.report.ipynb to notebook
[NbConvertApp] Writing 594385 bytes to tmp.report.nbconvert.ipynb
[NbConvertApp] Converting notebook tmp.report.nbconvert.ipynb to html
[NbConvertApp] Writing 1169072 bytes to tmp.report.nbconvert.html
cellbender:remove-background: Succeeded in writing report to /om/scratch/Mon/mabdel03/Tsai_Data/Cellbender_Outputs/54324848/processed_feature_bc_matrix_report.html
cellbender:remove-background: Completed remove-background.
cellbender:remove-background: 2026-03-08 18:21:39

