cellbender:remove-background: Command:
cellbender remove-background --cuda --input /om/scratch/Mon/mabdel03/Tsai_Data/Cellranger_Outputs/50107907/outs/raw_feature_bc_matrix.h5 --fpr 0 --output /om/scratch/Mon/mabdel03/Tsai_Data/Cellbender_Outputs/50107907/processed_feature_bc_matrix.h5
cellbender:remove-background: CellBender 0.3.0
cellbender:remove-background: (Workflow hash 26da505086)
cellbender:remove-background: 2026-02-01 22:11:24
cellbender:remove-background: Running remove-background
cellbender:remove-background: Loading data from /om/scratch/Mon/mabdel03/Tsai_Data/Cellranger_Outputs/50107907/outs/raw_feature_bc_matrix.h5
cellbender:remove-background: CellRanger v3 format
cellbender:remove-background: Features in dataset: 36601 Gene Expression
cellbender:remove-background: Trimming features for inference.
cellbender:remove-background: 31198 features have nonzero counts.
cellbender:remove-background: Prior on counts for cells is 6363
cellbender:remove-background: Prior on counts for empty droplets is 162
cellbender:remove-background: Excluding 9205 features that are estimated to have <= 0.1 background counts in cells.
cellbender:remove-background: Including 21993 features in the analysis.
cellbender:remove-background: Trimming barcodes for inference.
cellbender:remove-background: Excluding barcodes with counts below 81
cellbender:remove-background: Using 2907 probable cell barcodes, plus an additional 9067 barcodes, and 61936 empty droplets.
cellbender:remove-background: Largest surely-empty droplet has 208 UMI counts.
cellbender:remove-background: Attempting to unpack tarball "ckpt.tar.gz" to /tmp/tmpp93mhxbw
cellbender:remove-background: No saved checkpoint.
cellbender:remove-background: No checkpoint loaded.
cellbender:remove-background: Running inference...
cellbender:remove-background: [epoch 001]  average training loss: 10597.2182
cellbender:remove-background: [epoch 002]  average training loss: 9211.6611  (5.8 seconds per epoch)
cellbender:remove-background: Will checkpoint every 73 epochs
cellbender:remove-background: [epoch 003]  average training loss: 7732.4491
cellbender:remove-background: [epoch 004]  average training loss: 7033.9715
cellbender:remove-background: [epoch 005]  average training loss: 6733.7795
cellbender:remove-background: [epoch 005] average test loss: 6505.0459
cellbender:remove-background: [epoch 006]  average training loss: 6330.0994
cellbender:remove-background: [epoch 007]  average training loss: 6101.7480
cellbender:remove-background: [epoch 008]  average training loss: 6188.1741
cellbender:remove-background: [epoch 009]  average training loss: 6165.9235
cellbender:remove-background: [epoch 010]  average training loss: 6122.4091
cellbender:remove-background: [epoch 010] average test loss: 6042.1575
cellbender:remove-background: [epoch 011]  average training loss: 6064.9725
cellbender:remove-background: [epoch 012]  average training loss: 6099.0056
cellbender:remove-background: [epoch 013]  average training loss: 5990.3173
cellbender:remove-background: [epoch 014]  average training loss: 5974.3424
cellbender:remove-background: [epoch 015]  average training loss: 5669.6569
cellbender:remove-background: [epoch 015] average test loss: 6149.6321
cellbender:remove-background: [epoch 016]  average training loss: 5504.3043
cellbender:remove-background: [epoch 017]  average training loss: 5473.5263
cellbender:remove-background: [epoch 018]  average training loss: 5472.2385
cellbender:remove-background: [epoch 019]  average training loss: 5420.3019
cellbender:remove-background: [epoch 020]  average training loss: 5403.2095
cellbender:remove-background: [epoch 020] average test loss: 5411.0237
cellbender:remove-background: [epoch 021]  average training loss: 5373.6139
cellbender:remove-background: [epoch 022]  average training loss: 5365.6287
cellbender:remove-background: [epoch 023]  average training loss: 5364.5531
cellbender:remove-background: [epoch 024]  average training loss: 5324.0022
cellbender:remove-background: [epoch 025]  average training loss: 5301.2956
cellbender:remove-background: [epoch 025] average test loss: 5218.9726
cellbender:remove-background: [epoch 026]  average training loss: 5286.2906
cellbender:remove-background: [epoch 027]  average training loss: 5258.5332
cellbender:remove-background: [epoch 028]  average training loss: 5264.5001
cellbender:remove-background: [epoch 029]  average training loss: 5245.5964
cellbender:remove-background: [epoch 030]  average training loss: 5238.4633
cellbender:remove-background: [epoch 030] average test loss: 5156.0220
cellbender:remove-background: [epoch 031]  average training loss: 5229.8584
cellbender:remove-background: [epoch 032]  average training loss: 5213.7336
cellbender:remove-background: [epoch 033]  average training loss: 5213.9067
cellbender:remove-background: [epoch 034]  average training loss: 5213.3370
cellbender:remove-background: [epoch 035]  average training loss: 5200.8064
cellbender:remove-background: [epoch 035] average test loss: 5158.0324
cellbender:remove-background: [epoch 036]  average training loss: 5199.4273
cellbender:remove-background: [epoch 037]  average training loss: 5194.1871
cellbender:remove-background: [epoch 038]  average training loss: 5193.9913
cellbender:remove-background: [epoch 039]  average training loss: 5192.0048
cellbender:remove-background: [epoch 040]  average training loss: 5186.2285
cellbender:remove-background: [epoch 040] average test loss: 5160.6093
cellbender:remove-background: [epoch 041]  average training loss: 5183.4337
cellbender:remove-background: [epoch 042]  average training loss: 5181.7513
cellbender:remove-background: [epoch 043]  average training loss: 5177.1501
cellbender:remove-background: [epoch 044]  average training loss: 5180.6886
cellbender:remove-background: [epoch 045]  average training loss: 5178.4971
cellbender:remove-background: [epoch 045] average test loss: 5145.4117
cellbender:remove-background: [epoch 046]  average training loss: 5175.6533
cellbender:remove-background: [epoch 047]  average training loss: 5175.0353
cellbender:remove-background: [epoch 048]  average training loss: 5172.2758
cellbender:remove-background: [epoch 049]  average training loss: 5172.0574
cellbender:remove-background: [epoch 050]  average training loss: 5169.4687
cellbender:remove-background: [epoch 050] average test loss: 5135.8355
cellbender:remove-background: [epoch 051]  average training loss: 5166.2663
cellbender:remove-background: [epoch 052]  average training loss: 5168.7375
cellbender:remove-background: [epoch 053]  average training loss: 5168.2012
cellbender:remove-background: [epoch 054]  average training loss: 5166.5838
cellbender:remove-background: [epoch 055]  average training loss: 5165.6081
cellbender:remove-background: [epoch 055] average test loss: 5117.6498
cellbender:remove-background: [epoch 056]  average training loss: 5163.7282
cellbender:remove-background: [epoch 057]  average training loss: 5161.8449
cellbender:remove-background: [epoch 058]  average training loss: 5163.9378
cellbender:remove-background: [epoch 059]  average training loss: 5165.8413
cellbender:remove-background: [epoch 060]  average training loss: 5165.4171
cellbender:remove-background: [epoch 060] average test loss: 5125.6970
cellbender:remove-background: [epoch 061]  average training loss: 5158.0986
cellbender:remove-background: [epoch 062]  average training loss: 5159.2174
cellbender:remove-background: [epoch 063]  average training loss: 5163.6087
cellbender:remove-background: [epoch 064]  average training loss: 5157.5745
cellbender:remove-background: [epoch 065]  average training loss: 5155.7829
cellbender:remove-background: [epoch 065] average test loss: 5132.3673
cellbender:remove-background: [epoch 066]  average training loss: 5155.7517
cellbender:remove-background: [epoch 067]  average training loss: 5158.7921
cellbender:remove-background: [epoch 068]  average training loss: 5156.1349
cellbender:remove-background: [epoch 069]  average training loss: 5155.6515
cellbender:remove-background: [epoch 070]  average training loss: 5161.2101
cellbender:remove-background: [epoch 070] average test loss: 5143.5080
cellbender:remove-background: [epoch 071]  average training loss: 5158.1513
cellbender:remove-background: [epoch 072]  average training loss: 5156.3736
cellbender:remove-background: [epoch 073]  average training loss: 5156.6073
cellbender:remove-background: Saving a checkpoint...
cellbender:remove-background: Saved checkpoint as /weka/scratch/scratch/Mon/mabdel03/Tsai_Data/Cellbender_Outputs/50107907/ckpt.tar.gz
cellbender:remove-background: [epoch 074]  average training loss: 5160.1397
cellbender:remove-background: [epoch 075]  average training loss: 5156.3172
cellbender:remove-background: [epoch 075] average test loss: 5144.3188
cellbender:remove-background: [epoch 076]  average training loss: 5162.3257
cellbender:remove-background: [epoch 077]  average training loss: 5166.9990
cellbender:remove-background: [epoch 078]  average training loss: 5160.2899
cellbender:remove-background: [epoch 079]  average training loss: 5167.2872
cellbender:remove-background: [epoch 080]  average training loss: 5166.0594
cellbender:remove-background: [epoch 080] average test loss: 5172.9231
cellbender:remove-background: [epoch 081]  average training loss: 5171.4510
cellbender:remove-background: [epoch 082]  average training loss: 5165.9158
cellbender:remove-background: [epoch 083]  average training loss: 5159.4981
cellbender:remove-background: [epoch 084]  average training loss: 5160.0286
cellbender:remove-background: [epoch 085]  average training loss: 5159.3036
cellbender:remove-background: [epoch 085] average test loss: 5116.0824
cellbender:remove-background: [epoch 086]  average training loss: 5156.0768
cellbender:remove-background: [epoch 087]  average training loss: 5162.8880
cellbender:remove-background: [epoch 088]  average training loss: 5154.4016
cellbender:remove-background: [epoch 089]  average training loss: 5156.1451
cellbender:remove-background: [epoch 090]  average training loss: 5162.0777
cellbender:remove-background: [epoch 090] average test loss: 5128.8300
cellbender:remove-background: [epoch 091]  average training loss: 5168.4215
cellbender:remove-background: [epoch 092]  average training loss: 5150.9751
cellbender:remove-background: [epoch 093]  average training loss: 5153.6822
cellbender:remove-background: [epoch 094]  average training loss: 5151.3494
cellbender:remove-background: [epoch 095]  average training loss: 5151.5946
cellbender:remove-background: [epoch 095] average test loss: 5161.3119
cellbender:remove-background: [epoch 096]  average training loss: 5146.7862
cellbender:remove-background: [epoch 097]  average training loss: 5146.0328
cellbender:remove-background: [epoch 098]  average training loss: 5155.2831
cellbender:remove-background: [epoch 099]  average training loss: 5148.4447
cellbender:remove-background: [epoch 100]  average training loss: 5146.6531
cellbender:remove-background: [epoch 100] average test loss: 5136.2350
cellbender:remove-background: [epoch 101]  average training loss: 5144.2655
cellbender:remove-background: [epoch 102]  average training loss: 5143.0632
cellbender:remove-background: [epoch 103]  average training loss: 5147.4478
cellbender:remove-background: [epoch 104]  average training loss: 5137.5242
cellbender:remove-background: [epoch 105]  average training loss: 5143.3078
cellbender:remove-background: [epoch 105] average test loss: 5149.7104
cellbender:remove-background: [epoch 106]  average training loss: 5142.7000
cellbender:remove-background: [epoch 107]  average training loss: 5135.3553
cellbender:remove-background: [epoch 108]  average training loss: 5136.7009
cellbender:remove-background: [epoch 109]  average training loss: 5133.6932
cellbender:remove-background: [epoch 110]  average training loss: 5135.8300
cellbender:remove-background: [epoch 110] average test loss: 5138.8428
cellbender:remove-background: [epoch 111]  average training loss: 5135.5606
cellbender:remove-background: [epoch 112]  average training loss: 5143.1750
cellbender:remove-background: [epoch 113]  average training loss: 5137.5100
cellbender:remove-background: [epoch 114]  average training loss: 5133.0655
cellbender:remove-background: [epoch 115]  average training loss: 5132.6264
cellbender:remove-background: [epoch 115] average test loss: 5148.5722
cellbender:remove-background: [epoch 116]  average training loss: 5133.2967
cellbender:remove-background: [epoch 117]  average training loss: 5129.5084
cellbender:remove-background: [epoch 118]  average training loss: 5129.2775
cellbender:remove-background: [epoch 119]  average training loss: 5126.3409
cellbender:remove-background: [epoch 120]  average training loss: 5125.3021
cellbender:remove-background: [epoch 120] average test loss: 5117.7482
cellbender:remove-background: [epoch 121]  average training loss: 5130.7964
cellbender:remove-background: [epoch 122]  average training loss: 5124.3209
cellbender:remove-background: [epoch 123]  average training loss: 5125.4510
cellbender:remove-background: [epoch 124]  average training loss: 5129.0106
cellbender:remove-background: [epoch 125]  average training loss: 5120.0139
cellbender:remove-background: [epoch 125] average test loss: 5110.8029
cellbender:remove-background: [epoch 126]  average training loss: 5127.2092
cellbender:remove-background: [epoch 127]  average training loss: 5121.9747
cellbender:remove-background: [epoch 128]  average training loss: 5128.4286
cellbender:remove-background: [epoch 129]  average training loss: 5122.7939
cellbender:remove-background: [epoch 130]  average training loss: 5125.6164
cellbender:remove-background: [epoch 130] average test loss: 5122.2866
cellbender:remove-background: [epoch 131]  average training loss: 5116.8815
cellbender:remove-background: [epoch 132]  average training loss: 5122.7371
cellbender:remove-background: [epoch 133]  average training loss: 5124.5357
cellbender:remove-background: [epoch 134]  average training loss: 5122.4583
cellbender:remove-background: [epoch 135]  average training loss: 5120.3907
cellbender:remove-background: [epoch 135] average test loss: 5129.8595
cellbender:remove-background: [epoch 136]  average training loss: 5121.2351
cellbender:remove-background: [epoch 137]  average training loss: 5121.0942
cellbender:remove-background: [epoch 138]  average training loss: 5120.9871
cellbender:remove-background: [epoch 139]  average training loss: 5120.7116
cellbender:remove-background: [epoch 140]  average training loss: 5118.4768
cellbender:remove-background: [epoch 140] average test loss: 5117.1835
cellbender:remove-background: [epoch 141]  average training loss: 5122.4406
cellbender:remove-background: [epoch 142]  average training loss: 5121.8432
cellbender:remove-background: [epoch 143]  average training loss: 5119.2546
cellbender:remove-background: [epoch 144]  average training loss: 5119.3314
cellbender:remove-background: [epoch 145]  average training loss: 5119.8786
cellbender:remove-background: [epoch 145] average test loss: 5115.9948
cellbender:remove-background: [epoch 146]  average training loss: 5119.8713
cellbender:remove-background: Saving a checkpoint...
cellbender:remove-background: Saved checkpoint as /weka/scratch/scratch/Mon/mabdel03/Tsai_Data/Cellbender_Outputs/50107907/ckpt.tar.gz
cellbender:remove-background: [epoch 147]  average training loss: 5121.7447
cellbender:remove-background: [epoch 148]  average training loss: 5120.3427
cellbender:remove-background: [epoch 149]  average training loss: 5121.4972
cellbender:remove-background: [epoch 150]  average training loss: 5120.4075
cellbender:remove-background: [epoch 150] average test loss: 5120.6225
cellbender:remove-background: Saving a checkpoint...
cellbender:remove-background: Saved checkpoint as /weka/scratch/scratch/Mon/mabdel03/Tsai_Data/Cellbender_Outputs/50107907/ckpt.tar.gz
cellbender:remove-background: 2026-02-01 22:29:58
cellbender:remove-background: Inference procedure complete.
cellbender:remove-background: Attempting to unpack tarball "ckpt.tar.gz" to /tmp/tmpcege3wcm
cellbender:remove-background: Successfully unpacked tarball to /tmp/tmpcege3wcm
/tmp/tmpcege3wcm/26da505086_random.pyro
/tmp/tmpcege3wcm/26da505086_random.cuda
/tmp/tmpcege3wcm/26da505086_model.torch
/tmp/tmpcege3wcm/26da505086_optim.torch
/tmp/tmpcege3wcm/26da505086_optim.pyro
/tmp/tmpcege3wcm/26da505086_params.pyro
/tmp/tmpcege3wcm/26da505086_train.loaderstate
/tmp/tmpcege3wcm/26da505086_test.loaderstate
/tmp/tmpcege3wcm/26da505086_args.npy
cellbender:remove-background: Posterior not currently included in checkpoint.
cellbender:remove-background: Computing posterior noise count probabilities in mini-batches.
cellbender:remove-background: Working on chunk (1/54)
cellbender:remove-background:     [0.04 mins per chunk]
cellbender:remove-background: Working on chunk (2/54)
cellbender:remove-background: Working on chunk (3/54)
cellbender:remove-background: Working on chunk (4/54)
cellbender:remove-background: Working on chunk (5/54)
cellbender:remove-background: Working on chunk (6/54)
cellbender:remove-background: Working on chunk (7/54)
cellbender:remove-background: Working on chunk (8/54)
cellbender:remove-background: Working on chunk (9/54)
cellbender:remove-background: Working on chunk (10/54)
cellbender:remove-background: Working on chunk (11/54)
cellbender:remove-background: Working on chunk (12/54)
cellbender:remove-background: Working on chunk (13/54)
cellbender:remove-background: Working on chunk (14/54)
cellbender:remove-background: Working on chunk (15/54)
cellbender:remove-background: Working on chunk (16/54)
cellbender:remove-background: Working on chunk (17/54)
cellbender:remove-background: Working on chunk (18/54)
cellbender:remove-background: Working on chunk (19/54)
cellbender:remove-background: Working on chunk (20/54)
cellbender:remove-background: Working on chunk (21/54)
cellbender:remove-background: Working on chunk (22/54)
cellbender:remove-background: Working on chunk (23/54)
cellbender:remove-background: Working on chunk (24/54)
cellbender:remove-background: Working on chunk (25/54)
cellbender:remove-background: Working on chunk (26/54)
cellbender:remove-background: Working on chunk (27/54)
cellbender:remove-background: Working on chunk (28/54)
cellbender:remove-background: Working on chunk (29/54)
cellbender:remove-background: Working on chunk (30/54)
cellbender:remove-background: Working on chunk (31/54)
cellbender:remove-background: Working on chunk (32/54)
cellbender:remove-background: Working on chunk (33/54)
cellbender:remove-background: Working on chunk (34/54)
cellbender:remove-background: Working on chunk (35/54)
cellbender:remove-background: Working on chunk (36/54)
cellbender:remove-background: Working on chunk (37/54)
cellbender:remove-background: Working on chunk (38/54)
cellbender:remove-background: Working on chunk (39/54)
cellbender:remove-background: Working on chunk (40/54)
cellbender:remove-background: Working on chunk (41/54)
cellbender:remove-background: Working on chunk (42/54)
cellbender:remove-background: Working on chunk (43/54)
cellbender:remove-background: Working on chunk (44/54)
cellbender:remove-background: Working on chunk (45/54)
cellbender:remove-background: Working on chunk (46/54)
cellbender:remove-background: Working on chunk (47/54)
cellbender:remove-background: Working on chunk (48/54)
cellbender:remove-background: Working on chunk (49/54)
cellbender:remove-background: Working on chunk (50/54)
cellbender:remove-background: Working on chunk (51/54)
cellbender:remove-background: Working on chunk (52/54)
cellbender:remove-background: Working on chunk (53/54)
cellbender:remove-background: Working on chunk (54/54)
cellbender:remove-background: Writing full posterior to /om/scratch/Mon/mabdel03/Tsai_Data/Cellbender_Outputs/50107907/processed_feature_bc_matrix_posterior.h5
cellbender:remove-background: Succeeded in writing posterior to file /om/scratch/Mon/mabdel03/Tsai_Data/Cellbender_Outputs/50107907/processed_feature_bc_matrix_posterior.h5
cellbender:remove-background: Added posterior object to checkpoint file.
cellbender:remove-background: 2026-02-01 22:35:21

cellbender:remove-background: Saved summary plots as /om/scratch/Mon/mabdel03/Tsai_Data/Cellbender_Outputs/50107907/processed_feature_bc_matrix.pdf
cellbender:remove-background: Saved cell barcodes in /om/scratch/Mon/mabdel03/Tsai_Data/Cellbender_Outputs/50107907/processed_feature_bc_matrix_cell_barcodes.csv
cellbender:remove-background: Computing target noise counts per gene for MCKP estimator
cellbender:remove-background: Using MCKP noise targets computed for FPR 0.0
cellbender:remove-background: Computing denoised counts using mckp estimator
cellbender:remove-background: Working on chunk (1/7)
cellbender:remove-background:     [2.64 mins per chunk]
cellbender:remove-background: Working on chunk (2/7)
cellbender:remove-background: Working on chunk (3/7)
cellbender:remove-background: Working on chunk (4/7)
cellbender:remove-background: Working on chunk (5/7)
cellbender:remove-background: Working on chunk (6/7)
cellbender:remove-background: Working on chunk (7/7)
cellbender:remove-background: 2026-02-01 22:54:32 Total MCKP estimation time = 1106.15 sec
cellbender:remove-background: Succeeded in writing CellRanger format output to file /om/scratch/Mon/mabdel03/Tsai_Data/Cellbender_Outputs/50107907/processed_feature_bc_matrix.h5
cellbender:remove-background: Succeeded in writing CellRanger format output to file /om/scratch/Mon/mabdel03/Tsai_Data/Cellbender_Outputs/50107907/processed_feature_bc_matrix_filtered.h5
cellbender:remove-background: Saved output metrics as /om/scratch/Mon/mabdel03/Tsai_Data/Cellbender_Outputs/50107907/processed_feature_bc_matrix_metrics.csv
[NbConvertApp] Converting notebook tmp.report.ipynb to notebook
[NbConvertApp] Writing 502927 bytes to tmp.report.nbconvert.ipynb
[NbConvertApp] Converting notebook tmp.report.nbconvert.ipynb to html
[NbConvertApp] Writing 1077614 bytes to tmp.report.nbconvert.html
cellbender:remove-background: Succeeded in writing report to /om/scratch/Mon/mabdel03/Tsai_Data/Cellbender_Outputs/50107907/processed_feature_bc_matrix_report.html
cellbender:remove-background: Completed remove-background.
cellbender:remove-background: 2026-02-01 22:55:31

