cellbender:remove-background: Command:
cellbender remove-background --cuda --input /om/scratch/Mon/mabdel03/Tsai_Data/Cellranger_Outputs/50106280/outs/raw_feature_bc_matrix.h5 --fpr 0 --output /om/scratch/Mon/mabdel03/Tsai_Data/Cellbender_Outputs/50106280/processed_feature_bc_matrix.h5
cellbender:remove-background: CellBender 0.3.0
cellbender:remove-background: (Workflow hash 049eb31783)
cellbender:remove-background: 2026-02-01 21:56:33
cellbender:remove-background: Running remove-background
cellbender:remove-background: Loading data from /om/scratch/Mon/mabdel03/Tsai_Data/Cellranger_Outputs/50106280/outs/raw_feature_bc_matrix.h5
cellbender:remove-background: CellRanger v3 format
cellbender:remove-background: Features in dataset: 36601 Gene Expression
cellbender:remove-background: Trimming features for inference.
cellbender:remove-background: 27598 features have nonzero counts.
cellbender:remove-background: Prior on counts for cells is 2173
cellbender:remove-background: Prior on counts for empty droplets is 40
cellbender:remove-background: Excluding 7688 features that are estimated to have <= 0.1 background counts in cells.
cellbender:remove-background: Including 19910 features in the analysis.
cellbender:remove-background: Trimming barcodes for inference.
cellbender:remove-background: Excluding barcodes with counts below 20
cellbender:remove-background: Using 1633 probable cell barcodes, plus an additional 13727 barcodes, and 74430 empty droplets.
cellbender:remove-background: Largest surely-empty droplet has 46 UMI counts.
cellbender:remove-background: Attempting to unpack tarball "ckpt.tar.gz" to /tmp/tmpvbpjhh0x
cellbender:remove-background: No saved checkpoint.
cellbender:remove-background: No checkpoint loaded.
cellbender:remove-background: Running inference...
cellbender:remove-background: [epoch 001]  average training loss: 2104.3904
cellbender:remove-background: [epoch 002]  average training loss: 1863.2865  (4.9 seconds per epoch)
cellbender:remove-background: Will checkpoint every 86 epochs
cellbender:remove-background: [epoch 003]  average training loss: 1672.2628
cellbender:remove-background: [epoch 004]  average training loss: 1540.4429
cellbender:remove-background: [epoch 005]  average training loss: 1440.6337
cellbender:remove-background: [epoch 005] average test loss: 1462.2081
cellbender:remove-background: [epoch 006]  average training loss: 1392.5743
cellbender:remove-background: [epoch 007]  average training loss: 1385.1401
cellbender:remove-background: [epoch 008]  average training loss: 1377.1997
cellbender:remove-background: [epoch 009]  average training loss: 1374.1721
cellbender:remove-background: [epoch 010]  average training loss: 1372.1256
cellbender:remove-background: [epoch 010] average test loss: 1365.6079
cellbender:remove-background: [epoch 011]  average training loss: 1369.7281
cellbender:remove-background: [epoch 012]  average training loss: 1366.4264
cellbender:remove-background: [epoch 013]  average training loss: 1364.9488
cellbender:remove-background: [epoch 014]  average training loss: 1365.9528
cellbender:remove-background: [epoch 015]  average training loss: 1363.6995
cellbender:remove-background: [epoch 015] average test loss: 1356.2160
cellbender:remove-background: [epoch 016]  average training loss: 1363.5416
cellbender:remove-background: [epoch 017]  average training loss: 1360.5168
cellbender:remove-background: [epoch 018]  average training loss: 1361.5982
cellbender:remove-background: [epoch 019]  average training loss: 1359.1354
cellbender:remove-background: [epoch 020]  average training loss: 1354.7419
cellbender:remove-background: [epoch 020] average test loss: 1348.6765
cellbender:remove-background: [epoch 021]  average training loss: 1339.2326
cellbender:remove-background: [epoch 022]  average training loss: 1336.4695
cellbender:remove-background: [epoch 023]  average training loss: 1332.2382
cellbender:remove-background: [epoch 024]  average training loss: 1330.7801
cellbender:remove-background: [epoch 025]  average training loss: 1328.8413
cellbender:remove-background: [epoch 025] average test loss: 1314.7237
cellbender:remove-background: [epoch 026]  average training loss: 1326.7230
cellbender:remove-background: [epoch 027]  average training loss: 1325.0797
cellbender:remove-background: [epoch 028]  average training loss: 1322.6361
cellbender:remove-background: [epoch 029]  average training loss: 1322.6600
cellbender:remove-background: [epoch 030]  average training loss: 1320.8861
cellbender:remove-background: [epoch 030] average test loss: 1313.0829
cellbender:remove-background: [epoch 031]  average training loss: 1320.0074
cellbender:remove-background: [epoch 032]  average training loss: 1320.3715
cellbender:remove-background: [epoch 033]  average training loss: 1317.4460
cellbender:remove-background: [epoch 034]  average training loss: 1320.5367
cellbender:remove-background: [epoch 035]  average training loss: 1319.9343
cellbender:remove-background: [epoch 035] average test loss: 1328.0849
cellbender:remove-background: [epoch 036]  average training loss: 1318.9707
cellbender:remove-background: [epoch 037]  average training loss: 1327.9498
cellbender:remove-background: [epoch 038]  average training loss: 1327.8278
cellbender:remove-background: [epoch 039]  average training loss: 1318.6790
cellbender:remove-background: [epoch 040]  average training loss: 1320.2726
cellbender:remove-background: [epoch 040] average test loss: 1315.3974
cellbender:remove-background: [epoch 041]  average training loss: 1330.1887
cellbender:remove-background: [epoch 042]  average training loss: 1321.9938
cellbender:remove-background: [epoch 043]  average training loss: 1329.6186
cellbender:remove-background: [epoch 044]  average training loss: 1332.8501
cellbender:remove-background: [epoch 045]  average training loss: 1324.4289
cellbender:remove-background: [epoch 045] average test loss: 1329.6128
cellbender:remove-background: [epoch 046]  average training loss: 1343.8292
cellbender:remove-background: [epoch 047]  average training loss: 1331.8002
cellbender:remove-background: [epoch 048]  average training loss: 1338.6952
cellbender:remove-background: [epoch 049]  average training loss: 1325.6109
cellbender:remove-background: [epoch 050]  average training loss: 1330.2769
cellbender:remove-background: [epoch 050] average test loss: 1317.6550
cellbender:remove-background: [epoch 051]  average training loss: 1325.7584
cellbender:remove-background: [epoch 052]  average training loss: 1333.8701
cellbender:remove-background: [epoch 053]  average training loss: 1331.8864
cellbender:remove-background: [epoch 054]  average training loss: 1340.1113
cellbender:remove-background: [epoch 055]  average training loss: 1328.6984
cellbender:remove-background: [epoch 055] average test loss: 1354.5647
cellbender:remove-background: [epoch 056]  average training loss: 1339.1938
cellbender:remove-background: [epoch 057]  average training loss: 1334.0969
cellbender:remove-background: [epoch 058]  average training loss: 1330.6532
cellbender:remove-background: [epoch 059]  average training loss: 1341.6425
cellbender:remove-background: [epoch 060]  average training loss: 1338.7475
cellbender:remove-background: [epoch 060] average test loss: 1344.1999
cellbender:remove-background: [epoch 061]  average training loss: 1339.7449
cellbender:remove-background: [epoch 062]  average training loss: 1356.0365
cellbender:remove-background: [epoch 063]  average training loss: 1345.2949
cellbender:remove-background: [epoch 064]  average training loss: 1350.4750
cellbender:remove-background: [epoch 065]  average training loss: 1359.5851
cellbender:remove-background: [epoch 065] average test loss: 1354.3976
cellbender:remove-background: [epoch 066]  average training loss: 1338.2182
cellbender:remove-background: [epoch 067]  average training loss: 1334.7020
cellbender:remove-background: [epoch 068]  average training loss: 1344.0044
cellbender:remove-background: [epoch 069]  average training loss: 1355.1047
cellbender:remove-background: [epoch 070]  average training loss: 1337.3408
cellbender:remove-background: [epoch 070] average test loss: 1407.8041
cellbender:remove-background: [epoch 071]  average training loss: 1346.2323
cellbender:remove-background: [epoch 072]  average training loss: 1349.7225
cellbender:remove-background: [epoch 073]  average training loss: 1353.0209
cellbender:remove-background: [epoch 074]  average training loss: 1338.2481
cellbender:remove-background: [epoch 075]  average training loss: 1344.4809
cellbender:remove-background: [epoch 075] average test loss: 1360.1301
cellbender:remove-background: [epoch 076]  average training loss: 1345.7363
cellbender:remove-background: [epoch 077]  average training loss: 1347.5295
cellbender:remove-background: [epoch 078]  average training loss: 1345.9667
cellbender:remove-background: [epoch 079]  average training loss: 1344.7031
cellbender:remove-background: [epoch 080]  average training loss: 1340.5245
cellbender:remove-background: [epoch 080] average test loss: 1361.9815
cellbender:remove-background: [epoch 081]  average training loss: 1351.5705
cellbender:remove-background: [epoch 082]  average training loss: 1345.7535
cellbender:remove-background: [epoch 083]  average training loss: 1340.4286
cellbender:remove-background: [epoch 084]  average training loss: 1344.2075
cellbender:remove-background: [epoch 085]  average training loss: 1350.5958
cellbender:remove-background: [epoch 085] average test loss: 1361.0202
cellbender:remove-background: [epoch 086]  average training loss: 1342.5849
cellbender:remove-background: Saving a checkpoint...
cellbender:remove-background: Saved checkpoint as /weka/scratch/scratch/Mon/mabdel03/Tsai_Data/Cellbender_Outputs/50106280/ckpt.tar.gz
cellbender:remove-background: [epoch 087]  average training loss: 1344.1193
cellbender:remove-background: [epoch 088]  average training loss: 1359.0871
cellbender:remove-background: [epoch 089]  average training loss: 1353.2670
cellbender:remove-background: [epoch 090]  average training loss: 1344.9463
cellbender:remove-background: [epoch 090] average test loss: 1387.2515
cellbender:remove-background: [epoch 091]  average training loss: 1346.0735
cellbender:remove-background: [epoch 092]  average training loss: 1342.0053
cellbender:remove-background: [epoch 093]  average training loss: 1342.2554
cellbender:remove-background: [epoch 094]  average training loss: 1339.1113
cellbender:remove-background: [epoch 095]  average training loss: 1334.5462
cellbender:remove-background: [epoch 095] average test loss: 1362.3070
cellbender:remove-background: [epoch 096]  average training loss: 1338.8126
cellbender:remove-background: [epoch 097]  average training loss: 1345.5472
cellbender:remove-background: [epoch 098]  average training loss: 1339.1459
cellbender:remove-background: [epoch 099]  average training loss: 1341.2028
cellbender:remove-background: [epoch 100]  average training loss: 1333.9642
cellbender:remove-background: [epoch 100] average test loss: 1343.9534
cellbender:remove-background: [epoch 101]  average training loss: 1343.3576
cellbender:remove-background: [epoch 102]  average training loss: 1340.5841
cellbender:remove-background: [epoch 103]  average training loss: 1337.6798
cellbender:remove-background: [epoch 104]  average training loss: 1344.6081
cellbender:remove-background: [epoch 105]  average training loss: 1347.1240
cellbender:remove-background: [epoch 105] average test loss: 1350.2851
cellbender:remove-background: [epoch 106]  average training loss: 1338.7446
cellbender:remove-background: [epoch 107]  average training loss: 1340.4637
cellbender:remove-background: [epoch 108]  average training loss: 1332.7496
cellbender:remove-background: [epoch 109]  average training loss: 1334.4346
cellbender:remove-background: [epoch 110]  average training loss: 1334.9579
cellbender:remove-background: [epoch 110] average test loss: 1360.2419
cellbender:remove-background: [epoch 111]  average training loss: 1339.6608
cellbender:remove-background: [epoch 112]  average training loss: 1337.7793
cellbender:remove-background: [epoch 113]  average training loss: 1332.7862
cellbender:remove-background: [epoch 114]  average training loss: 1339.2257
cellbender:remove-background: [epoch 115]  average training loss: 1336.7036
cellbender:remove-background: [epoch 115] average test loss: 1355.7327
cellbender:remove-background: [epoch 116]  average training loss: 1334.6308
cellbender:remove-background: [epoch 117]  average training loss: 1328.7665
cellbender:remove-background: [epoch 118]  average training loss: 1337.6546
cellbender:remove-background: [epoch 119]  average training loss: 1336.8575
cellbender:remove-background: [epoch 120]  average training loss: 1339.3542
cellbender:remove-background: [epoch 120] average test loss: 1355.9141
cellbender:remove-background: [epoch 121]  average training loss: 1333.8244
cellbender:remove-background: [epoch 122]  average training loss: 1333.8982
cellbender:remove-background: [epoch 123]  average training loss: 1329.7499
cellbender:remove-background: [epoch 124]  average training loss: 1333.7679
cellbender:remove-background: [epoch 125]  average training loss: 1332.4584
cellbender:remove-background: [epoch 125] average test loss: 1342.6552
cellbender:remove-background: [epoch 126]  average training loss: 1334.4315
cellbender:remove-background: [epoch 127]  average training loss: 1330.1854
cellbender:remove-background: [epoch 128]  average training loss: 1334.3657
cellbender:remove-background: [epoch 129]  average training loss: 1337.7895
cellbender:remove-background: [epoch 130]  average training loss: 1335.6380
cellbender:remove-background: [epoch 130] average test loss: 1361.4061
cellbender:remove-background: [epoch 131]  average training loss: 1331.0271
cellbender:remove-background: [epoch 132]  average training loss: 1331.9263
cellbender:remove-background: [epoch 133]  average training loss: 1333.2517
cellbender:remove-background: [epoch 134]  average training loss: 1331.2447
cellbender:remove-background: [epoch 135]  average training loss: 1334.3027
cellbender:remove-background: [epoch 135] average test loss: 1374.5002
cellbender:remove-background: [epoch 136]  average training loss: 1333.3567
cellbender:remove-background: [epoch 137]  average training loss: 1331.3318
cellbender:remove-background: [epoch 138]  average training loss: 1333.3626
cellbender:remove-background: [epoch 139]  average training loss: 1329.6645
cellbender:remove-background: [epoch 140]  average training loss: 1331.9756
cellbender:remove-background: [epoch 140] average test loss: 1352.8839
cellbender:remove-background: [epoch 141]  average training loss: 1331.4920
cellbender:remove-background: [epoch 142]  average training loss: 1329.4602
cellbender:remove-background: [epoch 143]  average training loss: 1331.4120
cellbender:remove-background: [epoch 144]  average training loss: 1328.4874
cellbender:remove-background: [epoch 145]  average training loss: 1331.6607
cellbender:remove-background: [epoch 145] average test loss: 1348.6779
cellbender:remove-background: [epoch 146]  average training loss: 1332.1778
cellbender:remove-background: [epoch 147]  average training loss: 1330.9594
cellbender:remove-background: [epoch 148]  average training loss: 1331.2083
cellbender:remove-background: [epoch 149]  average training loss: 1329.5215
cellbender:remove-background: [epoch 150]  average training loss: 1328.5334
cellbender:remove-background: [epoch 150] average test loss: 1353.0466
cellbender:remove-background: Saving a checkpoint...
cellbender:remove-background: Saved checkpoint as /weka/scratch/scratch/Mon/mabdel03/Tsai_Data/Cellbender_Outputs/50106280/ckpt.tar.gz
cellbender:remove-background: 2026-02-01 22:11:28
cellbender:remove-background: Inference procedure complete.
cellbender:remove-background: Attempting to unpack tarball "ckpt.tar.gz" to /tmp/tmpnx5k2l8k
cellbender:remove-background: Successfully unpacked tarball to /tmp/tmpnx5k2l8k
/tmp/tmpnx5k2l8k/049eb31783_random.pyro
/tmp/tmpnx5k2l8k/049eb31783_random.cuda
/tmp/tmpnx5k2l8k/049eb31783_model.torch
/tmp/tmpnx5k2l8k/049eb31783_optim.torch
/tmp/tmpnx5k2l8k/049eb31783_optim.pyro
/tmp/tmpnx5k2l8k/049eb31783_params.pyro
/tmp/tmpnx5k2l8k/049eb31783_train.loaderstate
/tmp/tmpnx5k2l8k/049eb31783_test.loaderstate
/tmp/tmpnx5k2l8k/049eb31783_args.npy
cellbender:remove-background: Posterior not currently included in checkpoint.
cellbender:remove-background: Computing posterior noise count probabilities in mini-batches.
cellbender:remove-background: Working on chunk (1/31)
cellbender:remove-background:     [0.03 mins per chunk]
cellbender:remove-background: Working on chunk (2/31)
cellbender:remove-background: Working on chunk (3/31)
cellbender:remove-background: Working on chunk (4/31)
cellbender:remove-background: Working on chunk (5/31)
cellbender:remove-background: Working on chunk (6/31)
cellbender:remove-background: Working on chunk (7/31)
cellbender:remove-background: Working on chunk (8/31)
cellbender:remove-background: Working on chunk (9/31)
cellbender:remove-background: Working on chunk (10/31)
cellbender:remove-background: Working on chunk (11/31)
cellbender:remove-background: Working on chunk (12/31)
cellbender:remove-background: Working on chunk (13/31)
cellbender:remove-background: Working on chunk (14/31)
cellbender:remove-background: Working on chunk (15/31)
cellbender:remove-background: Working on chunk (16/31)
cellbender:remove-background: Working on chunk (17/31)
cellbender:remove-background: Working on chunk (18/31)
cellbender:remove-background: Working on chunk (19/31)
cellbender:remove-background: Working on chunk (20/31)
cellbender:remove-background: Working on chunk (21/31)
cellbender:remove-background: Working on chunk (22/31)
cellbender:remove-background: Working on chunk (23/31)
cellbender:remove-background: Working on chunk (24/31)
cellbender:remove-background: Working on chunk (25/31)
cellbender:remove-background: Working on chunk (26/31)
cellbender:remove-background: Working on chunk (27/31)
cellbender:remove-background: Working on chunk (28/31)
cellbender:remove-background: Working on chunk (29/31)
cellbender:remove-background: Working on chunk (30/31)
cellbender:remove-background: Working on chunk (31/31)
cellbender:remove-background: Writing full posterior to /om/scratch/Mon/mabdel03/Tsai_Data/Cellbender_Outputs/50106280/processed_feature_bc_matrix_posterior.h5
cellbender:remove-background: Succeeded in writing posterior to file /om/scratch/Mon/mabdel03/Tsai_Data/Cellbender_Outputs/50106280/processed_feature_bc_matrix_posterior.h5
cellbender:remove-background: Added posterior object to checkpoint file.
cellbender:remove-background: 2026-02-01 22:14:12

cellbender:remove-background: Saved summary plots as /om/scratch/Mon/mabdel03/Tsai_Data/Cellbender_Outputs/50106280/processed_feature_bc_matrix.pdf
cellbender:remove-background: Saved cell barcodes in /om/scratch/Mon/mabdel03/Tsai_Data/Cellbender_Outputs/50106280/processed_feature_bc_matrix_cell_barcodes.csv
cellbender:remove-background: Computing target noise counts per gene for MCKP estimator
cellbender:remove-background: Using MCKP noise targets computed for FPR 0.0
cellbender:remove-background: Computing denoised counts using mckp estimator
cellbender:remove-background: Working on chunk (1/7)
cellbender:remove-background:     [0.53 mins per chunk]
cellbender:remove-background: Working on chunk (2/7)
cellbender:remove-background: Working on chunk (3/7)
cellbender:remove-background: Working on chunk (4/7)
cellbender:remove-background: Working on chunk (5/7)
cellbender:remove-background: Working on chunk (6/7)
cellbender:remove-background: Working on chunk (7/7)
cellbender:remove-background: 2026-02-01 22:18:00 Total MCKP estimation time = 217.48 sec
cellbender:remove-background: Succeeded in writing CellRanger format output to file /om/scratch/Mon/mabdel03/Tsai_Data/Cellbender_Outputs/50106280/processed_feature_bc_matrix.h5
cellbender:remove-background: Succeeded in writing CellRanger format output to file /om/scratch/Mon/mabdel03/Tsai_Data/Cellbender_Outputs/50106280/processed_feature_bc_matrix_filtered.h5
cellbender:remove-background: Saved output metrics as /om/scratch/Mon/mabdel03/Tsai_Data/Cellbender_Outputs/50106280/processed_feature_bc_matrix_metrics.csv
[NbConvertApp] Converting notebook tmp.report.ipynb to notebook
[NbConvertApp] Writing 521899 bytes to tmp.report.nbconvert.ipynb
[NbConvertApp] Converting notebook tmp.report.nbconvert.ipynb to html
[NbConvertApp] Writing 1096690 bytes to tmp.report.nbconvert.html
cellbender:remove-background: Succeeded in writing report to /om/scratch/Mon/mabdel03/Tsai_Data/Cellbender_Outputs/50106280/processed_feature_bc_matrix_report.html
cellbender:remove-background: Completed remove-background.
cellbender:remove-background: 2026-02-01 22:18:23

