cellbender:remove-background: Command:
cellbender remove-background --cuda --input /tmp/cellbender_44650600_129/raw_feature_bc_matrix.h5 --fpr 0 --output /om/scratch/Mon/mabdel03/Tsai_Data/Cellbender_Outputs/20263921/processed_feature_bc_matrix.h5
cellbender:remove-background: CellBender 0.3.0
cellbender:remove-background: (Workflow hash 4abc094265)
cellbender:remove-background: 2026-01-31 21:11:46
cellbender:remove-background: Running remove-background
cellbender:remove-background: Loading data from /tmp/cellbender_44650600_129/raw_feature_bc_matrix.h5
cellbender:remove-background: CellRanger v3 format
cellbender:remove-background: Features in dataset: 36601 Gene Expression
cellbender:remove-background: Trimming features for inference.
cellbender:remove-background: 30229 features have nonzero counts.
cellbender:remove-background: Prior on counts for cells is 4658
cellbender:remove-background: Prior on counts for empty droplets is 59
cellbender:remove-background: Excluding 9013 features that are estimated to have <= 0.1 background counts in cells.
cellbender:remove-background: Including 21216 features in the analysis.
cellbender:remove-background: Trimming barcodes for inference.
cellbender:remove-background: Excluding barcodes with counts below 29
cellbender:remove-background: Using 2890 probable cell barcodes, plus an additional 11834 barcodes, and 64363 empty droplets.
cellbender:remove-background: Largest surely-empty droplet has 69 UMI counts.
cellbender:remove-background: Attempting to unpack tarball "ckpt.tar.gz" to /tmp/tmpe7hb65yr
cellbender:remove-background: No saved checkpoint.
cellbender:remove-background: No checkpoint loaded.
cellbender:remove-background: Running inference...
cellbender:remove-background: [epoch 001]  average training loss: 5359.9648
cellbender:remove-background: [epoch 002]  average training loss: 4604.6022  (4.7 seconds per epoch)
cellbender:remove-background: Will checkpoint every 90 epochs
cellbender:remove-background: [epoch 003]  average training loss: 3986.1717
cellbender:remove-background: [epoch 004]  average training loss: 3673.5407
cellbender:remove-background: [epoch 005]  average training loss: 3438.9512
cellbender:remove-background: [epoch 005] average test loss: 3399.9029
cellbender:remove-background: [epoch 006]  average training loss: 3308.3392
cellbender:remove-background: [epoch 007]  average training loss: 3322.2062
cellbender:remove-background: [epoch 008]  average training loss: 3281.4654
cellbender:remove-background: [epoch 009]  average training loss: 3249.7612
cellbender:remove-background: [epoch 010]  average training loss: 3257.1117
cellbender:remove-background: [epoch 010] average test loss: 3133.6762
cellbender:remove-background: [epoch 011]  average training loss: 3232.3204
cellbender:remove-background: [epoch 012]  average training loss: 3213.7704
cellbender:remove-background: [epoch 013]  average training loss: 3131.0895
cellbender:remove-background: [epoch 014]  average training loss: 3000.4549
cellbender:remove-background: [epoch 015]  average training loss: 2991.1357
cellbender:remove-background: [epoch 015] average test loss: 2896.3037
cellbender:remove-background: [epoch 016]  average training loss: 2968.3622
cellbender:remove-background: [epoch 017]  average training loss: 2959.8058
cellbender:remove-background: [epoch 018]  average training loss: 2948.4518
cellbender:remove-background: [epoch 019]  average training loss: 2946.3270
cellbender:remove-background: [epoch 020]  average training loss: 2928.1268
cellbender:remove-background: [epoch 020] average test loss: 2891.5886
cellbender:remove-background: [epoch 021]  average training loss: 2927.6916
cellbender:remove-background: [epoch 022]  average training loss: 2919.7942
cellbender:remove-background: [epoch 023]  average training loss: 2927.0208
cellbender:remove-background: [epoch 024]  average training loss: 2918.7933
cellbender:remove-background: [epoch 025]  average training loss: 2909.5297
cellbender:remove-background: [epoch 025] average test loss: 2854.7509
cellbender:remove-background: [epoch 026]  average training loss: 2907.4158
cellbender:remove-background: [epoch 027]  average training loss: 2901.6333
cellbender:remove-background: [epoch 028]  average training loss: 2896.0355
cellbender:remove-background: [epoch 029]  average training loss: 2887.4391
cellbender:remove-background: [epoch 030]  average training loss: 2881.4450
cellbender:remove-background: [epoch 030] average test loss: 2817.8297
cellbender:remove-background: [epoch 031]  average training loss: 2875.2414
cellbender:remove-background: [epoch 032]  average training loss: 2867.0609
cellbender:remove-background: [epoch 033]  average training loss: 2859.5863
cellbender:remove-background: [epoch 034]  average training loss: 2857.9409
cellbender:remove-background: [epoch 035]  average training loss: 2851.7470
cellbender:remove-background: [epoch 035] average test loss: 2794.0805
cellbender:remove-background: [epoch 036]  average training loss: 2852.0434
cellbender:remove-background: [epoch 037]  average training loss: 2849.4678
cellbender:remove-background: [epoch 038]  average training loss: 2847.4815
cellbender:remove-background: [epoch 039]  average training loss: 2843.9921
cellbender:remove-background: [epoch 040]  average training loss: 2844.7446
cellbender:remove-background: [epoch 040] average test loss: 2796.5532
cellbender:remove-background: [epoch 041]  average training loss: 2842.9138
cellbender:remove-background: [epoch 042]  average training loss: 2844.5459
cellbender:remove-background: [epoch 043]  average training loss: 2839.8497
cellbender:remove-background: [epoch 044]  average training loss: 2837.3259
cellbender:remove-background: [epoch 045]  average training loss: 2837.1449
cellbender:remove-background: [epoch 045] average test loss: 2767.8880
cellbender:remove-background: [epoch 046]  average training loss: 2833.9124
cellbender:remove-background: [epoch 047]  average training loss: 2833.7635
cellbender:remove-background: [epoch 048]  average training loss: 2833.6490
cellbender:remove-background: [epoch 049]  average training loss: 2836.9064
cellbender:remove-background: [epoch 050]  average training loss: 2829.3123
cellbender:remove-background: [epoch 050] average test loss: 2776.5228
cellbender:remove-background: [epoch 051]  average training loss: 2830.1160
cellbender:remove-background: [epoch 052]  average training loss: 2828.1387
cellbender:remove-background: [epoch 053]  average training loss: 2825.9911
cellbender:remove-background: [epoch 054]  average training loss: 2824.9767
cellbender:remove-background: [epoch 055]  average training loss: 2829.3298
cellbender:remove-background: [epoch 055] average test loss: 2773.3625
cellbender:remove-background: [epoch 056]  average training loss: 2822.2828
cellbender:remove-background: [epoch 057]  average training loss: 2823.3916
cellbender:remove-background: [epoch 058]  average training loss: 2823.7067
cellbender:remove-background: [epoch 059]  average training loss: 2816.9388
cellbender:remove-background: [epoch 060]  average training loss: 2818.5379
cellbender:remove-background: [epoch 060] average test loss: 2765.4089
cellbender:remove-background: [epoch 061]  average training loss: 2815.3494
cellbender:remove-background: [epoch 062]  average training loss: 2821.4832
cellbender:remove-background: [epoch 063]  average training loss: 2818.0134
cellbender:remove-background: [epoch 064]  average training loss: 2823.0273
cellbender:remove-background: [epoch 065]  average training loss: 2822.6376
cellbender:remove-background: [epoch 065] average test loss: 2755.5884
cellbender:remove-background: [epoch 066]  average training loss: 2816.1828
cellbender:remove-background: [epoch 067]  average training loss: 2813.8245
cellbender:remove-background: [epoch 068]  average training loss: 2813.1471
cellbender:remove-background: [epoch 069]  average training loss: 2809.1292
cellbender:remove-background: [epoch 070]  average training loss: 2809.7799
cellbender:remove-background: [epoch 070] average test loss: 2751.1133
cellbender:remove-background: [epoch 071]  average training loss: 2807.7750
cellbender:remove-background: [epoch 072]  average training loss: 2806.9335
cellbender:remove-background: [epoch 073]  average training loss: 2807.7312
cellbender:remove-background: [epoch 074]  average training loss: 2805.3852
cellbender:remove-background: [epoch 075]  average training loss: 2805.6024
cellbender:remove-background: [epoch 075] average test loss: 2751.3468
cellbender:remove-background: [epoch 076]  average training loss: 2804.7944
cellbender:remove-background: [epoch 077]  average training loss: 2804.8329
cellbender:remove-background: [epoch 078]  average training loss: 2804.7367
cellbender:remove-background: [epoch 079]  average training loss: 2807.3297
cellbender:remove-background: [epoch 080]  average training loss: 2805.4962
cellbender:remove-background: [epoch 080] average test loss: 2760.7033
cellbender:remove-background: [epoch 081]  average training loss: 2804.6874
cellbender:remove-background: [epoch 082]  average training loss: 2803.4922
cellbender:remove-background: [epoch 083]  average training loss: 2803.1732
cellbender:remove-background: [epoch 084]  average training loss: 2801.7235
cellbender:remove-background: [epoch 085]  average training loss: 2806.6674
cellbender:remove-background: [epoch 085] average test loss: 2751.1177
cellbender:remove-background: [epoch 086]  average training loss: 2802.0947
cellbender:remove-background: [epoch 087]  average training loss: 2802.3634
cellbender:remove-background: [epoch 088]  average training loss: 2800.9099
cellbender:remove-background: [epoch 089]  average training loss: 2801.7869
cellbender:remove-background: [epoch 090]  average training loss: 2799.4001
cellbender:remove-background: [epoch 090] average test loss: 2769.9575
cellbender:remove-background: Saving a checkpoint...
cellbender:remove-background: Saved checkpoint as /weka/scratch/scratch/Mon/mabdel03/Tsai_Data/Cellbender_Outputs/20263921/ckpt.tar.gz
cellbender:remove-background: [epoch 091]  average training loss: 2803.6323
cellbender:remove-background: [epoch 092]  average training loss: 2800.4583
cellbender:remove-background: [epoch 093]  average training loss: 2800.8746
cellbender:remove-background: [epoch 094]  average training loss: 2801.5893
cellbender:remove-background: [epoch 095]  average training loss: 2800.7903
cellbender:remove-background: [epoch 095] average test loss: 2747.6115
cellbender:remove-background: [epoch 096]  average training loss: 2799.6345
cellbender:remove-background: [epoch 097]  average training loss: 2801.3542
cellbender:remove-background: [epoch 098]  average training loss: 2802.3671
cellbender:remove-background: [epoch 099]  average training loss: 2803.5174
cellbender:remove-background: [epoch 100]  average training loss: 2802.6879
cellbender:remove-background: [epoch 100] average test loss: 2755.2567
cellbender:remove-background: [epoch 101]  average training loss: 2800.7676
cellbender:remove-background: [epoch 102]  average training loss: 2800.2154
cellbender:remove-background: [epoch 103]  average training loss: 2798.4555
cellbender:remove-background: [epoch 104]  average training loss: 2800.5742
cellbender:remove-background: [epoch 105]  average training loss: 2802.6062
cellbender:remove-background: [epoch 105] average test loss: 2755.2201
cellbender:remove-background: [epoch 106]  average training loss: 2798.3665
cellbender:remove-background: [epoch 107]  average training loss: 2798.4859
cellbender:remove-background: [epoch 108]  average training loss: 2798.3324
cellbender:remove-background: [epoch 109]  average training loss: 2798.9845
cellbender:remove-background: [epoch 110]  average training loss: 2797.7281
cellbender:remove-background: [epoch 110] average test loss: 2760.1258
cellbender:remove-background: [epoch 111]  average training loss: 2797.7760
cellbender:remove-background: [epoch 112]  average training loss: 2795.9440
cellbender:remove-background: [epoch 113]  average training loss: 2797.9872
cellbender:remove-background: [epoch 114]  average training loss: 2796.8830
cellbender:remove-background: [epoch 115]  average training loss: 2800.6226
cellbender:remove-background: [epoch 115] average test loss: 2756.9566
cellbender:remove-background: [epoch 116]  average training loss: 2799.8034
cellbender:remove-background: [epoch 117]  average training loss: 2794.7724
cellbender:remove-background: [epoch 118]  average training loss: 2799.3596
cellbender:remove-background: [epoch 119]  average training loss: 2794.1191
cellbender:remove-background: [epoch 120]  average training loss: 2798.0649
cellbender:remove-background: [epoch 120] average test loss: 2764.0426
cellbender:remove-background: [epoch 121]  average training loss: 2797.4972
cellbender:remove-background: [epoch 122]  average training loss: 2798.8374
cellbender:remove-background: [epoch 123]  average training loss: 2797.9528
cellbender:remove-background: [epoch 124]  average training loss: 2796.3757
cellbender:remove-background: [epoch 125]  average training loss: 2793.7668
cellbender:remove-background: [epoch 125] average test loss: 2758.6088
cellbender:remove-background: [epoch 126]  average training loss: 2796.1686
cellbender:remove-background: [epoch 127]  average training loss: 2796.8477
cellbender:remove-background: [epoch 128]  average training loss: 2798.2486
cellbender:remove-background: [epoch 129]  average training loss: 2795.5452
cellbender:remove-background: [epoch 130]  average training loss: 2799.3479
cellbender:remove-background: [epoch 130] average test loss: 2761.8961
cellbender:remove-background: [epoch 131]  average training loss: 2792.9331
cellbender:remove-background: [epoch 132]  average training loss: 2792.5439
cellbender:remove-background: [epoch 133]  average training loss: 2795.9417
cellbender:remove-background: [epoch 134]  average training loss: 2790.6155
cellbender:remove-background: [epoch 135]  average training loss: 2796.5422
cellbender:remove-background: [epoch 135] average test loss: 2758.6427
cellbender:remove-background: [epoch 136]  average training loss: 2794.2030
cellbender:remove-background: [epoch 137]  average training loss: 2791.5511
cellbender:remove-background: [epoch 138]  average training loss: 2794.1010
cellbender:remove-background: [epoch 139]  average training loss: 2792.7409
cellbender:remove-background: [epoch 140]  average training loss: 2795.7637
cellbender:remove-background: [epoch 140] average test loss: 2760.8546
cellbender:remove-background: [epoch 141]  average training loss: 2791.8000
cellbender:remove-background: [epoch 142]  average training loss: 2794.1108
cellbender:remove-background: [epoch 143]  average training loss: 2792.8067
cellbender:remove-background: [epoch 144]  average training loss: 2791.3767
cellbender:remove-background: [epoch 145]  average training loss: 2793.9072
cellbender:remove-background: [epoch 145] average test loss: 2758.9185
cellbender:remove-background: [epoch 146]  average training loss: 2792.5324
cellbender:remove-background: [epoch 147]  average training loss: 2792.7743
cellbender:remove-background: [epoch 148]  average training loss: 2793.9578
cellbender:remove-background: [epoch 149]  average training loss: 2794.1025
cellbender:remove-background: [epoch 150]  average training loss: 2794.3835
cellbender:remove-background: [epoch 150] average test loss: 2758.8057
cellbender:remove-background: Saving a checkpoint...
cellbender:remove-background: Saved checkpoint as /weka/scratch/scratch/Mon/mabdel03/Tsai_Data/Cellbender_Outputs/20263921/ckpt.tar.gz
cellbender:remove-background: 2026-01-31 21:25:56
cellbender:remove-background: Inference procedure complete.
cellbender:remove-background: Attempting to unpack tarball "ckpt.tar.gz" to /tmp/tmpply6wxp6
cellbender:remove-background: Successfully unpacked tarball to /tmp/tmpply6wxp6
/tmp/tmpply6wxp6/4abc094265_random.pyro
/tmp/tmpply6wxp6/4abc094265_random.cuda
/tmp/tmpply6wxp6/4abc094265_model.torch
/tmp/tmpply6wxp6/4abc094265_optim.torch
/tmp/tmpply6wxp6/4abc094265_optim.pyro
/tmp/tmpply6wxp6/4abc094265_params.pyro
/tmp/tmpply6wxp6/4abc094265_train.loaderstate
/tmp/tmpply6wxp6/4abc094265_test.loaderstate
/tmp/tmpply6wxp6/4abc094265_args.npy
cellbender:remove-background: Posterior not currently included in checkpoint.
cellbender:remove-background: Computing posterior noise count probabilities in mini-batches.
cellbender:remove-background: Working on chunk (1/50)
cellbender:remove-background:     [0.04 mins per chunk]
cellbender:remove-background: Working on chunk (2/50)
cellbender:remove-background: Working on chunk (3/50)
cellbender:remove-background: Working on chunk (4/50)
cellbender:remove-background: Working on chunk (5/50)
cellbender:remove-background: Working on chunk (6/50)
cellbender:remove-background: Working on chunk (7/50)
cellbender:remove-background: Working on chunk (8/50)
cellbender:remove-background: Working on chunk (9/50)
cellbender:remove-background: Working on chunk (10/50)
cellbender:remove-background: Working on chunk (11/50)
cellbender:remove-background: Working on chunk (12/50)
cellbender:remove-background: Working on chunk (13/50)
cellbender:remove-background: Working on chunk (14/50)
cellbender:remove-background: Working on chunk (15/50)
cellbender:remove-background: Working on chunk (16/50)
cellbender:remove-background: Working on chunk (17/50)
cellbender:remove-background: Working on chunk (18/50)
cellbender:remove-background: Working on chunk (19/50)
cellbender:remove-background: Working on chunk (20/50)
cellbender:remove-background: Working on chunk (21/50)
cellbender:remove-background: Working on chunk (22/50)
cellbender:remove-background: Working on chunk (23/50)
cellbender:remove-background: Working on chunk (24/50)
cellbender:remove-background: Working on chunk (25/50)
cellbender:remove-background: Working on chunk (26/50)
cellbender:remove-background: Working on chunk (27/50)
cellbender:remove-background: Working on chunk (28/50)
cellbender:remove-background: Working on chunk (29/50)
cellbender:remove-background: Working on chunk (30/50)
cellbender:remove-background: Working on chunk (31/50)
cellbender:remove-background: Working on chunk (32/50)
cellbender:remove-background: Working on chunk (33/50)
cellbender:remove-background: Working on chunk (34/50)
cellbender:remove-background: Working on chunk (35/50)
cellbender:remove-background: Working on chunk (36/50)
cellbender:remove-background: Working on chunk (37/50)
cellbender:remove-background: Working on chunk (38/50)
cellbender:remove-background: Working on chunk (39/50)
cellbender:remove-background: Working on chunk (40/50)
cellbender:remove-background: Working on chunk (41/50)
cellbender:remove-background: Working on chunk (42/50)
cellbender:remove-background: Working on chunk (43/50)
cellbender:remove-background: Working on chunk (44/50)
cellbender:remove-background: Working on chunk (45/50)
cellbender:remove-background: Working on chunk (46/50)
cellbender:remove-background: Working on chunk (47/50)
cellbender:remove-background: Working on chunk (48/50)
cellbender:remove-background: Working on chunk (49/50)
cellbender:remove-background: Working on chunk (50/50)
cellbender:remove-background: Writing full posterior to /om/scratch/Mon/mabdel03/Tsai_Data/Cellbender_Outputs/20263921/processed_feature_bc_matrix_posterior.h5
cellbender:remove-background: Succeeded in writing posterior to file /om/scratch/Mon/mabdel03/Tsai_Data/Cellbender_Outputs/20263921/processed_feature_bc_matrix_posterior.h5
cellbender:remove-background: Added posterior object to checkpoint file.
cellbender:remove-background: 2026-01-31 21:29:39

cellbender:remove-background: Saved summary plots as /om/scratch/Mon/mabdel03/Tsai_Data/Cellbender_Outputs/20263921/processed_feature_bc_matrix.pdf
cellbender:remove-background: Saved cell barcodes in /om/scratch/Mon/mabdel03/Tsai_Data/Cellbender_Outputs/20263921/processed_feature_bc_matrix_cell_barcodes.csv
cellbender:remove-background: Computing target noise counts per gene for MCKP estimator
cellbender:remove-background: Using MCKP noise targets computed for FPR 0.0
cellbender:remove-background: Computing denoised counts using mckp estimator
cellbender:remove-background: Working on chunk (1/7)
cellbender:remove-background:     [1.13 mins per chunk]
cellbender:remove-background: Working on chunk (2/7)
cellbender:remove-background: Working on chunk (3/7)
cellbender:remove-background: Working on chunk (4/7)
cellbender:remove-background: Working on chunk (5/7)
cellbender:remove-background: Working on chunk (6/7)
cellbender:remove-background: Working on chunk (7/7)
cellbender:remove-background: 2026-01-31 21:38:01 Total MCKP estimation time = 477.94 sec
cellbender:remove-background: Succeeded in writing CellRanger format output to file /om/scratch/Mon/mabdel03/Tsai_Data/Cellbender_Outputs/20263921/processed_feature_bc_matrix.h5
cellbender:remove-background: Succeeded in writing CellRanger format output to file /om/scratch/Mon/mabdel03/Tsai_Data/Cellbender_Outputs/20263921/processed_feature_bc_matrix_filtered.h5
cellbender:remove-background: Saved output metrics as /om/scratch/Mon/mabdel03/Tsai_Data/Cellbender_Outputs/20263921/processed_feature_bc_matrix_metrics.csv
[NbConvertApp] Converting notebook tmp.report.ipynb to notebook
[NbConvertApp] Writing 489416 bytes to tmp.report.nbconvert.ipynb
[NbConvertApp] Converting notebook tmp.report.nbconvert.ipynb to html
[NbConvertApp] Writing 1064103 bytes to tmp.report.nbconvert.html
cellbender:remove-background: Succeeded in writing report to /om/scratch/Mon/mabdel03/Tsai_Data/Cellbender_Outputs/20263921/processed_feature_bc_matrix_report.html
cellbender:remove-background: Completed remove-background.
cellbender:remove-background: 2026-01-31 21:38:32

