cellbender:remove-background: Command:
cellbender remove-background --cuda --input /om/scratch/Mon/mabdel03/Tsai_Data/Cellranger_Outputs/79590778/outs/raw_feature_bc_matrix.h5 --fpr 0 --output /om/scratch/Mon/mabdel03/Tsai_Data/Cellbender_Outputs/79590778/processed_feature_bc_matrix.h5
cellbender:remove-background: CellBender 0.3.0
cellbender:remove-background: (Workflow hash 0f14271da5)
cellbender:remove-background: 2026-02-02 03:41:23
cellbender:remove-background: Running remove-background
cellbender:remove-background: Loading data from /om/scratch/Mon/mabdel03/Tsai_Data/Cellranger_Outputs/79590778/outs/raw_feature_bc_matrix.h5
cellbender:remove-background: CellRanger v3 format
cellbender:remove-background: WARNING: Only 18990 barcodes in the input file. Ensure this is a raw (unfiltered) file with all barcodes, including the empty droplets.
cellbender:remove-background: Features in dataset: 36601 Gene Expression
cellbender:remove-background: Trimming features for inference.
cellbender:remove-background: 6997 features have nonzero counts.
Traceback (most recent call last):
  File "/om2/user/mabdel03/conda_envs/Cellbender_env/bin/cellbender", line 8, in <module>
    sys.exit(main())
  File "/om2/user/mabdel03/conda_envs/Cellbender_env/lib/python3.7/site-packages/cellbender/base_cli.py", line 118, in main
    cli_dict[args.tool].run(args)
  File "/om2/user/mabdel03/conda_envs/Cellbender_env/lib/python3.7/site-packages/cellbender/remove_background/cli.py", line 185, in run
    return main(args)
  File "/om2/user/mabdel03/conda_envs/Cellbender_env/lib/python3.7/site-packages/cellbender/remove_background/cli.py", line 230, in main
    posterior = run_remove_background(args)
  File "/om2/user/mabdel03/conda_envs/Cellbender_env/lib/python3.7/site-packages/cellbender/remove_background/run.py", line 84, in run_remove_background
    dataset_obj = get_dataset_obj(args=args)
  File "/om2/user/mabdel03/conda_envs/Cellbender_env/lib/python3.7/site-packages/cellbender/remove_background/data/dataset.py", line 538, in get_dataset_obj
    fpr=args.fpr,
  File "/om2/user/mabdel03/conda_envs/Cellbender_env/lib/python3.7/site-packages/cellbender/remove_background/data/dataset.py", line 116, in __init__
    self.priors = get_priors(umi_counts=counts, low_count_threshold=low_count_threshold)
  File "/om2/user/mabdel03/conda_envs/Cellbender_env/lib/python3.7/site-packages/cellbender/remove_background/data/priors.py", line 337, in get_priors
    low_count_threshold=low_count_threshold,
  File "/om2/user/mabdel03/conda_envs/Cellbender_env/lib/python3.7/site-packages/cellbender/remove_background/data/priors.py", line 237, in get_cell_count_empty_count
    cell_count_low_limit=cell_count_low_limit,
  File "/om2/user/mabdel03/conda_envs/Cellbender_env/lib/python3.7/site-packages/cellbender/remove_background/data/priors.py", line 98, in _peak_density_given_cutoff
    noncell_counts = np.sort(noncell_counts)[::-1][inds]
IndexError: index 0 is out of bounds for axis 0 with size 0
