cellbender:remove-background: Command:
cellbender remove-background --cuda --input /tmp/cellbender_44648172_38/raw_feature_bc_matrix.h5 --fpr 0 --output /om/scratch/Mon/mabdel03/Tsai_Data/Cellbender_Outputs/10669174/processed_feature_bc_matrix.h5
cellbender:remove-background: CellBender 0.3.0
cellbender:remove-background: (Workflow hash 3f4aa2eb52)
cellbender:remove-background: 2026-01-31 16:49:27
cellbender:remove-background: Running remove-background
cellbender:remove-background: Loading data from /tmp/cellbender_44648172_38/raw_feature_bc_matrix.h5
cellbender:remove-background: CellRanger v3 format
cellbender:remove-background: Features in dataset: 36601 Gene Expression
cellbender:remove-background: Trimming features for inference.
cellbender:remove-background: 31225 features have nonzero counts.
cellbender:remove-background: Prior on counts for cells is 8790
cellbender:remove-background: Prior on counts for empty droplets is 108
cellbender:remove-background: Excluding 9163 features that are estimated to have <= 0.1 background counts in cells.
cellbender:remove-background: Including 22062 features in the analysis.
cellbender:remove-background: Trimming barcodes for inference.
cellbender:remove-background: Excluding barcodes with counts below 54
cellbender:remove-background: Using 2485 probable cell barcodes, plus an additional 11003 barcodes, and 70661 empty droplets.
cellbender:remove-background: Largest surely-empty droplet has 139 UMI counts.
cellbender:remove-background: Attempting to unpack tarball "ckpt.tar.gz" to /tmp/tmpz_ztq2hy
cellbender:remove-background: No saved checkpoint.
cellbender:remove-background: No checkpoint loaded.
cellbender:remove-background: Running inference...
cellbender:remove-background: [epoch 001]  average training loss: 8784.0710
cellbender:remove-background: [epoch 002]  average training loss: 7427.4316  (4.5 seconds per epoch)
cellbender:remove-background: Will checkpoint every 95 epochs
cellbender:remove-background: [epoch 003]  average training loss: 6135.4986
cellbender:remove-background: [epoch 004]  average training loss: 5510.0348
cellbender:remove-background: [epoch 005]  average training loss: 5124.2921
cellbender:remove-background: [epoch 005] average test loss: 5311.6299
cellbender:remove-background: [epoch 006]  average training loss: 4832.0617
cellbender:remove-background: [epoch 007]  average training loss: 4823.6307
cellbender:remove-background: [epoch 008]  average training loss: 4801.4303
cellbender:remove-background: [epoch 009]  average training loss: 4754.2746
cellbender:remove-background: [epoch 010]  average training loss: 4741.7071
cellbender:remove-background: [epoch 010] average test loss: 4620.8084
cellbender:remove-background: [epoch 011]  average training loss: 4700.3602
cellbender:remove-background: [epoch 012]  average training loss: 4660.7182
cellbender:remove-background: [epoch 013]  average training loss: 4534.3521
cellbender:remove-background: [epoch 014]  average training loss: 4445.3887
cellbender:remove-background: [epoch 015]  average training loss: 4438.1617
cellbender:remove-background: [epoch 015] average test loss: 4354.4288
cellbender:remove-background: [epoch 016]  average training loss: 4428.7233
cellbender:remove-background: [epoch 017]  average training loss: 4411.0398
cellbender:remove-background: [epoch 018]  average training loss: 4394.8943
cellbender:remove-background: [epoch 019]  average training loss: 4374.5002
cellbender:remove-background: [epoch 020]  average training loss: 4381.3329
cellbender:remove-background: [epoch 020] average test loss: 4367.4877
cellbender:remove-background: [epoch 021]  average training loss: 4346.2700
cellbender:remove-background: [epoch 022]  average training loss: 4341.5834
cellbender:remove-background: [epoch 023]  average training loss: 4333.4699
cellbender:remove-background: [epoch 024]  average training loss: 4308.2748
cellbender:remove-background: [epoch 025]  average training loss: 4311.5892
cellbender:remove-background: [epoch 025] average test loss: 4211.0602
cellbender:remove-background: [epoch 026]  average training loss: 4287.9469
cellbender:remove-background: [epoch 027]  average training loss: 4259.6337
cellbender:remove-background: [epoch 028]  average training loss: 4246.1353
cellbender:remove-background: [epoch 029]  average training loss: 4231.5484
cellbender:remove-background: [epoch 030]  average training loss: 4227.8073
cellbender:remove-background: [epoch 030] average test loss: 4153.3266
cellbender:remove-background: [epoch 031]  average training loss: 4215.3410
cellbender:remove-background: [epoch 032]  average training loss: 4210.3500
cellbender:remove-background: [epoch 033]  average training loss: 4208.8528
cellbender:remove-background: [epoch 034]  average training loss: 4204.7668
cellbender:remove-background: [epoch 035]  average training loss: 4199.5963
cellbender:remove-background: [epoch 035] average test loss: 4120.5619
cellbender:remove-background: [epoch 036]  average training loss: 4194.3912
cellbender:remove-background: [epoch 037]  average training loss: 4192.9692
cellbender:remove-background: [epoch 038]  average training loss: 4191.5494
cellbender:remove-background: [epoch 039]  average training loss: 4190.5817
cellbender:remove-background: [epoch 040]  average training loss: 4188.4448
cellbender:remove-background: [epoch 040] average test loss: 4115.9832
cellbender:remove-background: [epoch 041]  average training loss: 4184.5677
cellbender:remove-background: [epoch 042]  average training loss: 4184.6117
cellbender:remove-background: [epoch 043]  average training loss: 4182.2413
cellbender:remove-background: [epoch 044]  average training loss: 4184.8056
cellbender:remove-background: [epoch 045]  average training loss: 4183.7005
cellbender:remove-background: [epoch 045] average test loss: 4108.4556
cellbender:remove-background: [epoch 046]  average training loss: 4179.6018
cellbender:remove-background: [epoch 047]  average training loss: 4176.4823
cellbender:remove-background: [epoch 048]  average training loss: 4179.2942
cellbender:remove-background: [epoch 049]  average training loss: 4179.3351
cellbender:remove-background: [epoch 050]  average training loss: 4184.3523
cellbender:remove-background: [epoch 050] average test loss: 4112.1410
cellbender:remove-background: [epoch 051]  average training loss: 4177.3174
cellbender:remove-background: [epoch 052]  average training loss: 4177.4445
cellbender:remove-background: [epoch 053]  average training loss: 4174.0196
cellbender:remove-background: [epoch 054]  average training loss: 4206.9955
cellbender:remove-background: [epoch 055]  average training loss: 4209.9064
cellbender:remove-background: [epoch 055] average test loss: 4141.7207
cellbender:remove-background: [epoch 056]  average training loss: 4186.2354
cellbender:remove-background: [epoch 057]  average training loss: 4181.9186
cellbender:remove-background: [epoch 058]  average training loss: 4192.5128
cellbender:remove-background: [epoch 059]  average training loss: 4187.5354
cellbender:remove-background: [epoch 060]  average training loss: 4189.9928
cellbender:remove-background: [epoch 060] average test loss: 4151.2108
cellbender:remove-background: [epoch 061]  average training loss: 4186.3481
cellbender:remove-background: [epoch 062]  average training loss: 4190.6096
cellbender:remove-background: [epoch 063]  average training loss: 4188.9256
cellbender:remove-background: [epoch 064]  average training loss: 4188.2951
cellbender:remove-background: [epoch 065]  average training loss: 4187.2863
cellbender:remove-background: [epoch 065] average test loss: 4152.5165
cellbender:remove-background: [epoch 066]  average training loss: 4185.4029
cellbender:remove-background: [epoch 067]  average training loss: 4183.2005
cellbender:remove-background: [epoch 068]  average training loss: 4169.8734
cellbender:remove-background: [epoch 069]  average training loss: 4172.3839
cellbender:remove-background: [epoch 070]  average training loss: 4167.5271
cellbender:remove-background: [epoch 070] average test loss: 4141.1464
cellbender:remove-background: [epoch 071]  average training loss: 4168.5871
cellbender:remove-background: [epoch 072]  average training loss: 4160.8023
cellbender:remove-background: [epoch 073]  average training loss: 4160.4469
cellbender:remove-background: [epoch 074]  average training loss: 4162.3562
cellbender:remove-background: [epoch 075]  average training loss: 4163.4794
cellbender:remove-background: [epoch 075] average test loss: 4106.4052
cellbender:remove-background: [epoch 076]  average training loss: 4166.7793
cellbender:remove-background: [epoch 077]  average training loss: 4163.3292
cellbender:remove-background: [epoch 078]  average training loss: 4176.5378
cellbender:remove-background: [epoch 079]  average training loss: 4156.3825
cellbender:remove-background: [epoch 080]  average training loss: 4170.2166
cellbender:remove-background: [epoch 080] average test loss: 4133.6970
cellbender:remove-background: [epoch 081]  average training loss: 4161.6824
cellbender:remove-background: [epoch 082]  average training loss: 4166.3517
cellbender:remove-background: [epoch 083]  average training loss: 4156.1460
cellbender:remove-background: [epoch 084]  average training loss: 4155.6413
cellbender:remove-background: [epoch 085]  average training loss: 4156.6782
cellbender:remove-background: [epoch 085] average test loss: 4131.6205
cellbender:remove-background: [epoch 086]  average training loss: 4164.2293
cellbender:remove-background: [epoch 087]  average training loss: 4154.0668
cellbender:remove-background: [epoch 088]  average training loss: 4160.8732
cellbender:remove-background: [epoch 089]  average training loss: 4154.9643
cellbender:remove-background: [epoch 090]  average training loss: 4160.6139
cellbender:remove-background: [epoch 090] average test loss: 4106.9199
cellbender:remove-background: [epoch 091]  average training loss: 4151.2239
cellbender:remove-background: [epoch 092]  average training loss: 4157.0816
cellbender:remove-background: [epoch 093]  average training loss: 4155.9012
cellbender:remove-background: [epoch 094]  average training loss: 4155.6033
cellbender:remove-background: [epoch 095]  average training loss: 4146.2771
cellbender:remove-background: [epoch 095] average test loss: 4123.0981
cellbender:remove-background: Saving a checkpoint...
cellbender:remove-background: Saved checkpoint as /weka/scratch/scratch/Mon/mabdel03/Tsai_Data/Cellbender_Outputs/10669174/ckpt.tar.gz
cellbender:remove-background: [epoch 096]  average training loss: 4148.9000
cellbender:remove-background: [epoch 097]  average training loss: 4149.9294
cellbender:remove-background: [epoch 098]  average training loss: 4148.6905
cellbender:remove-background: [epoch 099]  average training loss: 4147.3486
cellbender:remove-background: [epoch 100]  average training loss: 4144.2028
cellbender:remove-background: [epoch 100] average test loss: 4125.8593
cellbender:remove-background: [epoch 101]  average training loss: 4141.0222
cellbender:remove-background: [epoch 102]  average training loss: 4141.7398
cellbender:remove-background: [epoch 103]  average training loss: 4142.0107
cellbender:remove-background: [epoch 104]  average training loss: 4150.4873
cellbender:remove-background: [epoch 105]  average training loss: 4140.9724
cellbender:remove-background: [epoch 105] average test loss: 4102.9435
cellbender:remove-background: [epoch 106]  average training loss: 4141.0241
cellbender:remove-background: [epoch 107]  average training loss: 4141.6982
cellbender:remove-background: [epoch 108]  average training loss: 4142.7470
cellbender:remove-background: [epoch 109]  average training loss: 4148.5788
cellbender:remove-background: [epoch 110]  average training loss: 4142.6942
cellbender:remove-background: [epoch 110] average test loss: 4109.2996
cellbender:remove-background: [epoch 111]  average training loss: 4132.8832
cellbender:remove-background: [epoch 112]  average training loss: 4129.5923
cellbender:remove-background: [epoch 113]  average training loss: 4142.2238
cellbender:remove-background: [epoch 114]  average training loss: 4138.4243
cellbender:remove-background: [epoch 115]  average training loss: 4131.2679
cellbender:remove-background: [epoch 115] average test loss: 4119.0952
cellbender:remove-background: [epoch 116]  average training loss: 4135.9440
cellbender:remove-background: [epoch 117]  average training loss: 4132.3048
cellbender:remove-background: [epoch 118]  average training loss: 4131.1415
cellbender:remove-background: [epoch 119]  average training loss: 4130.4864
cellbender:remove-background: [epoch 120]  average training loss: 4131.5853
cellbender:remove-background: [epoch 120] average test loss: 4112.3622
cellbender:remove-background: [epoch 121]  average training loss: 4129.3764
cellbender:remove-background: [epoch 122]  average training loss: 4128.4710
cellbender:remove-background: [epoch 123]  average training loss: 4122.6631
cellbender:remove-background: [epoch 124]  average training loss: 4126.7049
cellbender:remove-background: [epoch 125]  average training loss: 4124.2600
cellbender:remove-background: [epoch 125] average test loss: 4123.2707
cellbender:remove-background: [epoch 126]  average training loss: 4126.2952
cellbender:remove-background: [epoch 127]  average training loss: 4123.3978
cellbender:remove-background: [epoch 128]  average training loss: 4126.1316
cellbender:remove-background: [epoch 129]  average training loss: 4130.7061
cellbender:remove-background: [epoch 130]  average training loss: 4126.8505
cellbender:remove-background: [epoch 130] average test loss: 4115.1693
cellbender:remove-background: [epoch 131]  average training loss: 4120.9100
cellbender:remove-background: [epoch 132]  average training loss: 4121.7739
cellbender:remove-background: [epoch 133]  average training loss: 4120.1601
cellbender:remove-background: [epoch 134]  average training loss: 4127.4521
cellbender:remove-background: [epoch 135]  average training loss: 4122.7445
cellbender:remove-background: [epoch 135] average test loss: 4113.4760
cellbender:remove-background: [epoch 136]  average training loss: 4118.3560
cellbender:remove-background: [epoch 137]  average training loss: 4125.5917
cellbender:remove-background: [epoch 138]  average training loss: 4125.7661
cellbender:remove-background: [epoch 139]  average training loss: 4120.4166
cellbender:remove-background: [epoch 140]  average training loss: 4118.9280
cellbender:remove-background: [epoch 140] average test loss: 4111.0469
cellbender:remove-background: [epoch 141]  average training loss: 4121.7650
cellbender:remove-background: [epoch 142]  average training loss: 4121.8484
cellbender:remove-background: [epoch 143]  average training loss: 4118.5400
cellbender:remove-background: [epoch 144]  average training loss: 4117.9685
cellbender:remove-background: [epoch 145]  average training loss: 4118.6313
cellbender:remove-background: [epoch 145] average test loss: 4107.9778
cellbender:remove-background: [epoch 146]  average training loss: 4119.2449
cellbender:remove-background: [epoch 147]  average training loss: 4117.1435
cellbender:remove-background: [epoch 148]  average training loss: 4121.6102
cellbender:remove-background: [epoch 149]  average training loss: 4117.5661
cellbender:remove-background: [epoch 150]  average training loss: 4118.8230
cellbender:remove-background: [epoch 150] average test loss: 4102.8503
cellbender:remove-background: Saving a checkpoint...
cellbender:remove-background: Saved checkpoint as /weka/scratch/scratch/Mon/mabdel03/Tsai_Data/Cellbender_Outputs/10669174/ckpt.tar.gz
cellbender:remove-background: 2026-01-31 17:03:07
cellbender:remove-background: Inference procedure complete.
cellbender:remove-background: Attempting to unpack tarball "ckpt.tar.gz" to /tmp/tmp7wg166ac
cellbender:remove-background: Successfully unpacked tarball to /tmp/tmp7wg166ac
/tmp/tmp7wg166ac/3f4aa2eb52_random.pyro
/tmp/tmp7wg166ac/3f4aa2eb52_random.cuda
/tmp/tmp7wg166ac/3f4aa2eb52_model.torch
/tmp/tmp7wg166ac/3f4aa2eb52_optim.torch
/tmp/tmp7wg166ac/3f4aa2eb52_optim.pyro
/tmp/tmp7wg166ac/3f4aa2eb52_params.pyro
/tmp/tmp7wg166ac/3f4aa2eb52_train.loaderstate
/tmp/tmp7wg166ac/3f4aa2eb52_test.loaderstate
/tmp/tmp7wg166ac/3f4aa2eb52_args.npy
cellbender:remove-background: Posterior not currently included in checkpoint.
cellbender:remove-background: Computing posterior noise count probabilities in mini-batches.
cellbender:remove-background: Working on chunk (1/45)
cellbender:remove-background:     [0.04 mins per chunk]
cellbender:remove-background: Working on chunk (2/45)
cellbender:remove-background: Working on chunk (3/45)
cellbender:remove-background: Working on chunk (4/45)
cellbender:remove-background: Working on chunk (5/45)
cellbender:remove-background: Working on chunk (6/45)
cellbender:remove-background: Working on chunk (7/45)
cellbender:remove-background: Working on chunk (8/45)
cellbender:remove-background: Working on chunk (9/45)
cellbender:remove-background: Working on chunk (10/45)
cellbender:remove-background: Working on chunk (11/45)
cellbender:remove-background: Working on chunk (12/45)
cellbender:remove-background: Working on chunk (13/45)
cellbender:remove-background: Working on chunk (14/45)
cellbender:remove-background: Working on chunk (15/45)
cellbender:remove-background: Working on chunk (16/45)
cellbender:remove-background: Working on chunk (17/45)
cellbender:remove-background: Working on chunk (18/45)
cellbender:remove-background: Working on chunk (19/45)
cellbender:remove-background: Working on chunk (20/45)
cellbender:remove-background: Working on chunk (21/45)
cellbender:remove-background: Working on chunk (22/45)
cellbender:remove-background: Working on chunk (23/45)
cellbender:remove-background: Working on chunk (24/45)
cellbender:remove-background: Working on chunk (25/45)
cellbender:remove-background: Working on chunk (26/45)
cellbender:remove-background: Working on chunk (27/45)
cellbender:remove-background: Working on chunk (28/45)
cellbender:remove-background: Working on chunk (29/45)
cellbender:remove-background: Working on chunk (30/45)
cellbender:remove-background: Working on chunk (31/45)
cellbender:remove-background: Working on chunk (32/45)
cellbender:remove-background: Working on chunk (33/45)
cellbender:remove-background: Working on chunk (34/45)
cellbender:remove-background: Working on chunk (35/45)
cellbender:remove-background: Working on chunk (36/45)
cellbender:remove-background: Working on chunk (37/45)
cellbender:remove-background: Working on chunk (38/45)
cellbender:remove-background: Working on chunk (39/45)
cellbender:remove-background: Working on chunk (40/45)
cellbender:remove-background: Working on chunk (41/45)
cellbender:remove-background: Working on chunk (42/45)
cellbender:remove-background: Working on chunk (43/45)
cellbender:remove-background: Working on chunk (44/45)
cellbender:remove-background: Working on chunk (45/45)
cellbender:remove-background: Writing full posterior to /om/scratch/Mon/mabdel03/Tsai_Data/Cellbender_Outputs/10669174/processed_feature_bc_matrix_posterior.h5
cellbender:remove-background: Succeeded in writing posterior to file /om/scratch/Mon/mabdel03/Tsai_Data/Cellbender_Outputs/10669174/processed_feature_bc_matrix_posterior.h5
cellbender:remove-background: Added posterior object to checkpoint file.
cellbender:remove-background: 2026-01-31 17:07:13

cellbender:remove-background: Saved summary plots as /om/scratch/Mon/mabdel03/Tsai_Data/Cellbender_Outputs/10669174/processed_feature_bc_matrix.pdf
cellbender:remove-background: Saved cell barcodes in /om/scratch/Mon/mabdel03/Tsai_Data/Cellbender_Outputs/10669174/processed_feature_bc_matrix_cell_barcodes.csv
cellbender:remove-background: Computing target noise counts per gene for MCKP estimator
cellbender:remove-background: Using MCKP noise targets computed for FPR 0.0
cellbender:remove-background: Computing denoised counts using mckp estimator
cellbender:remove-background: Working on chunk (1/7)
cellbender:remove-background:     [1.67 mins per chunk]
cellbender:remove-background: Working on chunk (2/7)
cellbender:remove-background: Working on chunk (3/7)
cellbender:remove-background: Working on chunk (4/7)
cellbender:remove-background: Working on chunk (5/7)
cellbender:remove-background: Working on chunk (6/7)
cellbender:remove-background: Working on chunk (7/7)
cellbender:remove-background: 2026-01-31 17:19:24 Total MCKP estimation time = 697.99 sec
cellbender:remove-background: Succeeded in writing CellRanger format output to file /om/scratch/Mon/mabdel03/Tsai_Data/Cellbender_Outputs/10669174/processed_feature_bc_matrix.h5
cellbender:remove-background: Succeeded in writing CellRanger format output to file /om/scratch/Mon/mabdel03/Tsai_Data/Cellbender_Outputs/10669174/processed_feature_bc_matrix_filtered.h5
cellbender:remove-background: Saved output metrics as /om/scratch/Mon/mabdel03/Tsai_Data/Cellbender_Outputs/10669174/processed_feature_bc_matrix_metrics.csv
[NbConvertApp] Converting notebook tmp.report.ipynb to notebook
[NbConvertApp] Writing 489725 bytes to tmp.report.nbconvert.ipynb
[NbConvertApp] Converting notebook tmp.report.nbconvert.ipynb to html
[NbConvertApp] Writing 1064412 bytes to tmp.report.nbconvert.html
cellbender:remove-background: Succeeded in writing report to /om/scratch/Mon/mabdel03/Tsai_Data/Cellbender_Outputs/10669174/processed_feature_bc_matrix_report.html
cellbender:remove-background: Completed remove-background.
cellbender:remove-background: 2026-01-31 17:20:03

