cellbender:remove-background: Command:
cellbender remove-background --cuda --input /om/scratch/Mon/mabdel03/Tsai_Data/Cellranger_Outputs/21101658/outs/raw_feature_bc_matrix.h5 --fpr 0 --output /om/scratch/Mon/mabdel03/Tsai_Data/Cellbender_Outputs/21101658/processed_feature_bc_matrix.h5
cellbender:remove-background: CellBender 0.3.0
cellbender:remove-background: (Workflow hash 441f8ba64e)
cellbender:remove-background: 2026-02-01 17:22:37
cellbender:remove-background: Running remove-background
cellbender:remove-background: Loading data from /om/scratch/Mon/mabdel03/Tsai_Data/Cellranger_Outputs/21101658/outs/raw_feature_bc_matrix.h5
cellbender:remove-background: CellRanger v3 format
cellbender:remove-background: Features in dataset: 36601 Gene Expression
cellbender:remove-background: Trimming features for inference.
cellbender:remove-background: 32779 features have nonzero counts.
cellbender:remove-background: Prior on counts for cells is 15332
cellbender:remove-background: Prior on counts for empty droplets is 361
cellbender:remove-background: Excluding 9080 features that are estimated to have <= 0.1 background counts in cells.
cellbender:remove-background: Including 23699 features in the analysis.
cellbender:remove-background: Trimming barcodes for inference.
cellbender:remove-background: Excluding barcodes with counts below 180
cellbender:remove-background: Using 2588 probable cell barcodes, plus an additional 8132 barcodes, and 65819 empty droplets.
cellbender:remove-background: Largest surely-empty droplet has 464 UMI counts.
cellbender:remove-background: Attempting to unpack tarball "ckpt.tar.gz" to /tmp/tmpbncue0h0
cellbender:remove-background: No saved checkpoint.
cellbender:remove-background: No checkpoint loaded.
cellbender:remove-background: Running inference...
cellbender:remove-background: [epoch 001]  average training loss: 20106.7763
cellbender:remove-background: [epoch 002]  average training loss: 16645.5857  (6.4 seconds per epoch)
cellbender:remove-background: Will checkpoint every 66 epochs
cellbender:remove-background: [epoch 003]  average training loss: 13802.6539
cellbender:remove-background: [epoch 004]  average training loss: 12018.9055
cellbender:remove-background: [epoch 005]  average training loss: 10613.9803
cellbender:remove-background: [epoch 005] average test loss: 11635.7046
cellbender:remove-background: [epoch 006]  average training loss: 10023.4991
cellbender:remove-background: [epoch 007]  average training loss: 9475.8714
cellbender:remove-background: [epoch 008]  average training loss: 9356.2832
cellbender:remove-background: [epoch 009]  average training loss: 9496.2042
cellbender:remove-background: [epoch 010]  average training loss: 9390.3933
cellbender:remove-background: [epoch 010] average test loss: 9434.9605
cellbender:remove-background: [epoch 011]  average training loss: 9325.7945
cellbender:remove-background: [epoch 012]  average training loss: 9193.1520
cellbender:remove-background: [epoch 013]  average training loss: 9299.0610
cellbender:remove-background: [epoch 014]  average training loss: 8877.7447
cellbender:remove-background: [epoch 015]  average training loss: 8599.2272
cellbender:remove-background: [epoch 015] average test loss: 9130.4425
cellbender:remove-background: [epoch 016]  average training loss: 8525.0817
cellbender:remove-background: [epoch 017]  average training loss: 8479.3998
cellbender:remove-background: [epoch 018]  average training loss: 8451.1509
cellbender:remove-background: [epoch 019]  average training loss: 8443.6569
cellbender:remove-background: [epoch 020]  average training loss: 8442.5131
cellbender:remove-background: [epoch 020] average test loss: 8375.9246
cellbender:remove-background: [epoch 021]  average training loss: 8382.7721
cellbender:remove-background: [epoch 022]  average training loss: 8343.6699
cellbender:remove-background: [epoch 023]  average training loss: 8323.8844
cellbender:remove-background: [epoch 024]  average training loss: 8296.3106
cellbender:remove-background: [epoch 025]  average training loss: 8258.1760
cellbender:remove-background: [epoch 025] average test loss: 8183.1816
cellbender:remove-background: [epoch 026]  average training loss: 8172.8639
cellbender:remove-background: [epoch 027]  average training loss: 8139.5232
cellbender:remove-background: [epoch 028]  average training loss: 8096.6748
cellbender:remove-background: [epoch 029]  average training loss: 8044.5709
cellbender:remove-background: [epoch 030]  average training loss: 8021.6902
cellbender:remove-background: [epoch 030] average test loss: 7928.2752
cellbender:remove-background: [epoch 031]  average training loss: 8015.7568
cellbender:remove-background: [epoch 032]  average training loss: 7998.4195
cellbender:remove-background: [epoch 033]  average training loss: 7985.1986
cellbender:remove-background: [epoch 034]  average training loss: 7964.9361
cellbender:remove-background: [epoch 035]  average training loss: 7960.9943
cellbender:remove-background: [epoch 035] average test loss: 7818.4875
cellbender:remove-background: [epoch 036]  average training loss: 7946.9029
cellbender:remove-background: [epoch 037]  average training loss: 7949.7506
cellbender:remove-background: [epoch 038]  average training loss: 7932.2964
cellbender:remove-background: [epoch 039]  average training loss: 7928.9046
cellbender:remove-background: [epoch 040]  average training loss: 7932.9247
cellbender:remove-background: [epoch 040] average test loss: 7821.3578
cellbender:remove-background: [epoch 041]  average training loss: 7918.8327
cellbender:remove-background: [epoch 042]  average training loss: 7900.4521
cellbender:remove-background: [epoch 043]  average training loss: 7889.6295
cellbender:remove-background: [epoch 044]  average training loss: 7885.1884
cellbender:remove-background: [epoch 045]  average training loss: 7871.8218
cellbender:remove-background: [epoch 045] average test loss: 7753.5831
cellbender:remove-background: [epoch 046]  average training loss: 7866.8618
cellbender:remove-background: [epoch 047]  average training loss: 7870.4839
cellbender:remove-background: [epoch 048]  average training loss: 7859.2594
cellbender:remove-background: [epoch 049]  average training loss: 7843.9053
cellbender:remove-background: [epoch 050]  average training loss: 7847.5869
cellbender:remove-background: [epoch 050] average test loss: 7746.7979
cellbender:remove-background: [epoch 051]  average training loss: 7845.1322
cellbender:remove-background: [epoch 052]  average training loss: 7837.8682
cellbender:remove-background: [epoch 053]  average training loss: 7829.3407
cellbender:remove-background: [epoch 054]  average training loss: 7824.8408
cellbender:remove-background: [epoch 055]  average training loss: 7830.3279
cellbender:remove-background: [epoch 055] average test loss: 7715.3369
cellbender:remove-background: [epoch 056]  average training loss: 7820.8847
cellbender:remove-background: [epoch 057]  average training loss: 7825.8771
cellbender:remove-background: [epoch 058]  average training loss: 7815.8333
cellbender:remove-background: [epoch 059]  average training loss: 7820.7285
cellbender:remove-background: [epoch 060]  average training loss: 7815.0214
cellbender:remove-background: [epoch 060] average test loss: 7713.4924
cellbender:remove-background: [epoch 061]  average training loss: 7798.6365
cellbender:remove-background: [epoch 062]  average training loss: 7805.0043
cellbender:remove-background: [epoch 063]  average training loss: 7807.6572
cellbender:remove-background: [epoch 064]  average training loss: 7805.1316
cellbender:remove-background: [epoch 065]  average training loss: 7792.6754
cellbender:remove-background: [epoch 065] average test loss: 7693.4012
cellbender:remove-background: [epoch 066]  average training loss: 7809.8147
cellbender:remove-background: Saving a checkpoint...
cellbender:remove-background: Saved checkpoint as /weka/scratch/scratch/Mon/mabdel03/Tsai_Data/Cellbender_Outputs/21101658/ckpt.tar.gz
cellbender:remove-background: [epoch 067]  average training loss: 7795.7964
cellbender:remove-background: [epoch 068]  average training loss: 7793.8253
cellbender:remove-background: [epoch 069]  average training loss: 7806.7063
cellbender:remove-background: [epoch 070]  average training loss: 7793.8060
cellbender:remove-background: [epoch 070] average test loss: 7699.5263
cellbender:remove-background: [epoch 071]  average training loss: 7792.2478
cellbender:remove-background: [epoch 072]  average training loss: 7788.3276
cellbender:remove-background: [epoch 073]  average training loss: 7780.5075
cellbender:remove-background: [epoch 074]  average training loss: 7782.7291
cellbender:remove-background: [epoch 075]  average training loss: 7784.0829
cellbender:remove-background: [epoch 075] average test loss: 7704.6063
cellbender:remove-background: [epoch 076]  average training loss: 7779.2538
cellbender:remove-background: [epoch 077]  average training loss: 7782.5851
cellbender:remove-background: [epoch 078]  average training loss: 7775.3911
cellbender:remove-background: [epoch 079]  average training loss: 7771.2599
cellbender:remove-background: [epoch 080]  average training loss: 7772.8487
cellbender:remove-background: [epoch 080] average test loss: 7707.7095
cellbender:remove-background: [epoch 081]  average training loss: 7776.6932
cellbender:remove-background: [epoch 082]  average training loss: 7770.0412
cellbender:remove-background: [epoch 083]  average training loss: 7775.1504
cellbender:remove-background: [epoch 084]  average training loss: 7765.5303
cellbender:remove-background: [epoch 085]  average training loss: 7763.2794
cellbender:remove-background: [epoch 085] average test loss: 7689.7750
cellbender:remove-background: [epoch 086]  average training loss: 7760.1352
cellbender:remove-background: [epoch 087]  average training loss: 7766.5494
cellbender:remove-background: [epoch 088]  average training loss: 7760.2868
cellbender:remove-background: [epoch 089]  average training loss: 7759.0894
cellbender:remove-background: [epoch 090]  average training loss: 7756.5611
cellbender:remove-background: [epoch 090] average test loss: 7733.6521
cellbender:remove-background: [epoch 091]  average training loss: 7759.9236
cellbender:remove-background: [epoch 092]  average training loss: 7755.5013
cellbender:remove-background: [epoch 093]  average training loss: 7746.6926
cellbender:remove-background: [epoch 094]  average training loss: 7758.3401
cellbender:remove-background: [epoch 095]  average training loss: 7745.9564
cellbender:remove-background: [epoch 095] average test loss: 7674.8556
cellbender:remove-background: [epoch 096]  average training loss: 7746.7125
cellbender:remove-background: [epoch 097]  average training loss: 7749.7540
cellbender:remove-background: [epoch 098]  average training loss: 7748.1956
cellbender:remove-background: [epoch 099]  average training loss: 7738.8622
cellbender:remove-background: [epoch 100]  average training loss: 7739.9457
cellbender:remove-background: [epoch 100] average test loss: 7699.6945
cellbender:remove-background: [epoch 101]  average training loss: 7748.4472
cellbender:remove-background: [epoch 102]  average training loss: 7740.5243
cellbender:remove-background: [epoch 103]  average training loss: 7733.7770
cellbender:remove-background: [epoch 104]  average training loss: 7739.7132
cellbender:remove-background: [epoch 105]  average training loss: 7732.2155
cellbender:remove-background: [epoch 105] average test loss: 7732.0852
cellbender:remove-background: [epoch 106]  average training loss: 7743.3811
cellbender:remove-background: [epoch 107]  average training loss: 7736.0289
cellbender:remove-background: [epoch 108]  average training loss: 7739.3962
cellbender:remove-background: [epoch 109]  average training loss: 7732.6301
cellbender:remove-background: [epoch 110]  average training loss: 7739.7235
cellbender:remove-background: [epoch 110] average test loss: 7679.7785
cellbender:remove-background: [epoch 111]  average training loss: 7729.1736
cellbender:remove-background: [epoch 112]  average training loss: 7735.1159
cellbender:remove-background: [epoch 113]  average training loss: 7735.9191
cellbender:remove-background: [epoch 114]  average training loss: 7739.9985
cellbender:remove-background: [epoch 115]  average training loss: 7739.1474
cellbender:remove-background: [epoch 115] average test loss: 7681.7572
cellbender:remove-background: [epoch 116]  average training loss: 7723.5902
cellbender:remove-background: [epoch 117]  average training loss: 7731.5717
cellbender:remove-background: [epoch 118]  average training loss: 7726.3308
cellbender:remove-background: [epoch 119]  average training loss: 7728.9407
cellbender:remove-background: [epoch 120]  average training loss: 7727.6990
cellbender:remove-background: [epoch 120] average test loss: 7683.7716
cellbender:remove-background: [epoch 121]  average training loss: 7720.2634
cellbender:remove-background: [epoch 122]  average training loss: 7722.1984
cellbender:remove-background: [epoch 123]  average training loss: 7721.5770
cellbender:remove-background: [epoch 124]  average training loss: 7723.6969
cellbender:remove-background: [epoch 125]  average training loss: 7729.5173
cellbender:remove-background: [epoch 125] average test loss: 7694.1098
cellbender:remove-background: [epoch 126]  average training loss: 7715.0666
cellbender:remove-background: [epoch 127]  average training loss: 7724.8198
cellbender:remove-background: [epoch 128]  average training loss: 7713.2836
cellbender:remove-background: [epoch 129]  average training loss: 7714.1955
cellbender:remove-background: [epoch 130]  average training loss: 7727.0175
cellbender:remove-background: [epoch 130] average test loss: 7693.3951
cellbender:remove-background: [epoch 131]  average training loss: 7717.0054
cellbender:remove-background: [epoch 132]  average training loss: 7728.1961
cellbender:remove-background: Saving a checkpoint...
cellbender:remove-background: Saved checkpoint as /weka/scratch/scratch/Mon/mabdel03/Tsai_Data/Cellbender_Outputs/21101658/ckpt.tar.gz
cellbender:remove-background: [epoch 133]  average training loss: 7720.7897
cellbender:remove-background: [epoch 134]  average training loss: 7722.5708
cellbender:remove-background: [epoch 135]  average training loss: 7717.7910
cellbender:remove-background: [epoch 135] average test loss: 7693.0975
cellbender:remove-background: [epoch 136]  average training loss: 7713.6425
cellbender:remove-background: [epoch 137]  average training loss: 7719.3842
cellbender:remove-background: [epoch 138]  average training loss: 7717.5287
cellbender:remove-background: [epoch 139]  average training loss: 7714.8844
cellbender:remove-background: [epoch 140]  average training loss: 7711.1974
cellbender:remove-background: [epoch 140] average test loss: 7697.8112
cellbender:remove-background: [epoch 141]  average training loss: 7711.1215
cellbender:remove-background: [epoch 142]  average training loss: 7709.1763
cellbender:remove-background: [epoch 143]  average training loss: 7710.8661
cellbender:remove-background: [epoch 144]  average training loss: 7715.7100
cellbender:remove-background: [epoch 145]  average training loss: 7711.5027
cellbender:remove-background: [epoch 145] average test loss: 7683.3636
cellbender:remove-background: [epoch 146]  average training loss: 7711.9960
cellbender:remove-background: [epoch 147]  average training loss: 7712.9874
cellbender:remove-background: [epoch 148]  average training loss: 7712.0613
cellbender:remove-background: [epoch 149]  average training loss: 7714.8397
cellbender:remove-background: [epoch 150]  average training loss: 7714.6446
cellbender:remove-background: [epoch 150] average test loss: 7671.8761
cellbender:remove-background: Saving a checkpoint...
cellbender:remove-background: Saved checkpoint as /weka/scratch/scratch/Mon/mabdel03/Tsai_Data/Cellbender_Outputs/21101658/ckpt.tar.gz
cellbender:remove-background: 2026-02-01 17:43:08
cellbender:remove-background: Inference procedure complete.
cellbender:remove-background: Attempting to unpack tarball "ckpt.tar.gz" to /tmp/tmpbjvr9gkh
cellbender:remove-background: Successfully unpacked tarball to /tmp/tmpbjvr9gkh
/tmp/tmpbjvr9gkh/441f8ba64e_random.pyro
/tmp/tmpbjvr9gkh/441f8ba64e_random.cuda
/tmp/tmpbjvr9gkh/441f8ba64e_model.torch
/tmp/tmpbjvr9gkh/441f8ba64e_optim.torch
/tmp/tmpbjvr9gkh/441f8ba64e_optim.pyro
/tmp/tmpbjvr9gkh/441f8ba64e_params.pyro
/tmp/tmpbjvr9gkh/441f8ba64e_train.loaderstate
/tmp/tmpbjvr9gkh/441f8ba64e_test.loaderstate
/tmp/tmpbjvr9gkh/441f8ba64e_args.npy
cellbender:remove-background: Posterior not currently included in checkpoint.
cellbender:remove-background: Computing posterior noise count probabilities in mini-batches.
cellbender:remove-background: Working on chunk (1/49)
cellbender:remove-background:     [0.05 mins per chunk]
cellbender:remove-background: Working on chunk (2/49)
cellbender:remove-background: Working on chunk (3/49)
cellbender:remove-background: Working on chunk (4/49)
cellbender:remove-background: Working on chunk (5/49)
cellbender:remove-background: Working on chunk (6/49)
cellbender:remove-background: Working on chunk (7/49)
cellbender:remove-background: Working on chunk (8/49)
cellbender:remove-background: Working on chunk (9/49)
cellbender:remove-background: Working on chunk (10/49)
cellbender:remove-background: Working on chunk (11/49)
cellbender:remove-background: Working on chunk (12/49)
cellbender:remove-background: Working on chunk (13/49)
cellbender:remove-background: Working on chunk (14/49)
cellbender:remove-background: Working on chunk (15/49)
cellbender:remove-background: Working on chunk (16/49)
cellbender:remove-background: Working on chunk (17/49)
cellbender:remove-background: Working on chunk (18/49)
cellbender:remove-background: Working on chunk (19/49)
cellbender:remove-background: Working on chunk (20/49)
cellbender:remove-background: Working on chunk (21/49)
cellbender:remove-background: Working on chunk (22/49)
cellbender:remove-background: Working on chunk (23/49)
cellbender:remove-background: Working on chunk (24/49)
cellbender:remove-background: Working on chunk (25/49)
cellbender:remove-background: Working on chunk (26/49)
cellbender:remove-background: Working on chunk (27/49)
cellbender:remove-background: Working on chunk (28/49)
cellbender:remove-background: Working on chunk (29/49)
cellbender:remove-background: Working on chunk (30/49)
cellbender:remove-background: Working on chunk (31/49)
cellbender:remove-background: Working on chunk (32/49)
cellbender:remove-background: Working on chunk (33/49)
cellbender:remove-background: Working on chunk (34/49)
cellbender:remove-background: Working on chunk (35/49)
cellbender:remove-background: Working on chunk (36/49)
cellbender:remove-background: Working on chunk (37/49)
cellbender:remove-background: Working on chunk (38/49)
cellbender:remove-background: Working on chunk (39/49)
cellbender:remove-background: Working on chunk (40/49)
cellbender:remove-background: Working on chunk (41/49)
cellbender:remove-background: Working on chunk (42/49)
cellbender:remove-background: Working on chunk (43/49)
cellbender:remove-background: Working on chunk (44/49)
cellbender:remove-background: Working on chunk (45/49)
cellbender:remove-background: Working on chunk (46/49)
cellbender:remove-background: Working on chunk (47/49)
cellbender:remove-background: Working on chunk (48/49)
cellbender:remove-background: Working on chunk (49/49)
cellbender:remove-background: Writing full posterior to /om/scratch/Mon/mabdel03/Tsai_Data/Cellbender_Outputs/21101658/processed_feature_bc_matrix_posterior.h5
cellbender:remove-background: Succeeded in writing posterior to file /om/scratch/Mon/mabdel03/Tsai_Data/Cellbender_Outputs/21101658/processed_feature_bc_matrix_posterior.h5
cellbender:remove-background: Added posterior object to checkpoint file.
cellbender:remove-background: 2026-02-01 17:49:53

cellbender:remove-background: Saved summary plots as /om/scratch/Mon/mabdel03/Tsai_Data/Cellbender_Outputs/21101658/processed_feature_bc_matrix.pdf
cellbender:remove-background: Saved cell barcodes in /om/scratch/Mon/mabdel03/Tsai_Data/Cellbender_Outputs/21101658/processed_feature_bc_matrix_cell_barcodes.csv
cellbender:remove-background: Computing target noise counts per gene for MCKP estimator
cellbender:remove-background: Using MCKP noise targets computed for FPR 0.0
cellbender:remove-background: Computing denoised counts using mckp estimator
cellbender:remove-background: Working on chunk (1/7)
cellbender:remove-background:     [3.91 mins per chunk]
cellbender:remove-background: Working on chunk (2/7)
cellbender:remove-background: Working on chunk (3/7)
cellbender:remove-background: Working on chunk (4/7)
cellbender:remove-background: Working on chunk (5/7)
cellbender:remove-background: Working on chunk (6/7)
cellbender:remove-background: Working on chunk (7/7)
cellbender:remove-background: 2026-02-01 18:18:34 Total MCKP estimation time = 1649.89 sec
cellbender:remove-background: Succeeded in writing CellRanger format output to file /om/scratch/Mon/mabdel03/Tsai_Data/Cellbender_Outputs/21101658/processed_feature_bc_matrix.h5
cellbender:remove-background: Succeeded in writing CellRanger format output to file /om/scratch/Mon/mabdel03/Tsai_Data/Cellbender_Outputs/21101658/processed_feature_bc_matrix_filtered.h5
cellbender:remove-background: Saved output metrics as /om/scratch/Mon/mabdel03/Tsai_Data/Cellbender_Outputs/21101658/processed_feature_bc_matrix_metrics.csv
[NbConvertApp] Converting notebook tmp.report.ipynb to notebook
[NbConvertApp] Writing 508875 bytes to tmp.report.nbconvert.ipynb
[NbConvertApp] Converting notebook tmp.report.nbconvert.ipynb to html
[NbConvertApp] Writing 1083562 bytes to tmp.report.nbconvert.html
cellbender:remove-background: Succeeded in writing report to /om/scratch/Mon/mabdel03/Tsai_Data/Cellbender_Outputs/21101658/processed_feature_bc_matrix_report.html
cellbender:remove-background: Completed remove-background.
cellbender:remove-background: 2026-02-01 18:19:55

slurmstepd: error: get_addr_info: getaddrinfo() failed: Name or service not known
slurmstepd: error: slurm_set_addr: Unable to resolve "om-svc01"
slurmstepd: error: Unable to establish control machine address
slurmstepd: error: get_addr_info: getaddrinfo() failed: Name or service not known
slurmstepd: error: slurm_set_addr: Unable to resolve "om-svc01"
slurmstepd: error: Unable to establish control machine address
slurmstepd: error: get_addr_info: getaddrinfo() failed: Name or service not known
slurmstepd: error: slurm_set_addr: Unable to resolve "om-svc01"
slurmstepd: error: Unable to establish control machine address
slurmstepd: error: get_addr_info: getaddrinfo() failed: Name or service not known
slurmstepd: error: slurm_set_addr: Unable to resolve "om-svc01"
slurmstepd: error: Unable to establish control machine address
