cellbender:remove-background: Command:
cellbender remove-background --cuda --input /om/scratch/Mon/mabdel03/Tsai_Data/Cellranger_Outputs/51826377/outs/raw_feature_bc_matrix.h5 --fpr 0 --output /om/scratch/Mon/mabdel03/Tsai_Data/Cellbender_Outputs/51826377/processed_feature_bc_matrix.h5
cellbender:remove-background: CellBender 0.3.0
cellbender:remove-background: (Workflow hash 89d5fa583f)
cellbender:remove-background: 2026-02-02 00:30:03
cellbender:remove-background: Running remove-background
cellbender:remove-background: Loading data from /om/scratch/Mon/mabdel03/Tsai_Data/Cellranger_Outputs/51826377/outs/raw_feature_bc_matrix.h5
cellbender:remove-background: CellRanger v3 format
cellbender:remove-background: Features in dataset: 36601 Gene Expression
cellbender:remove-background: Trimming features for inference.
cellbender:remove-background: 31265 features have nonzero counts.
cellbender:remove-background: Prior on counts for cells is 6669
cellbender:remove-background: Prior on counts for empty droplets is 198
cellbender:remove-background: Excluding 8963 features that are estimated to have <= 0.1 background counts in cells.
cellbender:remove-background: Including 22302 features in the analysis.
cellbender:remove-background: Trimming barcodes for inference.
cellbender:remove-background: Excluding barcodes with counts below 99
cellbender:remove-background: Using 4432 probable cell barcodes, plus an additional 10433 barcodes, and 53952 empty droplets.
cellbender:remove-background: Largest surely-empty droplet has 254 UMI counts.
cellbender:remove-background: Attempting to unpack tarball "ckpt.tar.gz" to /tmp/tmpnigv49he
cellbender:remove-background: No saved checkpoint.
cellbender:remove-background: No checkpoint loaded.
cellbender:remove-background: Running inference...
cellbender:remove-background: [epoch 001]  average training loss: 9770.3330
cellbender:remove-background: [epoch 002]  average training loss: 8292.3840  (8.0 seconds per epoch)
cellbender:remove-background: Will checkpoint every 53 epochs
cellbender:remove-background: [epoch 003]  average training loss: 7075.7295
cellbender:remove-background: [epoch 004]  average training loss: 6429.2532
cellbender:remove-background: [epoch 005]  average training loss: 5976.5749
cellbender:remove-background: [epoch 005] average test loss: 5730.7040
cellbender:remove-background: [epoch 006]  average training loss: 5754.8619
cellbender:remove-background: [epoch 007]  average training loss: 5711.7158
cellbender:remove-background: [epoch 008]  average training loss: 5652.1901
cellbender:remove-background: [epoch 009]  average training loss: 5626.5652
cellbender:remove-background: [epoch 010]  average training loss: 5601.4154
cellbender:remove-background: [epoch 010] average test loss: 5480.8519
cellbender:remove-background: [epoch 011]  average training loss: 5587.1550
cellbender:remove-background: [epoch 012]  average training loss: 5565.6573
cellbender:remove-background: [epoch 013]  average training loss: 5559.1551
cellbender:remove-background: [epoch 014]  average training loss: 5559.5078
cellbender:remove-background: [epoch 015]  average training loss: 5548.4431
cellbender:remove-background: [epoch 015] average test loss: 5460.2701
cellbender:remove-background: [epoch 016]  average training loss: 5542.0945
cellbender:remove-background: [epoch 017]  average training loss: 5524.5219
cellbender:remove-background: [epoch 018]  average training loss: 5510.0336
cellbender:remove-background: [epoch 019]  average training loss: 5456.7794
cellbender:remove-background: [epoch 020]  average training loss: 5438.4346
cellbender:remove-background: [epoch 020] average test loss: 5387.8242
cellbender:remove-background: [epoch 021]  average training loss: 5424.2285
cellbender:remove-background: [epoch 022]  average training loss: 5413.6154
cellbender:remove-background: [epoch 023]  average training loss: 5394.8286
cellbender:remove-background: [epoch 024]  average training loss: 5385.8526
cellbender:remove-background: [epoch 025]  average training loss: 5375.1798
cellbender:remove-background: [epoch 025] average test loss: 5231.9159
cellbender:remove-background: [epoch 026]  average training loss: 5358.7429
cellbender:remove-background: [epoch 027]  average training loss: 5366.9044
cellbender:remove-background: [epoch 028]  average training loss: 5358.8330
cellbender:remove-background: [epoch 029]  average training loss: 5348.0177
cellbender:remove-background: [epoch 030]  average training loss: 5350.0644
cellbender:remove-background: [epoch 030] average test loss: 5237.0343
cellbender:remove-background: [epoch 031]  average training loss: 5339.8860
cellbender:remove-background: [epoch 032]  average training loss: 5349.0992
cellbender:remove-background: [epoch 033]  average training loss: 5353.7521
cellbender:remove-background: [epoch 034]  average training loss: 5349.1101
cellbender:remove-background: [epoch 035]  average training loss: 5350.1725
cellbender:remove-background: [epoch 035] average test loss: 5215.7042
cellbender:remove-background: [epoch 036]  average training loss: 5341.1702
cellbender:remove-background: [epoch 037]  average training loss: 5336.6920
cellbender:remove-background: [epoch 038]  average training loss: 5318.1387
cellbender:remove-background: [epoch 039]  average training loss: 5314.2781
cellbender:remove-background: [epoch 040]  average training loss: 5311.8028
cellbender:remove-background: [epoch 040] average test loss: 5175.8747
cellbender:remove-background: [epoch 041]  average training loss: 5304.5852
cellbender:remove-background: [epoch 042]  average training loss: 5303.7407
cellbender:remove-background: [epoch 043]  average training loss: 5302.3136
cellbender:remove-background: [epoch 044]  average training loss: 5298.6281
cellbender:remove-background: [epoch 045]  average training loss: 5303.0215
cellbender:remove-background: [epoch 045] average test loss: 5179.9538
cellbender:remove-background: [epoch 046]  average training loss: 5306.8936
cellbender:remove-background: [epoch 047]  average training loss: 5288.5419
cellbender:remove-background: [epoch 048]  average training loss: 5294.9220
cellbender:remove-background: [epoch 049]  average training loss: 5293.9085
cellbender:remove-background: [epoch 050]  average training loss: 5297.6961
cellbender:remove-background: [epoch 050] average test loss: 5180.2071
cellbender:remove-background: [epoch 051]  average training loss: 5300.4208
cellbender:remove-background: [epoch 052]  average training loss: 5308.4632
cellbender:remove-background: [epoch 053]  average training loss: 5308.9086
cellbender:remove-background: Saving a checkpoint...
cellbender:remove-background: Saved checkpoint as /weka/scratch/scratch/Mon/mabdel03/Tsai_Data/Cellbender_Outputs/51826377/ckpt.tar.gz
cellbender:remove-background: [epoch 054]  average training loss: 5309.5062
cellbender:remove-background: [epoch 055]  average training loss: 5295.0627
cellbender:remove-background: [epoch 055] average test loss: 5195.8396
cellbender:remove-background: [epoch 056]  average training loss: 5300.7860
cellbender:remove-background: [epoch 057]  average training loss: 5300.6961
cellbender:remove-background: [epoch 058]  average training loss: 5304.6152
cellbender:remove-background: [epoch 059]  average training loss: 5296.4124
cellbender:remove-background: [epoch 060]  average training loss: 5294.3871
cellbender:remove-background: [epoch 060] average test loss: 5149.3015
cellbender:remove-background: [epoch 061]  average training loss: 5293.1163
cellbender:remove-background: [epoch 062]  average training loss: 5302.2905
cellbender:remove-background: [epoch 063]  average training loss: 5292.9519
cellbender:remove-background: [epoch 064]  average training loss: 5298.7256
cellbender:remove-background: [epoch 065]  average training loss: 5298.5460
cellbender:remove-background: [epoch 065] average test loss: 5199.4268
cellbender:remove-background: [epoch 066]  average training loss: 5291.4769
cellbender:remove-background: [epoch 067]  average training loss: 5293.3307
cellbender:remove-background: [epoch 068]  average training loss: 5289.7445
cellbender:remove-background: [epoch 069]  average training loss: 5294.2659
cellbender:remove-background: [epoch 070]  average training loss: 5286.0828
cellbender:remove-background: [epoch 070] average test loss: 5189.5140
cellbender:remove-background: [epoch 071]  average training loss: 5288.7887
cellbender:remove-background: [epoch 072]  average training loss: 5295.2243
cellbender:remove-background: [epoch 073]  average training loss: 5284.8454
cellbender:remove-background: [epoch 074]  average training loss: 5284.3482
cellbender:remove-background: [epoch 075]  average training loss: 5295.9493
cellbender:remove-background: [epoch 075] average test loss: 5175.7347
cellbender:remove-background: [epoch 076]  average training loss: 5279.9848
cellbender:remove-background: [epoch 077]  average training loss: 5287.1757
cellbender:remove-background: [epoch 078]  average training loss: 5287.5661
cellbender:remove-background: [epoch 079]  average training loss: 5296.1765
cellbender:remove-background: [epoch 080]  average training loss: 5283.9525
cellbender:remove-background: [epoch 080] average test loss: 5213.2621
cellbender:remove-background: [epoch 081]  average training loss: 5299.2041
cellbender:remove-background: [epoch 082]  average training loss: 5288.3227
cellbender:remove-background: [epoch 083]  average training loss: 5288.2021
cellbender:remove-background: [epoch 084]  average training loss: 5281.7988
cellbender:remove-background: [epoch 085]  average training loss: 5280.8587
cellbender:remove-background: [epoch 085] average test loss: 5212.5538
cellbender:remove-background: [epoch 086]  average training loss: 5281.7574
cellbender:remove-background: [epoch 087]  average training loss: 5276.8265
cellbender:remove-background: [epoch 088]  average training loss: 5276.4428
cellbender:remove-background: [epoch 089]  average training loss: 5274.2026
cellbender:remove-background: [epoch 090]  average training loss: 5270.4728
cellbender:remove-background: [epoch 090] average test loss: 5188.9926
cellbender:remove-background: [epoch 091]  average training loss: 5271.1196
cellbender:remove-background: [epoch 092]  average training loss: 5284.2840
cellbender:remove-background: [epoch 093]  average training loss: 5280.7376
cellbender:remove-background: [epoch 094]  average training loss: 5282.0859
cellbender:remove-background: [epoch 095]  average training loss: 5272.7365
cellbender:remove-background: [epoch 095] average test loss: 5206.6990
cellbender:remove-background: [epoch 096]  average training loss: 5277.3489
cellbender:remove-background: [epoch 097]  average training loss: 5271.1335
cellbender:remove-background: [epoch 098]  average training loss: 5268.9404
cellbender:remove-background: [epoch 099]  average training loss: 5265.0996
cellbender:remove-background: [epoch 100]  average training loss: 5269.7505
cellbender:remove-background: [epoch 100] average test loss: 5189.4212
cellbender:remove-background: [epoch 101]  average training loss: 5264.1279
cellbender:remove-background: [epoch 102]  average training loss: 5264.0209
cellbender:remove-background: [epoch 103]  average training loss: 5267.9910
cellbender:remove-background: [epoch 104]  average training loss: 5274.8636
cellbender:remove-background: [epoch 105]  average training loss: 5267.0629
cellbender:remove-background: [epoch 105] average test loss: 5163.9956
cellbender:remove-background: [epoch 106]  average training loss: 5270.5395
cellbender:remove-background: Saving a checkpoint...
cellbender:remove-background: Saved checkpoint as /weka/scratch/scratch/Mon/mabdel03/Tsai_Data/Cellbender_Outputs/51826377/ckpt.tar.gz
cellbender:remove-background: [epoch 107]  average training loss: 5259.9000
cellbender:remove-background: [epoch 108]  average training loss: 5269.6431
cellbender:remove-background: [epoch 109]  average training loss: 5257.4743
cellbender:remove-background: [epoch 110]  average training loss: 5260.7367
cellbender:remove-background: [epoch 110] average test loss: 5172.3013
cellbender:remove-background: [epoch 111]  average training loss: 5266.0177
cellbender:remove-background: [epoch 112]  average training loss: 5263.7819
cellbender:remove-background: [epoch 113]  average training loss: 5259.9419
cellbender:remove-background: [epoch 114]  average training loss: 5262.9503
cellbender:remove-background: [epoch 115]  average training loss: 5252.1225
cellbender:remove-background: [epoch 115] average test loss: 5178.3946
cellbender:remove-background: [epoch 116]  average training loss: 5264.2127
cellbender:remove-background: [epoch 117]  average training loss: 5259.7102
cellbender:remove-background: [epoch 118]  average training loss: 5257.4900
cellbender:remove-background: [epoch 119]  average training loss: 5258.6204
cellbender:remove-background: [epoch 120]  average training loss: 5254.9038
cellbender:remove-background: [epoch 120] average test loss: 5190.2093
cellbender:remove-background: [epoch 121]  average training loss: 5257.7706
cellbender:remove-background: [epoch 122]  average training loss: 5248.8310
cellbender:remove-background: [epoch 123]  average training loss: 5249.8468
cellbender:remove-background: [epoch 124]  average training loss: 5251.3770
cellbender:remove-background: [epoch 125]  average training loss: 5261.8861
cellbender:remove-background: [epoch 125] average test loss: 5151.5671
cellbender:remove-background: [epoch 126]  average training loss: 5247.7943
cellbender:remove-background: [epoch 127]  average training loss: 5256.3348
cellbender:remove-background: [epoch 128]  average training loss: 5245.7698
cellbender:remove-background: [epoch 129]  average training loss: 5249.6035
cellbender:remove-background: [epoch 130]  average training loss: 5245.4715
cellbender:remove-background: [epoch 130] average test loss: 5181.7236
cellbender:remove-background: [epoch 131]  average training loss: 5254.4468
cellbender:remove-background: [epoch 132]  average training loss: 5246.3986
cellbender:remove-background: [epoch 133]  average training loss: 5254.8250
cellbender:remove-background: [epoch 134]  average training loss: 5251.3435
cellbender:remove-background: [epoch 135]  average training loss: 5251.3454
cellbender:remove-background: [epoch 135] average test loss: 5178.6348
cellbender:remove-background: [epoch 136]  average training loss: 5252.2880
cellbender:remove-background: [epoch 137]  average training loss: 5253.9812
cellbender:remove-background: [epoch 138]  average training loss: 5250.2534
cellbender:remove-background: [epoch 139]  average training loss: 5247.2275
cellbender:remove-background: [epoch 140]  average training loss: 5249.3605
cellbender:remove-background: [epoch 140] average test loss: 5184.0527
cellbender:remove-background: [epoch 141]  average training loss: 5248.2605
cellbender:remove-background: [epoch 142]  average training loss: 5249.5614
cellbender:remove-background: [epoch 143]  average training loss: 5250.3474
cellbender:remove-background: [epoch 144]  average training loss: 5247.0813
cellbender:remove-background: [epoch 145]  average training loss: 5244.2229
cellbender:remove-background: [epoch 145] average test loss: 5174.7382
cellbender:remove-background: [epoch 146]  average training loss: 5244.6567
cellbender:remove-background: [epoch 147]  average training loss: 5243.7674
cellbender:remove-background: [epoch 148]  average training loss: 5253.0957
cellbender:remove-background: [epoch 149]  average training loss: 5241.0768
cellbender:remove-background: [epoch 150]  average training loss: 5248.6231
cellbender:remove-background: [epoch 150] average test loss: 5178.6850
cellbender:remove-background: Saving a checkpoint...
cellbender:remove-background: Saved checkpoint as /weka/scratch/scratch/Mon/mabdel03/Tsai_Data/Cellbender_Outputs/51826377/ckpt.tar.gz
cellbender:remove-background: 2026-02-02 00:53:48
cellbender:remove-background: Inference procedure complete.
cellbender:remove-background: Attempting to unpack tarball "ckpt.tar.gz" to /tmp/tmpi1s4f5wt
cellbender:remove-background: Successfully unpacked tarball to /tmp/tmpi1s4f5wt
/tmp/tmpi1s4f5wt/89d5fa583f_random.pyro
/tmp/tmpi1s4f5wt/89d5fa583f_random.cuda
/tmp/tmpi1s4f5wt/89d5fa583f_model.torch
/tmp/tmpi1s4f5wt/89d5fa583f_optim.torch
/tmp/tmpi1s4f5wt/89d5fa583f_optim.pyro
/tmp/tmpi1s4f5wt/89d5fa583f_params.pyro
/tmp/tmpi1s4f5wt/89d5fa583f_train.loaderstate
/tmp/tmpi1s4f5wt/89d5fa583f_test.loaderstate
/tmp/tmpi1s4f5wt/89d5fa583f_args.npy
cellbender:remove-background: Posterior not currently included in checkpoint.
cellbender:remove-background: Computing posterior noise count probabilities in mini-batches.
cellbender:remove-background: Working on chunk (1/91)
cellbender:remove-background:     [0.04 mins per chunk]
cellbender:remove-background: Working on chunk (2/91)
cellbender:remove-background: Working on chunk (3/91)
cellbender:remove-background: Working on chunk (4/91)
cellbender:remove-background: Working on chunk (5/91)
cellbender:remove-background: Working on chunk (6/91)
cellbender:remove-background: Working on chunk (7/91)
cellbender:remove-background: Working on chunk (8/91)
cellbender:remove-background: Working on chunk (9/91)
cellbender:remove-background: Working on chunk (10/91)
cellbender:remove-background: Working on chunk (11/91)
cellbender:remove-background: Working on chunk (12/91)
cellbender:remove-background: Working on chunk (13/91)
cellbender:remove-background: Working on chunk (14/91)
cellbender:remove-background: Working on chunk (15/91)
cellbender:remove-background: Working on chunk (16/91)
cellbender:remove-background: Working on chunk (17/91)
cellbender:remove-background: Working on chunk (18/91)
cellbender:remove-background: Working on chunk (19/91)
cellbender:remove-background: Working on chunk (20/91)
cellbender:remove-background: Working on chunk (21/91)
cellbender:remove-background: Working on chunk (22/91)
cellbender:remove-background: Working on chunk (23/91)
cellbender:remove-background: Working on chunk (24/91)
cellbender:remove-background: Working on chunk (25/91)
cellbender:remove-background: Working on chunk (26/91)
cellbender:remove-background: Working on chunk (27/91)
cellbender:remove-background: Working on chunk (28/91)
cellbender:remove-background: Working on chunk (29/91)
cellbender:remove-background: Working on chunk (30/91)
cellbender:remove-background: Working on chunk (31/91)
cellbender:remove-background: Working on chunk (32/91)
cellbender:remove-background: Working on chunk (33/91)
cellbender:remove-background: Working on chunk (34/91)
cellbender:remove-background: Working on chunk (35/91)
cellbender:remove-background: Working on chunk (36/91)
cellbender:remove-background: Working on chunk (37/91)
cellbender:remove-background: Working on chunk (38/91)
cellbender:remove-background: Working on chunk (39/91)
cellbender:remove-background: Working on chunk (40/91)
cellbender:remove-background: Working on chunk (41/91)
cellbender:remove-background: Working on chunk (42/91)
cellbender:remove-background: Working on chunk (43/91)
cellbender:remove-background: Working on chunk (44/91)
cellbender:remove-background: Working on chunk (45/91)
cellbender:remove-background: Working on chunk (46/91)
cellbender:remove-background: Working on chunk (47/91)
cellbender:remove-background: Working on chunk (48/91)
cellbender:remove-background: Working on chunk (49/91)
cellbender:remove-background: Working on chunk (50/91)
cellbender:remove-background: Working on chunk (51/91)
cellbender:remove-background: Working on chunk (52/91)
cellbender:remove-background: Working on chunk (53/91)
cellbender:remove-background: Working on chunk (54/91)
cellbender:remove-background: Working on chunk (55/91)
cellbender:remove-background: Working on chunk (56/91)
cellbender:remove-background: Working on chunk (57/91)
cellbender:remove-background: Working on chunk (58/91)
cellbender:remove-background: Working on chunk (59/91)
cellbender:remove-background: Working on chunk (60/91)
cellbender:remove-background: Working on chunk (61/91)
cellbender:remove-background: Working on chunk (62/91)
cellbender:remove-background: Working on chunk (63/91)
cellbender:remove-background: Working on chunk (64/91)
cellbender:remove-background: Working on chunk (65/91)
cellbender:remove-background: Working on chunk (66/91)
cellbender:remove-background: Working on chunk (67/91)
cellbender:remove-background: Working on chunk (68/91)
cellbender:remove-background: Working on chunk (69/91)
cellbender:remove-background: Working on chunk (70/91)
cellbender:remove-background: Working on chunk (71/91)
cellbender:remove-background: Working on chunk (72/91)
cellbender:remove-background: Working on chunk (73/91)
cellbender:remove-background: Working on chunk (74/91)
cellbender:remove-background: Working on chunk (75/91)
cellbender:remove-background: Working on chunk (76/91)
cellbender:remove-background: Working on chunk (77/91)
cellbender:remove-background: Working on chunk (78/91)
cellbender:remove-background: Working on chunk (79/91)
cellbender:remove-background: Working on chunk (80/91)
cellbender:remove-background: Working on chunk (81/91)
cellbender:remove-background: Working on chunk (82/91)
cellbender:remove-background: Working on chunk (83/91)
cellbender:remove-background: Working on chunk (84/91)
cellbender:remove-background: Working on chunk (85/91)
cellbender:remove-background: Working on chunk (86/91)
cellbender:remove-background: Working on chunk (87/91)
cellbender:remove-background: Working on chunk (88/91)
cellbender:remove-background: Working on chunk (89/91)
cellbender:remove-background: Working on chunk (90/91)
cellbender:remove-background: Working on chunk (91/91)
cellbender:remove-background: Writing full posterior to /om/scratch/Mon/mabdel03/Tsai_Data/Cellbender_Outputs/51826377/processed_feature_bc_matrix_posterior.h5
cellbender:remove-background: Succeeded in writing posterior to file /om/scratch/Mon/mabdel03/Tsai_Data/Cellbender_Outputs/51826377/processed_feature_bc_matrix_posterior.h5
cellbender:remove-background: Added posterior object to checkpoint file.
cellbender:remove-background: 2026-02-02 01:01:15

cellbender:remove-background: Saved summary plots as /om/scratch/Mon/mabdel03/Tsai_Data/Cellbender_Outputs/51826377/processed_feature_bc_matrix.pdf
cellbender:remove-background: Saved cell barcodes in /om/scratch/Mon/mabdel03/Tsai_Data/Cellbender_Outputs/51826377/processed_feature_bc_matrix_cell_barcodes.csv
cellbender:remove-background: Computing target noise counts per gene for MCKP estimator
cellbender:remove-background: Using MCKP noise targets computed for FPR 0.0
cellbender:remove-background: Computing denoised counts using mckp estimator
cellbender:remove-background: Working on chunk (1/7)
cellbender:remove-background:     [3.47 mins per chunk]
cellbender:remove-background: Working on chunk (2/7)
cellbender:remove-background: Working on chunk (3/7)
cellbender:remove-background: Working on chunk (4/7)
cellbender:remove-background: Working on chunk (5/7)
cellbender:remove-background: Working on chunk (6/7)
cellbender:remove-background: Working on chunk (7/7)
cellbender:remove-background: 2026-02-02 01:26:30 Total MCKP estimation time = 1451.69 sec
cellbender:remove-background: Succeeded in writing CellRanger format output to file /om/scratch/Mon/mabdel03/Tsai_Data/Cellbender_Outputs/51826377/processed_feature_bc_matrix.h5
cellbender:remove-background: Succeeded in writing CellRanger format output to file /om/scratch/Mon/mabdel03/Tsai_Data/Cellbender_Outputs/51826377/processed_feature_bc_matrix_filtered.h5
cellbender:remove-background: Saved output metrics as /om/scratch/Mon/mabdel03/Tsai_Data/Cellbender_Outputs/51826377/processed_feature_bc_matrix_metrics.csv
[NbConvertApp] Converting notebook tmp.report.ipynb to notebook
[NbConvertApp] Writing 565340 bytes to tmp.report.nbconvert.ipynb
[NbConvertApp] Converting notebook tmp.report.nbconvert.ipynb to html
[NbConvertApp] Writing 1140027 bytes to tmp.report.nbconvert.html
cellbender:remove-background: Succeeded in writing report to /om/scratch/Mon/mabdel03/Tsai_Data/Cellbender_Outputs/51826377/processed_feature_bc_matrix_report.html
cellbender:remove-background: Completed remove-background.
cellbender:remove-background: 2026-02-02 01:27:42

