cellbender:remove-background: Command:
cellbender remove-background --cuda --input /om/scratch/Mon/mabdel03/Tsai_Data/Cellranger_Outputs/51520126/outs/raw_feature_bc_matrix.h5 --fpr 0 --output /om/scratch/Mon/mabdel03/Tsai_Data/Cellbender_Outputs/51520126/processed_feature_bc_matrix.h5
cellbender:remove-background: CellBender 0.3.0
cellbender:remove-background: (Workflow hash f320bfe882)
cellbender:remove-background: 2026-02-02 00:17:08
cellbender:remove-background: Running remove-background
cellbender:remove-background: Loading data from /om/scratch/Mon/mabdel03/Tsai_Data/Cellranger_Outputs/51520126/outs/raw_feature_bc_matrix.h5
cellbender:remove-background: CellRanger v3 format
cellbender:remove-background: Features in dataset: 36601 Gene Expression
cellbender:remove-background: Trimming features for inference.
cellbender:remove-background: 31940 features have nonzero counts.
cellbender:remove-background: Prior on counts for cells is 7656
cellbender:remove-background: Prior on counts for empty droplets is 242
cellbender:remove-background: Excluding 7661 features that are estimated to have <= 0.1 background counts in cells.
cellbender:remove-background: Including 24279 features in the analysis.
cellbender:remove-background: Trimming barcodes for inference.
cellbender:remove-background: Excluding barcodes with counts below 121
cellbender:remove-background: Using 2951 probable cell barcodes, plus an additional 7633 barcodes, and 67877 empty droplets.
cellbender:remove-background: Largest surely-empty droplet has 295 UMI counts.
cellbender:remove-background: Attempting to unpack tarball "ckpt.tar.gz" to /tmp/tmpfrikeq94
cellbender:remove-background: No saved checkpoint.
cellbender:remove-background: No checkpoint loaded.
cellbender:remove-background: Running inference...
cellbender:remove-background: [epoch 001]  average training loss: 13113.6347
cellbender:remove-background: [epoch 002]  average training loss: 11275.2763  (6.2 seconds per epoch)
cellbender:remove-background: Will checkpoint every 68 epochs
cellbender:remove-background: [epoch 003]  average training loss: 9802.6278
cellbender:remove-background: [epoch 004]  average training loss: 8607.5128
cellbender:remove-background: [epoch 005]  average training loss: 7809.7997
cellbender:remove-background: [epoch 005] average test loss: 8342.7838
cellbender:remove-background: [epoch 006]  average training loss: 7431.4559
cellbender:remove-background: [epoch 007]  average training loss: 7103.6202
cellbender:remove-background: [epoch 008]  average training loss: 6938.7107
cellbender:remove-background: [epoch 009]  average training loss: 6988.4428
cellbender:remove-background: [epoch 010]  average training loss: 6978.6798
cellbender:remove-background: [epoch 010] average test loss: 6862.5787
cellbender:remove-background: [epoch 011]  average training loss: 6908.1522
cellbender:remove-background: [epoch 012]  average training loss: 6841.8648
cellbender:remove-background: [epoch 013]  average training loss: 6879.7207
cellbender:remove-background: [epoch 014]  average training loss: 6800.0450
cellbender:remove-background: [epoch 015]  average training loss: 6548.4686
cellbender:remove-background: [epoch 015] average test loss: 6805.3377
cellbender:remove-background: [epoch 016]  average training loss: 6488.0467
cellbender:remove-background: [epoch 017]  average training loss: 6441.1253
cellbender:remove-background: [epoch 018]  average training loss: 6444.3807
cellbender:remove-background: [epoch 019]  average training loss: 6416.0742
cellbender:remove-background: [epoch 020]  average training loss: 6427.4582
cellbender:remove-background: [epoch 020] average test loss: 6494.9395
cellbender:remove-background: [epoch 021]  average training loss: 6375.0224
cellbender:remove-background: [epoch 022]  average training loss: 6354.5390
cellbender:remove-background: [epoch 023]  average training loss: 6367.9681
cellbender:remove-background: [epoch 024]  average training loss: 6327.3511
cellbender:remove-background: [epoch 025]  average training loss: 6336.9645
cellbender:remove-background: [epoch 025] average test loss: 6306.1445
cellbender:remove-background: [epoch 026]  average training loss: 6334.1683
cellbender:remove-background: [epoch 027]  average training loss: 6303.4167
cellbender:remove-background: [epoch 028]  average training loss: 6285.9444
cellbender:remove-background: [epoch 029]  average training loss: 6286.7679
cellbender:remove-background: [epoch 030]  average training loss: 6256.6977
cellbender:remove-background: [epoch 030] average test loss: 6231.0502
cellbender:remove-background: [epoch 031]  average training loss: 6266.5063
cellbender:remove-background: [epoch 032]  average training loss: 6240.3273
cellbender:remove-background: [epoch 033]  average training loss: 6236.4828
cellbender:remove-background: [epoch 034]  average training loss: 6208.1403
cellbender:remove-background: [epoch 035]  average training loss: 6202.0379
cellbender:remove-background: [epoch 035] average test loss: 6137.6454
cellbender:remove-background: [epoch 036]  average training loss: 6182.9314
cellbender:remove-background: [epoch 037]  average training loss: 6179.4612
cellbender:remove-background: [epoch 038]  average training loss: 6177.9479
cellbender:remove-background: [epoch 039]  average training loss: 6166.2994
cellbender:remove-background: [epoch 040]  average training loss: 6160.8467
cellbender:remove-background: [epoch 040] average test loss: 6106.9352
cellbender:remove-background: [epoch 041]  average training loss: 6159.8907
cellbender:remove-background: [epoch 042]  average training loss: 6156.6650
cellbender:remove-background: [epoch 043]  average training loss: 6153.0666
cellbender:remove-background: [epoch 044]  average training loss: 6144.6069
cellbender:remove-background: [epoch 045]  average training loss: 6141.1161
cellbender:remove-background: [epoch 045] average test loss: 6086.9767
cellbender:remove-background: [epoch 046]  average training loss: 6136.9874
cellbender:remove-background: [epoch 047]  average training loss: 6135.1550
cellbender:remove-background: [epoch 048]  average training loss: 6128.7019
cellbender:remove-background: [epoch 049]  average training loss: 6128.3499
cellbender:remove-background: [epoch 050]  average training loss: 6120.4219
cellbender:remove-background: [epoch 050] average test loss: 6107.5784
cellbender:remove-background: [epoch 051]  average training loss: 6117.7998
cellbender:remove-background: [epoch 052]  average training loss: 6112.1852
cellbender:remove-background: [epoch 053]  average training loss: 6111.0173
cellbender:remove-background: [epoch 054]  average training loss: 6105.4052
cellbender:remove-background: [epoch 055]  average training loss: 6109.2978
cellbender:remove-background: [epoch 055] average test loss: 6061.7769
cellbender:remove-background: [epoch 056]  average training loss: 6111.1136
cellbender:remove-background: [epoch 057]  average training loss: 6105.4712
cellbender:remove-background: [epoch 058]  average training loss: 6106.9697
cellbender:remove-background: [epoch 059]  average training loss: 6099.6416
cellbender:remove-background: [epoch 060]  average training loss: 6105.2106
cellbender:remove-background: [epoch 060] average test loss: 6069.3501
cellbender:remove-background: [epoch 061]  average training loss: 6095.1209
cellbender:remove-background: [epoch 062]  average training loss: 6094.4580
cellbender:remove-background: [epoch 063]  average training loss: 6096.8055
cellbender:remove-background: [epoch 064]  average training loss: 6092.0424
cellbender:remove-background: [epoch 065]  average training loss: 6092.7968
cellbender:remove-background: [epoch 065] average test loss: 6065.6549
cellbender:remove-background: [epoch 066]  average training loss: 6094.4278
cellbender:remove-background: [epoch 067]  average training loss: 6089.0947
cellbender:remove-background: [epoch 068]  average training loss: 6087.9013
cellbender:remove-background: Saving a checkpoint...
cellbender:remove-background: Saved checkpoint as /weka/scratch/scratch/Mon/mabdel03/Tsai_Data/Cellbender_Outputs/51520126/ckpt.tar.gz
cellbender:remove-background: [epoch 069]  average training loss: 6081.5854
cellbender:remove-background: [epoch 070]  average training loss: 6081.5613
cellbender:remove-background: [epoch 070] average test loss: 6057.2921
cellbender:remove-background: [epoch 071]  average training loss: 6083.3048
cellbender:remove-background: [epoch 072]  average training loss: 6074.7929
cellbender:remove-background: [epoch 073]  average training loss: 6076.5940
cellbender:remove-background: [epoch 074]  average training loss: 6080.9326
cellbender:remove-background: [epoch 075]  average training loss: 6077.3585
cellbender:remove-background: [epoch 075] average test loss: 6026.0435
cellbender:remove-background: [epoch 076]  average training loss: 6074.5473
cellbender:remove-background: [epoch 077]  average training loss: 6075.2255
cellbender:remove-background: [epoch 078]  average training loss: 6074.0710
cellbender:remove-background: [epoch 079]  average training loss: 6070.1376
cellbender:remove-background: [epoch 080]  average training loss: 6071.5507
cellbender:remove-background: [epoch 080] average test loss: 6033.1565
cellbender:remove-background: [epoch 081]  average training loss: 6071.2048
cellbender:remove-background: [epoch 082]  average training loss: 6068.5875
cellbender:remove-background: [epoch 083]  average training loss: 6068.7326
cellbender:remove-background: [epoch 084]  average training loss: 6069.2432
cellbender:remove-background: [epoch 085]  average training loss: 6062.8107
cellbender:remove-background: [epoch 085] average test loss: 6052.5054
cellbender:remove-background: [epoch 086]  average training loss: 6065.0175
cellbender:remove-background: [epoch 087]  average training loss: 6059.8369
cellbender:remove-background: [epoch 088]  average training loss: 6058.0308
cellbender:remove-background: [epoch 089]  average training loss: 6055.2744
cellbender:remove-background: [epoch 090]  average training loss: 6054.7168
cellbender:remove-background: [epoch 090] average test loss: 6027.6102
cellbender:remove-background: [epoch 091]  average training loss: 6049.4282
cellbender:remove-background: [epoch 092]  average training loss: 6049.4059
cellbender:remove-background: [epoch 093]  average training loss: 6045.8177
cellbender:remove-background: [epoch 094]  average training loss: 6046.2497
cellbender:remove-background: [epoch 095]  average training loss: 6041.9104
cellbender:remove-background: [epoch 095] average test loss: 6010.9650
cellbender:remove-background: [epoch 096]  average training loss: 6042.1321
cellbender:remove-background: [epoch 097]  average training loss: 6036.9122
cellbender:remove-background: [epoch 098]  average training loss: 6037.6712
cellbender:remove-background: [epoch 099]  average training loss: 6035.7693
cellbender:remove-background: [epoch 100]  average training loss: 6035.3129
cellbender:remove-background: [epoch 100] average test loss: 6016.7085
cellbender:remove-background: [epoch 101]  average training loss: 6036.3188
cellbender:remove-background: [epoch 102]  average training loss: 6032.9663
cellbender:remove-background: [epoch 103]  average training loss: 6032.2329
cellbender:remove-background: [epoch 104]  average training loss: 6030.9412
cellbender:remove-background: [epoch 105]  average training loss: 6029.3392
cellbender:remove-background: [epoch 105] average test loss: 6008.7976
cellbender:remove-background: [epoch 106]  average training loss: 6035.9482
cellbender:remove-background: [epoch 107]  average training loss: 6030.9983
cellbender:remove-background: [epoch 108]  average training loss: 6030.2281
cellbender:remove-background: [epoch 109]  average training loss: 6026.5507
cellbender:remove-background: [epoch 110]  average training loss: 6026.8225
cellbender:remove-background: [epoch 110] average test loss: 6011.7753
cellbender:remove-background: [epoch 111]  average training loss: 6025.2485
cellbender:remove-background: [epoch 112]  average training loss: 6024.0605
cellbender:remove-background: [epoch 113]  average training loss: 6026.4982
cellbender:remove-background: [epoch 114]  average training loss: 6024.7377
cellbender:remove-background: [epoch 115]  average training loss: 6020.1540
cellbender:remove-background: [epoch 115] average test loss: 5995.8904
cellbender:remove-background: [epoch 116]  average training loss: 6024.6016
cellbender:remove-background: [epoch 117]  average training loss: 6024.3392
cellbender:remove-background: [epoch 118]  average training loss: 6019.8611
cellbender:remove-background: [epoch 119]  average training loss: 6018.7365
cellbender:remove-background: [epoch 120]  average training loss: 6018.7901
cellbender:remove-background: [epoch 120] average test loss: 6000.9608
cellbender:remove-background: [epoch 121]  average training loss: 6019.1706
cellbender:remove-background: [epoch 122]  average training loss: 6017.9146
cellbender:remove-background: [epoch 123]  average training loss: 6015.6907
cellbender:remove-background: [epoch 124]  average training loss: 6018.9666
cellbender:remove-background: [epoch 125]  average training loss: 6014.8604
cellbender:remove-background: [epoch 125] average test loss: 6002.7982
cellbender:remove-background: [epoch 126]  average training loss: 6015.3749
cellbender:remove-background: [epoch 127]  average training loss: 6017.1737
cellbender:remove-background: [epoch 128]  average training loss: 6013.6369
cellbender:remove-background: [epoch 129]  average training loss: 6014.6096
cellbender:remove-background: [epoch 130]  average training loss: 6014.5668
cellbender:remove-background: [epoch 130] average test loss: 5990.6021
cellbender:remove-background: [epoch 131]  average training loss: 6013.9778
cellbender:remove-background: [epoch 132]  average training loss: 6011.0155
cellbender:remove-background: [epoch 133]  average training loss: 6013.3562
cellbender:remove-background: [epoch 134]  average training loss: 6012.9467
cellbender:remove-background: [epoch 135]  average training loss: 6012.9118
cellbender:remove-background: [epoch 135] average test loss: 5992.1400
cellbender:remove-background: [epoch 136]  average training loss: 6012.4739
cellbender:remove-background: Saving a checkpoint...
cellbender:remove-background: Saved checkpoint as /weka/scratch/scratch/Mon/mabdel03/Tsai_Data/Cellbender_Outputs/51520126/ckpt.tar.gz
cellbender:remove-background: [epoch 137]  average training loss: 6012.8544
cellbender:remove-background: [epoch 138]  average training loss: 6012.4767
cellbender:remove-background: [epoch 139]  average training loss: 6012.7089
cellbender:remove-background: [epoch 140]  average training loss: 6010.0092
cellbender:remove-background: [epoch 140] average test loss: 5988.8178
cellbender:remove-background: [epoch 141]  average training loss: 6009.0051
cellbender:remove-background: [epoch 142]  average training loss: 6010.0706
cellbender:remove-background: [epoch 143]  average training loss: 6009.4767
cellbender:remove-background: [epoch 144]  average training loss: 6010.2259
cellbender:remove-background: [epoch 145]  average training loss: 6008.9661
cellbender:remove-background: [epoch 145] average test loss: 5994.1124
cellbender:remove-background: [epoch 146]  average training loss: 6010.7258
cellbender:remove-background: [epoch 147]  average training loss: 6012.2521
cellbender:remove-background: [epoch 148]  average training loss: 6011.5345
cellbender:remove-background: [epoch 149]  average training loss: 6010.2711
cellbender:remove-background: [epoch 150]  average training loss: 6011.0408
cellbender:remove-background: [epoch 150] average test loss: 5998.3509
cellbender:remove-background: Saving a checkpoint...
cellbender:remove-background: Saved checkpoint as /weka/scratch/scratch/Mon/mabdel03/Tsai_Data/Cellbender_Outputs/51520126/ckpt.tar.gz
cellbender:remove-background: 2026-02-02 00:37:38
cellbender:remove-background: Inference procedure complete.
cellbender:remove-background: Attempting to unpack tarball "ckpt.tar.gz" to /tmp/tmpev7p87mp
cellbender:remove-background: Successfully unpacked tarball to /tmp/tmpev7p87mp
/tmp/tmpev7p87mp/f320bfe882_random.pyro
/tmp/tmpev7p87mp/f320bfe882_random.cuda
/tmp/tmpev7p87mp/f320bfe882_model.torch
/tmp/tmpev7p87mp/f320bfe882_optim.torch
/tmp/tmpev7p87mp/f320bfe882_optim.pyro
/tmp/tmpev7p87mp/f320bfe882_params.pyro
/tmp/tmpev7p87mp/f320bfe882_train.loaderstate
/tmp/tmpev7p87mp/f320bfe882_test.loaderstate
/tmp/tmpev7p87mp/f320bfe882_args.npy
cellbender:remove-background: Posterior not currently included in checkpoint.
cellbender:remove-background: Computing posterior noise count probabilities in mini-batches.
cellbender:remove-background: Working on chunk (1/52)
cellbender:remove-background:     [0.05 mins per chunk]
cellbender:remove-background: Working on chunk (2/52)
cellbender:remove-background: Working on chunk (3/52)
cellbender:remove-background: Working on chunk (4/52)
cellbender:remove-background: Working on chunk (5/52)
cellbender:remove-background: Working on chunk (6/52)
cellbender:remove-background: Working on chunk (7/52)
cellbender:remove-background: Working on chunk (8/52)
cellbender:remove-background: Working on chunk (9/52)
cellbender:remove-background: Working on chunk (10/52)
cellbender:remove-background: Working on chunk (11/52)
cellbender:remove-background: Working on chunk (12/52)
cellbender:remove-background: Working on chunk (13/52)
cellbender:remove-background: Working on chunk (14/52)
cellbender:remove-background: Working on chunk (15/52)
cellbender:remove-background: Working on chunk (16/52)
cellbender:remove-background: Working on chunk (17/52)
cellbender:remove-background: Working on chunk (18/52)
cellbender:remove-background: Working on chunk (19/52)
cellbender:remove-background: Working on chunk (20/52)
cellbender:remove-background: Working on chunk (21/52)
cellbender:remove-background: Working on chunk (22/52)
cellbender:remove-background: Working on chunk (23/52)
cellbender:remove-background: Working on chunk (24/52)
cellbender:remove-background: Working on chunk (25/52)
cellbender:remove-background: Working on chunk (26/52)
cellbender:remove-background: Working on chunk (27/52)
cellbender:remove-background: Working on chunk (28/52)
cellbender:remove-background: Working on chunk (29/52)
cellbender:remove-background: Working on chunk (30/52)
cellbender:remove-background: Working on chunk (31/52)
cellbender:remove-background: Working on chunk (32/52)
cellbender:remove-background: Working on chunk (33/52)
cellbender:remove-background: Working on chunk (34/52)
cellbender:remove-background: Working on chunk (35/52)
cellbender:remove-background: Working on chunk (36/52)
cellbender:remove-background: Working on chunk (37/52)
cellbender:remove-background: Working on chunk (38/52)
cellbender:remove-background: Working on chunk (39/52)
cellbender:remove-background: Working on chunk (40/52)
cellbender:remove-background: Working on chunk (41/52)
cellbender:remove-background: Working on chunk (42/52)
cellbender:remove-background: Working on chunk (43/52)
cellbender:remove-background: Working on chunk (44/52)
cellbender:remove-background: Working on chunk (45/52)
cellbender:remove-background: Working on chunk (46/52)
cellbender:remove-background: Working on chunk (47/52)
cellbender:remove-background: Working on chunk (48/52)
cellbender:remove-background: Working on chunk (49/52)
cellbender:remove-background: Working on chunk (50/52)
cellbender:remove-background: Working on chunk (51/52)
cellbender:remove-background: Working on chunk (52/52)
cellbender:remove-background: Writing full posterior to /om/scratch/Mon/mabdel03/Tsai_Data/Cellbender_Outputs/51520126/processed_feature_bc_matrix_posterior.h5
cellbender:remove-background: Succeeded in writing posterior to file /om/scratch/Mon/mabdel03/Tsai_Data/Cellbender_Outputs/51520126/processed_feature_bc_matrix_posterior.h5
cellbender:remove-background: Added posterior object to checkpoint file.
cellbender:remove-background: 2026-02-02 00:43:42

cellbender:remove-background: Saved summary plots as /om/scratch/Mon/mabdel03/Tsai_Data/Cellbender_Outputs/51520126/processed_feature_bc_matrix.pdf
cellbender:remove-background: Saved cell barcodes in /om/scratch/Mon/mabdel03/Tsai_Data/Cellbender_Outputs/51520126/processed_feature_bc_matrix_cell_barcodes.csv
cellbender:remove-background: Computing target noise counts per gene for MCKP estimator
cellbender:remove-background: Using MCKP noise targets computed for FPR 0.0
cellbender:remove-background: Computing denoised counts using mckp estimator
cellbender:remove-background: Working on chunk (1/7)
cellbender:remove-background:     [3.03 mins per chunk]
cellbender:remove-background: Working on chunk (2/7)
cellbender:remove-background: Working on chunk (3/7)
cellbender:remove-background: Working on chunk (4/7)
cellbender:remove-background: Working on chunk (5/7)
cellbender:remove-background: Working on chunk (6/7)
cellbender:remove-background: Working on chunk (7/7)
cellbender:remove-background: 2026-02-02 01:05:41 Total MCKP estimation time = 1262.50 sec
cellbender:remove-background: Succeeded in writing CellRanger format output to file /om/scratch/Mon/mabdel03/Tsai_Data/Cellbender_Outputs/51520126/processed_feature_bc_matrix.h5
cellbender:remove-background: Succeeded in writing CellRanger format output to file /om/scratch/Mon/mabdel03/Tsai_Data/Cellbender_Outputs/51520126/processed_feature_bc_matrix_filtered.h5
cellbender:remove-background: Saved output metrics as /om/scratch/Mon/mabdel03/Tsai_Data/Cellbender_Outputs/51520126/processed_feature_bc_matrix_metrics.csv
[NbConvertApp] Converting notebook tmp.report.ipynb to notebook
[NbConvertApp] Writing 470961 bytes to tmp.report.nbconvert.ipynb
[NbConvertApp] Converting notebook tmp.report.nbconvert.ipynb to html
[NbConvertApp] Writing 1045648 bytes to tmp.report.nbconvert.html
cellbender:remove-background: Succeeded in writing report to /om/scratch/Mon/mabdel03/Tsai_Data/Cellbender_Outputs/51520126/processed_feature_bc_matrix_report.html
cellbender:remove-background: Completed remove-background.
cellbender:remove-background: 2026-02-02 01:06:47

