cellbender:remove-background: Command:
cellbender remove-background --cuda --input /tmp/cellbender_44649672_94/raw_feature_bc_matrix.h5 --fpr 0 --output /om/scratch/Mon/mabdel03/Tsai_Data/Cellbender_Outputs/15844425/processed_feature_bc_matrix.h5
cellbender:remove-background: CellBender 0.3.0
cellbender:remove-background: (Workflow hash ec4a2c7ed3)
cellbender:remove-background: 2026-01-31 19:32:27
cellbender:remove-background: Running remove-background
cellbender:remove-background: Loading data from /tmp/cellbender_44649672_94/raw_feature_bc_matrix.h5
cellbender:remove-background: CellRanger v3 format
cellbender:remove-background: Features in dataset: 36601 Gene Expression
cellbender:remove-background: Trimming features for inference.
cellbender:remove-background: 31607 features have nonzero counts.
cellbender:remove-background: Prior on counts for cells is 6477
cellbender:remove-background: Prior on counts for empty droplets is 146
cellbender:remove-background: Excluding 8964 features that are estimated to have <= 0.1 background counts in cells.
cellbender:remove-background: Including 22643 features in the analysis.
cellbender:remove-background: Trimming barcodes for inference.
cellbender:remove-background: Excluding barcodes with counts below 73
cellbender:remove-background: Using 5768 probable cell barcodes, plus an additional 12785 barcodes, and 50218 empty droplets.
cellbender:remove-background: Largest surely-empty droplet has 179 UMI counts.
cellbender:remove-background: Attempting to unpack tarball "ckpt.tar.gz" to /tmp/tmppcefbaqx
cellbender:remove-background: No saved checkpoint.
cellbender:remove-background: No checkpoint loaded.
cellbender:remove-background: Running inference...
cellbender:remove-background: [epoch 001]  average training loss: 10690.6102
cellbender:remove-background: [epoch 002]  average training loss: 8432.0913  (5.9 seconds per epoch)
cellbender:remove-background: Will checkpoint every 72 epochs
cellbender:remove-background: [epoch 003]  average training loss: 7096.6988
cellbender:remove-background: [epoch 004]  average training loss: 6364.5891
cellbender:remove-background: [epoch 005]  average training loss: 6015.4263
cellbender:remove-background: [epoch 005] average test loss: 6078.8116
cellbender:remove-background: [epoch 006]  average training loss: 5960.9511
cellbender:remove-background: [epoch 007]  average training loss: 5890.2509
cellbender:remove-background: [epoch 008]  average training loss: 5876.3778
cellbender:remove-background: [epoch 009]  average training loss: 5827.8705
cellbender:remove-background: [epoch 010]  average training loss: 5806.3528
cellbender:remove-background: [epoch 010] average test loss: 5807.5531
cellbender:remove-background: [epoch 011]  average training loss: 5795.2827
cellbender:remove-background: [epoch 012]  average training loss: 5780.3824
cellbender:remove-background: [epoch 013]  average training loss: 5699.0624
cellbender:remove-background: [epoch 014]  average training loss: 5571.7264
cellbender:remove-background: [epoch 015]  average training loss: 5562.1137
cellbender:remove-background: [epoch 015] average test loss: 5625.8471
cellbender:remove-background: [epoch 016]  average training loss: 5527.6465
cellbender:remove-background: [epoch 017]  average training loss: 5519.5144
cellbender:remove-background: [epoch 018]  average training loss: 5507.8026
cellbender:remove-background: [epoch 019]  average training loss: 5495.4267
cellbender:remove-background: [epoch 020]  average training loss: 5475.8641
cellbender:remove-background: [epoch 020] average test loss: 5491.8820
cellbender:remove-background: [epoch 021]  average training loss: 5454.8974
cellbender:remove-background: [epoch 022]  average training loss: 5445.6774
cellbender:remove-background: [epoch 023]  average training loss: 5436.4873
cellbender:remove-background: [epoch 024]  average training loss: 5431.5167
cellbender:remove-background: [epoch 025]  average training loss: 5412.7591
cellbender:remove-background: [epoch 025] average test loss: 5396.9094
cellbender:remove-background: [epoch 026]  average training loss: 5398.3942
cellbender:remove-background: [epoch 027]  average training loss: 5381.9877
cellbender:remove-background: [epoch 028]  average training loss: 5357.1146
cellbender:remove-background: [epoch 029]  average training loss: 5346.4623
cellbender:remove-background: [epoch 030]  average training loss: 5339.1182
cellbender:remove-background: [epoch 030] average test loss: 5316.6507
cellbender:remove-background: [epoch 031]  average training loss: 5329.2038
cellbender:remove-background: [epoch 032]  average training loss: 5325.7362
cellbender:remove-background: [epoch 033]  average training loss: 5317.4773
cellbender:remove-background: [epoch 034]  average training loss: 5314.4392
cellbender:remove-background: [epoch 035]  average training loss: 5308.8204
cellbender:remove-background: [epoch 035] average test loss: 5302.2926
cellbender:remove-background: [epoch 036]  average training loss: 5304.9111
cellbender:remove-background: [epoch 037]  average training loss: 5301.3347
cellbender:remove-background: [epoch 038]  average training loss: 5296.0741
cellbender:remove-background: [epoch 039]  average training loss: 5295.1441
cellbender:remove-background: [epoch 040]  average training loss: 5289.7589
cellbender:remove-background: [epoch 040] average test loss: 5292.0371
cellbender:remove-background: [epoch 041]  average training loss: 5285.7913
cellbender:remove-background: [epoch 042]  average training loss: 5277.8249
cellbender:remove-background: [epoch 043]  average training loss: 5275.0827
cellbender:remove-background: [epoch 044]  average training loss: 5267.3837
cellbender:remove-background: [epoch 045]  average training loss: 5261.6632
cellbender:remove-background: [epoch 045] average test loss: 5252.0922
cellbender:remove-background: [epoch 046]  average training loss: 5256.9282
cellbender:remove-background: [epoch 047]  average training loss: 5252.6350
cellbender:remove-background: [epoch 048]  average training loss: 5249.5500
cellbender:remove-background: [epoch 049]  average training loss: 5245.2384
cellbender:remove-background: [epoch 050]  average training loss: 5239.8577
cellbender:remove-background: [epoch 050] average test loss: 5241.4546
cellbender:remove-background: [epoch 051]  average training loss: 5236.8125
cellbender:remove-background: [epoch 052]  average training loss: 5233.8824
cellbender:remove-background: [epoch 053]  average training loss: 5231.6304
cellbender:remove-background: [epoch 054]  average training loss: 5229.6276
cellbender:remove-background: [epoch 055]  average training loss: 5228.1003
cellbender:remove-background: [epoch 055] average test loss: 5220.9132
cellbender:remove-background: [epoch 056]  average training loss: 5225.3146
cellbender:remove-background: [epoch 057]  average training loss: 5223.5006
cellbender:remove-background: [epoch 058]  average training loss: 5221.0658
cellbender:remove-background: [epoch 059]  average training loss: 5221.1306
cellbender:remove-background: [epoch 060]  average training loss: 5218.0689
cellbender:remove-background: [epoch 060] average test loss: 5214.3406
cellbender:remove-background: [epoch 061]  average training loss: 5218.0663
cellbender:remove-background: [epoch 062]  average training loss: 5214.8488
cellbender:remove-background: [epoch 063]  average training loss: 5212.5113
cellbender:remove-background: [epoch 064]  average training loss: 5211.7368
cellbender:remove-background: [epoch 065]  average training loss: 5208.5783
cellbender:remove-background: [epoch 065] average test loss: 5208.5336
cellbender:remove-background: [epoch 066]  average training loss: 5209.2236
cellbender:remove-background: [epoch 067]  average training loss: 5206.2913
cellbender:remove-background: [epoch 068]  average training loss: 5207.4829
cellbender:remove-background: [epoch 069]  average training loss: 5208.3818
cellbender:remove-background: [epoch 070]  average training loss: 5206.2226
cellbender:remove-background: [epoch 070] average test loss: 5211.9574
cellbender:remove-background: [epoch 071]  average training loss: 5197.5109
cellbender:remove-background: [epoch 072]  average training loss: 5199.2518
cellbender:remove-background: Saving a checkpoint...
cellbender:remove-background: Saved checkpoint as /weka/scratch/scratch/Mon/mabdel03/Tsai_Data/Cellbender_Outputs/15844425/ckpt.tar.gz
cellbender:remove-background: [epoch 073]  average training loss: 5196.1279
cellbender:remove-background: [epoch 074]  average training loss: 5194.1747
cellbender:remove-background: [epoch 075]  average training loss: 5192.5632
cellbender:remove-background: [epoch 075] average test loss: 5186.2780
cellbender:remove-background: [epoch 076]  average training loss: 5192.5280
cellbender:remove-background: [epoch 077]  average training loss: 5188.7141
cellbender:remove-background: [epoch 078]  average training loss: 5190.1408
cellbender:remove-background: [epoch 079]  average training loss: 5185.8674
cellbender:remove-background: [epoch 080]  average training loss: 5185.9298
cellbender:remove-background: [epoch 080] average test loss: 5186.5137
cellbender:remove-background: [epoch 081]  average training loss: 5188.8638
cellbender:remove-background: [epoch 082]  average training loss: 5187.8569
cellbender:remove-background: [epoch 083]  average training loss: 5186.9105
cellbender:remove-background: [epoch 084]  average training loss: 5183.6878
cellbender:remove-background: [epoch 085]  average training loss: 5185.3018
cellbender:remove-background: [epoch 085] average test loss: 5201.9280
cellbender:remove-background: [epoch 086]  average training loss: 5183.3597
cellbender:remove-background: [epoch 087]  average training loss: 5183.1340
cellbender:remove-background: [epoch 088]  average training loss: 5181.9539
cellbender:remove-background: [epoch 089]  average training loss: 5180.9006
cellbender:remove-background: [epoch 090]  average training loss: 5182.2861
cellbender:remove-background: [epoch 090] average test loss: 5184.7023
cellbender:remove-background: [epoch 091]  average training loss: 5177.5415
cellbender:remove-background: [epoch 092]  average training loss: 5183.5337
cellbender:remove-background: [epoch 093]  average training loss: 5178.4064
cellbender:remove-background: [epoch 094]  average training loss: 5178.8254
cellbender:remove-background: [epoch 095]  average training loss: 5179.6988
cellbender:remove-background: [epoch 095] average test loss: 5179.3325
cellbender:remove-background: [epoch 096]  average training loss: 5181.3017
cellbender:remove-background: [epoch 097]  average training loss: 5180.6475
cellbender:remove-background: [epoch 098]  average training loss: 5182.0125
cellbender:remove-background: [epoch 099]  average training loss: 5180.2394
cellbender:remove-background: [epoch 100]  average training loss: 5180.0457
cellbender:remove-background: [epoch 100] average test loss: 5185.8174
cellbender:remove-background: [epoch 101]  average training loss: 5175.6583
cellbender:remove-background: [epoch 102]  average training loss: 5179.5883
cellbender:remove-background: [epoch 103]  average training loss: 5179.5885
cellbender:remove-background: [epoch 104]  average training loss: 5180.6621
cellbender:remove-background: [epoch 105]  average training loss: 5177.4333
cellbender:remove-background: [epoch 105] average test loss: 5178.9059
cellbender:remove-background: [epoch 106]  average training loss: 5176.5819
cellbender:remove-background: [epoch 107]  average training loss: 5175.7237
cellbender:remove-background: [epoch 108]  average training loss: 5181.2622
cellbender:remove-background: [epoch 109]  average training loss: 5178.8647
cellbender:remove-background: [epoch 110]  average training loss: 5177.0862
cellbender:remove-background: [epoch 110] average test loss: 5212.2356
cellbender:remove-background: [epoch 111]  average training loss: 5177.5696
cellbender:remove-background: [epoch 112]  average training loss: 5177.4667
cellbender:remove-background: [epoch 113]  average training loss: 5176.3288
cellbender:remove-background: [epoch 114]  average training loss: 5176.7523
cellbender:remove-background: [epoch 115]  average training loss: 5172.9241
cellbender:remove-background: [epoch 115] average test loss: 5188.1530
cellbender:remove-background: [epoch 116]  average training loss: 5175.4831
cellbender:remove-background: [epoch 117]  average training loss: 5177.5660
cellbender:remove-background: [epoch 118]  average training loss: 5175.6382
cellbender:remove-background: [epoch 119]  average training loss: 5175.8323
cellbender:remove-background: [epoch 120]  average training loss: 5173.1940
cellbender:remove-background: [epoch 120] average test loss: 5194.5848
cellbender:remove-background: [epoch 121]  average training loss: 5179.0888
cellbender:remove-background: [epoch 122]  average training loss: 5177.4620
cellbender:remove-background: [epoch 123]  average training loss: 5172.6283
cellbender:remove-background: [epoch 124]  average training loss: 5175.8160
cellbender:remove-background: [epoch 125]  average training loss: 5173.3319
cellbender:remove-background: [epoch 125] average test loss: 5181.2066
cellbender:remove-background: [epoch 126]  average training loss: 5170.9891
cellbender:remove-background: [epoch 127]  average training loss: 5170.6824
cellbender:remove-background: [epoch 128]  average training loss: 5173.6101
cellbender:remove-background: [epoch 129]  average training loss: 5174.5361
cellbender:remove-background: [epoch 130]  average training loss: 5170.5131
cellbender:remove-background: [epoch 130] average test loss: 5188.8145
cellbender:remove-background: [epoch 131]  average training loss: 5170.7616
cellbender:remove-background: [epoch 132]  average training loss: 5169.4242
cellbender:remove-background: [epoch 133]  average training loss: 5170.8708
cellbender:remove-background: [epoch 134]  average training loss: 5170.5860
cellbender:remove-background: [epoch 135]  average training loss: 5170.9422
cellbender:remove-background: [epoch 135] average test loss: 5189.8176
cellbender:remove-background: [epoch 136]  average training loss: 5169.1804
cellbender:remove-background: [epoch 137]  average training loss: 5170.2094
cellbender:remove-background: [epoch 138]  average training loss: 5171.1101
cellbender:remove-background: [epoch 139]  average training loss: 5170.3536
cellbender:remove-background: [epoch 140]  average training loss: 5172.1081
cellbender:remove-background: [epoch 140] average test loss: 5193.4606
cellbender:remove-background: [epoch 141]  average training loss: 5168.8516
cellbender:remove-background: [epoch 142]  average training loss: 5169.7967
cellbender:remove-background: [epoch 143]  average training loss: 5167.6334
cellbender:remove-background: [epoch 144]  average training loss: 5169.3279
cellbender:remove-background: Saving a checkpoint...
cellbender:remove-background: Saved checkpoint as /weka/scratch/scratch/Mon/mabdel03/Tsai_Data/Cellbender_Outputs/15844425/ckpt.tar.gz
cellbender:remove-background: [epoch 145]  average training loss: 5168.6023
cellbender:remove-background: [epoch 145] average test loss: 5187.4243
cellbender:remove-background: [epoch 146]  average training loss: 5167.1324
cellbender:remove-background: [epoch 147]  average training loss: 5166.6376
cellbender:remove-background: [epoch 148]  average training loss: 5167.4111
cellbender:remove-background: [epoch 149]  average training loss: 5168.4133
cellbender:remove-background: [epoch 150]  average training loss: 5167.8785
cellbender:remove-background: [epoch 150] average test loss: 5189.6528
cellbender:remove-background: Saving a checkpoint...
cellbender:remove-background: Saved checkpoint as /weka/scratch/scratch/Mon/mabdel03/Tsai_Data/Cellbender_Outputs/15844425/ckpt.tar.gz
cellbender:remove-background: 2026-01-31 19:50:47
cellbender:remove-background: Inference procedure complete.
cellbender:remove-background: Attempting to unpack tarball "ckpt.tar.gz" to /tmp/tmpgpf2ydo_
cellbender:remove-background: Successfully unpacked tarball to /tmp/tmpgpf2ydo_
/tmp/tmpgpf2ydo_/ec4a2c7ed3_random.pyro
/tmp/tmpgpf2ydo_/ec4a2c7ed3_random.cuda
/tmp/tmpgpf2ydo_/ec4a2c7ed3_model.torch
/tmp/tmpgpf2ydo_/ec4a2c7ed3_optim.torch
/tmp/tmpgpf2ydo_/ec4a2c7ed3_optim.pyro
/tmp/tmpgpf2ydo_/ec4a2c7ed3_params.pyro
/tmp/tmpgpf2ydo_/ec4a2c7ed3_train.loaderstate
/tmp/tmpgpf2ydo_/ec4a2c7ed3_test.loaderstate
/tmp/tmpgpf2ydo_/ec4a2c7ed3_args.npy
cellbender:remove-background: Posterior not currently included in checkpoint.
cellbender:remove-background: Computing posterior noise count probabilities in mini-batches.
cellbender:remove-background: Working on chunk (1/103)
cellbender:remove-background:     [0.04 mins per chunk]
cellbender:remove-background: Working on chunk (2/103)
cellbender:remove-background: Working on chunk (3/103)
cellbender:remove-background: Working on chunk (4/103)
cellbender:remove-background: Working on chunk (5/103)
cellbender:remove-background: Working on chunk (6/103)
cellbender:remove-background: Working on chunk (7/103)
cellbender:remove-background: Working on chunk (8/103)
cellbender:remove-background: Working on chunk (9/103)
cellbender:remove-background: Working on chunk (10/103)
cellbender:remove-background: Working on chunk (11/103)
cellbender:remove-background: Working on chunk (12/103)
cellbender:remove-background: Working on chunk (13/103)
cellbender:remove-background: Working on chunk (14/103)
cellbender:remove-background: Working on chunk (15/103)
cellbender:remove-background: Working on chunk (16/103)
cellbender:remove-background: Working on chunk (17/103)
cellbender:remove-background: Working on chunk (18/103)
cellbender:remove-background: Working on chunk (19/103)
cellbender:remove-background: Working on chunk (20/103)
cellbender:remove-background: Working on chunk (21/103)
cellbender:remove-background: Working on chunk (22/103)
cellbender:remove-background: Working on chunk (23/103)
cellbender:remove-background: Working on chunk (24/103)
cellbender:remove-background: Working on chunk (25/103)
cellbender:remove-background: Working on chunk (26/103)
cellbender:remove-background: Working on chunk (27/103)
cellbender:remove-background: Working on chunk (28/103)
cellbender:remove-background: Working on chunk (29/103)
cellbender:remove-background: Working on chunk (30/103)
cellbender:remove-background: Working on chunk (31/103)
cellbender:remove-background: Working on chunk (32/103)
cellbender:remove-background: Working on chunk (33/103)
cellbender:remove-background: Working on chunk (34/103)
cellbender:remove-background: Working on chunk (35/103)
cellbender:remove-background: Working on chunk (36/103)
cellbender:remove-background: Working on chunk (37/103)
cellbender:remove-background: Working on chunk (38/103)
cellbender:remove-background: Working on chunk (39/103)
cellbender:remove-background: Working on chunk (40/103)
cellbender:remove-background: Working on chunk (41/103)
cellbender:remove-background: Working on chunk (42/103)
cellbender:remove-background: Working on chunk (43/103)
cellbender:remove-background: Working on chunk (44/103)
cellbender:remove-background: Working on chunk (45/103)
cellbender:remove-background: Working on chunk (46/103)
cellbender:remove-background: Working on chunk (47/103)
cellbender:remove-background: Working on chunk (48/103)
cellbender:remove-background: Working on chunk (49/103)
cellbender:remove-background: Working on chunk (50/103)
cellbender:remove-background: Working on chunk (51/103)
cellbender:remove-background: Working on chunk (52/103)
cellbender:remove-background: Working on chunk (53/103)
cellbender:remove-background: Working on chunk (54/103)
cellbender:remove-background: Working on chunk (55/103)
cellbender:remove-background: Working on chunk (56/103)
cellbender:remove-background: Working on chunk (57/103)
cellbender:remove-background: Working on chunk (58/103)
cellbender:remove-background: Working on chunk (59/103)
cellbender:remove-background: Working on chunk (60/103)
cellbender:remove-background: Working on chunk (61/103)
cellbender:remove-background: Working on chunk (62/103)
cellbender:remove-background: Working on chunk (63/103)
cellbender:remove-background: Working on chunk (64/103)
cellbender:remove-background: Working on chunk (65/103)
cellbender:remove-background: Working on chunk (66/103)
cellbender:remove-background: Working on chunk (67/103)
cellbender:remove-background: Working on chunk (68/103)
cellbender:remove-background: Working on chunk (69/103)
cellbender:remove-background: Working on chunk (70/103)
cellbender:remove-background: Working on chunk (71/103)
cellbender:remove-background: Working on chunk (72/103)
cellbender:remove-background: Working on chunk (73/103)
cellbender:remove-background: Working on chunk (74/103)
cellbender:remove-background: Working on chunk (75/103)
cellbender:remove-background: Working on chunk (76/103)
cellbender:remove-background: Working on chunk (77/103)
cellbender:remove-background: Working on chunk (78/103)
cellbender:remove-background: Working on chunk (79/103)
cellbender:remove-background: Working on chunk (80/103)
cellbender:remove-background: Working on chunk (81/103)
cellbender:remove-background: Working on chunk (82/103)
cellbender:remove-background: Working on chunk (83/103)
cellbender:remove-background: Working on chunk (84/103)
cellbender:remove-background: Working on chunk (85/103)
cellbender:remove-background: Working on chunk (86/103)
cellbender:remove-background: Working on chunk (87/103)
cellbender:remove-background: Working on chunk (88/103)
cellbender:remove-background: Working on chunk (89/103)
cellbender:remove-background: Working on chunk (90/103)
cellbender:remove-background: Working on chunk (91/103)
cellbender:remove-background: Working on chunk (92/103)
cellbender:remove-background: Working on chunk (93/103)
cellbender:remove-background: Working on chunk (94/103)
cellbender:remove-background: Working on chunk (95/103)
cellbender:remove-background: Working on chunk (96/103)
cellbender:remove-background: Working on chunk (97/103)
cellbender:remove-background: Working on chunk (98/103)
cellbender:remove-background: Working on chunk (99/103)
cellbender:remove-background: Working on chunk (100/103)
cellbender:remove-background: Working on chunk (101/103)
cellbender:remove-background: Working on chunk (102/103)
cellbender:remove-background: Working on chunk (103/103)
cellbender:remove-background: Writing full posterior to /om/scratch/Mon/mabdel03/Tsai_Data/Cellbender_Outputs/15844425/processed_feature_bc_matrix_posterior.h5
cellbender:remove-background: Succeeded in writing posterior to file /om/scratch/Mon/mabdel03/Tsai_Data/Cellbender_Outputs/15844425/processed_feature_bc_matrix_posterior.h5
cellbender:remove-background: Added posterior object to checkpoint file.
cellbender:remove-background: 2026-01-31 19:57:48

cellbender:remove-background: Saved summary plots as /om/scratch/Mon/mabdel03/Tsai_Data/Cellbender_Outputs/15844425/processed_feature_bc_matrix.pdf
cellbender:remove-background: Saved cell barcodes in /om/scratch/Mon/mabdel03/Tsai_Data/Cellbender_Outputs/15844425/processed_feature_bc_matrix_cell_barcodes.csv
cellbender:remove-background: Computing target noise counts per gene for MCKP estimator
cellbender:remove-background: Using MCKP noise targets computed for FPR 0.0
cellbender:remove-background: Computing denoised counts using mckp estimator
cellbender:remove-background: Working on chunk (1/7)
cellbender:remove-background:     [2.98 mins per chunk]
cellbender:remove-background: Working on chunk (2/7)
cellbender:remove-background: Working on chunk (3/7)
cellbender:remove-background: Working on chunk (4/7)
cellbender:remove-background: Working on chunk (5/7)
cellbender:remove-background: Working on chunk (6/7)
cellbender:remove-background: Working on chunk (7/7)
cellbender:remove-background: 2026-01-31 20:20:05 Total MCKP estimation time = 1263.44 sec
cellbender:remove-background: Succeeded in writing CellRanger format output to file /om/scratch/Mon/mabdel03/Tsai_Data/Cellbender_Outputs/15844425/processed_feature_bc_matrix.h5
cellbender:remove-background: Succeeded in writing CellRanger format output to file /om/scratch/Mon/mabdel03/Tsai_Data/Cellbender_Outputs/15844425/processed_feature_bc_matrix_filtered.h5
cellbender:remove-background: Saved output metrics as /om/scratch/Mon/mabdel03/Tsai_Data/Cellbender_Outputs/15844425/processed_feature_bc_matrix_metrics.csv
[NbConvertApp] Converting notebook tmp.report.ipynb to notebook
[NbConvertApp] Writing 540697 bytes to tmp.report.nbconvert.ipynb
[NbConvertApp] Converting notebook tmp.report.nbconvert.ipynb to html
[NbConvertApp] Writing 1115384 bytes to tmp.report.nbconvert.html
cellbender:remove-background: Succeeded in writing report to /om/scratch/Mon/mabdel03/Tsai_Data/Cellbender_Outputs/15844425/processed_feature_bc_matrix_report.html
cellbender:remove-background: Completed remove-background.
cellbender:remove-background: 2026-01-31 20:21:03

