cellbender:remove-background: Command:
cellbender remove-background --cuda --input /tmp/cellbender_44650102_110/raw_feature_bc_matrix.h5 --fpr 0 --output /om/scratch/Mon/mabdel03/Tsai_Data/Cellbender_Outputs/20170043/processed_feature_bc_matrix.h5
cellbender:remove-background: CellBender 0.3.0
cellbender:remove-background: (Workflow hash b9fce49edb)
cellbender:remove-background: 2026-01-31 20:18:52
cellbender:remove-background: Running remove-background
cellbender:remove-background: Loading data from /tmp/cellbender_44650102_110/raw_feature_bc_matrix.h5
cellbender:remove-background: CellRanger v3 format
cellbender:remove-background: Features in dataset: 36601 Gene Expression
cellbender:remove-background: Trimming features for inference.
cellbender:remove-background: 26537 features have nonzero counts.
cellbender:remove-background: Prior on counts for cells is 2241
cellbender:remove-background: Prior on counts for empty droplets is 66
cellbender:remove-background: Excluding 6410 features that are estimated to have <= 0.1 background counts in cells.
cellbender:remove-background: Including 20127 features in the analysis.
cellbender:remove-background: Trimming barcodes for inference.
cellbender:remove-background: Excluding barcodes with counts below 33
cellbender:remove-background: Using 1552 probable cell barcodes, plus an additional 7333 barcodes, and 47009 empty droplets.
cellbender:remove-background: Largest surely-empty droplet has 93 UMI counts.
cellbender:remove-background: Attempting to unpack tarball "ckpt.tar.gz" to /tmp/tmp74t9482p
cellbender:remove-background: No saved checkpoint.
cellbender:remove-background: No checkpoint loaded.
cellbender:remove-background: Running inference...
cellbender:remove-background: [epoch 001]  average training loss: 2925.6758
cellbender:remove-background: [epoch 002]  average training loss: 2748.7932  (3.0 seconds per epoch)
cellbender:remove-background: Will checkpoint every 141 epochs
cellbender:remove-background: [epoch 003]  average training loss: 2610.9831
cellbender:remove-background: [epoch 004]  average training loss: 2441.0129
cellbender:remove-background: [epoch 005]  average training loss: 2323.9040
cellbender:remove-background: [epoch 005] average test loss: 2501.0721
cellbender:remove-background: [epoch 006]  average training loss: 2198.1884
cellbender:remove-background: [epoch 007]  average training loss: 2062.2030
cellbender:remove-background: [epoch 008]  average training loss: 1960.7604
cellbender:remove-background: [epoch 009]  average training loss: 1890.0917
cellbender:remove-background: [epoch 010]  average training loss: 1873.0500
cellbender:remove-background: [epoch 010] average test loss: 1887.0405
cellbender:remove-background: [epoch 011]  average training loss: 1872.5830
cellbender:remove-background: [epoch 012]  average training loss: 1863.8127
cellbender:remove-background: [epoch 013]  average training loss: 1858.9614
cellbender:remove-background: [epoch 014]  average training loss: 1854.5165
cellbender:remove-background: [epoch 015]  average training loss: 1857.9990
cellbender:remove-background: [epoch 015] average test loss: 1860.4772
cellbender:remove-background: [epoch 016]  average training loss: 1852.1717
cellbender:remove-background: [epoch 017]  average training loss: 1839.7044
cellbender:remove-background: [epoch 018]  average training loss: 1836.5140
cellbender:remove-background: [epoch 019]  average training loss: 1817.2058
cellbender:remove-background: [epoch 020]  average training loss: 1809.7850
cellbender:remove-background: [epoch 020] average test loss: 1818.1017
cellbender:remove-background: [epoch 021]  average training loss: 1804.0066
cellbender:remove-background: [epoch 022]  average training loss: 1800.3056
cellbender:remove-background: [epoch 023]  average training loss: 1802.4503
cellbender:remove-background: [epoch 024]  average training loss: 1797.8137
cellbender:remove-background: [epoch 025]  average training loss: 1797.1705
cellbender:remove-background: [epoch 025] average test loss: 1805.8394
cellbender:remove-background: [epoch 026]  average training loss: 1798.2001
cellbender:remove-background: [epoch 027]  average training loss: 1796.6099
cellbender:remove-background: [epoch 028]  average training loss: 1795.8150
cellbender:remove-background: [epoch 029]  average training loss: 1794.1526
cellbender:remove-background: [epoch 030]  average training loss: 1793.8241
cellbender:remove-background: [epoch 030] average test loss: 1806.7263
cellbender:remove-background: [epoch 031]  average training loss: 1795.0142
cellbender:remove-background: [epoch 032]  average training loss: 1791.5230
cellbender:remove-background: [epoch 033]  average training loss: 1793.7615
cellbender:remove-background: [epoch 034]  average training loss: 1791.3861
cellbender:remove-background: [epoch 035]  average training loss: 1790.6898
cellbender:remove-background: [epoch 035] average test loss: 1827.8096
cellbender:remove-background: [epoch 036]  average training loss: 1791.3969
cellbender:remove-background: [epoch 037]  average training loss: 1791.3463
cellbender:remove-background: [epoch 038]  average training loss: 1789.8153
cellbender:remove-background: [epoch 039]  average training loss: 1788.9393
cellbender:remove-background: [epoch 040]  average training loss: 1789.6372
cellbender:remove-background: [epoch 040] average test loss: 1805.2752
cellbender:remove-background: [epoch 041]  average training loss: 1786.3586
cellbender:remove-background: [epoch 042]  average training loss: 1785.7961
cellbender:remove-background: [epoch 043]  average training loss: 1789.3089
cellbender:remove-background: [epoch 044]  average training loss: 1786.7919
cellbender:remove-background: [epoch 045]  average training loss: 1785.9478
cellbender:remove-background: [epoch 045] average test loss: 1802.5425
cellbender:remove-background: [epoch 046]  average training loss: 1786.9701
cellbender:remove-background: [epoch 047]  average training loss: 1784.0360
cellbender:remove-background: [epoch 048]  average training loss: 1786.3558
cellbender:remove-background: [epoch 049]  average training loss: 1782.3138
cellbender:remove-background: [epoch 050]  average training loss: 1783.0386
cellbender:remove-background: [epoch 050] average test loss: 1798.2948
cellbender:remove-background: [epoch 051]  average training loss: 1781.9909
cellbender:remove-background: [epoch 052]  average training loss: 1785.7737
cellbender:remove-background: [epoch 053]  average training loss: 1784.3509
cellbender:remove-background: [epoch 054]  average training loss: 1781.2100
cellbender:remove-background: [epoch 055]  average training loss: 1781.5937
cellbender:remove-background: [epoch 055] average test loss: 1806.1005
cellbender:remove-background: [epoch 056]  average training loss: 1783.9480
cellbender:remove-background: [epoch 057]  average training loss: 1787.7888
cellbender:remove-background: [epoch 058]  average training loss: 1784.3171
cellbender:remove-background: [epoch 059]  average training loss: 1782.9136
cellbender:remove-background: [epoch 060]  average training loss: 1789.5561
cellbender:remove-background: [epoch 060] average test loss: 1798.5642
cellbender:remove-background: [epoch 061]  average training loss: 1784.1629
cellbender:remove-background: [epoch 062]  average training loss: 1783.2359
cellbender:remove-background: [epoch 063]  average training loss: 1785.3701
cellbender:remove-background: [epoch 064]  average training loss: 1784.4628
cellbender:remove-background: [epoch 065]  average training loss: 1780.8684
cellbender:remove-background: [epoch 065] average test loss: 1793.4498
cellbender:remove-background: [epoch 066]  average training loss: 1785.5547
cellbender:remove-background: [epoch 067]  average training loss: 1783.1529
cellbender:remove-background: [epoch 068]  average training loss: 1783.5041
cellbender:remove-background: [epoch 069]  average training loss: 1785.4632
cellbender:remove-background: [epoch 070]  average training loss: 1785.9048
cellbender:remove-background: [epoch 070] average test loss: 1802.1047
cellbender:remove-background: [epoch 071]  average training loss: 1779.6114
cellbender:remove-background: [epoch 072]  average training loss: 1783.9370
cellbender:remove-background: [epoch 073]  average training loss: 1778.1891
cellbender:remove-background: [epoch 074]  average training loss: 1778.6481
cellbender:remove-background: [epoch 075]  average training loss: 1782.0433
cellbender:remove-background: [epoch 075] average test loss: 1804.1910
cellbender:remove-background: [epoch 076]  average training loss: 1784.2674
cellbender:remove-background: [epoch 077]  average training loss: 1779.3380
cellbender:remove-background: [epoch 078]  average training loss: 1777.6665
cellbender:remove-background: [epoch 079]  average training loss: 1777.3985
cellbender:remove-background: [epoch 080]  average training loss: 1775.4917
cellbender:remove-background: [epoch 080] average test loss: 1791.9838
cellbender:remove-background: [epoch 081]  average training loss: 1776.3541
cellbender:remove-background: [epoch 082]  average training loss: 1779.2944
cellbender:remove-background: [epoch 083]  average training loss: 1776.1893
cellbender:remove-background: [epoch 084]  average training loss: 1772.9786
cellbender:remove-background: [epoch 085]  average training loss: 1773.8265
cellbender:remove-background: [epoch 085] average test loss: 1790.9376
cellbender:remove-background: [epoch 086]  average training loss: 1769.7137
cellbender:remove-background: [epoch 087]  average training loss: 1770.9348
cellbender:remove-background: [epoch 088]  average training loss: 1771.9966
cellbender:remove-background: [epoch 089]  average training loss: 1767.0006
cellbender:remove-background: [epoch 090]  average training loss: 1771.6281
cellbender:remove-background: [epoch 090] average test loss: 1793.2906
cellbender:remove-background: [epoch 091]  average training loss: 1775.2128
cellbender:remove-background: [epoch 092]  average training loss: 1766.9048
cellbender:remove-background: [epoch 093]  average training loss: 1769.6483
cellbender:remove-background: [epoch 094]  average training loss: 1766.6527
cellbender:remove-background: [epoch 095]  average training loss: 1770.6871
cellbender:remove-background: [epoch 095] average test loss: 1790.6432
cellbender:remove-background: [epoch 096]  average training loss: 1766.6465
cellbender:remove-background: [epoch 097]  average training loss: 1763.9788
cellbender:remove-background: [epoch 098]  average training loss: 1768.1432
cellbender:remove-background: [epoch 099]  average training loss: 1758.9963
cellbender:remove-background: [epoch 100]  average training loss: 1762.7375
cellbender:remove-background: [epoch 100] average test loss: 1789.1233
cellbender:remove-background: [epoch 101]  average training loss: 1766.0094
cellbender:remove-background: [epoch 102]  average training loss: 1764.3385
cellbender:remove-background: [epoch 103]  average training loss: 1764.4810
cellbender:remove-background: [epoch 104]  average training loss: 1767.1409
cellbender:remove-background: [epoch 105]  average training loss: 1760.8529
cellbender:remove-background: [epoch 105] average test loss: 1779.6866
cellbender:remove-background: [epoch 106]  average training loss: 1760.9246
cellbender:remove-background: [epoch 107]  average training loss: 1761.4483
cellbender:remove-background: [epoch 108]  average training loss: 1767.3954
cellbender:remove-background: [epoch 109]  average training loss: 1757.6001
cellbender:remove-background: [epoch 110]  average training loss: 1762.7678
cellbender:remove-background: [epoch 110] average test loss: 1791.1626
cellbender:remove-background: [epoch 111]  average training loss: 1761.6328
cellbender:remove-background: [epoch 112]  average training loss: 1764.8079
cellbender:remove-background: [epoch 113]  average training loss: 1766.9355
cellbender:remove-background: [epoch 114]  average training loss: 1758.8142
cellbender:remove-background: [epoch 115]  average training loss: 1760.8041
cellbender:remove-background: [epoch 115] average test loss: 1794.4370
cellbender:remove-background: [epoch 116]  average training loss: 1758.8634
cellbender:remove-background: [epoch 117]  average training loss: 1760.9469
cellbender:remove-background: [epoch 118]  average training loss: 1762.5534
cellbender:remove-background: [epoch 119]  average training loss: 1761.8500
cellbender:remove-background: [epoch 120]  average training loss: 1761.5252
cellbender:remove-background: [epoch 120] average test loss: 1788.6605
cellbender:remove-background: [epoch 121]  average training loss: 1760.7250
cellbender:remove-background: [epoch 122]  average training loss: 1758.9919
cellbender:remove-background: [epoch 123]  average training loss: 1763.6437
cellbender:remove-background: [epoch 124]  average training loss: 1757.3258
cellbender:remove-background: [epoch 125]  average training loss: 1758.4564
cellbender:remove-background: [epoch 125] average test loss: 1785.0208
cellbender:remove-background: [epoch 126]  average training loss: 1760.1700
cellbender:remove-background: [epoch 127]  average training loss: 1760.3437
cellbender:remove-background: [epoch 128]  average training loss: 1756.7883
cellbender:remove-background: [epoch 129]  average training loss: 1757.2168
cellbender:remove-background: [epoch 130]  average training loss: 1757.1995
cellbender:remove-background: [epoch 130] average test loss: 1795.5248
cellbender:remove-background: [epoch 131]  average training loss: 1759.5956
cellbender:remove-background: [epoch 132]  average training loss: 1756.7723
cellbender:remove-background: [epoch 133]  average training loss: 1759.1589
cellbender:remove-background: [epoch 134]  average training loss: 1758.2850
cellbender:remove-background: [epoch 135]  average training loss: 1758.8835
cellbender:remove-background: [epoch 135] average test loss: 1788.4922
cellbender:remove-background: [epoch 136]  average training loss: 1756.8314
cellbender:remove-background: [epoch 137]  average training loss: 1757.2312
cellbender:remove-background: [epoch 138]  average training loss: 1757.9990
cellbender:remove-background: [epoch 139]  average training loss: 1755.1938
cellbender:remove-background: [epoch 140]  average training loss: 1757.7140
cellbender:remove-background: [epoch 140] average test loss: 1789.5727
cellbender:remove-background: [epoch 141]  average training loss: 1758.4283
cellbender:remove-background: Saving a checkpoint...
cellbender:remove-background: Saved checkpoint as /weka/scratch/scratch/Mon/mabdel03/Tsai_Data/Cellbender_Outputs/20170043/ckpt.tar.gz
cellbender:remove-background: [epoch 142]  average training loss: 1758.3634
cellbender:remove-background: [epoch 143]  average training loss: 1758.4198
cellbender:remove-background: [epoch 144]  average training loss: 1756.6689
cellbender:remove-background: [epoch 145]  average training loss: 1757.5556
cellbender:remove-background: [epoch 145] average test loss: 1792.5558
cellbender:remove-background: [epoch 146]  average training loss: 1757.8806
cellbender:remove-background: [epoch 147]  average training loss: 1757.6456
cellbender:remove-background: [epoch 148]  average training loss: 1757.4154
cellbender:remove-background: [epoch 149]  average training loss: 1757.3252
cellbender:remove-background: [epoch 150]  average training loss: 1759.2041
cellbender:remove-background: [epoch 150] average test loss: 1789.8785
cellbender:remove-background: Saving a checkpoint...
cellbender:remove-background: Saved checkpoint as /weka/scratch/scratch/Mon/mabdel03/Tsai_Data/Cellbender_Outputs/20170043/ckpt.tar.gz
cellbender:remove-background: 2026-01-31 20:28:42
cellbender:remove-background: Inference procedure complete.
cellbender:remove-background: Attempting to unpack tarball "ckpt.tar.gz" to /tmp/tmpu2epssfx
cellbender:remove-background: Successfully unpacked tarball to /tmp/tmpu2epssfx
/tmp/tmpu2epssfx/b9fce49edb_random.pyro
/tmp/tmpu2epssfx/b9fce49edb_random.cuda
/tmp/tmpu2epssfx/b9fce49edb_model.torch
/tmp/tmpu2epssfx/b9fce49edb_optim.torch
/tmp/tmpu2epssfx/b9fce49edb_optim.pyro
/tmp/tmpu2epssfx/b9fce49edb_params.pyro
/tmp/tmpu2epssfx/b9fce49edb_train.loaderstate
/tmp/tmpu2epssfx/b9fce49edb_test.loaderstate
/tmp/tmpu2epssfx/b9fce49edb_args.npy
cellbender:remove-background: Posterior not currently included in checkpoint.
cellbender:remove-background: Computing posterior noise count probabilities in mini-batches.
cellbender:remove-background: Working on chunk (1/26)
cellbender:remove-background:     [0.03 mins per chunk]
cellbender:remove-background: Working on chunk (2/26)
cellbender:remove-background: Working on chunk (3/26)
cellbender:remove-background: Working on chunk (4/26)
cellbender:remove-background: Working on chunk (5/26)
cellbender:remove-background: Working on chunk (6/26)
cellbender:remove-background: Working on chunk (7/26)
cellbender:remove-background: Working on chunk (8/26)
cellbender:remove-background: Working on chunk (9/26)
cellbender:remove-background: Working on chunk (10/26)
cellbender:remove-background: Working on chunk (11/26)
cellbender:remove-background: Working on chunk (12/26)
cellbender:remove-background: Working on chunk (13/26)
cellbender:remove-background: Working on chunk (14/26)
cellbender:remove-background: Working on chunk (15/26)
cellbender:remove-background: Working on chunk (16/26)
cellbender:remove-background: Working on chunk (17/26)
cellbender:remove-background: Working on chunk (18/26)
cellbender:remove-background: Working on chunk (19/26)
cellbender:remove-background: Working on chunk (20/26)
cellbender:remove-background: Working on chunk (21/26)
cellbender:remove-background: Working on chunk (22/26)
cellbender:remove-background: Working on chunk (23/26)
cellbender:remove-background: Working on chunk (24/26)
cellbender:remove-background: Working on chunk (25/26)
cellbender:remove-background: Working on chunk (26/26)
cellbender:remove-background: Writing full posterior to /om/scratch/Mon/mabdel03/Tsai_Data/Cellbender_Outputs/20170043/processed_feature_bc_matrix_posterior.h5
cellbender:remove-background: Succeeded in writing posterior to file /om/scratch/Mon/mabdel03/Tsai_Data/Cellbender_Outputs/20170043/processed_feature_bc_matrix_posterior.h5
cellbender:remove-background: Added posterior object to checkpoint file.
cellbender:remove-background: 2026-01-31 20:31:11

cellbender:remove-background: Saved summary plots as /om/scratch/Mon/mabdel03/Tsai_Data/Cellbender_Outputs/20170043/processed_feature_bc_matrix.pdf
cellbender:remove-background: Saved cell barcodes in /om/scratch/Mon/mabdel03/Tsai_Data/Cellbender_Outputs/20170043/processed_feature_bc_matrix_cell_barcodes.csv
cellbender:remove-background: Computing target noise counts per gene for MCKP estimator
cellbender:remove-background: Using MCKP noise targets computed for FPR 0.0
cellbender:remove-background: Computing denoised counts using mckp estimator
cellbender:remove-background: Working on chunk (1/7)
cellbender:remove-background:     [0.42 mins per chunk]
cellbender:remove-background: Working on chunk (2/7)
cellbender:remove-background: Working on chunk (3/7)
cellbender:remove-background: Working on chunk (4/7)
cellbender:remove-background: Working on chunk (5/7)
cellbender:remove-background: Working on chunk (6/7)
cellbender:remove-background: Working on chunk (7/7)
cellbender:remove-background: 2026-01-31 20:34:16 Total MCKP estimation time = 176.95 sec
cellbender:remove-background: Succeeded in writing CellRanger format output to file /om/scratch/Mon/mabdel03/Tsai_Data/Cellbender_Outputs/20170043/processed_feature_bc_matrix.h5
cellbender:remove-background: Succeeded in writing CellRanger format output to file /om/scratch/Mon/mabdel03/Tsai_Data/Cellbender_Outputs/20170043/processed_feature_bc_matrix_filtered.h5
cellbender:remove-background: Saved output metrics as /om/scratch/Mon/mabdel03/Tsai_Data/Cellbender_Outputs/20170043/processed_feature_bc_matrix_metrics.csv
[NbConvertApp] Converting notebook tmp.report.ipynb to notebook
[NbConvertApp] Writing 445538 bytes to tmp.report.nbconvert.ipynb
[NbConvertApp] Converting notebook tmp.report.nbconvert.ipynb to html
[NbConvertApp] Writing 1020225 bytes to tmp.report.nbconvert.html
cellbender:remove-background: Succeeded in writing report to /om/scratch/Mon/mabdel03/Tsai_Data/Cellbender_Outputs/20170043/processed_feature_bc_matrix_report.html
cellbender:remove-background: Completed remove-background.
cellbender:remove-background: 2026-01-31 20:34:38

