cellbender:remove-background: Command:
cellbender remove-background --cuda --input /tmp/cellbender_44651471_188/raw_feature_bc_matrix.h5 --fpr 0 --output /om/scratch/Mon/mabdel03/Tsai_Data/Cellbender_Outputs/21126823/processed_feature_bc_matrix.h5
cellbender:remove-background: CellBender 0.3.0
cellbender:remove-background: (Workflow hash b06db9d7ad)
cellbender:remove-background: 2026-01-31 23:34:13
cellbender:remove-background: Running remove-background
cellbender:remove-background: Loading data from /tmp/cellbender_44651471_188/raw_feature_bc_matrix.h5
cellbender:remove-background: CellRanger v3 format
cellbender:remove-background: Features in dataset: 36601 Gene Expression
cellbender:remove-background: Trimming features for inference.
cellbender:remove-background: 28033 features have nonzero counts.
cellbender:remove-background: Prior on counts for cells is 5094
cellbender:remove-background: Prior on counts for empty droplets is 72
cellbender:remove-background: Excluding 7291 features that are estimated to have <= 0.1 background counts in cells.
cellbender:remove-background: Including 20742 features in the analysis.
cellbender:remove-background: Trimming barcodes for inference.
cellbender:remove-background: Excluding barcodes with counts below 36
cellbender:remove-background: Using 985 probable cell barcodes, plus an additional 5865 barcodes, and 54787 empty droplets.
cellbender:remove-background: Largest surely-empty droplet has 98 UMI counts.
cellbender:remove-background: Attempting to unpack tarball "ckpt.tar.gz" to /tmp/tmpas_oicu2
cellbender:remove-background: No saved checkpoint.
cellbender:remove-background: No checkpoint loaded.
cellbender:remove-background: Running inference...
cellbender:remove-background: [epoch 001]  average training loss: 4248.2802
cellbender:remove-background: [epoch 002]  average training loss: 3951.2063  (2.3 seconds per epoch)
cellbender:remove-background: Will not checkpoint due to projected run completion in under 7.0 min
cellbender:remove-background: [epoch 003]  average training loss: 3695.3903
cellbender:remove-background: [epoch 004]  average training loss: 3472.6456
cellbender:remove-background: [epoch 005]  average training loss: 3165.9491
cellbender:remove-background: [epoch 005] average test loss: 3717.4770
cellbender:remove-background: [epoch 006]  average training loss: 3050.0937
cellbender:remove-background: [epoch 007]  average training loss: 2867.0866
cellbender:remove-background: [epoch 008]  average training loss: 2833.8064
cellbender:remove-background: [epoch 009]  average training loss: 2720.9336
cellbender:remove-background: [epoch 010]  average training loss: 2678.8634
cellbender:remove-background: [epoch 010] average test loss: 2829.1894
cellbender:remove-background: [epoch 011]  average training loss: 2645.6827
cellbender:remove-background: [epoch 012]  average training loss: 2640.9190
cellbender:remove-background: [epoch 013]  average training loss: 2644.7302
cellbender:remove-background: [epoch 014]  average training loss: 2640.2073
cellbender:remove-background: [epoch 015]  average training loss: 2641.0617
cellbender:remove-background: [epoch 015] average test loss: 2769.4884
cellbender:remove-background: [epoch 016]  average training loss: 2628.1134
cellbender:remove-background: [epoch 017]  average training loss: 2632.4431
cellbender:remove-background: [epoch 018]  average training loss: 2617.7826
cellbender:remove-background: [epoch 019]  average training loss: 2633.4720
cellbender:remove-background: [epoch 020]  average training loss: 2624.3056
cellbender:remove-background: [epoch 020] average test loss: 2731.4306
cellbender:remove-background: [epoch 021]  average training loss: 2620.8680
cellbender:remove-background: [epoch 022]  average training loss: 2613.2085
cellbender:remove-background: [epoch 023]  average training loss: 2617.6293
cellbender:remove-background: [epoch 024]  average training loss: 2607.2843
cellbender:remove-background: [epoch 025]  average training loss: 2579.6540
cellbender:remove-background: [epoch 025] average test loss: 2673.3207
cellbender:remove-background: [epoch 026]  average training loss: 2559.9911
cellbender:remove-background: [epoch 027]  average training loss: 2554.0594
cellbender:remove-background: [epoch 028]  average training loss: 2548.6299
cellbender:remove-background: [epoch 029]  average training loss: 2548.4348
cellbender:remove-background: [epoch 030]  average training loss: 2550.3851
cellbender:remove-background: [epoch 030] average test loss: 2664.1215
cellbender:remove-background: [epoch 031]  average training loss: 2540.3172
cellbender:remove-background: [epoch 032]  average training loss: 2543.3727
cellbender:remove-background: [epoch 033]  average training loss: 2542.6516
cellbender:remove-background: [epoch 034]  average training loss: 2536.3580
cellbender:remove-background: [epoch 035]  average training loss: 2534.9955
cellbender:remove-background: [epoch 035] average test loss: 2644.8322
cellbender:remove-background: [epoch 036]  average training loss: 2534.2647
cellbender:remove-background: [epoch 037]  average training loss: 2534.2526
cellbender:remove-background: [epoch 038]  average training loss: 2530.3568
cellbender:remove-background: [epoch 039]  average training loss: 2532.3355
cellbender:remove-background: [epoch 040]  average training loss: 2528.5813
cellbender:remove-background: [epoch 040] average test loss: 2647.8375
cellbender:remove-background: [epoch 041]  average training loss: 2526.9553
cellbender:remove-background: [epoch 042]  average training loss: 2521.0048
cellbender:remove-background: [epoch 043]  average training loss: 2520.9833
cellbender:remove-background: [epoch 044]  average training loss: 2518.3887
cellbender:remove-background: [epoch 045]  average training loss: 2520.2999
cellbender:remove-background: [epoch 045] average test loss: 2615.0689
cellbender:remove-background: [epoch 046]  average training loss: 2514.3205
cellbender:remove-background: [epoch 047]  average training loss: 2512.5608
cellbender:remove-background: [epoch 048]  average training loss: 2510.2513
cellbender:remove-background: [epoch 049]  average training loss: 2507.3541
cellbender:remove-background: [epoch 050]  average training loss: 2503.7654
cellbender:remove-background: [epoch 050] average test loss: 2620.3934
cellbender:remove-background: [epoch 051]  average training loss: 2504.0474
cellbender:remove-background: [epoch 052]  average training loss: 2500.4657
cellbender:remove-background: [epoch 053]  average training loss: 2496.1532
cellbender:remove-background: [epoch 054]  average training loss: 2494.5690
cellbender:remove-background: [epoch 055]  average training loss: 2491.6313
cellbender:remove-background: [epoch 055] average test loss: 2602.8406
cellbender:remove-background: [epoch 056]  average training loss: 2494.1362
cellbender:remove-background: [epoch 057]  average training loss: 2492.0558
cellbender:remove-background: [epoch 058]  average training loss: 2491.7338
cellbender:remove-background: [epoch 059]  average training loss: 2487.2652
cellbender:remove-background: [epoch 060]  average training loss: 2485.5545
cellbender:remove-background: [epoch 060] average test loss: 2589.2831
cellbender:remove-background: [epoch 061]  average training loss: 2487.1760
cellbender:remove-background: [epoch 062]  average training loss: 2484.0284
cellbender:remove-background: [epoch 063]  average training loss: 2484.2510
cellbender:remove-background: [epoch 064]  average training loss: 2480.7091
cellbender:remove-background: [epoch 065]  average training loss: 2484.9576
cellbender:remove-background: [epoch 065] average test loss: 2594.2133
cellbender:remove-background: [epoch 066]  average training loss: 2481.2294
cellbender:remove-background: [epoch 067]  average training loss: 2480.7237
cellbender:remove-background: [epoch 068]  average training loss: 2482.5484
cellbender:remove-background: [epoch 069]  average training loss: 2482.4823
cellbender:remove-background: [epoch 070]  average training loss: 2479.3501
cellbender:remove-background: [epoch 070] average test loss: 2601.8093
cellbender:remove-background: [epoch 071]  average training loss: 2482.6035
cellbender:remove-background: [epoch 072]  average training loss: 2476.3653
cellbender:remove-background: [epoch 073]  average training loss: 2485.5901
cellbender:remove-background: [epoch 074]  average training loss: 2477.3809
cellbender:remove-background: [epoch 075]  average training loss: 2480.4435
cellbender:remove-background: [epoch 075] average test loss: 2593.2803
cellbender:remove-background: [epoch 076]  average training loss: 2479.8858
cellbender:remove-background: [epoch 077]  average training loss: 2480.0053
cellbender:remove-background: [epoch 078]  average training loss: 2483.6517
cellbender:remove-background: [epoch 079]  average training loss: 2480.1724
cellbender:remove-background: [epoch 080]  average training loss: 2482.2275
cellbender:remove-background: [epoch 080] average test loss: 2582.6374
cellbender:remove-background: [epoch 081]  average training loss: 2483.3699
cellbender:remove-background: [epoch 082]  average training loss: 2481.7695
cellbender:remove-background: [epoch 083]  average training loss: 2481.8853
cellbender:remove-background: [epoch 084]  average training loss: 2483.4332
cellbender:remove-background: [epoch 085]  average training loss: 2479.1414
cellbender:remove-background: [epoch 085] average test loss: 2582.1742
cellbender:remove-background: [epoch 086]  average training loss: 2478.6737
cellbender:remove-background: [epoch 087]  average training loss: 2477.8691
cellbender:remove-background: [epoch 088]  average training loss: 2474.8036
cellbender:remove-background: [epoch 089]  average training loss: 2484.4050
cellbender:remove-background: [epoch 090]  average training loss: 2482.1919
cellbender:remove-background: [epoch 090] average test loss: 2585.6117
cellbender:remove-background: [epoch 091]  average training loss: 2482.8724
cellbender:remove-background: [epoch 092]  average training loss: 2479.5642
cellbender:remove-background: [epoch 093]  average training loss: 2471.5268
cellbender:remove-background: [epoch 094]  average training loss: 2479.3962
cellbender:remove-background: [epoch 095]  average training loss: 2489.9580
cellbender:remove-background: [epoch 095] average test loss: 2586.1912
cellbender:remove-background: [epoch 096]  average training loss: 2485.0825
cellbender:remove-background: [epoch 097]  average training loss: 2479.8308
cellbender:remove-background: [epoch 098]  average training loss: 2476.9846
cellbender:remove-background: [epoch 099]  average training loss: 2469.8749
cellbender:remove-background: [epoch 100]  average training loss: 2478.6036
cellbender:remove-background: [epoch 100] average test loss: 2578.3332
cellbender:remove-background: [epoch 101]  average training loss: 2475.1749
cellbender:remove-background: [epoch 102]  average training loss: 2473.6073
cellbender:remove-background: [epoch 103]  average training loss: 2474.8314
cellbender:remove-background: [epoch 104]  average training loss: 2468.1125
cellbender:remove-background: [epoch 105]  average training loss: 2467.8390
cellbender:remove-background: [epoch 105] average test loss: 2579.6547
cellbender:remove-background: [epoch 106]  average training loss: 2468.2522
cellbender:remove-background: [epoch 107]  average training loss: 2468.7766
cellbender:remove-background: [epoch 108]  average training loss: 2475.4316
cellbender:remove-background: [epoch 109]  average training loss: 2468.0889
cellbender:remove-background: [epoch 110]  average training loss: 2474.9229
cellbender:remove-background: [epoch 110] average test loss: 2601.9335
cellbender:remove-background: [epoch 111]  average training loss: 2466.5517
cellbender:remove-background: [epoch 112]  average training loss: 2474.5857
cellbender:remove-background: [epoch 113]  average training loss: 2465.7017
cellbender:remove-background: [epoch 114]  average training loss: 2466.8917
cellbender:remove-background: [epoch 115]  average training loss: 2468.3314
cellbender:remove-background: [epoch 115] average test loss: 2578.2866
cellbender:remove-background: [epoch 116]  average training loss: 2463.4358
cellbender:remove-background: [epoch 117]  average training loss: 2463.4185
cellbender:remove-background: [epoch 118]  average training loss: 2464.7897
cellbender:remove-background: [epoch 119]  average training loss: 2470.2729
cellbender:remove-background: [epoch 120]  average training loss: 2462.2607
cellbender:remove-background: [epoch 120] average test loss: 2590.9281
cellbender:remove-background: [epoch 121]  average training loss: 2463.6393
cellbender:remove-background: [epoch 122]  average training loss: 2461.2439
cellbender:remove-background: [epoch 123]  average training loss: 2460.4307
cellbender:remove-background: [epoch 124]  average training loss: 2462.3613
cellbender:remove-background: [epoch 125]  average training loss: 2460.1200
cellbender:remove-background: [epoch 125] average test loss: 2573.7297
cellbender:remove-background: [epoch 126]  average training loss: 2459.1864
cellbender:remove-background: [epoch 127]  average training loss: 2455.0986
cellbender:remove-background: [epoch 128]  average training loss: 2458.2442
cellbender:remove-background: [epoch 129]  average training loss: 2456.5509
cellbender:remove-background: [epoch 130]  average training loss: 2453.7582
cellbender:remove-background: [epoch 130] average test loss: 2586.5070
cellbender:remove-background: [epoch 131]  average training loss: 2459.9412
cellbender:remove-background: [epoch 132]  average training loss: 2455.9928
cellbender:remove-background: [epoch 133]  average training loss: 2461.3714
cellbender:remove-background: [epoch 134]  average training loss: 2457.5489
cellbender:remove-background: [epoch 135]  average training loss: 2455.4627
cellbender:remove-background: [epoch 135] average test loss: 2570.5583
cellbender:remove-background: [epoch 136]  average training loss: 2458.9898
cellbender:remove-background: [epoch 137]  average training loss: 2458.8017
cellbender:remove-background: [epoch 138]  average training loss: 2462.5354
cellbender:remove-background: [epoch 139]  average training loss: 2460.3554
cellbender:remove-background: [epoch 140]  average training loss: 2455.8819
cellbender:remove-background: [epoch 140] average test loss: 2572.8723
cellbender:remove-background: [epoch 141]  average training loss: 2453.6668
cellbender:remove-background: [epoch 142]  average training loss: 2460.9865
cellbender:remove-background: [epoch 143]  average training loss: 2461.4068
cellbender:remove-background: [epoch 144]  average training loss: 2460.6734
cellbender:remove-background: [epoch 145]  average training loss: 2460.4590
cellbender:remove-background: [epoch 145] average test loss: 2571.6015
cellbender:remove-background: [epoch 146]  average training loss: 2455.6987
cellbender:remove-background: [epoch 147]  average training loss: 2456.4819
cellbender:remove-background: [epoch 148]  average training loss: 2455.1027
cellbender:remove-background: [epoch 149]  average training loss: 2458.5403
cellbender:remove-background: [epoch 150]  average training loss: 2457.5618
cellbender:remove-background: [epoch 150] average test loss: 2575.5830
cellbender:remove-background: Saving a checkpoint...
cellbender:remove-background: Saved checkpoint as /weka/scratch/scratch/Mon/mabdel03/Tsai_Data/Cellbender_Outputs/21126823/ckpt.tar.gz
cellbender:remove-background: 2026-01-31 23:40:47
cellbender:remove-background: Inference procedure complete.
cellbender:remove-background: Attempting to unpack tarball "ckpt.tar.gz" to /tmp/tmp8c_gqz6j
cellbender:remove-background: Successfully unpacked tarball to /tmp/tmp8c_gqz6j
/tmp/tmp8c_gqz6j/b06db9d7ad_random.pyro
/tmp/tmp8c_gqz6j/b06db9d7ad_random.cuda
/tmp/tmp8c_gqz6j/b06db9d7ad_model.torch
/tmp/tmp8c_gqz6j/b06db9d7ad_optim.torch
/tmp/tmp8c_gqz6j/b06db9d7ad_optim.pyro
/tmp/tmp8c_gqz6j/b06db9d7ad_params.pyro
/tmp/tmp8c_gqz6j/b06db9d7ad_train.loaderstate
/tmp/tmp8c_gqz6j/b06db9d7ad_test.loaderstate
/tmp/tmp8c_gqz6j/b06db9d7ad_args.npy
cellbender:remove-background: Posterior not currently included in checkpoint.
cellbender:remove-background: Computing posterior noise count probabilities in mini-batches.
cellbender:remove-background: Working on chunk (1/17)
cellbender:remove-background:     [0.04 mins per chunk]
cellbender:remove-background: Working on chunk (2/17)
cellbender:remove-background: Working on chunk (3/17)
cellbender:remove-background: Working on chunk (4/17)
cellbender:remove-background: Working on chunk (5/17)
cellbender:remove-background: Working on chunk (6/17)
cellbender:remove-background: Working on chunk (7/17)
cellbender:remove-background: Working on chunk (8/17)
cellbender:remove-background: Working on chunk (9/17)
cellbender:remove-background: Working on chunk (10/17)
cellbender:remove-background: Working on chunk (11/17)
cellbender:remove-background: Working on chunk (12/17)
cellbender:remove-background: Working on chunk (13/17)
cellbender:remove-background: Working on chunk (14/17)
cellbender:remove-background: Working on chunk (15/17)
cellbender:remove-background: Working on chunk (16/17)
cellbender:remove-background: Working on chunk (17/17)
cellbender:remove-background: Writing full posterior to /om/scratch/Mon/mabdel03/Tsai_Data/Cellbender_Outputs/21126823/processed_feature_bc_matrix_posterior.h5
cellbender:remove-background: Succeeded in writing posterior to file /om/scratch/Mon/mabdel03/Tsai_Data/Cellbender_Outputs/21126823/processed_feature_bc_matrix_posterior.h5
cellbender:remove-background: Added posterior object to checkpoint file.
cellbender:remove-background: 2026-01-31 23:42:54

cellbender:remove-background: Saved summary plots as /om/scratch/Mon/mabdel03/Tsai_Data/Cellbender_Outputs/21126823/processed_feature_bc_matrix.pdf
cellbender:remove-background: Saved cell barcodes in /om/scratch/Mon/mabdel03/Tsai_Data/Cellbender_Outputs/21126823/processed_feature_bc_matrix_cell_barcodes.csv
cellbender:remove-background: Computing target noise counts per gene for MCKP estimator
cellbender:remove-background: Using MCKP noise targets computed for FPR 0.0
cellbender:remove-background: Computing denoised counts using mckp estimator
cellbender:remove-background: Working on chunk (1/7)
cellbender:remove-background:     [0.46 mins per chunk]
cellbender:remove-background: Working on chunk (2/7)
cellbender:remove-background: Working on chunk (3/7)
cellbender:remove-background: Working on chunk (4/7)
cellbender:remove-background: Working on chunk (5/7)
cellbender:remove-background: Working on chunk (6/7)
cellbender:remove-background: Working on chunk (7/7)
cellbender:remove-background: 2026-01-31 23:46:15 Total MCKP estimation time = 191.74 sec
cellbender:remove-background: Succeeded in writing CellRanger format output to file /om/scratch/Mon/mabdel03/Tsai_Data/Cellbender_Outputs/21126823/processed_feature_bc_matrix.h5
cellbender:remove-background: Succeeded in writing CellRanger format output to file /om/scratch/Mon/mabdel03/Tsai_Data/Cellbender_Outputs/21126823/processed_feature_bc_matrix_filtered.h5
cellbender:remove-background: Saved output metrics as /om/scratch/Mon/mabdel03/Tsai_Data/Cellbender_Outputs/21126823/processed_feature_bc_matrix_metrics.csv
[NbConvertApp] Converting notebook tmp.report.ipynb to notebook
[NbConvertApp] Writing 437603 bytes to tmp.report.nbconvert.ipynb
[NbConvertApp] Converting notebook tmp.report.nbconvert.ipynb to html
[NbConvertApp] Writing 1012290 bytes to tmp.report.nbconvert.html
cellbender:remove-background: Succeeded in writing report to /om/scratch/Mon/mabdel03/Tsai_Data/Cellbender_Outputs/21126823/processed_feature_bc_matrix_report.html
cellbender:remove-background: Completed remove-background.
cellbender:remove-background: 2026-01-31 23:46:35

