cellbender:remove-background: Command:
cellbender remove-background --cuda --input /tmp/cellbender_44652130_388/raw_feature_bc_matrix.h5 --fpr 0 --output /om/scratch/Mon/mabdel03/Tsai_Data/Cellbender_Outputs/91707643/processed_feature_bc_matrix.h5
cellbender:remove-background: CellBender 0.3.0
cellbender:remove-background: (Workflow hash 45eb8b0c39)
cellbender:remove-background: 2026-02-01 02:20:02
cellbender:remove-background: Running remove-background
cellbender:remove-background: Loading data from /tmp/cellbender_44652130_388/raw_feature_bc_matrix.h5
cellbender:remove-background: CellRanger v3 format
cellbender:remove-background: Features in dataset: 36601 Gene Expression
cellbender:remove-background: Trimming features for inference.
cellbender:remove-background: 30868 features have nonzero counts.
cellbender:remove-background: Prior on counts for cells is 9991
cellbender:remove-background: Prior on counts for empty droplets is 72
cellbender:remove-background: Excluding 9255 features that are estimated to have <= 0.1 background counts in cells.
cellbender:remove-background: Including 21613 features in the analysis.
cellbender:remove-background: Trimming barcodes for inference.
cellbender:remove-background: Excluding barcodes with counts below 36
cellbender:remove-background: Using 1609 probable cell barcodes, plus an additional 10177 barcodes, and 65444 empty droplets.
cellbender:remove-background: Largest surely-empty droplet has 89 UMI counts.
cellbender:remove-background: Attempting to unpack tarball "ckpt.tar.gz" to /tmp/tmp20gi8h3u
cellbender:remove-background: No saved checkpoint.
cellbender:remove-background: No checkpoint loaded.
cellbender:remove-background: Running inference...
cellbender:remove-background: [epoch 001]  average training loss: 7339.3976
cellbender:remove-background: [epoch 002]  average training loss: 6325.1019  (4.0 seconds per epoch)
cellbender:remove-background: Will checkpoint every 104 epochs
cellbender:remove-background: [epoch 003]  average training loss: 5245.1079
cellbender:remove-background: [epoch 004]  average training loss: 4752.8192
cellbender:remove-background: [epoch 005]  average training loss: 4388.3915
cellbender:remove-background: [epoch 005] average test loss: 4544.5626
cellbender:remove-background: [epoch 006]  average training loss: 4056.5718
cellbender:remove-background: [epoch 007]  average training loss: 3833.5953
cellbender:remove-background: [epoch 008]  average training loss: 3797.6152
cellbender:remove-background: [epoch 009]  average training loss: 3776.5641
cellbender:remove-background: [epoch 010]  average training loss: 3740.6688
cellbender:remove-background: [epoch 010] average test loss: 3680.4167
cellbender:remove-background: [epoch 011]  average training loss: 3716.6258
cellbender:remove-background: [epoch 012]  average training loss: 3730.5887
cellbender:remove-background: [epoch 013]  average training loss: 3667.8946
cellbender:remove-background: [epoch 014]  average training loss: 3669.2029
cellbender:remove-background: [epoch 015]  average training loss: 3547.8897
cellbender:remove-background: [epoch 015] average test loss: 3651.5085
cellbender:remove-background: [epoch 016]  average training loss: 3492.6484
cellbender:remove-background: [epoch 017]  average training loss: 3470.5402
cellbender:remove-background: [epoch 018]  average training loss: 3480.6727
cellbender:remove-background: [epoch 019]  average training loss: 3447.7380
cellbender:remove-background: [epoch 020]  average training loss: 3437.3652
cellbender:remove-background: [epoch 020] average test loss: 3536.5963
cellbender:remove-background: [epoch 021]  average training loss: 3448.9539
cellbender:remove-background: [epoch 022]  average training loss: 3426.4121
cellbender:remove-background: [epoch 023]  average training loss: 3431.9785
cellbender:remove-background: [epoch 024]  average training loss: 3419.1196
cellbender:remove-background: [epoch 025]  average training loss: 3406.7609
cellbender:remove-background: [epoch 025] average test loss: 3465.7166
cellbender:remove-background: [epoch 026]  average training loss: 3409.1063
cellbender:remove-background: [epoch 027]  average training loss: 3400.5721
cellbender:remove-background: [epoch 028]  average training loss: 3400.8204
cellbender:remove-background: [epoch 029]  average training loss: 3399.2317
cellbender:remove-background: [epoch 030]  average training loss: 3397.2284
cellbender:remove-background: [epoch 030] average test loss: 3401.3588
cellbender:remove-background: [epoch 031]  average training loss: 3378.7296
cellbender:remove-background: [epoch 032]  average training loss: 3376.6607
cellbender:remove-background: [epoch 033]  average training loss: 3348.9721
cellbender:remove-background: [epoch 034]  average training loss: 3344.6654
cellbender:remove-background: [epoch 035]  average training loss: 3326.7865
cellbender:remove-background: [epoch 035] average test loss: 3337.2544
cellbender:remove-background: [epoch 036]  average training loss: 3322.5298
cellbender:remove-background: [epoch 037]  average training loss: 3349.9847
cellbender:remove-background: [epoch 038]  average training loss: 3329.9290
cellbender:remove-background: [epoch 039]  average training loss: 3339.6402
cellbender:remove-background: [epoch 040]  average training loss: 3329.9051
cellbender:remove-background: [epoch 040] average test loss: 3353.8926
cellbender:remove-background: [epoch 041]  average training loss: 3310.9448
cellbender:remove-background: [epoch 042]  average training loss: 3304.7769
cellbender:remove-background: [epoch 043]  average training loss: 3313.3560
cellbender:remove-background: [epoch 044]  average training loss: 3311.7723
cellbender:remove-background: [epoch 045]  average training loss: 3294.0960
cellbender:remove-background: [epoch 045] average test loss: 3309.6908
cellbender:remove-background: [epoch 046]  average training loss: 3297.5072
cellbender:remove-background: [epoch 047]  average training loss: 3294.8951
cellbender:remove-background: [epoch 048]  average training loss: 3302.8056
cellbender:remove-background: [epoch 049]  average training loss: 3276.2716
cellbender:remove-background: [epoch 050]  average training loss: 3286.8741
cellbender:remove-background: [epoch 050] average test loss: 3308.7418
cellbender:remove-background: [epoch 051]  average training loss: 3308.4827
cellbender:remove-background: [epoch 052]  average training loss: 3308.6746
cellbender:remove-background: [epoch 053]  average training loss: 3305.8299
cellbender:remove-background: [epoch 054]  average training loss: 3300.3400
cellbender:remove-background: [epoch 055]  average training loss: 3277.5336
cellbender:remove-background: [epoch 055] average test loss: 3297.6453
cellbender:remove-background: [epoch 056]  average training loss: 3268.8170
cellbender:remove-background: [epoch 057]  average training loss: 3261.5698
cellbender:remove-background: [epoch 058]  average training loss: 3275.0899
cellbender:remove-background: [epoch 059]  average training loss: 3276.2616
cellbender:remove-background: [epoch 060]  average training loss: 3254.1572
cellbender:remove-background: [epoch 060] average test loss: 3313.0611
cellbender:remove-background: [epoch 061]  average training loss: 3253.1662
cellbender:remove-background: [epoch 062]  average training loss: 3274.7019
cellbender:remove-background: [epoch 063]  average training loss: 3263.4721
cellbender:remove-background: [epoch 064]  average training loss: 3261.2308
cellbender:remove-background: [epoch 065]  average training loss: 3249.2310
cellbender:remove-background: [epoch 065] average test loss: 3347.2064
cellbender:remove-background: [epoch 066]  average training loss: 3262.4420
cellbender:remove-background: [epoch 067]  average training loss: 3252.8202
cellbender:remove-background: [epoch 068]  average training loss: 3256.7275
cellbender:remove-background: [epoch 069]  average training loss: 3294.8981
cellbender:remove-background: [epoch 070]  average training loss: 3251.7628
cellbender:remove-background: [epoch 070] average test loss: 3291.5647
cellbender:remove-background: [epoch 071]  average training loss: 3275.8256
cellbender:remove-background: [epoch 072]  average training loss: 3299.0290
cellbender:remove-background: [epoch 073]  average training loss: 3310.1409
cellbender:remove-background: [epoch 074]  average training loss: 3269.4904
cellbender:remove-background: [epoch 075]  average training loss: 3270.2856
cellbender:remove-background: [epoch 075] average test loss: 3335.9983
cellbender:remove-background: [epoch 076]  average training loss: 3278.0621
cellbender:remove-background: [epoch 077]  average training loss: 3276.6609
cellbender:remove-background: [epoch 078]  average training loss: 3273.5585
cellbender:remove-background: [epoch 079]  average training loss: 3271.5855
cellbender:remove-background: [epoch 080]  average training loss: 3304.6048
cellbender:remove-background: [epoch 080] average test loss: 3315.2755
cellbender:remove-background: [epoch 081]  average training loss: 3305.0488
cellbender:remove-background: [epoch 082]  average training loss: 3268.0752
cellbender:remove-background: [epoch 083]  average training loss: 3279.9282
cellbender:remove-background: [epoch 084]  average training loss: 3268.1438
cellbender:remove-background: [epoch 085]  average training loss: 3315.4612
cellbender:remove-background: [epoch 085] average test loss: 3462.2592
cellbender:remove-background: [epoch 086]  average training loss: 3270.6081
cellbender:remove-background: [epoch 087]  average training loss: 3278.5478
cellbender:remove-background: [epoch 088]  average training loss: 3289.2642
cellbender:remove-background: [epoch 089]  average training loss: 3268.2593
cellbender:remove-background: [epoch 090]  average training loss: 3260.2226
cellbender:remove-background: [epoch 090] average test loss: 3288.8417
cellbender:remove-background: [epoch 091]  average training loss: 3267.0067
cellbender:remove-background: [epoch 092]  average training loss: 3258.2218
cellbender:remove-background: [epoch 093]  average training loss: 3254.1403
cellbender:remove-background: [epoch 094]  average training loss: 3257.8522
cellbender:remove-background: [epoch 095]  average training loss: 3250.6555
cellbender:remove-background: [epoch 095] average test loss: 3307.7265
cellbender:remove-background: [epoch 096]  average training loss: 3249.9539
cellbender:remove-background: [epoch 097]  average training loss: 3260.7739
cellbender:remove-background: [epoch 098]  average training loss: 3271.6949
cellbender:remove-background: [epoch 099]  average training loss: 3268.7541
cellbender:remove-background: [epoch 100]  average training loss: 3265.3072
cellbender:remove-background: [epoch 100] average test loss: 3303.2040
cellbender:remove-background: [epoch 101]  average training loss: 3254.6240
cellbender:remove-background: [epoch 102]  average training loss: 3258.7212
cellbender:remove-background: [epoch 103]  average training loss: 3272.8049
cellbender:remove-background: [epoch 104]  average training loss: 3253.7509
cellbender:remove-background: Saving a checkpoint...
cellbender:remove-background: Saved checkpoint as /weka/scratch/scratch/Mon/mabdel03/Tsai_Data/Cellbender_Outputs/91707643/ckpt.tar.gz
cellbender:remove-background: [epoch 105]  average training loss: 3258.5732
cellbender:remove-background: [epoch 105] average test loss: 3317.5336
cellbender:remove-background: [epoch 106]  average training loss: 3251.7086
cellbender:remove-background: [epoch 107]  average training loss: 3254.0033
cellbender:remove-background: [epoch 108]  average training loss: 3270.3755
cellbender:remove-background: [epoch 109]  average training loss: 3267.1076
cellbender:remove-background: [epoch 110]  average training loss: 3248.5952
cellbender:remove-background: [epoch 110] average test loss: 3296.5506
cellbender:remove-background: [epoch 111]  average training loss: 3260.2604
cellbender:remove-background: [epoch 112]  average training loss: 3249.4337
cellbender:remove-background: [epoch 113]  average training loss: 3255.5218
cellbender:remove-background: [epoch 114]  average training loss: 3293.7970
cellbender:remove-background: [epoch 115]  average training loss: 3249.2302
cellbender:remove-background: [epoch 115] average test loss: 3305.4955
cellbender:remove-background: [epoch 116]  average training loss: 3247.7184
cellbender:remove-background: [epoch 117]  average training loss: 3249.3081
cellbender:remove-background: [epoch 118]  average training loss: 3262.7445
cellbender:remove-background: [epoch 119]  average training loss: 3247.0082
cellbender:remove-background: [epoch 120]  average training loss: 3269.6536
cellbender:remove-background: [epoch 120] average test loss: 3309.1352
cellbender:remove-background: [epoch 121]  average training loss: 3255.0521
cellbender:remove-background: [epoch 122]  average training loss: 3233.6928
cellbender:remove-background: [epoch 123]  average training loss: 3250.2286
cellbender:remove-background: [epoch 124]  average training loss: 3240.6643
cellbender:remove-background: [epoch 125]  average training loss: 3261.5519
cellbender:remove-background: [epoch 125] average test loss: 3306.2681
cellbender:remove-background: [epoch 126]  average training loss: 3258.5740
cellbender:remove-background: [epoch 127]  average training loss: 3248.2362
cellbender:remove-background: [epoch 128]  average training loss: 3252.5260
cellbender:remove-background: [epoch 129]  average training loss: 3236.4119
cellbender:remove-background: [epoch 130]  average training loss: 3291.7594
cellbender:remove-background: [epoch 130] average test loss: 3295.5259
cellbender:remove-background: [epoch 131]  average training loss: 3256.4728
cellbender:remove-background: [epoch 132]  average training loss: 3248.6370
cellbender:remove-background: [epoch 133]  average training loss: 3246.8018
cellbender:remove-background: [epoch 134]  average training loss: 3265.0958
cellbender:remove-background: [epoch 135]  average training loss: 3247.0259
cellbender:remove-background: [epoch 135] average test loss: 3320.1747
cellbender:remove-background: [epoch 136]  average training loss: 3237.7434
cellbender:remove-background: [epoch 137]  average training loss: 3265.0090
cellbender:remove-background: [epoch 138]  average training loss: 3247.2802
cellbender:remove-background: [epoch 139]  average training loss: 3247.6439
cellbender:remove-background: [epoch 140]  average training loss: 3236.8152
cellbender:remove-background: [epoch 140] average test loss: 3308.7805
cellbender:remove-background: [epoch 141]  average training loss: 3247.7836
cellbender:remove-background: [epoch 142]  average training loss: 3240.0105
cellbender:remove-background: [epoch 143]  average training loss: 3247.6612
cellbender:remove-background: [epoch 144]  average training loss: 3253.4986
cellbender:remove-background: [epoch 145]  average training loss: 3240.7209
cellbender:remove-background: [epoch 145] average test loss: 3304.1046
cellbender:remove-background: [epoch 146]  average training loss: 3264.7697
cellbender:remove-background: [epoch 147]  average training loss: 3243.6897
cellbender:remove-background: [epoch 148]  average training loss: 3249.7455
cellbender:remove-background: [epoch 149]  average training loss: 3242.6038
cellbender:remove-background: [epoch 150]  average training loss: 3242.8207
cellbender:remove-background: [epoch 150] average test loss: 3320.7072
cellbender:remove-background: Saving a checkpoint...
cellbender:remove-background: Saved checkpoint as /weka/scratch/scratch/Mon/mabdel03/Tsai_Data/Cellbender_Outputs/91707643/ckpt.tar.gz
cellbender:remove-background: 2026-02-01 02:32:53
cellbender:remove-background: Inference procedure complete.
cellbender:remove-background: Attempting to unpack tarball "ckpt.tar.gz" to /tmp/tmp5fob_3g9
cellbender:remove-background: Successfully unpacked tarball to /tmp/tmp5fob_3g9
/tmp/tmp5fob_3g9/45eb8b0c39_random.pyro
/tmp/tmp5fob_3g9/45eb8b0c39_random.cuda
/tmp/tmp5fob_3g9/45eb8b0c39_model.torch
/tmp/tmp5fob_3g9/45eb8b0c39_optim.torch
/tmp/tmp5fob_3g9/45eb8b0c39_optim.pyro
/tmp/tmp5fob_3g9/45eb8b0c39_params.pyro
/tmp/tmp5fob_3g9/45eb8b0c39_train.loaderstate
/tmp/tmp5fob_3g9/45eb8b0c39_test.loaderstate
/tmp/tmp5fob_3g9/45eb8b0c39_args.npy
cellbender:remove-background: Posterior not currently included in checkpoint.
cellbender:remove-background: Computing posterior noise count probabilities in mini-batches.
cellbender:remove-background: Working on chunk (1/29)
cellbender:remove-background:     [0.04 mins per chunk]
cellbender:remove-background: Working on chunk (2/29)
cellbender:remove-background: Working on chunk (3/29)
cellbender:remove-background: Working on chunk (4/29)
cellbender:remove-background: Working on chunk (5/29)
cellbender:remove-background: Working on chunk (6/29)
cellbender:remove-background: Working on chunk (7/29)
cellbender:remove-background: Working on chunk (8/29)
cellbender:remove-background: Working on chunk (9/29)
cellbender:remove-background: Working on chunk (10/29)
cellbender:remove-background: Working on chunk (11/29)
cellbender:remove-background: Working on chunk (12/29)
cellbender:remove-background: Working on chunk (13/29)
cellbender:remove-background: Working on chunk (14/29)
cellbender:remove-background: Working on chunk (15/29)
cellbender:remove-background: Working on chunk (16/29)
cellbender:remove-background: Working on chunk (17/29)
cellbender:remove-background: Working on chunk (18/29)
cellbender:remove-background: Working on chunk (19/29)
cellbender:remove-background: Working on chunk (20/29)
cellbender:remove-background: Working on chunk (21/29)
cellbender:remove-background: Working on chunk (22/29)
cellbender:remove-background: Working on chunk (23/29)
cellbender:remove-background: Working on chunk (24/29)
cellbender:remove-background: Working on chunk (25/29)
cellbender:remove-background: Working on chunk (26/29)
cellbender:remove-background: Working on chunk (27/29)
cellbender:remove-background: Working on chunk (28/29)
cellbender:remove-background: Working on chunk (29/29)
cellbender:remove-background: Writing full posterior to /om/scratch/Mon/mabdel03/Tsai_Data/Cellbender_Outputs/91707643/processed_feature_bc_matrix_posterior.h5
cellbender:remove-background: Succeeded in writing posterior to file /om/scratch/Mon/mabdel03/Tsai_Data/Cellbender_Outputs/91707643/processed_feature_bc_matrix_posterior.h5
cellbender:remove-background: Added posterior object to checkpoint file.
cellbender:remove-background: 2026-02-01 02:36:15

cellbender:remove-background: Saved summary plots as /om/scratch/Mon/mabdel03/Tsai_Data/Cellbender_Outputs/91707643/processed_feature_bc_matrix.pdf
cellbender:remove-background: Saved cell barcodes in /om/scratch/Mon/mabdel03/Tsai_Data/Cellbender_Outputs/91707643/processed_feature_bc_matrix_cell_barcodes.csv
cellbender:remove-background: Computing target noise counts per gene for MCKP estimator
cellbender:remove-background: Using MCKP noise targets computed for FPR 0.0
cellbender:remove-background: Computing denoised counts using mckp estimator
cellbender:remove-background: Working on chunk (1/7)
cellbender:remove-background:     [1.22 mins per chunk]
cellbender:remove-background: Working on chunk (2/7)
cellbender:remove-background: Working on chunk (3/7)
cellbender:remove-background: Working on chunk (4/7)
cellbender:remove-background: Working on chunk (5/7)
cellbender:remove-background: Working on chunk (6/7)
cellbender:remove-background: Working on chunk (7/7)
cellbender:remove-background: 2026-02-01 02:45:10 Total MCKP estimation time = 511.14 sec
cellbender:remove-background: Succeeded in writing CellRanger format output to file /om/scratch/Mon/mabdel03/Tsai_Data/Cellbender_Outputs/91707643/processed_feature_bc_matrix.h5
cellbender:remove-background: Succeeded in writing CellRanger format output to file /om/scratch/Mon/mabdel03/Tsai_Data/Cellbender_Outputs/91707643/processed_feature_bc_matrix_filtered.h5
cellbender:remove-background: Saved output metrics as /om/scratch/Mon/mabdel03/Tsai_Data/Cellbender_Outputs/91707643/processed_feature_bc_matrix_metrics.csv
[NbConvertApp] Converting notebook tmp.report.ipynb to notebook
[NbConvertApp] Writing 489471 bytes to tmp.report.nbconvert.ipynb
[NbConvertApp] Converting notebook tmp.report.nbconvert.ipynb to html
[NbConvertApp] Writing 1064158 bytes to tmp.report.nbconvert.html
cellbender:remove-background: Succeeded in writing report to /om/scratch/Mon/mabdel03/Tsai_Data/Cellbender_Outputs/91707643/processed_feature_bc_matrix_report.html
cellbender:remove-background: Completed remove-background.
cellbender:remove-background: 2026-02-01 02:45:44

