cellbender:remove-background: Command:
cellbender remove-background --cuda --input /tmp/cellbender_44648808_64/raw_feature_bc_matrix.h5 --fpr 0 --output /om/scratch/Mon/mabdel03/Tsai_Data/Cellbender_Outputs/11453772/processed_feature_bc_matrix.h5
cellbender:remove-background: CellBender 0.3.0
cellbender:remove-background: (Workflow hash 3a773407f1)
cellbender:remove-background: 2026-01-31 18:01:14
cellbender:remove-background: Running remove-background
cellbender:remove-background: Loading data from /tmp/cellbender_44648808_64/raw_feature_bc_matrix.h5
cellbender:remove-background: CellRanger v3 format
cellbender:remove-background: Features in dataset: 36601 Gene Expression
cellbender:remove-background: Trimming features for inference.
cellbender:remove-background: 31868 features have nonzero counts.
cellbender:remove-background: Prior on counts for cells is 12189
cellbender:remove-background: Prior on counts for empty droplets is 162
cellbender:remove-background: Excluding 10090 features that are estimated to have <= 0.1 background counts in cells.
cellbender:remove-background: Including 21778 features in the analysis.
cellbender:remove-background: Trimming barcodes for inference.
cellbender:remove-background: Excluding barcodes with counts below 81
cellbender:remove-background: Using 1904 probable cell barcodes, plus an additional 8568 barcodes, and 68049 empty droplets.
cellbender:remove-background: Largest surely-empty droplet has 198 UMI counts.
cellbender:remove-background: Attempting to unpack tarball "ckpt.tar.gz" to /tmp/tmp799y8lhk
cellbender:remove-background: No saved checkpoint.
cellbender:remove-background: No checkpoint loaded.
cellbender:remove-background: Running inference...
cellbender:remove-background: [epoch 001]  average training loss: 10103.0942
cellbender:remove-background: [epoch 002]  average training loss: 8754.1602  (3.8 seconds per epoch)
cellbender:remove-background: Will checkpoint every 110 epochs
cellbender:remove-background: [epoch 003]  average training loss: 7713.6826
cellbender:remove-background: [epoch 004]  average training loss: 6883.8390
cellbender:remove-background: [epoch 005]  average training loss: 6287.5134
cellbender:remove-background: [epoch 005] average test loss: 6971.9232
cellbender:remove-background: [epoch 006]  average training loss: 6091.9433
cellbender:remove-background: [epoch 007]  average training loss: 5842.7434
cellbender:remove-background: [epoch 008]  average training loss: 5712.0266
cellbender:remove-background: [epoch 009]  average training loss: 5775.1563
cellbender:remove-background: [epoch 010]  average training loss: 5757.1805
cellbender:remove-background: [epoch 010] average test loss: 5645.7833
cellbender:remove-background: [epoch 011]  average training loss: 5706.9041
cellbender:remove-background: [epoch 012]  average training loss: 5643.5770
cellbender:remove-background: [epoch 013]  average training loss: 5679.2371
cellbender:remove-background: [epoch 014]  average training loss: 5613.9298
cellbender:remove-background: [epoch 015]  average training loss: 5405.3760
cellbender:remove-background: [epoch 015] average test loss: 5535.0029
cellbender:remove-background: [epoch 016]  average training loss: 5362.0866
cellbender:remove-background: [epoch 017]  average training loss: 5330.8970
cellbender:remove-background: [epoch 018]  average training loss: 5340.9799
cellbender:remove-background: [epoch 019]  average training loss: 5319.4231
cellbender:remove-background: [epoch 020]  average training loss: 5325.6970
cellbender:remove-background: [epoch 020] average test loss: 5376.7285
cellbender:remove-background: [epoch 021]  average training loss: 5280.4947
cellbender:remove-background: [epoch 022]  average training loss: 5262.0523
cellbender:remove-background: [epoch 023]  average training loss: 5277.7711
cellbender:remove-background: [epoch 024]  average training loss: 5251.4217
cellbender:remove-background: [epoch 025]  average training loss: 5259.2952
cellbender:remove-background: [epoch 025] average test loss: 5280.0047
cellbender:remove-background: [epoch 026]  average training loss: 5251.3134
cellbender:remove-background: [epoch 027]  average training loss: 5219.4371
cellbender:remove-background: [epoch 028]  average training loss: 5176.6132
cellbender:remove-background: [epoch 029]  average training loss: 5146.0110
cellbender:remove-background: [epoch 030]  average training loss: 5099.3996
cellbender:remove-background: [epoch 030] average test loss: 5059.4895
cellbender:remove-background: [epoch 031]  average training loss: 5101.3723
cellbender:remove-background: [epoch 032]  average training loss: 5084.4743
cellbender:remove-background: [epoch 033]  average training loss: 5073.3157
cellbender:remove-background: [epoch 034]  average training loss: 5065.1772
cellbender:remove-background: [epoch 035]  average training loss: 5063.9063
cellbender:remove-background: [epoch 035] average test loss: 5026.5012
cellbender:remove-background: [epoch 036]  average training loss: 5049.0089
cellbender:remove-background: [epoch 037]  average training loss: 5046.8780
cellbender:remove-background: [epoch 038]  average training loss: 5048.1923
cellbender:remove-background: [epoch 039]  average training loss: 5039.4433
cellbender:remove-background: [epoch 040]  average training loss: 5037.1002
cellbender:remove-background: [epoch 040] average test loss: 5000.1429
cellbender:remove-background: [epoch 041]  average training loss: 5034.3317
cellbender:remove-background: [epoch 042]  average training loss: 5026.8017
cellbender:remove-background: [epoch 043]  average training loss: 5032.5723
cellbender:remove-background: [epoch 044]  average training loss: 5030.0575
cellbender:remove-background: [epoch 045]  average training loss: 5018.7504
cellbender:remove-background: [epoch 045] average test loss: 4982.0219
cellbender:remove-background: [epoch 046]  average training loss: 5008.2440
cellbender:remove-background: [epoch 047]  average training loss: 5018.2571
cellbender:remove-background: [epoch 048]  average training loss: 5008.1354
cellbender:remove-background: [epoch 049]  average training loss: 5003.5169
cellbender:remove-background: [epoch 050]  average training loss: 4997.8534
cellbender:remove-background: [epoch 050] average test loss: 4979.2509
cellbender:remove-background: [epoch 051]  average training loss: 4992.7893
cellbender:remove-background: [epoch 052]  average training loss: 4991.7569
cellbender:remove-background: [epoch 053]  average training loss: 4990.5232
cellbender:remove-background: [epoch 054]  average training loss: 4990.8207
cellbender:remove-background: [epoch 055]  average training loss: 4986.8903
cellbender:remove-background: [epoch 055] average test loss: 4956.0940
cellbender:remove-background: [epoch 056]  average training loss: 4980.8489
cellbender:remove-background: [epoch 057]  average training loss: 4982.1926
cellbender:remove-background: [epoch 058]  average training loss: 4980.0836
cellbender:remove-background: [epoch 059]  average training loss: 4977.7318
cellbender:remove-background: [epoch 060]  average training loss: 4970.9026
cellbender:remove-background: [epoch 060] average test loss: 4990.1206
cellbender:remove-background: [epoch 061]  average training loss: 4981.6703
cellbender:remove-background: [epoch 062]  average training loss: 4971.2900
cellbender:remove-background: [epoch 063]  average training loss: 4970.4431
cellbender:remove-background: [epoch 064]  average training loss: 4964.1814
cellbender:remove-background: [epoch 065]  average training loss: 4966.0223
cellbender:remove-background: [epoch 065] average test loss: 4970.4829
cellbender:remove-background: [epoch 066]  average training loss: 4965.9718
cellbender:remove-background: [epoch 067]  average training loss: 4973.3538
cellbender:remove-background: [epoch 068]  average training loss: 4966.9808
cellbender:remove-background: [epoch 069]  average training loss: 4960.4835
cellbender:remove-background: [epoch 070]  average training loss: 4962.2621
cellbender:remove-background: [epoch 070] average test loss: 4946.1619
cellbender:remove-background: [epoch 071]  average training loss: 4957.0811
cellbender:remove-background: [epoch 072]  average training loss: 4959.1147
cellbender:remove-background: [epoch 073]  average training loss: 4962.5996
cellbender:remove-background: [epoch 074]  average training loss: 4958.5927
cellbender:remove-background: [epoch 075]  average training loss: 4961.0507
cellbender:remove-background: [epoch 075] average test loss: 4961.4438
cellbender:remove-background: [epoch 076]  average training loss: 4958.7689
cellbender:remove-background: [epoch 077]  average training loss: 4962.7826
cellbender:remove-background: [epoch 078]  average training loss: 4960.7660
cellbender:remove-background: [epoch 079]  average training loss: 4961.4064
cellbender:remove-background: [epoch 080]  average training loss: 4960.7010
cellbender:remove-background: [epoch 080] average test loss: 4968.5287
cellbender:remove-background: [epoch 081]  average training loss: 4964.3323
cellbender:remove-background: [epoch 082]  average training loss: 4953.7574
cellbender:remove-background: [epoch 083]  average training loss: 4964.1210
cellbender:remove-background: [epoch 084]  average training loss: 4962.5373
cellbender:remove-background: [epoch 085]  average training loss: 4964.4413
cellbender:remove-background: [epoch 085] average test loss: 4981.2034
cellbender:remove-background: [epoch 086]  average training loss: 4976.1407
cellbender:remove-background: [epoch 087]  average training loss: 4973.2355
cellbender:remove-background: [epoch 088]  average training loss: 4974.4694
cellbender:remove-background: [epoch 089]  average training loss: 4967.5107
cellbender:remove-background: [epoch 090]  average training loss: 4981.6180
cellbender:remove-background: [epoch 090] average test loss: 4965.4884
cellbender:remove-background: [epoch 091]  average training loss: 5001.7330
cellbender:remove-background: [epoch 092]  average training loss: 4981.9911
cellbender:remove-background: [epoch 093]  average training loss: 4981.1423
cellbender:remove-background: [epoch 094]  average training loss: 4970.9391
cellbender:remove-background: [epoch 095]  average training loss: 4996.7657
cellbender:remove-background: [epoch 095] average test loss: 5031.0857
cellbender:remove-background: [epoch 096]  average training loss: 4978.7942
cellbender:remove-background: [epoch 097]  average training loss: 4968.5536
cellbender:remove-background: [epoch 098]  average training loss: 5000.5834
cellbender:remove-background: [epoch 099]  average training loss: 4965.4460
cellbender:remove-background: [epoch 100]  average training loss: 4990.7732
cellbender:remove-background: [epoch 100] average test loss: 4984.0822
cellbender:remove-background: [epoch 101]  average training loss: 4968.4460
cellbender:remove-background: [epoch 102]  average training loss: 4976.6258
cellbender:remove-background: [epoch 103]  average training loss: 4980.6053
cellbender:remove-background: [epoch 104]  average training loss: 4967.1580
cellbender:remove-background: [epoch 105]  average training loss: 4954.0548
cellbender:remove-background: [epoch 105] average test loss: 4975.5010
cellbender:remove-background: [epoch 106]  average training loss: 4965.1391
cellbender:remove-background: [epoch 107]  average training loss: 4972.8750
cellbender:remove-background: [epoch 108]  average training loss: 5016.8824
cellbender:remove-background: [epoch 109]  average training loss: 4969.9330
cellbender:remove-background: [epoch 110]  average training loss: 4955.9969
cellbender:remove-background: [epoch 110] average test loss: 5007.7303
cellbender:remove-background: Saving a checkpoint...
cellbender:remove-background: Saved checkpoint as /weka/scratch/scratch/Mon/mabdel03/Tsai_Data/Cellbender_Outputs/11453772/ckpt.tar.gz
cellbender:remove-background: [epoch 111]  average training loss: 4990.3910
cellbender:remove-background: [epoch 112]  average training loss: 4964.5135
cellbender:remove-background: [epoch 113]  average training loss: 5018.5272
cellbender:remove-background: [epoch 114]  average training loss: 4961.8524
cellbender:remove-background: [epoch 115]  average training loss: 4991.4968
cellbender:remove-background: [epoch 115] average test loss: 5072.4120
cellbender:remove-background: [epoch 116]  average training loss: 4969.2212
cellbender:remove-background: [epoch 117]  average training loss: 4970.0686
cellbender:remove-background: [epoch 118]  average training loss: 4956.4179
cellbender:remove-background: [epoch 119]  average training loss: 5007.6962
cellbender:remove-background: [epoch 120]  average training loss: 4945.2817
cellbender:remove-background: [epoch 120] average test loss: 4998.5509
cellbender:remove-background: [epoch 121]  average training loss: 4944.6304
cellbender:remove-background: [epoch 122]  average training loss: 4973.8524
cellbender:remove-background: [epoch 123]  average training loss: 4951.7833
cellbender:remove-background: [epoch 124]  average training loss: 4940.9653
cellbender:remove-background: [epoch 125]  average training loss: 4941.2762
cellbender:remove-background: [epoch 125] average test loss: 5015.4812
cellbender:remove-background: [epoch 126]  average training loss: 4957.9008
cellbender:remove-background: [epoch 127]  average training loss: 4941.1613
cellbender:remove-background: [epoch 128]  average training loss: 4945.8285
cellbender:remove-background: [epoch 129]  average training loss: 4951.9901
cellbender:remove-background: [epoch 130]  average training loss: 4941.6593
cellbender:remove-background: [epoch 130] average test loss: 5081.2756
cellbender:remove-background: [epoch 131]  average training loss: 4957.2999
cellbender:remove-background: [epoch 132]  average training loss: 4947.8907
cellbender:remove-background: [epoch 133]  average training loss: 4936.8951
cellbender:remove-background: [epoch 134]  average training loss: 4932.2821
cellbender:remove-background: [epoch 135]  average training loss: 4939.4069
cellbender:remove-background: [epoch 135] average test loss: 5134.0855
cellbender:remove-background: [epoch 136]  average training loss: 4958.8715
cellbender:remove-background: [epoch 137]  average training loss: 4946.8227
cellbender:remove-background: [epoch 138]  average training loss: 4954.8079
cellbender:remove-background: [epoch 139]  average training loss: 4941.9377
cellbender:remove-background: [epoch 140]  average training loss: 4936.4024
cellbender:remove-background: [epoch 140] average test loss: 5038.1678
cellbender:remove-background: [epoch 141]  average training loss: 4960.8660
cellbender:remove-background: [epoch 142]  average training loss: 4927.4201
cellbender:remove-background: [epoch 143]  average training loss: 4949.8113
cellbender:remove-background: [epoch 144]  average training loss: 4944.6585
cellbender:remove-background: [epoch 145]  average training loss: 4939.7676
cellbender:remove-background: [epoch 145] average test loss: 4991.8910
cellbender:remove-background: [epoch 146]  average training loss: 4951.9936
cellbender:remove-background: [epoch 147]  average training loss: 4935.6448
cellbender:remove-background: [epoch 148]  average training loss: 4959.8745
cellbender:remove-background: [epoch 149]  average training loss: 4945.4330
cellbender:remove-background: [epoch 150]  average training loss: 4952.9237
cellbender:remove-background: [epoch 150] average test loss: 4981.4711
cellbender:remove-background: Saving a checkpoint...
cellbender:remove-background: Saved checkpoint as /weka/scratch/scratch/Mon/mabdel03/Tsai_Data/Cellbender_Outputs/11453772/ckpt.tar.gz
cellbender:remove-background: 2026-01-31 18:12:58
cellbender:remove-background: Inference procedure complete.
cellbender:remove-background: Attempting to unpack tarball "ckpt.tar.gz" to /tmp/tmpp1c2g3mf
cellbender:remove-background: Successfully unpacked tarball to /tmp/tmpp1c2g3mf
/tmp/tmpp1c2g3mf/3a773407f1_random.pyro
/tmp/tmpp1c2g3mf/3a773407f1_random.cuda
/tmp/tmpp1c2g3mf/3a773407f1_model.torch
/tmp/tmpp1c2g3mf/3a773407f1_optim.torch
/tmp/tmpp1c2g3mf/3a773407f1_optim.pyro
/tmp/tmpp1c2g3mf/3a773407f1_params.pyro
/tmp/tmpp1c2g3mf/3a773407f1_train.loaderstate
/tmp/tmpp1c2g3mf/3a773407f1_test.loaderstate
/tmp/tmpp1c2g3mf/3a773407f1_args.npy
cellbender:remove-background: Posterior not currently included in checkpoint.
cellbender:remove-background: Computing posterior noise count probabilities in mini-batches.
cellbender:remove-background: Working on chunk (1/35)
cellbender:remove-background:     [0.04 mins per chunk]
cellbender:remove-background: Working on chunk (2/35)
cellbender:remove-background: Working on chunk (3/35)
cellbender:remove-background: Working on chunk (4/35)
cellbender:remove-background: Working on chunk (5/35)
cellbender:remove-background: Working on chunk (6/35)
cellbender:remove-background: Working on chunk (7/35)
cellbender:remove-background: Working on chunk (8/35)
cellbender:remove-background: Working on chunk (9/35)
cellbender:remove-background: Working on chunk (10/35)
cellbender:remove-background: Working on chunk (11/35)
cellbender:remove-background: Working on chunk (12/35)
cellbender:remove-background: Working on chunk (13/35)
cellbender:remove-background: Working on chunk (14/35)
cellbender:remove-background: Working on chunk (15/35)
cellbender:remove-background: Working on chunk (16/35)
cellbender:remove-background: Working on chunk (17/35)
cellbender:remove-background: Working on chunk (18/35)
cellbender:remove-background: Working on chunk (19/35)
cellbender:remove-background: Working on chunk (20/35)
cellbender:remove-background: Working on chunk (21/35)
cellbender:remove-background: Working on chunk (22/35)
cellbender:remove-background: Working on chunk (23/35)
cellbender:remove-background: Working on chunk (24/35)
cellbender:remove-background: Working on chunk (25/35)
cellbender:remove-background: Working on chunk (26/35)
cellbender:remove-background: Working on chunk (27/35)
cellbender:remove-background: Working on chunk (28/35)
cellbender:remove-background: Working on chunk (29/35)
cellbender:remove-background: Working on chunk (30/35)
cellbender:remove-background: Working on chunk (31/35)
cellbender:remove-background: Working on chunk (32/35)
cellbender:remove-background: Working on chunk (33/35)
cellbender:remove-background: Working on chunk (34/35)
cellbender:remove-background: Working on chunk (35/35)
cellbender:remove-background: Writing full posterior to /om/scratch/Mon/mabdel03/Tsai_Data/Cellbender_Outputs/11453772/processed_feature_bc_matrix_posterior.h5
cellbender:remove-background: Succeeded in writing posterior to file /om/scratch/Mon/mabdel03/Tsai_Data/Cellbender_Outputs/11453772/processed_feature_bc_matrix_posterior.h5
cellbender:remove-background: Added posterior object to checkpoint file.
cellbender:remove-background: 2026-01-31 18:16:41

cellbender:remove-background: Saved summary plots as /om/scratch/Mon/mabdel03/Tsai_Data/Cellbender_Outputs/11453772/processed_feature_bc_matrix.pdf
cellbender:remove-background: Saved cell barcodes in /om/scratch/Mon/mabdel03/Tsai_Data/Cellbender_Outputs/11453772/processed_feature_bc_matrix_cell_barcodes.csv
cellbender:remove-background: Computing target noise counts per gene for MCKP estimator
cellbender:remove-background: Using MCKP noise targets computed for FPR 0.0
cellbender:remove-background: Computing denoised counts using mckp estimator
cellbender:remove-background: Working on chunk (1/7)
cellbender:remove-background:     [1.60 mins per chunk]
cellbender:remove-background: Working on chunk (2/7)
cellbender:remove-background: Working on chunk (3/7)
cellbender:remove-background: Working on chunk (4/7)
cellbender:remove-background: Working on chunk (5/7)
cellbender:remove-background: Working on chunk (6/7)
cellbender:remove-background: Working on chunk (7/7)
cellbender:remove-background: 2026-01-31 18:28:12 Total MCKP estimation time = 658.98 sec
cellbender:remove-background: Succeeded in writing CellRanger format output to file /om/scratch/Mon/mabdel03/Tsai_Data/Cellbender_Outputs/11453772/processed_feature_bc_matrix.h5
cellbender:remove-background: Succeeded in writing CellRanger format output to file /om/scratch/Mon/mabdel03/Tsai_Data/Cellbender_Outputs/11453772/processed_feature_bc_matrix_filtered.h5
cellbender:remove-background: Saved output metrics as /om/scratch/Mon/mabdel03/Tsai_Data/Cellbender_Outputs/11453772/processed_feature_bc_matrix_metrics.csv
[NbConvertApp] Converting notebook tmp.report.ipynb to notebook
[NbConvertApp] Writing 497667 bytes to tmp.report.nbconvert.ipynb
[NbConvertApp] Converting notebook tmp.report.nbconvert.ipynb to html
[NbConvertApp] Writing 1072354 bytes to tmp.report.nbconvert.html
cellbender:remove-background: Succeeded in writing report to /om/scratch/Mon/mabdel03/Tsai_Data/Cellbender_Outputs/11453772/processed_feature_bc_matrix_report.html
cellbender:remove-background: Completed remove-background.
cellbender:remove-background: 2026-01-31 18:28:51

