cellbender:remove-background: Command:
cellbender remove-background --cuda --input /tmp/cellbender_44651251_159/raw_feature_bc_matrix.h5 --fpr 0 --output /om/scratch/Mon/mabdel03/Tsai_Data/Cellbender_Outputs/20767628/processed_feature_bc_matrix.h5
cellbender:remove-background: CellBender 0.3.0
cellbender:remove-background: (Workflow hash 9da98adc31)
cellbender:remove-background: 2026-01-31 22:36:27
cellbender:remove-background: Running remove-background
cellbender:remove-background: Loading data from /tmp/cellbender_44651251_159/raw_feature_bc_matrix.h5
cellbender:remove-background: CellRanger v3 format
cellbender:remove-background: Features in dataset: 36601 Gene Expression
cellbender:remove-background: Trimming features for inference.
cellbender:remove-background: 31855 features have nonzero counts.
cellbender:remove-background: Prior on counts for cells is 8305
cellbender:remove-background: Prior on counts for empty droplets is 198
cellbender:remove-background: Excluding 9272 features that are estimated to have <= 0.1 background counts in cells.
cellbender:remove-background: Including 22583 features in the analysis.
cellbender:remove-background: Trimming barcodes for inference.
cellbender:remove-background: Excluding barcodes with counts below 99
cellbender:remove-background: Using 2514 probable cell barcodes, plus an additional 9880 barcodes, and 60707 empty droplets.
cellbender:remove-background: Largest surely-empty droplet has 254 UMI counts.
cellbender:remove-background: Attempting to unpack tarball "ckpt.tar.gz" to /tmp/tmpqd95cpny
cellbender:remove-background: No saved checkpoint.
cellbender:remove-background: No checkpoint loaded.
cellbender:remove-background: Running inference...
cellbender:remove-background: [epoch 001]  average training loss: 11106.8440
cellbender:remove-background: [epoch 002]  average training loss: 9486.0823  (4.9 seconds per epoch)
cellbender:remove-background: Will checkpoint every 87 epochs
cellbender:remove-background: [epoch 003]  average training loss: 7833.2071
cellbender:remove-background: [epoch 004]  average training loss: 7107.7137
cellbender:remove-background: [epoch 005]  average training loss: 6728.3586
cellbender:remove-background: [epoch 005] average test loss: 6761.4054
cellbender:remove-background: [epoch 006]  average training loss: 6303.4503
cellbender:remove-background: [epoch 007]  average training loss: 6144.3894
cellbender:remove-background: [epoch 008]  average training loss: 6172.1681
cellbender:remove-background: [epoch 009]  average training loss: 6126.5138
cellbender:remove-background: [epoch 010]  average training loss: 6094.0244
cellbender:remove-background: [epoch 010] average test loss: 5950.6920
cellbender:remove-background: [epoch 011]  average training loss: 6094.5788
cellbender:remove-background: [epoch 012]  average training loss: 6039.2672
cellbender:remove-background: [epoch 013]  average training loss: 5989.9033
cellbender:remove-background: [epoch 014]  average training loss: 5845.5190
cellbender:remove-background: [epoch 015]  average training loss: 5735.7990
cellbender:remove-background: [epoch 015] average test loss: 5654.5146
cellbender:remove-background: [epoch 016]  average training loss: 5721.5749
cellbender:remove-background: [epoch 017]  average training loss: 5715.6518
cellbender:remove-background: [epoch 018]  average training loss: 5674.1985
cellbender:remove-background: [epoch 019]  average training loss: 5641.8948
cellbender:remove-background: [epoch 020]  average training loss: 5662.1360
cellbender:remove-background: [epoch 020] average test loss: 5674.8512
cellbender:remove-background: [epoch 021]  average training loss: 5635.9418
cellbender:remove-background: [epoch 022]  average training loss: 5641.4986
cellbender:remove-background: [epoch 023]  average training loss: 5595.6238
cellbender:remove-background: [epoch 024]  average training loss: 5605.8302
cellbender:remove-background: [epoch 025]  average training loss: 5590.9943
cellbender:remove-background: [epoch 025] average test loss: 5514.6536
cellbender:remove-background: [epoch 026]  average training loss: 5574.3846
cellbender:remove-background: [epoch 027]  average training loss: 5597.0565
cellbender:remove-background: [epoch 028]  average training loss: 5584.4287
cellbender:remove-background: [epoch 029]  average training loss: 5566.8128
cellbender:remove-background: [epoch 030]  average training loss: 5560.7420
cellbender:remove-background: [epoch 030] average test loss: 5469.1937
cellbender:remove-background: [epoch 031]  average training loss: 5507.8627
cellbender:remove-background: [epoch 032]  average training loss: 5502.3803
cellbender:remove-background: [epoch 033]  average training loss: 5464.0050
cellbender:remove-background: [epoch 034]  average training loss: 5452.2259
cellbender:remove-background: [epoch 035]  average training loss: 5449.2672
cellbender:remove-background: [epoch 035] average test loss: 5376.5968
cellbender:remove-background: [epoch 036]  average training loss: 5439.3838
cellbender:remove-background: [epoch 037]  average training loss: 5431.4304
cellbender:remove-background: [epoch 038]  average training loss: 5430.1429
cellbender:remove-background: [epoch 039]  average training loss: 5426.4400
cellbender:remove-background: [epoch 040]  average training loss: 5428.0179
cellbender:remove-background: [epoch 040] average test loss: 5358.9838
cellbender:remove-background: [epoch 041]  average training loss: 5411.7905
cellbender:remove-background: [epoch 042]  average training loss: 5412.7353
cellbender:remove-background: [epoch 043]  average training loss: 5404.3355
cellbender:remove-background: [epoch 044]  average training loss: 5403.8499
cellbender:remove-background: [epoch 045]  average training loss: 5400.2678
cellbender:remove-background: [epoch 045] average test loss: 5318.3018
cellbender:remove-background: [epoch 046]  average training loss: 5395.9238
cellbender:remove-background: [epoch 047]  average training loss: 5394.6491
cellbender:remove-background: [epoch 048]  average training loss: 5394.1045
cellbender:remove-background: [epoch 049]  average training loss: 5387.1991
cellbender:remove-background: [epoch 050]  average training loss: 5382.5068
cellbender:remove-background: [epoch 050] average test loss: 5317.5545
cellbender:remove-background: [epoch 051]  average training loss: 5373.4636
cellbender:remove-background: [epoch 052]  average training loss: 5370.6389
cellbender:remove-background: [epoch 053]  average training loss: 5372.7330
cellbender:remove-background: [epoch 054]  average training loss: 5369.5526
cellbender:remove-background: [epoch 055]  average training loss: 5363.9257
cellbender:remove-background: [epoch 055] average test loss: 5303.6809
cellbender:remove-background: [epoch 056]  average training loss: 5363.0324
cellbender:remove-background: [epoch 057]  average training loss: 5358.4135
cellbender:remove-background: [epoch 058]  average training loss: 5359.6257
cellbender:remove-background: [epoch 059]  average training loss: 5354.6093
cellbender:remove-background: [epoch 060]  average training loss: 5352.2977
cellbender:remove-background: [epoch 060] average test loss: 5302.7830
cellbender:remove-background: [epoch 061]  average training loss: 5352.4735
cellbender:remove-background: [epoch 062]  average training loss: 5347.1608
cellbender:remove-background: [epoch 063]  average training loss: 5352.2519
cellbender:remove-background: [epoch 064]  average training loss: 5349.9831
cellbender:remove-background: [epoch 065]  average training loss: 5354.4094
cellbender:remove-background: [epoch 065] average test loss: 5290.1140
cellbender:remove-background: [epoch 066]  average training loss: 5358.8425
cellbender:remove-background: [epoch 067]  average training loss: 5354.5085
cellbender:remove-background: [epoch 068]  average training loss: 5355.6498
cellbender:remove-background: [epoch 069]  average training loss: 5353.5821
cellbender:remove-background: [epoch 070]  average training loss: 5349.4450
cellbender:remove-background: [epoch 070] average test loss: 5290.3805
cellbender:remove-background: [epoch 071]  average training loss: 5352.3967
cellbender:remove-background: [epoch 072]  average training loss: 5342.2519
cellbender:remove-background: [epoch 073]  average training loss: 5346.6411
cellbender:remove-background: [epoch 074]  average training loss: 5341.1573
cellbender:remove-background: [epoch 075]  average training loss: 5346.6473
cellbender:remove-background: [epoch 075] average test loss: 5348.5280
cellbender:remove-background: [epoch 076]  average training loss: 5341.9306
cellbender:remove-background: [epoch 077]  average training loss: 5341.8936
cellbender:remove-background: [epoch 078]  average training loss: 5345.5419
cellbender:remove-background: [epoch 079]  average training loss: 5353.9528
cellbender:remove-background: [epoch 080]  average training loss: 5345.3621
cellbender:remove-background: [epoch 080] average test loss: 5356.1412
cellbender:remove-background: [epoch 081]  average training loss: 5348.7181
cellbender:remove-background: [epoch 082]  average training loss: 5351.9538
cellbender:remove-background: [epoch 083]  average training loss: 5350.9121
cellbender:remove-background: [epoch 084]  average training loss: 5346.3707
cellbender:remove-background: [epoch 085]  average training loss: 5350.2271
cellbender:remove-background: [epoch 085] average test loss: 5307.6741
cellbender:remove-background: [epoch 086]  average training loss: 5340.3937
cellbender:remove-background: [epoch 087]  average training loss: 5330.6946
cellbender:remove-background: Saving a checkpoint...
cellbender:remove-background: Saved checkpoint as /weka/scratch/scratch/Mon/mabdel03/Tsai_Data/Cellbender_Outputs/20767628/ckpt.tar.gz
cellbender:remove-background: [epoch 088]  average training loss: 5348.3312
cellbender:remove-background: [epoch 089]  average training loss: 5343.7004
cellbender:remove-background: [epoch 090]  average training loss: 5351.2638
cellbender:remove-background: [epoch 090] average test loss: 5306.1861
cellbender:remove-background: [epoch 091]  average training loss: 5349.8600
cellbender:remove-background: [epoch 092]  average training loss: 5363.0637
cellbender:remove-background: [epoch 093]  average training loss: 5347.9211
cellbender:remove-background: [epoch 094]  average training loss: 5343.8765
cellbender:remove-background: [epoch 095]  average training loss: 5360.3207
cellbender:remove-background: [epoch 095] average test loss: 5393.5158
cellbender:remove-background: [epoch 096]  average training loss: 5354.1195
cellbender:remove-background: [epoch 097]  average training loss: 5353.5820
cellbender:remove-background: [epoch 098]  average training loss: 5343.8935
cellbender:remove-background: [epoch 099]  average training loss: 5349.7357
cellbender:remove-background: [epoch 100]  average training loss: 5352.9371
cellbender:remove-background: [epoch 100] average test loss: 5315.1039
cellbender:remove-background: [epoch 101]  average training loss: 5357.9172
cellbender:remove-background: [epoch 102]  average training loss: 5358.4301
cellbender:remove-background: [epoch 103]  average training loss: 5356.0984
cellbender:remove-background: [epoch 104]  average training loss: 5340.7926
cellbender:remove-background: [epoch 105]  average training loss: 5349.4422
cellbender:remove-background: [epoch 105] average test loss: 5383.6668
cellbender:remove-background: [epoch 106]  average training loss: 5351.8208
cellbender:remove-background: [epoch 107]  average training loss: 5341.1326
cellbender:remove-background: [epoch 108]  average training loss: 5347.6800
cellbender:remove-background: [epoch 109]  average training loss: 5334.8156
cellbender:remove-background: [epoch 110]  average training loss: 5338.3841
cellbender:remove-background: [epoch 110] average test loss: 5368.4443
cellbender:remove-background: [epoch 111]  average training loss: 5356.7507
cellbender:remove-background: [epoch 112]  average training loss: 5342.8355
cellbender:remove-background: [epoch 113]  average training loss: 5348.4572
cellbender:remove-background: [epoch 114]  average training loss: 5354.6282
cellbender:remove-background: [epoch 115]  average training loss: 5342.7028
cellbender:remove-background: [epoch 115] average test loss: 5385.3545
cellbender:remove-background: [epoch 116]  average training loss: 5328.2730
cellbender:remove-background: [epoch 117]  average training loss: 5363.4986
cellbender:remove-background: [epoch 118]  average training loss: 5334.1629
cellbender:remove-background: [epoch 119]  average training loss: 5340.5202
cellbender:remove-background: [epoch 120]  average training loss: 5346.6642
cellbender:remove-background: [epoch 120] average test loss: 5370.6834
cellbender:remove-background: [epoch 121]  average training loss: 5342.1787
cellbender:remove-background: [epoch 122]  average training loss: 5323.3944
cellbender:remove-background: [epoch 123]  average training loss: 5348.9126
cellbender:remove-background: [epoch 124]  average training loss: 5357.7419
cellbender:remove-background: [epoch 125]  average training loss: 5342.0410
cellbender:remove-background: [epoch 125] average test loss: 5362.5076
cellbender:remove-background: [epoch 126]  average training loss: 5335.6759
cellbender:remove-background: [epoch 127]  average training loss: 5329.6047
cellbender:remove-background: [epoch 128]  average training loss: 5335.8909
cellbender:remove-background: [epoch 129]  average training loss: 5327.9132
cellbender:remove-background: [epoch 130]  average training loss: 5341.3635
cellbender:remove-background: [epoch 130] average test loss: 5423.1603
cellbender:remove-background: [epoch 131]  average training loss: 5336.4924
cellbender:remove-background: [epoch 132]  average training loss: 5340.8857
cellbender:remove-background: [epoch 133]  average training loss: 5345.3576
cellbender:remove-background: [epoch 134]  average training loss: 5342.4090
cellbender:remove-background: [epoch 135]  average training loss: 5333.3189
cellbender:remove-background: [epoch 135] average test loss: 5377.4869
cellbender:remove-background: [epoch 136]  average training loss: 5338.0024
cellbender:remove-background: [epoch 137]  average training loss: 5328.7590
cellbender:remove-background: [epoch 138]  average training loss: 5332.4489
cellbender:remove-background: [epoch 139]  average training loss: 5327.9117
cellbender:remove-background: [epoch 140]  average training loss: 5337.3248
cellbender:remove-background: [epoch 140] average test loss: 5346.9725
cellbender:remove-background: [epoch 141]  average training loss: 5326.1546
cellbender:remove-background: [epoch 142]  average training loss: 5332.9759
cellbender:remove-background: [epoch 143]  average training loss: 5337.0064
cellbender:remove-background: [epoch 144]  average training loss: 5361.0027
cellbender:remove-background: [epoch 145]  average training loss: 5331.9017
cellbender:remove-background: [epoch 145] average test loss: 5372.9363
cellbender:remove-background: [epoch 146]  average training loss: 5330.1374
cellbender:remove-background: [epoch 147]  average training loss: 5328.5688
cellbender:remove-background: [epoch 148]  average training loss: 5329.6329
cellbender:remove-background: [epoch 149]  average training loss: 5332.9247
cellbender:remove-background: [epoch 150]  average training loss: 5334.8595
cellbender:remove-background: [epoch 150] average test loss: 5370.8034
cellbender:remove-background: Saving a checkpoint...
cellbender:remove-background: Saved checkpoint as /weka/scratch/scratch/Mon/mabdel03/Tsai_Data/Cellbender_Outputs/20767628/ckpt.tar.gz
cellbender:remove-background: 2026-01-31 22:51:11
cellbender:remove-background: Inference procedure complete.
cellbender:remove-background: Attempting to unpack tarball "ckpt.tar.gz" to /tmp/tmpqh6wdfsh
cellbender:remove-background: Successfully unpacked tarball to /tmp/tmpqh6wdfsh
/tmp/tmpqh6wdfsh/9da98adc31_random.pyro
/tmp/tmpqh6wdfsh/9da98adc31_random.cuda
/tmp/tmpqh6wdfsh/9da98adc31_model.torch
/tmp/tmpqh6wdfsh/9da98adc31_optim.torch
/tmp/tmpqh6wdfsh/9da98adc31_optim.pyro
/tmp/tmpqh6wdfsh/9da98adc31_params.pyro
/tmp/tmpqh6wdfsh/9da98adc31_train.loaderstate
/tmp/tmpqh6wdfsh/9da98adc31_test.loaderstate
/tmp/tmpqh6wdfsh/9da98adc31_args.npy
cellbender:remove-background: Posterior not currently included in checkpoint.
cellbender:remove-background: Computing posterior noise count probabilities in mini-batches.
cellbender:remove-background: Working on chunk (1/54)
cellbender:remove-background:     [0.04 mins per chunk]
cellbender:remove-background: Working on chunk (2/54)
cellbender:remove-background: Working on chunk (3/54)
cellbender:remove-background: Working on chunk (4/54)
cellbender:remove-background: Working on chunk (5/54)
cellbender:remove-background: Working on chunk (6/54)
cellbender:remove-background: Working on chunk (7/54)
cellbender:remove-background: Working on chunk (8/54)
cellbender:remove-background: Working on chunk (9/54)
cellbender:remove-background: Working on chunk (10/54)
cellbender:remove-background: Working on chunk (11/54)
cellbender:remove-background: Working on chunk (12/54)
cellbender:remove-background: Working on chunk (13/54)
cellbender:remove-background: Working on chunk (14/54)
cellbender:remove-background: Working on chunk (15/54)
cellbender:remove-background: Working on chunk (16/54)
cellbender:remove-background: Working on chunk (17/54)
cellbender:remove-background: Working on chunk (18/54)
cellbender:remove-background: Working on chunk (19/54)
cellbender:remove-background: Working on chunk (20/54)
cellbender:remove-background: Working on chunk (21/54)
cellbender:remove-background: Working on chunk (22/54)
cellbender:remove-background: Working on chunk (23/54)
cellbender:remove-background: Working on chunk (24/54)
cellbender:remove-background: Working on chunk (25/54)
cellbender:remove-background: Working on chunk (26/54)
cellbender:remove-background: Working on chunk (27/54)
cellbender:remove-background: Working on chunk (28/54)
cellbender:remove-background: Working on chunk (29/54)
cellbender:remove-background: Working on chunk (30/54)
cellbender:remove-background: Working on chunk (31/54)
cellbender:remove-background: Working on chunk (32/54)
cellbender:remove-background: Working on chunk (33/54)
cellbender:remove-background: Working on chunk (34/54)
cellbender:remove-background: Working on chunk (35/54)
cellbender:remove-background: Working on chunk (36/54)
cellbender:remove-background: Working on chunk (37/54)
cellbender:remove-background: Working on chunk (38/54)
cellbender:remove-background: Working on chunk (39/54)
cellbender:remove-background: Working on chunk (40/54)
cellbender:remove-background: Working on chunk (41/54)
cellbender:remove-background: Working on chunk (42/54)
cellbender:remove-background: Working on chunk (43/54)
cellbender:remove-background: Working on chunk (44/54)
cellbender:remove-background: Working on chunk (45/54)
cellbender:remove-background: Working on chunk (46/54)
cellbender:remove-background: Working on chunk (47/54)
cellbender:remove-background: Working on chunk (48/54)
cellbender:remove-background: Working on chunk (49/54)
cellbender:remove-background: Working on chunk (50/54)
cellbender:remove-background: Working on chunk (51/54)
cellbender:remove-background: Working on chunk (52/54)
cellbender:remove-background: Working on chunk (53/54)
cellbender:remove-background: Working on chunk (54/54)
cellbender:remove-background: Writing full posterior to /om/scratch/Mon/mabdel03/Tsai_Data/Cellbender_Outputs/20767628/processed_feature_bc_matrix_posterior.h5
cellbender:remove-background: Succeeded in writing posterior to file /om/scratch/Mon/mabdel03/Tsai_Data/Cellbender_Outputs/20767628/processed_feature_bc_matrix_posterior.h5
cellbender:remove-background: Added posterior object to checkpoint file.
cellbender:remove-background: 2026-01-31 22:56:25

cellbender:remove-background: Saved summary plots as /om/scratch/Mon/mabdel03/Tsai_Data/Cellbender_Outputs/20767628/processed_feature_bc_matrix.pdf
cellbender:remove-background: Saved cell barcodes in /om/scratch/Mon/mabdel03/Tsai_Data/Cellbender_Outputs/20767628/processed_feature_bc_matrix_cell_barcodes.csv
cellbender:remove-background: Computing target noise counts per gene for MCKP estimator
cellbender:remove-background: Using MCKP noise targets computed for FPR 0.0
cellbender:remove-background: Computing denoised counts using mckp estimator
cellbender:remove-background: Working on chunk (1/7)
cellbender:remove-background:     [2.33 mins per chunk]
cellbender:remove-background: Working on chunk (2/7)
cellbender:remove-background: Working on chunk (3/7)
cellbender:remove-background: Working on chunk (4/7)
cellbender:remove-background: Working on chunk (5/7)
cellbender:remove-background: Working on chunk (6/7)
cellbender:remove-background: Working on chunk (7/7)
cellbender:remove-background: 2026-01-31 23:13:34 Total MCKP estimation time = 986.03 sec
cellbender:remove-background: Succeeded in writing CellRanger format output to file /om/scratch/Mon/mabdel03/Tsai_Data/Cellbender_Outputs/20767628/processed_feature_bc_matrix.h5
cellbender:remove-background: Succeeded in writing CellRanger format output to file /om/scratch/Mon/mabdel03/Tsai_Data/Cellbender_Outputs/20767628/processed_feature_bc_matrix_filtered.h5
cellbender:remove-background: Saved output metrics as /om/scratch/Mon/mabdel03/Tsai_Data/Cellbender_Outputs/20767628/processed_feature_bc_matrix_metrics.csv
[NbConvertApp] Converting notebook tmp.report.ipynb to notebook
[NbConvertApp] Writing 563416 bytes to tmp.report.nbconvert.ipynb
[NbConvertApp] Converting notebook tmp.report.nbconvert.ipynb to html
[NbConvertApp] Writing 1138103 bytes to tmp.report.nbconvert.html
cellbender:remove-background: Succeeded in writing report to /om/scratch/Mon/mabdel03/Tsai_Data/Cellbender_Outputs/20767628/processed_feature_bc_matrix_report.html
cellbender:remove-background: Completed remove-background.
cellbender:remove-background: 2026-01-31 23:14:23

