cellbender:remove-background: Command:
cellbender remove-background --cuda --input /tmp/cellbender_44649491_89/raw_feature_bc_matrix.h5 --fpr 0 --output /om/scratch/Mon/mabdel03/Tsai_Data/Cellbender_Outputs/15218541/processed_feature_bc_matrix.h5
cellbender:remove-background: CellBender 0.3.0
cellbender:remove-background: (Workflow hash ae09ee7279)
cellbender:remove-background: 2026-01-31 19:13:26
cellbender:remove-background: Running remove-background
cellbender:remove-background: Loading data from /tmp/cellbender_44649491_89/raw_feature_bc_matrix.h5
cellbender:remove-background: CellRanger v3 format
cellbender:remove-background: Features in dataset: 36601 Gene Expression
cellbender:remove-background: Trimming features for inference.
cellbender:remove-background: 28777 features have nonzero counts.
cellbender:remove-background: Prior on counts for cells is 1720
cellbender:remove-background: Prior on counts for empty droplets is 48
cellbender:remove-background: Excluding 9417 features that are estimated to have <= 0.1 background counts in cells.
cellbender:remove-background: Including 19360 features in the analysis.
cellbender:remove-background: Trimming barcodes for inference.
cellbender:remove-background: Excluding barcodes with counts below 24
cellbender:remove-background: Using 3212 probable cell barcodes, plus an additional 12364 barcodes, and 51682 empty droplets.
cellbender:remove-background: Largest surely-empty droplet has 54 UMI counts.
cellbender:remove-background: Attempting to unpack tarball "ckpt.tar.gz" to /tmp/tmpuhlvyba3
cellbender:remove-background: No saved checkpoint.
cellbender:remove-background: No checkpoint loaded.
cellbender:remove-background: Running inference...
cellbender:remove-background: [epoch 001]  average training loss: 3261.0393
cellbender:remove-background: [epoch 002]  average training loss: 2854.1220  (5.1 seconds per epoch)
cellbender:remove-background: Will checkpoint every 82 epochs
cellbender:remove-background: [epoch 003]  average training loss: 2567.3643
cellbender:remove-background: [epoch 004]  average training loss: 2390.5622
cellbender:remove-background: [epoch 005]  average training loss: 2249.0911
cellbender:remove-background: [epoch 005] average test loss: 2231.4592
cellbender:remove-background: [epoch 006]  average training loss: 2199.5727
cellbender:remove-background: [epoch 007]  average training loss: 2174.0800
cellbender:remove-background: [epoch 008]  average training loss: 2155.1950
cellbender:remove-background: [epoch 009]  average training loss: 2153.2214
cellbender:remove-background: [epoch 010]  average training loss: 2145.2854
cellbender:remove-background: [epoch 010] average test loss: 2107.4315
cellbender:remove-background: [epoch 011]  average training loss: 2142.9518
cellbender:remove-background: [epoch 012]  average training loss: 2139.8712
cellbender:remove-background: [epoch 013]  average training loss: 2138.2314
cellbender:remove-background: [epoch 014]  average training loss: 2136.7271
cellbender:remove-background: [epoch 015]  average training loss: 2133.7804
cellbender:remove-background: [epoch 015] average test loss: 2088.7955
cellbender:remove-background: [epoch 016]  average training loss: 2123.0935
cellbender:remove-background: [epoch 017]  average training loss: 2088.8464
cellbender:remove-background: [epoch 018]  average training loss: 2077.9548
cellbender:remove-background: [epoch 019]  average training loss: 2070.3514
cellbender:remove-background: [epoch 020]  average training loss: 2068.9492
cellbender:remove-background: [epoch 020] average test loss: 2033.6535
cellbender:remove-background: [epoch 021]  average training loss: 2064.5836
cellbender:remove-background: [epoch 022]  average training loss: 2064.3978
cellbender:remove-background: [epoch 023]  average training loss: 2061.4968
cellbender:remove-background: [epoch 024]  average training loss: 2058.8792
cellbender:remove-background: [epoch 025]  average training loss: 2055.8346
cellbender:remove-background: [epoch 025] average test loss: 2039.9050
cellbender:remove-background: [epoch 026]  average training loss: 2056.3902
cellbender:remove-background: [epoch 027]  average training loss: 2053.5408
cellbender:remove-background: [epoch 028]  average training loss: 2053.3861
cellbender:remove-background: [epoch 029]  average training loss: 2053.2197
cellbender:remove-background: [epoch 030]  average training loss: 2051.9088
cellbender:remove-background: [epoch 030] average test loss: 2016.6960
cellbender:remove-background: [epoch 031]  average training loss: 2051.0702
cellbender:remove-background: [epoch 032]  average training loss: 2050.3398
cellbender:remove-background: [epoch 033]  average training loss: 2048.7076
cellbender:remove-background: [epoch 034]  average training loss: 2048.9949
cellbender:remove-background: [epoch 035]  average training loss: 2046.8560
cellbender:remove-background: [epoch 035] average test loss: 2022.4763
cellbender:remove-background: [epoch 036]  average training loss: 2045.8311
cellbender:remove-background: [epoch 037]  average training loss: 2043.9366
cellbender:remove-background: [epoch 038]  average training loss: 2043.2403
cellbender:remove-background: [epoch 039]  average training loss: 2038.8347
cellbender:remove-background: [epoch 040]  average training loss: 2036.7763
cellbender:remove-background: [epoch 040] average test loss: 2003.5171
cellbender:remove-background: [epoch 041]  average training loss: 2030.0465
cellbender:remove-background: [epoch 042]  average training loss: 2026.3323
cellbender:remove-background: [epoch 043]  average training loss: 2023.9523
cellbender:remove-background: [epoch 044]  average training loss: 2022.3480
cellbender:remove-background: [epoch 045]  average training loss: 2019.5890
cellbender:remove-background: [epoch 045] average test loss: 1993.1413
cellbender:remove-background: [epoch 046]  average training loss: 2019.3554
cellbender:remove-background: [epoch 047]  average training loss: 2018.0857
cellbender:remove-background: [epoch 048]  average training loss: 2016.1772
cellbender:remove-background: [epoch 049]  average training loss: 2014.4501
cellbender:remove-background: [epoch 050]  average training loss: 2013.0636
cellbender:remove-background: [epoch 050] average test loss: 1985.3010
cellbender:remove-background: [epoch 051]  average training loss: 2009.7858
cellbender:remove-background: [epoch 052]  average training loss: 2008.8036
cellbender:remove-background: [epoch 053]  average training loss: 2007.5832
cellbender:remove-background: [epoch 054]  average training loss: 2004.9161
cellbender:remove-background: [epoch 055]  average training loss: 2004.1569
cellbender:remove-background: [epoch 055] average test loss: 1970.6539
cellbender:remove-background: [epoch 056]  average training loss: 2002.9192
cellbender:remove-background: [epoch 057]  average training loss: 2001.6288
cellbender:remove-background: [epoch 058]  average training loss: 2000.4567
cellbender:remove-background: [epoch 059]  average training loss: 1999.4304
cellbender:remove-background: [epoch 060]  average training loss: 1998.4980
cellbender:remove-background: [epoch 060] average test loss: 1965.6026
cellbender:remove-background: [epoch 061]  average training loss: 1997.5468
cellbender:remove-background: [epoch 062]  average training loss: 1996.1397
cellbender:remove-background: [epoch 063]  average training loss: 1995.1813
cellbender:remove-background: [epoch 064]  average training loss: 1994.2104
cellbender:remove-background: [epoch 065]  average training loss: 1992.9619
cellbender:remove-background: [epoch 065] average test loss: 1962.2574
cellbender:remove-background: [epoch 066]  average training loss: 1993.2423
cellbender:remove-background: [epoch 067]  average training loss: 1993.3891
cellbender:remove-background: [epoch 068]  average training loss: 1990.4781
cellbender:remove-background: [epoch 069]  average training loss: 1989.7736
cellbender:remove-background: [epoch 070]  average training loss: 1989.8935
cellbender:remove-background: [epoch 070] average test loss: 1962.3956
cellbender:remove-background: [epoch 071]  average training loss: 1989.5040
cellbender:remove-background: [epoch 072]  average training loss: 1987.5695
cellbender:remove-background: [epoch 073]  average training loss: 1987.6612
cellbender:remove-background: [epoch 074]  average training loss: 1987.0860
cellbender:remove-background: [epoch 075]  average training loss: 1986.2662
cellbender:remove-background: [epoch 075] average test loss: 1955.4741
cellbender:remove-background: [epoch 076]  average training loss: 1986.8187
cellbender:remove-background: [epoch 077]  average training loss: 1985.5123
cellbender:remove-background: [epoch 078]  average training loss: 1985.6774
cellbender:remove-background: [epoch 079]  average training loss: 1985.2675
cellbender:remove-background: [epoch 080]  average training loss: 1983.0868
cellbender:remove-background: [epoch 080] average test loss: 1957.3365
cellbender:remove-background: [epoch 081]  average training loss: 1984.0867
cellbender:remove-background: [epoch 082]  average training loss: 1982.9217
cellbender:remove-background: Saving a checkpoint...
cellbender:remove-background: Saved checkpoint as /weka/scratch/scratch/Mon/mabdel03/Tsai_Data/Cellbender_Outputs/15218541/ckpt.tar.gz
cellbender:remove-background: [epoch 083]  average training loss: 1982.9191
cellbender:remove-background: [epoch 084]  average training loss: 1982.2920
cellbender:remove-background: [epoch 085]  average training loss: 1981.2642
cellbender:remove-background: [epoch 085] average test loss: 1956.5868
cellbender:remove-background: [epoch 086]  average training loss: 1981.1770
cellbender:remove-background: [epoch 087]  average training loss: 1979.2085
cellbender:remove-background: [epoch 088]  average training loss: 1980.5189
cellbender:remove-background: [epoch 089]  average training loss: 1979.4704
cellbender:remove-background: [epoch 090]  average training loss: 1980.2550
cellbender:remove-background: [epoch 090] average test loss: 1953.8401
cellbender:remove-background: [epoch 091]  average training loss: 1978.5940
cellbender:remove-background: [epoch 092]  average training loss: 1977.8659
cellbender:remove-background: [epoch 093]  average training loss: 1978.4864
cellbender:remove-background: [epoch 094]  average training loss: 1977.5139
cellbender:remove-background: [epoch 095]  average training loss: 1977.2589
cellbender:remove-background: [epoch 095] average test loss: 1952.6460
cellbender:remove-background: [epoch 096]  average training loss: 1977.8300
cellbender:remove-background: [epoch 097]  average training loss: 1976.8358
cellbender:remove-background: [epoch 098]  average training loss: 1976.5972
cellbender:remove-background: [epoch 099]  average training loss: 1975.9268
cellbender:remove-background: [epoch 100]  average training loss: 1976.0740
cellbender:remove-background: [epoch 100] average test loss: 1951.0995
cellbender:remove-background: [epoch 101]  average training loss: 1975.7621
cellbender:remove-background: [epoch 102]  average training loss: 1974.5019
cellbender:remove-background: [epoch 103]  average training loss: 1975.1838
cellbender:remove-background: [epoch 104]  average training loss: 1974.0120
cellbender:remove-background: [epoch 105]  average training loss: 1973.9675
cellbender:remove-background: [epoch 105] average test loss: 1952.5062
cellbender:remove-background: [epoch 106]  average training loss: 1973.4009
cellbender:remove-background: [epoch 107]  average training loss: 1972.9704
cellbender:remove-background: [epoch 108]  average training loss: 1973.4237
cellbender:remove-background: [epoch 109]  average training loss: 1973.0152
cellbender:remove-background: [epoch 110]  average training loss: 1972.9212
cellbender:remove-background: [epoch 110] average test loss: 1951.1309
cellbender:remove-background: [epoch 111]  average training loss: 1973.3040
cellbender:remove-background: [epoch 112]  average training loss: 1972.5009
cellbender:remove-background: [epoch 113]  average training loss: 1972.1387
cellbender:remove-background: [epoch 114]  average training loss: 1971.9974
cellbender:remove-background: [epoch 115]  average training loss: 1971.8524
cellbender:remove-background: [epoch 115] average test loss: 1950.3222
cellbender:remove-background: [epoch 116]  average training loss: 1971.6384
cellbender:remove-background: [epoch 117]  average training loss: 1971.2769
cellbender:remove-background: [epoch 118]  average training loss: 1970.5389
cellbender:remove-background: [epoch 119]  average training loss: 1971.1845
cellbender:remove-background: [epoch 120]  average training loss: 1970.5949
cellbender:remove-background: [epoch 120] average test loss: 1949.4311
cellbender:remove-background: [epoch 121]  average training loss: 1970.3361
cellbender:remove-background: [epoch 122]  average training loss: 1969.9257
cellbender:remove-background: [epoch 123]  average training loss: 1970.1492
cellbender:remove-background: [epoch 124]  average training loss: 1969.6577
cellbender:remove-background: [epoch 125]  average training loss: 1969.5863
cellbender:remove-background: [epoch 125] average test loss: 1948.4244
cellbender:remove-background: [epoch 126]  average training loss: 1969.3422
cellbender:remove-background: [epoch 127]  average training loss: 1970.2296
cellbender:remove-background: [epoch 128]  average training loss: 1969.2735
cellbender:remove-background: [epoch 129]  average training loss: 1969.1333
cellbender:remove-background: [epoch 130]  average training loss: 1968.5595
cellbender:remove-background: [epoch 130] average test loss: 1946.6243
cellbender:remove-background: [epoch 131]  average training loss: 1968.3416
cellbender:remove-background: [epoch 132]  average training loss: 1969.2330
cellbender:remove-background: [epoch 133]  average training loss: 1968.6222
cellbender:remove-background: [epoch 134]  average training loss: 1968.6256
cellbender:remove-background: [epoch 135]  average training loss: 1969.0019
cellbender:remove-background: [epoch 135] average test loss: 1950.0241
cellbender:remove-background: [epoch 136]  average training loss: 1968.5235
cellbender:remove-background: [epoch 137]  average training loss: 1969.0459
cellbender:remove-background: [epoch 138]  average training loss: 1968.7806
cellbender:remove-background: [epoch 139]  average training loss: 1968.9445
cellbender:remove-background: [epoch 140]  average training loss: 1968.2829
cellbender:remove-background: [epoch 140] average test loss: 1949.5858
cellbender:remove-background: [epoch 141]  average training loss: 1968.6840
cellbender:remove-background: [epoch 142]  average training loss: 1968.6094
cellbender:remove-background: [epoch 143]  average training loss: 1968.3053
cellbender:remove-background: [epoch 144]  average training loss: 1968.4681
cellbender:remove-background: [epoch 145]  average training loss: 1967.8637
cellbender:remove-background: [epoch 145] average test loss: 1950.2458
cellbender:remove-background: [epoch 146]  average training loss: 1968.1827
cellbender:remove-background: [epoch 147]  average training loss: 1968.5973
cellbender:remove-background: [epoch 148]  average training loss: 1967.8819
cellbender:remove-background: [epoch 149]  average training loss: 1968.6289
cellbender:remove-background: [epoch 150]  average training loss: 1968.3358
cellbender:remove-background: [epoch 150] average test loss: 1950.0088
cellbender:remove-background: Saving a checkpoint...
cellbender:remove-background: Saved checkpoint as /weka/scratch/scratch/Mon/mabdel03/Tsai_Data/Cellbender_Outputs/15218541/ckpt.tar.gz
cellbender:remove-background: 2026-01-31 19:28:37
cellbender:remove-background: Inference procedure complete.
cellbender:remove-background: Attempting to unpack tarball "ckpt.tar.gz" to /tmp/tmpd3fs7qo7
cellbender:remove-background: Successfully unpacked tarball to /tmp/tmpd3fs7qo7
/tmp/tmpd3fs7qo7/ae09ee7279_random.pyro
/tmp/tmpd3fs7qo7/ae09ee7279_random.cuda
/tmp/tmpd3fs7qo7/ae09ee7279_model.torch
/tmp/tmpd3fs7qo7/ae09ee7279_optim.torch
/tmp/tmpd3fs7qo7/ae09ee7279_optim.pyro
/tmp/tmpd3fs7qo7/ae09ee7279_params.pyro
/tmp/tmpd3fs7qo7/ae09ee7279_train.loaderstate
/tmp/tmpd3fs7qo7/ae09ee7279_test.loaderstate
/tmp/tmpd3fs7qo7/ae09ee7279_args.npy
cellbender:remove-background: Posterior not currently included in checkpoint.
cellbender:remove-background: Computing posterior noise count probabilities in mini-batches.
cellbender:remove-background: Working on chunk (1/53)
cellbender:remove-background:     [0.03 mins per chunk]
cellbender:remove-background: Working on chunk (2/53)
cellbender:remove-background: Working on chunk (3/53)
cellbender:remove-background: Working on chunk (4/53)
cellbender:remove-background: Working on chunk (5/53)
cellbender:remove-background: Working on chunk (6/53)
cellbender:remove-background: Working on chunk (7/53)
cellbender:remove-background: Working on chunk (8/53)
cellbender:remove-background: Working on chunk (9/53)
cellbender:remove-background: Working on chunk (10/53)
cellbender:remove-background: Working on chunk (11/53)
cellbender:remove-background: Working on chunk (12/53)
cellbender:remove-background: Working on chunk (13/53)
cellbender:remove-background: Working on chunk (14/53)
cellbender:remove-background: Working on chunk (15/53)
cellbender:remove-background: Working on chunk (16/53)
cellbender:remove-background: Working on chunk (17/53)
cellbender:remove-background: Working on chunk (18/53)
cellbender:remove-background: Working on chunk (19/53)
cellbender:remove-background: Working on chunk (20/53)
cellbender:remove-background: Working on chunk (21/53)
cellbender:remove-background: Working on chunk (22/53)
cellbender:remove-background: Working on chunk (23/53)
cellbender:remove-background: Working on chunk (24/53)
cellbender:remove-background: Working on chunk (25/53)
cellbender:remove-background: Working on chunk (26/53)
cellbender:remove-background: Working on chunk (27/53)
cellbender:remove-background: Working on chunk (28/53)
cellbender:remove-background: Working on chunk (29/53)
cellbender:remove-background: Working on chunk (30/53)
cellbender:remove-background: Working on chunk (31/53)
cellbender:remove-background: Working on chunk (32/53)
cellbender:remove-background: Working on chunk (33/53)
cellbender:remove-background: Working on chunk (34/53)
cellbender:remove-background: Working on chunk (35/53)
cellbender:remove-background: Working on chunk (36/53)
cellbender:remove-background: Working on chunk (37/53)
cellbender:remove-background: Working on chunk (38/53)
cellbender:remove-background: Working on chunk (39/53)
cellbender:remove-background: Working on chunk (40/53)
cellbender:remove-background: Working on chunk (41/53)
cellbender:remove-background: Working on chunk (42/53)
cellbender:remove-background: Working on chunk (43/53)
cellbender:remove-background: Working on chunk (44/53)
cellbender:remove-background: Working on chunk (45/53)
cellbender:remove-background: Working on chunk (46/53)
cellbender:remove-background: Working on chunk (47/53)
cellbender:remove-background: Working on chunk (48/53)
cellbender:remove-background: Working on chunk (49/53)
cellbender:remove-background: Working on chunk (50/53)
cellbender:remove-background: Working on chunk (51/53)
cellbender:remove-background: Working on chunk (52/53)
cellbender:remove-background: Working on chunk (53/53)
cellbender:remove-background: Writing full posterior to /om/scratch/Mon/mabdel03/Tsai_Data/Cellbender_Outputs/15218541/processed_feature_bc_matrix_posterior.h5
cellbender:remove-background: Succeeded in writing posterior to file /om/scratch/Mon/mabdel03/Tsai_Data/Cellbender_Outputs/15218541/processed_feature_bc_matrix_posterior.h5
cellbender:remove-background: Added posterior object to checkpoint file.
cellbender:remove-background: 2026-01-31 19:32:13

cellbender:remove-background: Saved summary plots as /om/scratch/Mon/mabdel03/Tsai_Data/Cellbender_Outputs/15218541/processed_feature_bc_matrix.pdf
cellbender:remove-background: Saved cell barcodes in /om/scratch/Mon/mabdel03/Tsai_Data/Cellbender_Outputs/15218541/processed_feature_bc_matrix_cell_barcodes.csv
cellbender:remove-background: Computing target noise counts per gene for MCKP estimator
cellbender:remove-background: Using MCKP noise targets computed for FPR 0.0
cellbender:remove-background: Computing denoised counts using mckp estimator
cellbender:remove-background: Working on chunk (1/7)
cellbender:remove-background:     [0.90 mins per chunk]
cellbender:remove-background: Working on chunk (2/7)
cellbender:remove-background: Working on chunk (3/7)
cellbender:remove-background: Working on chunk (4/7)
cellbender:remove-background: Working on chunk (5/7)
cellbender:remove-background: Working on chunk (6/7)
cellbender:remove-background: Working on chunk (7/7)
cellbender:remove-background: 2026-01-31 19:38:53 Total MCKP estimation time = 382.59 sec
cellbender:remove-background: Succeeded in writing CellRanger format output to file /om/scratch/Mon/mabdel03/Tsai_Data/Cellbender_Outputs/15218541/processed_feature_bc_matrix.h5
cellbender:remove-background: Succeeded in writing CellRanger format output to file /om/scratch/Mon/mabdel03/Tsai_Data/Cellbender_Outputs/15218541/processed_feature_bc_matrix_filtered.h5
cellbender:remove-background: Saved output metrics as /om/scratch/Mon/mabdel03/Tsai_Data/Cellbender_Outputs/15218541/processed_feature_bc_matrix_metrics.csv
[NbConvertApp] Converting notebook tmp.report.ipynb to notebook
[NbConvertApp] Writing 526351 bytes to tmp.report.nbconvert.ipynb
[NbConvertApp] Converting notebook tmp.report.nbconvert.ipynb to html
[NbConvertApp] Writing 1101038 bytes to tmp.report.nbconvert.html
cellbender:remove-background: Succeeded in writing report to /om/scratch/Mon/mabdel03/Tsai_Data/Cellbender_Outputs/15218541/processed_feature_bc_matrix_report.html
cellbender:remove-background: Completed remove-background.
cellbender:remove-background: 2026-01-31 19:39:21

