cellbender:remove-background: Command:
cellbender remove-background --cuda --input /om/scratch/Mon/mabdel03/Tsai_Data/Cellranger_Outputs/7253015/outs/raw_feature_bc_matrix.h5 --fpr 0 --output /om/scratch/Mon/mabdel03/Tsai_Data/Cellbender_Outputs/7253015/processed_feature_bc_matrix.h5
cellbender:remove-background: CellBender 0.3.0
cellbender:remove-background: (Workflow hash 3267be7e10)
cellbender:remove-background: 2026-02-02 02:43:48
cellbender:remove-background: Running remove-background
cellbender:remove-background: Loading data from /om/scratch/Mon/mabdel03/Tsai_Data/Cellranger_Outputs/7253015/outs/raw_feature_bc_matrix.h5
cellbender:remove-background: CellRanger v3 format
cellbender:remove-background: Features in dataset: 36601 Gene Expression
cellbender:remove-background: Trimming features for inference.
cellbender:remove-background: 31763 features have nonzero counts.
cellbender:remove-background: Prior on counts for cells is 12823
cellbender:remove-background: Prior on counts for empty droplets is 132
cellbender:remove-background: Excluding 8418 features that are estimated to have <= 0.1 background counts in cells.
cellbender:remove-background: Including 23345 features in the analysis.
cellbender:remove-background: Trimming barcodes for inference.
cellbender:remove-background: Excluding barcodes with counts below 66
cellbender:remove-background: Using 2338 probable cell barcodes, plus an additional 8192 barcodes, and 66582 empty droplets.
cellbender:remove-background: Largest surely-empty droplet has 162 UMI counts.
cellbender:remove-background: Attempting to unpack tarball "ckpt.tar.gz" to /tmp/tmpdwzax78l
cellbender:remove-background: No saved checkpoint.
cellbender:remove-background: No checkpoint loaded.
cellbender:remove-background: Running inference...
cellbender:remove-background: [epoch 001]  average training loss: 13846.2543
cellbender:remove-background: [epoch 002]  average training loss: 11349.3018  (5.4 seconds per epoch)
cellbender:remove-background: Will checkpoint every 78 epochs
cellbender:remove-background: [epoch 003]  average training loss: 9248.9485
cellbender:remove-background: [epoch 004]  average training loss: 7969.3110
cellbender:remove-background: [epoch 005]  average training loss: 7078.5359
cellbender:remove-background: [epoch 005] average test loss: 7637.7719
cellbender:remove-background: [epoch 006]  average training loss: 6698.0809
cellbender:remove-background: [epoch 007]  average training loss: 6330.0209
cellbender:remove-background: [epoch 008]  average training loss: 6165.4054
cellbender:remove-background: [epoch 009]  average training loss: 6197.0565
cellbender:remove-background: [epoch 010]  average training loss: 6178.6446
cellbender:remove-background: [epoch 010] average test loss: 6019.4820
cellbender:remove-background: [epoch 011]  average training loss: 6117.6685
cellbender:remove-background: [epoch 012]  average training loss: 6043.7058
cellbender:remove-background: [epoch 013]  average training loss: 6058.5558
cellbender:remove-background: [epoch 014]  average training loss: 5898.3514
cellbender:remove-background: [epoch 015]  average training loss: 5764.8554
cellbender:remove-background: [epoch 015] average test loss: 5765.3801
cellbender:remove-background: [epoch 016]  average training loss: 5739.6441
cellbender:remove-background: [epoch 017]  average training loss: 5716.1305
cellbender:remove-background: [epoch 018]  average training loss: 5720.7918
cellbender:remove-background: [epoch 019]  average training loss: 5699.2290
cellbender:remove-background: [epoch 020]  average training loss: 5710.7732
cellbender:remove-background: [epoch 020] average test loss: 5693.7536
cellbender:remove-background: [epoch 021]  average training loss: 5665.2410
cellbender:remove-background: [epoch 022]  average training loss: 5651.6022
cellbender:remove-background: [epoch 023]  average training loss: 5667.0724
cellbender:remove-background: [epoch 024]  average training loss: 5635.9736
cellbender:remove-background: [epoch 025]  average training loss: 5633.2363
cellbender:remove-background: [epoch 025] average test loss: 5531.8140
cellbender:remove-background: [epoch 026]  average training loss: 5634.1969
cellbender:remove-background: [epoch 027]  average training loss: 5600.6128
cellbender:remove-background: [epoch 028]  average training loss: 5579.2567
cellbender:remove-background: [epoch 029]  average training loss: 5572.5607
cellbender:remove-background: [epoch 030]  average training loss: 5526.9951
cellbender:remove-background: [epoch 030] average test loss: 5450.5244
cellbender:remove-background: [epoch 031]  average training loss: 5524.2355
cellbender:remove-background: [epoch 032]  average training loss: 5485.8230
cellbender:remove-background: [epoch 033]  average training loss: 5475.9277
cellbender:remove-background: [epoch 034]  average training loss: 5459.8288
cellbender:remove-background: [epoch 035]  average training loss: 5456.5815
cellbender:remove-background: [epoch 035] average test loss: 5376.6666
cellbender:remove-background: [epoch 036]  average training loss: 5442.2316
cellbender:remove-background: [epoch 037]  average training loss: 5439.0388
cellbender:remove-background: [epoch 038]  average training loss: 5440.6086
cellbender:remove-background: [epoch 039]  average training loss: 5427.7678
cellbender:remove-background: [epoch 040]  average training loss: 5425.8784
cellbender:remove-background: [epoch 040] average test loss: 5345.9715
cellbender:remove-background: [epoch 041]  average training loss: 5422.6170
cellbender:remove-background: [epoch 042]  average training loss: 5417.2860
cellbender:remove-background: [epoch 043]  average training loss: 5411.5007
cellbender:remove-background: [epoch 044]  average training loss: 5408.1949
cellbender:remove-background: [epoch 045]  average training loss: 5404.8285
cellbender:remove-background: [epoch 045] average test loss: 5341.7370
cellbender:remove-background: [epoch 046]  average training loss: 5398.6241
cellbender:remove-background: [epoch 047]  average training loss: 5397.9663
cellbender:remove-background: [epoch 048]  average training loss: 5388.1599
cellbender:remove-background: [epoch 049]  average training loss: 5387.4380
cellbender:remove-background: [epoch 050]  average training loss: 5387.5033
cellbender:remove-background: [epoch 050] average test loss: 5316.2478
cellbender:remove-background: [epoch 051]  average training loss: 5375.8724
cellbender:remove-background: [epoch 052]  average training loss: 5377.1958
cellbender:remove-background: [epoch 053]  average training loss: 5376.7131
cellbender:remove-background: [epoch 054]  average training loss: 5369.3506
cellbender:remove-background: [epoch 055]  average training loss: 5367.5214
cellbender:remove-background: [epoch 055] average test loss: 5297.8765
cellbender:remove-background: [epoch 056]  average training loss: 5369.4367
cellbender:remove-background: [epoch 057]  average training loss: 5366.1379
cellbender:remove-background: [epoch 058]  average training loss: 5361.1816
cellbender:remove-background: [epoch 059]  average training loss: 5360.7144
cellbender:remove-background: [epoch 060]  average training loss: 5358.0034
cellbender:remove-background: [epoch 060] average test loss: 5277.1896
cellbender:remove-background: [epoch 061]  average training loss: 5355.5803
cellbender:remove-background: [epoch 062]  average training loss: 5352.9869
cellbender:remove-background: [epoch 063]  average training loss: 5347.3911
cellbender:remove-background: [epoch 064]  average training loss: 5348.7587
cellbender:remove-background: [epoch 065]  average training loss: 5347.1299
cellbender:remove-background: [epoch 065] average test loss: 5263.5198
cellbender:remove-background: [epoch 066]  average training loss: 5341.2870
cellbender:remove-background: [epoch 067]  average training loss: 5340.0990
cellbender:remove-background: [epoch 068]  average training loss: 5340.6512
cellbender:remove-background: [epoch 069]  average training loss: 5338.3577
cellbender:remove-background: [epoch 070]  average training loss: 5334.0988
cellbender:remove-background: [epoch 070] average test loss: 5268.6860
cellbender:remove-background: [epoch 071]  average training loss: 5329.8733
cellbender:remove-background: [epoch 072]  average training loss: 5325.5924
cellbender:remove-background: [epoch 073]  average training loss: 5330.2388
cellbender:remove-background: [epoch 074]  average training loss: 5330.1014
cellbender:remove-background: [epoch 075]  average training loss: 5327.8891
cellbender:remove-background: [epoch 075] average test loss: 5256.9733
cellbender:remove-background: [epoch 076]  average training loss: 5324.3340
cellbender:remove-background: [epoch 077]  average training loss: 5321.5761
cellbender:remove-background: [epoch 078]  average training loss: 5320.0660
cellbender:remove-background: Saving a checkpoint...
cellbender:remove-background: Saved checkpoint as /weka/scratch/scratch/Mon/mabdel03/Tsai_Data/Cellbender_Outputs/7253015/ckpt.tar.gz
cellbender:remove-background: [epoch 079]  average training loss: 5315.9128
cellbender:remove-background: [epoch 080]  average training loss: 5321.3306
cellbender:remove-background: [epoch 080] average test loss: 5262.3045
cellbender:remove-background: [epoch 081]  average training loss: 5321.1037
cellbender:remove-background: [epoch 082]  average training loss: 5314.9210
cellbender:remove-background: [epoch 083]  average training loss: 5315.2076
cellbender:remove-background: [epoch 084]  average training loss: 5309.4245
cellbender:remove-background: [epoch 085]  average training loss: 5311.6417
cellbender:remove-background: [epoch 085] average test loss: 5281.9580
cellbender:remove-background: [epoch 086]  average training loss: 5308.4650
cellbender:remove-background: [epoch 087]  average training loss: 5305.1294
cellbender:remove-background: [epoch 088]  average training loss: 5304.9926
cellbender:remove-background: [epoch 089]  average training loss: 5302.3236
cellbender:remove-background: [epoch 090]  average training loss: 5302.1926
cellbender:remove-background: [epoch 090] average test loss: 5252.8556
cellbender:remove-background: [epoch 091]  average training loss: 5300.9664
cellbender:remove-background: [epoch 092]  average training loss: 5297.9697
cellbender:remove-background: [epoch 093]  average training loss: 5297.5174
cellbender:remove-background: [epoch 094]  average training loss: 5296.9553
cellbender:remove-background: [epoch 095]  average training loss: 5294.4908
cellbender:remove-background: [epoch 095] average test loss: 5251.6671
cellbender:remove-background: [epoch 096]  average training loss: 5297.1739
cellbender:remove-background: [epoch 097]  average training loss: 5291.4485
cellbender:remove-background: [epoch 098]  average training loss: 5292.9109
cellbender:remove-background: [epoch 099]  average training loss: 5294.3861
cellbender:remove-background: [epoch 100]  average training loss: 5289.2762
cellbender:remove-background: [epoch 100] average test loss: 5225.1886
cellbender:remove-background: [epoch 101]  average training loss: 5288.1356
cellbender:remove-background: [epoch 102]  average training loss: 5294.6730
cellbender:remove-background: [epoch 103]  average training loss: 5290.8153
cellbender:remove-background: [epoch 104]  average training loss: 5287.7931
cellbender:remove-background: [epoch 105]  average training loss: 5284.9749
cellbender:remove-background: [epoch 105] average test loss: 5233.0098
cellbender:remove-background: [epoch 106]  average training loss: 5286.9208
cellbender:remove-background: [epoch 107]  average training loss: 5288.2611
cellbender:remove-background: [epoch 108]  average training loss: 5283.6412
cellbender:remove-background: [epoch 109]  average training loss: 5285.7164
cellbender:remove-background: [epoch 110]  average training loss: 5281.7242
cellbender:remove-background: [epoch 110] average test loss: 5225.5170
cellbender:remove-background: [epoch 111]  average training loss: 5279.5343
cellbender:remove-background: [epoch 112]  average training loss: 5284.3876
cellbender:remove-background: [epoch 113]  average training loss: 5284.0111
cellbender:remove-background: [epoch 114]  average training loss: 5281.3093
cellbender:remove-background: [epoch 115]  average training loss: 5275.6565
cellbender:remove-background: [epoch 115] average test loss: 5238.2588
cellbender:remove-background: [epoch 116]  average training loss: 5282.6149
cellbender:remove-background: [epoch 117]  average training loss: 5282.3371
cellbender:remove-background: [epoch 118]  average training loss: 5277.2396
cellbender:remove-background: [epoch 119]  average training loss: 5277.0549
cellbender:remove-background: [epoch 120]  average training loss: 5274.1603
cellbender:remove-background: [epoch 120] average test loss: 5241.1925
cellbender:remove-background: [epoch 121]  average training loss: 5277.4068
cellbender:remove-background: [epoch 122]  average training loss: 5275.9931
cellbender:remove-background: [epoch 123]  average training loss: 5273.9672
cellbender:remove-background: [epoch 124]  average training loss: 5280.0417
cellbender:remove-background: [epoch 125]  average training loss: 5277.4708
cellbender:remove-background: [epoch 125] average test loss: 5229.4979
cellbender:remove-background: [epoch 126]  average training loss: 5269.9958
cellbender:remove-background: [epoch 127]  average training loss: 5273.1646
cellbender:remove-background: [epoch 128]  average training loss: 5276.0791
cellbender:remove-background: [epoch 129]  average training loss: 5272.9830
cellbender:remove-background: [epoch 130]  average training loss: 5274.6909
cellbender:remove-background: [epoch 130] average test loss: 5227.3395
cellbender:remove-background: [epoch 131]  average training loss: 5269.4593
cellbender:remove-background: [epoch 132]  average training loss: 5277.7781
cellbender:remove-background: [epoch 133]  average training loss: 5278.0162
cellbender:remove-background: [epoch 134]  average training loss: 5267.6663
cellbender:remove-background: [epoch 135]  average training loss: 5269.8954
cellbender:remove-background: [epoch 135] average test loss: 5229.2297
cellbender:remove-background: [epoch 136]  average training loss: 5271.7746
cellbender:remove-background: [epoch 137]  average training loss: 5273.7265
cellbender:remove-background: [epoch 138]  average training loss: 5274.3190
cellbender:remove-background: [epoch 139]  average training loss: 5273.2567
cellbender:remove-background: [epoch 140]  average training loss: 5274.4887
cellbender:remove-background: [epoch 140] average test loss: 5235.8569
cellbender:remove-background: [epoch 141]  average training loss: 5271.9011
cellbender:remove-background: [epoch 142]  average training loss: 5269.0235
cellbender:remove-background: [epoch 143]  average training loss: 5270.7358
cellbender:remove-background: [epoch 144]  average training loss: 5270.3556
cellbender:remove-background: [epoch 145]  average training loss: 5268.7539
cellbender:remove-background: [epoch 145] average test loss: 5235.8125
cellbender:remove-background: [epoch 146]  average training loss: 5270.5530
cellbender:remove-background: [epoch 147]  average training loss: 5272.7675
cellbender:remove-background: [epoch 148]  average training loss: 5270.6185
cellbender:remove-background: [epoch 149]  average training loss: 5271.5797
cellbender:remove-background: [epoch 150]  average training loss: 5272.0767
cellbender:remove-background: [epoch 150] average test loss: 5238.4864
cellbender:remove-background: Saving a checkpoint...
cellbender:remove-background: Saved checkpoint as /weka/scratch/scratch/Mon/mabdel03/Tsai_Data/Cellbender_Outputs/7253015/ckpt.tar.gz
cellbender:remove-background: 2026-02-02 03:00:35
cellbender:remove-background: Inference procedure complete.
cellbender:remove-background: Attempting to unpack tarball "ckpt.tar.gz" to /tmp/tmpe49v5o47
cellbender:remove-background: Successfully unpacked tarball to /tmp/tmpe49v5o47
/tmp/tmpe49v5o47/3267be7e10_random.pyro
/tmp/tmpe49v5o47/3267be7e10_random.cuda
/tmp/tmpe49v5o47/3267be7e10_model.torch
/tmp/tmpe49v5o47/3267be7e10_optim.torch
/tmp/tmpe49v5o47/3267be7e10_optim.pyro
/tmp/tmpe49v5o47/3267be7e10_params.pyro
/tmp/tmpe49v5o47/3267be7e10_train.loaderstate
/tmp/tmpe49v5o47/3267be7e10_test.loaderstate
/tmp/tmpe49v5o47/3267be7e10_args.npy
cellbender:remove-background: Posterior not currently included in checkpoint.
cellbender:remove-background: Computing posterior noise count probabilities in mini-batches.
cellbender:remove-background: Working on chunk (1/39)
cellbender:remove-background:     [0.05 mins per chunk]
cellbender:remove-background: Working on chunk (2/39)
cellbender:remove-background: Working on chunk (3/39)
cellbender:remove-background: Working on chunk (4/39)
cellbender:remove-background: Working on chunk (5/39)
cellbender:remove-background: Working on chunk (6/39)
cellbender:remove-background: Working on chunk (7/39)
cellbender:remove-background: Working on chunk (8/39)
cellbender:remove-background: Working on chunk (9/39)
cellbender:remove-background: Working on chunk (10/39)
cellbender:remove-background: Working on chunk (11/39)
cellbender:remove-background: Working on chunk (12/39)
cellbender:remove-background: Working on chunk (13/39)
cellbender:remove-background: Working on chunk (14/39)
cellbender:remove-background: Working on chunk (15/39)
cellbender:remove-background: Working on chunk (16/39)
cellbender:remove-background: Working on chunk (17/39)
cellbender:remove-background: Working on chunk (18/39)
cellbender:remove-background: Working on chunk (19/39)
cellbender:remove-background: Working on chunk (20/39)
cellbender:remove-background: Working on chunk (21/39)
cellbender:remove-background: Working on chunk (22/39)
cellbender:remove-background: Working on chunk (23/39)
cellbender:remove-background: Working on chunk (24/39)
cellbender:remove-background: Working on chunk (25/39)
cellbender:remove-background: Working on chunk (26/39)
cellbender:remove-background: Working on chunk (27/39)
cellbender:remove-background: Working on chunk (28/39)
cellbender:remove-background: Working on chunk (29/39)
cellbender:remove-background: Working on chunk (30/39)
cellbender:remove-background: Working on chunk (31/39)
cellbender:remove-background: Working on chunk (32/39)
cellbender:remove-background: Working on chunk (33/39)
cellbender:remove-background: Working on chunk (34/39)
cellbender:remove-background: Working on chunk (35/39)
cellbender:remove-background: Working on chunk (36/39)
cellbender:remove-background: Working on chunk (37/39)
cellbender:remove-background: Working on chunk (38/39)
cellbender:remove-background: Working on chunk (39/39)
cellbender:remove-background: Writing full posterior to /om/scratch/Mon/mabdel03/Tsai_Data/Cellbender_Outputs/7253015/processed_feature_bc_matrix_posterior.h5
cellbender:remove-background: Succeeded in writing posterior to file /om/scratch/Mon/mabdel03/Tsai_Data/Cellbender_Outputs/7253015/processed_feature_bc_matrix_posterior.h5
cellbender:remove-background: Added posterior object to checkpoint file.
cellbender:remove-background: 2026-02-02 03:05:34

cellbender:remove-background: Saved summary plots as /om/scratch/Mon/mabdel03/Tsai_Data/Cellbender_Outputs/7253015/processed_feature_bc_matrix.pdf
cellbender:remove-background: Saved cell barcodes in /om/scratch/Mon/mabdel03/Tsai_Data/Cellbender_Outputs/7253015/processed_feature_bc_matrix_cell_barcodes.csv
cellbender:remove-background: Computing target noise counts per gene for MCKP estimator
cellbender:remove-background: Using MCKP noise targets computed for FPR 0.0
cellbender:remove-background: Computing denoised counts using mckp estimator
cellbender:remove-background: Working on chunk (1/7)
cellbender:remove-background:     [2.36 mins per chunk]
cellbender:remove-background: Working on chunk (2/7)
cellbender:remove-background: Working on chunk (3/7)
cellbender:remove-background: Working on chunk (4/7)
cellbender:remove-background: Working on chunk (5/7)
cellbender:remove-background: Working on chunk (6/7)
cellbender:remove-background: Working on chunk (7/7)
cellbender:remove-background: 2026-02-02 03:23:08 Total MCKP estimation time = 1009.98 sec
cellbender:remove-background: Succeeded in writing CellRanger format output to file /om/scratch/Mon/mabdel03/Tsai_Data/Cellbender_Outputs/7253015/processed_feature_bc_matrix.h5
cellbender:remove-background: Succeeded in writing CellRanger format output to file /om/scratch/Mon/mabdel03/Tsai_Data/Cellbender_Outputs/7253015/processed_feature_bc_matrix_filtered.h5
cellbender:remove-background: Saved output metrics as /om/scratch/Mon/mabdel03/Tsai_Data/Cellbender_Outputs/7253015/processed_feature_bc_matrix_metrics.csv
[NbConvertApp] Converting notebook tmp.report.ipynb to notebook
[NbConvertApp] Writing 467777 bytes to tmp.report.nbconvert.ipynb
[NbConvertApp] Converting notebook tmp.report.nbconvert.ipynb to html
[NbConvertApp] Writing 1042464 bytes to tmp.report.nbconvert.html
cellbender:remove-background: Succeeded in writing report to /om/scratch/Mon/mabdel03/Tsai_Data/Cellbender_Outputs/7253015/processed_feature_bc_matrix_report.html
cellbender:remove-background: Completed remove-background.
cellbender:remove-background: 2026-02-02 03:24:06

