cellbender:remove-background: Command:
cellbender remove-background --cuda --input /om/scratch/Mon/mabdel03/Tsai_Data/Cellranger_Outputs/10288185/outs/raw_feature_bc_matrix.h5 --fpr 0 --output /om/scratch/Mon/mabdel03/Tsai_Data/Cellbender_Outputs/10288185/processed_feature_bc_matrix.h5
cellbender:remove-background: CellBender 0.3.0
cellbender:remove-background: (Workflow hash ce063fe816)
cellbender:remove-background: 2026-02-01 13:28:13
cellbender:remove-background: Running remove-background
cellbender:remove-background: Loading data from /om/scratch/Mon/mabdel03/Tsai_Data/Cellranger_Outputs/10288185/outs/raw_feature_bc_matrix.h5
cellbender:remove-background: CellRanger v3 format
cellbender:remove-background: Features in dataset: 36601 Gene Expression
cellbender:remove-background: Trimming features for inference.
cellbender:remove-background: 29368 features have nonzero counts.
cellbender:remove-background: Prior on counts for cells is 6412
cellbender:remove-background: Prior on counts for empty droplets is 59
cellbender:remove-background: Excluding 10145 features that are estimated to have <= 0.1 background counts in cells.
cellbender:remove-background: Including 19223 features in the analysis.
cellbender:remove-background: Trimming barcodes for inference.
cellbender:remove-background: Excluding barcodes with counts below 29
cellbender:remove-background: Using 1684 probable cell barcodes, plus an additional 8835 barcodes, and 60736 empty droplets.
cellbender:remove-background: Largest surely-empty droplet has 69 UMI counts.
cellbender:remove-background: Attempting to unpack tarball "ckpt.tar.gz" to /tmp/tmpeg1dr4b2
cellbender:remove-background: Successfully unpacked tarball to /tmp/tmpeg1dr4b2
/tmp/tmpeg1dr4b2/b1a605a503_random.pyro
/tmp/tmpeg1dr4b2/b1a605a503_random.cuda
/tmp/tmpeg1dr4b2/b1a605a503_model.torch
/tmp/tmpeg1dr4b2/b1a605a503_optim.torch
/tmp/tmpeg1dr4b2/b1a605a503_optim.pyro
/tmp/tmpeg1dr4b2/b1a605a503_params.pyro
/tmp/tmpeg1dr4b2/b1a605a503_train.loaderstate
/tmp/tmpeg1dr4b2/b1a605a503_test.loaderstate
/tmp/tmpeg1dr4b2/b1a605a503_args.npy
cellbender:remove-background: Workflow hash does not match that of checkpoint.
cellbender:remove-background: No checkpoint loaded.
cellbender:remove-background: Running inference...
cellbender:remove-background: [epoch 001]  average training loss: 4873.1502
cellbender:remove-background: [epoch 002]  average training loss: 4359.0876  (4.8 seconds per epoch)
cellbender:remove-background: Will checkpoint every 87 epochs
cellbender:remove-background: [epoch 003]  average training loss: 3936.6769
cellbender:remove-background: [epoch 004]  average training loss: 3608.1959
cellbender:remove-background: [epoch 005]  average training loss: 3350.8881
cellbender:remove-background: [epoch 005] average test loss: 3660.0022
cellbender:remove-background: [epoch 006]  average training loss: 3202.0152
cellbender:remove-background: [epoch 007]  average training loss: 3059.8365
cellbender:remove-background: [epoch 008]  average training loss: 2979.8407
cellbender:remove-background: [epoch 009]  average training loss: 2961.9228
cellbender:remove-background: [epoch 010]  average training loss: 2942.0930
cellbender:remove-background: [epoch 010] average test loss: 2924.0755
cellbender:remove-background: [epoch 011]  average training loss: 2928.6868
cellbender:remove-background: [epoch 012]  average training loss: 2910.3272
cellbender:remove-background: [epoch 013]  average training loss: 2917.2417
cellbender:remove-background: [epoch 014]  average training loss: 2913.5719
cellbender:remove-background: [epoch 015]  average training loss: 2900.5556
cellbender:remove-background: [epoch 015] average test loss: 2903.6485
cellbender:remove-background: [epoch 016]  average training loss: 2899.4099
cellbender:remove-background: [epoch 017]  average training loss: 2898.0770
cellbender:remove-background: [epoch 018]  average training loss: 2899.0308
cellbender:remove-background: [epoch 019]  average training loss: 2895.5535
cellbender:remove-background: [epoch 020]  average training loss: 2898.1872
cellbender:remove-background: [epoch 020] average test loss: 2906.3297
cellbender:remove-background: [epoch 021]  average training loss: 2888.6750
cellbender:remove-background: [epoch 022]  average training loss: 2869.4387
cellbender:remove-background: [epoch 023]  average training loss: 2835.0971
cellbender:remove-background: [epoch 024]  average training loss: 2820.7488
cellbender:remove-background: [epoch 025]  average training loss: 2815.0002
cellbender:remove-background: [epoch 025] average test loss: 2799.8424
cellbender:remove-background: [epoch 026]  average training loss: 2811.0624
cellbender:remove-background: [epoch 027]  average training loss: 2802.6709
cellbender:remove-background: [epoch 028]  average training loss: 2795.2449
cellbender:remove-background: [epoch 029]  average training loss: 2794.0333
cellbender:remove-background: [epoch 030]  average training loss: 2778.7443
cellbender:remove-background: [epoch 030] average test loss: 2776.2619
cellbender:remove-background: [epoch 031]  average training loss: 2770.5306
cellbender:remove-background: [epoch 032]  average training loss: 2763.3406
cellbender:remove-background: [epoch 033]  average training loss: 2759.1122
cellbender:remove-background: [epoch 034]  average training loss: 2753.9630
cellbender:remove-background: [epoch 035]  average training loss: 2751.9827
cellbender:remove-background: [epoch 035] average test loss: 2741.7847
cellbender:remove-background: [epoch 036]  average training loss: 2746.0950
cellbender:remove-background: [epoch 037]  average training loss: 2744.1861
cellbender:remove-background: [epoch 038]  average training loss: 2743.2729
cellbender:remove-background: [epoch 039]  average training loss: 2742.4714
cellbender:remove-background: [epoch 040]  average training loss: 2734.2271
cellbender:remove-background: [epoch 040] average test loss: 2731.6988
cellbender:remove-background: [epoch 041]  average training loss: 2732.4157
cellbender:remove-background: [epoch 042]  average training loss: 2729.4942
cellbender:remove-background: [epoch 043]  average training loss: 2729.4313
cellbender:remove-background: [epoch 044]  average training loss: 2728.0549
cellbender:remove-background: [epoch 045]  average training loss: 2725.8980
cellbender:remove-background: [epoch 045] average test loss: 2719.8281
cellbender:remove-background: [epoch 046]  average training loss: 2720.7561
cellbender:remove-background: [epoch 047]  average training loss: 2720.0616
cellbender:remove-background: [epoch 048]  average training loss: 2718.1292
cellbender:remove-background: [epoch 049]  average training loss: 2717.8537
cellbender:remove-background: [epoch 050]  average training loss: 2716.8199
cellbender:remove-background: [epoch 050] average test loss: 2712.2372
cellbender:remove-background: [epoch 051]  average training loss: 2712.8683
cellbender:remove-background: [epoch 052]  average training loss: 2711.6073
cellbender:remove-background: [epoch 053]  average training loss: 2711.7408
cellbender:remove-background: [epoch 054]  average training loss: 2713.4511
cellbender:remove-background: [epoch 055]  average training loss: 2712.2443
cellbender:remove-background: [epoch 055] average test loss: 2723.2982
cellbender:remove-background: [epoch 056]  average training loss: 2710.5292
cellbender:remove-background: [epoch 057]  average training loss: 2709.4365
cellbender:remove-background: [epoch 058]  average training loss: 2707.8910
cellbender:remove-background: [epoch 059]  average training loss: 2708.1358
cellbender:remove-background: [epoch 060]  average training loss: 2705.1922
cellbender:remove-background: [epoch 060] average test loss: 2710.8958
cellbender:remove-background: [epoch 061]  average training loss: 2711.2207
cellbender:remove-background: [epoch 062]  average training loss: 2709.2837
cellbender:remove-background: [epoch 063]  average training loss: 2705.7152
cellbender:remove-background: [epoch 064]  average training loss: 2714.7978
cellbender:remove-background: [epoch 065]  average training loss: 2714.1490
cellbender:remove-background: [epoch 065] average test loss: 2720.9765
cellbender:remove-background: [epoch 066]  average training loss: 2710.9892
cellbender:remove-background: [epoch 067]  average training loss: 2704.8344
cellbender:remove-background: [epoch 068]  average training loss: 2720.8378
cellbender:remove-background: [epoch 069]  average training loss: 2713.3387
cellbender:remove-background: [epoch 070]  average training loss: 2703.1881
cellbender:remove-background: [epoch 070] average test loss: 2715.7321
cellbender:remove-background: [epoch 071]  average training loss: 2710.5676
cellbender:remove-background: [epoch 072]  average training loss: 2716.4246
cellbender:remove-background: [epoch 073]  average training loss: 2711.0771
cellbender:remove-background: [epoch 074]  average training loss: 2708.4322
cellbender:remove-background: [epoch 075]  average training loss: 2712.9133
cellbender:remove-background: [epoch 075] average test loss: 2719.2530
cellbender:remove-background: [epoch 076]  average training loss: 2705.3666
cellbender:remove-background: [epoch 077]  average training loss: 2708.6206
cellbender:remove-background: [epoch 078]  average training loss: 2704.0010
cellbender:remove-background: [epoch 079]  average training loss: 2705.7172
cellbender:remove-background: [epoch 080]  average training loss: 2703.1052
cellbender:remove-background: [epoch 080] average test loss: 2706.0617
cellbender:remove-background: [epoch 081]  average training loss: 2703.4512
cellbender:remove-background: [epoch 082]  average training loss: 2701.6149
cellbender:remove-background: [epoch 083]  average training loss: 2706.8009
cellbender:remove-background: [epoch 084]  average training loss: 2698.9969
cellbender:remove-background: [epoch 085]  average training loss: 2706.5029
cellbender:remove-background: [epoch 085] average test loss: 2708.5633
cellbender:remove-background: [epoch 086]  average training loss: 2701.8620
cellbender:remove-background: [epoch 087]  average training loss: 2699.5003
cellbender:remove-background: Saving a checkpoint...
cellbender:remove-background: Saved checkpoint as /weka/scratch/scratch/Mon/mabdel03/Tsai_Data/Cellbender_Outputs/10288185/ckpt.tar.gz
cellbender:remove-background: [epoch 088]  average training loss: 2705.0031
cellbender:remove-background: [epoch 089]  average training loss: 2700.9344
cellbender:remove-background: [epoch 090]  average training loss: 2699.9398
cellbender:remove-background: [epoch 090] average test loss: 2707.1822
cellbender:remove-background: [epoch 091]  average training loss: 2710.4623
cellbender:remove-background: [epoch 092]  average training loss: 2707.6778
cellbender:remove-background: [epoch 093]  average training loss: 2698.2534
cellbender:remove-background: [epoch 094]  average training loss: 2695.0507
cellbender:remove-background: [epoch 095]  average training loss: 2697.7701
cellbender:remove-background: [epoch 095] average test loss: 2708.4036
cellbender:remove-background: [epoch 096]  average training loss: 2704.2523
cellbender:remove-background: [epoch 097]  average training loss: 2691.5292
cellbender:remove-background: [epoch 098]  average training loss: 2700.3461
cellbender:remove-background: [epoch 099]  average training loss: 2699.2784
cellbender:remove-background: [epoch 100]  average training loss: 2696.3037
cellbender:remove-background: [epoch 100] average test loss: 2720.8196
cellbender:remove-background: [epoch 101]  average training loss: 2698.7971
cellbender:remove-background: [epoch 102]  average training loss: 2694.3016
cellbender:remove-background: [epoch 103]  average training loss: 2711.0434
cellbender:remove-background: [epoch 104]  average training loss: 2700.5454
cellbender:remove-background: [epoch 105]  average training loss: 2702.7087
cellbender:remove-background: [epoch 105] average test loss: 2708.2937
cellbender:remove-background: [epoch 106]  average training loss: 2699.2174
cellbender:remove-background: [epoch 107]  average training loss: 2695.3856
cellbender:remove-background: [epoch 108]  average training loss: 2703.1937
cellbender:remove-background: [epoch 109]  average training loss: 2687.9504
cellbender:remove-background: [epoch 110]  average training loss: 2695.7981
cellbender:remove-background: [epoch 110] average test loss: 2731.0225
cellbender:remove-background: [epoch 111]  average training loss: 2699.8244
cellbender:remove-background: [epoch 112]  average training loss: 2695.0331
cellbender:remove-background: [epoch 113]  average training loss: 2693.8977
cellbender:remove-background: [epoch 114]  average training loss: 2690.9144
cellbender:remove-background: [epoch 115]  average training loss: 2690.5342
cellbender:remove-background: [epoch 115] average test loss: 2712.4698
cellbender:remove-background: [epoch 116]  average training loss: 2690.4287
cellbender:remove-background: [epoch 117]  average training loss: 2692.6705
cellbender:remove-background: [epoch 118]  average training loss: 2697.7941
cellbender:remove-background: [epoch 119]  average training loss: 2693.9477
cellbender:remove-background: [epoch 120]  average training loss: 2694.5046
cellbender:remove-background: [epoch 120] average test loss: 2706.9979
cellbender:remove-background: [epoch 121]  average training loss: 2689.7782
cellbender:remove-background: [epoch 122]  average training loss: 2689.5162
cellbender:remove-background: [epoch 123]  average training loss: 2702.9569
cellbender:remove-background: [epoch 124]  average training loss: 2690.8726
cellbender:remove-background: [epoch 125]  average training loss: 2691.4612
cellbender:remove-background: [epoch 125] average test loss: 2733.5949
cellbender:remove-background: [epoch 126]  average training loss: 2689.5281
cellbender:remove-background: [epoch 127]  average training loss: 2686.9703
cellbender:remove-background: [epoch 128]  average training loss: 2693.8893
cellbender:remove-background: [epoch 129]  average training loss: 2688.5613
cellbender:remove-background: [epoch 130]  average training loss: 2688.9344
cellbender:remove-background: [epoch 130] average test loss: 2710.5247
cellbender:remove-background: [epoch 131]  average training loss: 2691.4981
cellbender:remove-background: [epoch 132]  average training loss: 2688.8156
cellbender:remove-background: [epoch 133]  average training loss: 2693.5393
cellbender:remove-background: [epoch 134]  average training loss: 2685.7726
cellbender:remove-background: [epoch 135]  average training loss: 2698.5266
cellbender:remove-background: [epoch 135] average test loss: 2706.7048
cellbender:remove-background: [epoch 136]  average training loss: 2686.4095
cellbender:remove-background: [epoch 137]  average training loss: 2690.0841
cellbender:remove-background: [epoch 138]  average training loss: 2689.3314
cellbender:remove-background: [epoch 139]  average training loss: 2690.1517
cellbender:remove-background: [epoch 140]  average training loss: 2687.6833
cellbender:remove-background: [epoch 140] average test loss: 2710.0707
cellbender:remove-background: [epoch 141]  average training loss: 2688.7484
cellbender:remove-background: [epoch 142]  average training loss: 2688.1987
cellbender:remove-background: [epoch 143]  average training loss: 2686.3723
cellbender:remove-background: [epoch 144]  average training loss: 2687.0978
cellbender:remove-background: [epoch 145]  average training loss: 2685.9523
cellbender:remove-background: [epoch 145] average test loss: 2702.1666
cellbender:remove-background: [epoch 146]  average training loss: 2688.7322
cellbender:remove-background: [epoch 147]  average training loss: 2684.7133
cellbender:remove-background: [epoch 148]  average training loss: 2687.1797
cellbender:remove-background: [epoch 149]  average training loss: 2687.1253
cellbender:remove-background: [epoch 150]  average training loss: 2687.9204
cellbender:remove-background: [epoch 150] average test loss: 2713.0426
cellbender:remove-background: Saving a checkpoint...
cellbender:remove-background: Saved checkpoint as /weka/scratch/scratch/Mon/mabdel03/Tsai_Data/Cellbender_Outputs/10288185/ckpt.tar.gz
cellbender:remove-background: 2026-02-01 13:42:59
cellbender:remove-background: Inference procedure complete.
cellbender:remove-background: Attempting to unpack tarball "ckpt.tar.gz" to /tmp/tmpji0pioqy
cellbender:remove-background: Successfully unpacked tarball to /tmp/tmpji0pioqy
/tmp/tmpji0pioqy/ce063fe816_random.pyro
/tmp/tmpji0pioqy/ce063fe816_random.cuda
/tmp/tmpji0pioqy/ce063fe816_model.torch
/tmp/tmpji0pioqy/ce063fe816_optim.torch
/tmp/tmpji0pioqy/ce063fe816_optim.pyro
/tmp/tmpji0pioqy/ce063fe816_params.pyro
/tmp/tmpji0pioqy/ce063fe816_train.loaderstate
/tmp/tmpji0pioqy/ce063fe816_test.loaderstate
/tmp/tmpji0pioqy/ce063fe816_args.npy
cellbender:remove-background: Posterior not currently included in checkpoint.
cellbender:remove-background: Computing posterior noise count probabilities in mini-batches.
cellbender:remove-background: Working on chunk (1/28)
cellbender:remove-background:     [0.04 mins per chunk]
cellbender:remove-background: Working on chunk (2/28)
cellbender:remove-background: Working on chunk (3/28)
cellbender:remove-background: Working on chunk (4/28)
cellbender:remove-background: Working on chunk (5/28)
cellbender:remove-background: Working on chunk (6/28)
cellbender:remove-background: Working on chunk (7/28)
cellbender:remove-background: Working on chunk (8/28)
cellbender:remove-background: Working on chunk (9/28)
cellbender:remove-background: Working on chunk (10/28)
cellbender:remove-background: Working on chunk (11/28)
cellbender:remove-background: Working on chunk (12/28)
cellbender:remove-background: Working on chunk (13/28)
cellbender:remove-background: Working on chunk (14/28)
cellbender:remove-background: Working on chunk (15/28)
cellbender:remove-background: Working on chunk (16/28)
cellbender:remove-background: Working on chunk (17/28)
cellbender:remove-background: Working on chunk (18/28)
cellbender:remove-background: Working on chunk (19/28)
cellbender:remove-background: Working on chunk (20/28)
cellbender:remove-background: Working on chunk (21/28)
cellbender:remove-background: Working on chunk (22/28)
cellbender:remove-background: Working on chunk (23/28)
cellbender:remove-background: Working on chunk (24/28)
cellbender:remove-background: Working on chunk (25/28)
cellbender:remove-background: Working on chunk (26/28)
cellbender:remove-background: Working on chunk (27/28)
cellbender:remove-background: Working on chunk (28/28)
cellbender:remove-background: Writing full posterior to /om/scratch/Mon/mabdel03/Tsai_Data/Cellbender_Outputs/10288185/processed_feature_bc_matrix_posterior.h5
cellbender:remove-background: Succeeded in writing posterior to file /om/scratch/Mon/mabdel03/Tsai_Data/Cellbender_Outputs/10288185/processed_feature_bc_matrix_posterior.h5
cellbender:remove-background: Added posterior object to checkpoint file.
cellbender:remove-background: 2026-02-01 13:46:07

cellbender:remove-background: Saved summary plots as /om/scratch/Mon/mabdel03/Tsai_Data/Cellbender_Outputs/10288185/processed_feature_bc_matrix.pdf
cellbender:remove-background: Saved cell barcodes in /om/scratch/Mon/mabdel03/Tsai_Data/Cellbender_Outputs/10288185/processed_feature_bc_matrix_cell_barcodes.csv
cellbender:remove-background: Computing target noise counts per gene for MCKP estimator
cellbender:remove-background: Using MCKP noise targets computed for FPR 0.0
cellbender:remove-background: Computing denoised counts using mckp estimator
cellbender:remove-background: Working on chunk (1/7)
cellbender:remove-background:     [1.11 mins per chunk]
cellbender:remove-background: Working on chunk (2/7)
cellbender:remove-background: Working on chunk (3/7)
cellbender:remove-background: Working on chunk (4/7)
cellbender:remove-background: Working on chunk (5/7)
cellbender:remove-background: Working on chunk (6/7)
cellbender:remove-background: Working on chunk (7/7)
cellbender:remove-background: 2026-02-01 13:54:13 Total MCKP estimation time = 465.95 sec
cellbender:remove-background: Succeeded in writing CellRanger format output to file /om/scratch/Mon/mabdel03/Tsai_Data/Cellbender_Outputs/10288185/processed_feature_bc_matrix.h5
cellbender:remove-background: Succeeded in writing CellRanger format output to file /om/scratch/Mon/mabdel03/Tsai_Data/Cellbender_Outputs/10288185/processed_feature_bc_matrix_filtered.h5
cellbender:remove-background: Saved output metrics as /om/scratch/Mon/mabdel03/Tsai_Data/Cellbender_Outputs/10288185/processed_feature_bc_matrix_metrics.csv
[NbConvertApp] Converting notebook tmp.report.ipynb to notebook
[NbConvertApp] Writing 452311 bytes to tmp.report.nbconvert.ipynb
[NbConvertApp] Converting notebook tmp.report.nbconvert.ipynb to html
[NbConvertApp] Writing 1026998 bytes to tmp.report.nbconvert.html
cellbender:remove-background: Succeeded in writing report to /om/scratch/Mon/mabdel03/Tsai_Data/Cellbender_Outputs/10288185/processed_feature_bc_matrix_report.html
cellbender:remove-background: Completed remove-background.
cellbender:remove-background: 2026-02-01 13:54:51

