cellbender:remove-background: Command:
cellbender remove-background --cuda --input /om/scratch/Mon/mabdel03/Tsai_Data/Cellranger_Outputs/94092977/outs/raw_feature_bc_matrix.h5 --fpr 0 --output /om/scratch/Mon/mabdel03/Tsai_Data/Cellbender_Outputs/94092977/processed_feature_bc_matrix.h5
cellbender:remove-background: CellBender 0.3.0
cellbender:remove-background: (Workflow hash 179f7f750f)
cellbender:remove-background: 2026-03-08 19:02:09
cellbender:remove-background: Running remove-background
cellbender:remove-background: Loading data from /om/scratch/Mon/mabdel03/Tsai_Data/Cellranger_Outputs/94092977/outs/raw_feature_bc_matrix.h5
cellbender:remove-background: CellRanger v3 format
cellbender:remove-background: Features in dataset: 36601 Gene Expression
cellbender:remove-background: Trimming features for inference.
cellbender:remove-background: 31610 features have nonzero counts.
cellbender:remove-background: Prior on counts for cells is 8859
cellbender:remove-background: Prior on counts for empty droplets is 89
cellbender:remove-background: Excluding 9399 features that are estimated to have <= 0.1 background counts in cells.
cellbender:remove-background: Including 22211 features in the analysis.
cellbender:remove-background: Trimming barcodes for inference.
cellbender:remove-background: Excluding barcodes with counts below 44
cellbender:remove-background: Using 3520 probable cell barcodes, plus an additional 13408 barcodes, and 61785 empty droplets.
cellbender:remove-background: Largest surely-empty droplet has 108 UMI counts.
cellbender:remove-background: Attempting to unpack tarball "ckpt.tar.gz" to /tmp/tmp20jhl7oi
cellbender:remove-background: No saved checkpoint.
cellbender:remove-background: No checkpoint loaded.
cellbender:remove-background: Running inference...
cellbender:remove-background: [epoch 001]  average training loss: 8923.9456
cellbender:remove-background: [epoch 002]  average training loss: 7219.9723  (5.9 seconds per epoch)
cellbender:remove-background: Will checkpoint every 72 epochs
cellbender:remove-background: [epoch 003]  average training loss: 6100.5686
cellbender:remove-background: [epoch 004]  average training loss: 5524.8850
cellbender:remove-background: [epoch 005]  average training loss: 5130.7681
cellbender:remove-background: [epoch 005] average test loss: 5097.8597
cellbender:remove-background: [epoch 006]  average training loss: 5062.4904
cellbender:remove-background: [epoch 007]  average training loss: 4982.4935
cellbender:remove-background: [epoch 008]  average training loss: 4946.3032
cellbender:remove-background: [epoch 009]  average training loss: 4908.5818
cellbender:remove-background: [epoch 010]  average training loss: 4886.1966
cellbender:remove-background: [epoch 010] average test loss: 4760.4667
cellbender:remove-background: [epoch 011]  average training loss: 4831.9229
cellbender:remove-background: [epoch 012]  average training loss: 4692.4745
cellbender:remove-background: [epoch 013]  average training loss: 4637.0116
cellbender:remove-background: [epoch 014]  average training loss: 4608.5988
cellbender:remove-background: [epoch 015]  average training loss: 4599.1853
cellbender:remove-background: [epoch 015] average test loss: 4515.5969
cellbender:remove-background: [epoch 016]  average training loss: 4605.7188
cellbender:remove-background: [epoch 017]  average training loss: 4569.7986
cellbender:remove-background: [epoch 018]  average training loss: 4560.9369
cellbender:remove-background: [epoch 019]  average training loss: 4545.6997
cellbender:remove-background: [epoch 020]  average training loss: 4554.3152
cellbender:remove-background: [epoch 020] average test loss: 4478.4559
cellbender:remove-background: [epoch 021]  average training loss: 4542.7763
cellbender:remove-background: [epoch 022]  average training loss: 4525.8842
cellbender:remove-background: [epoch 023]  average training loss: 4504.4517
cellbender:remove-background: [epoch 024]  average training loss: 4485.7581
cellbender:remove-background: [epoch 025]  average training loss: 4463.2148
cellbender:remove-background: [epoch 025] average test loss: 4365.6193
cellbender:remove-background: [epoch 026]  average training loss: 4449.6958
cellbender:remove-background: [epoch 027]  average training loss: 4435.1327
cellbender:remove-background: [epoch 028]  average training loss: 4426.1350
cellbender:remove-background: [epoch 029]  average training loss: 4416.0785
cellbender:remove-background: [epoch 030]  average training loss: 4413.2371
cellbender:remove-background: [epoch 030] average test loss: 4310.6325
cellbender:remove-background: [epoch 031]  average training loss: 4407.2399
cellbender:remove-background: [epoch 032]  average training loss: 4401.2123
cellbender:remove-background: [epoch 033]  average training loss: 4399.1911
cellbender:remove-background: [epoch 034]  average training loss: 4398.7016
cellbender:remove-background: [epoch 035]  average training loss: 4397.3991
cellbender:remove-background: [epoch 035] average test loss: 4299.1258
cellbender:remove-background: [epoch 036]  average training loss: 4394.6789
cellbender:remove-background: [epoch 037]  average training loss: 4390.8343
cellbender:remove-background: [epoch 038]  average training loss: 4386.7808
cellbender:remove-background: [epoch 039]  average training loss: 4382.5369
cellbender:remove-background: [epoch 040]  average training loss: 4381.2033
cellbender:remove-background: [epoch 040] average test loss: 4278.3196
cellbender:remove-background: [epoch 041]  average training loss: 4376.8180
cellbender:remove-background: [epoch 042]  average training loss: 4371.5995
cellbender:remove-background: [epoch 043]  average training loss: 4367.7665
cellbender:remove-background: [epoch 044]  average training loss: 4366.0408
cellbender:remove-background: [epoch 045]  average training loss: 4364.5334
cellbender:remove-background: [epoch 045] average test loss: 4269.9651
cellbender:remove-background: [epoch 046]  average training loss: 4360.2496
cellbender:remove-background: [epoch 047]  average training loss: 4353.6560
cellbender:remove-background: [epoch 048]  average training loss: 4347.3564
cellbender:remove-background: [epoch 049]  average training loss: 4345.4524
cellbender:remove-background: [epoch 050]  average training loss: 4341.5027
cellbender:remove-background: [epoch 050] average test loss: 4241.8785
cellbender:remove-background: [epoch 051]  average training loss: 4340.5672
cellbender:remove-background: [epoch 052]  average training loss: 4340.3940
cellbender:remove-background: [epoch 053]  average training loss: 4333.6449
cellbender:remove-background: [epoch 054]  average training loss: 4328.5815
cellbender:remove-background: [epoch 055]  average training loss: 4332.7953
cellbender:remove-background: [epoch 055] average test loss: 4236.6292
cellbender:remove-background: [epoch 056]  average training loss: 4327.6085
cellbender:remove-background: [epoch 057]  average training loss: 4325.6113
cellbender:remove-background: [epoch 058]  average training loss: 4323.5683
cellbender:remove-background: [epoch 059]  average training loss: 4319.7272
cellbender:remove-background: [epoch 060]  average training loss: 4315.6148
cellbender:remove-background: [epoch 060] average test loss: 4244.5197
cellbender:remove-background: [epoch 061]  average training loss: 4315.4780
cellbender:remove-background: [epoch 062]  average training loss: 4317.5374
cellbender:remove-background: [epoch 063]  average training loss: 4320.8129
cellbender:remove-background: [epoch 064]  average training loss: 4324.8900
cellbender:remove-background: [epoch 065]  average training loss: 4327.4930
cellbender:remove-background: [epoch 065] average test loss: 4254.5488
cellbender:remove-background: [epoch 066]  average training loss: 4325.4840
cellbender:remove-background: [epoch 067]  average training loss: 4325.1686
cellbender:remove-background: [epoch 068]  average training loss: 4323.3793
cellbender:remove-background: [epoch 069]  average training loss: 4324.7697
cellbender:remove-background: [epoch 070]  average training loss: 4317.2846
cellbender:remove-background: [epoch 070] average test loss: 4288.5921
cellbender:remove-background: [epoch 071]  average training loss: 4313.1260
cellbender:remove-background: [epoch 072]  average training loss: 4309.5317
cellbender:remove-background: Saving a checkpoint...
cellbender:remove-background: Saved checkpoint as /weka/scratch/scratch/Mon/mabdel03/Tsai_Data/Cellbender_Outputs/94092977/ckpt.tar.gz
cellbender:remove-background: [epoch 073]  average training loss: 4307.9711
cellbender:remove-background: [epoch 074]  average training loss: 4314.1812
cellbender:remove-background: [epoch 075]  average training loss: 4311.7998
cellbender:remove-background: [epoch 075] average test loss: 4234.6029
cellbender:remove-background: [epoch 076]  average training loss: 4312.0842
cellbender:remove-background: [epoch 077]  average training loss: 4315.5084
cellbender:remove-background: [epoch 078]  average training loss: 4315.3914
cellbender:remove-background: [epoch 079]  average training loss: 4309.5182
cellbender:remove-background: [epoch 080]  average training loss: 4304.2443
cellbender:remove-background: [epoch 080] average test loss: 4232.4322
cellbender:remove-background: [epoch 081]  average training loss: 4304.2187
cellbender:remove-background: [epoch 082]  average training loss: 4317.7756
cellbender:remove-background: [epoch 083]  average training loss: 4302.1089
cellbender:remove-background: [epoch 084]  average training loss: 4300.6308
cellbender:remove-background: [epoch 085]  average training loss: 4299.3699
cellbender:remove-background: [epoch 085] average test loss: 4243.6674
cellbender:remove-background: [epoch 086]  average training loss: 4299.0159
cellbender:remove-background: [epoch 087]  average training loss: 4290.7463
cellbender:remove-background: [epoch 088]  average training loss: 4292.3345
cellbender:remove-background: [epoch 089]  average training loss: 4288.7996
cellbender:remove-background: [epoch 090]  average training loss: 4291.9108
cellbender:remove-background: [epoch 090] average test loss: 4211.1847
cellbender:remove-background: [epoch 091]  average training loss: 4288.0140
cellbender:remove-background: [epoch 092]  average training loss: 4286.5211
cellbender:remove-background: [epoch 093]  average training loss: 4289.0447
cellbender:remove-background: [epoch 094]  average training loss: 4289.8801
cellbender:remove-background: [epoch 095]  average training loss: 4292.1139
cellbender:remove-background: [epoch 095] average test loss: 4218.8609
cellbender:remove-background: [epoch 096]  average training loss: 4291.3403
cellbender:remove-background: [epoch 097]  average training loss: 4290.1816
cellbender:remove-background: [epoch 098]  average training loss: 4282.3487
cellbender:remove-background: [epoch 099]  average training loss: 4283.4882
cellbender:remove-background: [epoch 100]  average training loss: 4282.5731
cellbender:remove-background: [epoch 100] average test loss: 4207.2927
cellbender:remove-background: [epoch 101]  average training loss: 4282.5145
cellbender:remove-background: [epoch 102]  average training loss: 4281.8928
cellbender:remove-background: [epoch 103]  average training loss: 4282.0560
cellbender:remove-background: [epoch 104]  average training loss: 4281.6682
cellbender:remove-background: [epoch 105]  average training loss: 4290.4271
cellbender:remove-background: [epoch 105] average test loss: 4216.6887
cellbender:remove-background: [epoch 106]  average training loss: 4290.1659
cellbender:remove-background: [epoch 107]  average training loss: 4288.1315
cellbender:remove-background: [epoch 108]  average training loss: 4278.4918
cellbender:remove-background: [epoch 109]  average training loss: 4279.5598
cellbender:remove-background: [epoch 110]  average training loss: 4282.2406
cellbender:remove-background: [epoch 110] average test loss: 4233.8756
cellbender:remove-background: [epoch 111]  average training loss: 4289.0676
cellbender:remove-background: [epoch 112]  average training loss: 4280.4605
cellbender:remove-background: [epoch 113]  average training loss: 4279.1712
cellbender:remove-background: [epoch 114]  average training loss: 4279.2506
cellbender:remove-background: [epoch 115]  average training loss: 4276.9455
cellbender:remove-background: [epoch 115] average test loss: 4213.5300
cellbender:remove-background: [epoch 116]  average training loss: 4277.6991
cellbender:remove-background: [epoch 117]  average training loss: 4280.0598
cellbender:remove-background: [epoch 118]  average training loss: 4281.3975
cellbender:remove-background: [epoch 119]  average training loss: 4279.7345
cellbender:remove-background: [epoch 120]  average training loss: 4274.0360
cellbender:remove-background: [epoch 120] average test loss: 4213.7857
cellbender:remove-background: [epoch 121]  average training loss: 4275.5897
cellbender:remove-background: [epoch 122]  average training loss: 4279.0399
cellbender:remove-background: [epoch 123]  average training loss: 4282.9293
cellbender:remove-background: [epoch 124]  average training loss: 4273.9599
cellbender:remove-background: [epoch 125]  average training loss: 4275.8491
cellbender:remove-background: [epoch 125] average test loss: 4217.6391
cellbender:remove-background: [epoch 126]  average training loss: 4280.6206
cellbender:remove-background: [epoch 127]  average training loss: 4286.8794
cellbender:remove-background: [epoch 128]  average training loss: 4274.1120
cellbender:remove-background: [epoch 129]  average training loss: 4278.8072
cellbender:remove-background: [epoch 130]  average training loss: 4275.1375
cellbender:remove-background: [epoch 130] average test loss: 4211.4863
cellbender:remove-background: [epoch 131]  average training loss: 4275.7586
cellbender:remove-background: [epoch 132]  average training loss: 4280.3522
cellbender:remove-background: [epoch 133]  average training loss: 4274.4595
cellbender:remove-background: [epoch 134]  average training loss: 4277.0060
cellbender:remove-background: [epoch 135]  average training loss: 4284.3818
cellbender:remove-background: [epoch 135] average test loss: 4224.4005
cellbender:remove-background: [epoch 136]  average training loss: 4271.3668
cellbender:remove-background: [epoch 137]  average training loss: 4272.0163
cellbender:remove-background: [epoch 138]  average training loss: 4273.2184
cellbender:remove-background: [epoch 139]  average training loss: 4275.0710
cellbender:remove-background: [epoch 140]  average training loss: 4273.7797
cellbender:remove-background: [epoch 140] average test loss: 4228.8399
cellbender:remove-background: [epoch 141]  average training loss: 4272.6500
cellbender:remove-background: [epoch 142]  average training loss: 4271.0453
cellbender:remove-background: [epoch 143]  average training loss: 4272.5531
cellbender:remove-background: [epoch 144]  average training loss: 4272.2999
cellbender:remove-background: Saving a checkpoint...
cellbender:remove-background: Saved checkpoint as /weka/scratch/scratch/Mon/mabdel03/Tsai_Data/Cellbender_Outputs/94092977/ckpt.tar.gz
cellbender:remove-background: [epoch 145]  average training loss: 4271.2620
cellbender:remove-background: [epoch 145] average test loss: 4217.6433
cellbender:remove-background: [epoch 146]  average training loss: 4273.5732
cellbender:remove-background: [epoch 147]  average training loss: 4270.7283
cellbender:remove-background: [epoch 148]  average training loss: 4273.4692
cellbender:remove-background: [epoch 149]  average training loss: 4273.5446
cellbender:remove-background: [epoch 150]  average training loss: 4269.7192
cellbender:remove-background: [epoch 150] average test loss: 4220.4244
cellbender:remove-background: Saving a checkpoint...
cellbender:remove-background: Saved checkpoint as /weka/scratch/scratch/Mon/mabdel03/Tsai_Data/Cellbender_Outputs/94092977/ckpt.tar.gz
cellbender:remove-background: 2026-03-08 19:20:06
cellbender:remove-background: Inference procedure complete.
cellbender:remove-background: Attempting to unpack tarball "ckpt.tar.gz" to /tmp/tmphi28hvml
cellbender:remove-background: Successfully unpacked tarball to /tmp/tmphi28hvml
/tmp/tmphi28hvml/179f7f750f_random.pyro
/tmp/tmphi28hvml/179f7f750f_random.cuda
/tmp/tmphi28hvml/179f7f750f_model.torch
/tmp/tmphi28hvml/179f7f750f_optim.torch
/tmp/tmphi28hvml/179f7f750f_optim.pyro
/tmp/tmphi28hvml/179f7f750f_params.pyro
/tmp/tmphi28hvml/179f7f750f_train.loaderstate
/tmp/tmphi28hvml/179f7f750f_test.loaderstate
/tmp/tmphi28hvml/179f7f750f_args.npy
cellbender:remove-background: Posterior not currently included in checkpoint.
cellbender:remove-background: Computing posterior noise count probabilities in mini-batches.
cellbender:remove-background: Working on chunk (1/60)
cellbender:remove-background:     [0.04 mins per chunk]
cellbender:remove-background: Working on chunk (2/60)
cellbender:remove-background: Working on chunk (3/60)
cellbender:remove-background: Working on chunk (4/60)
cellbender:remove-background: Working on chunk (5/60)
cellbender:remove-background: Working on chunk (6/60)
cellbender:remove-background: Working on chunk (7/60)
cellbender:remove-background: Working on chunk (8/60)
cellbender:remove-background: Working on chunk (9/60)
cellbender:remove-background: Working on chunk (10/60)
cellbender:remove-background: Working on chunk (11/60)
cellbender:remove-background: Working on chunk (12/60)
cellbender:remove-background: Working on chunk (13/60)
cellbender:remove-background: Working on chunk (14/60)
cellbender:remove-background: Working on chunk (15/60)
cellbender:remove-background: Working on chunk (16/60)
cellbender:remove-background: Working on chunk (17/60)
cellbender:remove-background: Working on chunk (18/60)
cellbender:remove-background: Working on chunk (19/60)
cellbender:remove-background: Working on chunk (20/60)
cellbender:remove-background: Working on chunk (21/60)
cellbender:remove-background: Working on chunk (22/60)
cellbender:remove-background: Working on chunk (23/60)
cellbender:remove-background: Working on chunk (24/60)
cellbender:remove-background: Working on chunk (25/60)
cellbender:remove-background: Working on chunk (26/60)
cellbender:remove-background: Working on chunk (27/60)
cellbender:remove-background: Working on chunk (28/60)
cellbender:remove-background: Working on chunk (29/60)
cellbender:remove-background: Working on chunk (30/60)
cellbender:remove-background: Working on chunk (31/60)
cellbender:remove-background: Working on chunk (32/60)
cellbender:remove-background: Working on chunk (33/60)
cellbender:remove-background: Working on chunk (34/60)
cellbender:remove-background: Working on chunk (35/60)
cellbender:remove-background: Working on chunk (36/60)
cellbender:remove-background: Working on chunk (37/60)
cellbender:remove-background: Working on chunk (38/60)
cellbender:remove-background: Working on chunk (39/60)
cellbender:remove-background: Working on chunk (40/60)
cellbender:remove-background: Working on chunk (41/60)
cellbender:remove-background: Working on chunk (42/60)
cellbender:remove-background: Working on chunk (43/60)
cellbender:remove-background: Working on chunk (44/60)
cellbender:remove-background: Working on chunk (45/60)
cellbender:remove-background: Working on chunk (46/60)
cellbender:remove-background: Working on chunk (47/60)
cellbender:remove-background: Working on chunk (48/60)
cellbender:remove-background: Working on chunk (49/60)
cellbender:remove-background: Working on chunk (50/60)
cellbender:remove-background: Working on chunk (51/60)
cellbender:remove-background: Working on chunk (52/60)
cellbender:remove-background: Working on chunk (53/60)
cellbender:remove-background: Working on chunk (54/60)
cellbender:remove-background: Working on chunk (55/60)
cellbender:remove-background: Working on chunk (56/60)
cellbender:remove-background: Working on chunk (57/60)
cellbender:remove-background: Working on chunk (58/60)
cellbender:remove-background: Working on chunk (59/60)
cellbender:remove-background: Working on chunk (60/60)
cellbender:remove-background: Writing full posterior to /om/scratch/Mon/mabdel03/Tsai_Data/Cellbender_Outputs/94092977/processed_feature_bc_matrix_posterior.h5
cellbender:remove-background: Succeeded in writing posterior to file /om/scratch/Mon/mabdel03/Tsai_Data/Cellbender_Outputs/94092977/processed_feature_bc_matrix_posterior.h5
cellbender:remove-background: Added posterior object to checkpoint file.
cellbender:remove-background: 2026-03-08 19:25:20

cellbender:remove-background: Saved summary plots as /om/scratch/Mon/mabdel03/Tsai_Data/Cellbender_Outputs/94092977/processed_feature_bc_matrix.pdf
cellbender:remove-background: Saved cell barcodes in /om/scratch/Mon/mabdel03/Tsai_Data/Cellbender_Outputs/94092977/processed_feature_bc_matrix_cell_barcodes.csv
cellbender:remove-background: Computing target noise counts per gene for MCKP estimator
cellbender:remove-background: Using MCKP noise targets computed for FPR 0.0
cellbender:remove-background: Computing denoised counts using mckp estimator
cellbender:remove-background: Working on chunk (1/7)
cellbender:remove-background:     [2.16 mins per chunk]
cellbender:remove-background: Working on chunk (2/7)
cellbender:remove-background: Working on chunk (3/7)
cellbender:remove-background: Working on chunk (4/7)
cellbender:remove-background: Working on chunk (5/7)
cellbender:remove-background: Working on chunk (6/7)
cellbender:remove-background: Working on chunk (7/7)
cellbender:remove-background: 2026-03-08 19:41:35 Total MCKP estimation time = 928.26 sec
cellbender:remove-background: Succeeded in writing CellRanger format output to file /om/scratch/Mon/mabdel03/Tsai_Data/Cellbender_Outputs/94092977/processed_feature_bc_matrix.h5
cellbender:remove-background: Succeeded in writing CellRanger format output to file /om/scratch/Mon/mabdel03/Tsai_Data/Cellbender_Outputs/94092977/processed_feature_bc_matrix_filtered.h5
cellbender:remove-background: Saved output metrics as /om/scratch/Mon/mabdel03/Tsai_Data/Cellbender_Outputs/94092977/processed_feature_bc_matrix_metrics.csv
[NbConvertApp] Converting notebook tmp.report.ipynb to notebook
[NbConvertApp] Writing 503421 bytes to tmp.report.nbconvert.ipynb
[NbConvertApp] Converting notebook tmp.report.nbconvert.ipynb to html
[NbConvertApp] Writing 1078108 bytes to tmp.report.nbconvert.html
cellbender:remove-background: Succeeded in writing report to /om/scratch/Mon/mabdel03/Tsai_Data/Cellbender_Outputs/94092977/processed_feature_bc_matrix_report.html
cellbender:remove-background: Completed remove-background.
cellbender:remove-background: 2026-03-08 19:42:22

