cellbender:remove-background: Command:
cellbender remove-background --cuda --input /tmp/cellbender_44651841_296/raw_feature_bc_matrix.h5 --fpr 0 --output /om/scratch/Mon/mabdel03/Tsai_Data/Cellbender_Outputs/50401002/processed_feature_bc_matrix.h5
cellbender:remove-background: CellBender 0.3.0
cellbender:remove-background: (Workflow hash 6c21562563)
cellbender:remove-background: 2026-02-01 01:05:40
cellbender:remove-background: Running remove-background
cellbender:remove-background: Loading data from /tmp/cellbender_44651841_296/raw_feature_bc_matrix.h5
cellbender:remove-background: CellRanger v3 format
cellbender:remove-background: Features in dataset: 36601 Gene Expression
cellbender:remove-background: Trimming features for inference.
cellbender:remove-background: 31590 features have nonzero counts.
cellbender:remove-background: Prior on counts for cells is 9353
cellbender:remove-background: Prior on counts for empty droplets is 120
cellbender:remove-background: Excluding 9968 features that are estimated to have <= 0.1 background counts in cells.
cellbender:remove-background: Including 21622 features in the analysis.
cellbender:remove-background: Trimming barcodes for inference.
cellbender:remove-background: Excluding barcodes with counts below 60
cellbender:remove-background: Using 2655 probable cell barcodes, plus an additional 9143 barcodes, and 61068 empty droplets.
cellbender:remove-background: Largest surely-empty droplet has 146 UMI counts.
cellbender:remove-background: Attempting to unpack tarball "ckpt.tar.gz" to /tmp/tmp8limi9qy
cellbender:remove-background: No saved checkpoint.
cellbender:remove-background: No checkpoint loaded.
cellbender:remove-background: Running inference...
cellbender:remove-background: [epoch 001]  average training loss: 11028.3994
cellbender:remove-background: [epoch 002]  average training loss: 9218.7653  (3.9 seconds per epoch)
cellbender:remove-background: Will checkpoint every 108 epochs
cellbender:remove-background: [epoch 003]  average training loss: 7594.2650
cellbender:remove-background: [epoch 004]  average training loss: 6842.3272
cellbender:remove-background: [epoch 005]  average training loss: 6363.6016
cellbender:remove-background: [epoch 005] average test loss: 6272.5358
cellbender:remove-background: [epoch 006]  average training loss: 5935.9837
cellbender:remove-background: [epoch 007]  average training loss: 5714.8894
cellbender:remove-background: [epoch 008]  average training loss: 5754.6457
cellbender:remove-background: [epoch 009]  average training loss: 5743.7569
cellbender:remove-background: [epoch 010]  average training loss: 5706.3462
cellbender:remove-background: [epoch 010] average test loss: 5459.6644
cellbender:remove-background: [epoch 011]  average training loss: 5645.0482
cellbender:remove-background: [epoch 012]  average training loss: 5691.3431
cellbender:remove-background: [epoch 013]  average training loss: 5587.8934
cellbender:remove-background: [epoch 014]  average training loss: 5512.4979
cellbender:remove-background: [epoch 015]  average training loss: 5301.1696
cellbender:remove-background: [epoch 015] average test loss: 5330.8027
cellbender:remove-background: [epoch 016]  average training loss: 5260.9121
cellbender:remove-background: [epoch 017]  average training loss: 5242.0497
cellbender:remove-background: [epoch 018]  average training loss: 5244.6703
cellbender:remove-background: [epoch 019]  average training loss: 5204.0958
cellbender:remove-background: [epoch 020]  average training loss: 5185.7830
cellbender:remove-background: [epoch 020] average test loss: 5166.2948
cellbender:remove-background: [epoch 021]  average training loss: 5197.8486
cellbender:remove-background: [epoch 022]  average training loss: 5172.7289
cellbender:remove-background: [epoch 023]  average training loss: 5171.4740
cellbender:remove-background: [epoch 024]  average training loss: 5153.4319
cellbender:remove-background: [epoch 025]  average training loss: 5127.9364
cellbender:remove-background: [epoch 025] average test loss: 5032.8041
cellbender:remove-background: [epoch 026]  average training loss: 5134.1159
cellbender:remove-background: [epoch 027]  average training loss: 5112.2926
cellbender:remove-background: [epoch 028]  average training loss: 5112.3979
cellbender:remove-background: [epoch 029]  average training loss: 5098.3416
cellbender:remove-background: [epoch 030]  average training loss: 5083.0420
cellbender:remove-background: [epoch 030] average test loss: 4989.8558
cellbender:remove-background: [epoch 031]  average training loss: 5050.4632
cellbender:remove-background: [epoch 032]  average training loss: 5036.6297
cellbender:remove-background: [epoch 033]  average training loss: 5005.6219
cellbender:remove-background: [epoch 034]  average training loss: 5005.1505
cellbender:remove-background: [epoch 035]  average training loss: 4994.8046
cellbender:remove-background: [epoch 035] average test loss: 4948.8163
cellbender:remove-background: [epoch 036]  average training loss: 4986.9421
cellbender:remove-background: [epoch 037]  average training loss: 4984.7569
cellbender:remove-background: [epoch 038]  average training loss: 4979.9485
cellbender:remove-background: [epoch 039]  average training loss: 4973.0708
cellbender:remove-background: [epoch 040]  average training loss: 4970.0920
cellbender:remove-background: [epoch 040] average test loss: 4906.8999
cellbender:remove-background: [epoch 041]  average training loss: 4968.0825
cellbender:remove-background: [epoch 042]  average training loss: 4963.6622
cellbender:remove-background: [epoch 043]  average training loss: 4959.6287
cellbender:remove-background: [epoch 044]  average training loss: 4955.9447
cellbender:remove-background: [epoch 045]  average training loss: 4955.0275
cellbender:remove-background: [epoch 045] average test loss: 4890.6075
cellbender:remove-background: [epoch 046]  average training loss: 4951.3629
cellbender:remove-background: [epoch 047]  average training loss: 4948.0521
cellbender:remove-background: [epoch 048]  average training loss: 4941.4037
cellbender:remove-background: [epoch 049]  average training loss: 4939.1203
cellbender:remove-background: [epoch 050]  average training loss: 4935.3055
cellbender:remove-background: [epoch 050] average test loss: 4874.4888
cellbender:remove-background: [epoch 051]  average training loss: 4929.8103
cellbender:remove-background: [epoch 052]  average training loss: 4924.3957
cellbender:remove-background: [epoch 053]  average training loss: 4920.4336
cellbender:remove-background: [epoch 054]  average training loss: 4918.2273
cellbender:remove-background: [epoch 055]  average training loss: 4914.3533
cellbender:remove-background: [epoch 055] average test loss: 4859.4341
cellbender:remove-background: [epoch 056]  average training loss: 4908.7958
cellbender:remove-background: [epoch 057]  average training loss: 4903.8193
cellbender:remove-background: [epoch 058]  average training loss: 4900.3304
cellbender:remove-background: [epoch 059]  average training loss: 4897.1820
cellbender:remove-background: [epoch 060]  average training loss: 4896.3456
cellbender:remove-background: [epoch 060] average test loss: 4831.1934
cellbender:remove-background: [epoch 061]  average training loss: 4892.9736
cellbender:remove-background: [epoch 062]  average training loss: 4891.6174
cellbender:remove-background: [epoch 063]  average training loss: 4886.1769
cellbender:remove-background: [epoch 064]  average training loss: 4883.6144
cellbender:remove-background: [epoch 065]  average training loss: 4882.1287
cellbender:remove-background: [epoch 065] average test loss: 4828.1865
cellbender:remove-background: [epoch 066]  average training loss: 4884.0637
cellbender:remove-background: [epoch 067]  average training loss: 4875.5064
cellbender:remove-background: [epoch 068]  average training loss: 4877.5352
cellbender:remove-background: [epoch 069]  average training loss: 4874.6896
cellbender:remove-background: [epoch 070]  average training loss: 4872.4658
cellbender:remove-background: [epoch 070] average test loss: 4821.3880
cellbender:remove-background: [epoch 071]  average training loss: 4869.6652
cellbender:remove-background: [epoch 072]  average training loss: 4870.9425
cellbender:remove-background: [epoch 073]  average training loss: 4869.2913
cellbender:remove-background: [epoch 074]  average training loss: 4867.7878
cellbender:remove-background: [epoch 075]  average training loss: 4870.1368
cellbender:remove-background: [epoch 075] average test loss: 4828.3354
cellbender:remove-background: [epoch 076]  average training loss: 4871.5663
cellbender:remove-background: [epoch 077]  average training loss: 4870.5684
cellbender:remove-background: [epoch 078]  average training loss: 4869.9429
cellbender:remove-background: [epoch 079]  average training loss: 4867.5840
cellbender:remove-background: [epoch 080]  average training loss: 4870.4855
cellbender:remove-background: [epoch 080] average test loss: 4814.5019
cellbender:remove-background: [epoch 081]  average training loss: 4866.7424
cellbender:remove-background: [epoch 082]  average training loss: 4866.1709
cellbender:remove-background: [epoch 083]  average training loss: 4868.2062
cellbender:remove-background: [epoch 084]  average training loss: 4865.3012
cellbender:remove-background: [epoch 085]  average training loss: 4868.3535
cellbender:remove-background: [epoch 085] average test loss: 4827.8196
cellbender:remove-background: [epoch 086]  average training loss: 4865.5090
cellbender:remove-background: [epoch 087]  average training loss: 4865.0151
cellbender:remove-background: [epoch 088]  average training loss: 4861.7855
cellbender:remove-background: [epoch 089]  average training loss: 4866.9956
cellbender:remove-background: [epoch 090]  average training loss: 4859.8642
cellbender:remove-background: [epoch 090] average test loss: 4834.7034
cellbender:remove-background: [epoch 091]  average training loss: 4865.6757
cellbender:remove-background: [epoch 092]  average training loss: 4862.5823
cellbender:remove-background: [epoch 093]  average training loss: 4862.6447
cellbender:remove-background: [epoch 094]  average training loss: 4861.0677
cellbender:remove-background: [epoch 095]  average training loss: 4859.8849
cellbender:remove-background: [epoch 095] average test loss: 4842.9029
cellbender:remove-background: [epoch 096]  average training loss: 4857.8559
cellbender:remove-background: [epoch 097]  average training loss: 4863.1922
cellbender:remove-background: [epoch 098]  average training loss: 4862.0269
cellbender:remove-background: [epoch 099]  average training loss: 4856.5448
cellbender:remove-background: [epoch 100]  average training loss: 4859.6983
cellbender:remove-background: [epoch 100] average test loss: 4809.9426
cellbender:remove-background: [epoch 101]  average training loss: 4860.9083
cellbender:remove-background: [epoch 102]  average training loss: 4858.5914
cellbender:remove-background: [epoch 103]  average training loss: 4859.9060
cellbender:remove-background: [epoch 104]  average training loss: 4855.3472
cellbender:remove-background: [epoch 105]  average training loss: 4862.0305
cellbender:remove-background: [epoch 105] average test loss: 4831.1830
cellbender:remove-background: [epoch 106]  average training loss: 4856.8045
cellbender:remove-background: [epoch 107]  average training loss: 4857.5722
cellbender:remove-background: [epoch 108]  average training loss: 4856.0049
cellbender:remove-background: Saving a checkpoint...
cellbender:remove-background: Saved checkpoint as /weka/scratch/scratch/Mon/mabdel03/Tsai_Data/Cellbender_Outputs/50401002/ckpt.tar.gz
cellbender:remove-background: [epoch 109]  average training loss: 4856.9069
cellbender:remove-background: [epoch 110]  average training loss: 4855.9430
cellbender:remove-background: [epoch 110] average test loss: 4833.2110
cellbender:remove-background: [epoch 111]  average training loss: 4850.2847
cellbender:remove-background: [epoch 112]  average training loss: 4855.0409
cellbender:remove-background: [epoch 113]  average training loss: 4850.9750
cellbender:remove-background: [epoch 114]  average training loss: 4854.9025
cellbender:remove-background: [epoch 115]  average training loss: 4854.9814
cellbender:remove-background: [epoch 115] average test loss: 4827.8398
cellbender:remove-background: [epoch 116]  average training loss: 4849.7290
cellbender:remove-background: [epoch 117]  average training loss: 4853.4294
cellbender:remove-background: [epoch 118]  average training loss: 4851.3564
cellbender:remove-background: [epoch 119]  average training loss: 4848.2297
cellbender:remove-background: [epoch 120]  average training loss: 4852.4868
cellbender:remove-background: [epoch 120] average test loss: 4834.6591
cellbender:remove-background: [epoch 121]  average training loss: 4849.2450
cellbender:remove-background: [epoch 122]  average training loss: 4845.8711
cellbender:remove-background: [epoch 123]  average training loss: 4850.0286
cellbender:remove-background: [epoch 124]  average training loss: 4847.9967
cellbender:remove-background: [epoch 125]  average training loss: 4852.2597
cellbender:remove-background: [epoch 125] average test loss: 4822.0992
cellbender:remove-background: [epoch 126]  average training loss: 4847.9046
cellbender:remove-background: [epoch 127]  average training loss: 4844.6458
cellbender:remove-background: [epoch 128]  average training loss: 4847.1475
cellbender:remove-background: [epoch 129]  average training loss: 4844.4857
cellbender:remove-background: [epoch 130]  average training loss: 4846.1539
cellbender:remove-background: [epoch 130] average test loss: 4832.1653
cellbender:remove-background: [epoch 131]  average training loss: 4843.9671
cellbender:remove-background: [epoch 132]  average training loss: 4843.8046
cellbender:remove-background: [epoch 133]  average training loss: 4847.0566
cellbender:remove-background: [epoch 134]  average training loss: 4842.9053
cellbender:remove-background: [epoch 135]  average training loss: 4845.3867
cellbender:remove-background: [epoch 135] average test loss: 4831.7128
cellbender:remove-background: [epoch 136]  average training loss: 4849.3394
cellbender:remove-background: [epoch 137]  average training loss: 4848.4992
cellbender:remove-background: [epoch 138]  average training loss: 4847.5257
cellbender:remove-background: [epoch 139]  average training loss: 4843.4738
cellbender:remove-background: [epoch 140]  average training loss: 4846.5355
cellbender:remove-background: [epoch 140] average test loss: 4820.3179
cellbender:remove-background: [epoch 141]  average training loss: 4845.9555
cellbender:remove-background: [epoch 142]  average training loss: 4844.3454
cellbender:remove-background: [epoch 143]  average training loss: 4840.6790
cellbender:remove-background: [epoch 144]  average training loss: 4845.1148
cellbender:remove-background: [epoch 145]  average training loss: 4844.5252
cellbender:remove-background: [epoch 145] average test loss: 4837.4429
cellbender:remove-background: [epoch 146]  average training loss: 4844.4935
cellbender:remove-background: [epoch 147]  average training loss: 4844.0950
cellbender:remove-background: [epoch 148]  average training loss: 4843.3812
cellbender:remove-background: [epoch 149]  average training loss: 4842.6853
cellbender:remove-background: [epoch 150]  average training loss: 4844.0016
cellbender:remove-background: [epoch 150] average test loss: 4834.7049
cellbender:remove-background: Saving a checkpoint...
cellbender:remove-background: Saved checkpoint as /weka/scratch/scratch/Mon/mabdel03/Tsai_Data/Cellbender_Outputs/50401002/ckpt.tar.gz
cellbender:remove-background: 2026-02-01 01:17:41
cellbender:remove-background: Inference procedure complete.
cellbender:remove-background: Attempting to unpack tarball "ckpt.tar.gz" to /tmp/tmp4f_po480
cellbender:remove-background: Successfully unpacked tarball to /tmp/tmp4f_po480
/tmp/tmp4f_po480/6c21562563_random.pyro
/tmp/tmp4f_po480/6c21562563_random.cuda
/tmp/tmp4f_po480/6c21562563_model.torch
/tmp/tmp4f_po480/6c21562563_optim.torch
/tmp/tmp4f_po480/6c21562563_optim.pyro
/tmp/tmp4f_po480/6c21562563_params.pyro
/tmp/tmp4f_po480/6c21562563_train.loaderstate
/tmp/tmp4f_po480/6c21562563_test.loaderstate
/tmp/tmp4f_po480/6c21562563_args.npy
cellbender:remove-background: Posterior not currently included in checkpoint.
cellbender:remove-background: Computing posterior noise count probabilities in mini-batches.
cellbender:remove-background: Working on chunk (1/46)
cellbender:remove-background:     [0.03 mins per chunk]
cellbender:remove-background: Working on chunk (2/46)
cellbender:remove-background: Working on chunk (3/46)
cellbender:remove-background: Working on chunk (4/46)
cellbender:remove-background: Working on chunk (5/46)
cellbender:remove-background: Working on chunk (6/46)
cellbender:remove-background: Working on chunk (7/46)
cellbender:remove-background: Working on chunk (8/46)
cellbender:remove-background: Working on chunk (9/46)
cellbender:remove-background: Working on chunk (10/46)
cellbender:remove-background: Working on chunk (11/46)
cellbender:remove-background: Working on chunk (12/46)
cellbender:remove-background: Working on chunk (13/46)
cellbender:remove-background: Working on chunk (14/46)
cellbender:remove-background: Working on chunk (15/46)
cellbender:remove-background: Working on chunk (16/46)
cellbender:remove-background: Working on chunk (17/46)
cellbender:remove-background: Working on chunk (18/46)
cellbender:remove-background: Working on chunk (19/46)
cellbender:remove-background: Working on chunk (20/46)
cellbender:remove-background: Working on chunk (21/46)
cellbender:remove-background: Working on chunk (22/46)
cellbender:remove-background: Working on chunk (23/46)
cellbender:remove-background: Working on chunk (24/46)
cellbender:remove-background: Working on chunk (25/46)
cellbender:remove-background: Working on chunk (26/46)
cellbender:remove-background: Working on chunk (27/46)
cellbender:remove-background: Working on chunk (28/46)
cellbender:remove-background: Working on chunk (29/46)
cellbender:remove-background: Working on chunk (30/46)
cellbender:remove-background: Working on chunk (31/46)
cellbender:remove-background: Working on chunk (32/46)
cellbender:remove-background: Working on chunk (33/46)
cellbender:remove-background: Working on chunk (34/46)
cellbender:remove-background: Working on chunk (35/46)
cellbender:remove-background: Working on chunk (36/46)
cellbender:remove-background: Working on chunk (37/46)
cellbender:remove-background: Working on chunk (38/46)
cellbender:remove-background: Working on chunk (39/46)
cellbender:remove-background: Working on chunk (40/46)
cellbender:remove-background: Working on chunk (41/46)
cellbender:remove-background: Working on chunk (42/46)
cellbender:remove-background: Working on chunk (43/46)
cellbender:remove-background: Working on chunk (44/46)
cellbender:remove-background: Working on chunk (45/46)
cellbender:remove-background: Working on chunk (46/46)
cellbender:remove-background: Writing full posterior to /om/scratch/Mon/mabdel03/Tsai_Data/Cellbender_Outputs/50401002/processed_feature_bc_matrix_posterior.h5
cellbender:remove-background: Succeeded in writing posterior to file /om/scratch/Mon/mabdel03/Tsai_Data/Cellbender_Outputs/50401002/processed_feature_bc_matrix_posterior.h5
cellbender:remove-background: Added posterior object to checkpoint file.
cellbender:remove-background: 2026-02-01 01:21:42

cellbender:remove-background: Saved summary plots as /om/scratch/Mon/mabdel03/Tsai_Data/Cellbender_Outputs/50401002/processed_feature_bc_matrix.pdf
cellbender:remove-background: Saved cell barcodes in /om/scratch/Mon/mabdel03/Tsai_Data/Cellbender_Outputs/50401002/processed_feature_bc_matrix_cell_barcodes.csv
cellbender:remove-background: Computing target noise counts per gene for MCKP estimator
cellbender:remove-background: Using MCKP noise targets computed for FPR 0.0
cellbender:remove-background: Computing denoised counts using mckp estimator
cellbender:remove-background: Working on chunk (1/7)
cellbender:remove-background:     [1.84 mins per chunk]
cellbender:remove-background: Working on chunk (2/7)
cellbender:remove-background: Working on chunk (3/7)
cellbender:remove-background: Working on chunk (4/7)
cellbender:remove-background: Working on chunk (5/7)
cellbender:remove-background: Working on chunk (6/7)
cellbender:remove-background: Working on chunk (7/7)
cellbender:remove-background: 2026-02-01 01:35:03 Total MCKP estimation time = 765.17 sec
cellbender:remove-background: Succeeded in writing CellRanger format output to file /om/scratch/Mon/mabdel03/Tsai_Data/Cellbender_Outputs/50401002/processed_feature_bc_matrix.h5
cellbender:remove-background: Succeeded in writing CellRanger format output to file /om/scratch/Mon/mabdel03/Tsai_Data/Cellbender_Outputs/50401002/processed_feature_bc_matrix_filtered.h5
cellbender:remove-background: Saved output metrics as /om/scratch/Mon/mabdel03/Tsai_Data/Cellbender_Outputs/50401002/processed_feature_bc_matrix_metrics.csv
[NbConvertApp] Converting notebook tmp.report.ipynb to notebook
[NbConvertApp] Writing 473305 bytes to tmp.report.nbconvert.ipynb
[NbConvertApp] Converting notebook tmp.report.nbconvert.ipynb to html
[NbConvertApp] Writing 1047992 bytes to tmp.report.nbconvert.html
cellbender:remove-background: Succeeded in writing report to /om/scratch/Mon/mabdel03/Tsai_Data/Cellbender_Outputs/50401002/processed_feature_bc_matrix_report.html
cellbender:remove-background: Completed remove-background.
cellbender:remove-background: 2026-02-01 01:35:45

