cellbender:remove-background: Command:
cellbender remove-background --cuda --input /om/scratch/Mon/mabdel03/Tsai_Data/Cellranger_Outputs/24680888/outs/raw_feature_bc_matrix.h5 --fpr 0 --output /om/scratch/Mon/mabdel03/Tsai_Data/Cellbender_Outputs/24680888/processed_feature_bc_matrix.h5
cellbender:remove-background: CellBender 0.3.0
cellbender:remove-background: (Workflow hash f8568e829f)
cellbender:remove-background: 2026-02-01 18:35:03
cellbender:remove-background: Running remove-background
cellbender:remove-background: Loading data from /om/scratch/Mon/mabdel03/Tsai_Data/Cellranger_Outputs/24680888/outs/raw_feature_bc_matrix.h5
cellbender:remove-background: CellRanger v3 format
cellbender:remove-background: Features in dataset: 36601 Gene Expression
cellbender:remove-background: Trimming features for inference.
cellbender:remove-background: 32191 features have nonzero counts.
cellbender:remove-background: Prior on counts for cells is 6740
cellbender:remove-background: Prior on counts for empty droplets is 162
cellbender:remove-background: Excluding 8370 features that are estimated to have <= 0.1 background counts in cells.
cellbender:remove-background: Including 23821 features in the analysis.
cellbender:remove-background: Trimming barcodes for inference.
cellbender:remove-background: Excluding barcodes with counts below 81
cellbender:remove-background: Using 3264 probable cell barcodes, plus an additional 12212 barcodes, and 71851 empty droplets.
cellbender:remove-background: Largest surely-empty droplet has 208 UMI counts.
cellbender:remove-background: Attempting to unpack tarball "ckpt.tar.gz" to /tmp/tmpo5vndpuy
cellbender:remove-background: No saved checkpoint.
cellbender:remove-background: No checkpoint loaded.
cellbender:remove-background: Running inference...
cellbender:remove-background: [epoch 001]  average training loss: 9489.7344
cellbender:remove-background: [epoch 002]  average training loss: 7990.3666  (9.2 seconds per epoch)
cellbender:remove-background: Will checkpoint every 46 epochs
cellbender:remove-background: [epoch 003]  average training loss: 6846.7772
cellbender:remove-background: [epoch 004]  average training loss: 6263.3220
cellbender:remove-background: [epoch 005]  average training loss: 5764.1847
cellbender:remove-background: [epoch 005] average test loss: 5839.7562
cellbender:remove-background: [epoch 006]  average training loss: 5614.6401
cellbender:remove-background: [epoch 007]  average training loss: 5519.2542
cellbender:remove-background: [epoch 008]  average training loss: 5420.1792
cellbender:remove-background: [epoch 009]  average training loss: 5418.8392
cellbender:remove-background: [epoch 010]  average training loss: 5356.8952
cellbender:remove-background: [epoch 010] average test loss: 5251.8108
cellbender:remove-background: [epoch 011]  average training loss: 5306.1633
cellbender:remove-background: [epoch 012]  average training loss: 5127.9857
cellbender:remove-background: [epoch 013]  average training loss: 5088.5223
cellbender:remove-background: [epoch 014]  average training loss: 5069.4546
cellbender:remove-background: [epoch 015]  average training loss: 5052.3936
cellbender:remove-background: [epoch 015] average test loss: 5035.9607
cellbender:remove-background: [epoch 016]  average training loss: 5041.1493
cellbender:remove-background: [epoch 017]  average training loss: 5030.2014
cellbender:remove-background: [epoch 018]  average training loss: 5017.6581
cellbender:remove-background: [epoch 019]  average training loss: 4979.1138
cellbender:remove-background: [epoch 020]  average training loss: 4984.2825
cellbender:remove-background: [epoch 020] average test loss: 4902.4504
cellbender:remove-background: [epoch 021]  average training loss: 4962.5177
cellbender:remove-background: [epoch 022]  average training loss: 4957.5793
cellbender:remove-background: [epoch 023]  average training loss: 4934.0683
cellbender:remove-background: [epoch 024]  average training loss: 4892.8852
cellbender:remove-background: [epoch 025]  average training loss: 4844.8563
cellbender:remove-background: [epoch 025] average test loss: 4771.3938
cellbender:remove-background: [epoch 026]  average training loss: 4828.7128
cellbender:remove-background: [epoch 027]  average training loss: 4808.0896
cellbender:remove-background: [epoch 028]  average training loss: 4814.1989
cellbender:remove-background: [epoch 029]  average training loss: 4799.0748
cellbender:remove-background: [epoch 030]  average training loss: 4791.8093
cellbender:remove-background: [epoch 030] average test loss: 4728.2769
cellbender:remove-background: [epoch 031]  average training loss: 4784.8393
cellbender:remove-background: [epoch 032]  average training loss: 4782.2491
cellbender:remove-background: [epoch 033]  average training loss: 4776.0858
cellbender:remove-background: [epoch 034]  average training loss: 4773.6322
cellbender:remove-background: [epoch 035]  average training loss: 4769.7526
cellbender:remove-background: [epoch 035] average test loss: 4661.7794
cellbender:remove-background: [epoch 036]  average training loss: 4765.0822
cellbender:remove-background: [epoch 037]  average training loss: 4761.8754
cellbender:remove-background: [epoch 038]  average training loss: 4761.1769
cellbender:remove-background: [epoch 039]  average training loss: 4758.6746
cellbender:remove-background: [epoch 040]  average training loss: 4755.4722
cellbender:remove-background: [epoch 040] average test loss: 4677.1447
cellbender:remove-background: [epoch 041]  average training loss: 4755.3951
cellbender:remove-background: [epoch 042]  average training loss: 4747.9174
cellbender:remove-background: [epoch 043]  average training loss: 4747.0664
cellbender:remove-background: [epoch 044]  average training loss: 4743.5364
cellbender:remove-background: [epoch 045]  average training loss: 4739.5782
cellbender:remove-background: [epoch 045] average test loss: 4662.2873
cellbender:remove-background: [epoch 046]  average training loss: 4742.1717
cellbender:remove-background: Saving a checkpoint...
cellbender:remove-background: Saved checkpoint as /weka/scratch/scratch/Mon/mabdel03/Tsai_Data/Cellbender_Outputs/24680888/ckpt.tar.gz
cellbender:remove-background: [epoch 047]  average training loss: 4739.4715
cellbender:remove-background: [epoch 048]  average training loss: 4735.0678
cellbender:remove-background: [epoch 049]  average training loss: 4733.0089
cellbender:remove-background: [epoch 050]  average training loss: 4730.5586
cellbender:remove-background: [epoch 050] average test loss: 4655.6065
cellbender:remove-background: [epoch 051]  average training loss: 4735.8708
cellbender:remove-background: [epoch 052]  average training loss: 4729.3166
cellbender:remove-background: [epoch 053]  average training loss: 4728.1901
cellbender:remove-background: [epoch 054]  average training loss: 4727.3409
cellbender:remove-background: [epoch 055]  average training loss: 4722.7545
cellbender:remove-background: [epoch 055] average test loss: 4639.9881
cellbender:remove-background: [epoch 056]  average training loss: 4728.3888
cellbender:remove-background: [epoch 057]  average training loss: 4725.7684
cellbender:remove-background: [epoch 058]  average training loss: 4726.0500
cellbender:remove-background: [epoch 059]  average training loss: 4728.2395
cellbender:remove-background: [epoch 060]  average training loss: 4723.6906
cellbender:remove-background: [epoch 060] average test loss: 4629.6490
cellbender:remove-background: [epoch 061]  average training loss: 4726.0090
cellbender:remove-background: [epoch 062]  average training loss: 4724.5535
cellbender:remove-background: [epoch 063]  average training loss: 4719.3320
cellbender:remove-background: [epoch 064]  average training loss: 4726.0405
cellbender:remove-background: [epoch 065]  average training loss: 4728.6339
cellbender:remove-background: [epoch 065] average test loss: 4633.5712
cellbender:remove-background: [epoch 066]  average training loss: 4732.1096
cellbender:remove-background: [epoch 067]  average training loss: 4739.2417
cellbender:remove-background: [epoch 068]  average training loss: 4736.4368
cellbender:remove-background: [epoch 069]  average training loss: 4743.3394
cellbender:remove-background: [epoch 070]  average training loss: 4737.5955
cellbender:remove-background: [epoch 070] average test loss: 4679.4527
cellbender:remove-background: [epoch 071]  average training loss: 4745.8808
cellbender:remove-background: [epoch 072]  average training loss: 4743.1266
cellbender:remove-background: [epoch 073]  average training loss: 4755.7005
cellbender:remove-background: [epoch 074]  average training loss: 4753.0963
cellbender:remove-background: [epoch 075]  average training loss: 4761.3488
cellbender:remove-background: [epoch 075] average test loss: 4658.0628
cellbender:remove-background: [epoch 076]  average training loss: 4756.3164
cellbender:remove-background: [epoch 077]  average training loss: 4759.6339
cellbender:remove-background: [epoch 078]  average training loss: 4764.1866
cellbender:remove-background: [epoch 079]  average training loss: 4761.4681
cellbender:remove-background: [epoch 080]  average training loss: 4761.9107
cellbender:remove-background: [epoch 080] average test loss: 4744.3666
cellbender:remove-background: [epoch 081]  average training loss: 4776.1255
cellbender:remove-background: [epoch 082]  average training loss: 4767.8624
cellbender:remove-background: [epoch 083]  average training loss: 4783.0445
cellbender:remove-background: [epoch 084]  average training loss: 4781.5930
cellbender:remove-background: [epoch 085]  average training loss: 4757.0846
cellbender:remove-background: [epoch 085] average test loss: 4688.7974
cellbender:remove-background: [epoch 086]  average training loss: 4774.7071
cellbender:remove-background: [epoch 087]  average training loss: 4765.7796
cellbender:remove-background: [epoch 088]  average training loss: 4806.6836
cellbender:remove-background: [epoch 089]  average training loss: 4760.8019
cellbender:remove-background: [epoch 090]  average training loss: 4817.6169
cellbender:remove-background: [epoch 090] average test loss: 4829.0305
cellbender:remove-background: [epoch 091]  average training loss: 4773.8274
cellbender:remove-background: [epoch 092]  average training loss: 4794.5147
cellbender:remove-background: Saving a checkpoint...
cellbender:remove-background: Saved checkpoint as /weka/scratch/scratch/Mon/mabdel03/Tsai_Data/Cellbender_Outputs/24680888/ckpt.tar.gz
cellbender:remove-background: [epoch 093]  average training loss: 4769.1099
cellbender:remove-background: [epoch 094]  average training loss: 4777.3952
cellbender:remove-background: [epoch 095]  average training loss: 4768.7443
cellbender:remove-background: [epoch 095] average test loss: 4740.8634
cellbender:remove-background: [epoch 096]  average training loss: 4766.4543
cellbender:remove-background: [epoch 097]  average training loss: 4764.5781
cellbender:remove-background: [epoch 098]  average training loss: 4778.5947
cellbender:remove-background: [epoch 099]  average training loss: 4812.5693
cellbender:remove-background: [epoch 100]  average training loss: 4794.2995
cellbender:remove-background: [epoch 100] average test loss: 4770.4245
cellbender:remove-background: [epoch 101]  average training loss: 4811.2580
cellbender:remove-background: [epoch 102]  average training loss: 4805.5754
cellbender:remove-background: [epoch 103]  average training loss: 4822.5612
cellbender:remove-background: [epoch 104]  average training loss: 4825.4718
cellbender:remove-background: [epoch 105]  average training loss: 4806.8240
cellbender:remove-background: [epoch 105] average test loss: 4737.9646
cellbender:remove-background: [epoch 106]  average training loss: 4798.0053
cellbender:remove-background: [epoch 107]  average training loss: 4862.0520
cellbender:remove-background: [epoch 108]  average training loss: 4817.2213
cellbender:remove-background: [epoch 109]  average training loss: 4805.4114
cellbender:remove-background: [epoch 110]  average training loss: 4804.7084
cellbender:remove-background: [epoch 110] average test loss: 4715.0441
cellbender:remove-background: [epoch 111]  average training loss: 4790.1305
cellbender:remove-background: [epoch 112]  average training loss: 4823.3631
cellbender:remove-background: [epoch 113]  average training loss: 4791.7158
cellbender:remove-background: [epoch 114]  average training loss: 4793.9293
cellbender:remove-background: [epoch 115]  average training loss: 4810.4473
cellbender:remove-background: [epoch 115] average test loss: 4786.8054
cellbender:remove-background: [epoch 116]  average training loss: 4800.8499
cellbender:remove-background: [epoch 117]  average training loss: 4811.5485
cellbender:remove-background: [epoch 118]  average training loss: 4802.5171
cellbender:remove-background: [epoch 119]  average training loss: 4774.3225
cellbender:remove-background: [epoch 120]  average training loss: 4808.5461
cellbender:remove-background: [epoch 120] average test loss: 4678.5438
cellbender:remove-background: [epoch 121]  average training loss: 4778.7618
cellbender:remove-background: [epoch 122]  average training loss: 4772.4641
cellbender:remove-background: [epoch 123]  average training loss: 4782.2323
cellbender:remove-background: [epoch 124]  average training loss: 4783.5293
cellbender:remove-background: [epoch 125]  average training loss: 4778.4782
cellbender:remove-background: [epoch 125] average test loss: 4861.3079
cellbender:remove-background: [epoch 126]  average training loss: 4776.2849
cellbender:remove-background: [epoch 127]  average training loss: 4781.1486
cellbender:remove-background: [epoch 128]  average training loss: 4768.6326
cellbender:remove-background: [epoch 129]  average training loss: 4775.1722
cellbender:remove-background: [epoch 130]  average training loss: 4805.6918
cellbender:remove-background: [epoch 130] average test loss: 4742.0128
cellbender:remove-background: [epoch 131]  average training loss: 4785.6598
cellbender:remove-background: [epoch 132]  average training loss: 4798.8799
cellbender:remove-background: [epoch 133]  average training loss: 4785.4349
cellbender:remove-background: [epoch 134]  average training loss: 4787.3945
cellbender:remove-background: [epoch 135]  average training loss: 4779.6214
cellbender:remove-background: [epoch 135] average test loss: 4760.5200
cellbender:remove-background: [epoch 136]  average training loss: 4780.1969
cellbender:remove-background: [epoch 137]  average training loss: 4782.6964
cellbender:remove-background: [epoch 138]  average training loss: 4778.9876
cellbender:remove-background: Saving a checkpoint...
cellbender:remove-background: Saved checkpoint as /weka/scratch/scratch/Mon/mabdel03/Tsai_Data/Cellbender_Outputs/24680888/ckpt.tar.gz
cellbender:remove-background: [epoch 139]  average training loss: 4761.0742
cellbender:remove-background: [epoch 140]  average training loss: 4800.9582
cellbender:remove-background: [epoch 140] average test loss: 4842.2443
cellbender:remove-background: [epoch 141]  average training loss: 4783.1373
cellbender:remove-background: [epoch 142]  average training loss: 4794.0178
cellbender:remove-background: [epoch 143]  average training loss: 4795.1361
cellbender:remove-background: [epoch 144]  average training loss: 4770.1973
cellbender:remove-background: [epoch 145]  average training loss: 4782.0834
cellbender:remove-background: [epoch 145] average test loss: 4798.2156
cellbender:remove-background: [epoch 146]  average training loss: 4754.9739
cellbender:remove-background: [epoch 147]  average training loss: 4770.2156
cellbender:remove-background: [epoch 148]  average training loss: 4781.1161
cellbender:remove-background: [epoch 149]  average training loss: 4763.1551
cellbender:remove-background: [epoch 150]  average training loss: 4786.1426
cellbender:remove-background: [epoch 150] average test loss: 4713.0738
cellbender:remove-background: Saving a checkpoint...
cellbender:remove-background: Saved checkpoint as /weka/scratch/scratch/Mon/mabdel03/Tsai_Data/Cellbender_Outputs/24680888/ckpt.tar.gz
cellbender:remove-background: 2026-02-01 19:01:34
cellbender:remove-background: Inference procedure complete.
cellbender:remove-background: Attempting to unpack tarball "ckpt.tar.gz" to /tmp/tmplx47f_aj
cellbender:remove-background: Successfully unpacked tarball to /tmp/tmplx47f_aj
/tmp/tmplx47f_aj/f8568e829f_random.pyro
/tmp/tmplx47f_aj/f8568e829f_random.cuda
/tmp/tmplx47f_aj/f8568e829f_model.torch
/tmp/tmplx47f_aj/f8568e829f_optim.torch
/tmp/tmplx47f_aj/f8568e829f_optim.pyro
/tmp/tmplx47f_aj/f8568e829f_params.pyro
/tmp/tmplx47f_aj/f8568e829f_train.loaderstate
/tmp/tmplx47f_aj/f8568e829f_test.loaderstate
/tmp/tmplx47f_aj/f8568e829f_args.npy
cellbender:remove-background: Posterior not currently included in checkpoint.
cellbender:remove-background: Computing posterior noise count probabilities in mini-batches.
cellbender:remove-background: Working on chunk (1/65)
cellbender:remove-background:     [0.05 mins per chunk]
cellbender:remove-background: Working on chunk (2/65)
cellbender:remove-background: Working on chunk (3/65)
cellbender:remove-background: Working on chunk (4/65)
cellbender:remove-background: Working on chunk (5/65)
cellbender:remove-background: Working on chunk (6/65)
cellbender:remove-background: Working on chunk (7/65)
cellbender:remove-background: Working on chunk (8/65)
cellbender:remove-background: Working on chunk (9/65)
cellbender:remove-background: Working on chunk (10/65)
cellbender:remove-background: Working on chunk (11/65)
cellbender:remove-background: Working on chunk (12/65)
cellbender:remove-background: Working on chunk (13/65)
cellbender:remove-background: Working on chunk (14/65)
cellbender:remove-background: Working on chunk (15/65)
cellbender:remove-background: Working on chunk (16/65)
cellbender:remove-background: Working on chunk (17/65)
cellbender:remove-background: Working on chunk (18/65)
cellbender:remove-background: Working on chunk (19/65)
cellbender:remove-background: Working on chunk (20/65)
cellbender:remove-background: Working on chunk (21/65)
cellbender:remove-background: Working on chunk (22/65)
cellbender:remove-background: Working on chunk (23/65)
cellbender:remove-background: Working on chunk (24/65)
cellbender:remove-background: Working on chunk (25/65)
cellbender:remove-background: Working on chunk (26/65)
cellbender:remove-background: Working on chunk (27/65)
cellbender:remove-background: Working on chunk (28/65)
cellbender:remove-background: Working on chunk (29/65)
cellbender:remove-background: Working on chunk (30/65)
cellbender:remove-background: Working on chunk (31/65)
cellbender:remove-background: Working on chunk (32/65)
cellbender:remove-background: Working on chunk (33/65)
cellbender:remove-background: Working on chunk (34/65)
cellbender:remove-background: Working on chunk (35/65)
cellbender:remove-background: Working on chunk (36/65)
cellbender:remove-background: Working on chunk (37/65)
cellbender:remove-background: Working on chunk (38/65)
cellbender:remove-background: Working on chunk (39/65)
cellbender:remove-background: Working on chunk (40/65)
cellbender:remove-background: Working on chunk (41/65)
cellbender:remove-background: Working on chunk (42/65)
cellbender:remove-background: Working on chunk (43/65)
cellbender:remove-background: Working on chunk (44/65)
cellbender:remove-background: Working on chunk (45/65)
cellbender:remove-background: Working on chunk (46/65)
cellbender:remove-background: Working on chunk (47/65)
cellbender:remove-background: Working on chunk (48/65)
cellbender:remove-background: Working on chunk (49/65)
cellbender:remove-background: Working on chunk (50/65)
cellbender:remove-background: Working on chunk (51/65)
cellbender:remove-background: Working on chunk (52/65)
cellbender:remove-background: Working on chunk (53/65)
cellbender:remove-background: Working on chunk (54/65)
cellbender:remove-background: Working on chunk (55/65)
cellbender:remove-background: Working on chunk (56/65)
cellbender:remove-background: Working on chunk (57/65)
cellbender:remove-background: Working on chunk (58/65)
cellbender:remove-background: Working on chunk (59/65)
cellbender:remove-background: Working on chunk (60/65)
cellbender:remove-background: Working on chunk (61/65)
cellbender:remove-background: Working on chunk (62/65)
cellbender:remove-background: Working on chunk (63/65)
cellbender:remove-background: Working on chunk (64/65)
cellbender:remove-background: Working on chunk (65/65)
cellbender:remove-background: Writing full posterior to /om/scratch/Mon/mabdel03/Tsai_Data/Cellbender_Outputs/24680888/processed_feature_bc_matrix_posterior.h5
cellbender:remove-background: Succeeded in writing posterior to file /om/scratch/Mon/mabdel03/Tsai_Data/Cellbender_Outputs/24680888/processed_feature_bc_matrix_posterior.h5
cellbender:remove-background: Added posterior object to checkpoint file.
cellbender:remove-background: 2026-02-01 19:07:53

cellbender:remove-background: Saved summary plots as /om/scratch/Mon/mabdel03/Tsai_Data/Cellbender_Outputs/24680888/processed_feature_bc_matrix.pdf
cellbender:remove-background: Saved cell barcodes in /om/scratch/Mon/mabdel03/Tsai_Data/Cellbender_Outputs/24680888/processed_feature_bc_matrix_cell_barcodes.csv
cellbender:remove-background: Computing target noise counts per gene for MCKP estimator
cellbender:remove-background: Using MCKP noise targets computed for FPR 0.0
cellbender:remove-background: Computing denoised counts using mckp estimator
cellbender:remove-background: Working on chunk (1/7)
cellbender:remove-background:     [2.80 mins per chunk]
cellbender:remove-background: Working on chunk (2/7)
cellbender:remove-background: Working on chunk (3/7)
cellbender:remove-background: Working on chunk (4/7)
cellbender:remove-background: Working on chunk (5/7)
cellbender:remove-background: Working on chunk (6/7)
cellbender:remove-background: Working on chunk (7/7)
cellbender:remove-background: 2026-02-01 19:28:10 Total MCKP estimation time = 1163.21 sec
cellbender:remove-background: Succeeded in writing CellRanger format output to file /om/scratch/Mon/mabdel03/Tsai_Data/Cellbender_Outputs/24680888/processed_feature_bc_matrix.h5
cellbender:remove-background: Succeeded in writing CellRanger format output to file /om/scratch/Mon/mabdel03/Tsai_Data/Cellbender_Outputs/24680888/processed_feature_bc_matrix_filtered.h5
cellbender:remove-background: Saved output metrics as /om/scratch/Mon/mabdel03/Tsai_Data/Cellbender_Outputs/24680888/processed_feature_bc_matrix_metrics.csv
[NbConvertApp] Converting notebook tmp.report.ipynb to notebook
[NbConvertApp] Writing 563987 bytes to tmp.report.nbconvert.ipynb
[NbConvertApp] Converting notebook tmp.report.nbconvert.ipynb to html
[NbConvertApp] Writing 1138710 bytes to tmp.report.nbconvert.html
cellbender:remove-background: Succeeded in writing report to /om/scratch/Mon/mabdel03/Tsai_Data/Cellbender_Outputs/24680888/processed_feature_bc_matrix_report.html
cellbender:remove-background: Completed remove-background.
cellbender:remove-background: 2026-02-01 19:29:15

