cellbender:remove-background: Command:
cellbender remove-background --cuda --input /tmp/cellbender_44647624_8/raw_feature_bc_matrix.h5 --fpr 0 --output /om/scratch/Mon/mabdel03/Tsai_Data/Cellbender_Outputs/10246987/processed_feature_bc_matrix.h5
cellbender:remove-background: CellBender 0.3.0
cellbender:remove-background: (Workflow hash 61296860b2)
cellbender:remove-background: 2026-01-31 15:23:16
cellbender:remove-background: Running remove-background
cellbender:remove-background: Loading data from /tmp/cellbender_44647624_8/raw_feature_bc_matrix.h5
cellbender:remove-background: CellRanger v3 format
cellbender:remove-background: Features in dataset: 36601 Gene Expression
cellbender:remove-background: Trimming features for inference.
cellbender:remove-background: 29798 features have nonzero counts.
cellbender:remove-background: Prior on counts for cells is 4980
cellbender:remove-background: Prior on counts for empty droplets is 80
cellbender:remove-background: Excluding 8367 features that are estimated to have <= 0.1 background counts in cells.
cellbender:remove-background: Including 21431 features in the analysis.
cellbender:remove-background: Trimming barcodes for inference.
cellbender:remove-background: Excluding barcodes with counts below 40
cellbender:remove-background: Using 1918 probable cell barcodes, plus an additional 9191 barcodes, and 68341 empty droplets.
cellbender:remove-background: Largest surely-empty droplet has 98 UMI counts.
cellbender:remove-background: Attempting to unpack tarball "ckpt.tar.gz" to /tmp/tmpluawzi0x
cellbender:remove-background: No saved checkpoint.
cellbender:remove-background: No checkpoint loaded.
cellbender:remove-background: Running inference...
cellbender:remove-background: [epoch 001]  average training loss: 5197.7653
cellbender:remove-background: [epoch 002]  average training loss: 4599.4669  (3.8 seconds per epoch)
cellbender:remove-background: Will checkpoint every 112 epochs
cellbender:remove-background: [epoch 003]  average training loss: 4011.5757
cellbender:remove-background: [epoch 004]  average training loss: 3664.3350
cellbender:remove-background: [epoch 005]  average training loss: 3347.3055
cellbender:remove-background: [epoch 005] average test loss: 3587.1308
cellbender:remove-background: [epoch 006]  average training loss: 3132.7443
cellbender:remove-background: [epoch 007]  average training loss: 3010.5137
cellbender:remove-background: [epoch 008]  average training loss: 2957.0690
cellbender:remove-background: [epoch 009]  average training loss: 2964.4541
cellbender:remove-background: [epoch 010]  average training loss: 2941.1831
cellbender:remove-background: [epoch 010] average test loss: 2896.7564
cellbender:remove-background: [epoch 011]  average training loss: 2931.4023
cellbender:remove-background: [epoch 012]  average training loss: 2926.7021
cellbender:remove-background: [epoch 013]  average training loss: 2911.3992
cellbender:remove-background: [epoch 014]  average training loss: 2894.1548
cellbender:remove-background: [epoch 015]  average training loss: 2902.5040
cellbender:remove-background: [epoch 015] average test loss: 2871.2915
cellbender:remove-background: [epoch 016]  average training loss: 2897.6322
cellbender:remove-background: [epoch 017]  average training loss: 2888.8113
cellbender:remove-background: [epoch 018]  average training loss: 2890.3596
cellbender:remove-background: [epoch 019]  average training loss: 2896.7057
cellbender:remove-background: [epoch 020]  average training loss: 2878.1643
cellbender:remove-background: [epoch 020] average test loss: 2853.9416
cellbender:remove-background: [epoch 021]  average training loss: 2878.5726
cellbender:remove-background: [epoch 022]  average training loss: 2870.4293
cellbender:remove-background: [epoch 023]  average training loss: 2839.4433
cellbender:remove-background: [epoch 024]  average training loss: 2823.5275
cellbender:remove-background: [epoch 025]  average training loss: 2818.7462
cellbender:remove-background: [epoch 025] average test loss: 2782.9732
cellbender:remove-background: [epoch 026]  average training loss: 2797.0799
cellbender:remove-background: [epoch 027]  average training loss: 2790.4093
cellbender:remove-background: [epoch 028]  average training loss: 2783.2791
cellbender:remove-background: [epoch 029]  average training loss: 2778.5889
cellbender:remove-background: [epoch 030]  average training loss: 2774.1621
cellbender:remove-background: [epoch 030] average test loss: 2745.7949
cellbender:remove-background: [epoch 031]  average training loss: 2769.2253
cellbender:remove-background: [epoch 032]  average training loss: 2761.2437
cellbender:remove-background: [epoch 033]  average training loss: 2766.3585
cellbender:remove-background: [epoch 034]  average training loss: 2758.4114
cellbender:remove-background: [epoch 035]  average training loss: 2745.5086
cellbender:remove-background: [epoch 035] average test loss: 2728.9794
cellbender:remove-background: [epoch 036]  average training loss: 2742.3305
cellbender:remove-background: [epoch 037]  average training loss: 2743.7034
cellbender:remove-background: [epoch 038]  average training loss: 2738.1480
cellbender:remove-background: [epoch 039]  average training loss: 2728.6504
cellbender:remove-background: [epoch 040]  average training loss: 2729.0706
cellbender:remove-background: [epoch 040] average test loss: 2704.9616
cellbender:remove-background: [epoch 041]  average training loss: 2725.2598
cellbender:remove-background: [epoch 042]  average training loss: 2719.0143
cellbender:remove-background: [epoch 043]  average training loss: 2716.5936
cellbender:remove-background: [epoch 044]  average training loss: 2710.8618
cellbender:remove-background: [epoch 045]  average training loss: 2712.0818
cellbender:remove-background: [epoch 045] average test loss: 2690.4388
cellbender:remove-background: [epoch 046]  average training loss: 2708.6060
cellbender:remove-background: [epoch 047]  average training loss: 2709.1758
cellbender:remove-background: [epoch 048]  average training loss: 2705.2495
cellbender:remove-background: [epoch 049]  average training loss: 2701.0065
cellbender:remove-background: [epoch 050]  average training loss: 2706.1926
cellbender:remove-background: [epoch 050] average test loss: 2713.3245
cellbender:remove-background: [epoch 051]  average training loss: 2703.9894
cellbender:remove-background: [epoch 052]  average training loss: 2705.0650
cellbender:remove-background: [epoch 053]  average training loss: 2711.9770
cellbender:remove-background: [epoch 054]  average training loss: 2714.5747
cellbender:remove-background: [epoch 055]  average training loss: 2715.9032
cellbender:remove-background: [epoch 055] average test loss: 2708.6284
cellbender:remove-background: [epoch 056]  average training loss: 2709.0914
cellbender:remove-background: [epoch 057]  average training loss: 2718.5522
cellbender:remove-background: [epoch 058]  average training loss: 2720.0830
cellbender:remove-background: [epoch 059]  average training loss: 2714.7238
cellbender:remove-background: [epoch 060]  average training loss: 2722.5397
cellbender:remove-background: [epoch 060] average test loss: 2734.7246
cellbender:remove-background: [epoch 061]  average training loss: 2717.8289
cellbender:remove-background: [epoch 062]  average training loss: 2708.7720
cellbender:remove-background: [epoch 063]  average training loss: 2715.6423
cellbender:remove-background: [epoch 064]  average training loss: 2713.7304
cellbender:remove-background: [epoch 065]  average training loss: 2729.2493
cellbender:remove-background: [epoch 065] average test loss: 2705.1053
cellbender:remove-background: [epoch 066]  average training loss: 2710.0430
cellbender:remove-background: [epoch 067]  average training loss: 2716.3742
cellbender:remove-background: [epoch 068]  average training loss: 2713.9016
cellbender:remove-background: [epoch 069]  average training loss: 2730.9730
cellbender:remove-background: [epoch 070]  average training loss: 2724.6292
cellbender:remove-background: [epoch 070] average test loss: 2714.8954
cellbender:remove-background: [epoch 071]  average training loss: 2733.9206
cellbender:remove-background: [epoch 072]  average training loss: 2732.1810
cellbender:remove-background: [epoch 073]  average training loss: 2723.6656
cellbender:remove-background: [epoch 074]  average training loss: 2734.0021
cellbender:remove-background: [epoch 075]  average training loss: 2725.0288
cellbender:remove-background: [epoch 075] average test loss: 2741.2318
cellbender:remove-background: [epoch 076]  average training loss: 2731.3419
cellbender:remove-background: [epoch 077]  average training loss: 2713.1260
cellbender:remove-background: [epoch 078]  average training loss: 2718.0652
cellbender:remove-background: [epoch 079]  average training loss: 2729.6773
cellbender:remove-background: [epoch 080]  average training loss: 2736.5732
cellbender:remove-background: [epoch 080] average test loss: 2770.7338
cellbender:remove-background: [epoch 081]  average training loss: 2741.0476
cellbender:remove-background: [epoch 082]  average training loss: 2722.9666
cellbender:remove-background: [epoch 083]  average training loss: 2730.9021
cellbender:remove-background: [epoch 084]  average training loss: 2727.4126
cellbender:remove-background: [epoch 085]  average training loss: 2732.5485
cellbender:remove-background: [epoch 085] average test loss: 2721.1542
cellbender:remove-background: [epoch 086]  average training loss: 2729.1765
cellbender:remove-background: [epoch 087]  average training loss: 2723.3033
cellbender:remove-background: [epoch 088]  average training loss: 2733.2666
cellbender:remove-background: [epoch 089]  average training loss: 2737.2666
cellbender:remove-background: [epoch 090]  average training loss: 2712.2529
cellbender:remove-background: [epoch 090] average test loss: 2754.6778
cellbender:remove-background: [epoch 091]  average training loss: 2713.0597
cellbender:remove-background: [epoch 092]  average training loss: 2718.3573
cellbender:remove-background: [epoch 093]  average training loss: 2740.4232
cellbender:remove-background: [epoch 094]  average training loss: 2721.8197
cellbender:remove-background: [epoch 095]  average training loss: 2727.9673
cellbender:remove-background: [epoch 095] average test loss: 2737.5367
cellbender:remove-background: [epoch 096]  average training loss: 2715.8668
cellbender:remove-background: [epoch 097]  average training loss: 2716.7010
cellbender:remove-background: [epoch 098]  average training loss: 2711.3335
cellbender:remove-background: [epoch 099]  average training loss: 2707.0372
cellbender:remove-background: [epoch 100]  average training loss: 2710.0208
cellbender:remove-background: [epoch 100] average test loss: 2749.0308
cellbender:remove-background: [epoch 101]  average training loss: 2712.0248
cellbender:remove-background: [epoch 102]  average training loss: 2704.1933
cellbender:remove-background: [epoch 103]  average training loss: 2711.8197
cellbender:remove-background: [epoch 104]  average training loss: 2700.8565
cellbender:remove-background: [epoch 105]  average training loss: 2714.7135
cellbender:remove-background: [epoch 105] average test loss: 2744.4684
cellbender:remove-background: [epoch 106]  average training loss: 2703.5140
cellbender:remove-background: [epoch 107]  average training loss: 2696.6404
cellbender:remove-background: [epoch 108]  average training loss: 2699.8100
cellbender:remove-background: [epoch 109]  average training loss: 2703.6526
cellbender:remove-background: [epoch 110]  average training loss: 2696.1330
cellbender:remove-background: [epoch 110] average test loss: 2782.2257
cellbender:remove-background: [epoch 111]  average training loss: 2697.1192
cellbender:remove-background: [epoch 112]  average training loss: 2699.1310
cellbender:remove-background: Saving a checkpoint...
cellbender:remove-background: Saved checkpoint as /weka/scratch/scratch/Mon/mabdel03/Tsai_Data/Cellbender_Outputs/10246987/ckpt.tar.gz
cellbender:remove-background: [epoch 113]  average training loss: 2700.1267
cellbender:remove-background: [epoch 114]  average training loss: 2697.2600
cellbender:remove-background: [epoch 115]  average training loss: 2698.1390
cellbender:remove-background: [epoch 115] average test loss: 2727.3836
cellbender:remove-background: [epoch 116]  average training loss: 2707.3788
cellbender:remove-background: [epoch 117]  average training loss: 2705.2082
cellbender:remove-background: [epoch 118]  average training loss: 2705.5562
cellbender:remove-background: [epoch 119]  average training loss: 2703.0088
cellbender:remove-background: [epoch 120]  average training loss: 2699.5565
cellbender:remove-background: [epoch 120] average test loss: 2777.3958
cellbender:remove-background: [epoch 121]  average training loss: 2695.2575
cellbender:remove-background: [epoch 122]  average training loss: 2696.7755
cellbender:remove-background: [epoch 123]  average training loss: 2697.7652
cellbender:remove-background: [epoch 124]  average training loss: 2697.7008
cellbender:remove-background: [epoch 125]  average training loss: 2689.9933
cellbender:remove-background: [epoch 125] average test loss: 2769.8452
cellbender:remove-background: [epoch 126]  average training loss: 2697.5779
cellbender:remove-background: [epoch 127]  average training loss: 2696.7075
cellbender:remove-background: [epoch 128]  average training loss: 2699.2451
cellbender:remove-background: [epoch 129]  average training loss: 2689.5801
cellbender:remove-background: [epoch 130]  average training loss: 2697.7099
cellbender:remove-background: [epoch 130] average test loss: 2742.0615
cellbender:remove-background: [epoch 131]  average training loss: 2693.6611
cellbender:remove-background: [epoch 132]  average training loss: 2693.7877
cellbender:remove-background: [epoch 133]  average training loss: 2697.0687
cellbender:remove-background: [epoch 134]  average training loss: 2693.1430
cellbender:remove-background: [epoch 135]  average training loss: 2695.6667
cellbender:remove-background: [epoch 135] average test loss: 2724.3471
cellbender:remove-background: [epoch 136]  average training loss: 2689.6038
cellbender:remove-background: [epoch 137]  average training loss: 2689.2591
cellbender:remove-background: [epoch 138]  average training loss: 2697.1259
cellbender:remove-background: [epoch 139]  average training loss: 2695.0664
cellbender:remove-background: [epoch 140]  average training loss: 2696.5910
cellbender:remove-background: [epoch 140] average test loss: 2731.4172
cellbender:remove-background: [epoch 141]  average training loss: 2693.6133
cellbender:remove-background: [epoch 142]  average training loss: 2691.1704
cellbender:remove-background: [epoch 143]  average training loss: 2692.2354
cellbender:remove-background: [epoch 144]  average training loss: 2695.4772
cellbender:remove-background: [epoch 145]  average training loss: 2692.2134
cellbender:remove-background: [epoch 145] average test loss: 2766.2276
cellbender:remove-background: [epoch 146]  average training loss: 2697.9474
cellbender:remove-background: [epoch 147]  average training loss: 2688.3844
cellbender:remove-background: [epoch 148]  average training loss: 2693.5594
cellbender:remove-background: [epoch 149]  average training loss: 2703.3670
cellbender:remove-background: [epoch 150]  average training loss: 2691.0971
cellbender:remove-background: [epoch 150] average test loss: 2725.4510
cellbender:remove-background: Saving a checkpoint...
cellbender:remove-background: Saved checkpoint as /weka/scratch/scratch/Mon/mabdel03/Tsai_Data/Cellbender_Outputs/10246987/ckpt.tar.gz
cellbender:remove-background: 2026-01-31 15:35:05
cellbender:remove-background: Inference procedure complete.
cellbender:remove-background: Attempting to unpack tarball "ckpt.tar.gz" to /tmp/tmptxtwuv9t
cellbender:remove-background: Successfully unpacked tarball to /tmp/tmptxtwuv9t
/tmp/tmptxtwuv9t/61296860b2_random.pyro
/tmp/tmptxtwuv9t/61296860b2_random.cuda
/tmp/tmptxtwuv9t/61296860b2_model.torch
/tmp/tmptxtwuv9t/61296860b2_optim.torch
/tmp/tmptxtwuv9t/61296860b2_optim.pyro
/tmp/tmptxtwuv9t/61296860b2_params.pyro
/tmp/tmptxtwuv9t/61296860b2_train.loaderstate
/tmp/tmptxtwuv9t/61296860b2_test.loaderstate
/tmp/tmptxtwuv9t/61296860b2_args.npy
cellbender:remove-background: Posterior not currently included in checkpoint.
cellbender:remove-background: Computing posterior noise count probabilities in mini-batches.
cellbender:remove-background: Working on chunk (1/38)
cellbender:remove-background:     [0.04 mins per chunk]
cellbender:remove-background: Working on chunk (2/38)
cellbender:remove-background: Working on chunk (3/38)
cellbender:remove-background: Working on chunk (4/38)
cellbender:remove-background: Working on chunk (5/38)
cellbender:remove-background: Working on chunk (6/38)
cellbender:remove-background: Working on chunk (7/38)
cellbender:remove-background: Working on chunk (8/38)
cellbender:remove-background: Working on chunk (9/38)
cellbender:remove-background: Working on chunk (10/38)
cellbender:remove-background: Working on chunk (11/38)
cellbender:remove-background: Working on chunk (12/38)
cellbender:remove-background: Working on chunk (13/38)
cellbender:remove-background: Working on chunk (14/38)
cellbender:remove-background: Working on chunk (15/38)
cellbender:remove-background: Working on chunk (16/38)
cellbender:remove-background: Working on chunk (17/38)
cellbender:remove-background: Working on chunk (18/38)
cellbender:remove-background: Working on chunk (19/38)
cellbender:remove-background: Working on chunk (20/38)
cellbender:remove-background: Working on chunk (21/38)
cellbender:remove-background: Working on chunk (22/38)
cellbender:remove-background: Working on chunk (23/38)
cellbender:remove-background: Working on chunk (24/38)
cellbender:remove-background: Working on chunk (25/38)
cellbender:remove-background: Working on chunk (26/38)
cellbender:remove-background: Working on chunk (27/38)
cellbender:remove-background: Working on chunk (28/38)
cellbender:remove-background: Working on chunk (29/38)
cellbender:remove-background: Working on chunk (30/38)
cellbender:remove-background: Working on chunk (31/38)
cellbender:remove-background: Working on chunk (32/38)
cellbender:remove-background: Working on chunk (33/38)
cellbender:remove-background: Working on chunk (34/38)
cellbender:remove-background: Working on chunk (35/38)
cellbender:remove-background: Working on chunk (36/38)
cellbender:remove-background: Working on chunk (37/38)
cellbender:remove-background: Working on chunk (38/38)
cellbender:remove-background: Writing full posterior to /om/scratch/Mon/mabdel03/Tsai_Data/Cellbender_Outputs/10246987/processed_feature_bc_matrix_posterior.h5
cellbender:remove-background: Succeeded in writing posterior to file /om/scratch/Mon/mabdel03/Tsai_Data/Cellbender_Outputs/10246987/processed_feature_bc_matrix_posterior.h5
cellbender:remove-background: Added posterior object to checkpoint file.
cellbender:remove-background: 2026-01-31 15:38:12

cellbender:remove-background: Saved summary plots as /om/scratch/Mon/mabdel03/Tsai_Data/Cellbender_Outputs/10246987/processed_feature_bc_matrix.pdf
cellbender:remove-background: Saved cell barcodes in /om/scratch/Mon/mabdel03/Tsai_Data/Cellbender_Outputs/10246987/processed_feature_bc_matrix_cell_barcodes.csv
cellbender:remove-background: Computing target noise counts per gene for MCKP estimator
cellbender:remove-background: Using MCKP noise targets computed for FPR 0.0
cellbender:remove-background: Computing denoised counts using mckp estimator
cellbender:remove-background: Working on chunk (1/7)
cellbender:remove-background:     [0.83 mins per chunk]
cellbender:remove-background: Working on chunk (2/7)
cellbender:remove-background: Working on chunk (3/7)
cellbender:remove-background: Working on chunk (4/7)
cellbender:remove-background: Working on chunk (5/7)
cellbender:remove-background: Working on chunk (6/7)
cellbender:remove-background: Working on chunk (7/7)
cellbender:remove-background: 2026-01-31 15:44:13 Total MCKP estimation time = 343.30 sec
cellbender:remove-background: Succeeded in writing CellRanger format output to file /om/scratch/Mon/mabdel03/Tsai_Data/Cellbender_Outputs/10246987/processed_feature_bc_matrix.h5
cellbender:remove-background: Succeeded in writing CellRanger format output to file /om/scratch/Mon/mabdel03/Tsai_Data/Cellbender_Outputs/10246987/processed_feature_bc_matrix_filtered.h5
cellbender:remove-background: Saved output metrics as /om/scratch/Mon/mabdel03/Tsai_Data/Cellbender_Outputs/10246987/processed_feature_bc_matrix_metrics.csv
[NbConvertApp] Converting notebook tmp.report.ipynb to notebook
[NbConvertApp] Writing 544613 bytes to tmp.report.nbconvert.ipynb
[NbConvertApp] Converting notebook tmp.report.nbconvert.ipynb to html
[NbConvertApp] Writing 1119300 bytes to tmp.report.nbconvert.html
cellbender:remove-background: Succeeded in writing report to /om/scratch/Mon/mabdel03/Tsai_Data/Cellbender_Outputs/10246987/processed_feature_bc_matrix_report.html
cellbender:remove-background: Completed remove-background.
cellbender:remove-background: 2026-01-31 15:44:43

