cellbender:remove-background: Command:
cellbender remove-background --cuda --input /om/scratch/Mon/mabdel03/Tsai_Data/Cellranger_Outputs/20942767/outs/raw_feature_bc_matrix.h5 --fpr 0 --output /om/scratch/Mon/mabdel03/Tsai_Data/Cellbender_Outputs/20942767/processed_feature_bc_matrix.h5
cellbender:remove-background: CellBender 0.3.0
cellbender:remove-background: (Workflow hash bb7968c8f5)
cellbender:remove-background: 2026-02-01 16:30:52
cellbender:remove-background: Running remove-background
cellbender:remove-background: Loading data from /om/scratch/Mon/mabdel03/Tsai_Data/Cellranger_Outputs/20942767/outs/raw_feature_bc_matrix.h5
cellbender:remove-background: CellRanger v3 format
cellbender:remove-background: Features in dataset: 36601 Gene Expression
cellbender:remove-background: Trimming features for inference.
cellbender:remove-background: 30994 features have nonzero counts.
cellbender:remove-background: Prior on counts for cells is 11156
cellbender:remove-background: Prior on counts for empty droplets is 80
cellbender:remove-background: Excluding 10745 features that are estimated to have <= 0.1 background counts in cells.
cellbender:remove-background: Including 20249 features in the analysis.
cellbender:remove-background: Trimming barcodes for inference.
cellbender:remove-background: Excluding barcodes with counts below 40
cellbender:remove-background: Using 2317 probable cell barcodes, plus an additional 10182 barcodes, and 69938 empty droplets.
cellbender:remove-background: Largest surely-empty droplet has 98 UMI counts.
cellbender:remove-background: Attempting to unpack tarball "ckpt.tar.gz" to /tmp/tmpt1yqqid5
cellbender:remove-background: No saved checkpoint.
cellbender:remove-background: No checkpoint loaded.
cellbender:remove-background: Running inference...
cellbender:remove-background: [epoch 001]  average training loss: 8974.1822
cellbender:remove-background: [epoch 002]  average training loss: 7612.5099  (6.5 seconds per epoch)
cellbender:remove-background: Will checkpoint every 65 epochs
cellbender:remove-background: [epoch 003]  average training loss: 6290.1029
cellbender:remove-background: [epoch 004]  average training loss: 5725.7820
cellbender:remove-background: [epoch 005]  average training loss: 5379.0674
cellbender:remove-background: [epoch 005] average test loss: 5278.6955
cellbender:remove-background: [epoch 006]  average training loss: 5022.8050
cellbender:remove-background: [epoch 007]  average training loss: 4937.1775
cellbender:remove-background: [epoch 008]  average training loss: 4952.5235
cellbender:remove-background: [epoch 009]  average training loss: 4899.3172
cellbender:remove-background: [epoch 010]  average training loss: 4857.0640
cellbender:remove-background: [epoch 010] average test loss: 4786.2118
cellbender:remove-background: [epoch 011]  average training loss: 4909.6712
cellbender:remove-background: [epoch 012]  average training loss: 4827.7698
cellbender:remove-background: [epoch 013]  average training loss: 4829.6562
cellbender:remove-background: [epoch 014]  average training loss: 4798.0770
cellbender:remove-background: [epoch 015]  average training loss: 4772.9239
cellbender:remove-background: [epoch 015] average test loss: 4813.9503
cellbender:remove-background: [epoch 016]  average training loss: 4672.5519
cellbender:remove-background: [epoch 017]  average training loss: 4602.4659
cellbender:remove-background: [epoch 018]  average training loss: 4542.3753
cellbender:remove-background: [epoch 019]  average training loss: 4550.9350
cellbender:remove-background: [epoch 020]  average training loss: 4519.8917
cellbender:remove-background: [epoch 020] average test loss: 4502.0646
cellbender:remove-background: [epoch 021]  average training loss: 4528.9240
cellbender:remove-background: [epoch 022]  average training loss: 4523.1359
cellbender:remove-background: [epoch 023]  average training loss: 4491.3884
cellbender:remove-background: [epoch 024]  average training loss: 4483.6723
cellbender:remove-background: [epoch 025]  average training loss: 4477.4379
cellbender:remove-background: [epoch 025] average test loss: 4386.5435
cellbender:remove-background: [epoch 026]  average training loss: 4477.0469
cellbender:remove-background: [epoch 027]  average training loss: 4451.6159
cellbender:remove-background: [epoch 028]  average training loss: 4450.1387
cellbender:remove-background: [epoch 029]  average training loss: 4417.7318
cellbender:remove-background: [epoch 030]  average training loss: 4392.4911
cellbender:remove-background: [epoch 030] average test loss: 4332.9028
cellbender:remove-background: [epoch 031]  average training loss: 4357.4208
cellbender:remove-background: [epoch 032]  average training loss: 4345.0404
cellbender:remove-background: [epoch 033]  average training loss: 4315.7172
cellbender:remove-background: [epoch 034]  average training loss: 4309.6177
cellbender:remove-background: [epoch 035]  average training loss: 4298.7860
cellbender:remove-background: [epoch 035] average test loss: 4245.5508
cellbender:remove-background: [epoch 036]  average training loss: 4285.5039
cellbender:remove-background: [epoch 037]  average training loss: 4280.2282
cellbender:remove-background: [epoch 038]  average training loss: 4275.2913
cellbender:remove-background: [epoch 039]  average training loss: 4269.7411
cellbender:remove-background: [epoch 040]  average training loss: 4263.5531
cellbender:remove-background: [epoch 040] average test loss: 4171.8299
cellbender:remove-background: [epoch 041]  average training loss: 4267.0680
cellbender:remove-background: [epoch 042]  average training loss: 4259.8265
cellbender:remove-background: [epoch 043]  average training loss: 4257.5552
cellbender:remove-background: [epoch 044]  average training loss: 4256.4273
cellbender:remove-background: [epoch 045]  average training loss: 4251.5272
cellbender:remove-background: [epoch 045] average test loss: 4219.6549
cellbender:remove-background: [epoch 046]  average training loss: 4252.1306
cellbender:remove-background: [epoch 047]  average training loss: 4259.8180
cellbender:remove-background: [epoch 048]  average training loss: 4251.0605
cellbender:remove-background: [epoch 049]  average training loss: 4255.9191
cellbender:remove-background: [epoch 050]  average training loss: 4257.7579
cellbender:remove-background: [epoch 050] average test loss: 4223.9347
cellbender:remove-background: [epoch 051]  average training loss: 4247.0828
cellbender:remove-background: [epoch 052]  average training loss: 4261.2235
cellbender:remove-background: [epoch 053]  average training loss: 4243.0679
cellbender:remove-background: [epoch 054]  average training loss: 4251.5170
cellbender:remove-background: [epoch 055]  average training loss: 4241.5739
cellbender:remove-background: [epoch 055] average test loss: 4209.4564
cellbender:remove-background: [epoch 056]  average training loss: 4246.7377
cellbender:remove-background: [epoch 057]  average training loss: 4241.4901
cellbender:remove-background: [epoch 058]  average training loss: 4240.4539
cellbender:remove-background: [epoch 059]  average training loss: 4239.3069
cellbender:remove-background: [epoch 060]  average training loss: 4239.3271
cellbender:remove-background: [epoch 060] average test loss: 4192.5849
cellbender:remove-background: [epoch 061]  average training loss: 4234.9419
cellbender:remove-background: [epoch 062]  average training loss: 4239.4074
cellbender:remove-background: [epoch 063]  average training loss: 4244.2958
cellbender:remove-background: [epoch 064]  average training loss: 4264.3616
cellbender:remove-background: [epoch 065]  average training loss: 4254.6080
cellbender:remove-background: [epoch 065] average test loss: 4256.8407
cellbender:remove-background: Saving a checkpoint...
cellbender:remove-background: Saved checkpoint as /weka/scratch/scratch/Mon/mabdel03/Tsai_Data/Cellbender_Outputs/20942767/ckpt.tar.gz
cellbender:remove-background: [epoch 066]  average training loss: 4245.8624
cellbender:remove-background: [epoch 067]  average training loss: 4250.4747
cellbender:remove-background: [epoch 068]  average training loss: 4264.8166
cellbender:remove-background: [epoch 069]  average training loss: 4240.6678
cellbender:remove-background: [epoch 070]  average training loss: 4258.8660
cellbender:remove-background: [epoch 070] average test loss: 4211.4074
cellbender:remove-background: [epoch 071]  average training loss: 4231.0358
cellbender:remove-background: [epoch 072]  average training loss: 4239.2751
cellbender:remove-background: [epoch 073]  average training loss: 4229.9846
cellbender:remove-background: [epoch 074]  average training loss: 4222.7090
cellbender:remove-background: [epoch 075]  average training loss: 4235.1359
cellbender:remove-background: [epoch 075] average test loss: 4189.9539
cellbender:remove-background: [epoch 076]  average training loss: 4226.6407
cellbender:remove-background: [epoch 077]  average training loss: 4220.9689
cellbender:remove-background: [epoch 078]  average training loss: 4223.4844
cellbender:remove-background: [epoch 079]  average training loss: 4221.8463
cellbender:remove-background: [epoch 080]  average training loss: 4213.0836
cellbender:remove-background: [epoch 080] average test loss: 4194.5638
cellbender:remove-background: [epoch 081]  average training loss: 4220.9238
cellbender:remove-background: [epoch 082]  average training loss: 4219.8351
cellbender:remove-background: [epoch 083]  average training loss: 4215.1686
cellbender:remove-background: [epoch 084]  average training loss: 4233.0927
cellbender:remove-background: [epoch 085]  average training loss: 4218.4323
cellbender:remove-background: [epoch 085] average test loss: 4203.4465
cellbender:remove-background: [epoch 086]  average training loss: 4223.0380
cellbender:remove-background: [epoch 087]  average training loss: 4227.5964
cellbender:remove-background: [epoch 088]  average training loss: 4221.5868
cellbender:remove-background: [epoch 089]  average training loss: 4217.9963
cellbender:remove-background: [epoch 090]  average training loss: 4228.8766
cellbender:remove-background: [epoch 090] average test loss: 4166.1837
cellbender:remove-background: [epoch 091]  average training loss: 4214.9812
cellbender:remove-background: [epoch 092]  average training loss: 4211.7901
cellbender:remove-background: [epoch 093]  average training loss: 4207.3194
cellbender:remove-background: [epoch 094]  average training loss: 4209.2699
cellbender:remove-background: [epoch 095]  average training loss: 4215.2467
cellbender:remove-background: [epoch 095] average test loss: 4193.8250
cellbender:remove-background: [epoch 096]  average training loss: 4204.5253
cellbender:remove-background: [epoch 097]  average training loss: 4217.4832
cellbender:remove-background: [epoch 098]  average training loss: 4218.9060
cellbender:remove-background: [epoch 099]  average training loss: 4208.3196
cellbender:remove-background: [epoch 100]  average training loss: 4205.5365
cellbender:remove-background: [epoch 100] average test loss: 4197.0960
cellbender:remove-background: [epoch 101]  average training loss: 4208.2799
cellbender:remove-background: [epoch 102]  average training loss: 4209.9584
cellbender:remove-background: [epoch 103]  average training loss: 4209.8824
cellbender:remove-background: [epoch 104]  average training loss: 4206.1286
cellbender:remove-background: [epoch 105]  average training loss: 4194.1992
cellbender:remove-background: [epoch 105] average test loss: 4160.5494
cellbender:remove-background: [epoch 106]  average training loss: 4201.3135
cellbender:remove-background: [epoch 107]  average training loss: 4202.9447
cellbender:remove-background: [epoch 108]  average training loss: 4205.9272
cellbender:remove-background: [epoch 109]  average training loss: 4216.4168
cellbender:remove-background: [epoch 110]  average training loss: 4204.3882
cellbender:remove-background: [epoch 110] average test loss: 4195.0610
cellbender:remove-background: [epoch 111]  average training loss: 4203.4385
cellbender:remove-background: [epoch 112]  average training loss: 4218.7674
cellbender:remove-background: [epoch 113]  average training loss: 4208.8640
cellbender:remove-background: [epoch 114]  average training loss: 4209.0228
cellbender:remove-background: [epoch 115]  average training loss: 4209.3990
cellbender:remove-background: [epoch 115] average test loss: 4200.7257
cellbender:remove-background: [epoch 116]  average training loss: 4198.6668
cellbender:remove-background: [epoch 117]  average training loss: 4225.6143
cellbender:remove-background: [epoch 118]  average training loss: 4212.7024
cellbender:remove-background: [epoch 119]  average training loss: 4194.6533
cellbender:remove-background: [epoch 120]  average training loss: 4202.5384
cellbender:remove-background: [epoch 120] average test loss: 4204.7001
cellbender:remove-background: [epoch 121]  average training loss: 4198.9251
cellbender:remove-background: [epoch 122]  average training loss: 4213.5530
cellbender:remove-background: [epoch 123]  average training loss: 4220.5676
cellbender:remove-background: [epoch 124]  average training loss: 4204.3593
cellbender:remove-background: [epoch 125]  average training loss: 4206.5915
cellbender:remove-background: [epoch 125] average test loss: 4196.1957
cellbender:remove-background: [epoch 126]  average training loss: 4206.2194
cellbender:remove-background: [epoch 127]  average training loss: 4189.2164
cellbender:remove-background: [epoch 128]  average training loss: 4206.3177
cellbender:remove-background: [epoch 129]  average training loss: 4198.5331
cellbender:remove-background: [epoch 130]  average training loss: 4196.6645
cellbender:remove-background: [epoch 130] average test loss: 4246.5244
cellbender:remove-background: Saving a checkpoint...
cellbender:remove-background: Saved checkpoint as /weka/scratch/scratch/Mon/mabdel03/Tsai_Data/Cellbender_Outputs/20942767/ckpt.tar.gz
cellbender:remove-background: [epoch 131]  average training loss: 4190.4378
cellbender:remove-background: [epoch 132]  average training loss: 4201.8402
cellbender:remove-background: [epoch 133]  average training loss: 4200.7544
cellbender:remove-background: [epoch 134]  average training loss: 4204.2268
cellbender:remove-background: [epoch 135]  average training loss: 4197.2085
cellbender:remove-background: [epoch 135] average test loss: 4200.2193
cellbender:remove-background: [epoch 136]  average training loss: 4200.1969
cellbender:remove-background: [epoch 137]  average training loss: 4210.3305
cellbender:remove-background: [epoch 138]  average training loss: 4193.4502
cellbender:remove-background: [epoch 139]  average training loss: 4195.6206
cellbender:remove-background: [epoch 140]  average training loss: 4199.5935
cellbender:remove-background: [epoch 140] average test loss: 4224.5798
cellbender:remove-background: [epoch 141]  average training loss: 4213.1070
cellbender:remove-background: [epoch 142]  average training loss: 4197.7507
cellbender:remove-background: [epoch 143]  average training loss: 4214.6933
cellbender:remove-background: [epoch 144]  average training loss: 4188.0529
cellbender:remove-background: [epoch 145]  average training loss: 4192.1989
cellbender:remove-background: [epoch 145] average test loss: 4281.7936
cellbender:remove-background: [epoch 146]  average training loss: 4209.5126
cellbender:remove-background: [epoch 147]  average training loss: 4202.6619
cellbender:remove-background: [epoch 148]  average training loss: 4195.5409
cellbender:remove-background: [epoch 149]  average training loss: 4186.3735
cellbender:remove-background: [epoch 150]  average training loss: 4192.7779
cellbender:remove-background: [epoch 150] average test loss: 4193.0723
cellbender:remove-background: Saving a checkpoint...
cellbender:remove-background: Saved checkpoint as /weka/scratch/scratch/Mon/mabdel03/Tsai_Data/Cellbender_Outputs/20942767/ckpt.tar.gz
cellbender:remove-background: 2026-02-01 16:50:03
cellbender:remove-background: Inference procedure complete.
cellbender:remove-background: Attempting to unpack tarball "ckpt.tar.gz" to /tmp/tmpcw4j_0ov
cellbender:remove-background: Successfully unpacked tarball to /tmp/tmpcw4j_0ov
/tmp/tmpcw4j_0ov/bb7968c8f5_random.pyro
/tmp/tmpcw4j_0ov/bb7968c8f5_random.cuda
/tmp/tmpcw4j_0ov/bb7968c8f5_model.torch
/tmp/tmpcw4j_0ov/bb7968c8f5_optim.torch
/tmp/tmpcw4j_0ov/bb7968c8f5_optim.pyro
/tmp/tmpcw4j_0ov/bb7968c8f5_params.pyro
/tmp/tmpcw4j_0ov/bb7968c8f5_train.loaderstate
/tmp/tmpcw4j_0ov/bb7968c8f5_test.loaderstate
/tmp/tmpcw4j_0ov/bb7968c8f5_args.npy
cellbender:remove-background: Posterior not currently included in checkpoint.
cellbender:remove-background: Computing posterior noise count probabilities in mini-batches.
cellbender:remove-background: Working on chunk (1/47)
cellbender:remove-background:     [0.04 mins per chunk]
cellbender:remove-background: Working on chunk (2/47)
cellbender:remove-background: Working on chunk (3/47)
cellbender:remove-background: Working on chunk (4/47)
cellbender:remove-background: Working on chunk (5/47)
cellbender:remove-background: Working on chunk (6/47)
cellbender:remove-background: Working on chunk (7/47)
cellbender:remove-background: Working on chunk (8/47)
cellbender:remove-background: Working on chunk (9/47)
cellbender:remove-background: Working on chunk (10/47)
cellbender:remove-background: Working on chunk (11/47)
cellbender:remove-background: Working on chunk (12/47)
cellbender:remove-background: Working on chunk (13/47)
cellbender:remove-background: Working on chunk (14/47)
cellbender:remove-background: Working on chunk (15/47)
cellbender:remove-background: Working on chunk (16/47)
cellbender:remove-background: Working on chunk (17/47)
cellbender:remove-background: Working on chunk (18/47)
cellbender:remove-background: Working on chunk (19/47)
cellbender:remove-background: Working on chunk (20/47)
cellbender:remove-background: Working on chunk (21/47)
cellbender:remove-background: Working on chunk (22/47)
cellbender:remove-background: Working on chunk (23/47)
cellbender:remove-background: Working on chunk (24/47)
cellbender:remove-background: Working on chunk (25/47)
cellbender:remove-background: Working on chunk (26/47)
cellbender:remove-background: Working on chunk (27/47)
cellbender:remove-background: Working on chunk (28/47)
cellbender:remove-background: Working on chunk (29/47)
cellbender:remove-background: Working on chunk (30/47)
cellbender:remove-background: Working on chunk (31/47)
cellbender:remove-background: Working on chunk (32/47)
cellbender:remove-background: Working on chunk (33/47)
cellbender:remove-background: Working on chunk (34/47)
cellbender:remove-background: Working on chunk (35/47)
cellbender:remove-background: Working on chunk (36/47)
cellbender:remove-background: Working on chunk (37/47)
cellbender:remove-background: Working on chunk (38/47)
cellbender:remove-background: Working on chunk (39/47)
cellbender:remove-background: Working on chunk (40/47)
cellbender:remove-background: Working on chunk (41/47)
cellbender:remove-background: Working on chunk (42/47)
cellbender:remove-background: Working on chunk (43/47)
cellbender:remove-background: Working on chunk (44/47)
cellbender:remove-background: Working on chunk (45/47)
cellbender:remove-background: Working on chunk (46/47)
cellbender:remove-background: Working on chunk (47/47)
cellbender:remove-background: Writing full posterior to /om/scratch/Mon/mabdel03/Tsai_Data/Cellbender_Outputs/20942767/processed_feature_bc_matrix_posterior.h5
cellbender:remove-background: Succeeded in writing posterior to file /om/scratch/Mon/mabdel03/Tsai_Data/Cellbender_Outputs/20942767/processed_feature_bc_matrix_posterior.h5
cellbender:remove-background: Added posterior object to checkpoint file.
cellbender:remove-background: 2026-02-01 16:54:21

cellbender:remove-background: Saved summary plots as /om/scratch/Mon/mabdel03/Tsai_Data/Cellbender_Outputs/20942767/processed_feature_bc_matrix.pdf
cellbender:remove-background: Saved cell barcodes in /om/scratch/Mon/mabdel03/Tsai_Data/Cellbender_Outputs/20942767/processed_feature_bc_matrix_cell_barcodes.csv
cellbender:remove-background: Computing target noise counts per gene for MCKP estimator
cellbender:remove-background: Using MCKP noise targets computed for FPR 0.0
cellbender:remove-background: Computing denoised counts using mckp estimator
cellbender:remove-background: Working on chunk (1/7)
cellbender:remove-background:     [2.01 mins per chunk]
cellbender:remove-background: Working on chunk (2/7)
cellbender:remove-background: Working on chunk (3/7)
cellbender:remove-background: Working on chunk (4/7)
cellbender:remove-background: Working on chunk (5/7)
cellbender:remove-background: Working on chunk (6/7)
cellbender:remove-background: Working on chunk (7/7)
cellbender:remove-background: 2026-02-01 17:08:55 Total MCKP estimation time = 836.37 sec
cellbender:remove-background: Succeeded in writing CellRanger format output to file /om/scratch/Mon/mabdel03/Tsai_Data/Cellbender_Outputs/20942767/processed_feature_bc_matrix.h5
cellbender:remove-background: Succeeded in writing CellRanger format output to file /om/scratch/Mon/mabdel03/Tsai_Data/Cellbender_Outputs/20942767/processed_feature_bc_matrix_filtered.h5
cellbender:remove-background: Saved output metrics as /om/scratch/Mon/mabdel03/Tsai_Data/Cellbender_Outputs/20942767/processed_feature_bc_matrix_metrics.csv
[NbConvertApp] Converting notebook tmp.report.ipynb to notebook
[NbConvertApp] Writing 550142 bytes to tmp.report.nbconvert.ipynb
[NbConvertApp] Converting notebook tmp.report.nbconvert.ipynb to html
[NbConvertApp] Writing 1124829 bytes to tmp.report.nbconvert.html
cellbender:remove-background: Succeeded in writing report to /om/scratch/Mon/mabdel03/Tsai_Data/Cellbender_Outputs/20942767/processed_feature_bc_matrix_report.html
cellbender:remove-background: Completed remove-background.
cellbender:remove-background: 2026-02-01 17:09:46

