cellbender:remove-background: Command:
cellbender remove-background --cuda --input /om/scratch/Mon/mabdel03/Tsai_Data/Cellranger_Outputs/51624179/outs/raw_feature_bc_matrix.h5 --fpr 0 --output /om/scratch/Mon/mabdel03/Tsai_Data/Cellbender_Outputs/51624179/processed_feature_bc_matrix.h5
cellbender:remove-background: CellBender 0.3.0
cellbender:remove-background: (Workflow hash f65f3f3bba)
cellbender:remove-background: 2026-02-02 00:23:37
cellbender:remove-background: Running remove-background
cellbender:remove-background: Loading data from /om/scratch/Mon/mabdel03/Tsai_Data/Cellranger_Outputs/51624179/outs/raw_feature_bc_matrix.h5
cellbender:remove-background: CellRanger v3 format
cellbender:remove-background: Features in dataset: 36601 Gene Expression
cellbender:remove-background: Trimming features for inference.
cellbender:remove-background: 31772 features have nonzero counts.
cellbender:remove-background: Prior on counts for cells is 10057
cellbender:remove-background: Prior on counts for empty droplets is 98
cellbender:remove-background: Excluding 10658 features that are estimated to have <= 0.1 background counts in cells.
cellbender:remove-background: Including 21114 features in the analysis.
cellbender:remove-background: Trimming barcodes for inference.
cellbender:remove-background: Excluding barcodes with counts below 49
cellbender:remove-background: Using 1868 probable cell barcodes, plus an additional 9048 barcodes, and 60238 empty droplets.
cellbender:remove-background: Largest surely-empty droplet has 120 UMI counts.
cellbender:remove-background: Attempting to unpack tarball "ckpt.tar.gz" to /tmp/tmpdem6sz23
cellbender:remove-background: Successfully unpacked tarball to /tmp/tmpdem6sz23
/tmp/tmpdem6sz23/f6860c1604_random.pyro
/tmp/tmpdem6sz23/f6860c1604_random.cuda
/tmp/tmpdem6sz23/f6860c1604_model.torch
/tmp/tmpdem6sz23/f6860c1604_optim.torch
/tmp/tmpdem6sz23/f6860c1604_optim.pyro
/tmp/tmpdem6sz23/f6860c1604_params.pyro
/tmp/tmpdem6sz23/f6860c1604_train.loaderstate
/tmp/tmpdem6sz23/f6860c1604_test.loaderstate
/tmp/tmpdem6sz23/f6860c1604_args.npy
cellbender:remove-background: Workflow hash does not match that of checkpoint.
cellbender:remove-background: No checkpoint loaded.
cellbender:remove-background: Running inference...
cellbender:remove-background: [epoch 001]  average training loss: 9765.8995
cellbender:remove-background: [epoch 002]  average training loss: 8330.5761  (3.5 seconds per epoch)
cellbender:remove-background: Will checkpoint every 120 epochs
cellbender:remove-background: [epoch 003]  average training loss: 6972.4292
cellbender:remove-background: [epoch 004]  average training loss: 6293.8015
cellbender:remove-background: [epoch 005]  average training loss: 5766.4368
cellbender:remove-background: [epoch 005] average test loss: 5948.4785
cellbender:remove-background: [epoch 006]  average training loss: 5437.5579
cellbender:remove-background: [epoch 007]  average training loss: 5285.0235
cellbender:remove-background: [epoch 008]  average training loss: 5182.0989
cellbender:remove-background: [epoch 009]  average training loss: 5271.4149
cellbender:remove-background: [epoch 010]  average training loss: 5224.3818
cellbender:remove-background: [epoch 010] average test loss: 5022.2590
cellbender:remove-background: [epoch 011]  average training loss: 5182.7039
cellbender:remove-background: [epoch 012]  average training loss: 5178.0985
cellbender:remove-background: [epoch 013]  average training loss: 5149.5946
cellbender:remove-background: [epoch 014]  average training loss: 5048.4136
cellbender:remove-background: [epoch 015]  average training loss: 4878.5428
cellbender:remove-background: [epoch 015] average test loss: 5290.8855
cellbender:remove-background: [epoch 016]  average training loss: 4762.3053
cellbender:remove-background: [epoch 017]  average training loss: 4722.3669
cellbender:remove-background: [epoch 018]  average training loss: 4708.4042
cellbender:remove-background: [epoch 019]  average training loss: 4714.1510
cellbender:remove-background: [epoch 020]  average training loss: 4668.5174
cellbender:remove-background: [epoch 020] average test loss: 4704.6646
cellbender:remove-background: [epoch 021]  average training loss: 4667.9477
cellbender:remove-background: [epoch 022]  average training loss: 4653.6251
cellbender:remove-background: [epoch 023]  average training loss: 4634.4798
cellbender:remove-background: [epoch 024]  average training loss: 4638.8811
cellbender:remove-background: [epoch 025]  average training loss: 4641.9746
cellbender:remove-background: [epoch 025] average test loss: 4582.7247
cellbender:remove-background: [epoch 026]  average training loss: 4607.6249
cellbender:remove-background: [epoch 027]  average training loss: 4602.5908
cellbender:remove-background: [epoch 028]  average training loss: 4588.1856
cellbender:remove-background: [epoch 029]  average training loss: 4552.6380
cellbender:remove-background: [epoch 030]  average training loss: 4541.3511
cellbender:remove-background: [epoch 030] average test loss: 4476.5432
cellbender:remove-background: [epoch 031]  average training loss: 4510.4641
cellbender:remove-background: [epoch 032]  average training loss: 4492.7741
cellbender:remove-background: [epoch 033]  average training loss: 4480.0216
cellbender:remove-background: [epoch 034]  average training loss: 4477.0702
cellbender:remove-background: [epoch 035]  average training loss: 4451.1430
cellbender:remove-background: [epoch 035] average test loss: 4430.3262
cellbender:remove-background: [epoch 036]  average training loss: 4455.4780
cellbender:remove-background: [epoch 037]  average training loss: 4443.0083
cellbender:remove-background: [epoch 038]  average training loss: 4435.3537
cellbender:remove-background: [epoch 039]  average training loss: 4432.4820
cellbender:remove-background: [epoch 040]  average training loss: 4426.6641
cellbender:remove-background: [epoch 040] average test loss: 4425.4758
cellbender:remove-background: [epoch 041]  average training loss: 4421.0097
cellbender:remove-background: [epoch 042]  average training loss: 4421.4254
cellbender:remove-background: [epoch 043]  average training loss: 4412.8130
cellbender:remove-background: [epoch 044]  average training loss: 4408.8891
cellbender:remove-background: [epoch 045]  average training loss: 4406.3338
cellbender:remove-background: [epoch 045] average test loss: 4380.5124
cellbender:remove-background: [epoch 046]  average training loss: 4399.4832
cellbender:remove-background: [epoch 047]  average training loss: 4402.4550
cellbender:remove-background: [epoch 048]  average training loss: 4399.4592
cellbender:remove-background: [epoch 049]  average training loss: 4395.4437
cellbender:remove-background: [epoch 050]  average training loss: 4396.9461
cellbender:remove-background: [epoch 050] average test loss: 4374.6886
cellbender:remove-background: [epoch 051]  average training loss: 4388.3275
cellbender:remove-background: [epoch 052]  average training loss: 4384.6482
cellbender:remove-background: [epoch 053]  average training loss: 4383.6855
cellbender:remove-background: [epoch 054]  average training loss: 4380.3718
cellbender:remove-background: [epoch 055]  average training loss: 4380.4316
cellbender:remove-background: [epoch 055] average test loss: 4362.6018
cellbender:remove-background: [epoch 056]  average training loss: 4375.4452
cellbender:remove-background: [epoch 057]  average training loss: 4373.0988
cellbender:remove-background: [epoch 058]  average training loss: 4366.7584
cellbender:remove-background: [epoch 059]  average training loss: 4365.8091
cellbender:remove-background: [epoch 060]  average training loss: 4365.5045
cellbender:remove-background: [epoch 060] average test loss: 4335.3232
cellbender:remove-background: [epoch 061]  average training loss: 4367.8355
cellbender:remove-background: [epoch 062]  average training loss: 4362.7980
cellbender:remove-background: [epoch 063]  average training loss: 4358.4864
cellbender:remove-background: [epoch 064]  average training loss: 4354.6315
cellbender:remove-background: [epoch 065]  average training loss: 4354.8863
cellbender:remove-background: [epoch 065] average test loss: 4354.3011
cellbender:remove-background: [epoch 066]  average training loss: 4351.6431
cellbender:remove-background: [epoch 067]  average training loss: 4352.5624
cellbender:remove-background: [epoch 068]  average training loss: 4349.5923
cellbender:remove-background: [epoch 069]  average training loss: 4345.8035
cellbender:remove-background: [epoch 070]  average training loss: 4348.4585
cellbender:remove-background: [epoch 070] average test loss: 4318.7031
cellbender:remove-background: [epoch 071]  average training loss: 4342.1441
cellbender:remove-background: [epoch 072]  average training loss: 4343.8145
cellbender:remove-background: [epoch 073]  average training loss: 4342.5424
cellbender:remove-background: [epoch 074]  average training loss: 4344.4044
cellbender:remove-background: [epoch 075]  average training loss: 4340.1403
cellbender:remove-background: [epoch 075] average test loss: 4318.6232
cellbender:remove-background: [epoch 076]  average training loss: 4337.7524
cellbender:remove-background: [epoch 077]  average training loss: 4337.5138
cellbender:remove-background: [epoch 078]  average training loss: 4343.8601
cellbender:remove-background: [epoch 079]  average training loss: 4344.5214
cellbender:remove-background: [epoch 080]  average training loss: 4331.4781
cellbender:remove-background: [epoch 080] average test loss: 4316.4123
cellbender:remove-background: [epoch 081]  average training loss: 4334.6008
cellbender:remove-background: [epoch 082]  average training loss: 4336.1149
cellbender:remove-background: [epoch 083]  average training loss: 4335.9813
cellbender:remove-background: [epoch 084]  average training loss: 4329.5823
cellbender:remove-background: [epoch 085]  average training loss: 4329.0004
cellbender:remove-background: [epoch 085] average test loss: 4310.6274
cellbender:remove-background: [epoch 086]  average training loss: 4336.3575
cellbender:remove-background: [epoch 087]  average training loss: 4343.6472
cellbender:remove-background: [epoch 088]  average training loss: 4330.8781
cellbender:remove-background: [epoch 089]  average training loss: 4325.9288
cellbender:remove-background: [epoch 090]  average training loss: 4328.5662
cellbender:remove-background: [epoch 090] average test loss: 4328.6403
cellbender:remove-background: [epoch 091]  average training loss: 4328.7493
cellbender:remove-background: [epoch 092]  average training loss: 4332.2639
cellbender:remove-background: [epoch 093]  average training loss: 4332.2074
cellbender:remove-background: [epoch 094]  average training loss: 4325.6016
cellbender:remove-background: [epoch 095]  average training loss: 4327.1951
cellbender:remove-background: [epoch 095] average test loss: 4321.7692
cellbender:remove-background: [epoch 096]  average training loss: 4327.9238
cellbender:remove-background: [epoch 097]  average training loss: 4325.1481
cellbender:remove-background: [epoch 098]  average training loss: 4320.7689
cellbender:remove-background: [epoch 099]  average training loss: 4328.2540
cellbender:remove-background: [epoch 100]  average training loss: 4324.9149
cellbender:remove-background: [epoch 100] average test loss: 4316.3442
cellbender:remove-background: [epoch 101]  average training loss: 4318.3928
cellbender:remove-background: [epoch 102]  average training loss: 4314.6500
cellbender:remove-background: [epoch 103]  average training loss: 4313.8459
cellbender:remove-background: [epoch 104]  average training loss: 4317.7187
cellbender:remove-background: [epoch 105]  average training loss: 4317.2217
cellbender:remove-background: [epoch 105] average test loss: 4311.8634
cellbender:remove-background: [epoch 106]  average training loss: 4316.7691
cellbender:remove-background: [epoch 107]  average training loss: 4326.8929
cellbender:remove-background: [epoch 108]  average training loss: 4316.8222
cellbender:remove-background: [epoch 109]  average training loss: 4319.6832
cellbender:remove-background: [epoch 110]  average training loss: 4328.5189
cellbender:remove-background: [epoch 110] average test loss: 4331.9192
cellbender:remove-background: [epoch 111]  average training loss: 4318.2784
cellbender:remove-background: [epoch 112]  average training loss: 4316.2068
cellbender:remove-background: [epoch 113]  average training loss: 4313.0704
cellbender:remove-background: [epoch 114]  average training loss: 4310.5869
cellbender:remove-background: [epoch 115]  average training loss: 4314.3728
cellbender:remove-background: [epoch 115] average test loss: 4316.3161
cellbender:remove-background: [epoch 116]  average training loss: 4314.3975
cellbender:remove-background: [epoch 117]  average training loss: 4316.3585
cellbender:remove-background: [epoch 118]  average training loss: 4312.9076
cellbender:remove-background: [epoch 119]  average training loss: 4310.6466
cellbender:remove-background: [epoch 120]  average training loss: 4314.0538
cellbender:remove-background: [epoch 120] average test loss: 4302.1907
cellbender:remove-background: Saving a checkpoint...
cellbender:remove-background: Saved checkpoint as /weka/scratch/scratch/Mon/mabdel03/Tsai_Data/Cellbender_Outputs/51624179/ckpt.tar.gz
cellbender:remove-background: [epoch 121]  average training loss: 4308.3940
cellbender:remove-background: [epoch 122]  average training loss: 4310.7022
cellbender:remove-background: [epoch 123]  average training loss: 4305.5928
cellbender:remove-background: [epoch 124]  average training loss: 4302.0574
cellbender:remove-background: [epoch 125]  average training loss: 4308.9468
cellbender:remove-background: [epoch 125] average test loss: 4296.7933
cellbender:remove-background: [epoch 126]  average training loss: 4310.4433
cellbender:remove-background: [epoch 127]  average training loss: 4303.7252
cellbender:remove-background: [epoch 128]  average training loss: 4308.9466
cellbender:remove-background: [epoch 129]  average training loss: 4309.5462
cellbender:remove-background: [epoch 130]  average training loss: 4301.5133
cellbender:remove-background: [epoch 130] average test loss: 4308.7457
cellbender:remove-background: [epoch 131]  average training loss: 4303.0409
cellbender:remove-background: [epoch 132]  average training loss: 4307.1169
cellbender:remove-background: [epoch 133]  average training loss: 4305.9253
cellbender:remove-background: [epoch 134]  average training loss: 4300.2602
cellbender:remove-background: [epoch 135]  average training loss: 4309.1618
cellbender:remove-background: [epoch 135] average test loss: 4313.9923
cellbender:remove-background: [epoch 136]  average training loss: 4305.3965
cellbender:remove-background: [epoch 137]  average training loss: 4308.6318
cellbender:remove-background: [epoch 138]  average training loss: 4303.3672
cellbender:remove-background: [epoch 139]  average training loss: 4302.4698
cellbender:remove-background: [epoch 140]  average training loss: 4307.9119
cellbender:remove-background: [epoch 140] average test loss: 4307.7907
cellbender:remove-background: [epoch 141]  average training loss: 4304.7213
cellbender:remove-background: [epoch 142]  average training loss: 4305.7951
cellbender:remove-background: [epoch 143]  average training loss: 4304.1036
cellbender:remove-background: [epoch 144]  average training loss: 4299.1298
cellbender:remove-background: [epoch 145]  average training loss: 4304.6052
cellbender:remove-background: [epoch 145] average test loss: 4303.1358
cellbender:remove-background: [epoch 146]  average training loss: 4302.5543
cellbender:remove-background: [epoch 147]  average training loss: 4305.4313
cellbender:remove-background: [epoch 148]  average training loss: 4302.5978
cellbender:remove-background: [epoch 149]  average training loss: 4300.1795
cellbender:remove-background: [epoch 150]  average training loss: 4307.3605
cellbender:remove-background: [epoch 150] average test loss: 4298.5589
cellbender:remove-background: Saving a checkpoint...
cellbender:remove-background: Saved checkpoint as /weka/scratch/scratch/Mon/mabdel03/Tsai_Data/Cellbender_Outputs/51624179/ckpt.tar.gz
cellbender:remove-background: 2026-02-02 00:34:44
cellbender:remove-background: Inference procedure complete.
cellbender:remove-background: Attempting to unpack tarball "ckpt.tar.gz" to /tmp/tmpwcb9hgk8
cellbender:remove-background: Successfully unpacked tarball to /tmp/tmpwcb9hgk8
/tmp/tmpwcb9hgk8/f65f3f3bba_random.pyro
/tmp/tmpwcb9hgk8/f65f3f3bba_random.cuda
/tmp/tmpwcb9hgk8/f65f3f3bba_model.torch
/tmp/tmpwcb9hgk8/f65f3f3bba_optim.torch
/tmp/tmpwcb9hgk8/f65f3f3bba_optim.pyro
/tmp/tmpwcb9hgk8/f65f3f3bba_params.pyro
/tmp/tmpwcb9hgk8/f65f3f3bba_train.loaderstate
/tmp/tmpwcb9hgk8/f65f3f3bba_test.loaderstate
/tmp/tmpwcb9hgk8/f65f3f3bba_args.npy
cellbender:remove-background: Posterior not currently included in checkpoint.
cellbender:remove-background: Computing posterior noise count probabilities in mini-batches.
cellbender:remove-background: Working on chunk (1/33)
cellbender:remove-background:     [0.04 mins per chunk]
cellbender:remove-background: Working on chunk (2/33)
cellbender:remove-background: Working on chunk (3/33)
cellbender:remove-background: Working on chunk (4/33)
cellbender:remove-background: Working on chunk (5/33)
cellbender:remove-background: Working on chunk (6/33)
cellbender:remove-background: Working on chunk (7/33)
cellbender:remove-background: Working on chunk (8/33)
cellbender:remove-background: Working on chunk (9/33)
cellbender:remove-background: Working on chunk (10/33)
cellbender:remove-background: Working on chunk (11/33)
cellbender:remove-background: Working on chunk (12/33)
cellbender:remove-background: Working on chunk (13/33)
cellbender:remove-background: Working on chunk (14/33)
cellbender:remove-background: Working on chunk (15/33)
cellbender:remove-background: Working on chunk (16/33)
cellbender:remove-background: Working on chunk (17/33)
cellbender:remove-background: Working on chunk (18/33)
cellbender:remove-background: Working on chunk (19/33)
cellbender:remove-background: Working on chunk (20/33)
cellbender:remove-background: Working on chunk (21/33)
cellbender:remove-background: Working on chunk (22/33)
cellbender:remove-background: Working on chunk (23/33)
cellbender:remove-background: Working on chunk (24/33)
cellbender:remove-background: Working on chunk (25/33)
cellbender:remove-background: Working on chunk (26/33)
cellbender:remove-background: Working on chunk (27/33)
cellbender:remove-background: Working on chunk (28/33)
cellbender:remove-background: Working on chunk (29/33)
cellbender:remove-background: Working on chunk (30/33)
cellbender:remove-background: Working on chunk (31/33)
cellbender:remove-background: Working on chunk (32/33)
cellbender:remove-background: Working on chunk (33/33)
cellbender:remove-background: Writing full posterior to /om/scratch/Mon/mabdel03/Tsai_Data/Cellbender_Outputs/51624179/processed_feature_bc_matrix_posterior.h5
cellbender:remove-background: Succeeded in writing posterior to file /om/scratch/Mon/mabdel03/Tsai_Data/Cellbender_Outputs/51624179/processed_feature_bc_matrix_posterior.h5
cellbender:remove-background: Added posterior object to checkpoint file.
cellbender:remove-background: 2026-02-02 00:37:58

cellbender:remove-background: Saved summary plots as /om/scratch/Mon/mabdel03/Tsai_Data/Cellbender_Outputs/51624179/processed_feature_bc_matrix.pdf
cellbender:remove-background: Saved cell barcodes in /om/scratch/Mon/mabdel03/Tsai_Data/Cellbender_Outputs/51624179/processed_feature_bc_matrix_cell_barcodes.csv
cellbender:remove-background: Computing target noise counts per gene for MCKP estimator
cellbender:remove-background: Using MCKP noise targets computed for FPR 0.0
cellbender:remove-background: Computing denoised counts using mckp estimator
cellbender:remove-background: Working on chunk (1/7)
cellbender:remove-background:     [1.30 mins per chunk]
cellbender:remove-background: Working on chunk (2/7)
cellbender:remove-background: Working on chunk (3/7)
cellbender:remove-background: Working on chunk (4/7)
cellbender:remove-background: Working on chunk (5/7)
cellbender:remove-background: Working on chunk (6/7)
cellbender:remove-background: Working on chunk (7/7)
cellbender:remove-background: 2026-02-02 00:47:32 Total MCKP estimation time = 545.31 sec
cellbender:remove-background: Succeeded in writing CellRanger format output to file /om/scratch/Mon/mabdel03/Tsai_Data/Cellbender_Outputs/51624179/processed_feature_bc_matrix.h5
cellbender:remove-background: Succeeded in writing CellRanger format output to file /om/scratch/Mon/mabdel03/Tsai_Data/Cellbender_Outputs/51624179/processed_feature_bc_matrix_filtered.h5
cellbender:remove-background: Saved output metrics as /om/scratch/Mon/mabdel03/Tsai_Data/Cellbender_Outputs/51624179/processed_feature_bc_matrix_metrics.csv
[NbConvertApp] Converting notebook tmp.report.ipynb to notebook
[NbConvertApp] Writing 454471 bytes to tmp.report.nbconvert.ipynb
[NbConvertApp] Converting notebook tmp.report.nbconvert.ipynb to html
[NbConvertApp] Writing 1029158 bytes to tmp.report.nbconvert.html
cellbender:remove-background: Succeeded in writing report to /om/scratch/Mon/mabdel03/Tsai_Data/Cellbender_Outputs/51624179/processed_feature_bc_matrix_report.html
cellbender:remove-background: Completed remove-background.
cellbender:remove-background: 2026-02-02 00:48:08

