cellbender:remove-background: Command:
cellbender remove-background --cuda --input /tmp/cellbender_44650601_130/raw_feature_bc_matrix.h5 --fpr 0 --output /om/scratch/Mon/mabdel03/Tsai_Data/Cellbender_Outputs/20275399/processed_feature_bc_matrix.h5
cellbender:remove-background: CellBender 0.3.0
cellbender:remove-background: (Workflow hash d664a5bfb5)
cellbender:remove-background: 2026-01-31 21:11:46
cellbender:remove-background: Running remove-background
cellbender:remove-background: Loading data from /tmp/cellbender_44650601_130/raw_feature_bc_matrix.h5
cellbender:remove-background: CellRanger v3 format
cellbender:remove-background: Features in dataset: 36601 Gene Expression
cellbender:remove-background: Trimming features for inference.
cellbender:remove-background: 28147 features have nonzero counts.
cellbender:remove-background: Prior on counts for cells is 6100
cellbender:remove-background: Prior on counts for empty droplets is 80
cellbender:remove-background: Excluding 7413 features that are estimated to have <= 0.1 background counts in cells.
cellbender:remove-background: Including 20734 features in the analysis.
cellbender:remove-background: Trimming barcodes for inference.
cellbender:remove-background: Excluding barcodes with counts below 40
cellbender:remove-background: Using 570 probable cell barcodes, plus an additional 3138 barcodes, and 38089 empty droplets.
cellbender:remove-background: Largest surely-empty droplet has 103 UMI counts.
cellbender:remove-background: Attempting to unpack tarball "ckpt.tar.gz" to /tmp/tmp6_n7bdw9
cellbender:remove-background: No saved checkpoint.
cellbender:remove-background: No checkpoint loaded.
cellbender:remove-background: Running inference...
cellbender:remove-background: [epoch 001]  average training loss: 5462.3370
cellbender:remove-background: [epoch 002]  average training loss: 5204.8888  (1.1 seconds per epoch)
cellbender:remove-background: Will not checkpoint due to projected run completion in under 7.0 min
cellbender:remove-background: [epoch 003]  average training loss: 4971.5136
cellbender:remove-background: [epoch 004]  average training loss: 4664.9195
cellbender:remove-background: [epoch 005]  average training loss: 4539.2741
cellbender:remove-background: [epoch 005] average test loss: 5741.6758
cellbender:remove-background: [epoch 006]  average training loss: 4364.1683
cellbender:remove-background: [epoch 007]  average training loss: 3955.0437
cellbender:remove-background: [epoch 008]  average training loss: 3735.3379
cellbender:remove-background: [epoch 009]  average training loss: 3541.7889
cellbender:remove-background: [epoch 010]  average training loss: 3449.6214
cellbender:remove-background: [epoch 010] average test loss: 4473.7231
cellbender:remove-background: [epoch 011]  average training loss: 3319.2771
cellbender:remove-background: [epoch 012]  average training loss: 3180.1305
cellbender:remove-background: [epoch 013]  average training loss: 3170.0634
cellbender:remove-background: [epoch 014]  average training loss: 3133.2700
cellbender:remove-background: [epoch 015]  average training loss: 3134.0249
cellbender:remove-background: [epoch 015] average test loss: 3563.4458
cellbender:remove-background: [epoch 016]  average training loss: 3094.0684
cellbender:remove-background: [epoch 017]  average training loss: 3079.6741
cellbender:remove-background: [epoch 018]  average training loss: 3084.4400
cellbender:remove-background: [epoch 019]  average training loss: 3073.5678
cellbender:remove-background: [epoch 020]  average training loss: 3040.6632
cellbender:remove-background: [epoch 020] average test loss: 3514.3442
cellbender:remove-background: [epoch 021]  average training loss: 3063.7474
cellbender:remove-background: [epoch 022]  average training loss: 3056.8151
cellbender:remove-background: [epoch 023]  average training loss: 3073.2145
cellbender:remove-background: [epoch 024]  average training loss: 3087.8999
cellbender:remove-background: [epoch 025]  average training loss: 3077.6534
cellbender:remove-background: [epoch 025] average test loss: 3541.1794
cellbender:remove-background: [epoch 026]  average training loss: 3073.4442
cellbender:remove-background: [epoch 027]  average training loss: 3066.5156
cellbender:remove-background: [epoch 028]  average training loss: 3044.0284
cellbender:remove-background: [epoch 029]  average training loss: 3003.0097
cellbender:remove-background: [epoch 030]  average training loss: 2980.1499
cellbender:remove-background: [epoch 030] average test loss: 3342.3049
cellbender:remove-background: [epoch 031]  average training loss: 2965.4258
cellbender:remove-background: [epoch 032]  average training loss: 2946.3881
cellbender:remove-background: [epoch 033]  average training loss: 2942.8865
cellbender:remove-background: [epoch 034]  average training loss: 2964.5237
cellbender:remove-background: [epoch 035]  average training loss: 2958.8390
cellbender:remove-background: [epoch 035] average test loss: 3388.9748
cellbender:remove-background: [epoch 036]  average training loss: 2934.3601
cellbender:remove-background: [epoch 037]  average training loss: 2944.1223
cellbender:remove-background: [epoch 038]  average training loss: 2957.8425
cellbender:remove-background: [epoch 039]  average training loss: 2936.2075
cellbender:remove-background: [epoch 040]  average training loss: 2930.1978
cellbender:remove-background: [epoch 040] average test loss: 3283.3762
cellbender:remove-background: [epoch 041]  average training loss: 2931.0433
cellbender:remove-background: [epoch 042]  average training loss: 2927.8691
cellbender:remove-background: [epoch 043]  average training loss: 2927.5973
cellbender:remove-background: [epoch 044]  average training loss: 2930.1571
cellbender:remove-background: [epoch 045]  average training loss: 2912.5212
cellbender:remove-background: [epoch 045] average test loss: 3322.4572
cellbender:remove-background: [epoch 046]  average training loss: 2928.4550
cellbender:remove-background: [epoch 047]  average training loss: 2908.0434
cellbender:remove-background: [epoch 048]  average training loss: 2912.2486
cellbender:remove-background: [epoch 049]  average training loss: 2916.8243
cellbender:remove-background: [epoch 050]  average training loss: 2906.9535
cellbender:remove-background: [epoch 050] average test loss: 3250.7359
cellbender:remove-background: [epoch 051]  average training loss: 2912.3382
cellbender:remove-background: [epoch 052]  average training loss: 2909.3977
cellbender:remove-background: [epoch 053]  average training loss: 2911.6240
cellbender:remove-background: [epoch 054]  average training loss: 2910.2939
cellbender:remove-background: [epoch 055]  average training loss: 2907.2901
cellbender:remove-background: [epoch 055] average test loss: 3269.4039
cellbender:remove-background: [epoch 056]  average training loss: 2901.1154
cellbender:remove-background: [epoch 057]  average training loss: 2894.0496
cellbender:remove-background: [epoch 058]  average training loss: 2903.1550
cellbender:remove-background: [epoch 059]  average training loss: 2895.2104
cellbender:remove-background: [epoch 060]  average training loss: 2896.6743
cellbender:remove-background: [epoch 060] average test loss: 3255.5983
cellbender:remove-background: [epoch 061]  average training loss: 2894.9919
cellbender:remove-background: [epoch 062]  average training loss: 2895.7642
cellbender:remove-background: [epoch 063]  average training loss: 2891.6383
cellbender:remove-background: [epoch 064]  average training loss: 2891.3467
cellbender:remove-background: [epoch 065]  average training loss: 2892.4549
cellbender:remove-background: [epoch 065] average test loss: 3241.0262
cellbender:remove-background: [epoch 066]  average training loss: 2889.9262
cellbender:remove-background: [epoch 067]  average training loss: 2892.5964
cellbender:remove-background: [epoch 068]  average training loss: 2888.2994
cellbender:remove-background: [epoch 069]  average training loss: 2886.0835
cellbender:remove-background: [epoch 070]  average training loss: 2879.8828
cellbender:remove-background: [epoch 070] average test loss: 3241.2403
cellbender:remove-background: [epoch 071]  average training loss: 2890.7431
cellbender:remove-background: [epoch 072]  average training loss: 2883.9947
cellbender:remove-background: [epoch 073]  average training loss: 2883.5147
cellbender:remove-background: [epoch 074]  average training loss: 2875.9358
cellbender:remove-background: [epoch 075]  average training loss: 2873.9473
cellbender:remove-background: [epoch 075] average test loss: 3229.5482
cellbender:remove-background: [epoch 076]  average training loss: 2874.2441
cellbender:remove-background: [epoch 077]  average training loss: 2875.3889
cellbender:remove-background: [epoch 078]  average training loss: 2871.2899
cellbender:remove-background: [epoch 079]  average training loss: 2866.2315
cellbender:remove-background: [epoch 080]  average training loss: 2861.1826
cellbender:remove-background: [epoch 080] average test loss: 3234.4753
cellbender:remove-background: [epoch 081]  average training loss: 2862.3534
cellbender:remove-background: [epoch 082]  average training loss: 2861.5399
cellbender:remove-background: [epoch 083]  average training loss: 2862.3450
cellbender:remove-background: [epoch 084]  average training loss: 2857.5525
cellbender:remove-background: [epoch 085]  average training loss: 2860.3518
cellbender:remove-background: [epoch 085] average test loss: 3217.8484
cellbender:remove-background: [epoch 086]  average training loss: 2858.4982
cellbender:remove-background: [epoch 087]  average training loss: 2856.1166
cellbender:remove-background: [epoch 088]  average training loss: 2851.1033
cellbender:remove-background: [epoch 089]  average training loss: 2849.0612
cellbender:remove-background: [epoch 090]  average training loss: 2851.4941
cellbender:remove-background: [epoch 090] average test loss: 3212.7635
cellbender:remove-background: [epoch 091]  average training loss: 2850.1239
cellbender:remove-background: [epoch 092]  average training loss: 2849.9636
cellbender:remove-background: [epoch 093]  average training loss: 2846.2029
cellbender:remove-background: [epoch 094]  average training loss: 2845.3194
cellbender:remove-background: [epoch 095]  average training loss: 2844.4286
cellbender:remove-background: [epoch 095] average test loss: 3203.3391
cellbender:remove-background: [epoch 096]  average training loss: 2846.3473
cellbender:remove-background: [epoch 097]  average training loss: 2844.8871
cellbender:remove-background: [epoch 098]  average training loss: 2845.2320
cellbender:remove-background: [epoch 099]  average training loss: 2839.0675
cellbender:remove-background: [epoch 100]  average training loss: 2839.8226
cellbender:remove-background: [epoch 100] average test loss: 3199.6528
cellbender:remove-background: [epoch 101]  average training loss: 2840.9554
cellbender:remove-background: [epoch 102]  average training loss: 2839.6837
cellbender:remove-background: [epoch 103]  average training loss: 2837.6863
cellbender:remove-background: [epoch 104]  average training loss: 2840.6844
cellbender:remove-background: [epoch 105]  average training loss: 2834.3673
cellbender:remove-background: [epoch 105] average test loss: 3203.2507
cellbender:remove-background: [epoch 106]  average training loss: 2836.8365
cellbender:remove-background: [epoch 107]  average training loss: 2836.5318
cellbender:remove-background: [epoch 108]  average training loss: 2834.9849
cellbender:remove-background: [epoch 109]  average training loss: 2835.1401
cellbender:remove-background: [epoch 110]  average training loss: 2833.3787
cellbender:remove-background: [epoch 110] average test loss: 3208.0813
cellbender:remove-background: [epoch 111]  average training loss: 2833.1307
cellbender:remove-background: [epoch 112]  average training loss: 2835.7880
cellbender:remove-background: [epoch 113]  average training loss: 2833.3195
cellbender:remove-background: [epoch 114]  average training loss: 2835.3215
cellbender:remove-background: [epoch 115]  average training loss: 2837.2404
cellbender:remove-background: [epoch 115] average test loss: 3204.6867
cellbender:remove-background: [epoch 116]  average training loss: 2833.6856
cellbender:remove-background: [epoch 117]  average training loss: 2834.8282
cellbender:remove-background: [epoch 118]  average training loss: 2832.5934
cellbender:remove-background: [epoch 119]  average training loss: 2833.9682
cellbender:remove-background: [epoch 120]  average training loss: 2833.4596
cellbender:remove-background: [epoch 120] average test loss: 3211.6004
cellbender:remove-background: [epoch 121]  average training loss: 2831.9547
cellbender:remove-background: [epoch 122]  average training loss: 2831.7641
cellbender:remove-background: [epoch 123]  average training loss: 2831.4276
cellbender:remove-background: [epoch 124]  average training loss: 2832.2862
cellbender:remove-background: [epoch 125]  average training loss: 2830.7145
cellbender:remove-background: [epoch 125] average test loss: 3205.0128
cellbender:remove-background: [epoch 126]  average training loss: 2827.0283
cellbender:remove-background: [epoch 127]  average training loss: 2831.5479
cellbender:remove-background: [epoch 128]  average training loss: 2830.2100
cellbender:remove-background: [epoch 129]  average training loss: 2828.0950
cellbender:remove-background: [epoch 130]  average training loss: 2828.1372
cellbender:remove-background: [epoch 130] average test loss: 3196.1172
cellbender:remove-background: [epoch 131]  average training loss: 2830.0014
cellbender:remove-background: [epoch 132]  average training loss: 2830.3406
cellbender:remove-background: [epoch 133]  average training loss: 2832.8749
cellbender:remove-background: [epoch 134]  average training loss: 2828.3843
cellbender:remove-background: [epoch 135]  average training loss: 2827.5332
cellbender:remove-background: [epoch 135] average test loss: 3185.8498
cellbender:remove-background: [epoch 136]  average training loss: 2829.7653
cellbender:remove-background: [epoch 137]  average training loss: 2829.0471
cellbender:remove-background: [epoch 138]  average training loss: 2827.4667
cellbender:remove-background: [epoch 139]  average training loss: 2827.7168
cellbender:remove-background: [epoch 140]  average training loss: 2830.1683
cellbender:remove-background: [epoch 140] average test loss: 3196.7908
cellbender:remove-background: [epoch 141]  average training loss: 2828.8803
cellbender:remove-background: [epoch 142]  average training loss: 2824.9865
cellbender:remove-background: [epoch 143]  average training loss: 2826.1649
cellbender:remove-background: [epoch 144]  average training loss: 2826.6495
cellbender:remove-background: [epoch 145]  average training loss: 2830.1050
cellbender:remove-background: [epoch 145] average test loss: 3208.3132
cellbender:remove-background: [epoch 146]  average training loss: 2829.1057
cellbender:remove-background: [epoch 147]  average training loss: 2826.5328
cellbender:remove-background: [epoch 148]  average training loss: 2826.8886
cellbender:remove-background: [epoch 149]  average training loss: 2827.8946
cellbender:remove-background: [epoch 150]  average training loss: 2825.5434
cellbender:remove-background: [epoch 150] average test loss: 3191.7153
cellbender:remove-background: Saving a checkpoint...
cellbender:remove-background: Saved checkpoint as /weka/scratch/scratch/Mon/mabdel03/Tsai_Data/Cellbender_Outputs/20275399/ckpt.tar.gz
cellbender:remove-background: 2026-01-31 21:15:29
cellbender:remove-background: Inference procedure complete.
cellbender:remove-background: Attempting to unpack tarball "ckpt.tar.gz" to /tmp/tmpd2xdy1fy
cellbender:remove-background: Successfully unpacked tarball to /tmp/tmpd2xdy1fy
/tmp/tmpd2xdy1fy/d664a5bfb5_random.pyro
/tmp/tmpd2xdy1fy/d664a5bfb5_random.cuda
/tmp/tmpd2xdy1fy/d664a5bfb5_model.torch
/tmp/tmpd2xdy1fy/d664a5bfb5_optim.torch
/tmp/tmpd2xdy1fy/d664a5bfb5_optim.pyro
/tmp/tmpd2xdy1fy/d664a5bfb5_params.pyro
/tmp/tmpd2xdy1fy/d664a5bfb5_train.loaderstate
/tmp/tmpd2xdy1fy/d664a5bfb5_test.loaderstate
/tmp/tmpd2xdy1fy/d664a5bfb5_args.npy
cellbender:remove-background: Posterior not currently included in checkpoint.
cellbender:remove-background: Computing posterior noise count probabilities in mini-batches.
cellbender:remove-background: Working on chunk (1/10)
cellbender:remove-background:     [0.03 mins per chunk]
cellbender:remove-background: Working on chunk (2/10)
cellbender:remove-background: Working on chunk (3/10)
cellbender:remove-background: Working on chunk (4/10)
cellbender:remove-background: Working on chunk (5/10)
cellbender:remove-background: Working on chunk (6/10)
cellbender:remove-background: Working on chunk (7/10)
cellbender:remove-background: Working on chunk (8/10)
cellbender:remove-background: Working on chunk (9/10)
cellbender:remove-background: Working on chunk (10/10)
cellbender:remove-background: Writing full posterior to /om/scratch/Mon/mabdel03/Tsai_Data/Cellbender_Outputs/20275399/processed_feature_bc_matrix_posterior.h5
cellbender:remove-background: Succeeded in writing posterior to file /om/scratch/Mon/mabdel03/Tsai_Data/Cellbender_Outputs/20275399/processed_feature_bc_matrix_posterior.h5
cellbender:remove-background: Added posterior object to checkpoint file.
cellbender:remove-background: 2026-01-31 21:17:07

cellbender:remove-background: Saved summary plots as /om/scratch/Mon/mabdel03/Tsai_Data/Cellbender_Outputs/20275399/processed_feature_bc_matrix.pdf
cellbender:remove-background: Saved cell barcodes in /om/scratch/Mon/mabdel03/Tsai_Data/Cellbender_Outputs/20275399/processed_feature_bc_matrix_cell_barcodes.csv
cellbender:remove-background: Computing target noise counts per gene for MCKP estimator
cellbender:remove-background: Using MCKP noise targets computed for FPR 0.0
cellbender:remove-background: Computing denoised counts using mckp estimator
cellbender:remove-background: Working on chunk (1/7)
cellbender:remove-background:     [0.28 mins per chunk]
cellbender:remove-background: Working on chunk (2/7)
cellbender:remove-background: Working on chunk (3/7)
cellbender:remove-background: Working on chunk (4/7)
cellbender:remove-background: Working on chunk (5/7)
cellbender:remove-background: Working on chunk (6/7)
cellbender:remove-background: Working on chunk (7/7)
cellbender:remove-background: 2026-01-31 21:19:10 Total MCKP estimation time = 116.35 sec
cellbender:remove-background: Succeeded in writing CellRanger format output to file /om/scratch/Mon/mabdel03/Tsai_Data/Cellbender_Outputs/20275399/processed_feature_bc_matrix.h5
cellbender:remove-background: Succeeded in writing CellRanger format output to file /om/scratch/Mon/mabdel03/Tsai_Data/Cellbender_Outputs/20275399/processed_feature_bc_matrix_filtered.h5
cellbender:remove-background: Saved output metrics as /om/scratch/Mon/mabdel03/Tsai_Data/Cellbender_Outputs/20275399/processed_feature_bc_matrix_metrics.csv
[NbConvertApp] Converting notebook tmp.report.ipynb to notebook
[NbConvertApp] Writing 394866 bytes to tmp.report.nbconvert.ipynb
[NbConvertApp] Converting notebook tmp.report.nbconvert.ipynb to html
[NbConvertApp] Writing 969553 bytes to tmp.report.nbconvert.html
cellbender:remove-background: Succeeded in writing report to /om/scratch/Mon/mabdel03/Tsai_Data/Cellbender_Outputs/20275399/processed_feature_bc_matrix_report.html
cellbender:remove-background: Completed remove-background.
cellbender:remove-background: 2026-01-31 21:19:27

