cellbender:remove-background: Command:
cellbender remove-background --cuda --input /tmp/cellbender_44648020_32/raw_feature_bc_matrix.h5 --fpr 0 --output /om/scratch/Mon/mabdel03/Tsai_Data/Cellbender_Outputs/10490993/processed_feature_bc_matrix.h5
cellbender:remove-background: CellBender 0.3.0
cellbender:remove-background: (Workflow hash c746615221)
cellbender:remove-background: 2026-01-31 16:30:31
cellbender:remove-background: Running remove-background
cellbender:remove-background: Loading data from /tmp/cellbender_44648020_32/raw_feature_bc_matrix.h5
cellbender:remove-background: CellRanger v3 format
cellbender:remove-background: Features in dataset: 36601 Gene Expression
cellbender:remove-background: Trimming features for inference.
cellbender:remove-background: 32866 features have nonzero counts.
cellbender:remove-background: Prior on counts for cells is 8013
cellbender:remove-background: Prior on counts for empty droplets is 162
cellbender:remove-background: Excluding 9152 features that are estimated to have <= 0.1 background counts in cells.
cellbender:remove-background: Including 23714 features in the analysis.
cellbender:remove-background: Trimming barcodes for inference.
cellbender:remove-background: Excluding barcodes with counts below 81
cellbender:remove-background: Using 6456 probable cell barcodes, plus an additional 18597 barcodes, and 121178 empty droplets.
cellbender:remove-background: Largest surely-empty droplet has 198 UMI counts.
cellbender:remove-background: Attempting to unpack tarball "ckpt.tar.gz" to /tmp/tmpjqx9n2hs
cellbender:remove-background: No saved checkpoint.
cellbender:remove-background: No checkpoint loaded.
cellbender:remove-background: Running inference...
cellbender:remove-background: [epoch 001]  average training loss: 10244.6514
cellbender:remove-background: [epoch 002]  average training loss: 7864.3867  (14.0 seconds per epoch)
cellbender:remove-background: Will checkpoint every 31 epochs
cellbender:remove-background: [epoch 003]  average training loss: 6905.3327
cellbender:remove-background: [epoch 004]  average training loss: 6357.5405
cellbender:remove-background: [epoch 005]  average training loss: 6121.7536
cellbender:remove-background: [epoch 005] average test loss: 5857.0010
cellbender:remove-background: [epoch 006]  average training loss: 5988.0917
cellbender:remove-background: [epoch 007]  average training loss: 5910.6428
cellbender:remove-background: [epoch 008]  average training loss: 5863.3033
cellbender:remove-background: [epoch 009]  average training loss: 5819.5491
cellbender:remove-background: [epoch 010]  average training loss: 5676.9806
cellbender:remove-background: [epoch 010] average test loss: 5516.8530
cellbender:remove-background: [epoch 011]  average training loss: 5641.2026
cellbender:remove-background: [epoch 012]  average training loss: 5589.7268
cellbender:remove-background: [epoch 013]  average training loss: 5569.2526
cellbender:remove-background: [epoch 014]  average training loss: 5573.4084
cellbender:remove-background: [epoch 015]  average training loss: 5545.4564
cellbender:remove-background: [epoch 015] average test loss: 5452.7442
cellbender:remove-background: [epoch 016]  average training loss: 5520.0579
cellbender:remove-background: [epoch 017]  average training loss: 5512.8305
cellbender:remove-background: [epoch 018]  average training loss: 5509.3219
cellbender:remove-background: [epoch 019]  average training loss: 5498.0322
cellbender:remove-background: [epoch 020]  average training loss: 5490.1976
cellbender:remove-background: [epoch 020] average test loss: 5381.9052
cellbender:remove-background: [epoch 021]  average training loss: 5469.4107
cellbender:remove-background: [epoch 022]  average training loss: 5462.7126
cellbender:remove-background: [epoch 023]  average training loss: 5411.9982
cellbender:remove-background: [epoch 024]  average training loss: 5355.7210
cellbender:remove-background: [epoch 025]  average training loss: 5327.5159
cellbender:remove-background: [epoch 025] average test loss: 5233.7133
cellbender:remove-background: [epoch 026]  average training loss: 5315.1313
cellbender:remove-background: [epoch 027]  average training loss: 5305.6600
cellbender:remove-background: [epoch 028]  average training loss: 5300.3416
cellbender:remove-background: [epoch 029]  average training loss: 5291.2949
cellbender:remove-background: [epoch 030]  average training loss: 5280.2579
cellbender:remove-background: [epoch 030] average test loss: 5190.0218
cellbender:remove-background: [epoch 031]  average training loss: 5273.8571
cellbender:remove-background: Saving a checkpoint...
cellbender:remove-background: Saved checkpoint as /weka/scratch/scratch/Mon/mabdel03/Tsai_Data/Cellbender_Outputs/10490993/ckpt.tar.gz
cellbender:remove-background: [epoch 032]  average training loss: 5264.6916
cellbender:remove-background: [epoch 033]  average training loss: 5263.6728
cellbender:remove-background: [epoch 034]  average training loss: 5257.7914
cellbender:remove-background: [epoch 035]  average training loss: 5254.2719
cellbender:remove-background: [epoch 035] average test loss: 5142.0135
cellbender:remove-background: [epoch 036]  average training loss: 5252.2919
cellbender:remove-background: [epoch 037]  average training loss: 5253.2140
cellbender:remove-background: [epoch 038]  average training loss: 5242.1333
cellbender:remove-background: [epoch 039]  average training loss: 5246.2914
cellbender:remove-background: [epoch 040]  average training loss: 5248.2840
cellbender:remove-background: [epoch 040] average test loss: 5137.3577
cellbender:remove-background: [epoch 041]  average training loss: 5250.0129
cellbender:remove-background: [epoch 042]  average training loss: 5243.0263
cellbender:remove-background: [epoch 043]  average training loss: 5251.0835
cellbender:remove-background: [epoch 044]  average training loss: 5251.5084
cellbender:remove-background: [epoch 045]  average training loss: 5265.3039
cellbender:remove-background: [epoch 045] average test loss: 5183.6762
cellbender:remove-background: [epoch 046]  average training loss: 5252.2696
cellbender:remove-background: [epoch 047]  average training loss: 5266.3945
cellbender:remove-background: [epoch 048]  average training loss: 5269.5735
cellbender:remove-background: [epoch 049]  average training loss: 5310.2270
cellbender:remove-background: [epoch 050]  average training loss: 5340.4514
cellbender:remove-background: [epoch 050] average test loss: 5225.1155
cellbender:remove-background: [epoch 051]  average training loss: 5297.8403
cellbender:remove-background: [epoch 052]  average training loss: 5351.2532
cellbender:remove-background: [epoch 053]  average training loss: 5365.6247
cellbender:remove-background: [epoch 054]  average training loss: 5392.3437
cellbender:remove-background: [epoch 055]  average training loss: 5335.8795
cellbender:remove-background: [epoch 055] average test loss: 5227.1953
cellbender:remove-background: [epoch 056]  average training loss: 5357.2394
cellbender:remove-background: [epoch 057]  average training loss: 5371.6645
cellbender:remove-background: [epoch 058]  average training loss: 5325.0013
cellbender:remove-background: [epoch 059]  average training loss: 5326.0662
cellbender:remove-background: [epoch 060]  average training loss: 5352.3900
cellbender:remove-background: [epoch 060] average test loss: 5207.8061
cellbender:remove-background: [epoch 061]  average training loss: 5327.6723
cellbender:remove-background: [epoch 062]  average training loss: 5307.8532
cellbender:remove-background: Saving a checkpoint...
cellbender:remove-background: Saved checkpoint as /weka/scratch/scratch/Mon/mabdel03/Tsai_Data/Cellbender_Outputs/10490993/ckpt.tar.gz
cellbender:remove-background: [epoch 063]  average training loss: 5322.3954
cellbender:remove-background: [epoch 064]  average training loss: 5310.3938
cellbender:remove-background: [epoch 065]  average training loss: 5283.8423
cellbender:remove-background: [epoch 065] average test loss: 5241.3201
cellbender:remove-background: [epoch 066]  average training loss: 5360.5606
cellbender:remove-background: [epoch 067]  average training loss: 5322.6389
cellbender:remove-background: [epoch 068]  average training loss: 5326.4155
cellbender:remove-background: [epoch 069]  average training loss: 5305.6425
cellbender:remove-background: [epoch 070]  average training loss: 5335.5274
cellbender:remove-background: [epoch 070] average test loss: 5195.1674
cellbender:remove-background: [epoch 071]  average training loss: 5368.4593
cellbender:remove-background: [epoch 072]  average training loss: 5326.2918
cellbender:remove-background: [epoch 073]  average training loss: 5339.9365
cellbender:remove-background: [epoch 074]  average training loss: 5338.1921
cellbender:remove-background: [epoch 075]  average training loss: 5322.9273
cellbender:remove-background: [epoch 075] average test loss: 5258.7763
cellbender:remove-background: [epoch 076]  average training loss: 5309.7002
cellbender:remove-background: [epoch 077]  average training loss: 5348.5358
cellbender:remove-background: [epoch 078]  average training loss: 5345.8802
cellbender:remove-background: [epoch 079]  average training loss: 5352.9256
cellbender:remove-background: [epoch 080]  average training loss: 5359.7098
cellbender:remove-background: [epoch 080] average test loss: 5439.6148
cellbender:remove-background: [epoch 081]  average training loss: 5367.6284
cellbender:remove-background: [epoch 082]  average training loss: 5363.2596
cellbender:remove-background: [epoch 083]  average training loss: 5362.6664
cellbender:remove-background: [epoch 084]  average training loss: 5332.9967
cellbender:remove-background: [epoch 085]  average training loss: 5369.7012
cellbender:remove-background: [epoch 085] average test loss: 5276.8474
cellbender:remove-background: [epoch 086]  average training loss: 5365.9065
cellbender:remove-background: [epoch 087]  average training loss: 5376.7528
cellbender:remove-background: [epoch 088]  average training loss: 5379.8995
cellbender:remove-background: [epoch 089]  average training loss: 5368.5920
cellbender:remove-background: [epoch 090]  average training loss: 5360.4403
cellbender:remove-background: [epoch 090] average test loss: 5230.9427
cellbender:remove-background: [epoch 091]  average training loss: 5397.6872
cellbender:remove-background: [epoch 092]  average training loss: 5357.3921
cellbender:remove-background: [epoch 093]  average training loss: 5370.8123
cellbender:remove-background: Saving a checkpoint...
cellbender:remove-background: Saved checkpoint as /weka/scratch/scratch/Mon/mabdel03/Tsai_Data/Cellbender_Outputs/10490993/ckpt.tar.gz
cellbender:remove-background: [epoch 094]  average training loss: 5306.9751
cellbender:remove-background: [epoch 095]  average training loss: 5363.7369
cellbender:remove-background: [epoch 095] average test loss: 5256.1142
cellbender:remove-background: [epoch 096]  average training loss: 5380.9110
cellbender:remove-background: [epoch 097]  average training loss: 5367.1902
cellbender:remove-background: [epoch 098]  average training loss: 5382.7352
cellbender:remove-background: [epoch 099]  average training loss: 5378.9431
cellbender:remove-background: [epoch 100]  average training loss: 5368.1153
cellbender:remove-background: [epoch 100] average test loss: 5396.4154
cellbender:remove-background: [epoch 101]  average training loss: 5397.8694
cellbender:remove-background: [epoch 102]  average training loss: 5373.4682
cellbender:remove-background: [epoch 103]  average training loss: 5366.8472
cellbender:remove-background: [epoch 104]  average training loss: 5376.4588
cellbender:remove-background: [epoch 105]  average training loss: 5377.3878
cellbender:remove-background: [epoch 105] average test loss: 5313.4230
cellbender:remove-background: [epoch 106]  average training loss: 5348.0917
cellbender:remove-background: [epoch 107]  average training loss: 5382.5953
cellbender:remove-background: [epoch 108]  average training loss: 5389.1063
cellbender:remove-background: [epoch 109]  average training loss: 5344.4118
cellbender:remove-background: [epoch 110]  average training loss: 5363.5138
cellbender:remove-background: [epoch 110] average test loss: 5328.8039
cellbender:remove-background: [epoch 111]  average training loss: 5353.4003
cellbender:remove-background: [epoch 112]  average training loss: 5359.3938
cellbender:remove-background: [epoch 113]  average training loss: 5355.1580
cellbender:remove-background: [epoch 114]  average training loss: 5329.2065
cellbender:remove-background: [epoch 115]  average training loss: 5382.8306
cellbender:remove-background: [epoch 115] average test loss: 5287.3362
cellbender:remove-background: [epoch 116]  average training loss: 5351.7968
cellbender:remove-background: [epoch 117]  average training loss: 5389.5961
cellbender:remove-background: [epoch 118]  average training loss: 5362.7177
cellbender:remove-background: [epoch 119]  average training loss: 5333.3915
cellbender:remove-background: [epoch 120]  average training loss: 5394.3756
cellbender:remove-background: [epoch 120] average test loss: 5253.9359
cellbender:remove-background: [epoch 121]  average training loss: 5324.7038
cellbender:remove-background: [epoch 122]  average training loss: 5345.8752
cellbender:remove-background: [epoch 123]  average training loss: 5339.9782
cellbender:remove-background: [epoch 124]  average training loss: 5347.3263
cellbender:remove-background: Saving a checkpoint...
cellbender:remove-background: Saved checkpoint as /weka/scratch/scratch/Mon/mabdel03/Tsai_Data/Cellbender_Outputs/10490993/ckpt.tar.gz
cellbender:remove-background: [epoch 125]  average training loss: 5368.9481
cellbender:remove-background: [epoch 125] average test loss: 5340.3325
cellbender:remove-background: [epoch 126]  average training loss: 5338.9550
cellbender:remove-background: [epoch 127]  average training loss: 5334.0587
cellbender:remove-background: [epoch 128]  average training loss: 5323.7687
cellbender:remove-background: [epoch 129]  average training loss: 5352.6007
cellbender:remove-background: [epoch 130]  average training loss: 5346.9813
cellbender:remove-background: [epoch 130] average test loss: 5321.6114
cellbender:remove-background: [epoch 131]  average training loss: 5366.0937
cellbender:remove-background: [epoch 132]  average training loss: 5362.6399
cellbender:remove-background: [epoch 133]  average training loss: 5342.6559
cellbender:remove-background: [epoch 134]  average training loss: 5357.2766
cellbender:remove-background: [epoch 135]  average training loss: 5334.4427
cellbender:remove-background: [epoch 135] average test loss: 5253.4771
cellbender:remove-background: [epoch 136]  average training loss: 5324.5292
cellbender:remove-background: [epoch 137]  average training loss: 5325.6222
cellbender:remove-background: [epoch 138]  average training loss: 5358.7437
cellbender:remove-background: [epoch 139]  average training loss: 5322.1035
cellbender:remove-background: [epoch 140]  average training loss: 5338.6714
cellbender:remove-background: [epoch 140] average test loss: 5454.8894
cellbender:remove-background: [epoch 141]  average training loss: 5321.0667
cellbender:remove-background: [epoch 142]  average training loss: 5327.6676
cellbender:remove-background: [epoch 143]  average training loss: 5349.8132
cellbender:remove-background: [epoch 144]  average training loss: 5312.5798
cellbender:remove-background: [epoch 145]  average training loss: 5367.0042
cellbender:remove-background: [epoch 145] average test loss: 5327.8525
cellbender:remove-background: [epoch 146]  average training loss: 5342.0479
cellbender:remove-background: [epoch 147]  average training loss: 5338.8929
cellbender:remove-background: [epoch 148]  average training loss: 5328.3179
cellbender:remove-background: [epoch 149]  average training loss: 5324.5189
cellbender:remove-background: [epoch 150]  average training loss: 5312.0296
cellbender:remove-background: [epoch 150] average test loss: 5366.3469
cellbender:remove-background: Saving a checkpoint...
cellbender:remove-background: Saved checkpoint as /weka/scratch/scratch/Mon/mabdel03/Tsai_Data/Cellbender_Outputs/10490993/ckpt.tar.gz
cellbender:remove-background: 2026-01-31 17:12:46
cellbender:remove-background: Inference procedure complete.
cellbender:remove-background: Attempting to unpack tarball "ckpt.tar.gz" to /tmp/tmp9b22kwck
cellbender:remove-background: Successfully unpacked tarball to /tmp/tmp9b22kwck
/tmp/tmp9b22kwck/c746615221_random.pyro
/tmp/tmp9b22kwck/c746615221_random.cuda
/tmp/tmp9b22kwck/c746615221_model.torch
/tmp/tmp9b22kwck/c746615221_optim.torch
/tmp/tmp9b22kwck/c746615221_optim.pyro
/tmp/tmp9b22kwck/c746615221_params.pyro
/tmp/tmp9b22kwck/c746615221_train.loaderstate
/tmp/tmp9b22kwck/c746615221_test.loaderstate
/tmp/tmp9b22kwck/c746615221_args.npy
cellbender:remove-background: Posterior not currently included in checkpoint.
cellbender:remove-background: Computing posterior noise count probabilities in mini-batches.
cellbender:remove-background: Working on chunk (1/120)
cellbender:remove-background:     [0.04 mins per chunk]
cellbender:remove-background: Working on chunk (2/120)
cellbender:remove-background: Working on chunk (3/120)
cellbender:remove-background: Working on chunk (4/120)
cellbender:remove-background: Working on chunk (5/120)
cellbender:remove-background: Working on chunk (6/120)
cellbender:remove-background: Working on chunk (7/120)
cellbender:remove-background: Working on chunk (8/120)
cellbender:remove-background: Working on chunk (9/120)
cellbender:remove-background: Working on chunk (10/120)
cellbender:remove-background: Working on chunk (11/120)
cellbender:remove-background: Working on chunk (12/120)
cellbender:remove-background: Working on chunk (13/120)
cellbender:remove-background: Working on chunk (14/120)
cellbender:remove-background: Working on chunk (15/120)
cellbender:remove-background: Working on chunk (16/120)
cellbender:remove-background: Working on chunk (17/120)
cellbender:remove-background: Working on chunk (18/120)
cellbender:remove-background: Working on chunk (19/120)
cellbender:remove-background: Working on chunk (20/120)
cellbender:remove-background: Working on chunk (21/120)
cellbender:remove-background: Working on chunk (22/120)
cellbender:remove-background: Working on chunk (23/120)
cellbender:remove-background: Working on chunk (24/120)
cellbender:remove-background: Working on chunk (25/120)
cellbender:remove-background: Working on chunk (26/120)
cellbender:remove-background: Working on chunk (27/120)
cellbender:remove-background: Working on chunk (28/120)
cellbender:remove-background: Working on chunk (29/120)
cellbender:remove-background: Working on chunk (30/120)
cellbender:remove-background: Working on chunk (31/120)
cellbender:remove-background: Working on chunk (32/120)
cellbender:remove-background: Working on chunk (33/120)
cellbender:remove-background: Working on chunk (34/120)
cellbender:remove-background: Working on chunk (35/120)
cellbender:remove-background: Working on chunk (36/120)
cellbender:remove-background: Working on chunk (37/120)
cellbender:remove-background: Working on chunk (38/120)
cellbender:remove-background: Working on chunk (39/120)
cellbender:remove-background: Working on chunk (40/120)
cellbender:remove-background: Working on chunk (41/120)
cellbender:remove-background: Working on chunk (42/120)
cellbender:remove-background: Working on chunk (43/120)
cellbender:remove-background: Working on chunk (44/120)
cellbender:remove-background: Working on chunk (45/120)
cellbender:remove-background: Working on chunk (46/120)
cellbender:remove-background: Working on chunk (47/120)
cellbender:remove-background: Working on chunk (48/120)
cellbender:remove-background: Working on chunk (49/120)
cellbender:remove-background: Working on chunk (50/120)
cellbender:remove-background: Working on chunk (51/120)
cellbender:remove-background: Working on chunk (52/120)
cellbender:remove-background: Working on chunk (53/120)
cellbender:remove-background: Working on chunk (54/120)
cellbender:remove-background: Working on chunk (55/120)
cellbender:remove-background: Working on chunk (56/120)
cellbender:remove-background: Working on chunk (57/120)
cellbender:remove-background: Working on chunk (58/120)
cellbender:remove-background: Working on chunk (59/120)
cellbender:remove-background: Working on chunk (60/120)
cellbender:remove-background: Working on chunk (61/120)
cellbender:remove-background: Working on chunk (62/120)
cellbender:remove-background: Working on chunk (63/120)
cellbender:remove-background: Working on chunk (64/120)
cellbender:remove-background: Working on chunk (65/120)
cellbender:remove-background: Working on chunk (66/120)
cellbender:remove-background: Working on chunk (67/120)
cellbender:remove-background: Working on chunk (68/120)
cellbender:remove-background: Working on chunk (69/120)
cellbender:remove-background: Working on chunk (70/120)
cellbender:remove-background: Working on chunk (71/120)
cellbender:remove-background: Working on chunk (72/120)
cellbender:remove-background: Working on chunk (73/120)
cellbender:remove-background: Working on chunk (74/120)
cellbender:remove-background: Working on chunk (75/120)
cellbender:remove-background: Working on chunk (76/120)
cellbender:remove-background: Working on chunk (77/120)
cellbender:remove-background: Working on chunk (78/120)
cellbender:remove-background: Working on chunk (79/120)
cellbender:remove-background: Working on chunk (80/120)
cellbender:remove-background: Working on chunk (81/120)
cellbender:remove-background: Working on chunk (82/120)
cellbender:remove-background: Working on chunk (83/120)
cellbender:remove-background: Working on chunk (84/120)
cellbender:remove-background: Working on chunk (85/120)
cellbender:remove-background: Working on chunk (86/120)
cellbender:remove-background: Working on chunk (87/120)
cellbender:remove-background: Working on chunk (88/120)
cellbender:remove-background: Working on chunk (89/120)
cellbender:remove-background: Working on chunk (90/120)
cellbender:remove-background: Working on chunk (91/120)
cellbender:remove-background: Working on chunk (92/120)
cellbender:remove-background: Working on chunk (93/120)
cellbender:remove-background: Working on chunk (94/120)
cellbender:remove-background: Working on chunk (95/120)
cellbender:remove-background: Working on chunk (96/120)
cellbender:remove-background: Working on chunk (97/120)
cellbender:remove-background: Working on chunk (98/120)
cellbender:remove-background: Working on chunk (99/120)
cellbender:remove-background: Working on chunk (100/120)
cellbender:remove-background: Working on chunk (101/120)
cellbender:remove-background: Working on chunk (102/120)
cellbender:remove-background: Working on chunk (103/120)
cellbender:remove-background: Working on chunk (104/120)
cellbender:remove-background: Working on chunk (105/120)
cellbender:remove-background: Working on chunk (106/120)
cellbender:remove-background: Working on chunk (107/120)
cellbender:remove-background: Working on chunk (108/120)
cellbender:remove-background: Working on chunk (109/120)
cellbender:remove-background: Working on chunk (110/120)
cellbender:remove-background: Working on chunk (111/120)
cellbender:remove-background: Working on chunk (112/120)
cellbender:remove-background: Working on chunk (113/120)
cellbender:remove-background: Working on chunk (114/120)
cellbender:remove-background: Working on chunk (115/120)
cellbender:remove-background: Working on chunk (116/120)
cellbender:remove-background: Working on chunk (117/120)
cellbender:remove-background: Working on chunk (118/120)
cellbender:remove-background: Working on chunk (119/120)
cellbender:remove-background: Working on chunk (120/120)
cellbender:remove-background: Writing full posterior to /om/scratch/Mon/mabdel03/Tsai_Data/Cellbender_Outputs/10490993/processed_feature_bc_matrix_posterior.h5
Traceback (most recent call last):
  File "/om2/user/mabdel03/conda_envs/Cellbender_env/bin/cellbender", line 8, in <module>
    sys.exit(main())
  File "/om2/user/mabdel03/conda_envs/Cellbender_env/lib/python3.7/site-packages/cellbender/base_cli.py", line 118, in main
    cli_dict[args.tool].run(args)
  File "/om2/user/mabdel03/conda_envs/Cellbender_env/lib/python3.7/site-packages/cellbender/remove_background/cli.py", line 185, in run
    return main(args)
  File "/om2/user/mabdel03/conda_envs/Cellbender_env/lib/python3.7/site-packages/cellbender/remove_background/cli.py", line 230, in main
    posterior = run_remove_background(args)
  File "/om2/user/mabdel03/conda_envs/Cellbender_env/lib/python3.7/site-packages/cellbender/remove_background/run.py", line 107, in run_remove_background
    args=args,
  File "/om2/user/mabdel03/conda_envs/Cellbender_env/lib/python3.7/site-packages/cellbender/remove_background/posterior.py", line 130, in load_or_compute_posterior_and_save
    saved = posterior.save(file=posterior_file)
  File "/om2/user/mabdel03/conda_envs/Cellbender_env/lib/python3.7/site-packages/cellbender/remove_background/posterior.py", line 234, in save
    return write_posterior_coo_to_h5(output_file=file, **d)
  File "/om2/user/mabdel03/conda_envs/Cellbender_env/lib/python3.7/site-packages/cellbender/remove_background/data/io.py", line 275, in write_posterior_coo_to_h5
    title="CellBender remove-background posterior noise count probabilities"
  File "/om2/user/mabdel03/conda_envs/Cellbender_env/lib/python3.7/site-packages/tables/file.py", line 300, in open_file
    return File(filename, mode, title, root_uep, filters, **kwargs)
  File "/om2/user/mabdel03/conda_envs/Cellbender_env/lib/python3.7/site-packages/tables/file.py", line 750, in __init__
    self._g_new(filename, mode, **params)
  File "tables/hdf5extension.pyx", line 486, in tables.hdf5extension.File._g_new
tables.exceptions.HDF5ExtError: HDF5 error back trace

  File "H5F.c", line 532, in H5Fcreate
    unable to create file
  File "H5VLcallback.c", line 3282, in H5VL_file_create
    file create failed
  File "H5VLcallback.c", line 3248, in H5VL__file_create
    file create failed
  File "H5VLnative_file.c", line 63, in H5VL__native_file_create
    unable to create file
  File "H5Fint.c", line 1898, in H5F_open
    unable to lock the file
  File "H5FD.c", line 1625, in H5FD_lock
    driver lock request failed
  File "H5FDsec2.c", line 1002, in H5FD__sec2_lock
    unable to lock file, errno = 5, error message = 'Input/output error'

End of HDF5 error back trace

Unable to open/create file '/om/scratch/Mon/mabdel03/Tsai_Data/Cellbender_Outputs/10490993/processed_feature_bc_matrix_posterior.h5'
