cellbender:remove-background: Command:
cellbender remove-background --cuda --input /om/scratch/Mon/mabdel03/Tsai_Data/Cellranger_Outputs/68539908/outs/raw_feature_bc_matrix.h5 --fpr 0 --output /om/scratch/Mon/mabdel03/Tsai_Data/Cellbender_Outputs/68539908/processed_feature_bc_matrix.h5
cellbender:remove-background: CellBender 0.3.0
cellbender:remove-background: (Workflow hash 1ab93436b6)
cellbender:remove-background: 2026-02-02 02:07:23
cellbender:remove-background: Running remove-background
cellbender:remove-background: Loading data from /om/scratch/Mon/mabdel03/Tsai_Data/Cellranger_Outputs/68539908/outs/raw_feature_bc_matrix.h5
cellbender:remove-background: CellRanger v3 format
cellbender:remove-background: Features in dataset: 36601 Gene Expression
cellbender:remove-background: Trimming features for inference.
cellbender:remove-background: 28315 features have nonzero counts.
cellbender:remove-background: Prior on counts for cells is 1539
cellbender:remove-background: Prior on counts for empty droplets is 48
cellbender:remove-background: Excluding 7724 features that are estimated to have <= 0.1 background counts in cells.
cellbender:remove-background: Including 20591 features in the analysis.
cellbender:remove-background: Trimming barcodes for inference.
cellbender:remove-background: Excluding barcodes with counts below 24
cellbender:remove-background: Using 2500 probable cell barcodes, plus an additional 14501 barcodes, and 60450 empty droplets.
cellbender:remove-background: Largest surely-empty droplet has 56 UMI counts.
cellbender:remove-background: Attempting to unpack tarball "ckpt.tar.gz" to /tmp/tmpmdqpy7_t
cellbender:remove-background: No saved checkpoint.
cellbender:remove-background: No checkpoint loaded.
cellbender:remove-background: Running inference...
cellbender:remove-background: [epoch 001]  average training loss: 2189.9989
cellbender:remove-background: [epoch 002]  average training loss: 1938.5751  (8.2 seconds per epoch)
cellbender:remove-background: Will checkpoint every 51 epochs
cellbender:remove-background: [epoch 003]  average training loss: 1760.3702
cellbender:remove-background: [epoch 004]  average training loss: 1640.1592
cellbender:remove-background: [epoch 005]  average training loss: 1565.6862
cellbender:remove-background: [epoch 005] average test loss: 1571.2153
cellbender:remove-background: [epoch 006]  average training loss: 1551.7316
cellbender:remove-background: [epoch 007]  average training loss: 1537.6779
cellbender:remove-background: [epoch 008]  average training loss: 1532.5640
cellbender:remove-background: [epoch 009]  average training loss: 1527.9695
cellbender:remove-background: [epoch 010]  average training loss: 1524.9300
cellbender:remove-background: [epoch 010] average test loss: 1512.4416
cellbender:remove-background: [epoch 011]  average training loss: 1522.7884
cellbender:remove-background: [epoch 012]  average training loss: 1521.5556
cellbender:remove-background: [epoch 013]  average training loss: 1521.5823
cellbender:remove-background: [epoch 014]  average training loss: 1518.2647
cellbender:remove-background: [epoch 015]  average training loss: 1517.2917
cellbender:remove-background: [epoch 015] average test loss: 1500.6688
cellbender:remove-background: [epoch 016]  average training loss: 1516.1191
cellbender:remove-background: [epoch 017]  average training loss: 1497.3053
cellbender:remove-background: [epoch 018]  average training loss: 1481.6752
cellbender:remove-background: [epoch 019]  average training loss: 1478.3079
cellbender:remove-background: [epoch 020]  average training loss: 1478.1185
cellbender:remove-background: [epoch 020] average test loss: 1465.9197
cellbender:remove-background: [epoch 021]  average training loss: 1476.3222
cellbender:remove-background: [epoch 022]  average training loss: 1474.7501
cellbender:remove-background: [epoch 023]  average training loss: 1471.6286
cellbender:remove-background: [epoch 024]  average training loss: 1471.2533
cellbender:remove-background: [epoch 025]  average training loss: 1469.6140
cellbender:remove-background: [epoch 025] average test loss: 1457.8381
cellbender:remove-background: [epoch 026]  average training loss: 1469.1161
cellbender:remove-background: [epoch 027]  average training loss: 1468.4047
cellbender:remove-background: [epoch 028]  average training loss: 1466.9406
cellbender:remove-background: [epoch 029]  average training loss: 1466.9773
cellbender:remove-background: [epoch 030]  average training loss: 1466.5190
cellbender:remove-background: [epoch 030] average test loss: 1460.4282
cellbender:remove-background: [epoch 031]  average training loss: 1465.2863
cellbender:remove-background: [epoch 032]  average training loss: 1466.2516
cellbender:remove-background: [epoch 033]  average training loss: 1465.1550
cellbender:remove-background: [epoch 034]  average training loss: 1464.3073
cellbender:remove-background: [epoch 035]  average training loss: 1462.7924
cellbender:remove-background: [epoch 035] average test loss: 1450.6893
cellbender:remove-background: [epoch 036]  average training loss: 1462.6074
cellbender:remove-background: [epoch 037]  average training loss: 1462.7806
cellbender:remove-background: [epoch 038]  average training loss: 1459.9835
cellbender:remove-background: [epoch 039]  average training loss: 1462.4806
cellbender:remove-background: [epoch 040]  average training loss: 1457.9340
cellbender:remove-background: [epoch 040] average test loss: 1455.4028
cellbender:remove-background: [epoch 041]  average training loss: 1464.0476
cellbender:remove-background: [epoch 042]  average training loss: 1457.2669
cellbender:remove-background: [epoch 043]  average training loss: 1460.1830
cellbender:remove-background: [epoch 044]  average training loss: 1456.8704
cellbender:remove-background: [epoch 045]  average training loss: 1453.3235
cellbender:remove-background: [epoch 045] average test loss: 1469.4995
cellbender:remove-background: [epoch 046]  average training loss: 1453.3293
cellbender:remove-background: [epoch 047]  average training loss: 1454.0021
cellbender:remove-background: [epoch 048]  average training loss: 1454.4379
cellbender:remove-background: [epoch 049]  average training loss: 1448.4849
cellbender:remove-background: [epoch 050]  average training loss: 1451.9432
cellbender:remove-background: [epoch 050] average test loss: 1455.4992
cellbender:remove-background: [epoch 051]  average training loss: 1454.4394
cellbender:remove-background: Saving a checkpoint...
cellbender:remove-background: Saved checkpoint as /weka/scratch/scratch/Mon/mabdel03/Tsai_Data/Cellbender_Outputs/68539908/ckpt.tar.gz
cellbender:remove-background: [epoch 052]  average training loss: 1449.4713
cellbender:remove-background: [epoch 053]  average training loss: 1452.0380
cellbender:remove-background: [epoch 054]  average training loss: 1450.9946
cellbender:remove-background: [epoch 055]  average training loss: 1450.0060
cellbender:remove-background: [epoch 055] average test loss: 1471.1927
cellbender:remove-background: [epoch 056]  average training loss: 1442.9755
cellbender:remove-background: [epoch 057]  average training loss: 1449.3282
cellbender:remove-background: [epoch 058]  average training loss: 1446.5622
cellbender:remove-background: [epoch 059]  average training loss: 1446.0345
cellbender:remove-background: [epoch 060]  average training loss: 1445.2593
cellbender:remove-background: [epoch 060] average test loss: 1445.5793
cellbender:remove-background: [epoch 061]  average training loss: 1453.8380
cellbender:remove-background: [epoch 062]  average training loss: 1449.4312
cellbender:remove-background: [epoch 063]  average training loss: 1449.5194
cellbender:remove-background: [epoch 064]  average training loss: 1451.5459
cellbender:remove-background: [epoch 065]  average training loss: 1443.4686
cellbender:remove-background: [epoch 065] average test loss: 1449.8025
cellbender:remove-background: [epoch 066]  average training loss: 1444.2490
cellbender:remove-background: [epoch 067]  average training loss: 1443.1334
cellbender:remove-background: [epoch 068]  average training loss: 1447.2035
cellbender:remove-background: [epoch 069]  average training loss: 1452.4897
cellbender:remove-background: [epoch 070]  average training loss: 1448.4364
cellbender:remove-background: [epoch 070] average test loss: 1453.8859
cellbender:remove-background: [epoch 071]  average training loss: 1445.6711
cellbender:remove-background: [epoch 072]  average training loss: 1437.4149
cellbender:remove-background: [epoch 073]  average training loss: 1445.0714
cellbender:remove-background: [epoch 074]  average training loss: 1439.6081
cellbender:remove-background: [epoch 075]  average training loss: 1443.1688
cellbender:remove-background: [epoch 075] average test loss: 1444.7902
cellbender:remove-background: [epoch 076]  average training loss: 1440.4133
cellbender:remove-background: [epoch 077]  average training loss: 1443.0786
cellbender:remove-background: [epoch 078]  average training loss: 1445.8973
cellbender:remove-background: [epoch 079]  average training loss: 1440.6302
cellbender:remove-background: [epoch 080]  average training loss: 1445.3980
cellbender:remove-background: [epoch 080] average test loss: 1465.8952
cellbender:remove-background: [epoch 081]  average training loss: 1445.0057
cellbender:remove-background: [epoch 082]  average training loss: 1442.3015
cellbender:remove-background: [epoch 083]  average training loss: 1439.4467
cellbender:remove-background: [epoch 084]  average training loss: 1442.0869
cellbender:remove-background: [epoch 085]  average training loss: 1439.5464
cellbender:remove-background: [epoch 085] average test loss: 1450.1443
cellbender:remove-background: [epoch 086]  average training loss: 1443.1542
cellbender:remove-background: [epoch 087]  average training loss: 1439.0460
cellbender:remove-background: [epoch 088]  average training loss: 1438.8535
cellbender:remove-background: [epoch 089]  average training loss: 1436.3661
cellbender:remove-background: [epoch 090]  average training loss: 1434.3644
cellbender:remove-background: [epoch 090] average test loss: 1451.6057
cellbender:remove-background: [epoch 091]  average training loss: 1440.5032
cellbender:remove-background: [epoch 092]  average training loss: 1444.1571
cellbender:remove-background: [epoch 093]  average training loss: 1439.8192
cellbender:remove-background: [epoch 094]  average training loss: 1438.6989
cellbender:remove-background: [epoch 095]  average training loss: 1435.5758
cellbender:remove-background: [epoch 095] average test loss: 1451.5531
cellbender:remove-background: [epoch 096]  average training loss: 1442.9839
cellbender:remove-background: [epoch 097]  average training loss: 1443.0480
cellbender:remove-background: [epoch 098]  average training loss: 1436.8250
cellbender:remove-background: [epoch 099]  average training loss: 1437.2954
cellbender:remove-background: [epoch 100]  average training loss: 1439.0160
cellbender:remove-background: [epoch 100] average test loss: 1445.1359
cellbender:remove-background: [epoch 101]  average training loss: 1442.0292
cellbender:remove-background: [epoch 102]  average training loss: 1436.3909
cellbender:remove-background: Saving a checkpoint...
cellbender:remove-background: Saved checkpoint as /weka/scratch/scratch/Mon/mabdel03/Tsai_Data/Cellbender_Outputs/68539908/ckpt.tar.gz
cellbender:remove-background: [epoch 103]  average training loss: 1432.7767
cellbender:remove-background: [epoch 104]  average training loss: 1438.8355
cellbender:remove-background: [epoch 105]  average training loss: 1438.1071
cellbender:remove-background: [epoch 105] average test loss: 1438.9816
cellbender:remove-background: [epoch 106]  average training loss: 1434.6820
cellbender:remove-background: [epoch 107]  average training loss: 1433.6101
cellbender:remove-background: [epoch 108]  average training loss: 1433.6498
cellbender:remove-background: [epoch 109]  average training loss: 1438.1983
cellbender:remove-background: [epoch 110]  average training loss: 1435.1581
cellbender:remove-background: [epoch 110] average test loss: 1449.9434
cellbender:remove-background: [epoch 111]  average training loss: 1438.0876
cellbender:remove-background: [epoch 112]  average training loss: 1435.2355
cellbender:remove-background: [epoch 113]  average training loss: 1431.7288
cellbender:remove-background: [epoch 114]  average training loss: 1435.0555
cellbender:remove-background: [epoch 115]  average training loss: 1433.3769
cellbender:remove-background: [epoch 115] average test loss: 1439.4940
cellbender:remove-background: [epoch 116]  average training loss: 1434.1454
cellbender:remove-background: [epoch 117]  average training loss: 1436.1718
cellbender:remove-background: [epoch 118]  average training loss: 1432.6330
cellbender:remove-background: [epoch 119]  average training loss: 1434.3702
cellbender:remove-background: [epoch 120]  average training loss: 1431.2337
cellbender:remove-background: [epoch 120] average test loss: 1440.3749
cellbender:remove-background: [epoch 121]  average training loss: 1435.6366
cellbender:remove-background: [epoch 122]  average training loss: 1432.2173
cellbender:remove-background: [epoch 123]  average training loss: 1437.5662
cellbender:remove-background: [epoch 124]  average training loss: 1433.9894
cellbender:remove-background: [epoch 125]  average training loss: 1432.9498
cellbender:remove-background: [epoch 125] average test loss: 1453.5731
cellbender:remove-background: [epoch 126]  average training loss: 1432.6106
cellbender:remove-background: [epoch 127]  average training loss: 1432.9865
cellbender:remove-background: [epoch 128]  average training loss: 1435.0559
cellbender:remove-background: [epoch 129]  average training loss: 1436.6685
cellbender:remove-background: [epoch 130]  average training loss: 1432.7119
cellbender:remove-background: [epoch 130] average test loss: 1452.6745
cellbender:remove-background: [epoch 131]  average training loss: 1430.8887
cellbender:remove-background: [epoch 132]  average training loss: 1433.4481
cellbender:remove-background: [epoch 133]  average training loss: 1435.6337
cellbender:remove-background: [epoch 134]  average training loss: 1433.2688
cellbender:remove-background: [epoch 135]  average training loss: 1434.6681
cellbender:remove-background: [epoch 135] average test loss: 1447.1381
cellbender:remove-background: [epoch 136]  average training loss: 1432.7475
cellbender:remove-background: [epoch 137]  average training loss: 1432.0540
cellbender:remove-background: [epoch 138]  average training loss: 1435.2604
cellbender:remove-background: [epoch 139]  average training loss: 1432.2861
cellbender:remove-background: [epoch 140]  average training loss: 1430.8824
cellbender:remove-background: [epoch 140] average test loss: 1448.5386
cellbender:remove-background: [epoch 141]  average training loss: 1434.0238
cellbender:remove-background: [epoch 142]  average training loss: 1434.5201
cellbender:remove-background: [epoch 143]  average training loss: 1433.8950
cellbender:remove-background: [epoch 144]  average training loss: 1432.6375
cellbender:remove-background: [epoch 145]  average training loss: 1433.0594
cellbender:remove-background: [epoch 145] average test loss: 1456.5410
cellbender:remove-background: [epoch 146]  average training loss: 1432.7323
cellbender:remove-background: [epoch 147]  average training loss: 1432.6664
cellbender:remove-background: [epoch 148]  average training loss: 1431.9592
cellbender:remove-background: [epoch 149]  average training loss: 1433.9408
cellbender:remove-background: [epoch 150]  average training loss: 1429.8121
cellbender:remove-background: [epoch 150] average test loss: 1448.9940
cellbender:remove-background: Saving a checkpoint...
cellbender:remove-background: Saved checkpoint as /weka/scratch/scratch/Mon/mabdel03/Tsai_Data/Cellbender_Outputs/68539908/ckpt.tar.gz
cellbender:remove-background: 2026-02-02 02:31:45
cellbender:remove-background: Inference procedure complete.
cellbender:remove-background: Attempting to unpack tarball "ckpt.tar.gz" to /tmp/tmpc10qexqx
cellbender:remove-background: Successfully unpacked tarball to /tmp/tmpc10qexqx
/tmp/tmpc10qexqx/1ab93436b6_random.pyro
/tmp/tmpc10qexqx/1ab93436b6_random.cuda
/tmp/tmpc10qexqx/1ab93436b6_model.torch
/tmp/tmpc10qexqx/1ab93436b6_optim.torch
/tmp/tmpc10qexqx/1ab93436b6_optim.pyro
/tmp/tmpc10qexqx/1ab93436b6_params.pyro
/tmp/tmpc10qexqx/1ab93436b6_train.loaderstate
/tmp/tmpc10qexqx/1ab93436b6_test.loaderstate
/tmp/tmpc10qexqx/1ab93436b6_args.npy
cellbender:remove-background: Posterior not currently included in checkpoint.
cellbender:remove-background: Computing posterior noise count probabilities in mini-batches.
cellbender:remove-background: Working on chunk (1/44)
cellbender:remove-background:     [0.04 mins per chunk]
cellbender:remove-background: Working on chunk (2/44)
cellbender:remove-background: Working on chunk (3/44)
cellbender:remove-background: Working on chunk (4/44)
cellbender:remove-background: Working on chunk (5/44)
cellbender:remove-background: Working on chunk (6/44)
cellbender:remove-background: Working on chunk (7/44)
cellbender:remove-background: Working on chunk (8/44)
cellbender:remove-background: Working on chunk (9/44)
cellbender:remove-background: Working on chunk (10/44)
cellbender:remove-background: Working on chunk (11/44)
cellbender:remove-background: Working on chunk (12/44)
cellbender:remove-background: Working on chunk (13/44)
cellbender:remove-background: Working on chunk (14/44)
cellbender:remove-background: Working on chunk (15/44)
cellbender:remove-background: Working on chunk (16/44)
cellbender:remove-background: Working on chunk (17/44)
cellbender:remove-background: Working on chunk (18/44)
cellbender:remove-background: Working on chunk (19/44)
cellbender:remove-background: Working on chunk (20/44)
cellbender:remove-background: Working on chunk (21/44)
cellbender:remove-background: Working on chunk (22/44)
cellbender:remove-background: Working on chunk (23/44)
cellbender:remove-background: Working on chunk (24/44)
cellbender:remove-background: Working on chunk (25/44)
cellbender:remove-background: Working on chunk (26/44)
cellbender:remove-background: Working on chunk (27/44)
cellbender:remove-background: Working on chunk (28/44)
cellbender:remove-background: Working on chunk (29/44)
cellbender:remove-background: Working on chunk (30/44)
cellbender:remove-background: Working on chunk (31/44)
cellbender:remove-background: Working on chunk (32/44)
cellbender:remove-background: Working on chunk (33/44)
cellbender:remove-background: Working on chunk (34/44)
cellbender:remove-background: Working on chunk (35/44)
cellbender:remove-background: Working on chunk (36/44)
cellbender:remove-background: Working on chunk (37/44)
cellbender:remove-background: Working on chunk (38/44)
cellbender:remove-background: Working on chunk (39/44)
cellbender:remove-background: Working on chunk (40/44)
cellbender:remove-background: Working on chunk (41/44)
cellbender:remove-background: Working on chunk (42/44)
cellbender:remove-background: Working on chunk (43/44)
cellbender:remove-background: Working on chunk (44/44)
cellbender:remove-background: Writing full posterior to /om/scratch/Mon/mabdel03/Tsai_Data/Cellbender_Outputs/68539908/processed_feature_bc_matrix_posterior.h5
cellbender:remove-background: Succeeded in writing posterior to file /om/scratch/Mon/mabdel03/Tsai_Data/Cellbender_Outputs/68539908/processed_feature_bc_matrix_posterior.h5
cellbender:remove-background: Added posterior object to checkpoint file.
cellbender:remove-background: 2026-02-02 02:35:20

cellbender:remove-background: Saved summary plots as /om/scratch/Mon/mabdel03/Tsai_Data/Cellbender_Outputs/68539908/processed_feature_bc_matrix.pdf
cellbender:remove-background: Saved cell barcodes in /om/scratch/Mon/mabdel03/Tsai_Data/Cellbender_Outputs/68539908/processed_feature_bc_matrix_cell_barcodes.csv
cellbender:remove-background: Computing target noise counts per gene for MCKP estimator
cellbender:remove-background: Using MCKP noise targets computed for FPR 0.0
cellbender:remove-background: Computing denoised counts using mckp estimator
cellbender:remove-background: Working on chunk (1/7)
cellbender:remove-background:     [0.80 mins per chunk]
cellbender:remove-background: Working on chunk (2/7)
cellbender:remove-background: Working on chunk (3/7)
cellbender:remove-background: Working on chunk (4/7)
cellbender:remove-background: Working on chunk (5/7)
cellbender:remove-background: Working on chunk (6/7)
cellbender:remove-background: Working on chunk (7/7)
cellbender:remove-background: 2026-02-02 02:41:11 Total MCKP estimation time = 335.32 sec
cellbender:remove-background: Succeeded in writing CellRanger format output to file /om/scratch/Mon/mabdel03/Tsai_Data/Cellbender_Outputs/68539908/processed_feature_bc_matrix.h5
cellbender:remove-background: Succeeded in writing CellRanger format output to file /om/scratch/Mon/mabdel03/Tsai_Data/Cellbender_Outputs/68539908/processed_feature_bc_matrix_filtered.h5
cellbender:remove-background: Saved output metrics as /om/scratch/Mon/mabdel03/Tsai_Data/Cellbender_Outputs/68539908/processed_feature_bc_matrix_metrics.csv
[NbConvertApp] Converting notebook tmp.report.ipynb to notebook
[NbConvertApp] Writing 548823 bytes to tmp.report.nbconvert.ipynb
[NbConvertApp] Converting notebook tmp.report.nbconvert.ipynb to html
[NbConvertApp] Writing 1123510 bytes to tmp.report.nbconvert.html
cellbender:remove-background: Succeeded in writing report to /om/scratch/Mon/mabdel03/Tsai_Data/Cellbender_Outputs/68539908/processed_feature_bc_matrix_report.html
cellbender:remove-background: Completed remove-background.
cellbender:remove-background: 2026-02-02 02:41:42

