cellbender:remove-background: Command:
cellbender remove-background --cuda --input /om/scratch/Mon/mabdel03/Tsai_Data/Cellranger_Outputs/50101785/outs/raw_feature_bc_matrix.h5 --fpr 0 --output /om/scratch/Mon/mabdel03/Tsai_Data/Cellbender_Outputs/50101785/processed_feature_bc_matrix.h5
cellbender:remove-background: CellBender 0.3.0
cellbender:remove-background: (Workflow hash 4e0cc0a468)
cellbender:remove-background: 2026-02-01 21:22:41
cellbender:remove-background: Running remove-background
cellbender:remove-background: Loading data from /om/scratch/Mon/mabdel03/Tsai_Data/Cellranger_Outputs/50101785/outs/raw_feature_bc_matrix.h5
cellbender:remove-background: CellRanger v3 format
cellbender:remove-background: Features in dataset: 36601 Gene Expression
cellbender:remove-background: Trimming features for inference.
cellbender:remove-background: 30549 features have nonzero counts.
cellbender:remove-background: Prior on counts for cells is 5100
cellbender:remove-background: Prior on counts for empty droplets is 72
cellbender:remove-background: Excluding 10111 features that are estimated to have <= 0.1 background counts in cells.
cellbender:remove-background: Including 20438 features in the analysis.
cellbender:remove-background: Trimming barcodes for inference.
cellbender:remove-background: Excluding barcodes with counts below 36
cellbender:remove-background: Using 3232 probable cell barcodes, plus an additional 11856 barcodes, and 68179 empty droplets.
cellbender:remove-background: Largest surely-empty droplet has 89 UMI counts.
cellbender:remove-background: Attempting to unpack tarball "ckpt.tar.gz" to /tmp/tmp0jfmg6fl
cellbender:remove-background: No saved checkpoint.
cellbender:remove-background: No checkpoint loaded.
cellbender:remove-background: Running inference...
cellbender:remove-background: [epoch 001]  average training loss: 7010.9333
cellbender:remove-background: [epoch 002]  average training loss: 5365.1752  (5.1 seconds per epoch)
cellbender:remove-background: Will checkpoint every 84 epochs
cellbender:remove-background: [epoch 003]  average training loss: 4477.6298
cellbender:remove-background: [epoch 004]  average training loss: 4084.5024
cellbender:remove-background: [epoch 005]  average training loss: 3792.9114
cellbender:remove-background: [epoch 005] average test loss: 3618.5409
cellbender:remove-background: [epoch 006]  average training loss: 3648.2944
cellbender:remove-background: [epoch 007]  average training loss: 3597.9332
cellbender:remove-background: [epoch 008]  average training loss: 3551.0075
cellbender:remove-background: [epoch 009]  average training loss: 3535.9306
cellbender:remove-background: [epoch 010]  average training loss: 3522.7310
cellbender:remove-background: [epoch 010] average test loss: 3411.4584
cellbender:remove-background: [epoch 011]  average training loss: 3514.2958
cellbender:remove-background: [epoch 012]  average training loss: 3506.7596
cellbender:remove-background: [epoch 013]  average training loss: 3502.0704
cellbender:remove-background: [epoch 014]  average training loss: 3503.6581
cellbender:remove-background: [epoch 015]  average training loss: 3492.5679
cellbender:remove-background: [epoch 015] average test loss: 3393.6593
cellbender:remove-background: [epoch 016]  average training loss: 3489.3969
cellbender:remove-background: [epoch 017]  average training loss: 3443.8236
cellbender:remove-background: [epoch 018]  average training loss: 3414.4655
cellbender:remove-background: [epoch 019]  average training loss: 3399.3522
cellbender:remove-background: [epoch 020]  average training loss: 3394.3963
cellbender:remove-background: [epoch 020] average test loss: 3319.2989
cellbender:remove-background: [epoch 021]  average training loss: 3392.2473
cellbender:remove-background: [epoch 022]  average training loss: 3396.0285
cellbender:remove-background: [epoch 023]  average training loss: 3389.9663
cellbender:remove-background: [epoch 024]  average training loss: 3386.1516
cellbender:remove-background: [epoch 025]  average training loss: 3383.0015
cellbender:remove-background: [epoch 025] average test loss: 3297.8318
cellbender:remove-background: [epoch 026]  average training loss: 3380.5896
cellbender:remove-background: [epoch 027]  average training loss: 3377.1051
cellbender:remove-background: [epoch 028]  average training loss: 3374.8647
cellbender:remove-background: [epoch 029]  average training loss: 3376.5989
cellbender:remove-background: [epoch 030]  average training loss: 3373.8605
cellbender:remove-background: [epoch 030] average test loss: 3282.9915
cellbender:remove-background: [epoch 031]  average training loss: 3372.0040
cellbender:remove-background: [epoch 032]  average training loss: 3367.4048
cellbender:remove-background: [epoch 033]  average training loss: 3367.8561
cellbender:remove-background: [epoch 034]  average training loss: 3362.3088
cellbender:remove-background: [epoch 035]  average training loss: 3362.4411
cellbender:remove-background: [epoch 035] average test loss: 3272.0224
cellbender:remove-background: [epoch 036]  average training loss: 3359.0062
cellbender:remove-background: [epoch 037]  average training loss: 3356.0226
cellbender:remove-background: [epoch 038]  average training loss: 3351.9171
cellbender:remove-background: [epoch 039]  average training loss: 3354.1033
cellbender:remove-background: [epoch 040]  average training loss: 3346.8526
cellbender:remove-background: [epoch 040] average test loss: 3262.4207
cellbender:remove-background: [epoch 041]  average training loss: 3343.6683
cellbender:remove-background: [epoch 042]  average training loss: 3339.5334
cellbender:remove-background: [epoch 043]  average training loss: 3339.3899
cellbender:remove-background: [epoch 044]  average training loss: 3340.1707
cellbender:remove-background: [epoch 045]  average training loss: 3334.1776
cellbender:remove-background: [epoch 045] average test loss: 3258.0342
cellbender:remove-background: [epoch 046]  average training loss: 3336.0206
cellbender:remove-background: [epoch 047]  average training loss: 3328.6484
cellbender:remove-background: [epoch 048]  average training loss: 3327.1795
cellbender:remove-background: [epoch 049]  average training loss: 3325.2796
cellbender:remove-background: [epoch 050]  average training loss: 3325.0523
cellbender:remove-background: [epoch 050] average test loss: 3236.6650
cellbender:remove-background: [epoch 051]  average training loss: 3324.1257
cellbender:remove-background: [epoch 052]  average training loss: 3320.8522
cellbender:remove-background: [epoch 053]  average training loss: 3320.6039
cellbender:remove-background: [epoch 054]  average training loss: 3318.6967
cellbender:remove-background: [epoch 055]  average training loss: 3316.6326
cellbender:remove-background: [epoch 055] average test loss: 3235.3119
cellbender:remove-background: [epoch 056]  average training loss: 3315.1338
cellbender:remove-background: [epoch 057]  average training loss: 3313.5746
cellbender:remove-background: [epoch 058]  average training loss: 3312.1317
cellbender:remove-background: [epoch 059]  average training loss: 3312.3907
cellbender:remove-background: [epoch 060]  average training loss: 3311.1819
cellbender:remove-background: [epoch 060] average test loss: 3224.5901
cellbender:remove-background: [epoch 061]  average training loss: 3310.3209
cellbender:remove-background: [epoch 062]  average training loss: 3309.8467
cellbender:remove-background: [epoch 063]  average training loss: 3309.8745
cellbender:remove-background: [epoch 064]  average training loss: 3311.4189
cellbender:remove-background: [epoch 065]  average training loss: 3309.1831
cellbender:remove-background: [epoch 065] average test loss: 3224.7071
cellbender:remove-background: [epoch 066]  average training loss: 3307.0739
cellbender:remove-background: [epoch 067]  average training loss: 3307.5791
cellbender:remove-background: [epoch 068]  average training loss: 3307.0900
cellbender:remove-background: [epoch 069]  average training loss: 3308.0393
cellbender:remove-background: [epoch 070]  average training loss: 3309.8669
cellbender:remove-background: [epoch 070] average test loss: 3226.5541
cellbender:remove-background: [epoch 071]  average training loss: 3307.8339
cellbender:remove-background: [epoch 072]  average training loss: 3311.8301
cellbender:remove-background: [epoch 073]  average training loss: 3307.7015
cellbender:remove-background: [epoch 074]  average training loss: 3307.9827
cellbender:remove-background: [epoch 075]  average training loss: 3309.2025
cellbender:remove-background: [epoch 075] average test loss: 3224.9956
cellbender:remove-background: [epoch 076]  average training loss: 3307.0875
cellbender:remove-background: [epoch 077]  average training loss: 3307.6865
cellbender:remove-background: [epoch 078]  average training loss: 3307.7303
cellbender:remove-background: [epoch 079]  average training loss: 3310.0502
cellbender:remove-background: [epoch 080]  average training loss: 3307.2389
cellbender:remove-background: [epoch 080] average test loss: 3230.0723
cellbender:remove-background: [epoch 081]  average training loss: 3305.6035
cellbender:remove-background: [epoch 082]  average training loss: 3308.7686
cellbender:remove-background: [epoch 083]  average training loss: 3307.3495
cellbender:remove-background: [epoch 084]  average training loss: 3309.0061
cellbender:remove-background: Saving a checkpoint...
cellbender:remove-background: Saved checkpoint as /weka/scratch/scratch/Mon/mabdel03/Tsai_Data/Cellbender_Outputs/50101785/ckpt.tar.gz
cellbender:remove-background: [epoch 085]  average training loss: 3308.1530
cellbender:remove-background: [epoch 085] average test loss: 3228.3654
cellbender:remove-background: [epoch 086]  average training loss: 3308.1228
cellbender:remove-background: [epoch 087]  average training loss: 3307.7977
cellbender:remove-background: [epoch 088]  average training loss: 3308.3545
cellbender:remove-background: [epoch 089]  average training loss: 3307.9595
cellbender:remove-background: [epoch 090]  average training loss: 3307.8765
cellbender:remove-background: [epoch 090] average test loss: 3233.4565
cellbender:remove-background: [epoch 091]  average training loss: 3309.1202
cellbender:remove-background: [epoch 092]  average training loss: 3306.9455
cellbender:remove-background: [epoch 093]  average training loss: 3307.4261
cellbender:remove-background: [epoch 094]  average training loss: 3305.9631
cellbender:remove-background: [epoch 095]  average training loss: 3304.9529
cellbender:remove-background: [epoch 095] average test loss: 3238.0427
cellbender:remove-background: [epoch 096]  average training loss: 3305.8831
cellbender:remove-background: [epoch 097]  average training loss: 3305.1898
cellbender:remove-background: [epoch 098]  average training loss: 3305.5175
cellbender:remove-background: [epoch 099]  average training loss: 3304.8221
cellbender:remove-background: [epoch 100]  average training loss: 3303.2004
cellbender:remove-background: [epoch 100] average test loss: 3225.1609
cellbender:remove-background: [epoch 101]  average training loss: 3303.9336
cellbender:remove-background: [epoch 102]  average training loss: 3302.5533
cellbender:remove-background: [epoch 103]  average training loss: 3304.7625
cellbender:remove-background: [epoch 104]  average training loss: 3303.4228
cellbender:remove-background: [epoch 105]  average training loss: 3303.9588
cellbender:remove-background: [epoch 105] average test loss: 3225.8663
cellbender:remove-background: [epoch 106]  average training loss: 3302.1585
cellbender:remove-background: [epoch 107]  average training loss: 3302.2925
cellbender:remove-background: [epoch 108]  average training loss: 3302.4062
cellbender:remove-background: [epoch 109]  average training loss: 3301.9654
cellbender:remove-background: [epoch 110]  average training loss: 3302.6387
cellbender:remove-background: [epoch 110] average test loss: 3226.3012
cellbender:remove-background: [epoch 111]  average training loss: 3302.4858
cellbender:remove-background: [epoch 112]  average training loss: 3300.2682
cellbender:remove-background: [epoch 113]  average training loss: 3301.6169
cellbender:remove-background: [epoch 114]  average training loss: 3300.8533
cellbender:remove-background: [epoch 115]  average training loss: 3300.0165
cellbender:remove-background: [epoch 115] average test loss: 3227.0080
cellbender:remove-background: [epoch 116]  average training loss: 3299.6635
cellbender:remove-background: [epoch 117]  average training loss: 3299.3856
cellbender:remove-background: [epoch 118]  average training loss: 3298.9103
cellbender:remove-background: [epoch 119]  average training loss: 3299.6308
cellbender:remove-background: [epoch 120]  average training loss: 3300.4815
cellbender:remove-background: [epoch 120] average test loss: 3227.6280
cellbender:remove-background: [epoch 121]  average training loss: 3298.1420
cellbender:remove-background: [epoch 122]  average training loss: 3300.4305
cellbender:remove-background: [epoch 123]  average training loss: 3299.1961
cellbender:remove-background: [epoch 124]  average training loss: 3297.8931
cellbender:remove-background: [epoch 125]  average training loss: 3297.1135
cellbender:remove-background: [epoch 125] average test loss: 3229.0356
cellbender:remove-background: [epoch 126]  average training loss: 3298.0025
cellbender:remove-background: [epoch 127]  average training loss: 3298.0329
cellbender:remove-background: [epoch 128]  average training loss: 3296.6032
cellbender:remove-background: [epoch 129]  average training loss: 3298.6452
cellbender:remove-background: [epoch 130]  average training loss: 3298.6643
cellbender:remove-background: [epoch 130] average test loss: 3225.6221
cellbender:remove-background: [epoch 131]  average training loss: 3297.0432
cellbender:remove-background: [epoch 132]  average training loss: 3297.5055
cellbender:remove-background: [epoch 133]  average training loss: 3296.6807
cellbender:remove-background: [epoch 134]  average training loss: 3297.8992
cellbender:remove-background: [epoch 135]  average training loss: 3298.0201
cellbender:remove-background: [epoch 135] average test loss: 3228.1011
cellbender:remove-background: [epoch 136]  average training loss: 3296.7503
cellbender:remove-background: [epoch 137]  average training loss: 3297.3904
cellbender:remove-background: [epoch 138]  average training loss: 3296.9503
cellbender:remove-background: [epoch 139]  average training loss: 3296.1519
cellbender:remove-background: [epoch 140]  average training loss: 3296.9541
cellbender:remove-background: [epoch 140] average test loss: 3228.1530
cellbender:remove-background: [epoch 141]  average training loss: 3297.3909
cellbender:remove-background: [epoch 142]  average training loss: 3298.2595
cellbender:remove-background: [epoch 143]  average training loss: 3296.9828
cellbender:remove-background: [epoch 144]  average training loss: 3297.5382
cellbender:remove-background: [epoch 145]  average training loss: 3297.8569
cellbender:remove-background: [epoch 145] average test loss: 3226.4049
cellbender:remove-background: [epoch 146]  average training loss: 3297.2373
cellbender:remove-background: [epoch 147]  average training loss: 3297.4235
cellbender:remove-background: [epoch 148]  average training loss: 3296.8627
cellbender:remove-background: [epoch 149]  average training loss: 3297.0867
cellbender:remove-background: [epoch 150]  average training loss: 3297.4676
cellbender:remove-background: [epoch 150] average test loss: 3227.8191
cellbender:remove-background: Saving a checkpoint...
cellbender:remove-background: Saved checkpoint as /weka/scratch/scratch/Mon/mabdel03/Tsai_Data/Cellbender_Outputs/50101785/ckpt.tar.gz
cellbender:remove-background: 2026-02-01 21:37:54
cellbender:remove-background: Inference procedure complete.
cellbender:remove-background: Attempting to unpack tarball "ckpt.tar.gz" to /tmp/tmpd2j06g_o
cellbender:remove-background: Successfully unpacked tarball to /tmp/tmpd2j06g_o
/tmp/tmpd2j06g_o/4e0cc0a468_random.pyro
/tmp/tmpd2j06g_o/4e0cc0a468_random.cuda
/tmp/tmpd2j06g_o/4e0cc0a468_model.torch
/tmp/tmpd2j06g_o/4e0cc0a468_optim.torch
/tmp/tmpd2j06g_o/4e0cc0a468_optim.pyro
/tmp/tmpd2j06g_o/4e0cc0a468_params.pyro
/tmp/tmpd2j06g_o/4e0cc0a468_train.loaderstate
/tmp/tmpd2j06g_o/4e0cc0a468_test.loaderstate
/tmp/tmpd2j06g_o/4e0cc0a468_args.npy
cellbender:remove-background: Posterior not currently included in checkpoint.
cellbender:remove-background: Computing posterior noise count probabilities in mini-batches.
cellbender:remove-background: Working on chunk (1/51)
cellbender:remove-background:     [0.04 mins per chunk]
cellbender:remove-background: Working on chunk (2/51)
cellbender:remove-background: Working on chunk (3/51)
cellbender:remove-background: Working on chunk (4/51)
cellbender:remove-background: Working on chunk (5/51)
cellbender:remove-background: Working on chunk (6/51)
cellbender:remove-background: Working on chunk (7/51)
cellbender:remove-background: Working on chunk (8/51)
cellbender:remove-background: Working on chunk (9/51)
cellbender:remove-background: Working on chunk (10/51)
cellbender:remove-background: Working on chunk (11/51)
cellbender:remove-background: Working on chunk (12/51)
cellbender:remove-background: Working on chunk (13/51)
cellbender:remove-background: Working on chunk (14/51)
cellbender:remove-background: Working on chunk (15/51)
cellbender:remove-background: Working on chunk (16/51)
cellbender:remove-background: Working on chunk (17/51)
cellbender:remove-background: Working on chunk (18/51)
cellbender:remove-background: Working on chunk (19/51)
cellbender:remove-background: Working on chunk (20/51)
cellbender:remove-background: Working on chunk (21/51)
cellbender:remove-background: Working on chunk (22/51)
cellbender:remove-background: Working on chunk (23/51)
cellbender:remove-background: Working on chunk (24/51)
cellbender:remove-background: Working on chunk (25/51)
cellbender:remove-background: Working on chunk (26/51)
cellbender:remove-background: Working on chunk (27/51)
cellbender:remove-background: Working on chunk (28/51)
cellbender:remove-background: Working on chunk (29/51)
cellbender:remove-background: Working on chunk (30/51)
cellbender:remove-background: Working on chunk (31/51)
cellbender:remove-background: Working on chunk (32/51)
cellbender:remove-background: Working on chunk (33/51)
cellbender:remove-background: Working on chunk (34/51)
cellbender:remove-background: Working on chunk (35/51)
cellbender:remove-background: Working on chunk (36/51)
cellbender:remove-background: Working on chunk (37/51)
cellbender:remove-background: Working on chunk (38/51)
cellbender:remove-background: Working on chunk (39/51)
cellbender:remove-background: Working on chunk (40/51)
cellbender:remove-background: Working on chunk (41/51)
cellbender:remove-background: Working on chunk (42/51)
cellbender:remove-background: Working on chunk (43/51)
cellbender:remove-background: Working on chunk (44/51)
cellbender:remove-background: Working on chunk (45/51)
cellbender:remove-background: Working on chunk (46/51)
cellbender:remove-background: Working on chunk (47/51)
cellbender:remove-background: Working on chunk (48/51)
cellbender:remove-background: Working on chunk (49/51)
cellbender:remove-background: Working on chunk (50/51)
cellbender:remove-background: Working on chunk (51/51)
cellbender:remove-background: Writing full posterior to /om/scratch/Mon/mabdel03/Tsai_Data/Cellbender_Outputs/50101785/processed_feature_bc_matrix_posterior.h5
cellbender:remove-background: Succeeded in writing posterior to file /om/scratch/Mon/mabdel03/Tsai_Data/Cellbender_Outputs/50101785/processed_feature_bc_matrix_posterior.h5
cellbender:remove-background: Added posterior object to checkpoint file.
cellbender:remove-background: 2026-02-01 21:42:15

cellbender:remove-background: Saved summary plots as /om/scratch/Mon/mabdel03/Tsai_Data/Cellbender_Outputs/50101785/processed_feature_bc_matrix.pdf
cellbender:remove-background: Saved cell barcodes in /om/scratch/Mon/mabdel03/Tsai_Data/Cellbender_Outputs/50101785/processed_feature_bc_matrix_cell_barcodes.csv
cellbender:remove-background: Computing target noise counts per gene for MCKP estimator
cellbender:remove-background: Using MCKP noise targets computed for FPR 0.0
cellbender:remove-background: Computing denoised counts using mckp estimator
cellbender:remove-background: Working on chunk (1/7)
cellbender:remove-background:     [1.69 mins per chunk]
cellbender:remove-background: Working on chunk (2/7)
cellbender:remove-background: Working on chunk (3/7)
cellbender:remove-background: Working on chunk (4/7)
cellbender:remove-background: Working on chunk (5/7)
cellbender:remove-background: Working on chunk (6/7)
cellbender:remove-background: Working on chunk (7/7)
cellbender:remove-background: 2026-02-01 21:54:37 Total MCKP estimation time = 711.22 sec
cellbender:remove-background: Succeeded in writing CellRanger format output to file /om/scratch/Mon/mabdel03/Tsai_Data/Cellbender_Outputs/50101785/processed_feature_bc_matrix.h5
cellbender:remove-background: Succeeded in writing CellRanger format output to file /om/scratch/Mon/mabdel03/Tsai_Data/Cellbender_Outputs/50101785/processed_feature_bc_matrix_filtered.h5
cellbender:remove-background: Saved output metrics as /om/scratch/Mon/mabdel03/Tsai_Data/Cellbender_Outputs/50101785/processed_feature_bc_matrix_metrics.csv
[NbConvertApp] Converting notebook tmp.report.ipynb to notebook
[NbConvertApp] Writing 426557 bytes to tmp.report.nbconvert.ipynb
[NbConvertApp] Converting notebook tmp.report.nbconvert.ipynb to html
[NbConvertApp] Writing 1001244 bytes to tmp.report.nbconvert.html
cellbender:remove-background: Succeeded in writing report to /om/scratch/Mon/mabdel03/Tsai_Data/Cellbender_Outputs/50101785/processed_feature_bc_matrix_report.html
cellbender:remove-background: Completed remove-background.
cellbender:remove-background: 2026-02-01 21:55:21

