cellbender:remove-background: Command:
cellbender remove-background --cuda --input /om/scratch/Mon/mabdel03/Tsai_Data/Cellranger_Outputs/20935218/outs/raw_feature_bc_matrix.h5 --fpr 0 --output /om/scratch/Mon/mabdel03/Tsai_Data/Cellbender_Outputs/20935218/processed_feature_bc_matrix.h5
cellbender:remove-background: CellBender 0.3.0
cellbender:remove-background: (Workflow hash dee1f9e95c)
cellbender:remove-background: 2026-02-01 16:09:39
cellbender:remove-background: Running remove-background
cellbender:remove-background: Loading data from /om/scratch/Mon/mabdel03/Tsai_Data/Cellranger_Outputs/20935218/outs/raw_feature_bc_matrix.h5
cellbender:remove-background: CellRanger v3 format
cellbender:remove-background: Features in dataset: 36601 Gene Expression
cellbender:remove-background: Trimming features for inference.
cellbender:remove-background: 27083 features have nonzero counts.
cellbender:remove-background: Prior on counts for cells is 1213
cellbender:remove-background: Prior on counts for empty droplets is 32
cellbender:remove-background: Excluding 8865 features that are estimated to have <= 0.1 background counts in cells.
cellbender:remove-background: Including 18218 features in the analysis.
cellbender:remove-background: Trimming barcodes for inference.
cellbender:remove-background: Excluding barcodes with counts below 16
cellbender:remove-background: Using 2980 probable cell barcodes, plus an additional 11793 barcodes, and 54484 empty droplets.
cellbender:remove-background: Largest surely-empty droplet has 38 UMI counts.
cellbender:remove-background: Attempting to unpack tarball "ckpt.tar.gz" to /tmp/tmp1823r6px
cellbender:remove-background: Successfully unpacked tarball to /tmp/tmp1823r6px
/tmp/tmp1823r6px/f3e77dcefa_random.pyro
/tmp/tmp1823r6px/f3e77dcefa_random.cuda
/tmp/tmp1823r6px/f3e77dcefa_model.torch
/tmp/tmp1823r6px/f3e77dcefa_optim.torch
/tmp/tmp1823r6px/f3e77dcefa_optim.pyro
/tmp/tmp1823r6px/f3e77dcefa_params.pyro
/tmp/tmp1823r6px/f3e77dcefa_train.loaderstate
/tmp/tmp1823r6px/f3e77dcefa_test.loaderstate
/tmp/tmp1823r6px/f3e77dcefa_args.npy
cellbender:remove-background: Workflow hash does not match that of checkpoint.
cellbender:remove-background: No checkpoint loaded.
cellbender:remove-background: Running inference...
cellbender:remove-background: [epoch 001]  average training loss: 2208.1236
cellbender:remove-background: [epoch 002]  average training loss: 2003.0958  (6.4 seconds per epoch)
cellbender:remove-background: Will checkpoint every 66 epochs
cellbender:remove-background: [epoch 003]  average training loss: 1839.0428
cellbender:remove-background: [epoch 004]  average training loss: 1733.1186
cellbender:remove-background: [epoch 005]  average training loss: 1648.8660
cellbender:remove-background: [epoch 005] average test loss: 1627.9584
cellbender:remove-background: [epoch 006]  average training loss: 1592.8952
cellbender:remove-background: [epoch 007]  average training loss: 1574.8553
cellbender:remove-background: [epoch 008]  average training loss: 1551.9831
cellbender:remove-background: [epoch 009]  average training loss: 1545.8497
cellbender:remove-background: [epoch 010]  average training loss: 1544.8365
cellbender:remove-background: [epoch 010] average test loss: 1494.7832
cellbender:remove-background: [epoch 011]  average training loss: 1539.4985
cellbender:remove-background: [epoch 012]  average training loss: 1538.0080
cellbender:remove-background: [epoch 013]  average training loss: 1535.3481
cellbender:remove-background: [epoch 014]  average training loss: 1533.4788
cellbender:remove-background: [epoch 015]  average training loss: 1533.6344
cellbender:remove-background: [epoch 015] average test loss: 1482.4110
cellbender:remove-background: [epoch 016]  average training loss: 1513.4328
cellbender:remove-background: [epoch 017]  average training loss: 1479.4507
cellbender:remove-background: [epoch 018]  average training loss: 1472.9352
cellbender:remove-background: [epoch 019]  average training loss: 1470.5875
cellbender:remove-background: [epoch 020]  average training loss: 1465.8240
cellbender:remove-background: [epoch 020] average test loss: 1427.6117
cellbender:remove-background: [epoch 021]  average training loss: 1463.9029
cellbender:remove-background: [epoch 022]  average training loss: 1461.0377
cellbender:remove-background: [epoch 023]  average training loss: 1461.3301
cellbender:remove-background: [epoch 024]  average training loss: 1459.9974
cellbender:remove-background: [epoch 025]  average training loss: 1457.8376
cellbender:remove-background: [epoch 025] average test loss: 1428.5006
cellbender:remove-background: [epoch 026]  average training loss: 1457.9841
cellbender:remove-background: [epoch 027]  average training loss: 1456.8903
cellbender:remove-background: [epoch 028]  average training loss: 1455.9614
cellbender:remove-background: [epoch 029]  average training loss: 1455.7526
cellbender:remove-background: [epoch 030]  average training loss: 1454.3218
cellbender:remove-background: [epoch 030] average test loss: 1422.0555
cellbender:remove-background: [epoch 031]  average training loss: 1454.7543
cellbender:remove-background: [epoch 032]  average training loss: 1453.1885
cellbender:remove-background: [epoch 033]  average training loss: 1451.2212
cellbender:remove-background: [epoch 034]  average training loss: 1450.6885
cellbender:remove-background: [epoch 035]  average training loss: 1449.9298
cellbender:remove-background: [epoch 035] average test loss: 1413.7675
cellbender:remove-background: [epoch 036]  average training loss: 1445.7112
cellbender:remove-background: [epoch 037]  average training loss: 1443.0955
cellbender:remove-background: [epoch 038]  average training loss: 1439.3044
cellbender:remove-background: [epoch 039]  average training loss: 1435.9902
cellbender:remove-background: [epoch 040]  average training loss: 1433.7777
cellbender:remove-background: [epoch 040] average test loss: 1400.3120
cellbender:remove-background: [epoch 041]  average training loss: 1431.7071
cellbender:remove-background: [epoch 042]  average training loss: 1431.4035
cellbender:remove-background: [epoch 043]  average training loss: 1428.9823
cellbender:remove-background: [epoch 044]  average training loss: 1427.8996
cellbender:remove-background: [epoch 045]  average training loss: 1425.6090
cellbender:remove-background: [epoch 045] average test loss: 1398.2908
cellbender:remove-background: [epoch 046]  average training loss: 1427.6262
cellbender:remove-background: [epoch 047]  average training loss: 1425.6427
cellbender:remove-background: [epoch 048]  average training loss: 1425.9077
cellbender:remove-background: [epoch 049]  average training loss: 1424.6105
cellbender:remove-background: [epoch 050]  average training loss: 1425.9512
cellbender:remove-background: [epoch 050] average test loss: 1400.7337
cellbender:remove-background: [epoch 051]  average training loss: 1422.4577
cellbender:remove-background: [epoch 052]  average training loss: 1421.8810
cellbender:remove-background: [epoch 053]  average training loss: 1420.7457
cellbender:remove-background: [epoch 054]  average training loss: 1419.4977
cellbender:remove-background: [epoch 055]  average training loss: 1419.2857
cellbender:remove-background: [epoch 055] average test loss: 1393.1766
cellbender:remove-background: [epoch 056]  average training loss: 1420.8098
cellbender:remove-background: [epoch 057]  average training loss: 1422.3916
cellbender:remove-background: [epoch 058]  average training loss: 1416.2952
cellbender:remove-background: [epoch 059]  average training loss: 1413.4598
cellbender:remove-background: [epoch 060]  average training loss: 1417.4289
cellbender:remove-background: [epoch 060] average test loss: 1393.7144
cellbender:remove-background: [epoch 061]  average training loss: 1411.7125
cellbender:remove-background: [epoch 062]  average training loss: 1412.8498
cellbender:remove-background: [epoch 063]  average training loss: 1417.7863
cellbender:remove-background: [epoch 064]  average training loss: 1408.1875
cellbender:remove-background: [epoch 065]  average training loss: 1411.3935
cellbender:remove-background: [epoch 065] average test loss: 1388.6357
cellbender:remove-background: [epoch 066]  average training loss: 1406.9075
cellbender:remove-background: Saving a checkpoint...
cellbender:remove-background: Saved checkpoint as /weka/scratch/scratch/Mon/mabdel03/Tsai_Data/Cellbender_Outputs/20935218/ckpt.tar.gz
cellbender:remove-background: [epoch 067]  average training loss: 1407.5404
cellbender:remove-background: [epoch 068]  average training loss: 1410.9514
cellbender:remove-background: [epoch 069]  average training loss: 1405.3435
cellbender:remove-background: [epoch 070]  average training loss: 1411.1328
cellbender:remove-background: [epoch 070] average test loss: 1387.6141
cellbender:remove-background: [epoch 071]  average training loss: 1416.3124
cellbender:remove-background: [epoch 072]  average training loss: 1406.2669
cellbender:remove-background: [epoch 073]  average training loss: 1407.1120
cellbender:remove-background: [epoch 074]  average training loss: 1405.2516
cellbender:remove-background: [epoch 075]  average training loss: 1403.3977
cellbender:remove-background: [epoch 075] average test loss: 1391.6713
cellbender:remove-background: [epoch 076]  average training loss: 1405.5978
cellbender:remove-background: [epoch 077]  average training loss: 1404.4428
cellbender:remove-background: [epoch 078]  average training loss: 1402.4353
cellbender:remove-background: [epoch 079]  average training loss: 1400.2841
cellbender:remove-background: [epoch 080]  average training loss: 1404.1114
cellbender:remove-background: [epoch 080] average test loss: 1382.6092
cellbender:remove-background: [epoch 081]  average training loss: 1400.5170
cellbender:remove-background: [epoch 082]  average training loss: 1399.1736
cellbender:remove-background: [epoch 083]  average training loss: 1400.4132
cellbender:remove-background: [epoch 084]  average training loss: 1400.4299
cellbender:remove-background: [epoch 085]  average training loss: 1401.2727
cellbender:remove-background: [epoch 085] average test loss: 1388.8846
cellbender:remove-background: [epoch 086]  average training loss: 1400.9612
cellbender:remove-background: [epoch 087]  average training loss: 1399.8841
cellbender:remove-background: [epoch 088]  average training loss: 1398.1783
cellbender:remove-background: [epoch 089]  average training loss: 1399.7754
cellbender:remove-background: [epoch 090]  average training loss: 1400.1333
cellbender:remove-background: [epoch 090] average test loss: 1381.7585
cellbender:remove-background: [epoch 091]  average training loss: 1399.9816
cellbender:remove-background: [epoch 092]  average training loss: 1398.8453
cellbender:remove-background: [epoch 093]  average training loss: 1397.0600
cellbender:remove-background: [epoch 094]  average training loss: 1397.5464
cellbender:remove-background: [epoch 095]  average training loss: 1394.4232
cellbender:remove-background: [epoch 095] average test loss: 1383.4456
cellbender:remove-background: [epoch 096]  average training loss: 1396.2079
cellbender:remove-background: [epoch 097]  average training loss: 1397.2685
cellbender:remove-background: [epoch 098]  average training loss: 1394.4748
cellbender:remove-background: [epoch 099]  average training loss: 1393.4962
cellbender:remove-background: [epoch 100]  average training loss: 1395.1941
cellbender:remove-background: [epoch 100] average test loss: 1380.8384
cellbender:remove-background: [epoch 101]  average training loss: 1394.5051
cellbender:remove-background: [epoch 102]  average training loss: 1394.8359
cellbender:remove-background: [epoch 103]  average training loss: 1392.1241
cellbender:remove-background: [epoch 104]  average training loss: 1393.8377
cellbender:remove-background: [epoch 105]  average training loss: 1391.7734
cellbender:remove-background: [epoch 105] average test loss: 1379.1317
cellbender:remove-background: [epoch 106]  average training loss: 1392.4460
cellbender:remove-background: [epoch 107]  average training loss: 1390.9017
cellbender:remove-background: [epoch 108]  average training loss: 1391.7331
cellbender:remove-background: [epoch 109]  average training loss: 1391.1037
cellbender:remove-background: [epoch 110]  average training loss: 1390.6784
cellbender:remove-background: [epoch 110] average test loss: 1377.9268
cellbender:remove-background: [epoch 111]  average training loss: 1390.1150
cellbender:remove-background: [epoch 112]  average training loss: 1390.8063
cellbender:remove-background: [epoch 113]  average training loss: 1391.0199
cellbender:remove-background: [epoch 114]  average training loss: 1389.7003
cellbender:remove-background: [epoch 115]  average training loss: 1388.7253
cellbender:remove-background: [epoch 115] average test loss: 1385.7287
cellbender:remove-background: [epoch 116]  average training loss: 1391.2556
cellbender:remove-background: [epoch 117]  average training loss: 1389.0685
cellbender:remove-background: [epoch 118]  average training loss: 1391.8107
cellbender:remove-background: [epoch 119]  average training loss: 1389.5752
cellbender:remove-background: [epoch 120]  average training loss: 1390.2053
cellbender:remove-background: [epoch 120] average test loss: 1379.5280
cellbender:remove-background: [epoch 121]  average training loss: 1390.7496
cellbender:remove-background: [epoch 122]  average training loss: 1389.8297
cellbender:remove-background: [epoch 123]  average training loss: 1388.0560
cellbender:remove-background: [epoch 124]  average training loss: 1389.1965
cellbender:remove-background: [epoch 125]  average training loss: 1388.3042
cellbender:remove-background: [epoch 125] average test loss: 1376.6769
cellbender:remove-background: [epoch 126]  average training loss: 1388.1689
cellbender:remove-background: [epoch 127]  average training loss: 1387.6908
cellbender:remove-background: [epoch 128]  average training loss: 1387.2134
cellbender:remove-background: [epoch 129]  average training loss: 1387.8718
cellbender:remove-background: [epoch 130]  average training loss: 1388.9879
cellbender:remove-background: [epoch 130] average test loss: 1380.8979
cellbender:remove-background: [epoch 131]  average training loss: 1388.0672
cellbender:remove-background: [epoch 132]  average training loss: 1389.0690
cellbender:remove-background: Saving a checkpoint...
cellbender:remove-background: Saved checkpoint as /weka/scratch/scratch/Mon/mabdel03/Tsai_Data/Cellbender_Outputs/20935218/ckpt.tar.gz
cellbender:remove-background: [epoch 133]  average training loss: 1388.2141
cellbender:remove-background: [epoch 134]  average training loss: 1388.8167
cellbender:remove-background: [epoch 135]  average training loss: 1387.7583
cellbender:remove-background: [epoch 135] average test loss: 1379.4817
cellbender:remove-background: [epoch 136]  average training loss: 1388.0873
cellbender:remove-background: [epoch 137]  average training loss: 1389.8938
cellbender:remove-background: [epoch 138]  average training loss: 1388.6899
cellbender:remove-background: [epoch 139]  average training loss: 1388.8563
cellbender:remove-background: [epoch 140]  average training loss: 1387.8753
cellbender:remove-background: [epoch 140] average test loss: 1378.7640
cellbender:remove-background: [epoch 141]  average training loss: 1387.8325
cellbender:remove-background: [epoch 142]  average training loss: 1388.2265
cellbender:remove-background: [epoch 143]  average training loss: 1387.1743
cellbender:remove-background: [epoch 144]  average training loss: 1388.5304
cellbender:remove-background: [epoch 145]  average training loss: 1386.3706
cellbender:remove-background: [epoch 145] average test loss: 1384.6135
cellbender:remove-background: [epoch 146]  average training loss: 1386.8444
cellbender:remove-background: [epoch 147]  average training loss: 1387.8312
cellbender:remove-background: [epoch 148]  average training loss: 1387.5926
cellbender:remove-background: [epoch 149]  average training loss: 1387.0547
cellbender:remove-background: [epoch 150]  average training loss: 1387.6859
cellbender:remove-background: [epoch 150] average test loss: 1378.8166
cellbender:remove-background: Saving a checkpoint...
cellbender:remove-background: Saved checkpoint as /weka/scratch/scratch/Mon/mabdel03/Tsai_Data/Cellbender_Outputs/20935218/ckpt.tar.gz
cellbender:remove-background: 2026-02-01 16:29:14
cellbender:remove-background: Inference procedure complete.
cellbender:remove-background: Attempting to unpack tarball "ckpt.tar.gz" to /tmp/tmpq3_kmhkr
cellbender:remove-background: Successfully unpacked tarball to /tmp/tmpq3_kmhkr
/tmp/tmpq3_kmhkr/dee1f9e95c_random.pyro
/tmp/tmpq3_kmhkr/dee1f9e95c_random.cuda
/tmp/tmpq3_kmhkr/dee1f9e95c_model.torch
/tmp/tmpq3_kmhkr/dee1f9e95c_optim.torch
/tmp/tmpq3_kmhkr/dee1f9e95c_optim.pyro
/tmp/tmpq3_kmhkr/dee1f9e95c_params.pyro
/tmp/tmpq3_kmhkr/dee1f9e95c_train.loaderstate
/tmp/tmpq3_kmhkr/dee1f9e95c_test.loaderstate
/tmp/tmpq3_kmhkr/dee1f9e95c_args.npy
cellbender:remove-background: Posterior not currently included in checkpoint.
cellbender:remove-background: Computing posterior noise count probabilities in mini-batches.
cellbender:remove-background: Working on chunk (1/48)
cellbender:remove-background:     [0.03 mins per chunk]
cellbender:remove-background: Working on chunk (2/48)
cellbender:remove-background: Working on chunk (3/48)
cellbender:remove-background: Working on chunk (4/48)
cellbender:remove-background: Working on chunk (5/48)
cellbender:remove-background: Working on chunk (6/48)
cellbender:remove-background: Working on chunk (7/48)
cellbender:remove-background: Working on chunk (8/48)
cellbender:remove-background: Working on chunk (9/48)
cellbender:remove-background: Working on chunk (10/48)
cellbender:remove-background: Working on chunk (11/48)
cellbender:remove-background: Working on chunk (12/48)
cellbender:remove-background: Working on chunk (13/48)
cellbender:remove-background: Working on chunk (14/48)
cellbender:remove-background: Working on chunk (15/48)
cellbender:remove-background: Working on chunk (16/48)
cellbender:remove-background: Working on chunk (17/48)
cellbender:remove-background: Working on chunk (18/48)
cellbender:remove-background: Working on chunk (19/48)
cellbender:remove-background: Working on chunk (20/48)
cellbender:remove-background: Working on chunk (21/48)
cellbender:remove-background: Working on chunk (22/48)
cellbender:remove-background: Working on chunk (23/48)
cellbender:remove-background: Working on chunk (24/48)
cellbender:remove-background: Working on chunk (25/48)
cellbender:remove-background: Working on chunk (26/48)
cellbender:remove-background: Working on chunk (27/48)
cellbender:remove-background: Working on chunk (28/48)
cellbender:remove-background: Working on chunk (29/48)
cellbender:remove-background: Working on chunk (30/48)
cellbender:remove-background: Working on chunk (31/48)
cellbender:remove-background: Working on chunk (32/48)
cellbender:remove-background: Working on chunk (33/48)
cellbender:remove-background: Working on chunk (34/48)
cellbender:remove-background: Working on chunk (35/48)
cellbender:remove-background: Working on chunk (36/48)
cellbender:remove-background: Working on chunk (37/48)
cellbender:remove-background: Working on chunk (38/48)
cellbender:remove-background: Working on chunk (39/48)
cellbender:remove-background: Working on chunk (40/48)
cellbender:remove-background: Working on chunk (41/48)
cellbender:remove-background: Working on chunk (42/48)
cellbender:remove-background: Working on chunk (43/48)
cellbender:remove-background: Working on chunk (44/48)
cellbender:remove-background: Working on chunk (45/48)
cellbender:remove-background: Working on chunk (46/48)
cellbender:remove-background: Working on chunk (47/48)
cellbender:remove-background: Working on chunk (48/48)
cellbender:remove-background: Writing full posterior to /om/scratch/Mon/mabdel03/Tsai_Data/Cellbender_Outputs/20935218/processed_feature_bc_matrix_posterior.h5
cellbender:remove-background: Succeeded in writing posterior to file /om/scratch/Mon/mabdel03/Tsai_Data/Cellbender_Outputs/20935218/processed_feature_bc_matrix_posterior.h5
cellbender:remove-background: Added posterior object to checkpoint file.
cellbender:remove-background: 2026-02-01 16:32:30

cellbender:remove-background: Saved summary plots as /om/scratch/Mon/mabdel03/Tsai_Data/Cellbender_Outputs/20935218/processed_feature_bc_matrix.pdf
cellbender:remove-background: Saved cell barcodes in /om/scratch/Mon/mabdel03/Tsai_Data/Cellbender_Outputs/20935218/processed_feature_bc_matrix_cell_barcodes.csv
cellbender:remove-background: Computing target noise counts per gene for MCKP estimator
cellbender:remove-background: Using MCKP noise targets computed for FPR 0.0
cellbender:remove-background: Computing denoised counts using mckp estimator
cellbender:remove-background: Working on chunk (1/7)
cellbender:remove-background:     [0.67 mins per chunk]
cellbender:remove-background: Working on chunk (2/7)
cellbender:remove-background: Working on chunk (3/7)
cellbender:remove-background: Working on chunk (4/7)
cellbender:remove-background: Working on chunk (5/7)
cellbender:remove-background: Working on chunk (6/7)
cellbender:remove-background: Working on chunk (7/7)
cellbender:remove-background: 2026-02-01 16:37:20 Total MCKP estimation time = 276.72 sec
cellbender:remove-background: Succeeded in writing CellRanger format output to file /om/scratch/Mon/mabdel03/Tsai_Data/Cellbender_Outputs/20935218/processed_feature_bc_matrix.h5
cellbender:remove-background: Succeeded in writing CellRanger format output to file /om/scratch/Mon/mabdel03/Tsai_Data/Cellbender_Outputs/20935218/processed_feature_bc_matrix_filtered.h5
cellbender:remove-background: Saved output metrics as /om/scratch/Mon/mabdel03/Tsai_Data/Cellbender_Outputs/20935218/processed_feature_bc_matrix_metrics.csv
[NbConvertApp] Converting notebook tmp.report.ipynb to notebook
[NbConvertApp] Writing 492339 bytes to tmp.report.nbconvert.ipynb
[NbConvertApp] Converting notebook tmp.report.nbconvert.ipynb to html
[NbConvertApp] Writing 1067026 bytes to tmp.report.nbconvert.html
cellbender:remove-background: Succeeded in writing report to /om/scratch/Mon/mabdel03/Tsai_Data/Cellbender_Outputs/20935218/processed_feature_bc_matrix_report.html
cellbender:remove-background: Completed remove-background.
cellbender:remove-background: 2026-02-01 16:37:51

