cellbender:remove-background: Command:
cellbender remove-background --cuda --input /om/scratch/Mon/mabdel03/Tsai_Data/Cellranger_Outputs/21181988/outs/raw_feature_bc_matrix.h5 --fpr 0 --output /om/scratch/Mon/mabdel03/Tsai_Data/Cellbender_Outputs/21181988/processed_feature_bc_matrix.h5
cellbender:remove-background: CellBender 0.3.0
cellbender:remove-background: (Workflow hash f2369b824d)
cellbender:remove-background: 2026-02-01 17:45:59
cellbender:remove-background: Running remove-background
cellbender:remove-background: Loading data from /om/scratch/Mon/mabdel03/Tsai_Data/Cellranger_Outputs/21181988/outs/raw_feature_bc_matrix.h5
cellbender:remove-background: CellRanger v3 format
cellbender:remove-background: Features in dataset: 36601 Gene Expression
cellbender:remove-background: Trimming features for inference.
cellbender:remove-background: 25386 features have nonzero counts.
cellbender:remove-background: Prior on counts for cells is 2054
cellbender:remove-background: Prior on counts for empty droplets is 54
cellbender:remove-background: Excluding 5729 features that are estimated to have <= 0.1 background counts in cells.
cellbender:remove-background: Including 19657 features in the analysis.
cellbender:remove-background: Trimming barcodes for inference.
cellbender:remove-background: Excluding barcodes with counts below 27
cellbender:remove-background: Using 276 probable cell barcodes, plus an additional 1825 barcodes, and 23477 empty droplets.
cellbender:remove-background: Largest surely-empty droplet has 76 UMI counts.
cellbender:remove-background: Attempting to unpack tarball "ckpt.tar.gz" to /tmp/tmpefv85sxa
cellbender:remove-background: No saved checkpoint.
cellbender:remove-background: No checkpoint loaded.
cellbender:remove-background: Running inference...
cellbender:remove-background: [epoch 001]  average training loss: 2623.8394
cellbender:remove-background: [epoch 002]  average training loss: 2562.9014  (1.0 seconds per epoch)
cellbender:remove-background: Will not checkpoint due to projected run completion in under 7.0 min
cellbender:remove-background: [epoch 003]  average training loss: 2467.6243
cellbender:remove-background: [epoch 004]  average training loss: 2471.8372
cellbender:remove-background: [epoch 005]  average training loss: 2396.5649
cellbender:remove-background: [epoch 005] average test loss: 2704.7243
cellbender:remove-background: [epoch 006]  average training loss: 2311.9797
cellbender:remove-background: [epoch 007]  average training loss: 2238.0341
cellbender:remove-background: [epoch 008]  average training loss: 2193.9033
cellbender:remove-background: [epoch 009]  average training loss: 2091.2244
cellbender:remove-background: [epoch 010]  average training loss: 2043.0378
cellbender:remove-background: [epoch 010] average test loss: 2515.5672
cellbender:remove-background: [epoch 011]  average training loss: 1898.9632
cellbender:remove-background: [epoch 012]  average training loss: 1813.0107
cellbender:remove-background: [epoch 013]  average training loss: 1753.3559
cellbender:remove-background: [epoch 014]  average training loss: 1659.4042
cellbender:remove-background: [epoch 015]  average training loss: 1626.4496
cellbender:remove-background: [epoch 015] average test loss: 2243.2225
cellbender:remove-background: [epoch 016]  average training loss: 1609.2797
cellbender:remove-background: [epoch 017]  average training loss: 1613.0877
cellbender:remove-background: [epoch 018]  average training loss: 1598.3113
cellbender:remove-background: [epoch 019]  average training loss: 1593.7279
cellbender:remove-background: [epoch 020]  average training loss: 1577.6404
cellbender:remove-background: [epoch 020] average test loss: 1779.3749
cellbender:remove-background: [epoch 021]  average training loss: 1586.2449
cellbender:remove-background: [epoch 022]  average training loss: 1619.7651
cellbender:remove-background: [epoch 023]  average training loss: 1589.7275
cellbender:remove-background: [epoch 024]  average training loss: 1596.8803
cellbender:remove-background: [epoch 025]  average training loss: 1599.4934
cellbender:remove-background: [epoch 025] average test loss: 1761.8120
cellbender:remove-background: [epoch 026]  average training loss: 1587.1295
cellbender:remove-background: [epoch 027]  average training loss: 1579.5835
cellbender:remove-background: [epoch 028]  average training loss: 1590.4546
cellbender:remove-background: [epoch 029]  average training loss: 1603.2126
cellbender:remove-background: [epoch 030]  average training loss: 1596.9148
cellbender:remove-background: [epoch 030] average test loss: 1767.9295
cellbender:remove-background: [epoch 031]  average training loss: 1596.1639
cellbender:remove-background: [epoch 032]  average training loss: 1580.4323
cellbender:remove-background: [epoch 033]  average training loss: 1582.1500
cellbender:remove-background: [epoch 034]  average training loss: 1583.3281
cellbender:remove-background: [epoch 035]  average training loss: 1608.4916
cellbender:remove-background: [epoch 035] average test loss: 1750.9968
cellbender:remove-background: [epoch 036]  average training loss: 1581.2108
cellbender:remove-background: [epoch 037]  average training loss: 1572.1753
cellbender:remove-background: [epoch 038]  average training loss: 1586.3799
cellbender:remove-background: [epoch 039]  average training loss: 1586.8085
cellbender:remove-background: [epoch 040]  average training loss: 1585.0504
cellbender:remove-background: [epoch 040] average test loss: 1745.0371
cellbender:remove-background: [epoch 041]  average training loss: 1578.4622
cellbender:remove-background: [epoch 042]  average training loss: 1569.8764
cellbender:remove-background: [epoch 043]  average training loss: 1571.0054
cellbender:remove-background: [epoch 044]  average training loss: 1550.7218
cellbender:remove-background: [epoch 045]  average training loss: 1556.6520
cellbender:remove-background: [epoch 045] average test loss: 1729.7460
cellbender:remove-background: [epoch 046]  average training loss: 1545.8617
cellbender:remove-background: [epoch 047]  average training loss: 1545.3207
cellbender:remove-background: [epoch 048]  average training loss: 1549.2240
cellbender:remove-background: [epoch 049]  average training loss: 1538.0064
cellbender:remove-background: [epoch 050]  average training loss: 1539.2623
cellbender:remove-background: [epoch 050] average test loss: 1714.4676
cellbender:remove-background: [epoch 051]  average training loss: 1551.2986
cellbender:remove-background: [epoch 052]  average training loss: 1538.2819
cellbender:remove-background: [epoch 053]  average training loss: 1543.4322
cellbender:remove-background: [epoch 054]  average training loss: 1531.8386
cellbender:remove-background: [epoch 055]  average training loss: 1538.0310
cellbender:remove-background: [epoch 055] average test loss: 1705.6739
cellbender:remove-background: [epoch 056]  average training loss: 1530.1252
cellbender:remove-background: [epoch 057]  average training loss: 1533.1763
cellbender:remove-background: [epoch 058]  average training loss: 1550.1310
cellbender:remove-background: [epoch 059]  average training loss: 1541.1117
cellbender:remove-background: [epoch 060]  average training loss: 1533.5161
cellbender:remove-background: [epoch 060] average test loss: 1771.5043
cellbender:remove-background: [epoch 061]  average training loss: 1532.9505
cellbender:remove-background: [epoch 062]  average training loss: 1532.6365
cellbender:remove-background: [epoch 063]  average training loss: 1533.2464
cellbender:remove-background: [epoch 064]  average training loss: 1531.7297
cellbender:remove-background: [epoch 065]  average training loss: 1529.3796
cellbender:remove-background: [epoch 065] average test loss: 1731.1233
cellbender:remove-background: [epoch 066]  average training loss: 1527.1671
cellbender:remove-background: [epoch 067]  average training loss: 1525.4410
cellbender:remove-background: [epoch 068]  average training loss: 1530.1980
cellbender:remove-background: [epoch 069]  average training loss: 1529.5290
cellbender:remove-background: [epoch 070]  average training loss: 1527.6108
cellbender:remove-background: [epoch 070] average test loss: 1717.6471
cellbender:remove-background: [epoch 071]  average training loss: 1529.9413
cellbender:remove-background: [epoch 072]  average training loss: 1525.1593
cellbender:remove-background: [epoch 073]  average training loss: 1522.3257
cellbender:remove-background: [epoch 074]  average training loss: 1522.8928
cellbender:remove-background: [epoch 075]  average training loss: 1520.0012
cellbender:remove-background: [epoch 075] average test loss: 1717.1672
cellbender:remove-background: [epoch 076]  average training loss: 1520.5503
cellbender:remove-background: [epoch 077]  average training loss: 1519.5959
cellbender:remove-background: [epoch 078]  average training loss: 1520.8546
cellbender:remove-background: [epoch 079]  average training loss: 1525.8972
cellbender:remove-background: [epoch 080]  average training loss: 1519.4438
cellbender:remove-background: [epoch 080] average test loss: 1729.7293
cellbender:remove-background: [epoch 081]  average training loss: 1515.7505
cellbender:remove-background: [epoch 082]  average training loss: 1522.9962
cellbender:remove-background: [epoch 083]  average training loss: 1521.0661
cellbender:remove-background: [epoch 084]  average training loss: 1523.1072
cellbender:remove-background: [epoch 085]  average training loss: 1520.9767
cellbender:remove-background: [epoch 085] average test loss: 1710.1990
cellbender:remove-background: [epoch 086]  average training loss: 1520.3385
cellbender:remove-background: [epoch 087]  average training loss: 1520.6334
cellbender:remove-background: [epoch 088]  average training loss: 1513.2336
cellbender:remove-background: [epoch 089]  average training loss: 1518.3037
cellbender:remove-background: [epoch 090]  average training loss: 1519.5041
cellbender:remove-background: [epoch 090] average test loss: 1707.2148
cellbender:remove-background: [epoch 091]  average training loss: 1517.7763
cellbender:remove-background: [epoch 092]  average training loss: 1513.2718
cellbender:remove-background: [epoch 093]  average training loss: 1521.5950
cellbender:remove-background: [epoch 094]  average training loss: 1518.3456
cellbender:remove-background: [epoch 095]  average training loss: 1511.5785
cellbender:remove-background: [epoch 095] average test loss: 1702.4270
cellbender:remove-background: [epoch 096]  average training loss: 1517.5243
cellbender:remove-background: [epoch 097]  average training loss: 1513.3783
cellbender:remove-background: [epoch 098]  average training loss: 1511.9726
cellbender:remove-background: [epoch 099]  average training loss: 1513.3191
cellbender:remove-background: [epoch 100]  average training loss: 1511.2566
cellbender:remove-background: [epoch 100] average test loss: 1704.9613
cellbender:remove-background: [epoch 101]  average training loss: 1511.4354
cellbender:remove-background: [epoch 102]  average training loss: 1513.5520
cellbender:remove-background: [epoch 103]  average training loss: 1511.2507
cellbender:remove-background: [epoch 104]  average training loss: 1507.7193
cellbender:remove-background: [epoch 105]  average training loss: 1514.9652
cellbender:remove-background: [epoch 105] average test loss: 1699.5716
cellbender:remove-background: [epoch 106]  average training loss: 1509.9081
cellbender:remove-background: [epoch 107]  average training loss: 1510.0677
cellbender:remove-background: [epoch 108]  average training loss: 1511.3507
cellbender:remove-background: [epoch 109]  average training loss: 1510.4143
cellbender:remove-background: [epoch 110]  average training loss: 1509.9527
cellbender:remove-background: [epoch 110] average test loss: 1697.1153
cellbender:remove-background: [epoch 111]  average training loss: 1510.1545
cellbender:remove-background: [epoch 112]  average training loss: 1507.2557
cellbender:remove-background: [epoch 113]  average training loss: 1509.7888
cellbender:remove-background: [epoch 114]  average training loss: 1509.8603
cellbender:remove-background: [epoch 115]  average training loss: 1505.7336
cellbender:remove-background: [epoch 115] average test loss: 1703.4126
cellbender:remove-background: [epoch 116]  average training loss: 1504.7853
cellbender:remove-background: [epoch 117]  average training loss: 1505.3166
cellbender:remove-background: [epoch 118]  average training loss: 1508.0979
cellbender:remove-background: [epoch 119]  average training loss: 1502.7823
cellbender:remove-background: [epoch 120]  average training loss: 1506.1939
cellbender:remove-background: [epoch 120] average test loss: 1701.0169
cellbender:remove-background: [epoch 121]  average training loss: 1509.1199
cellbender:remove-background: [epoch 122]  average training loss: 1505.9646
cellbender:remove-background: [epoch 123]  average training loss: 1506.2661
cellbender:remove-background: [epoch 124]  average training loss: 1507.5272
cellbender:remove-background: [epoch 125]  average training loss: 1505.0243
cellbender:remove-background: [epoch 125] average test loss: 1693.1203
cellbender:remove-background: [epoch 126]  average training loss: 1506.3718
cellbender:remove-background: [epoch 127]  average training loss: 1506.5976
cellbender:remove-background: [epoch 128]  average training loss: 1507.8381
cellbender:remove-background: [epoch 129]  average training loss: 1506.2942
cellbender:remove-background: [epoch 130]  average training loss: 1505.3312
cellbender:remove-background: [epoch 130] average test loss: 1694.8863
cellbender:remove-background: [epoch 131]  average training loss: 1500.3715
cellbender:remove-background: [epoch 132]  average training loss: 1506.2625
cellbender:remove-background: [epoch 133]  average training loss: 1510.5189
cellbender:remove-background: [epoch 134]  average training loss: 1506.2634
cellbender:remove-background: [epoch 135]  average training loss: 1508.6726
cellbender:remove-background: [epoch 135] average test loss: 1699.6767
cellbender:remove-background: [epoch 136]  average training loss: 1505.8944
cellbender:remove-background: [epoch 137]  average training loss: 1503.8946
cellbender:remove-background: [epoch 138]  average training loss: 1504.8472
cellbender:remove-background: [epoch 139]  average training loss: 1502.0656
cellbender:remove-background: [epoch 140]  average training loss: 1504.4585
cellbender:remove-background: [epoch 140] average test loss: 1698.8627
cellbender:remove-background: [epoch 141]  average training loss: 1506.9690
cellbender:remove-background: [epoch 142]  average training loss: 1505.4634
cellbender:remove-background: [epoch 143]  average training loss: 1503.2034
cellbender:remove-background: [epoch 144]  average training loss: 1506.2343
cellbender:remove-background: [epoch 145]  average training loss: 1508.8602
cellbender:remove-background: [epoch 145] average test loss: 1692.1577
cellbender:remove-background: [epoch 146]  average training loss: 1507.0839
cellbender:remove-background: [epoch 147]  average training loss: 1505.7642
cellbender:remove-background: [epoch 148]  average training loss: 1504.1988
cellbender:remove-background: [epoch 149]  average training loss: 1506.2494
cellbender:remove-background: [epoch 150]  average training loss: 1504.7375
cellbender:remove-background: [epoch 150] average test loss: 1696.5424
cellbender:remove-background: Saving a checkpoint...
cellbender:remove-background: Saved checkpoint as /weka/scratch/scratch/Mon/mabdel03/Tsai_Data/Cellbender_Outputs/21181988/ckpt.tar.gz
cellbender:remove-background: 2026-02-01 17:49:27
cellbender:remove-background: Inference procedure complete.
cellbender:remove-background: Attempting to unpack tarball "ckpt.tar.gz" to /tmp/tmp59sgvgr_
cellbender:remove-background: Successfully unpacked tarball to /tmp/tmp59sgvgr_
/tmp/tmp59sgvgr_/f2369b824d_random.pyro
/tmp/tmp59sgvgr_/f2369b824d_random.cuda
/tmp/tmp59sgvgr_/f2369b824d_model.torch
/tmp/tmp59sgvgr_/f2369b824d_optim.torch
/tmp/tmp59sgvgr_/f2369b824d_optim.pyro
/tmp/tmp59sgvgr_/f2369b824d_params.pyro
/tmp/tmp59sgvgr_/f2369b824d_train.loaderstate
/tmp/tmp59sgvgr_/f2369b824d_test.loaderstate
/tmp/tmp59sgvgr_/f2369b824d_args.npy
cellbender:remove-background: Posterior not currently included in checkpoint.
cellbender:remove-background: Computing posterior noise count probabilities in mini-batches.
cellbender:remove-background: Working on chunk (1/5)
cellbender:remove-background:     [0.03 mins per chunk]
cellbender:remove-background: Working on chunk (2/5)
cellbender:remove-background: Working on chunk (3/5)
cellbender:remove-background: Working on chunk (4/5)
cellbender:remove-background: Working on chunk (5/5)
cellbender:remove-background: Writing full posterior to /om/scratch/Mon/mabdel03/Tsai_Data/Cellbender_Outputs/21181988/processed_feature_bc_matrix_posterior.h5
cellbender:remove-background: Succeeded in writing posterior to file /om/scratch/Mon/mabdel03/Tsai_Data/Cellbender_Outputs/21181988/processed_feature_bc_matrix_posterior.h5
cellbender:remove-background: Added posterior object to checkpoint file.
cellbender:remove-background: 2026-02-01 17:50:59

cellbender:remove-background: Saved summary plots as /om/scratch/Mon/mabdel03/Tsai_Data/Cellbender_Outputs/21181988/processed_feature_bc_matrix.pdf
cellbender:remove-background: Saved cell barcodes in /om/scratch/Mon/mabdel03/Tsai_Data/Cellbender_Outputs/21181988/processed_feature_bc_matrix_cell_barcodes.csv
cellbender:remove-background: Computing target noise counts per gene for MCKP estimator
cellbender:remove-background: Using MCKP noise targets computed for FPR 0.0
cellbender:remove-background: Computing denoised counts using mckp estimator
cellbender:remove-background: Working on chunk (1/7)
cellbender:remove-background:     [0.09 mins per chunk]
cellbender:remove-background: Working on chunk (2/7)
cellbender:remove-background: Working on chunk (3/7)
cellbender:remove-background: Working on chunk (4/7)
cellbender:remove-background: Working on chunk (5/7)
cellbender:remove-background: Working on chunk (6/7)
cellbender:remove-background: Working on chunk (7/7)
cellbender:remove-background: 2026-02-01 17:51:38 Total MCKP estimation time = 36.63 sec
cellbender:remove-background: Succeeded in writing CellRanger format output to file /om/scratch/Mon/mabdel03/Tsai_Data/Cellbender_Outputs/21181988/processed_feature_bc_matrix.h5
cellbender:remove-background: Succeeded in writing CellRanger format output to file /om/scratch/Mon/mabdel03/Tsai_Data/Cellbender_Outputs/21181988/processed_feature_bc_matrix_filtered.h5
cellbender:remove-background: Saved output metrics as /om/scratch/Mon/mabdel03/Tsai_Data/Cellbender_Outputs/21181988/processed_feature_bc_matrix_metrics.csv
[NbConvertApp] Converting notebook tmp.report.ipynb to notebook
[NbConvertApp] Writing 392684 bytes to tmp.report.nbconvert.ipynb
[NbConvertApp] Converting notebook tmp.report.nbconvert.ipynb to html
[NbConvertApp] Writing 967371 bytes to tmp.report.nbconvert.html
cellbender:remove-background: Succeeded in writing report to /om/scratch/Mon/mabdel03/Tsai_Data/Cellbender_Outputs/21181988/processed_feature_bc_matrix_report.html
cellbender:remove-background: Completed remove-background.
cellbender:remove-background: 2026-02-01 17:51:58

