cellbender:remove-background: Command:
cellbender remove-background --cuda --input /tmp/cellbender_44651786_278/raw_feature_bc_matrix.h5 --fpr 0 --output /om/scratch/Mon/mabdel03/Tsai_Data/Cellbender_Outputs/50109639/processed_feature_bc_matrix.h5
cellbender:remove-background: CellBender 0.3.0
cellbender:remove-background: (Workflow hash 84bb1ec20d)
cellbender:remove-background: 2026-02-01 00:50:54
cellbender:remove-background: Running remove-background
cellbender:remove-background: Loading data from /tmp/cellbender_44651786_278/raw_feature_bc_matrix.h5
cellbender:remove-background: CellRanger v3 format
cellbender:remove-background: Features in dataset: 36601 Gene Expression
cellbender:remove-background: Trimming features for inference.
cellbender:remove-background: 32565 features have nonzero counts.
cellbender:remove-background: Prior on counts for cells is 8528
cellbender:remove-background: Prior on counts for empty droplets is 295
cellbender:remove-background: Excluding 9091 features that are estimated to have <= 0.1 background counts in cells.
cellbender:remove-background: Including 23474 features in the analysis.
cellbender:remove-background: Trimming barcodes for inference.
cellbender:remove-background: Excluding barcodes with counts below 147
cellbender:remove-background: Using 4814 probable cell barcodes, plus an additional 8841 barcodes, and 56969 empty droplets.
cellbender:remove-background: Largest surely-empty droplet has 379 UMI counts.
cellbender:remove-background: Attempting to unpack tarball "ckpt.tar.gz" to /tmp/tmpu2_ei9vt
cellbender:remove-background: No saved checkpoint.
cellbender:remove-background: No checkpoint loaded.
cellbender:remove-background: Running inference...
cellbender:remove-background: [epoch 001]  average training loss: 14576.7950
cellbender:remove-background: [epoch 002]  average training loss: 12225.3701  (4.8 seconds per epoch)
cellbender:remove-background: Will checkpoint every 87 epochs
cellbender:remove-background: [epoch 003]  average training loss: 10255.3053
cellbender:remove-background: [epoch 004]  average training loss: 9134.7283
cellbender:remove-background: [epoch 005]  average training loss: 8529.4765
cellbender:remove-background: [epoch 005] average test loss: 8233.4428
cellbender:remove-background: [epoch 006]  average training loss: 8118.6328
cellbender:remove-background: [epoch 007]  average training loss: 8081.4235
cellbender:remove-background: [epoch 008]  average training loss: 8014.5945
cellbender:remove-background: [epoch 009]  average training loss: 7958.0308
cellbender:remove-background: [epoch 010]  average training loss: 7940.9049
cellbender:remove-background: [epoch 010] average test loss: 7789.2876
cellbender:remove-background: [epoch 011]  average training loss: 7906.1813
cellbender:remove-background: [epoch 012]  average training loss: 7887.2681
cellbender:remove-background: [epoch 013]  average training loss: 7862.7033
cellbender:remove-background: [epoch 014]  average training loss: 7843.5624
cellbender:remove-background: [epoch 015]  average training loss: 7820.5067
cellbender:remove-background: [epoch 015] average test loss: 7766.2172
cellbender:remove-background: [epoch 016]  average training loss: 7721.0557
cellbender:remove-background: [epoch 017]  average training loss: 7595.7865
cellbender:remove-background: [epoch 018]  average training loss: 7574.7096
cellbender:remove-background: [epoch 019]  average training loss: 7533.7816
cellbender:remove-background: [epoch 020]  average training loss: 7543.2538
cellbender:remove-background: [epoch 020] average test loss: 7435.3608
cellbender:remove-background: [epoch 021]  average training loss: 7490.4115
cellbender:remove-background: [epoch 022]  average training loss: 7472.3343
cellbender:remove-background: [epoch 023]  average training loss: 7453.1095
cellbender:remove-background: [epoch 024]  average training loss: 7452.7741
cellbender:remove-background: [epoch 025]  average training loss: 7431.3663
cellbender:remove-background: [epoch 025] average test loss: 7360.7366
cellbender:remove-background: [epoch 026]  average training loss: 7426.9887
cellbender:remove-background: [epoch 027]  average training loss: 7418.4886
cellbender:remove-background: [epoch 028]  average training loss: 7390.6980
cellbender:remove-background: [epoch 029]  average training loss: 7382.3753
cellbender:remove-background: [epoch 030]  average training loss: 7369.1007
cellbender:remove-background: [epoch 030] average test loss: 7234.7702
cellbender:remove-background: [epoch 031]  average training loss: 7345.8234
cellbender:remove-background: [epoch 032]  average training loss: 7328.9880
cellbender:remove-background: [epoch 033]  average training loss: 7314.8714
cellbender:remove-background: [epoch 034]  average training loss: 7304.4703
cellbender:remove-background: [epoch 035]  average training loss: 7291.0066
cellbender:remove-background: [epoch 035] average test loss: 7164.5857
cellbender:remove-background: [epoch 036]  average training loss: 7280.4590
cellbender:remove-background: [epoch 037]  average training loss: 7271.7570
cellbender:remove-background: [epoch 038]  average training loss: 7266.0214
cellbender:remove-background: [epoch 039]  average training loss: 7258.4821
cellbender:remove-background: [epoch 040]  average training loss: 7250.7827
cellbender:remove-background: [epoch 040] average test loss: 7110.2705
cellbender:remove-background: [epoch 041]  average training loss: 7250.8015
cellbender:remove-background: [epoch 042]  average training loss: 7239.3903
cellbender:remove-background: [epoch 043]  average training loss: 7238.1952
cellbender:remove-background: [epoch 044]  average training loss: 7234.3554
cellbender:remove-background: [epoch 045]  average training loss: 7231.3580
cellbender:remove-background: [epoch 045] average test loss: 7103.1967
cellbender:remove-background: [epoch 046]  average training loss: 7220.1655
cellbender:remove-background: [epoch 047]  average training loss: 7215.1423
cellbender:remove-background: [epoch 048]  average training loss: 7211.1722
cellbender:remove-background: [epoch 049]  average training loss: 7214.1495
cellbender:remove-background: [epoch 050]  average training loss: 7215.5976
cellbender:remove-background: [epoch 050] average test loss: 7078.6206
cellbender:remove-background: [epoch 051]  average training loss: 7206.9605
cellbender:remove-background: [epoch 052]  average training loss: 7200.6630
cellbender:remove-background: [epoch 053]  average training loss: 7198.1431
cellbender:remove-background: [epoch 054]  average training loss: 7193.3463
cellbender:remove-background: [epoch 055]  average training loss: 7185.9945
cellbender:remove-background: [epoch 055] average test loss: 7058.9765
cellbender:remove-background: [epoch 056]  average training loss: 7189.2554
cellbender:remove-background: [epoch 057]  average training loss: 7178.8332
cellbender:remove-background: [epoch 058]  average training loss: 7181.4105
cellbender:remove-background: [epoch 059]  average training loss: 7172.2109
cellbender:remove-background: [epoch 060]  average training loss: 7169.8066
cellbender:remove-background: [epoch 060] average test loss: 7052.2842
cellbender:remove-background: [epoch 061]  average training loss: 7170.8853
cellbender:remove-background: [epoch 062]  average training loss: 7167.1689
cellbender:remove-background: [epoch 063]  average training loss: 7162.9727
cellbender:remove-background: [epoch 064]  average training loss: 7160.5904
cellbender:remove-background: [epoch 065]  average training loss: 7154.0709
cellbender:remove-background: [epoch 065] average test loss: 7040.4782
cellbender:remove-background: [epoch 066]  average training loss: 7152.4995
cellbender:remove-background: [epoch 067]  average training loss: 7150.3296
cellbender:remove-background: [epoch 068]  average training loss: 7146.9060
cellbender:remove-background: [epoch 069]  average training loss: 7142.0648
cellbender:remove-background: [epoch 070]  average training loss: 7134.3923
cellbender:remove-background: [epoch 070] average test loss: 7016.5056
cellbender:remove-background: [epoch 071]  average training loss: 7139.9039
cellbender:remove-background: [epoch 072]  average training loss: 7133.0712
cellbender:remove-background: [epoch 073]  average training loss: 7132.7244
cellbender:remove-background: [epoch 074]  average training loss: 7130.5187
cellbender:remove-background: [epoch 075]  average training loss: 7121.2634
cellbender:remove-background: [epoch 075] average test loss: 7017.1830
cellbender:remove-background: [epoch 076]  average training loss: 7124.5977
cellbender:remove-background: [epoch 077]  average training loss: 7125.2245
cellbender:remove-background: [epoch 078]  average training loss: 7125.0816
cellbender:remove-background: [epoch 079]  average training loss: 7121.1463
cellbender:remove-background: [epoch 080]  average training loss: 7120.1043
cellbender:remove-background: [epoch 080] average test loss: 7008.0034
cellbender:remove-background: [epoch 081]  average training loss: 7112.2016
cellbender:remove-background: [epoch 082]  average training loss: 7120.0231
cellbender:remove-background: [epoch 083]  average training loss: 7112.7386
cellbender:remove-background: [epoch 084]  average training loss: 7115.1336
cellbender:remove-background: [epoch 085]  average training loss: 7112.8846
cellbender:remove-background: [epoch 085] average test loss: 6997.3762
cellbender:remove-background: [epoch 086]  average training loss: 7106.2089
cellbender:remove-background: [epoch 087]  average training loss: 7109.5646
cellbender:remove-background: Saving a checkpoint...
cellbender:remove-background: Saved checkpoint as /weka/scratch/scratch/Mon/mabdel03/Tsai_Data/Cellbender_Outputs/50109639/ckpt.tar.gz
cellbender:remove-background: [epoch 088]  average training loss: 7113.5503
cellbender:remove-background: [epoch 089]  average training loss: 7106.3941
cellbender:remove-background: [epoch 090]  average training loss: 7106.9359
cellbender:remove-background: [epoch 090] average test loss: 7002.5223
cellbender:remove-background: [epoch 091]  average training loss: 7101.5087
cellbender:remove-background: [epoch 092]  average training loss: 7099.9098
cellbender:remove-background: [epoch 093]  average training loss: 7098.9713
cellbender:remove-background: [epoch 094]  average training loss: 7099.5938
cellbender:remove-background: [epoch 095]  average training loss: 7094.0962
cellbender:remove-background: [epoch 095] average test loss: 6978.6197
cellbender:remove-background: [epoch 096]  average training loss: 7096.2060
cellbender:remove-background: [epoch 097]  average training loss: 7091.8695
cellbender:remove-background: [epoch 098]  average training loss: 7087.7271
cellbender:remove-background: [epoch 099]  average training loss: 7086.3446
cellbender:remove-background: [epoch 100]  average training loss: 7084.4992
cellbender:remove-background: [epoch 100] average test loss: 6973.8754
cellbender:remove-background: [epoch 101]  average training loss: 7085.4722
cellbender:remove-background: [epoch 102]  average training loss: 7079.5935
cellbender:remove-background: [epoch 103]  average training loss: 7076.9090
cellbender:remove-background: [epoch 104]  average training loss: 7077.4051
cellbender:remove-background: [epoch 105]  average training loss: 7078.8145
cellbender:remove-background: [epoch 105] average test loss: 6958.9725
cellbender:remove-background: [epoch 106]  average training loss: 7077.0307
cellbender:remove-background: [epoch 107]  average training loss: 7071.9255
cellbender:remove-background: [epoch 108]  average training loss: 7070.1090
cellbender:remove-background: [epoch 109]  average training loss: 7073.7333
cellbender:remove-background: [epoch 110]  average training loss: 7067.7468
cellbender:remove-background: [epoch 110] average test loss: 6975.4119
cellbender:remove-background: [epoch 111]  average training loss: 7072.3585
cellbender:remove-background: [epoch 112]  average training loss: 7062.7719
cellbender:remove-background: [epoch 113]  average training loss: 7069.1542
cellbender:remove-background: [epoch 114]  average training loss: 7065.3596
cellbender:remove-background: [epoch 115]  average training loss: 7064.0516
cellbender:remove-background: [epoch 115] average test loss: 6968.5235
cellbender:remove-background: [epoch 116]  average training loss: 7063.1831
cellbender:remove-background: [epoch 117]  average training loss: 7063.0152
cellbender:remove-background: [epoch 118]  average training loss: 7062.6257
cellbender:remove-background: [epoch 119]  average training loss: 7060.1019
cellbender:remove-background: [epoch 120]  average training loss: 7057.5234
cellbender:remove-background: [epoch 120] average test loss: 6957.1763
cellbender:remove-background: [epoch 121]  average training loss: 7061.0282
cellbender:remove-background: [epoch 122]  average training loss: 7058.5127
cellbender:remove-background: [epoch 123]  average training loss: 7058.7727
cellbender:remove-background: [epoch 124]  average training loss: 7056.9110
cellbender:remove-background: [epoch 125]  average training loss: 7055.6490
cellbender:remove-background: [epoch 125] average test loss: 6959.5716
cellbender:remove-background: [epoch 126]  average training loss: 7053.4728
cellbender:remove-background: [epoch 127]  average training loss: 7054.4428
cellbender:remove-background: [epoch 128]  average training loss: 7054.4107
cellbender:remove-background: [epoch 129]  average training loss: 7059.6848
cellbender:remove-background: [epoch 130]  average training loss: 7052.0812
cellbender:remove-background: [epoch 130] average test loss: 6960.3620
cellbender:remove-background: [epoch 131]  average training loss: 7053.6554
cellbender:remove-background: [epoch 132]  average training loss: 7052.7381
cellbender:remove-background: [epoch 133]  average training loss: 7050.0893
cellbender:remove-background: [epoch 134]  average training loss: 7051.2183
cellbender:remove-background: [epoch 135]  average training loss: 7053.6873
cellbender:remove-background: [epoch 135] average test loss: 6954.7135
cellbender:remove-background: [epoch 136]  average training loss: 7049.4262
cellbender:remove-background: [epoch 137]  average training loss: 7050.1202
cellbender:remove-background: [epoch 138]  average training loss: 7049.6978
cellbender:remove-background: [epoch 139]  average training loss: 7050.8434
cellbender:remove-background: [epoch 140]  average training loss: 7046.2104
cellbender:remove-background: [epoch 140] average test loss: 6951.4732
cellbender:remove-background: [epoch 141]  average training loss: 7049.8393
cellbender:remove-background: [epoch 142]  average training loss: 7049.8240
cellbender:remove-background: [epoch 143]  average training loss: 7047.2669
cellbender:remove-background: [epoch 144]  average training loss: 7050.7291
cellbender:remove-background: [epoch 145]  average training loss: 7051.7709
cellbender:remove-background: [epoch 145] average test loss: 6950.9913
cellbender:remove-background: [epoch 146]  average training loss: 7047.1526
cellbender:remove-background: [epoch 147]  average training loss: 7046.8210
cellbender:remove-background: [epoch 148]  average training loss: 7046.3657
cellbender:remove-background: [epoch 149]  average training loss: 7046.4729
cellbender:remove-background: [epoch 150]  average training loss: 7048.4624
cellbender:remove-background: [epoch 150] average test loss: 6955.3495
cellbender:remove-background: Saving a checkpoint...
cellbender:remove-background: Saved checkpoint as /weka/scratch/scratch/Mon/mabdel03/Tsai_Data/Cellbender_Outputs/50109639/ckpt.tar.gz
cellbender:remove-background: 2026-02-01 01:05:32
cellbender:remove-background: Inference procedure complete.
cellbender:remove-background: Attempting to unpack tarball "ckpt.tar.gz" to /tmp/tmpzqdxye5k
cellbender:remove-background: Successfully unpacked tarball to /tmp/tmpzqdxye5k
/tmp/tmpzqdxye5k/84bb1ec20d_random.pyro
/tmp/tmpzqdxye5k/84bb1ec20d_random.cuda
/tmp/tmpzqdxye5k/84bb1ec20d_model.torch
/tmp/tmpzqdxye5k/84bb1ec20d_optim.torch
/tmp/tmpzqdxye5k/84bb1ec20d_optim.pyro
/tmp/tmpzqdxye5k/84bb1ec20d_params.pyro
/tmp/tmpzqdxye5k/84bb1ec20d_train.loaderstate
/tmp/tmpzqdxye5k/84bb1ec20d_test.loaderstate
/tmp/tmpzqdxye5k/84bb1ec20d_args.npy
cellbender:remove-background: Posterior not currently included in checkpoint.
cellbender:remove-background: Computing posterior noise count probabilities in mini-batches.
cellbender:remove-background: Working on chunk (1/84)
cellbender:remove-background:     [0.04 mins per chunk]
cellbender:remove-background: Working on chunk (2/84)
cellbender:remove-background: Working on chunk (3/84)
cellbender:remove-background: Working on chunk (4/84)
cellbender:remove-background: Working on chunk (5/84)
cellbender:remove-background: Working on chunk (6/84)
cellbender:remove-background: Working on chunk (7/84)
cellbender:remove-background: Working on chunk (8/84)
cellbender:remove-background: Working on chunk (9/84)
cellbender:remove-background: Working on chunk (10/84)
cellbender:remove-background: Working on chunk (11/84)
cellbender:remove-background: Working on chunk (12/84)
cellbender:remove-background: Working on chunk (13/84)
cellbender:remove-background: Working on chunk (14/84)
cellbender:remove-background: Working on chunk (15/84)
cellbender:remove-background: Working on chunk (16/84)
cellbender:remove-background: Working on chunk (17/84)
cellbender:remove-background: Working on chunk (18/84)
cellbender:remove-background: Working on chunk (19/84)
cellbender:remove-background: Working on chunk (20/84)
cellbender:remove-background: Working on chunk (21/84)
cellbender:remove-background: Working on chunk (22/84)
cellbender:remove-background: Working on chunk (23/84)
cellbender:remove-background: Working on chunk (24/84)
cellbender:remove-background: Working on chunk (25/84)
cellbender:remove-background: Working on chunk (26/84)
cellbender:remove-background: Working on chunk (27/84)
cellbender:remove-background: Working on chunk (28/84)
cellbender:remove-background: Working on chunk (29/84)
cellbender:remove-background: Working on chunk (30/84)
cellbender:remove-background: Working on chunk (31/84)
cellbender:remove-background: Working on chunk (32/84)
cellbender:remove-background: Working on chunk (33/84)
cellbender:remove-background: Working on chunk (34/84)
cellbender:remove-background: Working on chunk (35/84)
cellbender:remove-background: Working on chunk (36/84)
cellbender:remove-background: Working on chunk (37/84)
cellbender:remove-background: Working on chunk (38/84)
cellbender:remove-background: Working on chunk (39/84)
cellbender:remove-background: Working on chunk (40/84)
cellbender:remove-background: Working on chunk (41/84)
cellbender:remove-background: Working on chunk (42/84)
cellbender:remove-background: Working on chunk (43/84)
cellbender:remove-background: Working on chunk (44/84)
cellbender:remove-background: Working on chunk (45/84)
cellbender:remove-background: Working on chunk (46/84)
cellbender:remove-background: Working on chunk (47/84)
cellbender:remove-background: Working on chunk (48/84)
cellbender:remove-background: Working on chunk (49/84)
cellbender:remove-background: Working on chunk (50/84)
cellbender:remove-background: Working on chunk (51/84)
cellbender:remove-background: Working on chunk (52/84)
cellbender:remove-background: Working on chunk (53/84)
cellbender:remove-background: Working on chunk (54/84)
cellbender:remove-background: Working on chunk (55/84)
cellbender:remove-background: Working on chunk (56/84)
cellbender:remove-background: Working on chunk (57/84)
cellbender:remove-background: Working on chunk (58/84)
cellbender:remove-background: Working on chunk (59/84)
cellbender:remove-background: Working on chunk (60/84)
cellbender:remove-background: Working on chunk (61/84)
cellbender:remove-background: Working on chunk (62/84)
cellbender:remove-background: Working on chunk (63/84)
cellbender:remove-background: Working on chunk (64/84)
cellbender:remove-background: Working on chunk (65/84)
cellbender:remove-background: Working on chunk (66/84)
cellbender:remove-background: Working on chunk (67/84)
cellbender:remove-background: Working on chunk (68/84)
cellbender:remove-background: Working on chunk (69/84)
cellbender:remove-background: Working on chunk (70/84)
cellbender:remove-background: Working on chunk (71/84)
cellbender:remove-background: Working on chunk (72/84)
cellbender:remove-background: Working on chunk (73/84)
cellbender:remove-background: Working on chunk (74/84)
cellbender:remove-background: Working on chunk (75/84)
cellbender:remove-background: Working on chunk (76/84)
cellbender:remove-background: Working on chunk (77/84)
cellbender:remove-background: Working on chunk (78/84)
cellbender:remove-background: Working on chunk (79/84)
cellbender:remove-background: Working on chunk (80/84)
cellbender:remove-background: Working on chunk (81/84)
cellbender:remove-background: Working on chunk (82/84)
cellbender:remove-background: Working on chunk (83/84)
cellbender:remove-background: Working on chunk (84/84)
cellbender:remove-background: Writing full posterior to /om/scratch/Mon/mabdel03/Tsai_Data/Cellbender_Outputs/50109639/processed_feature_bc_matrix_posterior.h5
cellbender:remove-background: Succeeded in writing posterior to file /om/scratch/Mon/mabdel03/Tsai_Data/Cellbender_Outputs/50109639/processed_feature_bc_matrix_posterior.h5
cellbender:remove-background: Added posterior object to checkpoint file.
cellbender:remove-background: 2026-02-01 01:12:15

cellbender:remove-background: Saved summary plots as /om/scratch/Mon/mabdel03/Tsai_Data/Cellbender_Outputs/50109639/processed_feature_bc_matrix.pdf
cellbender:remove-background: Saved cell barcodes in /om/scratch/Mon/mabdel03/Tsai_Data/Cellbender_Outputs/50109639/processed_feature_bc_matrix_cell_barcodes.csv
cellbender:remove-background: Computing target noise counts per gene for MCKP estimator
cellbender:remove-background: Using MCKP noise targets computed for FPR 0.0
cellbender:remove-background: Computing denoised counts using mckp estimator
cellbender:remove-background: Working on chunk (1/7)
cellbender:remove-background:     [3.35 mins per chunk]
cellbender:remove-background: Working on chunk (2/7)
cellbender:remove-background: Working on chunk (3/7)
cellbender:remove-background: Working on chunk (4/7)
cellbender:remove-background: Working on chunk (5/7)
cellbender:remove-background: Working on chunk (6/7)
cellbender:remove-background: Working on chunk (7/7)
cellbender:remove-background: 2026-02-01 01:36:49 Total MCKP estimation time = 1400.06 sec
cellbender:remove-background: Succeeded in writing CellRanger format output to file /om/scratch/Mon/mabdel03/Tsai_Data/Cellbender_Outputs/50109639/processed_feature_bc_matrix.h5
cellbender:remove-background: Succeeded in writing CellRanger format output to file /om/scratch/Mon/mabdel03/Tsai_Data/Cellbender_Outputs/50109639/processed_feature_bc_matrix_filtered.h5
cellbender:remove-background: Saved output metrics as /om/scratch/Mon/mabdel03/Tsai_Data/Cellbender_Outputs/50109639/processed_feature_bc_matrix_metrics.csv
[NbConvertApp] Converting notebook tmp.report.ipynb to notebook
[NbConvertApp] Writing 522291 bytes to tmp.report.nbconvert.ipynb
[NbConvertApp] Converting notebook tmp.report.nbconvert.ipynb to html
[NbConvertApp] Writing 1096978 bytes to tmp.report.nbconvert.html
cellbender:remove-background: Succeeded in writing report to /om/scratch/Mon/mabdel03/Tsai_Data/Cellbender_Outputs/50109639/processed_feature_bc_matrix_report.html
cellbender:remove-background: Completed remove-background.
cellbender:remove-background: 2026-02-01 01:37:53

