cellbender:remove-background: Command:
cellbender remove-background --cuda --input /tmp/cellbender_44649019_71/raw_feature_bc_matrix.h5 --fpr 0 --output /om/scratch/Mon/mabdel03/Tsai_Data/Cellbender_Outputs/11612505/processed_feature_bc_matrix.h5
cellbender:remove-background: CellBender 0.3.0
cellbender:remove-background: (Workflow hash ba74ff4803)
cellbender:remove-background: 2026-01-31 18:24:22
cellbender:remove-background: Running remove-background
cellbender:remove-background: Loading data from /tmp/cellbender_44649019_71/raw_feature_bc_matrix.h5
cellbender:remove-background: CellRanger v3 format
cellbender:remove-background: Features in dataset: 36601 Gene Expression
cellbender:remove-background: Trimming features for inference.
cellbender:remove-background: 32167 features have nonzero counts.
cellbender:remove-background: Prior on counts for cells is 8807
cellbender:remove-background: Prior on counts for empty droplets is 120
cellbender:remove-background: Excluding 9468 features that are estimated to have <= 0.1 background counts in cells.
cellbender:remove-background: Including 22699 features in the analysis.
cellbender:remove-background: Trimming barcodes for inference.
cellbender:remove-background: Excluding barcodes with counts below 60
cellbender:remove-background: Using 3207 probable cell barcodes, plus an additional 10938 barcodes, and 79275 empty droplets.
cellbender:remove-background: Largest surely-empty droplet has 146 UMI counts.
cellbender:remove-background: Attempting to unpack tarball "ckpt.tar.gz" to /tmp/tmp3h700m6y
cellbender:remove-background: No saved checkpoint.
cellbender:remove-background: No checkpoint loaded.
cellbender:remove-background: Running inference...
cellbender:remove-background: [epoch 001]  average training loss: 11097.2136
cellbender:remove-background: [epoch 002]  average training loss: 8746.2389  (4.4 seconds per epoch)
cellbender:remove-background: Will checkpoint every 97 epochs
cellbender:remove-background: [epoch 003]  average training loss: 7182.8582
cellbender:remove-background: [epoch 004]  average training loss: 6496.3661
cellbender:remove-background: [epoch 005]  average training loss: 6021.4392
cellbender:remove-background: [epoch 005] average test loss: 5786.6466
cellbender:remove-background: [epoch 006]  average training loss: 5726.0052
cellbender:remove-background: [epoch 007]  average training loss: 5754.0643
cellbender:remove-background: [epoch 008]  average training loss: 5683.7386
cellbender:remove-background: [epoch 009]  average training loss: 5607.6363
cellbender:remove-background: [epoch 010]  average training loss: 5661.8842
cellbender:remove-background: [epoch 010] average test loss: 5417.0814
cellbender:remove-background: [epoch 011]  average training loss: 5556.6153
cellbender:remove-background: [epoch 012]  average training loss: 5481.9742
cellbender:remove-background: [epoch 013]  average training loss: 5302.3352
cellbender:remove-background: [epoch 014]  average training loss: 5264.6315
cellbender:remove-background: [epoch 015]  average training loss: 5273.8720
cellbender:remove-background: [epoch 015] average test loss: 5119.0308
cellbender:remove-background: [epoch 016]  average training loss: 5235.4866
cellbender:remove-background: [epoch 017]  average training loss: 5229.7286
cellbender:remove-background: [epoch 018]  average training loss: 5200.1456
cellbender:remove-background: [epoch 019]  average training loss: 5215.0618
cellbender:remove-background: [epoch 020]  average training loss: 5179.0705
cellbender:remove-background: [epoch 020] average test loss: 5028.0535
cellbender:remove-background: [epoch 021]  average training loss: 5166.7116
cellbender:remove-background: [epoch 022]  average training loss: 5141.8494
cellbender:remove-background: [epoch 023]  average training loss: 5115.8104
cellbender:remove-background: [epoch 024]  average training loss: 5075.9701
cellbender:remove-background: [epoch 025]  average training loss: 5034.8597
cellbender:remove-background: [epoch 025] average test loss: 4858.9438
cellbender:remove-background: [epoch 026]  average training loss: 5000.4749
cellbender:remove-background: [epoch 027]  average training loss: 4976.2841
cellbender:remove-background: [epoch 028]  average training loss: 4971.0043
cellbender:remove-background: [epoch 029]  average training loss: 4961.6903
cellbender:remove-background: [epoch 030]  average training loss: 4957.5069
cellbender:remove-background: [epoch 030] average test loss: 4822.4038
cellbender:remove-background: [epoch 031]  average training loss: 4954.5781
cellbender:remove-background: [epoch 032]  average training loss: 4944.1763
cellbender:remove-background: [epoch 033]  average training loss: 4941.1361
cellbender:remove-background: [epoch 034]  average training loss: 4934.0897
cellbender:remove-background: [epoch 035]  average training loss: 4934.6863
cellbender:remove-background: [epoch 035] average test loss: 4781.1390
cellbender:remove-background: [epoch 036]  average training loss: 4926.4526
cellbender:remove-background: [epoch 037]  average training loss: 4926.4048
cellbender:remove-background: [epoch 038]  average training loss: 4918.8258
cellbender:remove-background: [epoch 039]  average training loss: 4913.3897
cellbender:remove-background: [epoch 040]  average training loss: 4912.0402
cellbender:remove-background: [epoch 040] average test loss: 4764.7462
cellbender:remove-background: [epoch 041]  average training loss: 4910.3620
cellbender:remove-background: [epoch 042]  average training loss: 4902.0088
cellbender:remove-background: [epoch 043]  average training loss: 4898.1684
cellbender:remove-background: [epoch 044]  average training loss: 4892.6740
cellbender:remove-background: [epoch 045]  average training loss: 4888.9141
cellbender:remove-background: [epoch 045] average test loss: 4744.4746
cellbender:remove-background: [epoch 046]  average training loss: 4880.0967
cellbender:remove-background: [epoch 047]  average training loss: 4879.6346
cellbender:remove-background: [epoch 048]  average training loss: 4872.6631
cellbender:remove-background: [epoch 049]  average training loss: 4867.3070
cellbender:remove-background: [epoch 050]  average training loss: 4864.5161
cellbender:remove-background: [epoch 050] average test loss: 4727.8628
cellbender:remove-background: [epoch 051]  average training loss: 4862.3653
cellbender:remove-background: [epoch 052]  average training loss: 4854.7279
cellbender:remove-background: [epoch 053]  average training loss: 4853.3157
cellbender:remove-background: [epoch 054]  average training loss: 4847.1099
cellbender:remove-background: [epoch 055]  average training loss: 4844.0975
cellbender:remove-background: [epoch 055] average test loss: 4724.1819
cellbender:remove-background: [epoch 056]  average training loss: 4842.7907
cellbender:remove-background: [epoch 057]  average training loss: 4840.2697
cellbender:remove-background: [epoch 058]  average training loss: 4835.5608
cellbender:remove-background: [epoch 059]  average training loss: 4832.9202
cellbender:remove-background: [epoch 060]  average training loss: 4828.0631
cellbender:remove-background: [epoch 060] average test loss: 4701.7616
cellbender:remove-background: [epoch 061]  average training loss: 4826.8366
cellbender:remove-background: [epoch 062]  average training loss: 4826.2298
cellbender:remove-background: [epoch 063]  average training loss: 4822.4413
cellbender:remove-background: [epoch 064]  average training loss: 4820.9745
cellbender:remove-background: [epoch 065]  average training loss: 4816.8497
cellbender:remove-background: [epoch 065] average test loss: 4699.6650
cellbender:remove-background: [epoch 066]  average training loss: 4814.3798
cellbender:remove-background: [epoch 067]  average training loss: 4815.9643
cellbender:remove-background: [epoch 068]  average training loss: 4812.3689
cellbender:remove-background: [epoch 069]  average training loss: 4812.0463
cellbender:remove-background: [epoch 070]  average training loss: 4810.0330
cellbender:remove-background: [epoch 070] average test loss: 4685.6683
cellbender:remove-background: [epoch 071]  average training loss: 4808.7954
cellbender:remove-background: [epoch 072]  average training loss: 4808.7677
cellbender:remove-background: [epoch 073]  average training loss: 4808.0113
cellbender:remove-background: [epoch 074]  average training loss: 4808.3695
cellbender:remove-background: [epoch 075]  average training loss: 4803.3219
cellbender:remove-background: [epoch 075] average test loss: 4692.5190
cellbender:remove-background: [epoch 076]  average training loss: 4804.6456
cellbender:remove-background: [epoch 077]  average training loss: 4803.0421
cellbender:remove-background: [epoch 078]  average training loss: 4799.1517
cellbender:remove-background: [epoch 079]  average training loss: 4802.4687
cellbender:remove-background: [epoch 080]  average training loss: 4802.9802
cellbender:remove-background: [epoch 080] average test loss: 4678.7724
cellbender:remove-background: [epoch 081]  average training loss: 4801.0373
cellbender:remove-background: [epoch 082]  average training loss: 4800.7054
cellbender:remove-background: [epoch 083]  average training loss: 4800.5872
cellbender:remove-background: [epoch 084]  average training loss: 4798.3018
cellbender:remove-background: [epoch 085]  average training loss: 4796.6488
cellbender:remove-background: [epoch 085] average test loss: 4690.8417
cellbender:remove-background: [epoch 086]  average training loss: 4796.7748
cellbender:remove-background: [epoch 087]  average training loss: 4800.4692
cellbender:remove-background: [epoch 088]  average training loss: 4797.6590
cellbender:remove-background: [epoch 089]  average training loss: 4793.5450
cellbender:remove-background: [epoch 090]  average training loss: 4797.5123
cellbender:remove-background: [epoch 090] average test loss: 4691.9927
cellbender:remove-background: [epoch 091]  average training loss: 4794.7535
cellbender:remove-background: [epoch 092]  average training loss: 4799.5735
cellbender:remove-background: [epoch 093]  average training loss: 4796.6844
cellbender:remove-background: [epoch 094]  average training loss: 4794.8727
cellbender:remove-background: [epoch 095]  average training loss: 4793.9403
cellbender:remove-background: [epoch 095] average test loss: 4682.8541
cellbender:remove-background: [epoch 096]  average training loss: 4799.6025
cellbender:remove-background: [epoch 097]  average training loss: 4798.9517
cellbender:remove-background: Saving a checkpoint...
cellbender:remove-background: Saved checkpoint as /weka/scratch/scratch/Mon/mabdel03/Tsai_Data/Cellbender_Outputs/11612505/ckpt.tar.gz
cellbender:remove-background: [epoch 098]  average training loss: 4793.1240
cellbender:remove-background: [epoch 099]  average training loss: 4799.0601
cellbender:remove-background: [epoch 100]  average training loss: 4800.6458
cellbender:remove-background: [epoch 100] average test loss: 4688.0138
cellbender:remove-background: [epoch 101]  average training loss: 4790.8984
cellbender:remove-background: [epoch 102]  average training loss: 4794.4188
cellbender:remove-background: [epoch 103]  average training loss: 4792.6420
cellbender:remove-background: [epoch 104]  average training loss: 4792.6510
cellbender:remove-background: [epoch 105]  average training loss: 4794.7602
cellbender:remove-background: [epoch 105] average test loss: 4713.5855
cellbender:remove-background: [epoch 106]  average training loss: 4793.1379
cellbender:remove-background: [epoch 107]  average training loss: 4796.7820
cellbender:remove-background: [epoch 108]  average training loss: 4792.0980
cellbender:remove-background: [epoch 109]  average training loss: 4793.4352
cellbender:remove-background: [epoch 110]  average training loss: 4794.9373
cellbender:remove-background: [epoch 110] average test loss: 4700.6953
cellbender:remove-background: [epoch 111]  average training loss: 4792.9630
cellbender:remove-background: [epoch 112]  average training loss: 4796.1540
cellbender:remove-background: [epoch 113]  average training loss: 4792.4473
cellbender:remove-background: [epoch 114]  average training loss: 4790.0789
cellbender:remove-background: [epoch 115]  average training loss: 4797.0576
cellbender:remove-background: [epoch 115] average test loss: 4689.1379
cellbender:remove-background: [epoch 116]  average training loss: 4789.6871
cellbender:remove-background: [epoch 117]  average training loss: 4790.0428
cellbender:remove-background: [epoch 118]  average training loss: 4791.0106
cellbender:remove-background: [epoch 119]  average training loss: 4789.5841
cellbender:remove-background: [epoch 120]  average training loss: 4789.0145
cellbender:remove-background: [epoch 120] average test loss: 4697.5978
cellbender:remove-background: [epoch 121]  average training loss: 4787.0788
cellbender:remove-background: [epoch 122]  average training loss: 4787.2673
cellbender:remove-background: [epoch 123]  average training loss: 4790.2978
cellbender:remove-background: [epoch 124]  average training loss: 4787.8531
cellbender:remove-background: [epoch 125]  average training loss: 4784.7046
cellbender:remove-background: [epoch 125] average test loss: 4700.5521
cellbender:remove-background: [epoch 126]  average training loss: 4789.7354
cellbender:remove-background: [epoch 127]  average training loss: 4786.0890
cellbender:remove-background: [epoch 128]  average training loss: 4786.4112
cellbender:remove-background: [epoch 129]  average training loss: 4787.2680
cellbender:remove-background: [epoch 130]  average training loss: 4791.5483
cellbender:remove-background: [epoch 130] average test loss: 4693.3722
cellbender:remove-background: [epoch 131]  average training loss: 4783.9733
cellbender:remove-background: [epoch 132]  average training loss: 4794.1958
cellbender:remove-background: [epoch 133]  average training loss: 4790.4819
cellbender:remove-background: [epoch 134]  average training loss: 4788.1661
cellbender:remove-background: [epoch 135]  average training loss: 4790.7875
cellbender:remove-background: [epoch 135] average test loss: 4697.6336
cellbender:remove-background: [epoch 136]  average training loss: 4784.5290
cellbender:remove-background: [epoch 137]  average training loss: 4790.8117
cellbender:remove-background: [epoch 138]  average training loss: 4790.8685
cellbender:remove-background: [epoch 139]  average training loss: 4788.2973
cellbender:remove-background: [epoch 140]  average training loss: 4788.9383
cellbender:remove-background: [epoch 140] average test loss: 4693.0422
cellbender:remove-background: [epoch 141]  average training loss: 4783.1141
cellbender:remove-background: [epoch 142]  average training loss: 4789.2938
cellbender:remove-background: [epoch 143]  average training loss: 4786.9115
cellbender:remove-background: [epoch 144]  average training loss: 4784.0769
cellbender:remove-background: [epoch 145]  average training loss: 4786.3517
cellbender:remove-background: [epoch 145] average test loss: 4694.4962
cellbender:remove-background: [epoch 146]  average training loss: 4785.5884
cellbender:remove-background: [epoch 147]  average training loss: 4784.9322
cellbender:remove-background: [epoch 148]  average training loss: 4784.5918
cellbender:remove-background: [epoch 149]  average training loss: 4786.2000
cellbender:remove-background: [epoch 150]  average training loss: 4785.3662
cellbender:remove-background: [epoch 150] average test loss: 4701.3048
cellbender:remove-background: Saving a checkpoint...
cellbender:remove-background: Saved checkpoint as /weka/scratch/scratch/Mon/mabdel03/Tsai_Data/Cellbender_Outputs/11612505/ckpt.tar.gz
cellbender:remove-background: 2026-01-31 18:37:38
cellbender:remove-background: Inference procedure complete.
cellbender:remove-background: Attempting to unpack tarball "ckpt.tar.gz" to /tmp/tmpajmi8my9
cellbender:remove-background: Successfully unpacked tarball to /tmp/tmpajmi8my9
/tmp/tmpajmi8my9/ba74ff4803_random.pyro
/tmp/tmpajmi8my9/ba74ff4803_random.cuda
/tmp/tmpajmi8my9/ba74ff4803_model.torch
/tmp/tmpajmi8my9/ba74ff4803_optim.torch
/tmp/tmpajmi8my9/ba74ff4803_optim.pyro
/tmp/tmpajmi8my9/ba74ff4803_params.pyro
/tmp/tmpajmi8my9/ba74ff4803_train.loaderstate
/tmp/tmpajmi8my9/ba74ff4803_test.loaderstate
/tmp/tmpajmi8my9/ba74ff4803_args.npy
cellbender:remove-background: Posterior not currently included in checkpoint.
cellbender:remove-background: Computing posterior noise count probabilities in mini-batches.
cellbender:remove-background: Working on chunk (1/56)
cellbender:remove-background:     [0.04 mins per chunk]
cellbender:remove-background: Working on chunk (2/56)
cellbender:remove-background: Working on chunk (3/56)
cellbender:remove-background: Working on chunk (4/56)
cellbender:remove-background: Working on chunk (5/56)
cellbender:remove-background: Working on chunk (6/56)
cellbender:remove-background: Working on chunk (7/56)
cellbender:remove-background: Working on chunk (8/56)
cellbender:remove-background: Working on chunk (9/56)
cellbender:remove-background: Working on chunk (10/56)
cellbender:remove-background: Working on chunk (11/56)
cellbender:remove-background: Working on chunk (12/56)
cellbender:remove-background: Working on chunk (13/56)
cellbender:remove-background: Working on chunk (14/56)
cellbender:remove-background: Working on chunk (15/56)
cellbender:remove-background: Working on chunk (16/56)
cellbender:remove-background: Working on chunk (17/56)
cellbender:remove-background: Working on chunk (18/56)
cellbender:remove-background: Working on chunk (19/56)
cellbender:remove-background: Working on chunk (20/56)
cellbender:remove-background: Working on chunk (21/56)
cellbender:remove-background: Working on chunk (22/56)
cellbender:remove-background: Working on chunk (23/56)
cellbender:remove-background: Working on chunk (24/56)
cellbender:remove-background: Working on chunk (25/56)
cellbender:remove-background: Working on chunk (26/56)
cellbender:remove-background: Working on chunk (27/56)
cellbender:remove-background: Working on chunk (28/56)
cellbender:remove-background: Working on chunk (29/56)
cellbender:remove-background: Working on chunk (30/56)
cellbender:remove-background: Working on chunk (31/56)
cellbender:remove-background: Working on chunk (32/56)
cellbender:remove-background: Working on chunk (33/56)
cellbender:remove-background: Working on chunk (34/56)
cellbender:remove-background: Working on chunk (35/56)
cellbender:remove-background: Working on chunk (36/56)
cellbender:remove-background: Working on chunk (37/56)
cellbender:remove-background: Working on chunk (38/56)
cellbender:remove-background: Working on chunk (39/56)
cellbender:remove-background: Working on chunk (40/56)
cellbender:remove-background: Working on chunk (41/56)
cellbender:remove-background: Working on chunk (42/56)
cellbender:remove-background: Working on chunk (43/56)
cellbender:remove-background: Working on chunk (44/56)
cellbender:remove-background: Working on chunk (45/56)
cellbender:remove-background: Working on chunk (46/56)
cellbender:remove-background: Working on chunk (47/56)
cellbender:remove-background: Working on chunk (48/56)
cellbender:remove-background: Working on chunk (49/56)
cellbender:remove-background: Working on chunk (50/56)
cellbender:remove-background: Working on chunk (51/56)
cellbender:remove-background: Working on chunk (52/56)
cellbender:remove-background: Working on chunk (53/56)
cellbender:remove-background: Working on chunk (54/56)
cellbender:remove-background: Working on chunk (55/56)
cellbender:remove-background: Working on chunk (56/56)
cellbender:remove-background: Writing full posterior to /om/scratch/Mon/mabdel03/Tsai_Data/Cellbender_Outputs/11612505/processed_feature_bc_matrix_posterior.h5
cellbender:remove-background: Succeeded in writing posterior to file /om/scratch/Mon/mabdel03/Tsai_Data/Cellbender_Outputs/11612505/processed_feature_bc_matrix_posterior.h5
cellbender:remove-background: Added posterior object to checkpoint file.
cellbender:remove-background: 2026-01-31 18:42:22

cellbender:remove-background: Saved summary plots as /om/scratch/Mon/mabdel03/Tsai_Data/Cellbender_Outputs/11612505/processed_feature_bc_matrix.pdf
cellbender:remove-background: Saved cell barcodes in /om/scratch/Mon/mabdel03/Tsai_Data/Cellbender_Outputs/11612505/processed_feature_bc_matrix_cell_barcodes.csv
cellbender:remove-background: Computing target noise counts per gene for MCKP estimator
cellbender:remove-background: Using MCKP noise targets computed for FPR 0.0
cellbender:remove-background: Computing denoised counts using mckp estimator
cellbender:remove-background: Working on chunk (1/7)
cellbender:remove-background:     [2.14 mins per chunk]
cellbender:remove-background: Working on chunk (2/7)
cellbender:remove-background: Working on chunk (3/7)
cellbender:remove-background: Working on chunk (4/7)
cellbender:remove-background: Working on chunk (5/7)
cellbender:remove-background: Working on chunk (6/7)
cellbender:remove-background: Working on chunk (7/7)
cellbender:remove-background: 2026-01-31 18:58:02 Total MCKP estimation time = 894.88 sec
cellbender:remove-background: Succeeded in writing CellRanger format output to file /om/scratch/Mon/mabdel03/Tsai_Data/Cellbender_Outputs/11612505/processed_feature_bc_matrix.h5
cellbender:remove-background: Succeeded in writing CellRanger format output to file /om/scratch/Mon/mabdel03/Tsai_Data/Cellbender_Outputs/11612505/processed_feature_bc_matrix_filtered.h5
cellbender:remove-background: Saved output metrics as /om/scratch/Mon/mabdel03/Tsai_Data/Cellbender_Outputs/11612505/processed_feature_bc_matrix_metrics.csv
[NbConvertApp] Converting notebook tmp.report.ipynb to notebook
[NbConvertApp] Writing 525344 bytes to tmp.report.nbconvert.ipynb
[NbConvertApp] Converting notebook tmp.report.nbconvert.ipynb to html
[NbConvertApp] Writing 1100031 bytes to tmp.report.nbconvert.html
cellbender:remove-background: Succeeded in writing report to /om/scratch/Mon/mabdel03/Tsai_Data/Cellbender_Outputs/11612505/processed_feature_bc_matrix_report.html
cellbender:remove-background: Completed remove-background.
cellbender:remove-background: 2026-01-31 18:58:47

