cellbender:remove-background: Command:
cellbender remove-background --cuda --input /tmp/cellbender_44656398_4/raw_feature_bc_matrix.h5 --fpr 0 --output /tmp/cellbender_44656398_4/processed_feature_bc_matrix.h5
cellbender:remove-background: CellBender 0.3.0
cellbender:remove-background: (Workflow hash b1a363c432)
cellbender:remove-background: 2026-02-01 13:17:20
cellbender:remove-background: Running remove-background
cellbender:remove-background: Loading data from /tmp/cellbender_44656398_4/raw_feature_bc_matrix.h5
cellbender:remove-background: CellRanger v3 format
cellbender:remove-background: Features in dataset: 36601 Gene Expression
cellbender:remove-background: Trimming features for inference.
cellbender:remove-background: 23707 features have nonzero counts.
cellbender:remove-background: Prior on counts for cells is 1198
cellbender:remove-background: Prior on counts for empty droplets is 89
cellbender:remove-background: Excluding 4508 features that are estimated to have <= 0.1 background counts in cells.
cellbender:remove-background: Including 19199 features in the analysis.
cellbender:remove-background: Trimming barcodes for inference.
cellbender:remove-background: Excluding barcodes with counts below 44
cellbender:remove-background: Using 723 probable cell barcodes, plus an additional 2862 barcodes, and 25421 empty droplets.
cellbender:remove-background: Largest surely-empty droplet has 120 UMI counts.
cellbender:remove-background: Attempting to unpack tarball "ckpt.tar.gz" to /tmp/tmpdsk3xq5o
cellbender:remove-background: No saved checkpoint.
cellbender:remove-background: No checkpoint loaded.
cellbender:remove-background: Running inference...
cellbender:remove-background: [epoch 001]  average training loss: 1911.5912
cellbender:remove-background: [epoch 002]  average training loss: 1854.8992  (1.6 seconds per epoch)
cellbender:remove-background: Will not checkpoint due to projected run completion in under 7.0 min
cellbender:remove-background: [epoch 003]  average training loss: 1820.5020
cellbender:remove-background: [epoch 004]  average training loss: 1792.8837
cellbender:remove-background: [epoch 005]  average training loss: 1767.5408
cellbender:remove-background: [epoch 005] average test loss: 1920.4319
cellbender:remove-background: [epoch 006]  average training loss: 1748.6161
cellbender:remove-background: [epoch 007]  average training loss: 1719.0327
cellbender:remove-background: [epoch 008]  average training loss: 1691.0062
cellbender:remove-background: [epoch 009]  average training loss: 1644.8355
cellbender:remove-background: [epoch 010]  average training loss: 1614.3318
cellbender:remove-background: [epoch 010] average test loss: 1790.8108
cellbender:remove-background: [epoch 011]  average training loss: 1584.2408
cellbender:remove-background: [epoch 012]  average training loss: 1522.5851
cellbender:remove-background: [epoch 013]  average training loss: 1429.1436
cellbender:remove-background: [epoch 014]  average training loss: 1399.6372
cellbender:remove-background: [epoch 015]  average training loss: 1354.9161
cellbender:remove-background: [epoch 015] average test loss: 1454.7114
cellbender:remove-background: [epoch 016]  average training loss: 1344.8124
cellbender:remove-background: [epoch 017]  average training loss: 1347.6196
cellbender:remove-background: [epoch 018]  average training loss: 1335.5087
cellbender:remove-background: [epoch 019]  average training loss: 1334.3677
cellbender:remove-background: [epoch 020]  average training loss: 1334.2764
cellbender:remove-background: [epoch 020] average test loss: 1369.5416
cellbender:remove-background: [epoch 021]  average training loss: 1326.7610
cellbender:remove-background: [epoch 022]  average training loss: 1335.0075
cellbender:remove-background: [epoch 023]  average training loss: 1324.2292
cellbender:remove-background: [epoch 024]  average training loss: 1324.0589
cellbender:remove-background: [epoch 025]  average training loss: 1308.1043
cellbender:remove-background: [epoch 025] average test loss: 1360.3823
cellbender:remove-background: [epoch 026]  average training loss: 1304.8965
cellbender:remove-background: [epoch 027]  average training loss: 1293.6287
cellbender:remove-background: [epoch 028]  average training loss: 1292.5286
cellbender:remove-background: [epoch 029]  average training loss: 1289.2628
cellbender:remove-background: [epoch 030]  average training loss: 1290.1442
cellbender:remove-background: [epoch 030] average test loss: 1314.9057
cellbender:remove-background: [epoch 031]  average training loss: 1281.2357
cellbender:remove-background: [epoch 032]  average training loss: 1282.1201
cellbender:remove-background: [epoch 033]  average training loss: 1282.4397
cellbender:remove-background: [epoch 034]  average training loss: 1282.6002
cellbender:remove-background: [epoch 035]  average training loss: 1282.6848
cellbender:remove-background: [epoch 035] average test loss: 1305.4783
cellbender:remove-background: [epoch 036]  average training loss: 1284.2187
cellbender:remove-background: [epoch 037]  average training loss: 1279.3630
cellbender:remove-background: [epoch 038]  average training loss: 1280.7645
cellbender:remove-background: [epoch 039]  average training loss: 1282.3951
cellbender:remove-background: [epoch 040]  average training loss: 1282.9007
cellbender:remove-background: [epoch 040] average test loss: 1305.7122
cellbender:remove-background: [epoch 041]  average training loss: 1274.7002
cellbender:remove-background: [epoch 042]  average training loss: 1279.4203
cellbender:remove-background: [epoch 043]  average training loss: 1280.9219
cellbender:remove-background: [epoch 044]  average training loss: 1277.2778
cellbender:remove-background: [epoch 045]  average training loss: 1277.6988
cellbender:remove-background: [epoch 045] average test loss: 1312.2920
cellbender:remove-background: [epoch 046]  average training loss: 1276.8130
cellbender:remove-background: [epoch 047]  average training loss: 1273.9422
cellbender:remove-background: [epoch 048]  average training loss: 1274.6834
cellbender:remove-background: [epoch 049]  average training loss: 1275.0941
cellbender:remove-background: [epoch 050]  average training loss: 1271.1727
cellbender:remove-background: [epoch 050] average test loss: 1314.3576
cellbender:remove-background: [epoch 051]  average training loss: 1274.9302
cellbender:remove-background: [epoch 052]  average training loss: 1273.8672
cellbender:remove-background: [epoch 053]  average training loss: 1274.8436
cellbender:remove-background: [epoch 054]  average training loss: 1273.3758
cellbender:remove-background: [epoch 055]  average training loss: 1276.1483
cellbender:remove-background: [epoch 055] average test loss: 1306.3983
cellbender:remove-background: [epoch 056]  average training loss: 1270.2716
cellbender:remove-background: [epoch 057]  average training loss: 1273.5085
cellbender:remove-background: [epoch 058]  average training loss: 1273.6800
cellbender:remove-background: [epoch 059]  average training loss: 1273.7551
cellbender:remove-background: [epoch 060]  average training loss: 1270.4475
cellbender:remove-background: [epoch 060] average test loss: 1304.5160
cellbender:remove-background: [epoch 061]  average training loss: 1267.8317
cellbender:remove-background: [epoch 062]  average training loss: 1273.5030
cellbender:remove-background: [epoch 063]  average training loss: 1270.9494
cellbender:remove-background: [epoch 064]  average training loss: 1272.1542
cellbender:remove-background: [epoch 065]  average training loss: 1266.2964
cellbender:remove-background: [epoch 065] average test loss: 1296.8677
cellbender:remove-background: [epoch 066]  average training loss: 1271.1564
cellbender:remove-background: [epoch 067]  average training loss: 1272.7134
cellbender:remove-background: [epoch 068]  average training loss: 1264.6021
cellbender:remove-background: [epoch 069]  average training loss: 1268.9212
cellbender:remove-background: [epoch 070]  average training loss: 1268.3484
cellbender:remove-background: [epoch 070] average test loss: 1296.7774
cellbender:remove-background: [epoch 071]  average training loss: 1269.3720
cellbender:remove-background: [epoch 072]  average training loss: 1271.1750
cellbender:remove-background: [epoch 073]  average training loss: 1270.2511
cellbender:remove-background: [epoch 074]  average training loss: 1267.0035
cellbender:remove-background: [epoch 075]  average training loss: 1261.8872
cellbender:remove-background: [epoch 075] average test loss: 1297.0239
cellbender:remove-background: [epoch 076]  average training loss: 1267.6349
cellbender:remove-background: [epoch 077]  average training loss: 1265.2112
cellbender:remove-background: [epoch 078]  average training loss: 1267.9651
cellbender:remove-background: [epoch 079]  average training loss: 1271.2176
cellbender:remove-background: [epoch 080]  average training loss: 1265.2749
cellbender:remove-background: [epoch 080] average test loss: 1293.2422
cellbender:remove-background: [epoch 081]  average training loss: 1268.1788
cellbender:remove-background: [epoch 082]  average training loss: 1265.5093
cellbender:remove-background: [epoch 083]  average training loss: 1267.8497
cellbender:remove-background: [epoch 084]  average training loss: 1264.6490
cellbender:remove-background: [epoch 085]  average training loss: 1267.2297
cellbender:remove-background: [epoch 085] average test loss: 1296.8589
slurmstepd: error: *** JOB 44656398 ON node058 CANCELLED AT 2026-02-01T13:19:48 ***
