Martian Runtime - v4.0.12
Serving UI at http://node062:40537?auth=ehkBA3yaeAmBDa23Aqq9sLPOXKcI-vYXfuRCoJkhhb0

Running preflight checks (please wait)...
Checking sample info...
Checking FASTQ folder...
Checking reference...
Checking reference_path (/net/vast-storage/scratch/vast/lhtsai/mabdel03/yard/references/human/refdata-gex-GRCh38-2020-A) on node062...
Checking read 1 length...
Checking optional arguments...
mro: v4.0.12
mrp: v4.0.12
Anaconda: Python 3.10.11
numpy: 1.24.3
scipy: 1.10.1
pysam: 0.21.0
h5py: 3.6.0
pandas: 2.1.4
STAR: 2.7.2a
samtools: samtools 1.16.1
2026-01-30 21:59:18 [runtime] (ready)           ID.11467746.SC_RNA_COUNTER_CS.SC_MULTI_CORE.MULTI_GEM_WELL_PROCESSOR.COUNT_GEM_WELL_PROCESSOR._BASIC_SC_RNA_COUNTER._MATRIX_COMPUTER.DISABLE_CORRECTION_FACTOR
2026-01-30 21:59:18 [runtime] (run:local)       ID.11467746.SC_RNA_COUNTER_CS.SC_MULTI_CORE.MULTI_GEM_WELL_PROCESSOR.COUNT_GEM_WELL_PROCESSOR._BASIC_SC_RNA_COUNTER._MATRIX_COMPUTER.DISABLE_CORRECTION_FACTOR.fork0.chnk0.main
2026-01-30 21:59:18 [runtime] (ready)           ID.11467746.SC_RNA_COUNTER_CS.SC_MULTI_CORE.MAKE_FULL_CONFIG._MAKE_VDJ_CONFIG
2026-01-30 21:59:18 [runtime] (run:local)       ID.11467746.SC_RNA_COUNTER_CS.SC_MULTI_CORE.MAKE_FULL_CONFIG._MAKE_VDJ_CONFIG.fork0.chnk0.main
2026-01-30 21:59:18 [runtime] (ready)           ID.11467746.SC_RNA_COUNTER_CS.COPY_CHEMISTRY_SPEC
2026-01-30 21:59:18 [runtime] (run:local)       ID.11467746.SC_RNA_COUNTER_CS.COPY_CHEMISTRY_SPEC.fork0.chnk0.main
2026-01-30 21:59:18 [runtime] (ready)           ID.11467746.SC_RNA_COUNTER_CS.SC_MULTI_CORE.SANITIZE_MAP_CALLS
2026-01-30 21:59:18 [runtime] (ready)           ID.11467746.SC_RNA_COUNTER_CS.SC_MULTI_CORE.SPLIT_VDJ_INPUTS
2026-01-30 21:59:18 [runtime] (ready)           ID.11467746.SC_RNA_COUNTER_CS.FULL_COUNT_INPUTS.WRITE_GENE_INDEX
2026-01-30 21:59:18 [runtime] (run:local)       ID.11467746.SC_RNA_COUNTER_CS.FULL_COUNT_INPUTS.WRITE_GENE_INDEX.fork0.chnk0.main
2026-01-30 21:59:18 [runtime] (ready)           ID.11467746.SC_RNA_COUNTER_CS.SC_MULTI_CORE.MULTI_CHEMISTRY_DETECTOR.CHECK_SINGLE_BEAM_MODE
2026-01-30 21:59:18 [runtime] (ready)           ID.11467746.SC_RNA_COUNTER_CS.WRITE_GENE_INDEX
2026-01-30 21:59:18 [runtime] (run:local)       ID.11467746.SC_RNA_COUNTER_CS.WRITE_GENE_INDEX.fork0.chnk0.main
2026-01-30 21:59:18 [runtime] (ready)           ID.11467746.SC_RNA_COUNTER_CS.SC_MULTI_CORE.COPY_VDJ_REFERENCE
2026-01-30 21:59:18 [runtime] (chunks_complete) ID.11467746.SC_RNA_COUNTER_CS.SC_MULTI_CORE.MULTI_GEM_WELL_PROCESSOR.COUNT_GEM_WELL_PROCESSOR._BASIC_SC_RNA_COUNTER._MATRIX_COMPUTER.DISABLE_CORRECTION_FACTOR
2026-01-30 21:59:18 [runtime] (ready)           ID.11467746.SC_RNA_COUNTER_CS.SC_MULTI_CORE.MULTI_GEM_WELL_PROCESSOR.COUNT_GEM_WELL_PROCESSOR._BASIC_SC_RNA_COUNTER._MATRIX_COMPUTER.COMPUTE_CORRECTION_FACTOR
2026-01-30 21:59:18 [runtime] (chunks_complete) ID.11467746.SC_RNA_COUNTER_CS.SC_MULTI_CORE.MAKE_FULL_CONFIG._MAKE_VDJ_CONFIG
2026-01-30 21:59:18 [runtime] (chunks_complete) ID.11467746.SC_RNA_COUNTER_CS.COPY_CHEMISTRY_SPEC
2026-01-30 21:59:18 [runtime] (ready)           ID.11467746.SC_RNA_COUNTER_CS.SC_MULTI_CORE.MULTI_GEM_WELL_PROCESSOR.VDJ_B_GEM_WELL_PROCESSOR.MULTI_SETUP_CHUNKS
2026-01-30 21:59:18 [runtime] (ready)           ID.11467746.SC_RNA_COUNTER_CS.SC_MULTI_CORE.MULTI_GEM_WELL_PROCESSOR.VDJ_T_GEM_WELL_PROCESSOR.SETUP_VDJ_DEMUX
2026-01-30 21:59:18 [runtime] (ready)           ID.11467746.SC_RNA_COUNTER_CS.SC_MULTI_CORE.MULTI_GEM_WELL_PROCESSOR.VDJ_B_GEM_WELL_PROCESSOR.SETUP_VDJ_DEMUX
2026-01-30 21:59:18 [runtime] (ready)           ID.11467746.SC_RNA_COUNTER_CS.SC_MULTI_CORE.MULTI_GEM_WELL_PROCESSOR.VDJ_T_GD_GEM_WELL_PROCESSOR.SETUP_VDJ_DEMUX
2026-01-30 21:59:18 [runtime] (ready)           ID.11467746.SC_RNA_COUNTER_CS.SC_MULTI_CORE.MULTI_CHEMISTRY_DETECTOR.DETECT_COUNT_CHEMISTRY
2026-01-30 21:59:18 [runtime] (run:local)       ID.11467746.SC_RNA_COUNTER_CS.SC_MULTI_CORE.MULTI_CHEMISTRY_DETECTOR.DETECT_COUNT_CHEMISTRY.fork0.chnk0.main
2026-01-30 21:59:18 [runtime] (ready)           ID.11467746.SC_RNA_COUNTER_CS.SC_MULTI_CORE.MULTI_GEM_WELL_PROCESSOR.VDJ_B_GEM_WELL_PROCESSOR.SC_VDJ_CONTIG_ASSEMBLER.MAKE_SHARD
2026-01-30 21:59:18 [runtime] (ready)           ID.11467746.SC_RNA_COUNTER_CS.SC_MULTI_CORE.MULTI_GEM_WELL_PROCESSOR.VDJ_T_GD_GEM_WELL_PROCESSOR.MULTI_SETUP_CHUNKS
2026-01-30 21:59:18 [runtime] (ready)           ID.11467746.SC_RNA_COUNTER_CS.SC_MULTI_CORE.MULTI_GEM_WELL_PROCESSOR.VDJ_T_GEM_WELL_PROCESSOR.MULTI_SETUP_CHUNKS
2026-01-30 21:59:19 [runtime] (ready)           ID.11467746.SC_RNA_COUNTER_CS.SC_MULTI_CORE.MULTI_GEM_WELL_PROCESSOR.VDJ_B_GEM_WELL_PROCESSOR.SC_VDJ_CONTIG_ASSEMBLER.BARCODE_CORRECTION
2026-01-30 21:59:19 [runtime] (ready)           ID.11467746.SC_RNA_COUNTER_CS.SC_MULTI_CORE.MULTI_GEM_WELL_PROCESSOR.VDJ_B_GEM_WELL_PROCESSOR.SC_VDJ_CONTIG_ASSEMBLER.RUST_BRIDGE
2026-01-30 21:59:19 [runtime] (ready)           ID.11467746.SC_RNA_COUNTER_CS.SC_MULTI_CORE.MULTI_GEM_WELL_PROCESSOR.VDJ_T_GD_GEM_WELL_PROCESSOR.SC_VDJ_CONTIG_ASSEMBLER.MAKE_SHARD
2026-01-30 21:59:19 [runtime] (ready)           ID.11467746.SC_RNA_COUNTER_CS.SC_MULTI_CORE.MULTI_GEM_WELL_PROCESSOR.VDJ_T_GEM_WELL_PROCESSOR.SC_VDJ_CONTIG_ASSEMBLER.MAKE_SHARD
2026-01-30 21:59:19 [runtime] (ready)           ID.11467746.SC_RNA_COUNTER_CS.SC_MULTI_CORE.MULTI_GEM_WELL_PROCESSOR.VDJ_B_GEM_WELL_PROCESSOR.SC_VDJ_CONTIG_ASSEMBLER.ASSEMBLE_VDJ
2026-01-30 21:59:19 [runtime] (ready)           ID.11467746.SC_RNA_COUNTER_CS.SC_MULTI_CORE.MULTI_GEM_WELL_PROCESSOR.VDJ_T_GD_GEM_WELL_PROCESSOR.SC_VDJ_CONTIG_ASSEMBLER.BARCODE_CORRECTION
2026-01-30 21:59:19 [runtime] (ready)           ID.11467746.SC_RNA_COUNTER_CS.SC_MULTI_CORE.MULTI_GEM_WELL_PROCESSOR.VDJ_T_GEM_WELL_PROCESSOR.SC_VDJ_CONTIG_ASSEMBLER.BARCODE_CORRECTION
2026-01-30 21:59:19 [runtime] (ready)           ID.11467746.SC_RNA_COUNTER_CS.SC_MULTI_CORE.MULTI_GEM_WELL_PROCESSOR.VDJ_B_GEM_WELL_PROCESSOR.SC_VDJ_CONTIG_ASSEMBLER.MERGE_METRICS
2026-01-30 21:59:19 [runtime] (ready)           ID.11467746.SC_RNA_COUNTER_CS.SC_MULTI_CORE.MULTI_GEM_WELL_PROCESSOR.VDJ_T_GEM_WELL_PROCESSOR.SC_VDJ_CONTIG_ASSEMBLER.RUST_BRIDGE
2026-01-30 21:59:19 [runtime] (ready)           ID.11467746.SC_RNA_COUNTER_CS.SC_MULTI_CORE.MULTI_GEM_WELL_PROCESSOR.VDJ_T_GD_GEM_WELL_PROCESSOR.SC_VDJ_CONTIG_ASSEMBLER.RUST_BRIDGE
2026-01-30 21:59:19 [runtime] (ready)           ID.11467746.SC_RNA_COUNTER_CS.SC_MULTI_CORE.MULTI_GEM_WELL_PROCESSOR.VDJ_T_GD_GEM_WELL_PROCESSOR.SC_VDJ_CONTIG_ASSEMBLER.ASSEMBLE_VDJ
2026-01-30 21:59:19 [runtime] (ready)           ID.11467746.SC_RNA_COUNTER_CS.SC_MULTI_CORE.MULTI_GEM_WELL_PROCESSOR.VDJ_T_GEM_WELL_PROCESSOR.SC_VDJ_CONTIG_ASSEMBLER.ASSEMBLE_VDJ
2026-01-30 21:59:19 [runtime] (ready)           ID.11467746.SC_RNA_COUNTER_CS.SC_MULTI_CORE.MULTI_GEM_WELL_PROCESSOR.VDJ_T_GD_GEM_WELL_PROCESSOR.SC_VDJ_CONTIG_ASSEMBLER.MERGE_METRICS
2026-01-30 21:59:19 [runtime] (ready)           ID.11467746.SC_RNA_COUNTER_CS.SC_MULTI_CORE.MULTI_GEM_WELL_PROCESSOR.VDJ_T_GEM_WELL_PROCESSOR.SC_VDJ_CONTIG_ASSEMBLER.MERGE_METRICS
2026-01-30 21:59:36 [runtime] (chunks_complete) ID.11467746.SC_RNA_COUNTER_CS.WRITE_GENE_INDEX
2026-01-30 21:59:36 [runtime] (chunks_complete) ID.11467746.SC_RNA_COUNTER_CS.FULL_COUNT_INPUTS.WRITE_GENE_INDEX
2026-01-30 21:59:36 [runtime] (ready)           ID.11467746.SC_RNA_COUNTER_CS.SC_MULTI_CORE.MULTI_GEM_WELL_PROCESSOR.COUNT_GEM_WELL_PROCESSOR.PARSE_TARGET_FEATURES
2026-01-30 21:59:36 [runtime] (run:local)       ID.11467746.SC_RNA_COUNTER_CS.SC_MULTI_CORE.MULTI_GEM_WELL_PROCESSOR.COUNT_GEM_WELL_PROCESSOR.PARSE_TARGET_FEATURES.fork0.chnk0.main
2026-01-30 21:59:37 [runtime] (chunks_complete) ID.11467746.SC_RNA_COUNTER_CS.SC_MULTI_CORE.MULTI_GEM_WELL_PROCESSOR.COUNT_GEM_WELL_PROCESSOR.PARSE_TARGET_FEATURES
2026-01-30 21:59:48 [runtime] (chunks_complete) ID.11467746.SC_RNA_COUNTER_CS.SC_MULTI_CORE.MULTI_CHEMISTRY_DETECTOR.DETECT_COUNT_CHEMISTRY
2026-01-30 21:59:48 [runtime] (ready)           ID.11467746.SC_RNA_COUNTER_CS.SC_MULTI_CORE.MULTI_GEM_WELL_PROCESSOR.MAKE_VDJ_FILTER_SWITCH
2026-01-30 21:59:48 [runtime] (run:local)       ID.11467746.SC_RNA_COUNTER_CS.SC_MULTI_CORE.MULTI_GEM_WELL_PROCESSOR.MAKE_VDJ_FILTER_SWITCH.fork0.chnk0.main
2026-01-30 21:59:48 [runtime] (ready)           ID.11467746.SC_RNA_COUNTER_CS.SC_MULTI_CORE.MULTI_GEM_WELL_PROCESSOR.COUNT_GEM_WELL_PROCESSOR.MULTI_SETUP_CHUNKS
2026-01-30 21:59:48 [runtime] (run:local)       ID.11467746.SC_RNA_COUNTER_CS.SC_MULTI_CORE.MULTI_GEM_WELL_PROCESSOR.COUNT_GEM_WELL_PROCESSOR.MULTI_SETUP_CHUNKS.fork0.chnk0.main
2026-01-30 21:59:48 [runtime] (ready)           ID.11467746.SC_RNA_COUNTER_CS.SC_MULTI_CORE.CREATE_MULTI_GRAPH
2026-01-30 21:59:48 [runtime] (ready)           ID.11467746.SC_RNA_COUNTER_CS.SC_MULTI_CORE.MULTI_CHEMISTRY_DETECTOR.CHECK_BARCODES_COMPATIBILITY
2026-01-30 21:59:48 [runtime] (run:local)       ID.11467746.SC_RNA_COUNTER_CS.SC_MULTI_CORE.MULTI_CHEMISTRY_DETECTOR.CHECK_BARCODES_COMPATIBILITY.fork0.chnk0.main
2026-01-30 21:59:48 [runtime] (chunks_complete) ID.11467746.SC_RNA_COUNTER_CS.SC_MULTI_CORE.MULTI_CHEMISTRY_DETECTOR.CHECK_BARCODES_COMPATIBILITY
2026-01-30 21:59:48 [runtime] (chunks_complete) ID.11467746.SC_RNA_COUNTER_CS.SC_MULTI_CORE.MULTI_GEM_WELL_PROCESSOR.COUNT_GEM_WELL_PROCESSOR.MULTI_SETUP_CHUNKS
2026-01-30 21:59:48 [runtime] (chunks_complete) ID.11467746.SC_RNA_COUNTER_CS.SC_MULTI_CORE.MULTI_GEM_WELL_PROCESSOR.MAKE_VDJ_FILTER_SWITCH
2026-01-30 21:59:48 [runtime] (ready)           ID.11467746.SC_RNA_COUNTER_CS.SC_MULTI_CORE.MULTI_GEM_WELL_PROCESSOR.COUNT_GEM_WELL_PROCESSOR._BASIC_SC_RNA_COUNTER._MATRIX_COMPUTER.MAKE_SHARD
2026-01-30 21:59:48 [runtime] (run:local)       ID.11467746.SC_RNA_COUNTER_CS.SC_MULTI_CORE.MULTI_GEM_WELL_PROCESSOR.COUNT_GEM_WELL_PROCESSOR._BASIC_SC_RNA_COUNTER._MATRIX_COMPUTER.MAKE_SHARD.fork0.split
2026-01-30 21:59:55 [runtime] (split_complete)  ID.11467746.SC_RNA_COUNTER_CS.SC_MULTI_CORE.MULTI_GEM_WELL_PROCESSOR.COUNT_GEM_WELL_PROCESSOR._BASIC_SC_RNA_COUNTER._MATRIX_COMPUTER.MAKE_SHARD
2026-01-30 21:59:55 [runtime] (run:local)       ID.11467746.SC_RNA_COUNTER_CS.SC_MULTI_CORE.MULTI_GEM_WELL_PROCESSOR.COUNT_GEM_WELL_PROCESSOR._BASIC_SC_RNA_COUNTER._MATRIX_COMPUTER.MAKE_SHARD.fork0.chnk0.main
2026-01-30 21:59:55 [runtime] (run:local)       ID.11467746.SC_RNA_COUNTER_CS.SC_MULTI_CORE.MULTI_GEM_WELL_PROCESSOR.COUNT_GEM_WELL_PROCESSOR._BASIC_SC_RNA_COUNTER._MATRIX_COMPUTER.MAKE_SHARD.fork0.chnk1.main
2026-01-30 21:59:55 [runtime] (run:local)       ID.11467746.SC_RNA_COUNTER_CS.SC_MULTI_CORE.MULTI_GEM_WELL_PROCESSOR.COUNT_GEM_WELL_PROCESSOR._BASIC_SC_RNA_COUNTER._MATRIX_COMPUTER.MAKE_SHARD.fork0.chnk2.main
2026-01-30 22:05:57 [runtime] (update)          ID.11467746.SC_RNA_COUNTER_CS.SC_MULTI_CORE.MULTI_GEM_WELL_PROCESSOR.COUNT_GEM_WELL_PROCESSOR._BASIC_SC_RNA_COUNTER._MATRIX_COMPUTER.MAKE_SHARD.fork0 chunks running (0/3 completed)
2026-01-30 22:09:01 [runtime] (failed)          ID.11467746.SC_RNA_COUNTER_CS.SC_MULTI_CORE.MULTI_GEM_WELL_PROCESSOR.COUNT_GEM_WELL_PROCESSOR._BASIC_SC_RNA_COUNTER._MATRIX_COMPUTER.MAKE_SHARD

[error] Pipestance failed. Error log at:
11467746/SC_RNA_COUNTER_CS/SC_MULTI_CORE/MULTI_GEM_WELL_PROCESSOR/COUNT_GEM_WELL_PROCESSOR/_BASIC_SC_RNA_COUNTER/_MATRIX_COMPUTER/MAKE_SHARD/fork0/chnk2-ua1427d702b/_errors

Log message:
Sequence and quality length mismatch: file: "/weka/scratch/scratch/Mon/mabdel03/Tsai_Data/FASTQs/11467746/D19-5976/HKM22DMXX/D19-5976_S17_L001_R2_001.fastq.gz", line: 294525228

Waiting 6 seconds for UI to do final refresh.
Pipestance failed. Use --noexit option to keep UI running after failure.

2026-01-30 22:09:07 Shutting down.
Saving pipestance info to "/om/scratch/Mon/mabdel03/Tsai_Data/Cellranger_Outputs/11467746/11467746.mri.tgz"
For assistance, upload this file to 10x Genomics by running:

cellranger upload <your_email> "/om/scratch/Mon/mabdel03/Tsai_Data/Cellranger_Outputs/11467746/11467746.mri.tgz"

