Martian Runtime - v4.0.12
Serving UI at http://node059:41703?auth=nfyVPM1sV_E8ZQNTjMbC0elI0riZUmP0jjusyeGX2Jw

Running preflight checks (please wait)...
Checking sample info...
Checking FASTQ folder...
Checking reference...
Checking reference_path (/net/vast-storage/scratch/vast/lhtsai/mabdel03/yard/references/human/refdata-gex-GRCh38-2020-A) on node059...
Checking read 1 length...
Checking optional arguments...
mro: v4.0.12
mrp: v4.0.12
Anaconda: Python 3.10.11
numpy: 1.24.3
scipy: 1.10.1
pysam: 0.21.0
h5py: 3.6.0
pandas: 2.1.4
STAR: 2.7.2a
samtools: samtools 1.16.1
2026-01-30 21:59:22 [runtime] (ready)           ID.11630705.SC_RNA_COUNTER_CS.SC_MULTI_CORE.MULTI_CHEMISTRY_DETECTOR.CHECK_SINGLE_BEAM_MODE
2026-01-30 21:59:22 [runtime] (ready)           ID.11630705.SC_RNA_COUNTER_CS.COPY_CHEMISTRY_SPEC
2026-01-30 21:59:22 [runtime] (run:local)       ID.11630705.SC_RNA_COUNTER_CS.COPY_CHEMISTRY_SPEC.fork0.chnk0.main
2026-01-30 21:59:22 [runtime] (ready)           ID.11630705.SC_RNA_COUNTER_CS.SC_MULTI_CORE.MAKE_FULL_CONFIG._MAKE_VDJ_CONFIG
2026-01-30 21:59:22 [runtime] (run:local)       ID.11630705.SC_RNA_COUNTER_CS.SC_MULTI_CORE.MAKE_FULL_CONFIG._MAKE_VDJ_CONFIG.fork0.chnk0.main
2026-01-30 21:59:22 [runtime] (ready)           ID.11630705.SC_RNA_COUNTER_CS.FULL_COUNT_INPUTS.WRITE_GENE_INDEX
2026-01-30 21:59:22 [runtime] (run:local)       ID.11630705.SC_RNA_COUNTER_CS.FULL_COUNT_INPUTS.WRITE_GENE_INDEX.fork0.chnk0.main
2026-01-30 21:59:22 [runtime] (ready)           ID.11630705.SC_RNA_COUNTER_CS.SC_MULTI_CORE.COPY_VDJ_REFERENCE
2026-01-30 21:59:22 [runtime] (ready)           ID.11630705.SC_RNA_COUNTER_CS.WRITE_GENE_INDEX
2026-01-30 21:59:22 [runtime] (run:local)       ID.11630705.SC_RNA_COUNTER_CS.WRITE_GENE_INDEX.fork0.chnk0.main
2026-01-30 21:59:22 [runtime] (ready)           ID.11630705.SC_RNA_COUNTER_CS.SC_MULTI_CORE.MULTI_GEM_WELL_PROCESSOR.COUNT_GEM_WELL_PROCESSOR._BASIC_SC_RNA_COUNTER._MATRIX_COMPUTER.DISABLE_CORRECTION_FACTOR
2026-01-30 21:59:22 [runtime] (run:local)       ID.11630705.SC_RNA_COUNTER_CS.SC_MULTI_CORE.MULTI_GEM_WELL_PROCESSOR.COUNT_GEM_WELL_PROCESSOR._BASIC_SC_RNA_COUNTER._MATRIX_COMPUTER.DISABLE_CORRECTION_FACTOR.fork0.chnk0.main
2026-01-30 21:59:22 [runtime] (ready)           ID.11630705.SC_RNA_COUNTER_CS.SC_MULTI_CORE.SPLIT_VDJ_INPUTS
2026-01-30 21:59:22 [runtime] (ready)           ID.11630705.SC_RNA_COUNTER_CS.SC_MULTI_CORE.SANITIZE_MAP_CALLS
2026-01-30 21:59:22 [runtime] (chunks_complete) ID.11630705.SC_RNA_COUNTER_CS.COPY_CHEMISTRY_SPEC
2026-01-30 21:59:22 [runtime] (chunks_complete) ID.11630705.SC_RNA_COUNTER_CS.SC_MULTI_CORE.MAKE_FULL_CONFIG._MAKE_VDJ_CONFIG
2026-01-30 21:59:22 [runtime] (ready)           ID.11630705.SC_RNA_COUNTER_CS.SC_MULTI_CORE.MULTI_CHEMISTRY_DETECTOR.DETECT_COUNT_CHEMISTRY
2026-01-30 21:59:22 [runtime] (run:local)       ID.11630705.SC_RNA_COUNTER_CS.SC_MULTI_CORE.MULTI_CHEMISTRY_DETECTOR.DETECT_COUNT_CHEMISTRY.fork0.chnk0.main
2026-01-30 21:59:22 [runtime] (ready)           ID.11630705.SC_RNA_COUNTER_CS.SC_MULTI_CORE.MULTI_GEM_WELL_PROCESSOR.VDJ_T_GEM_WELL_PROCESSOR.MULTI_SETUP_CHUNKS
2026-01-30 21:59:22 [runtime] (ready)           ID.11630705.SC_RNA_COUNTER_CS.SC_MULTI_CORE.MULTI_GEM_WELL_PROCESSOR.VDJ_T_GD_GEM_WELL_PROCESSOR.SETUP_VDJ_DEMUX
2026-01-30 21:59:22 [runtime] (ready)           ID.11630705.SC_RNA_COUNTER_CS.SC_MULTI_CORE.MULTI_GEM_WELL_PROCESSOR.VDJ_T_GEM_WELL_PROCESSOR.SETUP_VDJ_DEMUX
2026-01-30 21:59:22 [runtime] (ready)           ID.11630705.SC_RNA_COUNTER_CS.SC_MULTI_CORE.MULTI_GEM_WELL_PROCESSOR.VDJ_T_GD_GEM_WELL_PROCESSOR.MULTI_SETUP_CHUNKS
2026-01-30 21:59:22 [runtime] (ready)           ID.11630705.SC_RNA_COUNTER_CS.SC_MULTI_CORE.MULTI_GEM_WELL_PROCESSOR.VDJ_B_GEM_WELL_PROCESSOR.MULTI_SETUP_CHUNKS
2026-01-30 21:59:22 [runtime] (ready)           ID.11630705.SC_RNA_COUNTER_CS.SC_MULTI_CORE.MULTI_GEM_WELL_PROCESSOR.VDJ_B_GEM_WELL_PROCESSOR.SETUP_VDJ_DEMUX
2026-01-30 21:59:22 [runtime] (chunks_complete) ID.11630705.SC_RNA_COUNTER_CS.SC_MULTI_CORE.MULTI_GEM_WELL_PROCESSOR.COUNT_GEM_WELL_PROCESSOR._BASIC_SC_RNA_COUNTER._MATRIX_COMPUTER.DISABLE_CORRECTION_FACTOR
2026-01-30 21:59:22 [runtime] (ready)           ID.11630705.SC_RNA_COUNTER_CS.SC_MULTI_CORE.MULTI_GEM_WELL_PROCESSOR.VDJ_T_GEM_WELL_PROCESSOR.SC_VDJ_CONTIG_ASSEMBLER.MAKE_SHARD
2026-01-30 21:59:22 [runtime] (ready)           ID.11630705.SC_RNA_COUNTER_CS.SC_MULTI_CORE.MULTI_GEM_WELL_PROCESSOR.VDJ_B_GEM_WELL_PROCESSOR.SC_VDJ_CONTIG_ASSEMBLER.MAKE_SHARD
2026-01-30 21:59:22 [runtime] (ready)           ID.11630705.SC_RNA_COUNTER_CS.SC_MULTI_CORE.MULTI_GEM_WELL_PROCESSOR.VDJ_T_GD_GEM_WELL_PROCESSOR.SC_VDJ_CONTIG_ASSEMBLER.MAKE_SHARD
2026-01-30 21:59:22 [runtime] (ready)           ID.11630705.SC_RNA_COUNTER_CS.SC_MULTI_CORE.MULTI_GEM_WELL_PROCESSOR.COUNT_GEM_WELL_PROCESSOR._BASIC_SC_RNA_COUNTER._MATRIX_COMPUTER.COMPUTE_CORRECTION_FACTOR
2026-01-30 21:59:22 [runtime] (ready)           ID.11630705.SC_RNA_COUNTER_CS.SC_MULTI_CORE.MULTI_GEM_WELL_PROCESSOR.VDJ_B_GEM_WELL_PROCESSOR.SC_VDJ_CONTIG_ASSEMBLER.BARCODE_CORRECTION
2026-01-30 21:59:22 [runtime] (ready)           ID.11630705.SC_RNA_COUNTER_CS.SC_MULTI_CORE.MULTI_GEM_WELL_PROCESSOR.VDJ_T_GEM_WELL_PROCESSOR.SC_VDJ_CONTIG_ASSEMBLER.BARCODE_CORRECTION
2026-01-30 21:59:22 [runtime] (ready)           ID.11630705.SC_RNA_COUNTER_CS.SC_MULTI_CORE.MULTI_GEM_WELL_PROCESSOR.VDJ_T_GEM_WELL_PROCESSOR.SC_VDJ_CONTIG_ASSEMBLER.RUST_BRIDGE
2026-01-30 21:59:22 [runtime] (ready)           ID.11630705.SC_RNA_COUNTER_CS.SC_MULTI_CORE.MULTI_GEM_WELL_PROCESSOR.VDJ_T_GD_GEM_WELL_PROCESSOR.SC_VDJ_CONTIG_ASSEMBLER.BARCODE_CORRECTION
2026-01-30 21:59:22 [runtime] (ready)           ID.11630705.SC_RNA_COUNTER_CS.SC_MULTI_CORE.MULTI_GEM_WELL_PROCESSOR.VDJ_B_GEM_WELL_PROCESSOR.SC_VDJ_CONTIG_ASSEMBLER.RUST_BRIDGE
2026-01-30 21:59:22 [runtime] (ready)           ID.11630705.SC_RNA_COUNTER_CS.SC_MULTI_CORE.MULTI_GEM_WELL_PROCESSOR.VDJ_T_GEM_WELL_PROCESSOR.SC_VDJ_CONTIG_ASSEMBLER.ASSEMBLE_VDJ
2026-01-30 21:59:22 [runtime] (ready)           ID.11630705.SC_RNA_COUNTER_CS.SC_MULTI_CORE.MULTI_GEM_WELL_PROCESSOR.VDJ_T_GD_GEM_WELL_PROCESSOR.SC_VDJ_CONTIG_ASSEMBLER.RUST_BRIDGE
2026-01-30 21:59:22 [runtime] (ready)           ID.11630705.SC_RNA_COUNTER_CS.SC_MULTI_CORE.MULTI_GEM_WELL_PROCESSOR.VDJ_T_GEM_WELL_PROCESSOR.SC_VDJ_CONTIG_ASSEMBLER.MERGE_METRICS
2026-01-30 21:59:22 [runtime] (ready)           ID.11630705.SC_RNA_COUNTER_CS.SC_MULTI_CORE.MULTI_GEM_WELL_PROCESSOR.VDJ_B_GEM_WELL_PROCESSOR.SC_VDJ_CONTIG_ASSEMBLER.ASSEMBLE_VDJ
2026-01-30 21:59:22 [runtime] (ready)           ID.11630705.SC_RNA_COUNTER_CS.SC_MULTI_CORE.MULTI_GEM_WELL_PROCESSOR.VDJ_T_GD_GEM_WELL_PROCESSOR.SC_VDJ_CONTIG_ASSEMBLER.ASSEMBLE_VDJ
2026-01-30 21:59:22 [runtime] (ready)           ID.11630705.SC_RNA_COUNTER_CS.SC_MULTI_CORE.MULTI_GEM_WELL_PROCESSOR.VDJ_T_GD_GEM_WELL_PROCESSOR.SC_VDJ_CONTIG_ASSEMBLER.MERGE_METRICS
2026-01-30 21:59:22 [runtime] (ready)           ID.11630705.SC_RNA_COUNTER_CS.SC_MULTI_CORE.MULTI_GEM_WELL_PROCESSOR.VDJ_B_GEM_WELL_PROCESSOR.SC_VDJ_CONTIG_ASSEMBLER.MERGE_METRICS
2026-01-30 21:59:40 [runtime] (chunks_complete) ID.11630705.SC_RNA_COUNTER_CS.FULL_COUNT_INPUTS.WRITE_GENE_INDEX
2026-01-30 21:59:40 [runtime] (chunks_complete) ID.11630705.SC_RNA_COUNTER_CS.WRITE_GENE_INDEX
2026-01-30 21:59:40 [runtime] (ready)           ID.11630705.SC_RNA_COUNTER_CS.SC_MULTI_CORE.MULTI_GEM_WELL_PROCESSOR.COUNT_GEM_WELL_PROCESSOR.PARSE_TARGET_FEATURES
2026-01-30 21:59:40 [runtime] (run:local)       ID.11630705.SC_RNA_COUNTER_CS.SC_MULTI_CORE.MULTI_GEM_WELL_PROCESSOR.COUNT_GEM_WELL_PROCESSOR.PARSE_TARGET_FEATURES.fork0.chnk0.main
2026-01-30 21:59:41 [runtime] (chunks_complete) ID.11630705.SC_RNA_COUNTER_CS.SC_MULTI_CORE.MULTI_GEM_WELL_PROCESSOR.COUNT_GEM_WELL_PROCESSOR.PARSE_TARGET_FEATURES
2026-01-30 22:00:03 [runtime] (failed)          ID.11630705.SC_RNA_COUNTER_CS.SC_MULTI_CORE.MULTI_CHEMISTRY_DETECTOR.DETECT_COUNT_CHEMISTRY

[error] Pipestance failed. Error log at:
11630705/SC_RNA_COUNTER_CS/SC_MULTI_CORE/MULTI_CHEMISTRY_DETECTOR/DETECT_COUNT_CHEMISTRY/fork0/chnk0-u588a7d700a/_errors

Log message:
We detected conflicting chemistries for different set of input fastqs using Whitelist based filtering.
 -One of [SC5P-R2, SC3Pv2] is compatible with Sample D17-8794 in "/weka/scratch/scratch/Mon/mabdel03/Tsai_Data/FASTQs/11630705/D17-8794"
 -One of [SC3Pv3, SC3Pv3HT] is compatible with Sample D19-4800 in "/weka/scratch/scratch/Mon/mabdel03/Tsai_Data/FASTQs/11630705/D19-4800/10x-3877H"
 -One of [SC3Pv3, SC3Pv3HT] is compatible with Sample D19-4800 in "/weka/scratch/scratch/Mon/mabdel03/Tsai_Data/FASTQs/11630705/D19-4800/HL2TKDMXX"

Waiting 6 seconds for UI to do final refresh.
Pipestance failed. Use --noexit option to keep UI running after failure.

2026-01-30 22:00:09 Shutting down.
Saving pipestance info to "/om/scratch/Mon/mabdel03/Tsai_Data/Cellranger_Outputs/11630705/11630705.mri.tgz"
For assistance, upload this file to 10x Genomics by running:

cellranger upload <your_email> "/om/scratch/Mon/mabdel03/Tsai_Data/Cellranger_Outputs/11630705/11630705.mri.tgz"

